<?xml version="1.0" encoding="UTF-8"?>
<Metrics scope="junit" type="Project" date="2011-01-05" xmlns="http://metrics.sourceforge.net/2003/Metrics-First-Flat">
   <Cycle name="junit.framework et al" nodes="17" diameter="5">
      <Package>junit.framework</Package>
      <Package>org.junit.runner.manipulation</Package>
      <Package>org.junit.runner</Package>
      <Package>org.junit.internal.requests</Package>
      <Package>org.junit.internal.runners</Package>
      <Package>org.junit.internal</Package>
      <Package>org.junit.runner.notification</Package>
      <Package>org.junit</Package>
      <Package>org.junit.rules</Package>
      <Package>org.junit.runners.model</Package>
      <Package>org.junit.runners</Package>
      <Package>org.junit.internal.runners.model</Package>
      <Package>org.junit.internal.builders</Package>
      <Package>org.junit.internal.runners.statements</Package>
      <Package>org.junit.matchers</Package>
      <Package>junit.extensions</Package>
      <Package>junit.runner</Package>
   </Cycle>
   <Cycle name="org.junit.experimental.theories et al" nodes="2" diameter="1">
      <Package>org.junit.experimental.theories</Package>
      <Package>org.junit.experimental.theories.internal</Package>
   </Cycle>
   <Cycle name="junit.tests et al" nodes="3" diameter="2">
      <Package>junit.tests</Package>
      <Package>junit.tests.extensions</Package>
      <Package>junit.tests.framework</Package>
   </Cycle>
   <Cycle name="org.junit.tests.experimental.max et al" nodes="4" diameter="2">
      <Package>org.junit.tests.experimental.max</Package>
      <Package>org.junit.tests</Package>
      <Package>org.junit.tests.listening</Package>
      <Package>org.junit.tests.running.core</Package>
   </Cycle>
   <Metric id = "NORM" description ="Number of Overridden Methods">
      <Values per = "type" total = "58" avg = "0.102" stddev = "0.455" max = "6">
         <Value name="Listener" source ="Result.java" package ="org.junit.runner" value ="6"/>
         <Value name="RememberingListener" source ="MaxHistory.java" package ="org.junit.experimental.max" value ="4"/>
         <Value name="TextListener" source ="TextListener.java" package ="org.junit.internal" value ="4"/>
         <Value name="Theories" source ="Theories.java" package ="org.junit.experimental.theories" value ="3"/>
         <Value name="TemporaryFolder" source ="TemporaryFolder.java" package ="org.junit.rules" value ="2"/>
         <Value name="TornDown" source ="TestCaseTest.java" package ="junit.tests.framework" value ="2"/>
         <Value name="SubShadowing" source ="AnnotationTest.java" package ="org.junit.tests.running.methods" value ="2"/>
         <Value name="TestSetup" source ="TestSetup.java" package ="junit.extensions" value ="1"/>
         <Value name="ArrayComparisonFailure" source ="ArrayComparisonFailure.java" package ="org.junit.internal" value ="1"/>
         <Value name="AssumptionViolatedException" source ="AssumptionViolatedException.java" package ="org.junit.internal" value ="1"/>
         <Value name="ErrorCollector" source ="ErrorCollector.java" package ="org.junit.rules" value ="1"/>
         <Value name="TestName" source ="TestName.java" package ="org.junit.rules" value ="1"/>
         <Value name="Parameterized" source ="Parameterized.java" package ="org.junit.runners" value ="1"/>
         <Value name="MoneyTest" source ="MoneyTest.java" package ="junit.samples.money" value ="1"/>
         <Value name="ListTest" source ="ListTest.java" package ="junit.samples" value ="1"/>
         <Value name="SimpleTest" source ="SimpleTest.java" package ="junit.samples" value ="1"/>
         <Value name="SuccessTest" source ="ActiveTestTest.java" package ="junit.tests.extensions" value ="1"/>
         <Value name="TornDown" source ="ExtensionTest.java" package ="junit.tests.extensions" value ="1"/>
         <Value name="SuccessTest" source ="RepeatedTestTest.java" package ="junit.tests.extensions" value ="1"/>
         <Value name="Failure" source ="Failure.java" package ="junit.tests.framework" value ="1"/>
         <Value name="OverrideTestCase" source ="OverrideTestCase.java" package ="junit.tests.framework" value ="1"/>
         <Value name="Success" source ="Success.java" package ="junit.tests.framework" value ="1"/>
         <Value name="SuiteTest" source ="SuiteTest.java" package ="junit.tests.framework" value ="1"/>
         <Value name="TestListenerTest" source ="TestListenerTest.java" package ="junit.tests.framework" value ="1"/>
         <Value name="StackFilterTest" source ="StackFilterTest.java" package ="junit.tests.runner" value ="1"/>
         <Value name="TextFeedbackTest" source ="TextFeedbackTest.java" package ="junit.tests.runner" value ="1"/>
         <Value name="TestResultPrinter" source ="TextFeedbackTest.java" package ="junit.tests.runner" value ="1"/>
         <Value name="WasRun" source ="WasRun.java" package ="junit.tests" value ="1"/>
         <Value name="Counter" source ="ClassRulesTest.java" package ="org.junit.tests.experimental.rules" value ="1"/>
         <Value name="StubbedTheories" source ="StubbedTheories.java" package ="org.junit.tests.experimental.theories.extendingwithstubs" value ="1"/>
         <Value name="StubbedTheoryAnchor" source ="StubbedTheories.java" package ="org.junit.tests.experimental.theories.extendingwithstubs" value ="1"/>
         <Value name="TestResultPrinter" source ="ForwardCompatibilityPrintingTest.java" package ="org.junit.tests.junit3compatibility" value ="1"/>
         <Value name="MarkerRunner" source ="ForwardCompatibilityTest.java" package ="org.junit.tests.junit3compatibility" value ="1"/>
         <Value name="MyListener" source ="RunnerTest.java" package ="org.junit.tests.listening" value ="1"/>
         <Value name="ErrorListener" source ="TestListenerTest.java" package ="org.junit.tests.listening" value ="1"/>
         <Value name="ExceptionListener" source ="TestListenerTest.java" package ="org.junit.tests.listening" value ="1"/>
         <Value name="TextListenerTest" source ="TextListenerTest.java" package ="org.junit.tests.listening" value ="1"/>
         <Value name="ExampleRunner" source ="RunWithTest.java" package ="org.junit.tests.running.classes" value ="1"/>
         <Value name="AnnotationTest" source ="AnnotationTest.java" package ="org.junit.tests.running.methods" value ="1"/>
         <Value name="SubTest" source ="AnnotationTest.java" package ="org.junit.tests.running.methods" value ="1"/>
         <Value name="SubShadows" source ="ParameterizedTestMethodTest.java" package ="org.junit.tests.running.methods" value ="1"/>
         <Value name="SubShadows" source ="TestMethodTest.java" package ="org.junit.tests.running.methods" value ="1"/>
         <Value name="ActiveTestSuite" source ="ActiveTestSuite.java" package ="junit.extensions" value ="0"/>
         <Value name="RepeatedTest" source ="RepeatedTest.java" package ="junit.extensions" value ="0"/>
         <Value name="TestDecorator" source ="TestDecorator.java" package ="junit.extensions" value ="0"/>
         <Value name="Assert" source ="Assert.java" package ="junit.framework" value ="0"/>
         <Value name="AssertionFailedError" source ="AssertionFailedError.java" package ="junit.framework" value ="0"/>
         <Value name="ComparisonCompactor" source ="ComparisonCompactor.java" package ="junit.framework" value ="0"/>
         <Value name="ComparisonFailure" source ="ComparisonFailure.java" package ="junit.framework" value ="0"/>
         <Value name="JUnit4TestAdapter" source ="JUnit4TestAdapter.java" package ="junit.framework" value ="0"/>
         <Value name="JUnit4TestAdapterCache" source ="JUnit4TestAdapterCache.java" package ="junit.framework" value ="0"/>
         <Value name="JUnit4TestCaseFacade" source ="JUnit4TestCaseFacade.java" package ="junit.framework" value ="0"/>
         <Value name="TestCase" source ="TestCase.java" package ="junit.framework" value ="0"/>
         <Value name="TestFailure" source ="TestFailure.java" package ="junit.framework" value ="0"/>
         <Value name="TestResult" source ="TestResult.java" package ="junit.framework" value ="0"/>
         <Value name="TestSuite" source ="TestSuite.java" package ="junit.framework" value ="0"/>
         <Value name="BaseTestRunner" source ="BaseTestRunner.java" package ="junit.runner" value ="0"/>
         <Value name="Version" source ="Version.java" package ="junit.runner" value ="0"/>
         <Value name="ResultPrinter" source ="ResultPrinter.java" package ="junit.textui" value ="0"/>
         <Value name="TestRunner" source ="TestRunner.java" package ="junit.textui" value ="0"/>
         <Value name="Categories" source ="Categories.java" package ="org.junit.experimental.categories" value ="0"/>
         <Value name="IncludeCategory" source ="Categories.java" package ="org.junit.experimental.categories" value ="0"/>
         <Value name="CouldNotReadCoreException" source ="CouldNotReadCoreException.java" package ="org.junit.experimental.max" value ="0"/>
         <Value name="MaxCore" source ="MaxCore.java" package ="org.junit.experimental.max" value ="0"/>
         <Value name="MaxHistory" source ="MaxHistory.java" package ="org.junit.experimental.max" value ="0"/>
         <Value name="TestComparator" source ="MaxHistory.java" package ="org.junit.experimental.max" value ="0"/>
         <Value name="FailureList" source ="FailureList.java" package ="org.junit.experimental.results" value ="0"/>
         <Value name="PrintableResult" source ="PrintableResult.java" package ="org.junit.experimental.results" value ="0"/>
         <Value name="ResultMatchers" source ="ResultMatchers.java" package ="org.junit.experimental.results" value ="0"/>
         <Value name="Enclosed" source ="Enclosed.java" package ="org.junit.experimental.runners" value ="0"/>
         <Value name="Listed" source ="Listed.java" package ="org.junit.experimental.runners" value ="0"/>
         <Value name="SuiteBuilder" source ="SuiteBuilder.java" package ="org.junit.experimental.runners" value ="0"/>
         <Value name="AllMembersSupplier" source ="AllMembersSupplier.java" package ="org.junit.experimental.theories.internal" value ="0"/>
         <Value name="MethodParameterValue" source ="AllMembersSupplier.java" package ="org.junit.experimental.theories.internal" value ="0"/>
         <Value name="Assignments" source ="Assignments.java" package ="org.junit.experimental.theories.internal" value ="0"/>
         <Value name="ParameterizedAssertionError" source ="ParameterizedAssertionError.java" package ="org.junit.experimental.theories.internal" value ="0"/>
         <Value name="TestedOnSupplier" source ="TestedOnSupplier.java" package ="org.junit.experimental.theories.suppliers" value ="0"/>
         <Value name="ParameterSignature" source ="ParameterSignature.java" package ="org.junit.experimental.theories" value ="0"/>
         <Value name="ParameterSupplier" source ="ParameterSupplier.java" package ="org.junit.experimental.theories" value ="0"/>
         <Value name="PotentialAssignment" source ="PotentialAssignment.java" package ="org.junit.experimental.theories" value ="0"/>
         <Value name="CouldNotGenerateValueException" source ="PotentialAssignment.java" package ="org.junit.experimental.theories" value ="0"/>
         <Value name="TheoryAnchor" source ="Theories.java" package ="org.junit.experimental.theories" value ="0"/>
         <Value name="ParallelComputer" source ="ParallelComputer.java" package ="org.junit.experimental" value ="0"/>
         <Value name="AllDefaultPossibilitiesBuilder" source ="AllDefaultPossibilitiesBuilder.java" package ="org.junit.internal.builders" value ="0"/>
         <Value name="AnnotatedBuilder" source ="AnnotatedBuilder.java" package ="org.junit.internal.builders" value ="0"/>
         <Value name="IgnoredBuilder" source ="IgnoredBuilder.java" package ="org.junit.internal.builders" value ="0"/>
         <Value name="IgnoredClassRunner" source ="IgnoredClassRunner.java" package ="org.junit.internal.builders" value ="0"/>
         <Value name="JUnit3Builder" source ="JUnit3Builder.java" package ="org.junit.internal.builders" value ="0"/>
         <Value name="JUnit4Builder" source ="JUnit4Builder.java" package ="org.junit.internal.builders" value ="0"/>
         <Value name="NullBuilder" source ="NullBuilder.java" package ="org.junit.internal.builders" value ="0"/>
         <Value name="SuiteMethodBuilder" source ="SuiteMethodBuilder.java" package ="org.junit.internal.builders" value ="0"/>
         <Value name="CombinableMatcher" source ="CombinableMatcher.java" package ="org.junit.internal.matchers" value ="0"/>
         <Value name="Each" source ="Each.java" package ="org.junit.internal.matchers" value ="0"/>
         <Value name="IsCollectionContaining" source ="IsCollectionContaining.java" package ="org.junit.internal.matchers" value ="0"/>
         <Value name="StringContains" source ="StringContains.java" package ="org.junit.internal.matchers" value ="0"/>
         <Value name="SubstringMatcher" source ="SubstringMatcher.java" package ="org.junit.internal.matchers" value ="0"/>
         <Value name="TypeSafeMatcher" source ="TypeSafeMatcher.java" package ="org.junit.internal.matchers" value ="0"/>
         <Value name="ClassRequest" source ="ClassRequest.java" package ="org.junit.internal.requests" value ="0"/>
         <Value name="FilterRequest" source ="FilterRequest.java" package ="org.junit.internal.requests" value ="0"/>
         <Value name="SortingRequest" source ="SortingRequest.java" package ="org.junit.internal.requests" value ="0"/>
         <Value name="EachTestNotifier" source ="EachTestNotifier.java" package ="org.junit.internal.runners.model" value ="0"/>
         <Value name="MultipleFailureException" source ="MultipleFailureException.java" package ="org.junit.internal.runners.model" value ="0"/>
         <Value name="ReflectiveCallable" source ="ReflectiveCallable.java" package ="org.junit.internal.runners.model" value ="0"/>
         <Value name="ExpectException" source ="ExpectException.java" package ="org.junit.internal.runners.statements" value ="0"/>
         <Value name="Fail" source ="Fail.java" package ="org.junit.internal.runners.statements" value ="0"/>
         <Value name="FailOnTimeout" source ="FailOnTimeout.java" package ="org.junit.internal.runners.statements" value ="0"/>
         <Value name="InvokeMethod" source ="InvokeMethod.java" package ="org.junit.internal.runners.statements" value ="0"/>
         <Value name="RunAfters" source ="RunAfters.java" package ="org.junit.internal.runners.statements" value ="0"/>
         <Value name="RunBefores" source ="RunBefores.java" package ="org.junit.internal.runners.statements" value ="0"/>
         <Value name="ClassRoadie" source ="ClassRoadie.java" package ="org.junit.internal.runners" value ="0"/>
         <Value name="ErrorReportingRunner" source ="ErrorReportingRunner.java" package ="org.junit.internal.runners" value ="0"/>
         <Value name="FailedBefore" source ="FailedBefore.java" package ="org.junit.internal.runners" value ="0"/>
         <Value name="InitializationError" source ="InitializationError.java" package ="org.junit.internal.runners" value ="0"/>
         <Value name="JUnit38ClassRunner" source ="JUnit38ClassRunner.java" package ="org.junit.internal.runners" value ="0"/>
         <Value name="OldTestClassAdaptingListener" source ="JUnit38ClassRunner.java" package ="org.junit.internal.runners" value ="0"/>
         <Value name="JUnit4ClassRunner" source ="JUnit4ClassRunner.java" package ="org.junit.internal.runners" value ="0"/>
         <Value name="MethodRoadie" source ="MethodRoadie.java" package ="org.junit.internal.runners" value ="0"/>
         <Value name="MethodValidator" source ="MethodValidator.java" package ="org.junit.internal.runners" value ="0"/>
         <Value name="SuiteMethod" source ="SuiteMethod.java" package ="org.junit.internal.runners" value ="0"/>
         <Value name="TestClass" source ="TestClass.java" package ="org.junit.internal.runners" value ="0"/>
         <Value name="TestMethod" source ="TestMethod.java" package ="org.junit.internal.runners" value ="0"/>
         <Value name="ComparisonCriteria" source ="ComparisonCriteria.java" package ="org.junit.internal" value ="0"/>
         <Value name="ExactComparisonCriteria" source ="ExactComparisonCriteria.java" package ="org.junit.internal" value ="0"/>
         <Value name="InexactComparisonCriteria" source ="InexactComparisonCriteria.java" package ="org.junit.internal" value ="0"/>
         <Value name="RealSystem" source ="RealSystem.java" package ="org.junit.internal" value ="0"/>
         <Value name="JUnitMatchers" source ="JUnitMatchers.java" package ="org.junit.matchers" value ="0"/>
         <Value name="ExpectedException" source ="ExpectedException.java" package ="org.junit.rules" value ="0"/>
         <Value name="ExpectedExceptionStatement" source ="ExpectedException.java" package ="org.junit.rules" value ="0"/>
         <Value name="ExternalResource" source ="ExternalResource.java" package ="org.junit.rules" value ="0"/>
         <Value name="TestWatcher" source ="TestWatcher.java" package ="org.junit.rules" value ="0"/>
         <Value name="TestWatchman" source ="TestWatchman.java" package ="org.junit.rules" value ="0"/>
         <Value name="Timeout" source ="Timeout.java" package ="org.junit.rules" value ="0"/>
         <Value name="Verifier" source ="Verifier.java" package ="org.junit.rules" value ="0"/>
         <Value name="Filter" source ="Filter.java" package ="org.junit.runner.manipulation" value ="0"/>
         <Value name="NoTestsRemainException" source ="NoTestsRemainException.java" package ="org.junit.runner.manipulation" value ="0"/>
         <Value name="Sorter" source ="Sorter.java" package ="org.junit.runner.manipulation" value ="0"/>
         <Value name="Failure" source ="Failure.java" package ="org.junit.runner.notification" value ="0"/>
         <Value name="RunListener" source ="RunListener.java" package ="org.junit.runner.notification" value ="0"/>
         <Value name="RunNotifier" source ="RunNotifier.java" package ="org.junit.runner.notification" value ="0"/>
         <Value name="SafeNotifier" source ="RunNotifier.java" package ="org.junit.runner.notification" value ="0"/>
         <Value name="StoppedByUserException" source ="StoppedByUserException.java" package ="org.junit.runner.notification" value ="0"/>
         <Value name="FrameworkField" source ="FrameworkField.java" package ="org.junit.runners.model" value ="0"/>
         <Value name="FrameworkMember" source ="FrameworkMember.java" package ="org.junit.runners.model" value ="0"/>
         <Value name="FrameworkMethod" source ="FrameworkMethod.java" package ="org.junit.runners.model" value ="0"/>
         <Value name="InitializationError" source ="InitializationError.java" package ="org.junit.runners.model" value ="0"/>
         <Value name="RunnerBuilder" source ="RunnerBuilder.java" package ="org.junit.runners.model" value ="0"/>
         <Value name="Statement" source ="Statement.java" package ="org.junit.runners.model" value ="0"/>
         <Value name="TestClass" source ="TestClass.java" package ="org.junit.runners.model" value ="0"/>
         <Value name="AllTests" source ="AllTests.java" package ="org.junit.runners" value ="0"/>
         <Value name="BlockJUnit4ClassRunner" source ="BlockJUnit4ClassRunner.java" package ="org.junit.runners" value ="0"/>
         <Value name="JUnit4" source ="JUnit4.java" package ="org.junit.runners" value ="0"/>
         <Value name="Parameters" source ="Parameterized.java" package ="org.junit.runners" value ="0"/>
         <Value name="ParentRunner" source ="ParentRunner.java" package ="org.junit.runners" value ="0"/>
         <Value name="Suite" source ="Suite.java" package ="org.junit.runners" value ="0"/>
         <Value name="Computer" source ="Computer.java" package ="org.junit.runner" value ="0"/>
         <Value name="Description" source ="Description.java" package ="org.junit.runner" value ="0"/>
         <Value name="JUnitCore" source ="JUnitCore.java" package ="org.junit.runner" value ="0"/>
         <Value name="Request" source ="Request.java" package ="org.junit.runner" value ="0"/>
         <Value name="Result" source ="Result.java" package ="org.junit.runner" value ="0"/>
         <Value name="Runner" source ="Runner.java" package ="org.junit.runner" value ="0"/>
         <Value name="Assert" source ="Assert.java" package ="org.junit" value ="0"/>
         <Value name="Assume" source ="Assume.java" package ="org.junit" value ="0"/>
         <Value name="ComparisonFailure" source ="ComparisonFailure.java" package ="org.junit" value ="0"/>
         <Value name="ComparisonCompactor" source ="ComparisonFailure.java" package ="org.junit" value ="0"/>
         <Value name="Money" source ="Money.java" package ="junit.samples.money" value ="0"/>
         <Value name="MoneyBag" source ="MoneyBag.java" package ="junit.samples.money" value ="0"/>
         <Value name="AllTests" source ="AllTests.java" package ="junit.samples" value ="0"/>
         <Value name="ActiveTestTest" source ="ActiveTestTest.java" package ="junit.tests.extensions" value ="0"/>
         <Value name="AllTests" source ="AllTests.java" package ="junit.tests.extensions" value ="0"/>
         <Value name="ExtensionTest" source ="ExtensionTest.java" package ="junit.tests.extensions" value ="0"/>
         <Value name="RepeatedTestTest" source ="RepeatedTestTest.java" package ="junit.tests.extensions" value ="0"/>
         <Value name="AllTests" source ="AllTests.java" package ="junit.tests.framework" value ="0"/>
         <Value name="AssertTest" source ="AssertTest.java" package ="junit.tests.framework" value ="0"/>
         <Value name="ComparisonCompactorTest" source ="ComparisonCompactorTest.java" package ="junit.tests.framework" value ="0"/>
         <Value name="ComparisonFailureTest" source ="ComparisonFailureTest.java" package ="junit.tests.framework" value ="0"/>
         <Value name="DoublePrecisionAssertTest" source ="DoublePrecisionAssertTest.java" package ="junit.tests.framework" value ="0"/>
         <Value name="FloatAssertTest" source ="FloatAssertTest.java" package ="junit.tests.framework" value ="0"/>
         <Value name="InheritedTestCase" source ="InheritedTestCase.java" package ="junit.tests.framework" value ="0"/>
         <Value name="NoArgTestCaseTest" source ="NoArgTestCaseTest.java" package ="junit.tests.framework" value ="0"/>
         <Value name="NoTestCaseClass" source ="NoTestCaseClass.java" package ="junit.tests.framework" value ="0"/>
         <Value name="NoTestCases" source ="NoTestCases.java" package ="junit.tests.framework" value ="0"/>
         <Value name="NotPublicTestCase" source ="NotPublicTestCase.java" package ="junit.tests.framework" value ="0"/>
         <Value name="NotVoidTestCase" source ="NotVoidTestCase.java" package ="junit.tests.framework" value ="0"/>
         <Value name="OneTestCase" source ="OneTestCase.java" package ="junit.tests.framework" value ="0"/>
         <Value name="TestCaseTest" source ="TestCaseTest.java" package ="junit.tests.framework" value ="0"/>
         <Value name="TestImplementorTest" source ="TestImplementorTest.java" package ="junit.tests.framework" value ="0"/>
         <Value name="DoubleTestCase" source ="TestImplementorTest.java" package ="junit.tests.framework" value ="0"/>
         <Value name="ThreeTestCases" source ="ThreeTestCases.java" package ="junit.tests.framework" value ="0"/>
         <Value name="AllTests" source ="AllTests.java" package ="junit.tests.runner" value ="0"/>
         <Value name="BaseTestRunnerTest" source ="BaseTestRunnerTest.java" package ="junit.tests.runner" value ="0"/>
         <Value name="DoesntExtendTestCase" source ="BaseTestRunnerTest.java" package ="junit.tests.runner" value ="0"/>
         <Value name="MockRunner" source ="BaseTestRunnerTest.java" package ="junit.tests.runner" value ="0"/>
         <Value name="NonStatic" source ="BaseTestRunnerTest.java" package ="junit.tests.runner" value ="0"/>
         <Value name="TextRunnerSingleMethodTest" source ="TextRunnerSingleMethodTest.java" package ="junit.tests.runner" value ="0"/>
         <Value name="InvocationTest" source ="TextRunnerSingleMethodTest.java" package ="junit.tests.runner" value ="0"/>
         <Value name="TextRunnerTest" source ="TextRunnerTest.java" package ="junit.tests.runner" value ="0"/>
         <Value name="AllTests" source ="AllTests.java" package ="junit.tests" value ="0"/>
         <Value name="MoneyTest" source ="MoneyTest.java" package ="org.junit.samples.money" value ="0"/>
         <Value name="ListTest" source ="ListTest.java" package ="org.junit.samples" value ="0"/>
         <Value name="SimpleTest" source ="SimpleTest.java" package ="org.junit.samples" value ="0"/>
         <Value name="AssertionTest" source ="AssertionTest.java" package ="org.junit.tests.assertion" value ="0"/>
         <Value name="BothTest" source ="BothTest.java" package ="org.junit.tests.assertion" value ="0"/>
         <Value name="EachTest" source ="EachTest.java" package ="org.junit.tests.assertion" value ="0"/>
         <Value name="JUnit4ClassRunnerTest" source ="JUnit4ClassRunnerTest.java" package ="org.junit.tests.deprecated" value ="0"/>
         <Value name="Example" source ="JUnit4ClassRunnerTest.java" package ="org.junit.tests.deprecated" value ="0"/>
         <Value name="UnconstructableExample" source ="JUnit4ClassRunnerTest.java" package ="org.junit.tests.deprecated" value ="0"/>
         <Value name="AnnotatedDescriptionTest" source ="AnnotatedDescriptionTest.java" package ="org.junit.tests.description" value ="0"/>
         <Value name="AnnotatedClass" source ="AnnotatedDescriptionTest.java" package ="org.junit.tests.description" value ="0"/>
         <Value name="IgnoredClass" source ="AnnotatedDescriptionTest.java" package ="org.junit.tests.description" value ="0"/>
         <Value name="MyOwnAnnotation" source ="AnnotatedDescriptionTest.java" package ="org.junit.tests.description" value ="0"/>
         <Value name="SuiteDescriptionTest" source ="SuiteDescriptionTest.java" package ="org.junit.tests.description" value ="0"/>
         <Value name="TestDescriptionTest" source ="TestDescriptionTest.java" package ="org.junit.tests.description" value ="0"/>
         <Value name="CategoriesAndParameterizedTest" source ="CategoriesAndParameterizedTest.java" package ="org.junit.tests.experimental.categories" value ="0"/>
         <Value name="ParameterTokenSuiteMalformed" source ="CategoriesAndParameterizedTest.java" package ="org.junit.tests.experimental.categories" value ="0"/>
         <Value name="ParameterTokenSuiteMalformedAndSwapped" source ="CategoriesAndParameterizedTest.java" package ="org.junit.tests.experimental.categories" value ="0"/>
         <Value name="ParameterTokenSuiteWellFormed" source ="CategoriesAndParameterizedTest.java" package ="org.junit.tests.experimental.categories" value ="0"/>
         <Value name="ParameterizedTestWithAttemptedMethodCategory" source ="CategoriesAndParameterizedTest.java" package ="org.junit.tests.experimental.categories" value ="0"/>
         <Value name="Token" source ="CategoriesAndParameterizedTest.java" package ="org.junit.tests.experimental.categories" value ="0"/>
         <Value name="VanillaCategorizedJUnitTest" source ="CategoriesAndParameterizedTest.java" package ="org.junit.tests.experimental.categories" value ="0"/>
         <Value name="WellBehavedParameterizedTest" source ="CategoriesAndParameterizedTest.java" package ="org.junit.tests.experimental.categories" value ="0"/>
         <Value name="CategoryTest" source ="CategoryTest.java" package ="org.junit.tests.experimental.categories" value ="0"/>
         <Value name="A" source ="CategoryTest.java" package ="org.junit.tests.experimental.categories" value ="0"/>
         <Value name="B" source ="CategoryTest.java" package ="org.junit.tests.experimental.categories" value ="0"/>
         <Value name="C" source ="CategoryTest.java" package ="org.junit.tests.experimental.categories" value ="0"/>
         <Value name="Category1" source ="CategoryTest.java" package ="org.junit.tests.experimental.categories" value ="0"/>
         <Value name="Category2" source ="CategoryTest.java" package ="org.junit.tests.experimental.categories" value ="0"/>
         <Value name="ChooseSlowFromBoth" source ="CategoryTest.java" package ="org.junit.tests.experimental.categories" value ="0"/>
         <Value name="ClassAsCategory" source ="CategoryTest.java" package ="org.junit.tests.experimental.categories" value ="0"/>
         <Value name="IncludeAndExcludeSuite" source ="CategoryTest.java" package ="org.junit.tests.experimental.categories" value ="0"/>
         <Value name="JustA" source ="CategoryTest.java" package ="org.junit.tests.experimental.categories" value ="0"/>
         <Value name="OneFast" source ="CategoryTest.java" package ="org.junit.tests.experimental.categories" value ="0"/>
         <Value name="OneFastOneSlow" source ="CategoryTest.java" package ="org.junit.tests.experimental.categories" value ="0"/>
         <Value name="OneFastSuite" source ="CategoryTest.java" package ="org.junit.tests.experimental.categories" value ="0"/>
         <Value name="OneMoreTest" source ="CategoryTest.java" package ="org.junit.tests.experimental.categories" value ="0"/>
         <Value name="OneThatIsBothFastAndSlow" source ="CategoryTest.java" package ="org.junit.tests.experimental.categories" value ="0"/>
         <Value name="OneVerySlowTest" source ="CategoryTest.java" package ="org.junit.tests.experimental.categories" value ="0"/>
         <Value name="RunClassAsCategory" source ="CategoryTest.java" package ="org.junit.tests.experimental.categories" value ="0"/>
         <Value name="RunSlowFromVerySlow" source ="CategoryTest.java" package ="org.junit.tests.experimental.categories" value ="0"/>
         <Value name="SlowTestSuite" source ="CategoryTest.java" package ="org.junit.tests.experimental.categories" value ="0"/>
         <Value name="SomeAreSlow" source ="CategoryTest.java" package ="org.junit.tests.experimental.categories" value ="0"/>
         <Value name="SomeAreSlowSuite" source ="CategoryTest.java" package ="org.junit.tests.experimental.categories" value ="0"/>
         <Value name="TestSuiteWithNoCategories" source ="CategoryTest.java" package ="org.junit.tests.experimental.categories" value ="0"/>
         <Value name="DescriptionTest" source ="DescriptionTest.java" package ="org.junit.tests.experimental.max" value ="0"/>
         <Value name="JUnit38SortingTest" source ="JUnit38SortingTest.java" package ="org.junit.tests.experimental.max" value ="0"/>
         <Value name="JUnit38Test" source ="JUnit38SortingTest.java" package ="org.junit.tests.experimental.max" value ="0"/>
         <Value name="JUnit4Test" source ="JUnit38SortingTest.java" package ="org.junit.tests.experimental.max" value ="0"/>
         <Value name="MaxStarterTest" source ="MaxStarterTest.java" package ="org.junit.tests.experimental.max" value ="0"/>
         <Value name="HalfMalformedJUnit38TestMethod" source ="MaxStarterTest.java" package ="org.junit.tests.experimental.max" value ="0"/>
         <Value name="MalformedJUnit38Test" source ="MaxStarterTest.java" package ="org.junit.tests.experimental.max" value ="0"/>
         <Value name="MalformedJUnit38TestMethod" source ="MaxStarterTest.java" package ="org.junit.tests.experimental.max" value ="0"/>
         <Value name="TwoOldTests" source ="MaxStarterTest.java" package ="org.junit.tests.experimental.max" value ="0"/>
         <Value name="TwoTests" source ="MaxStarterTest.java" package ="org.junit.tests.experimental.max" value ="0"/>
         <Value name="TwoUnEqualTests" source ="MaxStarterTest.java" package ="org.junit.tests.experimental.max" value ="0"/>
         <Value name="ParallelClassTest" source ="ParallelClassTest.java" package ="org.junit.tests.experimental.parallel" value ="0"/>
         <Value name="Example1" source ="ParallelClassTest.java" package ="org.junit.tests.experimental.parallel" value ="0"/>
         <Value name="Example2" source ="ParallelClassTest.java" package ="org.junit.tests.experimental.parallel" value ="0"/>
         <Value name="ExampleSuite" source ="ParallelClassTest.java" package ="org.junit.tests.experimental.parallel" value ="0"/>
         <Value name="ParallelMethodTest" source ="ParallelMethodTest.java" package ="org.junit.tests.experimental.parallel" value ="0"/>
         <Value name="Example" source ="ParallelMethodTest.java" package ="org.junit.tests.experimental.parallel" value ="0"/>
         <Value name="PrintableResultTest" source ="PrintableResultTest.java" package ="org.junit.tests.experimental.results" value ="0"/>
         <Value name="ResultMatchersTest" source ="ResultMatchersTest.java" package ="org.junit.tests.experimental.results" value ="0"/>
         <Value name="ClassRulesTest" source ="ClassRulesTest.java" package ="org.junit.tests.experimental.rules" value ="0"/>
         <Value name="CustomCounter" source ="ClassRulesTest.java" package ="org.junit.tests.experimental.rules" value ="0"/>
         <Value name="ExampleTestWithClassRule" source ="ClassRulesTest.java" package ="org.junit.tests.experimental.rules" value ="0"/>
         <Value name="ExampleTestWithCustomClassRule" source ="ClassRulesTest.java" package ="org.junit.tests.experimental.rules" value ="0"/>
         <Value name="SubclassOfTestWithClassRule" source ="ClassRulesTest.java" package ="org.junit.tests.experimental.rules" value ="0"/>
         <Value name="ExpectedExceptionRuleTest" source ="ExpectedExceptionRuleTest.java" package ="org.junit.tests.experimental.rules" value ="0"/>
         <Value name="ExpectedMessageMatcherFails" source ="ExpectedExceptionRuleTest.java" package ="org.junit.tests.experimental.rules" value ="0"/>
         <Value name="ExpectsMatcher" source ="ExpectedExceptionRuleTest.java" package ="org.junit.tests.experimental.rules" value ="0"/>
         <Value name="ExpectsMessageMatcher" source ="ExpectedExceptionRuleTest.java" package ="org.junit.tests.experimental.rules" value ="0"/>
         <Value name="ExpectsMultipleMatchers" source ="ExpectedExceptionRuleTest.java" package ="org.junit.tests.experimental.rules" value ="0"/>
         <Value name="ExpectsSubstring" source ="ExpectedExceptionRuleTest.java" package ="org.junit.tests.experimental.rules" value ="0"/>
         <Value name="ExpectsSubstringNullMessage" source ="ExpectedExceptionRuleTest.java" package ="org.junit.tests.experimental.rules" value ="0"/>
         <Value name="HasExpectedException" source ="ExpectedExceptionRuleTest.java" package ="org.junit.tests.experimental.rules" value ="0"/>
         <Value name="HasWrongExpectedException" source ="ExpectedExceptionRuleTest.java" package ="org.junit.tests.experimental.rules" value ="0"/>
         <Value name="HasWrongMessage" source ="ExpectedExceptionRuleTest.java" package ="org.junit.tests.experimental.rules" value ="0"/>
         <Value name="WronglyExpectsException" source ="ExpectedExceptionRuleTest.java" package ="org.junit.tests.experimental.rules" value ="0"/>
         <Value name="WronglyExpectsExceptionMessage" source ="ExpectedExceptionRuleTest.java" package ="org.junit.tests.experimental.rules" value ="0"/>
         <Value name="ExternalResourceRuleTest" source ="ExternalResourceRuleTest.java" package ="org.junit.tests.experimental.rules" value ="0"/>
         <Value name="UsesExternalResource" source ="ExternalResourceRuleTest.java" package ="org.junit.tests.experimental.rules" value ="0"/>
         <Value name="MethodRulesTest" source ="MethodRulesTest.java" package ="org.junit.tests.experimental.rules" value ="0"/>
         <Value name="BeforesAndAfters" source ="MethodRulesTest.java" package ="org.junit.tests.experimental.rules" value ="0"/>
         <Value name="CustomTestName" source ="MethodRulesTest.java" package ="org.junit.tests.experimental.rules" value ="0"/>
         <Value name="ExampleTest" source ="MethodRulesTest.java" package ="org.junit.tests.experimental.rules" value ="0"/>
         <Value name="MultipleRuleTest" source ="MethodRulesTest.java" package ="org.junit.tests.experimental.rules" value ="0"/>
         <Value name="NoRulesTest" source ="MethodRulesTest.java" package ="org.junit.tests.experimental.rules" value ="0"/>
         <Value name="OnFailureTest" source ="MethodRulesTest.java" package ="org.junit.tests.experimental.rules" value ="0"/>
         <Value name="PrivateRule" source ="MethodRulesTest.java" package ="org.junit.tests.experimental.rules" value ="0"/>
         <Value name="SonOfExampleTest" source ="MethodRulesTest.java" package ="org.junit.tests.experimental.rules" value ="0"/>
         <Value name="SonOfWrongTypedField" source ="MethodRulesTest.java" package ="org.junit.tests.experimental.rules" value ="0"/>
         <Value name="UsesCustomMethodRule" source ="MethodRulesTest.java" package ="org.junit.tests.experimental.rules" value ="0"/>
         <Value name="WatchmanTest" source ="MethodRulesTest.java" package ="org.junit.tests.experimental.rules" value ="0"/>
         <Value name="WrongTypedField" source ="MethodRulesTest.java" package ="org.junit.tests.experimental.rules" value ="0"/>
         <Value name="NameRulesTest" source ="NameRulesTest.java" package ="org.junit.tests.experimental.rules" value ="0"/>
         <Value name="BeforeAndAfterTest" source ="NameRulesTest.java" package ="org.junit.tests.experimental.rules" value ="0"/>
         <Value name="TestNames" source ="NameRulesTest.java" package ="org.junit.tests.experimental.rules" value ="0"/>
         <Value name="TempFolderRuleTest" source ="TempFolderRuleTest.java" package ="org.junit.tests.experimental.rules" value ="0"/>
         <Value name="CreatesSubFolder" source ="TempFolderRuleTest.java" package ="org.junit.tests.experimental.rules" value ="0"/>
         <Value name="HasTempFolder" source ="TempFolderRuleTest.java" package ="org.junit.tests.experimental.rules" value ="0"/>
         <Value name="TestRuleTest" source ="TestRuleTest.java" package ="org.junit.tests.experimental.rules" value ="0"/>
         <Value name="BeforesAndAfters" source ="TestRuleTest.java" package ="org.junit.tests.experimental.rules" value ="0"/>
         <Value name="BothKindsOfRule" source ="TestRuleTest.java" package ="org.junit.tests.experimental.rules" value ="0"/>
         <Value name="CustomTestName" source ="TestRuleTest.java" package ="org.junit.tests.experimental.rules" value ="0"/>
         <Value name="ExampleTest" source ="TestRuleTest.java" package ="org.junit.tests.experimental.rules" value ="0"/>
         <Value name="MultipleRuleTest" source ="TestRuleTest.java" package ="org.junit.tests.experimental.rules" value ="0"/>
         <Value name="NoRulesTest" source ="TestRuleTest.java" package ="org.junit.tests.experimental.rules" value ="0"/>
         <Value name="OnFailureTest" source ="TestRuleTest.java" package ="org.junit.tests.experimental.rules" value ="0"/>
         <Value name="OneFieldTwoKindsOfRule" source ="TestRuleTest.java" package ="org.junit.tests.experimental.rules" value ="0"/>
         <Value name="PrivateRule" source ="TestRuleTest.java" package ="org.junit.tests.experimental.rules" value ="0"/>
         <Value name="SonOfExampleTest" source ="TestRuleTest.java" package ="org.junit.tests.experimental.rules" value ="0"/>
         <Value name="SonOfWrongTypedField" source ="TestRuleTest.java" package ="org.junit.tests.experimental.rules" value ="0"/>
         <Value name="UsesCustomMethodRule" source ="TestRuleTest.java" package ="org.junit.tests.experimental.rules" value ="0"/>
         <Value name="WatchmanTest" source ="TestRuleTest.java" package ="org.junit.tests.experimental.rules" value ="0"/>
         <Value name="WrongTypedField" source ="TestRuleTest.java" package ="org.junit.tests.experimental.rules" value ="0"/>
         <Value name="TimeoutRuleTest" source ="TimeoutRuleTest.java" package ="org.junit.tests.experimental.rules" value ="0"/>
         <Value name="HasGlobalTimeout" source ="TimeoutRuleTest.java" package ="org.junit.tests.experimental.rules" value ="0"/>
         <Value name="VerifierRuleTest" source ="VerifierRuleTest.java" package ="org.junit.tests.experimental.rules" value ="0"/>
         <Value name="UsesErrorCollector" source ="VerifierRuleTest.java" package ="org.junit.tests.experimental.rules" value ="0"/>
         <Value name="UsesErrorCollectorCheckSucceeds" source ="VerifierRuleTest.java" package ="org.junit.tests.experimental.rules" value ="0"/>
         <Value name="UsesErrorCollectorCheckSucceedsPasses" source ="VerifierRuleTest.java" package ="org.junit.tests.experimental.rules" value ="0"/>
         <Value name="UsesErrorCollectorCheckThat" source ="VerifierRuleTest.java" package ="org.junit.tests.experimental.rules" value ="0"/>
         <Value name="UsesErrorCollectorTwice" source ="VerifierRuleTest.java" package ="org.junit.tests.experimental.rules" value ="0"/>
         <Value name="UsesVerifier" source ="VerifierRuleTest.java" package ="org.junit.tests.experimental.rules" value ="0"/>
         <Value name="Guesser" source ="Guesser.java" package ="org.junit.tests.experimental.theories.extendingwithstubs" value ="0"/>
         <Value name="GuessMap" source ="Guesser.java" package ="org.junit.tests.experimental.theories.extendingwithstubs" value ="0"/>
         <Value name="GuesserQueue" source ="GuesserQueue.java" package ="org.junit.tests.experimental.theories.extendingwithstubs" value ="0"/>
         <Value name="ReguessableDecorator" source ="GuesserQueue.java" package ="org.junit.tests.experimental.theories.extendingwithstubs" value ="0"/>
         <Value name="MethodCall" source ="MethodCall.java" package ="org.junit.tests.experimental.theories.extendingwithstubs" value ="0"/>
         <Value name="ReguessableValue" source ="ReguessableValue.java" package ="org.junit.tests.experimental.theories.extendingwithstubs" value ="0"/>
         <Value name="StringableObject" source ="StringableObject.java" package ="org.junit.tests.experimental.theories.extendingwithstubs" value ="0"/>
         <Value name="StubbedTheoriesTest" source ="StubbedTheoriesTest.java" package ="org.junit.tests.experimental.theories.extendingwithstubs" value ="0"/>
         <Value name="SuccessfulWithDataPointFields" source ="SuccessfulWithDataPointFields.java" package ="org.junit.tests.experimental.theories.runner" value ="0"/>
         <Value name="BeforeAndAfterEachTime" source ="SuccessfulWithDataPointFields.java" package ="org.junit.tests.experimental.theories.runner" value ="0"/>
         <Value name="BeforeAndAfterOnSameInstance" source ="SuccessfulWithDataPointFields.java" package ="org.junit.tests.experimental.theories.runner" value ="0"/>
         <Value name="DifferentTypesInConstructor" source ="SuccessfulWithDataPointFields.java" package ="org.junit.tests.experimental.theories.runner" value ="0"/>
         <Value name="HasATwoParameterTheory" source ="SuccessfulWithDataPointFields.java" package ="org.junit.tests.experimental.theories.runner" value ="0"/>
         <Value name="NewObjectEachTime" source ="SuccessfulWithDataPointFields.java" package ="org.junit.tests.experimental.theories.runner" value ="0"/>
         <Value name="OneTestTwoAnnotations" source ="SuccessfulWithDataPointFields.java" package ="org.junit.tests.experimental.theories.runner" value ="0"/>
         <Value name="PositiveInts" source ="SuccessfulWithDataPointFields.java" package ="org.junit.tests.experimental.theories.runner" value ="0"/>
         <Value name="PositiveIntsWithMethodParams" source ="SuccessfulWithDataPointFields.java" package ="org.junit.tests.experimental.theories.runner" value ="0"/>
         <Value name="PositiveIntsWithNegativeField" source ="SuccessfulWithDataPointFields.java" package ="org.junit.tests.experimental.theories.runner" value ="0"/>
         <Value name="StaticPublicNonDataPoints" source ="SuccessfulWithDataPointFields.java" package ="org.junit.tests.experimental.theories.runner" value ="0"/>
         <Value name="TheoriesPerformanceTest" source ="TheoriesPerformanceTest.java" package ="org.junit.tests.experimental.theories.runner" value ="0"/>
         <Value name="UpToTen" source ="TheoriesPerformanceTest.java" package ="org.junit.tests.experimental.theories.runner" value ="0"/>
         <Value name="UnsuccessfulWithDataPointFields" source ="UnsuccessfulWithDataPointFields.java" package ="org.junit.tests.experimental.theories.runner" value ="0"/>
         <Value name="DataPointsMustBeStatic" source ="UnsuccessfulWithDataPointFields.java" package ="org.junit.tests.experimental.theories.runner" value ="0"/>
         <Value name="DoesntUseParams" source ="UnsuccessfulWithDataPointFields.java" package ="org.junit.tests.experimental.theories.runner" value ="0"/>
         <Value name="HasATheory" source ="UnsuccessfulWithDataPointFields.java" package ="org.junit.tests.experimental.theories.runner" value ="0"/>
         <Value name="NullsOK" source ="UnsuccessfulWithDataPointFields.java" package ="org.junit.tests.experimental.theories.runner" value ="0"/>
         <Value name="TheoriesMustBePublic" source ="UnsuccessfulWithDataPointFields.java" package ="org.junit.tests.experimental.theories.runner" value ="0"/>
         <Value name="WhenNoParametersMatch" source ="WhenNoParametersMatch.java" package ="org.junit.tests.experimental.theories.runner" value ="0"/>
         <Value name="AssumptionsFail" source ="WhenNoParametersMatch.java" package ="org.junit.tests.experimental.theories.runner" value ="0"/>
         <Value name="WithDataPointMethod" source ="WithDataPointMethod.java" package ="org.junit.tests.experimental.theories.runner" value ="0"/>
         <Value name="DataPointMethodReturnsMutableObject" source ="WithDataPointMethod.java" package ="org.junit.tests.experimental.theories.runner" value ="0"/>
         <Value name="HasDataPointMethod" source ="WithDataPointMethod.java" package ="org.junit.tests.experimental.theories.runner" value ="0"/>
         <Value name="HasDateMethod" source ="WithDataPointMethod.java" package ="org.junit.tests.experimental.theories.runner" value ="0"/>
         <Value name="HasUglyDataPointMethod" source ="WithDataPointMethod.java" package ="org.junit.tests.experimental.theories.runner" value ="0"/>
         <Value name="WithExtendedParameterSources" source ="WithExtendedParameterSources.java" package ="org.junit.tests.experimental.theories.runner" value ="0"/>
         <Value name="DataPointArrayMethod" source ="WithExtendedParameterSources.java" package ="org.junit.tests.experimental.theories.runner" value ="0"/>
         <Value name="DataPointArrayToBeUsedForWholeParameter" source ="WithExtendedParameterSources.java" package ="org.junit.tests.experimental.theories.runner" value ="0"/>
         <Value name="DataPointArrays" source ="WithExtendedParameterSources.java" package ="org.junit.tests.experimental.theories.runner" value ="0"/>
         <Value name="DataPointMalformedArrayMethods" source ="WithExtendedParameterSources.java" package ="org.junit.tests.experimental.theories.runner" value ="0"/>
         <Value name="ParameterAnnotations" source ="WithExtendedParameterSources.java" package ="org.junit.tests.experimental.theories.runner" value ="0"/>
         <Value name="ShouldFilterNull" source ="WithExtendedParameterSources.java" package ="org.junit.tests.experimental.theories.runner" value ="0"/>
         <Value name="WithOnlyTestAnnotations" source ="WithOnlyTestAnnotations.java" package ="org.junit.tests.experimental.theories.runner" value ="0"/>
         <Value name="ErrorWhenTestHasParametersDespiteTheories" source ="WithOnlyTestAnnotations.java" package ="org.junit.tests.experimental.theories.runner" value ="0"/>
         <Value name="HonorExpectedException" source ="WithOnlyTestAnnotations.java" package ="org.junit.tests.experimental.theories.runner" value ="0"/>
         <Value name="HonorExpectedExceptionPasses" source ="WithOnlyTestAnnotations.java" package ="org.junit.tests.experimental.theories.runner" value ="0"/>
         <Value name="HonorTimeout" source ="WithOnlyTestAnnotations.java" package ="org.junit.tests.experimental.theories.runner" value ="0"/>
         <Value name="AllMembersSupplierTest" source ="AllMembersSupplierTest.java" package ="org.junit.tests.experimental.theories" value ="0"/>
         <Value name="HasDataPoints" source ="AllMembersSupplierTest.java" package ="org.junit.tests.experimental.theories" value ="0"/>
         <Value name="ParameterSignatureTest" source ="ParameterSignatureTest.java" package ="org.junit.tests.experimental.theories" value ="0"/>
         <Value name="ParameterizedAssertionErrorTest" source ="ParameterizedAssertionErrorTest.java" package ="org.junit.tests.experimental.theories" value ="0"/>
         <Value name="AssumptionTest" source ="AssumptionTest.java" package ="org.junit.tests.experimental" value ="0"/>
         <Value name="AssumptionFailureInConstructor" source ="AssumptionTest.java" package ="org.junit.tests.experimental" value ="0"/>
         <Value name="HasFailingAssumeInBefore" source ="AssumptionTest.java" package ="org.junit.tests.experimental" value ="0"/>
         <Value name="HasFailingAssumeInBeforeClass" source ="AssumptionTest.java" package ="org.junit.tests.experimental" value ="0"/>
         <Value name="HasFailingAssumption" source ="AssumptionTest.java" package ="org.junit.tests.experimental" value ="0"/>
         <Value name="HasPassingAssumption" source ="AssumptionTest.java" package ="org.junit.tests.experimental" value ="0"/>
         <Value name="AssumptionViolatedExceptionTest" source ="AssumptionViolatedExceptionTest.java" package ="org.junit.tests.experimental" value ="0"/>
         <Value name="ExperimentalTests" source ="ExperimentalTests.java" package ="org.junit.tests.experimental" value ="0"/>
         <Value name="MatcherTest" source ="MatcherTest.java" package ="org.junit.tests.experimental" value ="0"/>
         <Value name="AllTestsTest" source ="AllTestsTest.java" package ="org.junit.tests.junit3compatibility" value ="0"/>
         <Value name="All" source ="AllTestsTest.java" package ="org.junit.tests.junit3compatibility" value ="0"/>
         <Value name="AllJUnit4" source ="AllTestsTest.java" package ="org.junit.tests.junit3compatibility" value ="0"/>
         <Value name="BadSuiteMethod" source ="AllTestsTest.java" package ="org.junit.tests.junit3compatibility" value ="0"/>
         <Value name="JUnit4Test" source ="AllTestsTest.java" package ="org.junit.tests.junit3compatibility" value ="0"/>
         <Value name="OneTest" source ="AllTestsTest.java" package ="org.junit.tests.junit3compatibility" value ="0"/>
         <Value name="ClassRequestTest" source ="ClassRequestTest.java" package ="org.junit.tests.junit3compatibility" value ="0"/>
         <Value name="PrivateSuiteMethod" source ="ClassRequestTest.java" package ="org.junit.tests.junit3compatibility" value ="0"/>
         <Value name="ForwardCompatibilityPrintingTest" source ="ForwardCompatibilityPrintingTest.java" package ="org.junit.tests.junit3compatibility" value ="0"/>
         <Value name="ATest" source ="ForwardCompatibilityPrintingTest.java" package ="org.junit.tests.junit3compatibility" value ="0"/>
         <Value name="ForwardCompatibilityTest" source ="ForwardCompatibilityTest.java" package ="org.junit.tests.junit3compatibility" value ="0"/>
         <Value name="BeforeClassTest" source ="ForwardCompatibilityTest.java" package ="org.junit.tests.junit3compatibility" value ="0"/>
         <Value name="ErrorTest" source ="ForwardCompatibilityTest.java" package ="org.junit.tests.junit3compatibility" value ="0"/>
         <Value name="ExceptionInBeforeTest" source ="ForwardCompatibilityTest.java" package ="org.junit.tests.junit3compatibility" value ="0"/>
         <Value name="ExpectedTest" source ="ForwardCompatibilityTest.java" package ="org.junit.tests.junit3compatibility" value ="0"/>
         <Value name="InvalidMethodTest" source ="ForwardCompatibilityTest.java" package ="org.junit.tests.junit3compatibility" value ="0"/>
         <Value name="NewTest" source ="ForwardCompatibilityTest.java" package ="org.junit.tests.junit3compatibility" value ="0"/>
         <Value name="NoExceptionTest" source ="ForwardCompatibilityTest.java" package ="org.junit.tests.junit3compatibility" value ="0"/>
         <Value name="NoTests" source ="ForwardCompatibilityTest.java" package ="org.junit.tests.junit3compatibility" value ="0"/>
         <Value name="UnExpectedExceptionTest" source ="ForwardCompatibilityTest.java" package ="org.junit.tests.junit3compatibility" value ="0"/>
         <Value name="InitializationErrorForwardCompatibilityTest" source ="InitializationErrorForwardCompatibilityTest.java" package ="org.junit.tests.junit3compatibility" value ="0"/>
         <Value name="CantInitialize" source ="InitializationErrorForwardCompatibilityTest.java" package ="org.junit.tests.junit3compatibility" value ="0"/>
         <Value name="CantInitializeTests" source ="InitializationErrorForwardCompatibilityTest.java" package ="org.junit.tests.junit3compatibility" value ="0"/>
         <Value name="ErrorRememberingListener" source ="InitializationErrorForwardCompatibilityTest.java" package ="org.junit.tests.junit3compatibility" value ="0"/>
         <Value name="InitializesWithError" source ="InitializationErrorForwardCompatibilityTest.java" package ="org.junit.tests.junit3compatibility" value ="0"/>
         <Value name="JUnit38ClassRunnerTest" source ="JUnit38ClassRunnerTest.java" package ="org.junit.tests.junit3compatibility" value ="0"/>
         <Value name="AnnotatedTest" source ="JUnit38ClassRunnerTest.java" package ="org.junit.tests.junit3compatibility" value ="0"/>
         <Value name="ClassWithInvalidMethod" source ="JUnit38ClassRunnerTest.java" package ="org.junit.tests.junit3compatibility" value ="0"/>
         <Value name="MyTest" source ="JUnit38ClassRunnerTest.java" package ="org.junit.tests.junit3compatibility" value ="0"/>
         <Value name="OneTest" source ="JUnit38ClassRunnerTest.java" package ="org.junit.tests.junit3compatibility" value ="0"/>
         <Value name="OldTestClassAdaptingListenerTest" source ="OldTestClassAdaptingListenerTest.java" package ="org.junit.tests.junit3compatibility" value ="0"/>
         <Value name="OldTests" source ="OldTests.java" package ="org.junit.tests.junit3compatibility" value ="0"/>
         <Value name="SuiteMethodTest" source ="SuiteMethodTest.java" package ="org.junit.tests.junit3compatibility" value ="0"/>
         <Value name="CompatibilityTest" source ="SuiteMethodTest.java" package ="org.junit.tests.junit3compatibility" value ="0"/>
         <Value name="NewTest" source ="SuiteMethodTest.java" package ="org.junit.tests.junit3compatibility" value ="0"/>
         <Value name="NewTestSuiteFails" source ="SuiteMethodTest.java" package ="org.junit.tests.junit3compatibility" value ="0"/>
         <Value name="NewTestSuiteNotUsed" source ="SuiteMethodTest.java" package ="org.junit.tests.junit3compatibility" value ="0"/>
         <Value name="OldTest" source ="SuiteMethodTest.java" package ="org.junit.tests.junit3compatibility" value ="0"/>
         <Value name="ListenerTest" source ="ListenerTest.java" package ="org.junit.tests.listening" value ="0"/>
         <Value name="OneTest" source ="ListenerTest.java" package ="org.junit.tests.listening" value ="0"/>
         <Value name="RunnerTest" source ="RunnerTest.java" package ="org.junit.tests.listening" value ="0"/>
         <Value name="Example" source ="RunnerTest.java" package ="org.junit.tests.listening" value ="0"/>
         <Value name="ExampleTest" source ="RunnerTest.java" package ="org.junit.tests.listening" value ="0"/>
         <Value name="NewExample" source ="RunnerTest.java" package ="org.junit.tests.listening" value ="0"/>
         <Value name="TestListenerTest" source ="TestListenerTest.java" package ="org.junit.tests.listening" value ="0"/>
         <Value name="OneTest" source ="TestListenerTest.java" package ="org.junit.tests.listening" value ="0"/>
         <Value name="ErrorTest" source ="TextListenerTest.java" package ="org.junit.tests.listening" value ="0"/>
         <Value name="OneTest" source ="TextListenerTest.java" package ="org.junit.tests.listening" value ="0"/>
         <Value name="Slow" source ="TextListenerTest.java" package ="org.junit.tests.listening" value ="0"/>
         <Value name="UserStopTest" source ="UserStopTest.java" package ="org.junit.tests.listening" value ="0"/>
         <Value name="OneTest" source ="UserStopTest.java" package ="org.junit.tests.listening" value ="0"/>
         <Value name="FilterableTest" source ="FilterableTest.java" package ="org.junit.tests.manipulation" value ="0"/>
         <Value name="FilteredRunner" source ="FilterableTest.java" package ="org.junit.tests.manipulation" value ="0"/>
         <Value name="FilteredTest" source ="FilterableTest.java" package ="org.junit.tests.manipulation" value ="0"/>
         <Value name="SingleMethodTest" source ="SingleMethodTest.java" package ="org.junit.tests.manipulation" value ="0"/>
         <Value name="HasSuiteMethod" source ="SingleMethodTest.java" package ="org.junit.tests.manipulation" value ="0"/>
         <Value name="OneTimeSetup" source ="SingleMethodTest.java" package ="org.junit.tests.manipulation" value ="0"/>
         <Value name="OneTwoSuite" source ="SingleMethodTest.java" package ="org.junit.tests.manipulation" value ="0"/>
         <Value name="ParameterizedOneTimeBeforeClass" source ="SingleMethodTest.java" package ="org.junit.tests.manipulation" value ="0"/>
         <Value name="ParameterizedOneTimeSetup" source ="SingleMethodTest.java" package ="org.junit.tests.manipulation" value ="0"/>
         <Value name="TestOne" source ="SingleMethodTest.java" package ="org.junit.tests.manipulation" value ="0"/>
         <Value name="TestTwo" source ="SingleMethodTest.java" package ="org.junit.tests.manipulation" value ="0"/>
         <Value name="SortableTest" source ="SortableTest.java" package ="org.junit.tests.manipulation" value ="0"/>
         <Value name="TestClassRunnerIsSortable" source ="SortableTest.java" package ="org.junit.tests.manipulation" value ="0"/>
         <Value name="TestClassRunnerIsSortableWithSuiteMethod" source ="SortableTest.java" package ="org.junit.tests.manipulation" value ="0"/>
         <Value name="UnsortableRunnersAreHandledWithoutCrashing" source ="SortableTest.java" package ="org.junit.tests.manipulation" value ="0"/>
         <Value name="EnclosedTest" source ="EnclosedTest.java" package ="org.junit.tests.running.classes" value ="0"/>
         <Value name="Enclosing" source ="EnclosedTest.java" package ="org.junit.tests.running.classes" value ="0"/>
         <Value name="IgnoreClassTest" source ="IgnoreClassTest.java" package ="org.junit.tests.running.classes" value ="0"/>
         <Value name="IgnoreMe" source ="IgnoreClassTest.java" package ="org.junit.tests.running.classes" value ="0"/>
         <Value name="ParameterizedTestTest" source ="ParameterizedTestTest.java" package ="org.junit.tests.running.classes" value ="0"/>
         <Value name="BeforeAndAfter" source ="ParameterizedTestTest.java" package ="org.junit.tests.running.classes" value ="0"/>
         <Value name="EmptyTest" source ="ParameterizedTestTest.java" package ="org.junit.tests.running.classes" value ="0"/>
         <Value name="FibonacciTest" source ="ParameterizedTestTest.java" package ="org.junit.tests.running.classes" value ="0"/>
         <Value name="IncorrectTest" source ="ParameterizedTestTest.java" package ="org.junit.tests.running.classes" value ="0"/>
         <Value name="PrivateConstructor" source ="ParameterizedTestTest.java" package ="org.junit.tests.running.classes" value ="0"/>
         <Value name="ProtectedParametersTest" source ="ParameterizedTestTest.java" package ="org.junit.tests.running.classes" value ="0"/>
         <Value name="WrongElementType" source ="ParameterizedTestTest.java" package ="org.junit.tests.running.classes" value ="0"/>
         <Value name="RunWithTest" source ="RunWithTest.java" package ="org.junit.tests.running.classes" value ="0"/>
         <Value name="BadRunner" source ="RunWithTest.java" package ="org.junit.tests.running.classes" value ="0"/>
         <Value name="Empty" source ="RunWithTest.java" package ="org.junit.tests.running.classes" value ="0"/>
         <Value name="ExampleTest" source ="RunWithTest.java" package ="org.junit.tests.running.classes" value ="0"/>
         <Value name="SubExampleTest" source ="RunWithTest.java" package ="org.junit.tests.running.classes" value ="0"/>
         <Value name="SuiteTest" source ="SuiteTest.java" package ="org.junit.tests.running.classes" value ="0"/>
         <Value name="All" source ="SuiteTest.java" package ="org.junit.tests.running.classes" value ="0"/>
         <Value name="AllWithBeforeAndAfterClass" source ="SuiteTest.java" package ="org.junit.tests.running.classes" value ="0"/>
         <Value name="AllWithOutAnnotation" source ="SuiteTest.java" package ="org.junit.tests.running.classes" value ="0"/>
         <Value name="BiInfiniteLoop" source ="SuiteTest.java" package ="org.junit.tests.running.classes" value ="0"/>
         <Value name="Hercules" source ="SuiteTest.java" package ="org.junit.tests.running.classes" value ="0"/>
         <Value name="Hydra" source ="SuiteTest.java" package ="org.junit.tests.running.classes" value ="0"/>
         <Value name="InfiniteLoop" source ="SuiteTest.java" package ="org.junit.tests.running.classes" value ="0"/>
         <Value name="InheritsAll" source ="SuiteTest.java" package ="org.junit.tests.running.classes" value ="0"/>
         <Value name="NoSuiteClassesAnnotation" source ="SuiteTest.java" package ="org.junit.tests.running.classes" value ="0"/>
         <Value name="TestA" source ="SuiteTest.java" package ="org.junit.tests.running.classes" value ="0"/>
         <Value name="TestB" source ="SuiteTest.java" package ="org.junit.tests.running.classes" value ="0"/>
         <Value name="WithoutDefaultConstructor" source ="SuiteTest.java" package ="org.junit.tests.running.classes" value ="0"/>
         <Value name="TestClassTest" source ="TestClassTest.java" package ="org.junit.tests.running.classes" value ="0"/>
         <Value name="ManyMethods" source ="TestClassTest.java" package ="org.junit.tests.running.classes" value ="0"/>
         <Value name="SubclassWithField" source ="TestClassTest.java" package ="org.junit.tests.running.classes" value ="0"/>
         <Value name="SuperclassWithField" source ="TestClassTest.java" package ="org.junit.tests.running.classes" value ="0"/>
         <Value name="TwoConstructors" source ="TestClassTest.java" package ="org.junit.tests.running.classes" value ="0"/>
         <Value name="UseSuiteAsASuperclassTest" source ="UseSuiteAsASuperclassTest.java" package ="org.junit.tests.running.classes" value ="0"/>
         <Value name="AllWithMySuite" source ="UseSuiteAsASuperclassTest.java" package ="org.junit.tests.running.classes" value ="0"/>
         <Value name="MySuite" source ="UseSuiteAsASuperclassTest.java" package ="org.junit.tests.running.classes" value ="0"/>
         <Value name="TestA" source ="UseSuiteAsASuperclassTest.java" package ="org.junit.tests.running.classes" value ="0"/>
         <Value name="TestB" source ="UseSuiteAsASuperclassTest.java" package ="org.junit.tests.running.classes" value ="0"/>
         <Value name="CommandLineTest" source ="CommandLineTest.java" package ="org.junit.tests.running.core" value ="0"/>
         <Value name="Count" source ="CommandLineTest.java" package ="org.junit.tests.running.core" value ="0"/>
         <Value name="Example" source ="CommandLineTest.java" package ="org.junit.tests.running.core" value ="0"/>
         <Value name="JUnitCoreReturnsCorrectExitCodeTest" source ="JUnitCoreReturnsCorrectExitCodeTest.java" package ="org.junit.tests.running.core" value ="0"/>
         <Value name="Fail" source ="JUnitCoreReturnsCorrectExitCodeTest.java" package ="org.junit.tests.running.core" value ="0"/>
         <Value name="Succeed" source ="JUnitCoreReturnsCorrectExitCodeTest.java" package ="org.junit.tests.running.core" value ="0"/>
         <Value name="SystemExitTest" source ="SystemExitTest.java" package ="org.junit.tests.running.core" value ="0"/>
         <Value name="Exit" source ="SystemExitTest.java" package ="org.junit.tests.running.core" value ="0"/>
         <Value name="ErrorInAfterClass" source ="AnnotationTest.java" package ="org.junit.tests.running.methods" value ="0"/>
         <Value name="ErrorInBeforeClass" source ="AnnotationTest.java" package ="org.junit.tests.running.methods" value ="0"/>
         <Value name="ExceptionTest" source ="AnnotationTest.java" package ="org.junit.tests.running.methods" value ="0"/>
         <Value name="FailureTest" source ="AnnotationTest.java" package ="org.junit.tests.running.methods" value ="0"/>
         <Value name="NoExceptionTest" source ="AnnotationTest.java" package ="org.junit.tests.running.methods" value ="0"/>
         <Value name="NonStaticOneTimeSetup" source ="AnnotationTest.java" package ="org.junit.tests.running.methods" value ="0"/>
         <Value name="OldSuiteTest" source ="AnnotationTest.java" package ="org.junit.tests.running.methods" value ="0"/>
         <Value name="OldTest" source ="AnnotationTest.java" package ="org.junit.tests.running.methods" value ="0"/>
         <Value name="OneTimeSetup" source ="AnnotationTest.java" package ="org.junit.tests.running.methods" value ="0"/>
         <Value name="OneTimeTeardown" source ="AnnotationTest.java" package ="org.junit.tests.running.methods" value ="0"/>
         <Value name="OrderTest" source ="AnnotationTest.java" package ="org.junit.tests.running.methods" value ="0"/>
         <Value name="RunAllAfterClasses" source ="AnnotationTest.java" package ="org.junit.tests.running.methods" value ="0"/>
         <Value name="RunAllAfterClassesRegardless" source ="AnnotationTest.java" package ="org.junit.tests.running.methods" value ="0"/>
         <Value name="RunAllAfters" source ="AnnotationTest.java" package ="org.junit.tests.running.methods" value ="0"/>
         <Value name="RunAllAftersRegardless" source ="AnnotationTest.java" package ="org.junit.tests.running.methods" value ="0"/>
         <Value name="SetupFailureTest" source ="AnnotationTest.java" package ="org.junit.tests.running.methods" value ="0"/>
         <Value name="SetupTest" source ="AnnotationTest.java" package ="org.junit.tests.running.methods" value ="0"/>
         <Value name="SimpleTest" source ="AnnotationTest.java" package ="org.junit.tests.running.methods" value ="0"/>
         <Value name="SimpleTestWithFutureProofExplicitRunner" source ="AnnotationTest.java" package ="org.junit.tests.running.methods" value ="0"/>
         <Value name="SubInheritance" source ="AnnotationTest.java" package ="org.junit.tests.running.methods" value ="0"/>
         <Value name="SuperInheritance" source ="AnnotationTest.java" package ="org.junit.tests.running.methods" value ="0"/>
         <Value name="SuperShadowing" source ="AnnotationTest.java" package ="org.junit.tests.running.methods" value ="0"/>
         <Value name="SuperTest" source ="AnnotationTest.java" package ="org.junit.tests.running.methods" value ="0"/>
         <Value name="TeardownAfterFailureTest" source ="AnnotationTest.java" package ="org.junit.tests.running.methods" value ="0"/>
         <Value name="TeardownFailureTest" source ="AnnotationTest.java" package ="org.junit.tests.running.methods" value ="0"/>
         <Value name="TeardownTest" source ="AnnotationTest.java" package ="org.junit.tests.running.methods" value ="0"/>
         <Value name="TestAndTeardownFailureTest" source ="AnnotationTest.java" package ="org.junit.tests.running.methods" value ="0"/>
         <Value name="TwoTests" source ="AnnotationTest.java" package ="org.junit.tests.running.methods" value ="0"/>
         <Value name="ExpectedTest" source ="ExpectedTest.java" package ="org.junit.tests.running.methods" value ="0"/>
         <Value name="ExpectSuperclass" source ="ExpectedTest.java" package ="org.junit.tests.running.methods" value ="0"/>
         <Value name="Expected" source ="ExpectedTest.java" package ="org.junit.tests.running.methods" value ="0"/>
         <Value name="NoneThrown" source ="ExpectedTest.java" package ="org.junit.tests.running.methods" value ="0"/>
         <Value name="Unexpected" source ="ExpectedTest.java" package ="org.junit.tests.running.methods" value ="0"/>
         <Value name="InheritedTestTest" source ="InheritedTestTest.java" package ="org.junit.tests.running.methods" value ="0"/>
         <Value name="Sub" source ="InheritedTestTest.java" package ="org.junit.tests.running.methods" value ="0"/>
         <Value name="SubWithBefore" source ="InheritedTestTest.java" package ="org.junit.tests.running.methods" value ="0"/>
         <Value name="Super" source ="InheritedTestTest.java" package ="org.junit.tests.running.methods" value ="0"/>
         <Value name="ParameterizedTestMethodTest" source ="ParameterizedTestMethodTest.java" package ="org.junit.tests.running.methods" value ="0"/>
         <Value name="EverythingWrong" source ="ParameterizedTestMethodTest.java" package ="org.junit.tests.running.methods" value ="0"/>
         <Value name="SubWrong" source ="ParameterizedTestMethodTest.java" package ="org.junit.tests.running.methods" value ="0"/>
         <Value name="SuperWrong" source ="ParameterizedTestMethodTest.java" package ="org.junit.tests.running.methods" value ="0"/>
         <Value name="TestMethodTest" source ="TestMethodTest.java" package ="org.junit.tests.running.methods" value ="0"/>
         <Value name="Confused" source ="TestMethodTest.java" package ="org.junit.tests.running.methods" value ="0"/>
         <Value name="ConstructorParameter" source ="TestMethodTest.java" package ="org.junit.tests.running.methods" value ="0"/>
         <Value name="EverythingWrong" source ="TestMethodTest.java" package ="org.junit.tests.running.methods" value ="0"/>
         <Value name="IgnoredTest" source ="TestMethodTest.java" package ="org.junit.tests.running.methods" value ="0"/>
         <Value name="OnlyTestIsIgnored" source ="TestMethodTest.java" package ="org.junit.tests.running.methods" value ="0"/>
         <Value name="SubWrong" source ="TestMethodTest.java" package ="org.junit.tests.running.methods" value ="0"/>
         <Value name="SuperWrong" source ="TestMethodTest.java" package ="org.junit.tests.running.methods" value ="0"/>
         <Value name="TimeoutTest" source ="TimeoutTest.java" package ="org.junit.tests.running.methods" value ="0"/>
         <Value name="FailureWithTimeoutRunTimeExceptionTest" source ="TimeoutTest.java" package ="org.junit.tests.running.methods" value ="0"/>
         <Value name="FailureWithTimeoutTest" source ="TimeoutTest.java" package ="org.junit.tests.running.methods" value ="0"/>
         <Value name="ImpatientLoopTest" source ="TimeoutTest.java" package ="org.junit.tests.running.methods" value ="0"/>
         <Value name="InfiniteLoopTest" source ="TimeoutTest.java" package ="org.junit.tests.running.methods" value ="0"/>
         <Value name="SuccessWithTimeoutTest" source ="TimeoutTest.java" package ="org.junit.tests.running.methods" value ="0"/>
         <Value name="TimeoutFailureTest" source ="TimeoutTest.java" package ="org.junit.tests.running.methods" value ="0"/>
         <Value name="WillTimeOut" source ="TimeoutTest.java" package ="org.junit.tests.running.methods" value ="0"/>
         <Value name="Sub" source ="Sub.java" package ="org.junit.tests.validation.anotherpackage" value ="0"/>
         <Value name="Super" source ="Super.java" package ="org.junit.tests.validation.anotherpackage" value ="0"/>
         <Value name="BadlyFormedClassesTest" source ="BadlyFormedClassesTest.java" package ="org.junit.tests.validation" value ="0"/>
         <Value name="BadBeforeMethodWithLegacyRunner" source ="BadlyFormedClassesTest.java" package ="org.junit.tests.validation" value ="0"/>
         <Value name="FaultyConstructor" source ="BadlyFormedClassesTest.java" package ="org.junit.tests.validation" value ="0"/>
         <Value name="NoTests" source ="BadlyFormedClassesTest.java" package ="org.junit.tests.validation" value ="0"/>
         <Value name="FailedConstructionTest" source ="FailedConstructionTest.java" package ="org.junit.tests.validation" value ="0"/>
         <Value name="CantConstruct" source ="FailedConstructionTest.java" package ="org.junit.tests.validation" value ="0"/>
         <Value name="InaccessibleBaseClassTest" source ="InaccessibleBaseClassTest.java" package ="org.junit.tests.validation" value ="0"/>
         <Value name="ValidationTest" source ="ValidationTest.java" package ="org.junit.tests.validation" value ="0"/>
         <Value name="NonStaticBeforeClass" source ="ValidationTest.java" package ="org.junit.tests.validation" value ="0"/>
         <Value name="WrongBeforeClass" source ="ValidationTest.java" package ="org.junit.tests.validation" value ="0"/>
         <Value name="AllTests" source ="AllTests.java" package ="org.junit.tests" value ="0"/>
         <Value name="ObjectContractTest" source ="ObjectContractTest.java" package ="org.junit.tests" value ="0"/>
         <Value name="ParentRunnerTest" source ="ParentRunnerTest.java" package ="org.junit.tests" value ="0"/>
         <Value name="FruitTest" source ="ParentRunnerTest.java" package ="org.junit.tests" value ="0"/>
         <Value name="TestSystem" source ="TestSystem.java" package ="org.junit.tests" value ="0"/>
      </Values>
   </Metric>
   <Metric id = "NOF" description ="Number of Attributes">
      <Values per = "type" total = "286" avg = "0.502" stddev = "0.965" max = "6">
         <Value name="MoneyTest" source ="MoneyTest.java" package ="junit.samples.money" value ="6"/>
         <Value name="MoneyTest" source ="MoneyTest.java" package ="org.junit.samples.money" value ="6"/>
         <Value name="ComparisonCompactor" source ="ComparisonCompactor.java" package ="junit.framework" value ="5"/>
         <Value name="TestResult" source ="TestResult.java" package ="junit.framework" value ="5"/>
         <Value name="Result" source ="Result.java" package ="org.junit.runner" value ="5"/>
         <Value name="ComparisonCompactor" source ="ComparisonFailure.java" package ="org.junit" value ="5"/>
         <Value name="TestListenerTest" source ="TestListenerTest.java" package ="junit.tests.framework" value ="5"/>
         <Value name="SuiteDescriptionTest" source ="SuiteDescriptionTest.java" package ="org.junit.tests.description" value ="5"/>
         <Value name="TheoryAnchor" source ="Theories.java" package ="org.junit.experimental.theories" value ="4"/>
         <Value name="FailOnTimeout" source ="FailOnTimeout.java" package ="org.junit.internal.runners.statements" value ="4"/>
         <Value name="ClassRoadie" source ="ClassRoadie.java" package ="org.junit.internal.runners" value ="4"/>
         <Value name="MethodRoadie" source ="MethodRoadie.java" package ="org.junit.internal.runners" value ="4"/>
         <Value name="ParentRunner" source ="ParentRunner.java" package ="org.junit.runners" value ="4"/>
         <Value name="JUnit4TestAdapter" source ="JUnit4TestAdapter.java" package ="junit.framework" value ="3"/>
         <Value name="MaxHistory" source ="MaxHistory.java" package ="org.junit.experimental.max" value ="3"/>
         <Value name="SuiteBuilder" source ="SuiteBuilder.java" package ="org.junit.experimental.runners" value ="3"/>
         <Value name="Assignments" source ="Assignments.java" package ="org.junit.experimental.theories.internal" value ="3"/>
         <Value name="RunAfters" source ="RunAfters.java" package ="org.junit.internal.runners.statements" value ="3"/>
         <Value name="RunBefores" source ="RunBefores.java" package ="org.junit.internal.runners.statements" value ="3"/>
         <Value name="ArrayComparisonFailure" source ="ArrayComparisonFailure.java" package ="org.junit.internal" value ="3"/>
         <Value name="TestClass" source ="TestClass.java" package ="org.junit.runners.model" value ="3"/>
         <Value name="Description" source ="Description.java" package ="org.junit.runner" value ="3"/>
         <Value name="MaxStarterTest" source ="MaxStarterTest.java" package ="org.junit.tests.experimental.max" value ="3"/>
         <Value name="TextListenerTest" source ="TextListenerTest.java" package ="org.junit.tests.listening" value ="3"/>
         <Value name="TestSystem" source ="TestSystem.java" package ="org.junit.tests" value ="3"/>
         <Value name="ComparisonFailure" source ="ComparisonFailure.java" package ="junit.framework" value ="2"/>
         <Value name="TestFailure" source ="TestFailure.java" package ="junit.framework" value ="2"/>
         <Value name="TestSuite" source ="TestSuite.java" package ="junit.framework" value ="2"/>
         <Value name="ResultPrinter" source ="ResultPrinter.java" package ="junit.textui" value ="2"/>
         <Value name="RememberingListener" source ="MaxHistory.java" package ="org.junit.experimental.max" value ="2"/>
         <Value name="ParameterSignature" source ="ParameterSignature.java" package ="org.junit.experimental.theories" value ="2"/>
         <Value name="ParallelComputer" source ="ParallelComputer.java" package ="org.junit.experimental" value ="2"/>
         <Value name="ClassRequest" source ="ClassRequest.java" package ="org.junit.internal.requests" value ="2"/>
         <Value name="FilterRequest" source ="FilterRequest.java" package ="org.junit.internal.requests" value ="2"/>
         <Value name="SortingRequest" source ="SortingRequest.java" package ="org.junit.internal.requests" value ="2"/>
         <Value name="EachTestNotifier" source ="EachTestNotifier.java" package ="org.junit.internal.runners.model" value ="2"/>
         <Value name="ExpectException" source ="ExpectException.java" package ="org.junit.internal.runners.statements" value ="2"/>
         <Value name="InvokeMethod" source ="InvokeMethod.java" package ="org.junit.internal.runners.statements" value ="2"/>
         <Value name="ErrorReportingRunner" source ="ErrorReportingRunner.java" package ="org.junit.internal.runners" value ="2"/>
         <Value name="JUnit4ClassRunner" source ="JUnit4ClassRunner.java" package ="org.junit.internal.runners" value ="2"/>
         <Value name="MethodValidator" source ="MethodValidator.java" package ="org.junit.internal.runners" value ="2"/>
         <Value name="TestMethod" source ="TestMethod.java" package ="org.junit.internal.runners" value ="2"/>
         <Value name="AssumptionViolatedException" source ="AssumptionViolatedException.java" package ="org.junit.internal" value ="2"/>
         <Value name="Failure" source ="Failure.java" package ="org.junit.runner.notification" value ="2"/>
         <Value name="RunNotifier" source ="RunNotifier.java" package ="org.junit.runner.notification" value ="2"/>
         <Value name="ComparisonFailure" source ="ComparisonFailure.java" package ="org.junit" value ="2"/>
         <Value name="Money" source ="Money.java" package ="junit.samples.money" value ="2"/>
         <Value name="ListTest" source ="ListTest.java" package ="junit.samples" value ="2"/>
         <Value name="SimpleTest" source ="SimpleTest.java" package ="junit.samples" value ="2"/>
         <Value name="StackFilterTest" source ="StackFilterTest.java" package ="junit.tests.runner" value ="2"/>
         <Value name="TextFeedbackTest" source ="TextFeedbackTest.java" package ="junit.tests.runner" value ="2"/>
         <Value name="ListTest" source ="ListTest.java" package ="org.junit.samples" value ="2"/>
         <Value name="SimpleTest" source ="SimpleTest.java" package ="org.junit.samples" value ="2"/>
         <Value name="JUnit38SortingTest" source ="JUnit38SortingTest.java" package ="org.junit.tests.experimental.max" value ="2"/>
         <Value name="MultipleRuleTest" source ="MethodRulesTest.java" package ="org.junit.tests.experimental.rules" value ="2"/>
         <Value name="BeforeAndAfterTest" source ="NameRulesTest.java" package ="org.junit.tests.experimental.rules" value ="2"/>
         <Value name="MultipleRuleTest" source ="TestRuleTest.java" package ="org.junit.tests.experimental.rules" value ="2"/>
         <Value name="Guesser" source ="Guesser.java" package ="org.junit.tests.experimental.theories.extendingwithstubs" value ="2"/>
         <Value name="MethodCall" source ="MethodCall.java" package ="org.junit.tests.experimental.theories.extendingwithstubs" value ="2"/>
         <Value name="DataPointsMustBeStatic" source ="UnsuccessfulWithDataPointFields.java" package ="org.junit.tests.experimental.theories.runner" value ="2"/>
         <Value name="FibonacciTest" source ="ParameterizedTestTest.java" package ="org.junit.tests.running.classes" value ="2"/>
         <Value name="CommandLineTest" source ="CommandLineTest.java" package ="org.junit.tests.running.core" value ="2"/>
         <Value name="ParameterizedTestMethodTest" source ="ParameterizedTestMethodTest.java" package ="org.junit.tests.running.methods" value ="2"/>
         <Value name="ActiveTestSuite" source ="ActiveTestSuite.java" package ="junit.extensions" value ="1"/>
         <Value name="RepeatedTest" source ="RepeatedTest.java" package ="junit.extensions" value ="1"/>
         <Value name="TestDecorator" source ="TestDecorator.java" package ="junit.extensions" value ="1"/>
         <Value name="JUnit4TestCaseFacade" source ="JUnit4TestCaseFacade.java" package ="junit.framework" value ="1"/>
         <Value name="TestCase" source ="TestCase.java" package ="junit.framework" value ="1"/>
         <Value name="BaseTestRunner" source ="BaseTestRunner.java" package ="junit.runner" value ="1"/>
         <Value name="TestRunner" source ="TestRunner.java" package ="junit.textui" value ="1"/>
         <Value name="MaxCore" source ="MaxCore.java" package ="org.junit.experimental.max" value ="1"/>
         <Value name="FailureList" source ="FailureList.java" package ="org.junit.experimental.results" value ="1"/>
         <Value name="PrintableResult" source ="PrintableResult.java" package ="org.junit.experimental.results" value ="1"/>
         <Value name="Listed" source ="Listed.java" package ="org.junit.experimental.runners" value ="1"/>
         <Value name="AllMembersSupplier" source ="AllMembersSupplier.java" package ="org.junit.experimental.theories.internal" value ="1"/>
         <Value name="MethodParameterValue" source ="AllMembersSupplier.java" package ="org.junit.experimental.theories.internal" value ="1"/>
         <Value name="AllDefaultPossibilitiesBuilder" source ="AllDefaultPossibilitiesBuilder.java" package ="org.junit.internal.builders" value ="1"/>
         <Value name="AnnotatedBuilder" source ="AnnotatedBuilder.java" package ="org.junit.internal.builders" value ="1"/>
         <Value name="IgnoredClassRunner" source ="IgnoredClassRunner.java" package ="org.junit.internal.builders" value ="1"/>
         <Value name="CombinableMatcher" source ="CombinableMatcher.java" package ="org.junit.internal.matchers" value ="1"/>
         <Value name="IsCollectionContaining" source ="IsCollectionContaining.java" package ="org.junit.internal.matchers" value ="1"/>
         <Value name="SubstringMatcher" source ="SubstringMatcher.java" package ="org.junit.internal.matchers" value ="1"/>
         <Value name="TypeSafeMatcher" source ="TypeSafeMatcher.java" package ="org.junit.internal.matchers" value ="1"/>
         <Value name="MultipleFailureException" source ="MultipleFailureException.java" package ="org.junit.internal.runners.model" value ="1"/>
         <Value name="Fail" source ="Fail.java" package ="org.junit.internal.runners.statements" value ="1"/>
         <Value name="InitializationError" source ="InitializationError.java" package ="org.junit.internal.runners" value ="1"/>
         <Value name="JUnit38ClassRunner" source ="JUnit38ClassRunner.java" package ="org.junit.internal.runners" value ="1"/>
         <Value name="OldTestClassAdaptingListener" source ="JUnit38ClassRunner.java" package ="org.junit.internal.runners" value ="1"/>
         <Value name="TestClass" source ="TestClass.java" package ="org.junit.internal.runners" value ="1"/>
         <Value name="InexactComparisonCriteria" source ="InexactComparisonCriteria.java" package ="org.junit.internal" value ="1"/>
         <Value name="TextListener" source ="TextListener.java" package ="org.junit.internal" value ="1"/>
         <Value name="ErrorCollector" source ="ErrorCollector.java" package ="org.junit.rules" value ="1"/>
         <Value name="ExpectedException" source ="ExpectedException.java" package ="org.junit.rules" value ="1"/>
         <Value name="ExpectedExceptionStatement" source ="ExpectedException.java" package ="org.junit.rules" value ="1"/>
         <Value name="TemporaryFolder" source ="TemporaryFolder.java" package ="org.junit.rules" value ="1"/>
         <Value name="TestName" source ="TestName.java" package ="org.junit.rules" value ="1"/>
         <Value name="Timeout" source ="Timeout.java" package ="org.junit.rules" value ="1"/>
         <Value name="Sorter" source ="Sorter.java" package ="org.junit.runner.manipulation" value ="1"/>
         <Value name="FrameworkField" source ="FrameworkField.java" package ="org.junit.runners.model" value ="1"/>
         <Value name="FrameworkMethod" source ="FrameworkMethod.java" package ="org.junit.runners.model" value ="1"/>
         <Value name="InitializationError" source ="InitializationError.java" package ="org.junit.runners.model" value ="1"/>
         <Value name="RunnerBuilder" source ="RunnerBuilder.java" package ="org.junit.runners.model" value ="1"/>
         <Value name="Parameterized" source ="Parameterized.java" package ="org.junit.runners" value ="1"/>
         <Value name="Suite" source ="Suite.java" package ="org.junit.runners" value ="1"/>
         <Value name="JUnitCore" source ="JUnitCore.java" package ="org.junit.runner" value ="1"/>
         <Value name="MoneyBag" source ="MoneyBag.java" package ="junit.samples.money" value ="1"/>
         <Value name="TornDown" source ="ExtensionTest.java" package ="junit.tests.extensions" value ="1"/>
         <Value name="RepeatedTestTest" source ="RepeatedTestTest.java" package ="junit.tests.extensions" value ="1"/>
         <Value name="SuiteTest" source ="SuiteTest.java" package ="junit.tests.framework" value ="1"/>
         <Value name="TornDown" source ="TestCaseTest.java" package ="junit.tests.framework" value ="1"/>
         <Value name="TestImplementorTest" source ="TestImplementorTest.java" package ="junit.tests.framework" value ="1"/>
         <Value name="DoubleTestCase" source ="TestImplementorTest.java" package ="junit.tests.framework" value ="1"/>
         <Value name="MockRunner" source ="BaseTestRunnerTest.java" package ="junit.tests.runner" value ="1"/>
         <Value name="WasRun" source ="WasRun.java" package ="junit.tests" value ="1"/>
         <Value name="Counter" source ="ClassRulesTest.java" package ="org.junit.tests.experimental.rules" value ="1"/>
         <Value name="CustomCounter" source ="ClassRulesTest.java" package ="org.junit.tests.experimental.rules" value ="1"/>
         <Value name="ExpectedMessageMatcherFails" source ="ExpectedExceptionRuleTest.java" package ="org.junit.tests.experimental.rules" value ="1"/>
         <Value name="ExpectsMatcher" source ="ExpectedExceptionRuleTest.java" package ="org.junit.tests.experimental.rules" value ="1"/>
         <Value name="ExpectsMessageMatcher" source ="ExpectedExceptionRuleTest.java" package ="org.junit.tests.experimental.rules" value ="1"/>
         <Value name="ExpectsMultipleMatchers" source ="ExpectedExceptionRuleTest.java" package ="org.junit.tests.experimental.rules" value ="1"/>
         <Value name="ExpectsSubstring" source ="ExpectedExceptionRuleTest.java" package ="org.junit.tests.experimental.rules" value ="1"/>
         <Value name="ExpectsSubstringNullMessage" source ="ExpectedExceptionRuleTest.java" package ="org.junit.tests.experimental.rules" value ="1"/>
         <Value name="HasExpectedException" source ="ExpectedExceptionRuleTest.java" package ="org.junit.tests.experimental.rules" value ="1"/>
         <Value name="HasWrongExpectedException" source ="ExpectedExceptionRuleTest.java" package ="org.junit.tests.experimental.rules" value ="1"/>
         <Value name="HasWrongMessage" source ="ExpectedExceptionRuleTest.java" package ="org.junit.tests.experimental.rules" value ="1"/>
         <Value name="WronglyExpectsException" source ="ExpectedExceptionRuleTest.java" package ="org.junit.tests.experimental.rules" value ="1"/>
         <Value name="WronglyExpectsExceptionMessage" source ="ExpectedExceptionRuleTest.java" package ="org.junit.tests.experimental.rules" value ="1"/>
         <Value name="UsesExternalResource" source ="ExternalResourceRuleTest.java" package ="org.junit.tests.experimental.rules" value ="1"/>
         <Value name="BeforesAndAfters" source ="MethodRulesTest.java" package ="org.junit.tests.experimental.rules" value ="1"/>
         <Value name="CustomTestName" source ="MethodRulesTest.java" package ="org.junit.tests.experimental.rules" value ="1"/>
         <Value name="ExampleTest" source ="MethodRulesTest.java" package ="org.junit.tests.experimental.rules" value ="1"/>
         <Value name="NoRulesTest" source ="MethodRulesTest.java" package ="org.junit.tests.experimental.rules" value ="1"/>
         <Value name="OnFailureTest" source ="MethodRulesTest.java" package ="org.junit.tests.experimental.rules" value ="1"/>
         <Value name="PrivateRule" source ="MethodRulesTest.java" package ="org.junit.tests.experimental.rules" value ="1"/>
         <Value name="UsesCustomMethodRule" source ="MethodRulesTest.java" package ="org.junit.tests.experimental.rules" value ="1"/>
         <Value name="WatchmanTest" source ="MethodRulesTest.java" package ="org.junit.tests.experimental.rules" value ="1"/>
         <Value name="WrongTypedField" source ="MethodRulesTest.java" package ="org.junit.tests.experimental.rules" value ="1"/>
         <Value name="TestNames" source ="NameRulesTest.java" package ="org.junit.tests.experimental.rules" value ="1"/>
         <Value name="CreatesSubFolder" source ="TempFolderRuleTest.java" package ="org.junit.tests.experimental.rules" value ="1"/>
         <Value name="HasTempFolder" source ="TempFolderRuleTest.java" package ="org.junit.tests.experimental.rules" value ="1"/>
         <Value name="BeforesAndAfters" source ="TestRuleTest.java" package ="org.junit.tests.experimental.rules" value ="1"/>
         <Value name="BothKindsOfRule" source ="TestRuleTest.java" package ="org.junit.tests.experimental.rules" value ="1"/>
         <Value name="CustomTestName" source ="TestRuleTest.java" package ="org.junit.tests.experimental.rules" value ="1"/>
         <Value name="ExampleTest" source ="TestRuleTest.java" package ="org.junit.tests.experimental.rules" value ="1"/>
         <Value name="NoRulesTest" source ="TestRuleTest.java" package ="org.junit.tests.experimental.rules" value ="1"/>
         <Value name="OnFailureTest" source ="TestRuleTest.java" package ="org.junit.tests.experimental.rules" value ="1"/>
         <Value name="OneFieldTwoKindsOfRule" source ="TestRuleTest.java" package ="org.junit.tests.experimental.rules" value ="1"/>
         <Value name="PrivateRule" source ="TestRuleTest.java" package ="org.junit.tests.experimental.rules" value ="1"/>
         <Value name="UsesCustomMethodRule" source ="TestRuleTest.java" package ="org.junit.tests.experimental.rules" value ="1"/>
         <Value name="WatchmanTest" source ="TestRuleTest.java" package ="org.junit.tests.experimental.rules" value ="1"/>
         <Value name="WrongTypedField" source ="TestRuleTest.java" package ="org.junit.tests.experimental.rules" value ="1"/>
         <Value name="HasGlobalTimeout" source ="TimeoutRuleTest.java" package ="org.junit.tests.experimental.rules" value ="1"/>
         <Value name="UsesErrorCollector" source ="VerifierRuleTest.java" package ="org.junit.tests.experimental.rules" value ="1"/>
         <Value name="UsesErrorCollectorCheckSucceeds" source ="VerifierRuleTest.java" package ="org.junit.tests.experimental.rules" value ="1"/>
         <Value name="UsesErrorCollectorCheckSucceedsPasses" source ="VerifierRuleTest.java" package ="org.junit.tests.experimental.rules" value ="1"/>
         <Value name="UsesErrorCollectorCheckThat" source ="VerifierRuleTest.java" package ="org.junit.tests.experimental.rules" value ="1"/>
         <Value name="UsesErrorCollectorTwice" source ="VerifierRuleTest.java" package ="org.junit.tests.experimental.rules" value ="1"/>
         <Value name="UsesVerifier" source ="VerifierRuleTest.java" package ="org.junit.tests.experimental.rules" value ="1"/>
         <Value name="GuesserQueue" source ="GuesserQueue.java" package ="org.junit.tests.experimental.theories.extendingwithstubs" value ="1"/>
         <Value name="ReguessableDecorator" source ="GuesserQueue.java" package ="org.junit.tests.experimental.theories.extendingwithstubs" value ="1"/>
         <Value name="StringableObject" source ="StringableObject.java" package ="org.junit.tests.experimental.theories.extendingwithstubs" value ="1"/>
         <Value name="StubbedTheoryAnchor" source ="StubbedTheories.java" package ="org.junit.tests.experimental.theories.extendingwithstubs" value ="1"/>
         <Value name="BeforeAndAfterOnSameInstance" source ="SuccessfulWithDataPointFields.java" package ="org.junit.tests.experimental.theories.runner" value ="1"/>
         <Value name="NewObjectEachTime" source ="SuccessfulWithDataPointFields.java" package ="org.junit.tests.experimental.theories.runner" value ="1"/>
         <Value name="PositiveInts" source ="SuccessfulWithDataPointFields.java" package ="org.junit.tests.experimental.theories.runner" value ="1"/>
         <Value name="PositiveIntsWithMethodParams" source ="SuccessfulWithDataPointFields.java" package ="org.junit.tests.experimental.theories.runner" value ="1"/>
         <Value name="PositiveIntsWithNegativeField" source ="SuccessfulWithDataPointFields.java" package ="org.junit.tests.experimental.theories.runner" value ="1"/>
         <Value name="InitializationErrorForwardCompatibilityTest" source ="InitializationErrorForwardCompatibilityTest.java" package ="org.junit.tests.junit3compatibility" value ="1"/>
         <Value name="ErrorRememberingListener" source ="InitializationErrorForwardCompatibilityTest.java" package ="org.junit.tests.junit3compatibility" value ="1"/>
         <Value name="RunnerTest" source ="RunnerTest.java" package ="org.junit.tests.listening" value ="1"/>
         <Value name="MyListener" source ="RunnerTest.java" package ="org.junit.tests.listening" value ="1"/>
         <Value name="TestListenerTest" source ="TestListenerTest.java" package ="org.junit.tests.listening" value ="1"/>
         <Value name="UserStopTest" source ="UserStopTest.java" package ="org.junit.tests.listening" value ="1"/>
         <Value name="SubclassWithField" source ="TestClassTest.java" package ="org.junit.tests.running.classes" value ="1"/>
         <Value name="SuperclassWithField" source ="TestClassTest.java" package ="org.junit.tests.running.classes" value ="1"/>
         <Value name="TestSetup" source ="TestSetup.java" package ="junit.extensions" value ="0"/>
         <Value name="Assert" source ="Assert.java" package ="junit.framework" value ="0"/>
         <Value name="AssertionFailedError" source ="AssertionFailedError.java" package ="junit.framework" value ="0"/>
         <Value name="JUnit4TestAdapterCache" source ="JUnit4TestAdapterCache.java" package ="junit.framework" value ="0"/>
         <Value name="Version" source ="Version.java" package ="junit.runner" value ="0"/>
         <Value name="Categories" source ="Categories.java" package ="org.junit.experimental.categories" value ="0"/>
         <Value name="IncludeCategory" source ="Categories.java" package ="org.junit.experimental.categories" value ="0"/>
         <Value name="CouldNotReadCoreException" source ="CouldNotReadCoreException.java" package ="org.junit.experimental.max" value ="0"/>
         <Value name="TestComparator" source ="MaxHistory.java" package ="org.junit.experimental.max" value ="0"/>
         <Value name="ResultMatchers" source ="ResultMatchers.java" package ="org.junit.experimental.results" value ="0"/>
         <Value name="Enclosed" source ="Enclosed.java" package ="org.junit.experimental.runners" value ="0"/>
         <Value name="ParameterizedAssertionError" source ="ParameterizedAssertionError.java" package ="org.junit.experimental.theories.internal" value ="0"/>
         <Value name="TestedOnSupplier" source ="TestedOnSupplier.java" package ="org.junit.experimental.theories.suppliers" value ="0"/>
         <Value name="ParameterSupplier" source ="ParameterSupplier.java" package ="org.junit.experimental.theories" value ="0"/>
         <Value name="PotentialAssignment" source ="PotentialAssignment.java" package ="org.junit.experimental.theories" value ="0"/>
         <Value name="CouldNotGenerateValueException" source ="PotentialAssignment.java" package ="org.junit.experimental.theories" value ="0"/>
         <Value name="Theories" source ="Theories.java" package ="org.junit.experimental.theories" value ="0"/>
         <Value name="IgnoredBuilder" source ="IgnoredBuilder.java" package ="org.junit.internal.builders" value ="0"/>
         <Value name="JUnit3Builder" source ="JUnit3Builder.java" package ="org.junit.internal.builders" value ="0"/>
         <Value name="JUnit4Builder" source ="JUnit4Builder.java" package ="org.junit.internal.builders" value ="0"/>
         <Value name="NullBuilder" source ="NullBuilder.java" package ="org.junit.internal.builders" value ="0"/>
         <Value name="SuiteMethodBuilder" source ="SuiteMethodBuilder.java" package ="org.junit.internal.builders" value ="0"/>
         <Value name="Each" source ="Each.java" package ="org.junit.internal.matchers" value ="0"/>
         <Value name="StringContains" source ="StringContains.java" package ="org.junit.internal.matchers" value ="0"/>
         <Value name="ReflectiveCallable" source ="ReflectiveCallable.java" package ="org.junit.internal.runners.model" value ="0"/>
         <Value name="FailedBefore" source ="FailedBefore.java" package ="org.junit.internal.runners" value ="0"/>
         <Value name="SuiteMethod" source ="SuiteMethod.java" package ="org.junit.internal.runners" value ="0"/>
         <Value name="ComparisonCriteria" source ="ComparisonCriteria.java" package ="org.junit.internal" value ="0"/>
         <Value name="ExactComparisonCriteria" source ="ExactComparisonCriteria.java" package ="org.junit.internal" value ="0"/>
         <Value name="RealSystem" source ="RealSystem.java" package ="org.junit.internal" value ="0"/>
         <Value name="JUnitMatchers" source ="JUnitMatchers.java" package ="org.junit.matchers" value ="0"/>
         <Value name="ExternalResource" source ="ExternalResource.java" package ="org.junit.rules" value ="0"/>
         <Value name="TestWatcher" source ="TestWatcher.java" package ="org.junit.rules" value ="0"/>
         <Value name="TestWatchman" source ="TestWatchman.java" package ="org.junit.rules" value ="0"/>
         <Value name="Verifier" source ="Verifier.java" package ="org.junit.rules" value ="0"/>
         <Value name="Filter" source ="Filter.java" package ="org.junit.runner.manipulation" value ="0"/>
         <Value name="NoTestsRemainException" source ="NoTestsRemainException.java" package ="org.junit.runner.manipulation" value ="0"/>
         <Value name="RunListener" source ="RunListener.java" package ="org.junit.runner.notification" value ="0"/>
         <Value name="SafeNotifier" source ="RunNotifier.java" package ="org.junit.runner.notification" value ="0"/>
         <Value name="StoppedByUserException" source ="StoppedByUserException.java" package ="org.junit.runner.notification" value ="0"/>
         <Value name="FrameworkMember" source ="FrameworkMember.java" package ="org.junit.runners.model" value ="0"/>
         <Value name="Statement" source ="Statement.java" package ="org.junit.runners.model" value ="0"/>
         <Value name="AllTests" source ="AllTests.java" package ="org.junit.runners" value ="0"/>
         <Value name="BlockJUnit4ClassRunner" source ="BlockJUnit4ClassRunner.java" package ="org.junit.runners" value ="0"/>
         <Value name="JUnit4" source ="JUnit4.java" package ="org.junit.runners" value ="0"/>
         <Value name="Parameters" source ="Parameterized.java" package ="org.junit.runners" value ="0"/>
         <Value name="Computer" source ="Computer.java" package ="org.junit.runner" value ="0"/>
         <Value name="Request" source ="Request.java" package ="org.junit.runner" value ="0"/>
         <Value name="Listener" source ="Result.java" package ="org.junit.runner" value ="0"/>
         <Value name="Runner" source ="Runner.java" package ="org.junit.runner" value ="0"/>
         <Value name="Assert" source ="Assert.java" package ="org.junit" value ="0"/>
         <Value name="Assume" source ="Assume.java" package ="org.junit" value ="0"/>
         <Value name="AllTests" source ="AllTests.java" package ="junit.samples" value ="0"/>
         <Value name="ActiveTestTest" source ="ActiveTestTest.java" package ="junit.tests.extensions" value ="0"/>
         <Value name="SuccessTest" source ="ActiveTestTest.java" package ="junit.tests.extensions" value ="0"/>
         <Value name="AllTests" source ="AllTests.java" package ="junit.tests.extensions" value ="0"/>
         <Value name="ExtensionTest" source ="ExtensionTest.java" package ="junit.tests.extensions" value ="0"/>
         <Value name="SuccessTest" source ="RepeatedTestTest.java" package ="junit.tests.extensions" value ="0"/>
         <Value name="AllTests" source ="AllTests.java" package ="junit.tests.framework" value ="0"/>
         <Value name="AssertTest" source ="AssertTest.java" package ="junit.tests.framework" value ="0"/>
         <Value name="ComparisonCompactorTest" source ="ComparisonCompactorTest.java" package ="junit.tests.framework" value ="0"/>
         <Value name="ComparisonFailureTest" source ="ComparisonFailureTest.java" package ="junit.tests.framework" value ="0"/>
         <Value name="DoublePrecisionAssertTest" source ="DoublePrecisionAssertTest.java" package ="junit.tests.framework" value ="0"/>
         <Value name="Failure" source ="Failure.java" package ="junit.tests.framework" value ="0"/>
         <Value name="FloatAssertTest" source ="FloatAssertTest.java" package ="junit.tests.framework" value ="0"/>
         <Value name="InheritedTestCase" source ="InheritedTestCase.java" package ="junit.tests.framework" value ="0"/>
         <Value name="NoArgTestCaseTest" source ="NoArgTestCaseTest.java" package ="junit.tests.framework" value ="0"/>
         <Value name="NoTestCaseClass" source ="NoTestCaseClass.java" package ="junit.tests.framework" value ="0"/>
         <Value name="NoTestCases" source ="NoTestCases.java" package ="junit.tests.framework" value ="0"/>
         <Value name="NotPublicTestCase" source ="NotPublicTestCase.java" package ="junit.tests.framework" value ="0"/>
         <Value name="NotVoidTestCase" source ="NotVoidTestCase.java" package ="junit.tests.framework" value ="0"/>
         <Value name="OneTestCase" source ="OneTestCase.java" package ="junit.tests.framework" value ="0"/>
         <Value name="OverrideTestCase" source ="OverrideTestCase.java" package ="junit.tests.framework" value ="0"/>
         <Value name="Success" source ="Success.java" package ="junit.tests.framework" value ="0"/>
         <Value name="TestCaseTest" source ="TestCaseTest.java" package ="junit.tests.framework" value ="0"/>
         <Value name="ThreeTestCases" source ="ThreeTestCases.java" package ="junit.tests.framework" value ="0"/>
         <Value name="AllTests" source ="AllTests.java" package ="junit.tests.runner" value ="0"/>
         <Value name="BaseTestRunnerTest" source ="BaseTestRunnerTest.java" package ="junit.tests.runner" value ="0"/>
         <Value name="DoesntExtendTestCase" source ="BaseTestRunnerTest.java" package ="junit.tests.runner" value ="0"/>
         <Value name="NonStatic" source ="BaseTestRunnerTest.java" package ="junit.tests.runner" value ="0"/>
         <Value name="TestResultPrinter" source ="TextFeedbackTest.java" package ="junit.tests.runner" value ="0"/>
         <Value name="TextRunnerSingleMethodTest" source ="TextRunnerSingleMethodTest.java" package ="junit.tests.runner" value ="0"/>
         <Value name="InvocationTest" source ="TextRunnerSingleMethodTest.java" package ="junit.tests.runner" value ="0"/>
         <Value name="TextRunnerTest" source ="TextRunnerTest.java" package ="junit.tests.runner" value ="0"/>
         <Value name="AllTests" source ="AllTests.java" package ="junit.tests" value ="0"/>
         <Value name="AssertionTest" source ="AssertionTest.java" package ="org.junit.tests.assertion" value ="0"/>
         <Value name="BothTest" source ="BothTest.java" package ="org.junit.tests.assertion" value ="0"/>
         <Value name="EachTest" source ="EachTest.java" package ="org.junit.tests.assertion" value ="0"/>
         <Value name="JUnit4ClassRunnerTest" source ="JUnit4ClassRunnerTest.java" package ="org.junit.tests.deprecated" value ="0"/>
         <Value name="Example" source ="JUnit4ClassRunnerTest.java" package ="org.junit.tests.deprecated" value ="0"/>
         <Value name="UnconstructableExample" source ="JUnit4ClassRunnerTest.java" package ="org.junit.tests.deprecated" value ="0"/>
         <Value name="AnnotatedDescriptionTest" source ="AnnotatedDescriptionTest.java" package ="org.junit.tests.description" value ="0"/>
         <Value name="AnnotatedClass" source ="AnnotatedDescriptionTest.java" package ="org.junit.tests.description" value ="0"/>
         <Value name="IgnoredClass" source ="AnnotatedDescriptionTest.java" package ="org.junit.tests.description" value ="0"/>
         <Value name="MyOwnAnnotation" source ="AnnotatedDescriptionTest.java" package ="org.junit.tests.description" value ="0"/>
         <Value name="TestDescriptionTest" source ="TestDescriptionTest.java" package ="org.junit.tests.description" value ="0"/>
         <Value name="CategoriesAndParameterizedTest" source ="CategoriesAndParameterizedTest.java" package ="org.junit.tests.experimental.categories" value ="0"/>
         <Value name="ParameterTokenSuiteMalformed" source ="CategoriesAndParameterizedTest.java" package ="org.junit.tests.experimental.categories" value ="0"/>
         <Value name="ParameterTokenSuiteMalformedAndSwapped" source ="CategoriesAndParameterizedTest.java" package ="org.junit.tests.experimental.categories" value ="0"/>
         <Value name="ParameterTokenSuiteWellFormed" source ="CategoriesAndParameterizedTest.java" package ="org.junit.tests.experimental.categories" value ="0"/>
         <Value name="ParameterizedTestWithAttemptedMethodCategory" source ="CategoriesAndParameterizedTest.java" package ="org.junit.tests.experimental.categories" value ="0"/>
         <Value name="Token" source ="CategoriesAndParameterizedTest.java" package ="org.junit.tests.experimental.categories" value ="0"/>
         <Value name="VanillaCategorizedJUnitTest" source ="CategoriesAndParameterizedTest.java" package ="org.junit.tests.experimental.categories" value ="0"/>
         <Value name="WellBehavedParameterizedTest" source ="CategoriesAndParameterizedTest.java" package ="org.junit.tests.experimental.categories" value ="0"/>
         <Value name="CategoryTest" source ="CategoryTest.java" package ="org.junit.tests.experimental.categories" value ="0"/>
         <Value name="A" source ="CategoryTest.java" package ="org.junit.tests.experimental.categories" value ="0"/>
         <Value name="B" source ="CategoryTest.java" package ="org.junit.tests.experimental.categories" value ="0"/>
         <Value name="C" source ="CategoryTest.java" package ="org.junit.tests.experimental.categories" value ="0"/>
         <Value name="Category1" source ="CategoryTest.java" package ="org.junit.tests.experimental.categories" value ="0"/>
         <Value name="Category2" source ="CategoryTest.java" package ="org.junit.tests.experimental.categories" value ="0"/>
         <Value name="ChooseSlowFromBoth" source ="CategoryTest.java" package ="org.junit.tests.experimental.categories" value ="0"/>
         <Value name="ClassAsCategory" source ="CategoryTest.java" package ="org.junit.tests.experimental.categories" value ="0"/>
         <Value name="IncludeAndExcludeSuite" source ="CategoryTest.java" package ="org.junit.tests.experimental.categories" value ="0"/>
         <Value name="JustA" source ="CategoryTest.java" package ="org.junit.tests.experimental.categories" value ="0"/>
         <Value name="OneFast" source ="CategoryTest.java" package ="org.junit.tests.experimental.categories" value ="0"/>
         <Value name="OneFastOneSlow" source ="CategoryTest.java" package ="org.junit.tests.experimental.categories" value ="0"/>
         <Value name="OneFastSuite" source ="CategoryTest.java" package ="org.junit.tests.experimental.categories" value ="0"/>
         <Value name="OneMoreTest" source ="CategoryTest.java" package ="org.junit.tests.experimental.categories" value ="0"/>
         <Value name="OneThatIsBothFastAndSlow" source ="CategoryTest.java" package ="org.junit.tests.experimental.categories" value ="0"/>
         <Value name="OneVerySlowTest" source ="CategoryTest.java" package ="org.junit.tests.experimental.categories" value ="0"/>
         <Value name="RunClassAsCategory" source ="CategoryTest.java" package ="org.junit.tests.experimental.categories" value ="0"/>
         <Value name="RunSlowFromVerySlow" source ="CategoryTest.java" package ="org.junit.tests.experimental.categories" value ="0"/>
         <Value name="SlowTestSuite" source ="CategoryTest.java" package ="org.junit.tests.experimental.categories" value ="0"/>
         <Value name="SomeAreSlow" source ="CategoryTest.java" package ="org.junit.tests.experimental.categories" value ="0"/>
         <Value name="SomeAreSlowSuite" source ="CategoryTest.java" package ="org.junit.tests.experimental.categories" value ="0"/>
         <Value name="TestSuiteWithNoCategories" source ="CategoryTest.java" package ="org.junit.tests.experimental.categories" value ="0"/>
         <Value name="DescriptionTest" source ="DescriptionTest.java" package ="org.junit.tests.experimental.max" value ="0"/>
         <Value name="JUnit38Test" source ="JUnit38SortingTest.java" package ="org.junit.tests.experimental.max" value ="0"/>
         <Value name="JUnit4Test" source ="JUnit38SortingTest.java" package ="org.junit.tests.experimental.max" value ="0"/>
         <Value name="HalfMalformedJUnit38TestMethod" source ="MaxStarterTest.java" package ="org.junit.tests.experimental.max" value ="0"/>
         <Value name="MalformedJUnit38Test" source ="MaxStarterTest.java" package ="org.junit.tests.experimental.max" value ="0"/>
         <Value name="MalformedJUnit38TestMethod" source ="MaxStarterTest.java" package ="org.junit.tests.experimental.max" value ="0"/>
         <Value name="TwoOldTests" source ="MaxStarterTest.java" package ="org.junit.tests.experimental.max" value ="0"/>
         <Value name="TwoTests" source ="MaxStarterTest.java" package ="org.junit.tests.experimental.max" value ="0"/>
         <Value name="TwoUnEqualTests" source ="MaxStarterTest.java" package ="org.junit.tests.experimental.max" value ="0"/>
         <Value name="ParallelClassTest" source ="ParallelClassTest.java" package ="org.junit.tests.experimental.parallel" value ="0"/>
         <Value name="Example1" source ="ParallelClassTest.java" package ="org.junit.tests.experimental.parallel" value ="0"/>
         <Value name="Example2" source ="ParallelClassTest.java" package ="org.junit.tests.experimental.parallel" value ="0"/>
         <Value name="ExampleSuite" source ="ParallelClassTest.java" package ="org.junit.tests.experimental.parallel" value ="0"/>
         <Value name="ParallelMethodTest" source ="ParallelMethodTest.java" package ="org.junit.tests.experimental.parallel" value ="0"/>
         <Value name="Example" source ="ParallelMethodTest.java" package ="org.junit.tests.experimental.parallel" value ="0"/>
         <Value name="PrintableResultTest" source ="PrintableResultTest.java" package ="org.junit.tests.experimental.results" value ="0"/>
         <Value name="ResultMatchersTest" source ="ResultMatchersTest.java" package ="org.junit.tests.experimental.results" value ="0"/>
         <Value name="ClassRulesTest" source ="ClassRulesTest.java" package ="org.junit.tests.experimental.rules" value ="0"/>
         <Value name="ExampleTestWithClassRule" source ="ClassRulesTest.java" package ="org.junit.tests.experimental.rules" value ="0"/>
         <Value name="ExampleTestWithCustomClassRule" source ="ClassRulesTest.java" package ="org.junit.tests.experimental.rules" value ="0"/>
         <Value name="SubclassOfTestWithClassRule" source ="ClassRulesTest.java" package ="org.junit.tests.experimental.rules" value ="0"/>
         <Value name="ExpectedExceptionRuleTest" source ="ExpectedExceptionRuleTest.java" package ="org.junit.tests.experimental.rules" value ="0"/>
         <Value name="ExternalResourceRuleTest" source ="ExternalResourceRuleTest.java" package ="org.junit.tests.experimental.rules" value ="0"/>
         <Value name="MethodRulesTest" source ="MethodRulesTest.java" package ="org.junit.tests.experimental.rules" value ="0"/>
         <Value name="SonOfExampleTest" source ="MethodRulesTest.java" package ="org.junit.tests.experimental.rules" value ="0"/>
         <Value name="SonOfWrongTypedField" source ="MethodRulesTest.java" package ="org.junit.tests.experimental.rules" value ="0"/>
         <Value name="NameRulesTest" source ="NameRulesTest.java" package ="org.junit.tests.experimental.rules" value ="0"/>
         <Value name="TempFolderRuleTest" source ="TempFolderRuleTest.java" package ="org.junit.tests.experimental.rules" value ="0"/>
         <Value name="TestRuleTest" source ="TestRuleTest.java" package ="org.junit.tests.experimental.rules" value ="0"/>
         <Value name="SonOfExampleTest" source ="TestRuleTest.java" package ="org.junit.tests.experimental.rules" value ="0"/>
         <Value name="SonOfWrongTypedField" source ="TestRuleTest.java" package ="org.junit.tests.experimental.rules" value ="0"/>
         <Value name="TimeoutRuleTest" source ="TimeoutRuleTest.java" package ="org.junit.tests.experimental.rules" value ="0"/>
         <Value name="VerifierRuleTest" source ="VerifierRuleTest.java" package ="org.junit.tests.experimental.rules" value ="0"/>
         <Value name="GuessMap" source ="Guesser.java" package ="org.junit.tests.experimental.theories.extendingwithstubs" value ="0"/>
         <Value name="ReguessableValue" source ="ReguessableValue.java" package ="org.junit.tests.experimental.theories.extendingwithstubs" value ="0"/>
         <Value name="StubbedTheories" source ="StubbedTheories.java" package ="org.junit.tests.experimental.theories.extendingwithstubs" value ="0"/>
         <Value name="StubbedTheoriesTest" source ="StubbedTheoriesTest.java" package ="org.junit.tests.experimental.theories.extendingwithstubs" value ="0"/>
         <Value name="SuccessfulWithDataPointFields" source ="SuccessfulWithDataPointFields.java" package ="org.junit.tests.experimental.theories.runner" value ="0"/>
         <Value name="BeforeAndAfterEachTime" source ="SuccessfulWithDataPointFields.java" package ="org.junit.tests.experimental.theories.runner" value ="0"/>
         <Value name="DifferentTypesInConstructor" source ="SuccessfulWithDataPointFields.java" package ="org.junit.tests.experimental.theories.runner" value ="0"/>
         <Value name="HasATwoParameterTheory" source ="SuccessfulWithDataPointFields.java" package ="org.junit.tests.experimental.theories.runner" value ="0"/>
         <Value name="OneTestTwoAnnotations" source ="SuccessfulWithDataPointFields.java" package ="org.junit.tests.experimental.theories.runner" value ="0"/>
         <Value name="StaticPublicNonDataPoints" source ="SuccessfulWithDataPointFields.java" package ="org.junit.tests.experimental.theories.runner" value ="0"/>
         <Value name="TheoriesPerformanceTest" source ="TheoriesPerformanceTest.java" package ="org.junit.tests.experimental.theories.runner" value ="0"/>
         <Value name="UpToTen" source ="TheoriesPerformanceTest.java" package ="org.junit.tests.experimental.theories.runner" value ="0"/>
         <Value name="UnsuccessfulWithDataPointFields" source ="UnsuccessfulWithDataPointFields.java" package ="org.junit.tests.experimental.theories.runner" value ="0"/>
         <Value name="DoesntUseParams" source ="UnsuccessfulWithDataPointFields.java" package ="org.junit.tests.experimental.theories.runner" value ="0"/>
         <Value name="HasATheory" source ="UnsuccessfulWithDataPointFields.java" package ="org.junit.tests.experimental.theories.runner" value ="0"/>
         <Value name="NullsOK" source ="UnsuccessfulWithDataPointFields.java" package ="org.junit.tests.experimental.theories.runner" value ="0"/>
         <Value name="TheoriesMustBePublic" source ="UnsuccessfulWithDataPointFields.java" package ="org.junit.tests.experimental.theories.runner" value ="0"/>
         <Value name="WhenNoParametersMatch" source ="WhenNoParametersMatch.java" package ="org.junit.tests.experimental.theories.runner" value ="0"/>
         <Value name="AssumptionsFail" source ="WhenNoParametersMatch.java" package ="org.junit.tests.experimental.theories.runner" value ="0"/>
         <Value name="WithDataPointMethod" source ="WithDataPointMethod.java" package ="org.junit.tests.experimental.theories.runner" value ="0"/>
         <Value name="DataPointMethodReturnsMutableObject" source ="WithDataPointMethod.java" package ="org.junit.tests.experimental.theories.runner" value ="0"/>
         <Value name="HasDataPointMethod" source ="WithDataPointMethod.java" package ="org.junit.tests.experimental.theories.runner" value ="0"/>
         <Value name="HasDateMethod" source ="WithDataPointMethod.java" package ="org.junit.tests.experimental.theories.runner" value ="0"/>
         <Value name="HasUglyDataPointMethod" source ="WithDataPointMethod.java" package ="org.junit.tests.experimental.theories.runner" value ="0"/>
         <Value name="WithExtendedParameterSources" source ="WithExtendedParameterSources.java" package ="org.junit.tests.experimental.theories.runner" value ="0"/>
         <Value name="DataPointArrayMethod" source ="WithExtendedParameterSources.java" package ="org.junit.tests.experimental.theories.runner" value ="0"/>
         <Value name="DataPointArrayToBeUsedForWholeParameter" source ="WithExtendedParameterSources.java" package ="org.junit.tests.experimental.theories.runner" value ="0"/>
         <Value name="DataPointArrays" source ="WithExtendedParameterSources.java" package ="org.junit.tests.experimental.theories.runner" value ="0"/>
         <Value name="DataPointMalformedArrayMethods" source ="WithExtendedParameterSources.java" package ="org.junit.tests.experimental.theories.runner" value ="0"/>
         <Value name="ParameterAnnotations" source ="WithExtendedParameterSources.java" package ="org.junit.tests.experimental.theories.runner" value ="0"/>
         <Value name="ShouldFilterNull" source ="WithExtendedParameterSources.java" package ="org.junit.tests.experimental.theories.runner" value ="0"/>
         <Value name="WithOnlyTestAnnotations" source ="WithOnlyTestAnnotations.java" package ="org.junit.tests.experimental.theories.runner" value ="0"/>
         <Value name="ErrorWhenTestHasParametersDespiteTheories" source ="WithOnlyTestAnnotations.java" package ="org.junit.tests.experimental.theories.runner" value ="0"/>
         <Value name="HonorExpectedException" source ="WithOnlyTestAnnotations.java" package ="org.junit.tests.experimental.theories.runner" value ="0"/>
         <Value name="HonorExpectedExceptionPasses" source ="WithOnlyTestAnnotations.java" package ="org.junit.tests.experimental.theories.runner" value ="0"/>
         <Value name="HonorTimeout" source ="WithOnlyTestAnnotations.java" package ="org.junit.tests.experimental.theories.runner" value ="0"/>
         <Value name="AllMembersSupplierTest" source ="AllMembersSupplierTest.java" package ="org.junit.tests.experimental.theories" value ="0"/>
         <Value name="HasDataPoints" source ="AllMembersSupplierTest.java" package ="org.junit.tests.experimental.theories" value ="0"/>
         <Value name="ParameterSignatureTest" source ="ParameterSignatureTest.java" package ="org.junit.tests.experimental.theories" value ="0"/>
         <Value name="ParameterizedAssertionErrorTest" source ="ParameterizedAssertionErrorTest.java" package ="org.junit.tests.experimental.theories" value ="0"/>
         <Value name="AssumptionTest" source ="AssumptionTest.java" package ="org.junit.tests.experimental" value ="0"/>
         <Value name="AssumptionFailureInConstructor" source ="AssumptionTest.java" package ="org.junit.tests.experimental" value ="0"/>
         <Value name="HasFailingAssumeInBefore" source ="AssumptionTest.java" package ="org.junit.tests.experimental" value ="0"/>
         <Value name="HasFailingAssumeInBeforeClass" source ="AssumptionTest.java" package ="org.junit.tests.experimental" value ="0"/>
         <Value name="HasFailingAssumption" source ="AssumptionTest.java" package ="org.junit.tests.experimental" value ="0"/>
         <Value name="HasPassingAssumption" source ="AssumptionTest.java" package ="org.junit.tests.experimental" value ="0"/>
         <Value name="AssumptionViolatedExceptionTest" source ="AssumptionViolatedExceptionTest.java" package ="org.junit.tests.experimental" value ="0"/>
         <Value name="ExperimentalTests" source ="ExperimentalTests.java" package ="org.junit.tests.experimental" value ="0"/>
         <Value name="MatcherTest" source ="MatcherTest.java" package ="org.junit.tests.experimental" value ="0"/>
         <Value name="AllTestsTest" source ="AllTestsTest.java" package ="org.junit.tests.junit3compatibility" value ="0"/>
         <Value name="All" source ="AllTestsTest.java" package ="org.junit.tests.junit3compatibility" value ="0"/>
         <Value name="AllJUnit4" source ="AllTestsTest.java" package ="org.junit.tests.junit3compatibility" value ="0"/>
         <Value name="BadSuiteMethod" source ="AllTestsTest.java" package ="org.junit.tests.junit3compatibility" value ="0"/>
         <Value name="JUnit4Test" source ="AllTestsTest.java" package ="org.junit.tests.junit3compatibility" value ="0"/>
         <Value name="OneTest" source ="AllTestsTest.java" package ="org.junit.tests.junit3compatibility" value ="0"/>
         <Value name="ClassRequestTest" source ="ClassRequestTest.java" package ="org.junit.tests.junit3compatibility" value ="0"/>
         <Value name="PrivateSuiteMethod" source ="ClassRequestTest.java" package ="org.junit.tests.junit3compatibility" value ="0"/>
         <Value name="ForwardCompatibilityPrintingTest" source ="ForwardCompatibilityPrintingTest.java" package ="org.junit.tests.junit3compatibility" value ="0"/>
         <Value name="ATest" source ="ForwardCompatibilityPrintingTest.java" package ="org.junit.tests.junit3compatibility" value ="0"/>
         <Value name="TestResultPrinter" source ="ForwardCompatibilityPrintingTest.java" package ="org.junit.tests.junit3compatibility" value ="0"/>
         <Value name="ForwardCompatibilityTest" source ="ForwardCompatibilityTest.java" package ="org.junit.tests.junit3compatibility" value ="0"/>
         <Value name="BeforeClassTest" source ="ForwardCompatibilityTest.java" package ="org.junit.tests.junit3compatibility" value ="0"/>
         <Value name="ErrorTest" source ="ForwardCompatibilityTest.java" package ="org.junit.tests.junit3compatibility" value ="0"/>
         <Value name="ExceptionInBeforeTest" source ="ForwardCompatibilityTest.java" package ="org.junit.tests.junit3compatibility" value ="0"/>
         <Value name="ExpectedTest" source ="ForwardCompatibilityTest.java" package ="org.junit.tests.junit3compatibility" value ="0"/>
         <Value name="InvalidMethodTest" source ="ForwardCompatibilityTest.java" package ="org.junit.tests.junit3compatibility" value ="0"/>
         <Value name="MarkerRunner" source ="ForwardCompatibilityTest.java" package ="org.junit.tests.junit3compatibility" value ="0"/>
         <Value name="NewTest" source ="ForwardCompatibilityTest.java" package ="org.junit.tests.junit3compatibility" value ="0"/>
         <Value name="NoExceptionTest" source ="ForwardCompatibilityTest.java" package ="org.junit.tests.junit3compatibility" value ="0"/>
         <Value name="NoTests" source ="ForwardCompatibilityTest.java" package ="org.junit.tests.junit3compatibility" value ="0"/>
         <Value name="UnExpectedExceptionTest" source ="ForwardCompatibilityTest.java" package ="org.junit.tests.junit3compatibility" value ="0"/>
         <Value name="CantInitialize" source ="InitializationErrorForwardCompatibilityTest.java" package ="org.junit.tests.junit3compatibility" value ="0"/>
         <Value name="CantInitializeTests" source ="InitializationErrorForwardCompatibilityTest.java" package ="org.junit.tests.junit3compatibility" value ="0"/>
         <Value name="InitializesWithError" source ="InitializationErrorForwardCompatibilityTest.java" package ="org.junit.tests.junit3compatibility" value ="0"/>
         <Value name="JUnit38ClassRunnerTest" source ="JUnit38ClassRunnerTest.java" package ="org.junit.tests.junit3compatibility" value ="0"/>
         <Value name="AnnotatedTest" source ="JUnit38ClassRunnerTest.java" package ="org.junit.tests.junit3compatibility" value ="0"/>
         <Value name="ClassWithInvalidMethod" source ="JUnit38ClassRunnerTest.java" package ="org.junit.tests.junit3compatibility" value ="0"/>
         <Value name="MyTest" source ="JUnit38ClassRunnerTest.java" package ="org.junit.tests.junit3compatibility" value ="0"/>
         <Value name="OneTest" source ="JUnit38ClassRunnerTest.java" package ="org.junit.tests.junit3compatibility" value ="0"/>
         <Value name="OldTestClassAdaptingListenerTest" source ="OldTestClassAdaptingListenerTest.java" package ="org.junit.tests.junit3compatibility" value ="0"/>
         <Value name="OldTests" source ="OldTests.java" package ="org.junit.tests.junit3compatibility" value ="0"/>
         <Value name="SuiteMethodTest" source ="SuiteMethodTest.java" package ="org.junit.tests.junit3compatibility" value ="0"/>
         <Value name="CompatibilityTest" source ="SuiteMethodTest.java" package ="org.junit.tests.junit3compatibility" value ="0"/>
         <Value name="NewTest" source ="SuiteMethodTest.java" package ="org.junit.tests.junit3compatibility" value ="0"/>
         <Value name="NewTestSuiteFails" source ="SuiteMethodTest.java" package ="org.junit.tests.junit3compatibility" value ="0"/>
         <Value name="NewTestSuiteNotUsed" source ="SuiteMethodTest.java" package ="org.junit.tests.junit3compatibility" value ="0"/>
         <Value name="OldTest" source ="SuiteMethodTest.java" package ="org.junit.tests.junit3compatibility" value ="0"/>
         <Value name="ListenerTest" source ="ListenerTest.java" package ="org.junit.tests.listening" value ="0"/>
         <Value name="OneTest" source ="ListenerTest.java" package ="org.junit.tests.listening" value ="0"/>
         <Value name="Example" source ="RunnerTest.java" package ="org.junit.tests.listening" value ="0"/>
         <Value name="ExampleTest" source ="RunnerTest.java" package ="org.junit.tests.listening" value ="0"/>
         <Value name="NewExample" source ="RunnerTest.java" package ="org.junit.tests.listening" value ="0"/>
         <Value name="ErrorListener" source ="TestListenerTest.java" package ="org.junit.tests.listening" value ="0"/>
         <Value name="ExceptionListener" source ="TestListenerTest.java" package ="org.junit.tests.listening" value ="0"/>
         <Value name="OneTest" source ="TestListenerTest.java" package ="org.junit.tests.listening" value ="0"/>
         <Value name="ErrorTest" source ="TextListenerTest.java" package ="org.junit.tests.listening" value ="0"/>
         <Value name="OneTest" source ="TextListenerTest.java" package ="org.junit.tests.listening" value ="0"/>
         <Value name="Slow" source ="TextListenerTest.java" package ="org.junit.tests.listening" value ="0"/>
         <Value name="OneTest" source ="UserStopTest.java" package ="org.junit.tests.listening" value ="0"/>
         <Value name="FilterableTest" source ="FilterableTest.java" package ="org.junit.tests.manipulation" value ="0"/>
         <Value name="FilteredRunner" source ="FilterableTest.java" package ="org.junit.tests.manipulation" value ="0"/>
         <Value name="FilteredTest" source ="FilterableTest.java" package ="org.junit.tests.manipulation" value ="0"/>
         <Value name="SingleMethodTest" source ="SingleMethodTest.java" package ="org.junit.tests.manipulation" value ="0"/>
         <Value name="HasSuiteMethod" source ="SingleMethodTest.java" package ="org.junit.tests.manipulation" value ="0"/>
         <Value name="OneTimeSetup" source ="SingleMethodTest.java" package ="org.junit.tests.manipulation" value ="0"/>
         <Value name="OneTwoSuite" source ="SingleMethodTest.java" package ="org.junit.tests.manipulation" value ="0"/>
         <Value name="ParameterizedOneTimeBeforeClass" source ="SingleMethodTest.java" package ="org.junit.tests.manipulation" value ="0"/>
         <Value name="ParameterizedOneTimeSetup" source ="SingleMethodTest.java" package ="org.junit.tests.manipulation" value ="0"/>
         <Value name="TestOne" source ="SingleMethodTest.java" package ="org.junit.tests.manipulation" value ="0"/>
         <Value name="TestTwo" source ="SingleMethodTest.java" package ="org.junit.tests.manipulation" value ="0"/>
         <Value name="SortableTest" source ="SortableTest.java" package ="org.junit.tests.manipulation" value ="0"/>
         <Value name="TestClassRunnerIsSortable" source ="SortableTest.java" package ="org.junit.tests.manipulation" value ="0"/>
         <Value name="TestClassRunnerIsSortableWithSuiteMethod" source ="SortableTest.java" package ="org.junit.tests.manipulation" value ="0"/>
         <Value name="UnsortableRunnersAreHandledWithoutCrashing" source ="SortableTest.java" package ="org.junit.tests.manipulation" value ="0"/>
         <Value name="EnclosedTest" source ="EnclosedTest.java" package ="org.junit.tests.running.classes" value ="0"/>
         <Value name="Enclosing" source ="EnclosedTest.java" package ="org.junit.tests.running.classes" value ="0"/>
         <Value name="IgnoreClassTest" source ="IgnoreClassTest.java" package ="org.junit.tests.running.classes" value ="0"/>
         <Value name="IgnoreMe" source ="IgnoreClassTest.java" package ="org.junit.tests.running.classes" value ="0"/>
         <Value name="ParameterizedTestTest" source ="ParameterizedTestTest.java" package ="org.junit.tests.running.classes" value ="0"/>
         <Value name="BeforeAndAfter" source ="ParameterizedTestTest.java" package ="org.junit.tests.running.classes" value ="0"/>
         <Value name="EmptyTest" source ="ParameterizedTestTest.java" package ="org.junit.tests.running.classes" value ="0"/>
         <Value name="IncorrectTest" source ="ParameterizedTestTest.java" package ="org.junit.tests.running.classes" value ="0"/>
         <Value name="PrivateConstructor" source ="ParameterizedTestTest.java" package ="org.junit.tests.running.classes" value ="0"/>
         <Value name="ProtectedParametersTest" source ="ParameterizedTestTest.java" package ="org.junit.tests.running.classes" value ="0"/>
         <Value name="WrongElementType" source ="ParameterizedTestTest.java" package ="org.junit.tests.running.classes" value ="0"/>
         <Value name="RunWithTest" source ="RunWithTest.java" package ="org.junit.tests.running.classes" value ="0"/>
         <Value name="BadRunner" source ="RunWithTest.java" package ="org.junit.tests.running.classes" value ="0"/>
         <Value name="Empty" source ="RunWithTest.java" package ="org.junit.tests.running.classes" value ="0"/>
         <Value name="ExampleRunner" source ="RunWithTest.java" package ="org.junit.tests.running.classes" value ="0"/>
         <Value name="ExampleTest" source ="RunWithTest.java" package ="org.junit.tests.running.classes" value ="0"/>
         <Value name="SubExampleTest" source ="RunWithTest.java" package ="org.junit.tests.running.classes" value ="0"/>
         <Value name="SuiteTest" source ="SuiteTest.java" package ="org.junit.tests.running.classes" value ="0"/>
         <Value name="All" source ="SuiteTest.java" package ="org.junit.tests.running.classes" value ="0"/>
         <Value name="AllWithBeforeAndAfterClass" source ="SuiteTest.java" package ="org.junit.tests.running.classes" value ="0"/>
         <Value name="AllWithOutAnnotation" source ="SuiteTest.java" package ="org.junit.tests.running.classes" value ="0"/>
         <Value name="BiInfiniteLoop" source ="SuiteTest.java" package ="org.junit.tests.running.classes" value ="0"/>
         <Value name="Hercules" source ="SuiteTest.java" package ="org.junit.tests.running.classes" value ="0"/>
         <Value name="Hydra" source ="SuiteTest.java" package ="org.junit.tests.running.classes" value ="0"/>
         <Value name="InfiniteLoop" source ="SuiteTest.java" package ="org.junit.tests.running.classes" value ="0"/>
         <Value name="InheritsAll" source ="SuiteTest.java" package ="org.junit.tests.running.classes" value ="0"/>
         <Value name="NoSuiteClassesAnnotation" source ="SuiteTest.java" package ="org.junit.tests.running.classes" value ="0"/>
         <Value name="TestA" source ="SuiteTest.java" package ="org.junit.tests.running.classes" value ="0"/>
         <Value name="TestB" source ="SuiteTest.java" package ="org.junit.tests.running.classes" value ="0"/>
         <Value name="WithoutDefaultConstructor" source ="SuiteTest.java" package ="org.junit.tests.running.classes" value ="0"/>
         <Value name="TestClassTest" source ="TestClassTest.java" package ="org.junit.tests.running.classes" value ="0"/>
         <Value name="ManyMethods" source ="TestClassTest.java" package ="org.junit.tests.running.classes" value ="0"/>
         <Value name="TwoConstructors" source ="TestClassTest.java" package ="org.junit.tests.running.classes" value ="0"/>
         <Value name="UseSuiteAsASuperclassTest" source ="UseSuiteAsASuperclassTest.java" package ="org.junit.tests.running.classes" value ="0"/>
         <Value name="AllWithMySuite" source ="UseSuiteAsASuperclassTest.java" package ="org.junit.tests.running.classes" value ="0"/>
         <Value name="MySuite" source ="UseSuiteAsASuperclassTest.java" package ="org.junit.tests.running.classes" value ="0"/>
         <Value name="TestA" source ="UseSuiteAsASuperclassTest.java" package ="org.junit.tests.running.classes" value ="0"/>
         <Value name="TestB" source ="UseSuiteAsASuperclassTest.java" package ="org.junit.tests.running.classes" value ="0"/>
         <Value name="Count" source ="CommandLineTest.java" package ="org.junit.tests.running.core" value ="0"/>
         <Value name="Example" source ="CommandLineTest.java" package ="org.junit.tests.running.core" value ="0"/>
         <Value name="JUnitCoreReturnsCorrectExitCodeTest" source ="JUnitCoreReturnsCorrectExitCodeTest.java" package ="org.junit.tests.running.core" value ="0"/>
         <Value name="Fail" source ="JUnitCoreReturnsCorrectExitCodeTest.java" package ="org.junit.tests.running.core" value ="0"/>
         <Value name="Succeed" source ="JUnitCoreReturnsCorrectExitCodeTest.java" package ="org.junit.tests.running.core" value ="0"/>
         <Value name="SystemExitTest" source ="SystemExitTest.java" package ="org.junit.tests.running.core" value ="0"/>
         <Value name="Exit" source ="SystemExitTest.java" package ="org.junit.tests.running.core" value ="0"/>
         <Value name="AnnotationTest" source ="AnnotationTest.java" package ="org.junit.tests.running.methods" value ="0"/>
         <Value name="ErrorInAfterClass" source ="AnnotationTest.java" package ="org.junit.tests.running.methods" value ="0"/>
         <Value name="ErrorInBeforeClass" source ="AnnotationTest.java" package ="org.junit.tests.running.methods" value ="0"/>
         <Value name="ExceptionTest" source ="AnnotationTest.java" package ="org.junit.tests.running.methods" value ="0"/>
         <Value name="FailureTest" source ="AnnotationTest.java" package ="org.junit.tests.running.methods" value ="0"/>
         <Value name="NoExceptionTest" source ="AnnotationTest.java" package ="org.junit.tests.running.methods" value ="0"/>
         <Value name="NonStaticOneTimeSetup" source ="AnnotationTest.java" package ="org.junit.tests.running.methods" value ="0"/>
         <Value name="OldSuiteTest" source ="AnnotationTest.java" package ="org.junit.tests.running.methods" value ="0"/>
         <Value name="OldTest" source ="AnnotationTest.java" package ="org.junit.tests.running.methods" value ="0"/>
         <Value name="OneTimeSetup" source ="AnnotationTest.java" package ="org.junit.tests.running.methods" value ="0"/>
         <Value name="OneTimeTeardown" source ="AnnotationTest.java" package ="org.junit.tests.running.methods" value ="0"/>
         <Value name="OrderTest" source ="AnnotationTest.java" package ="org.junit.tests.running.methods" value ="0"/>
         <Value name="RunAllAfterClasses" source ="AnnotationTest.java" package ="org.junit.tests.running.methods" value ="0"/>
         <Value name="RunAllAfterClassesRegardless" source ="AnnotationTest.java" package ="org.junit.tests.running.methods" value ="0"/>
         <Value name="RunAllAfters" source ="AnnotationTest.java" package ="org.junit.tests.running.methods" value ="0"/>
         <Value name="RunAllAftersRegardless" source ="AnnotationTest.java" package ="org.junit.tests.running.methods" value ="0"/>
         <Value name="SetupFailureTest" source ="AnnotationTest.java" package ="org.junit.tests.running.methods" value ="0"/>
         <Value name="SetupTest" source ="AnnotationTest.java" package ="org.junit.tests.running.methods" value ="0"/>
         <Value name="SimpleTest" source ="AnnotationTest.java" package ="org.junit.tests.running.methods" value ="0"/>
         <Value name="SimpleTestWithFutureProofExplicitRunner" source ="AnnotationTest.java" package ="org.junit.tests.running.methods" value ="0"/>
         <Value name="SubInheritance" source ="AnnotationTest.java" package ="org.junit.tests.running.methods" value ="0"/>
         <Value name="SubShadowing" source ="AnnotationTest.java" package ="org.junit.tests.running.methods" value ="0"/>
         <Value name="SubTest" source ="AnnotationTest.java" package ="org.junit.tests.running.methods" value ="0"/>
         <Value name="SuperInheritance" source ="AnnotationTest.java" package ="org.junit.tests.running.methods" value ="0"/>
         <Value name="SuperShadowing" source ="AnnotationTest.java" package ="org.junit.tests.running.methods" value ="0"/>
         <Value name="SuperTest" source ="AnnotationTest.java" package ="org.junit.tests.running.methods" value ="0"/>
         <Value name="TeardownAfterFailureTest" source ="AnnotationTest.java" package ="org.junit.tests.running.methods" value ="0"/>
         <Value name="TeardownFailureTest" source ="AnnotationTest.java" package ="org.junit.tests.running.methods" value ="0"/>
         <Value name="TeardownTest" source ="AnnotationTest.java" package ="org.junit.tests.running.methods" value ="0"/>
         <Value name="TestAndTeardownFailureTest" source ="AnnotationTest.java" package ="org.junit.tests.running.methods" value ="0"/>
         <Value name="TwoTests" source ="AnnotationTest.java" package ="org.junit.tests.running.methods" value ="0"/>
         <Value name="ExpectedTest" source ="ExpectedTest.java" package ="org.junit.tests.running.methods" value ="0"/>
         <Value name="ExpectSuperclass" source ="ExpectedTest.java" package ="org.junit.tests.running.methods" value ="0"/>
         <Value name="Expected" source ="ExpectedTest.java" package ="org.junit.tests.running.methods" value ="0"/>
         <Value name="NoneThrown" source ="ExpectedTest.java" package ="org.junit.tests.running.methods" value ="0"/>
         <Value name="Unexpected" source ="ExpectedTest.java" package ="org.junit.tests.running.methods" value ="0"/>
         <Value name="InheritedTestTest" source ="InheritedTestTest.java" package ="org.junit.tests.running.methods" value ="0"/>
         <Value name="Sub" source ="InheritedTestTest.java" package ="org.junit.tests.running.methods" value ="0"/>
         <Value name="SubWithBefore" source ="InheritedTestTest.java" package ="org.junit.tests.running.methods" value ="0"/>
         <Value name="Super" source ="InheritedTestTest.java" package ="org.junit.tests.running.methods" value ="0"/>
         <Value name="EverythingWrong" source ="ParameterizedTestMethodTest.java" package ="org.junit.tests.running.methods" value ="0"/>
         <Value name="SubShadows" source ="ParameterizedTestMethodTest.java" package ="org.junit.tests.running.methods" value ="0"/>
         <Value name="SubWrong" source ="ParameterizedTestMethodTest.java" package ="org.junit.tests.running.methods" value ="0"/>
         <Value name="SuperWrong" source ="ParameterizedTestMethodTest.java" package ="org.junit.tests.running.methods" value ="0"/>
         <Value name="TestMethodTest" source ="TestMethodTest.java" package ="org.junit.tests.running.methods" value ="0"/>
         <Value name="Confused" source ="TestMethodTest.java" package ="org.junit.tests.running.methods" value ="0"/>
         <Value name="ConstructorParameter" source ="TestMethodTest.java" package ="org.junit.tests.running.methods" value ="0"/>
         <Value name="EverythingWrong" source ="TestMethodTest.java" package ="org.junit.tests.running.methods" value ="0"/>
         <Value name="IgnoredTest" source ="TestMethodTest.java" package ="org.junit.tests.running.methods" value ="0"/>
         <Value name="OnlyTestIsIgnored" source ="TestMethodTest.java" package ="org.junit.tests.running.methods" value ="0"/>
         <Value name="SubShadows" source ="TestMethodTest.java" package ="org.junit.tests.running.methods" value ="0"/>
         <Value name="SubWrong" source ="TestMethodTest.java" package ="org.junit.tests.running.methods" value ="0"/>
         <Value name="SuperWrong" source ="TestMethodTest.java" package ="org.junit.tests.running.methods" value ="0"/>
         <Value name="TimeoutTest" source ="TimeoutTest.java" package ="org.junit.tests.running.methods" value ="0"/>
         <Value name="FailureWithTimeoutRunTimeExceptionTest" source ="TimeoutTest.java" package ="org.junit.tests.running.methods" value ="0"/>
         <Value name="FailureWithTimeoutTest" source ="TimeoutTest.java" package ="org.junit.tests.running.methods" value ="0"/>
         <Value name="ImpatientLoopTest" source ="TimeoutTest.java" package ="org.junit.tests.running.methods" value ="0"/>
         <Value name="InfiniteLoopTest" source ="TimeoutTest.java" package ="org.junit.tests.running.methods" value ="0"/>
         <Value name="SuccessWithTimeoutTest" source ="TimeoutTest.java" package ="org.junit.tests.running.methods" value ="0"/>
         <Value name="TimeoutFailureTest" source ="TimeoutTest.java" package ="org.junit.tests.running.methods" value ="0"/>
         <Value name="WillTimeOut" source ="TimeoutTest.java" package ="org.junit.tests.running.methods" value ="0"/>
         <Value name="Sub" source ="Sub.java" package ="org.junit.tests.validation.anotherpackage" value ="0"/>
         <Value name="Super" source ="Super.java" package ="org.junit.tests.validation.anotherpackage" value ="0"/>
         <Value name="BadlyFormedClassesTest" source ="BadlyFormedClassesTest.java" package ="org.junit.tests.validation" value ="0"/>
         <Value name="BadBeforeMethodWithLegacyRunner" source ="BadlyFormedClassesTest.java" package ="org.junit.tests.validation" value ="0"/>
         <Value name="FaultyConstructor" source ="BadlyFormedClassesTest.java" package ="org.junit.tests.validation" value ="0"/>
         <Value name="NoTests" source ="BadlyFormedClassesTest.java" package ="org.junit.tests.validation" value ="0"/>
         <Value name="FailedConstructionTest" source ="FailedConstructionTest.java" package ="org.junit.tests.validation" value ="0"/>
         <Value name="CantConstruct" source ="FailedConstructionTest.java" package ="org.junit.tests.validation" value ="0"/>
         <Value name="InaccessibleBaseClassTest" source ="InaccessibleBaseClassTest.java" package ="org.junit.tests.validation" value ="0"/>
         <Value name="ValidationTest" source ="ValidationTest.java" package ="org.junit.tests.validation" value ="0"/>
         <Value name="NonStaticBeforeClass" source ="ValidationTest.java" package ="org.junit.tests.validation" value ="0"/>
         <Value name="WrongBeforeClass" source ="ValidationTest.java" package ="org.junit.tests.validation" value ="0"/>
         <Value name="AllTests" source ="AllTests.java" package ="org.junit.tests" value ="0"/>
         <Value name="ObjectContractTest" source ="ObjectContractTest.java" package ="org.junit.tests" value ="0"/>
         <Value name="ParentRunnerTest" source ="ParentRunnerTest.java" package ="org.junit.tests" value ="0"/>
         <Value name="FruitTest" source ="ParentRunnerTest.java" package ="org.junit.tests" value ="0"/>
      </Values>
   </Metric>
   <Metric id = "NSC" description ="Number of Children">
      <Values per = "type" total = "234" avg = "0.411" stddev = "3.269" max = "71">
         <Value name="TestCase" source ="TestCase.java" package ="junit.framework" value ="71"/>
         <Value name="Statement" source ="Statement.java" package ="org.junit.runners.model" value ="22"/>
         <Value name="RunListener" source ="RunListener.java" package ="org.junit.runner.notification" value ="11"/>
         <Value name="Runner" source ="Runner.java" package ="org.junit.runner" value ="11"/>
         <Value name="RunnerBuilder" source ="RunnerBuilder.java" package ="org.junit.runners.model" value ="8"/>
         <Value name="TypeSafeMatcher" source ="TypeSafeMatcher.java" package ="org.junit.internal.matchers" value ="7"/>
         <Value name="SafeNotifier" source ="RunNotifier.java" package ="org.junit.runner.notification" value ="7"/>
         <Value name="Filter" source ="Filter.java" package ="org.junit.runner.manipulation" value ="6"/>
         <Value name="BlockJUnit4ClassRunner" source ="BlockJUnit4ClassRunner.java" package ="org.junit.runners" value ="5"/>
         <Value name="Suite" source ="Suite.java" package ="org.junit.runners" value ="5"/>
         <Value name="Request" source ="Request.java" package ="org.junit.runner" value ="5"/>
         <Value name="TestWatcher" source ="TestWatcher.java" package ="org.junit.rules" value ="4"/>
         <Value name="PotentialAssignment" source ="PotentialAssignment.java" package ="org.junit.experimental.theories" value ="3"/>
         <Value name="ExternalResource" source ="ExternalResource.java" package ="org.junit.rules" value ="3"/>
         <Value name="TestWatchman" source ="TestWatchman.java" package ="org.junit.rules" value ="3"/>
         <Value name="TornDown" source ="TestCaseTest.java" package ="junit.tests.framework" value ="3"/>
         <Value name="TestDecorator" source ="TestDecorator.java" package ="junit.extensions" value ="2"/>
         <Value name="TestSetup" source ="TestSetup.java" package ="junit.extensions" value ="2"/>
         <Value name="Assert" source ="Assert.java" package ="junit.framework" value ="2"/>
         <Value name="BaseTestRunner" source ="BaseTestRunner.java" package ="junit.runner" value ="2"/>
         <Value name="ResultPrinter" source ="ResultPrinter.java" package ="junit.textui" value ="2"/>
         <Value name="ParameterSupplier" source ="ParameterSupplier.java" package ="org.junit.experimental.theories" value ="2"/>
         <Value name="ReflectiveCallable" source ="ReflectiveCallable.java" package ="org.junit.internal.runners.model" value ="2"/>
         <Value name="ComparisonCriteria" source ="ComparisonCriteria.java" package ="org.junit.internal" value ="2"/>
         <Value name="Verifier" source ="Verifier.java" package ="org.junit.rules" value ="2"/>
         <Value name="FrameworkMember" source ="FrameworkMember.java" package ="org.junit.runners.model" value ="2"/>
         <Value name="ParentRunner" source ="ParentRunner.java" package ="org.junit.runners" value ="2"/>
         <Value name="OneTestCase" source ="OneTestCase.java" package ="junit.tests.framework" value ="2"/>
         <Value name="TestResultPrinter" source ="TextFeedbackTest.java" package ="junit.tests.runner" value ="2"/>
         <Value name="ReguessableValue" source ="ReguessableValue.java" package ="org.junit.tests.experimental.theories.extendingwithstubs" value ="2"/>
         <Value name="TestResultPrinter" source ="ForwardCompatibilityPrintingTest.java" package ="org.junit.tests.junit3compatibility" value ="2"/>
         <Value name="Super" source ="InheritedTestTest.java" package ="org.junit.tests.running.methods" value ="2"/>
         <Value name="SuperWrong" source ="ParameterizedTestMethodTest.java" package ="org.junit.tests.running.methods" value ="2"/>
         <Value name="SuperWrong" source ="TestMethodTest.java" package ="org.junit.tests.running.methods" value ="2"/>
         <Value name="AssertionFailedError" source ="AssertionFailedError.java" package ="junit.framework" value ="1"/>
         <Value name="TestSuite" source ="TestSuite.java" package ="junit.framework" value ="1"/>
         <Value name="Theories" source ="Theories.java" package ="org.junit.experimental.theories" value ="1"/>
         <Value name="TheoryAnchor" source ="Theories.java" package ="org.junit.experimental.theories" value ="1"/>
         <Value name="SubstringMatcher" source ="SubstringMatcher.java" package ="org.junit.internal.matchers" value ="1"/>
         <Value name="JUnit38ClassRunner" source ="JUnit38ClassRunner.java" package ="org.junit.internal.runners" value ="1"/>
         <Value name="SuiteMethod" source ="SuiteMethod.java" package ="org.junit.internal.runners" value ="1"/>
         <Value name="Parameterized" source ="Parameterized.java" package ="org.junit.runners" value ="1"/>
         <Value name="Computer" source ="Computer.java" package ="org.junit.runner" value ="1"/>
         <Value name="TornDown" source ="ExtensionTest.java" package ="junit.tests.extensions" value ="1"/>
         <Value name="ExampleTestWithClassRule" source ="ClassRulesTest.java" package ="org.junit.tests.experimental.rules" value ="1"/>
         <Value name="ExampleTest" source ="MethodRulesTest.java" package ="org.junit.tests.experimental.rules" value ="1"/>
         <Value name="WrongTypedField" source ="MethodRulesTest.java" package ="org.junit.tests.experimental.rules" value ="1"/>
         <Value name="ExampleTest" source ="TestRuleTest.java" package ="org.junit.tests.experimental.rules" value ="1"/>
         <Value name="WrongTypedField" source ="TestRuleTest.java" package ="org.junit.tests.experimental.rules" value ="1"/>
         <Value name="MyListener" source ="RunnerTest.java" package ="org.junit.tests.listening" value ="1"/>
         <Value name="ErrorListener" source ="TestListenerTest.java" package ="org.junit.tests.listening" value ="1"/>
         <Value name="ExampleTest" source ="RunWithTest.java" package ="org.junit.tests.running.classes" value ="1"/>
         <Value name="All" source ="SuiteTest.java" package ="org.junit.tests.running.classes" value ="1"/>
         <Value name="SuperclassWithField" source ="TestClassTest.java" package ="org.junit.tests.running.classes" value ="1"/>
         <Value name="SuperInheritance" source ="AnnotationTest.java" package ="org.junit.tests.running.methods" value ="1"/>
         <Value name="SuperShadowing" source ="AnnotationTest.java" package ="org.junit.tests.running.methods" value ="1"/>
         <Value name="SuperTest" source ="AnnotationTest.java" package ="org.junit.tests.running.methods" value ="1"/>
         <Value name="Super" source ="Super.java" package ="org.junit.tests.validation.anotherpackage" value ="1"/>
         <Value name="ActiveTestSuite" source ="ActiveTestSuite.java" package ="junit.extensions" value ="0"/>
         <Value name="RepeatedTest" source ="RepeatedTest.java" package ="junit.extensions" value ="0"/>
         <Value name="ComparisonCompactor" source ="ComparisonCompactor.java" package ="junit.framework" value ="0"/>
         <Value name="ComparisonFailure" source ="ComparisonFailure.java" package ="junit.framework" value ="0"/>
         <Value name="JUnit4TestAdapter" source ="JUnit4TestAdapter.java" package ="junit.framework" value ="0"/>
         <Value name="JUnit4TestAdapterCache" source ="JUnit4TestAdapterCache.java" package ="junit.framework" value ="0"/>
         <Value name="JUnit4TestCaseFacade" source ="JUnit4TestCaseFacade.java" package ="junit.framework" value ="0"/>
         <Value name="TestFailure" source ="TestFailure.java" package ="junit.framework" value ="0"/>
         <Value name="TestResult" source ="TestResult.java" package ="junit.framework" value ="0"/>
         <Value name="Version" source ="Version.java" package ="junit.runner" value ="0"/>
         <Value name="TestRunner" source ="TestRunner.java" package ="junit.textui" value ="0"/>
         <Value name="Categories" source ="Categories.java" package ="org.junit.experimental.categories" value ="0"/>
         <Value name="IncludeCategory" source ="Categories.java" package ="org.junit.experimental.categories" value ="0"/>
         <Value name="CouldNotReadCoreException" source ="CouldNotReadCoreException.java" package ="org.junit.experimental.max" value ="0"/>
         <Value name="MaxCore" source ="MaxCore.java" package ="org.junit.experimental.max" value ="0"/>
         <Value name="MaxHistory" source ="MaxHistory.java" package ="org.junit.experimental.max" value ="0"/>
         <Value name="RememberingListener" source ="MaxHistory.java" package ="org.junit.experimental.max" value ="0"/>
         <Value name="TestComparator" source ="MaxHistory.java" package ="org.junit.experimental.max" value ="0"/>
         <Value name="FailureList" source ="FailureList.java" package ="org.junit.experimental.results" value ="0"/>
         <Value name="PrintableResult" source ="PrintableResult.java" package ="org.junit.experimental.results" value ="0"/>
         <Value name="ResultMatchers" source ="ResultMatchers.java" package ="org.junit.experimental.results" value ="0"/>
         <Value name="Enclosed" source ="Enclosed.java" package ="org.junit.experimental.runners" value ="0"/>
         <Value name="Listed" source ="Listed.java" package ="org.junit.experimental.runners" value ="0"/>
         <Value name="SuiteBuilder" source ="SuiteBuilder.java" package ="org.junit.experimental.runners" value ="0"/>
         <Value name="AllMembersSupplier" source ="AllMembersSupplier.java" package ="org.junit.experimental.theories.internal" value ="0"/>
         <Value name="MethodParameterValue" source ="AllMembersSupplier.java" package ="org.junit.experimental.theories.internal" value ="0"/>
         <Value name="Assignments" source ="Assignments.java" package ="org.junit.experimental.theories.internal" value ="0"/>
         <Value name="ParameterizedAssertionError" source ="ParameterizedAssertionError.java" package ="org.junit.experimental.theories.internal" value ="0"/>
         <Value name="TestedOnSupplier" source ="TestedOnSupplier.java" package ="org.junit.experimental.theories.suppliers" value ="0"/>
         <Value name="ParameterSignature" source ="ParameterSignature.java" package ="org.junit.experimental.theories" value ="0"/>
         <Value name="CouldNotGenerateValueException" source ="PotentialAssignment.java" package ="org.junit.experimental.theories" value ="0"/>
         <Value name="ParallelComputer" source ="ParallelComputer.java" package ="org.junit.experimental" value ="0"/>
         <Value name="AllDefaultPossibilitiesBuilder" source ="AllDefaultPossibilitiesBuilder.java" package ="org.junit.internal.builders" value ="0"/>
         <Value name="AnnotatedBuilder" source ="AnnotatedBuilder.java" package ="org.junit.internal.builders" value ="0"/>
         <Value name="IgnoredBuilder" source ="IgnoredBuilder.java" package ="org.junit.internal.builders" value ="0"/>
         <Value name="IgnoredClassRunner" source ="IgnoredClassRunner.java" package ="org.junit.internal.builders" value ="0"/>
         <Value name="JUnit3Builder" source ="JUnit3Builder.java" package ="org.junit.internal.builders" value ="0"/>
         <Value name="JUnit4Builder" source ="JUnit4Builder.java" package ="org.junit.internal.builders" value ="0"/>
         <Value name="NullBuilder" source ="NullBuilder.java" package ="org.junit.internal.builders" value ="0"/>
         <Value name="SuiteMethodBuilder" source ="SuiteMethodBuilder.java" package ="org.junit.internal.builders" value ="0"/>
         <Value name="CombinableMatcher" source ="CombinableMatcher.java" package ="org.junit.internal.matchers" value ="0"/>
         <Value name="Each" source ="Each.java" package ="org.junit.internal.matchers" value ="0"/>
         <Value name="IsCollectionContaining" source ="IsCollectionContaining.java" package ="org.junit.internal.matchers" value ="0"/>
         <Value name="StringContains" source ="StringContains.java" package ="org.junit.internal.matchers" value ="0"/>
         <Value name="ClassRequest" source ="ClassRequest.java" package ="org.junit.internal.requests" value ="0"/>
         <Value name="FilterRequest" source ="FilterRequest.java" package ="org.junit.internal.requests" value ="0"/>
         <Value name="SortingRequest" source ="SortingRequest.java" package ="org.junit.internal.requests" value ="0"/>
         <Value name="EachTestNotifier" source ="EachTestNotifier.java" package ="org.junit.internal.runners.model" value ="0"/>
         <Value name="MultipleFailureException" source ="MultipleFailureException.java" package ="org.junit.internal.runners.model" value ="0"/>
         <Value name="ExpectException" source ="ExpectException.java" package ="org.junit.internal.runners.statements" value ="0"/>
         <Value name="Fail" source ="Fail.java" package ="org.junit.internal.runners.statements" value ="0"/>
         <Value name="FailOnTimeout" source ="FailOnTimeout.java" package ="org.junit.internal.runners.statements" value ="0"/>
         <Value name="InvokeMethod" source ="InvokeMethod.java" package ="org.junit.internal.runners.statements" value ="0"/>
         <Value name="RunAfters" source ="RunAfters.java" package ="org.junit.internal.runners.statements" value ="0"/>
         <Value name="RunBefores" source ="RunBefores.java" package ="org.junit.internal.runners.statements" value ="0"/>
         <Value name="ClassRoadie" source ="ClassRoadie.java" package ="org.junit.internal.runners" value ="0"/>
         <Value name="ErrorReportingRunner" source ="ErrorReportingRunner.java" package ="org.junit.internal.runners" value ="0"/>
         <Value name="FailedBefore" source ="FailedBefore.java" package ="org.junit.internal.runners" value ="0"/>
         <Value name="InitializationError" source ="InitializationError.java" package ="org.junit.internal.runners" value ="0"/>
         <Value name="OldTestClassAdaptingListener" source ="JUnit38ClassRunner.java" package ="org.junit.internal.runners" value ="0"/>
         <Value name="JUnit4ClassRunner" source ="JUnit4ClassRunner.java" package ="org.junit.internal.runners" value ="0"/>
         <Value name="MethodRoadie" source ="MethodRoadie.java" package ="org.junit.internal.runners" value ="0"/>
         <Value name="MethodValidator" source ="MethodValidator.java" package ="org.junit.internal.runners" value ="0"/>
         <Value name="TestClass" source ="TestClass.java" package ="org.junit.internal.runners" value ="0"/>
         <Value name="TestMethod" source ="TestMethod.java" package ="org.junit.internal.runners" value ="0"/>
         <Value name="ArrayComparisonFailure" source ="ArrayComparisonFailure.java" package ="org.junit.internal" value ="0"/>
         <Value name="AssumptionViolatedException" source ="AssumptionViolatedException.java" package ="org.junit.internal" value ="0"/>
         <Value name="ExactComparisonCriteria" source ="ExactComparisonCriteria.java" package ="org.junit.internal" value ="0"/>
         <Value name="InexactComparisonCriteria" source ="InexactComparisonCriteria.java" package ="org.junit.internal" value ="0"/>
         <Value name="RealSystem" source ="RealSystem.java" package ="org.junit.internal" value ="0"/>
         <Value name="TextListener" source ="TextListener.java" package ="org.junit.internal" value ="0"/>
         <Value name="JUnitMatchers" source ="JUnitMatchers.java" package ="org.junit.matchers" value ="0"/>
         <Value name="ErrorCollector" source ="ErrorCollector.java" package ="org.junit.rules" value ="0"/>
         <Value name="ExpectedException" source ="ExpectedException.java" package ="org.junit.rules" value ="0"/>
         <Value name="ExpectedExceptionStatement" source ="ExpectedException.java" package ="org.junit.rules" value ="0"/>
         <Value name="TemporaryFolder" source ="TemporaryFolder.java" package ="org.junit.rules" value ="0"/>
         <Value name="TestName" source ="TestName.java" package ="org.junit.rules" value ="0"/>
         <Value name="Timeout" source ="Timeout.java" package ="org.junit.rules" value ="0"/>
         <Value name="NoTestsRemainException" source ="NoTestsRemainException.java" package ="org.junit.runner.manipulation" value ="0"/>
         <Value name="Sorter" source ="Sorter.java" package ="org.junit.runner.manipulation" value ="0"/>
         <Value name="Failure" source ="Failure.java" package ="org.junit.runner.notification" value ="0"/>
         <Value name="RunNotifier" source ="RunNotifier.java" package ="org.junit.runner.notification" value ="0"/>
         <Value name="StoppedByUserException" source ="StoppedByUserException.java" package ="org.junit.runner.notification" value ="0"/>
         <Value name="FrameworkField" source ="FrameworkField.java" package ="org.junit.runners.model" value ="0"/>
         <Value name="FrameworkMethod" source ="FrameworkMethod.java" package ="org.junit.runners.model" value ="0"/>
         <Value name="InitializationError" source ="InitializationError.java" package ="org.junit.runners.model" value ="0"/>
         <Value name="TestClass" source ="TestClass.java" package ="org.junit.runners.model" value ="0"/>
         <Value name="AllTests" source ="AllTests.java" package ="org.junit.runners" value ="0"/>
         <Value name="JUnit4" source ="JUnit4.java" package ="org.junit.runners" value ="0"/>
         <Value name="Parameters" source ="Parameterized.java" package ="org.junit.runners" value ="0"/>
         <Value name="Description" source ="Description.java" package ="org.junit.runner" value ="0"/>
         <Value name="JUnitCore" source ="JUnitCore.java" package ="org.junit.runner" value ="0"/>
         <Value name="Result" source ="Result.java" package ="org.junit.runner" value ="0"/>
         <Value name="Listener" source ="Result.java" package ="org.junit.runner" value ="0"/>
         <Value name="Assert" source ="Assert.java" package ="org.junit" value ="0"/>
         <Value name="Assume" source ="Assume.java" package ="org.junit" value ="0"/>
         <Value name="ComparisonFailure" source ="ComparisonFailure.java" package ="org.junit" value ="0"/>
         <Value name="ComparisonCompactor" source ="ComparisonFailure.java" package ="org.junit" value ="0"/>
         <Value name="Money" source ="Money.java" package ="junit.samples.money" value ="0"/>
         <Value name="MoneyBag" source ="MoneyBag.java" package ="junit.samples.money" value ="0"/>
         <Value name="MoneyTest" source ="MoneyTest.java" package ="junit.samples.money" value ="0"/>
         <Value name="AllTests" source ="AllTests.java" package ="junit.samples" value ="0"/>
         <Value name="ListTest" source ="ListTest.java" package ="junit.samples" value ="0"/>
         <Value name="SimpleTest" source ="SimpleTest.java" package ="junit.samples" value ="0"/>
         <Value name="ActiveTestTest" source ="ActiveTestTest.java" package ="junit.tests.extensions" value ="0"/>
         <Value name="SuccessTest" source ="ActiveTestTest.java" package ="junit.tests.extensions" value ="0"/>
         <Value name="AllTests" source ="AllTests.java" package ="junit.tests.extensions" value ="0"/>
         <Value name="ExtensionTest" source ="ExtensionTest.java" package ="junit.tests.extensions" value ="0"/>
         <Value name="RepeatedTestTest" source ="RepeatedTestTest.java" package ="junit.tests.extensions" value ="0"/>
         <Value name="SuccessTest" source ="RepeatedTestTest.java" package ="junit.tests.extensions" value ="0"/>
         <Value name="AllTests" source ="AllTests.java" package ="junit.tests.framework" value ="0"/>
         <Value name="AssertTest" source ="AssertTest.java" package ="junit.tests.framework" value ="0"/>
         <Value name="ComparisonCompactorTest" source ="ComparisonCompactorTest.java" package ="junit.tests.framework" value ="0"/>
         <Value name="ComparisonFailureTest" source ="ComparisonFailureTest.java" package ="junit.tests.framework" value ="0"/>
         <Value name="DoublePrecisionAssertTest" source ="DoublePrecisionAssertTest.java" package ="junit.tests.framework" value ="0"/>
         <Value name="Failure" source ="Failure.java" package ="junit.tests.framework" value ="0"/>
         <Value name="FloatAssertTest" source ="FloatAssertTest.java" package ="junit.tests.framework" value ="0"/>
         <Value name="InheritedTestCase" source ="InheritedTestCase.java" package ="junit.tests.framework" value ="0"/>
         <Value name="NoArgTestCaseTest" source ="NoArgTestCaseTest.java" package ="junit.tests.framework" value ="0"/>
         <Value name="NoTestCaseClass" source ="NoTestCaseClass.java" package ="junit.tests.framework" value ="0"/>
         <Value name="NoTestCases" source ="NoTestCases.java" package ="junit.tests.framework" value ="0"/>
         <Value name="NotPublicTestCase" source ="NotPublicTestCase.java" package ="junit.tests.framework" value ="0"/>
         <Value name="NotVoidTestCase" source ="NotVoidTestCase.java" package ="junit.tests.framework" value ="0"/>
         <Value name="OverrideTestCase" source ="OverrideTestCase.java" package ="junit.tests.framework" value ="0"/>
         <Value name="Success" source ="Success.java" package ="junit.tests.framework" value ="0"/>
         <Value name="SuiteTest" source ="SuiteTest.java" package ="junit.tests.framework" value ="0"/>
         <Value name="TestCaseTest" source ="TestCaseTest.java" package ="junit.tests.framework" value ="0"/>
         <Value name="TestImplementorTest" source ="TestImplementorTest.java" package ="junit.tests.framework" value ="0"/>
         <Value name="DoubleTestCase" source ="TestImplementorTest.java" package ="junit.tests.framework" value ="0"/>
         <Value name="TestListenerTest" source ="TestListenerTest.java" package ="junit.tests.framework" value ="0"/>
         <Value name="ThreeTestCases" source ="ThreeTestCases.java" package ="junit.tests.framework" value ="0"/>
         <Value name="AllTests" source ="AllTests.java" package ="junit.tests.runner" value ="0"/>
         <Value name="BaseTestRunnerTest" source ="BaseTestRunnerTest.java" package ="junit.tests.runner" value ="0"/>
         <Value name="DoesntExtendTestCase" source ="BaseTestRunnerTest.java" package ="junit.tests.runner" value ="0"/>
         <Value name="MockRunner" source ="BaseTestRunnerTest.java" package ="junit.tests.runner" value ="0"/>
         <Value name="NonStatic" source ="BaseTestRunnerTest.java" package ="junit.tests.runner" value ="0"/>
         <Value name="StackFilterTest" source ="StackFilterTest.java" package ="junit.tests.runner" value ="0"/>
         <Value name="TextFeedbackTest" source ="TextFeedbackTest.java" package ="junit.tests.runner" value ="0"/>
         <Value name="TextRunnerSingleMethodTest" source ="TextRunnerSingleMethodTest.java" package ="junit.tests.runner" value ="0"/>
         <Value name="InvocationTest" source ="TextRunnerSingleMethodTest.java" package ="junit.tests.runner" value ="0"/>
         <Value name="TextRunnerTest" source ="TextRunnerTest.java" package ="junit.tests.runner" value ="0"/>
         <Value name="AllTests" source ="AllTests.java" package ="junit.tests" value ="0"/>
         <Value name="WasRun" source ="WasRun.java" package ="junit.tests" value ="0"/>
         <Value name="MoneyTest" source ="MoneyTest.java" package ="org.junit.samples.money" value ="0"/>
         <Value name="ListTest" source ="ListTest.java" package ="org.junit.samples" value ="0"/>
         <Value name="SimpleTest" source ="SimpleTest.java" package ="org.junit.samples" value ="0"/>
         <Value name="AssertionTest" source ="AssertionTest.java" package ="org.junit.tests.assertion" value ="0"/>
         <Value name="BothTest" source ="BothTest.java" package ="org.junit.tests.assertion" value ="0"/>
         <Value name="EachTest" source ="EachTest.java" package ="org.junit.tests.assertion" value ="0"/>
         <Value name="JUnit4ClassRunnerTest" source ="JUnit4ClassRunnerTest.java" package ="org.junit.tests.deprecated" value ="0"/>
         <Value name="Example" source ="JUnit4ClassRunnerTest.java" package ="org.junit.tests.deprecated" value ="0"/>
         <Value name="UnconstructableExample" source ="JUnit4ClassRunnerTest.java" package ="org.junit.tests.deprecated" value ="0"/>
         <Value name="AnnotatedDescriptionTest" source ="AnnotatedDescriptionTest.java" package ="org.junit.tests.description" value ="0"/>
         <Value name="AnnotatedClass" source ="AnnotatedDescriptionTest.java" package ="org.junit.tests.description" value ="0"/>
         <Value name="IgnoredClass" source ="AnnotatedDescriptionTest.java" package ="org.junit.tests.description" value ="0"/>
         <Value name="MyOwnAnnotation" source ="AnnotatedDescriptionTest.java" package ="org.junit.tests.description" value ="0"/>
         <Value name="SuiteDescriptionTest" source ="SuiteDescriptionTest.java" package ="org.junit.tests.description" value ="0"/>
         <Value name="TestDescriptionTest" source ="TestDescriptionTest.java" package ="org.junit.tests.description" value ="0"/>
         <Value name="CategoriesAndParameterizedTest" source ="CategoriesAndParameterizedTest.java" package ="org.junit.tests.experimental.categories" value ="0"/>
         <Value name="ParameterTokenSuiteMalformed" source ="CategoriesAndParameterizedTest.java" package ="org.junit.tests.experimental.categories" value ="0"/>
         <Value name="ParameterTokenSuiteMalformedAndSwapped" source ="CategoriesAndParameterizedTest.java" package ="org.junit.tests.experimental.categories" value ="0"/>
         <Value name="ParameterTokenSuiteWellFormed" source ="CategoriesAndParameterizedTest.java" package ="org.junit.tests.experimental.categories" value ="0"/>
         <Value name="ParameterizedTestWithAttemptedMethodCategory" source ="CategoriesAndParameterizedTest.java" package ="org.junit.tests.experimental.categories" value ="0"/>
         <Value name="Token" source ="CategoriesAndParameterizedTest.java" package ="org.junit.tests.experimental.categories" value ="0"/>
         <Value name="VanillaCategorizedJUnitTest" source ="CategoriesAndParameterizedTest.java" package ="org.junit.tests.experimental.categories" value ="0"/>
         <Value name="WellBehavedParameterizedTest" source ="CategoriesAndParameterizedTest.java" package ="org.junit.tests.experimental.categories" value ="0"/>
         <Value name="CategoryTest" source ="CategoryTest.java" package ="org.junit.tests.experimental.categories" value ="0"/>
         <Value name="A" source ="CategoryTest.java" package ="org.junit.tests.experimental.categories" value ="0"/>
         <Value name="B" source ="CategoryTest.java" package ="org.junit.tests.experimental.categories" value ="0"/>
         <Value name="C" source ="CategoryTest.java" package ="org.junit.tests.experimental.categories" value ="0"/>
         <Value name="Category1" source ="CategoryTest.java" package ="org.junit.tests.experimental.categories" value ="0"/>
         <Value name="Category2" source ="CategoryTest.java" package ="org.junit.tests.experimental.categories" value ="0"/>
         <Value name="ChooseSlowFromBoth" source ="CategoryTest.java" package ="org.junit.tests.experimental.categories" value ="0"/>
         <Value name="ClassAsCategory" source ="CategoryTest.java" package ="org.junit.tests.experimental.categories" value ="0"/>
         <Value name="IncludeAndExcludeSuite" source ="CategoryTest.java" package ="org.junit.tests.experimental.categories" value ="0"/>
         <Value name="JustA" source ="CategoryTest.java" package ="org.junit.tests.experimental.categories" value ="0"/>
         <Value name="OneFast" source ="CategoryTest.java" package ="org.junit.tests.experimental.categories" value ="0"/>
         <Value name="OneFastOneSlow" source ="CategoryTest.java" package ="org.junit.tests.experimental.categories" value ="0"/>
         <Value name="OneFastSuite" source ="CategoryTest.java" package ="org.junit.tests.experimental.categories" value ="0"/>
         <Value name="OneMoreTest" source ="CategoryTest.java" package ="org.junit.tests.experimental.categories" value ="0"/>
         <Value name="OneThatIsBothFastAndSlow" source ="CategoryTest.java" package ="org.junit.tests.experimental.categories" value ="0"/>
         <Value name="OneVerySlowTest" source ="CategoryTest.java" package ="org.junit.tests.experimental.categories" value ="0"/>
         <Value name="RunClassAsCategory" source ="CategoryTest.java" package ="org.junit.tests.experimental.categories" value ="0"/>
         <Value name="RunSlowFromVerySlow" source ="CategoryTest.java" package ="org.junit.tests.experimental.categories" value ="0"/>
         <Value name="SlowTestSuite" source ="CategoryTest.java" package ="org.junit.tests.experimental.categories" value ="0"/>
         <Value name="SomeAreSlow" source ="CategoryTest.java" package ="org.junit.tests.experimental.categories" value ="0"/>
         <Value name="SomeAreSlowSuite" source ="CategoryTest.java" package ="org.junit.tests.experimental.categories" value ="0"/>
         <Value name="TestSuiteWithNoCategories" source ="CategoryTest.java" package ="org.junit.tests.experimental.categories" value ="0"/>
         <Value name="DescriptionTest" source ="DescriptionTest.java" package ="org.junit.tests.experimental.max" value ="0"/>
         <Value name="JUnit38SortingTest" source ="JUnit38SortingTest.java" package ="org.junit.tests.experimental.max" value ="0"/>
         <Value name="JUnit38Test" source ="JUnit38SortingTest.java" package ="org.junit.tests.experimental.max" value ="0"/>
         <Value name="JUnit4Test" source ="JUnit38SortingTest.java" package ="org.junit.tests.experimental.max" value ="0"/>
         <Value name="MaxStarterTest" source ="MaxStarterTest.java" package ="org.junit.tests.experimental.max" value ="0"/>
         <Value name="HalfMalformedJUnit38TestMethod" source ="MaxStarterTest.java" package ="org.junit.tests.experimental.max" value ="0"/>
         <Value name="MalformedJUnit38Test" source ="MaxStarterTest.java" package ="org.junit.tests.experimental.max" value ="0"/>
         <Value name="MalformedJUnit38TestMethod" source ="MaxStarterTest.java" package ="org.junit.tests.experimental.max" value ="0"/>
         <Value name="TwoOldTests" source ="MaxStarterTest.java" package ="org.junit.tests.experimental.max" value ="0"/>
         <Value name="TwoTests" source ="MaxStarterTest.java" package ="org.junit.tests.experimental.max" value ="0"/>
         <Value name="TwoUnEqualTests" source ="MaxStarterTest.java" package ="org.junit.tests.experimental.max" value ="0"/>
         <Value name="ParallelClassTest" source ="ParallelClassTest.java" package ="org.junit.tests.experimental.parallel" value ="0"/>
         <Value name="Example1" source ="ParallelClassTest.java" package ="org.junit.tests.experimental.parallel" value ="0"/>
         <Value name="Example2" source ="ParallelClassTest.java" package ="org.junit.tests.experimental.parallel" value ="0"/>
         <Value name="ExampleSuite" source ="ParallelClassTest.java" package ="org.junit.tests.experimental.parallel" value ="0"/>
         <Value name="ParallelMethodTest" source ="ParallelMethodTest.java" package ="org.junit.tests.experimental.parallel" value ="0"/>
         <Value name="Example" source ="ParallelMethodTest.java" package ="org.junit.tests.experimental.parallel" value ="0"/>
         <Value name="PrintableResultTest" source ="PrintableResultTest.java" package ="org.junit.tests.experimental.results" value ="0"/>
         <Value name="ResultMatchersTest" source ="ResultMatchersTest.java" package ="org.junit.tests.experimental.results" value ="0"/>
         <Value name="ClassRulesTest" source ="ClassRulesTest.java" package ="org.junit.tests.experimental.rules" value ="0"/>
         <Value name="Counter" source ="ClassRulesTest.java" package ="org.junit.tests.experimental.rules" value ="0"/>
         <Value name="CustomCounter" source ="ClassRulesTest.java" package ="org.junit.tests.experimental.rules" value ="0"/>
         <Value name="ExampleTestWithCustomClassRule" source ="ClassRulesTest.java" package ="org.junit.tests.experimental.rules" value ="0"/>
         <Value name="SubclassOfTestWithClassRule" source ="ClassRulesTest.java" package ="org.junit.tests.experimental.rules" value ="0"/>
         <Value name="ExpectedExceptionRuleTest" source ="ExpectedExceptionRuleTest.java" package ="org.junit.tests.experimental.rules" value ="0"/>
         <Value name="ExpectedMessageMatcherFails" source ="ExpectedExceptionRuleTest.java" package ="org.junit.tests.experimental.rules" value ="0"/>
         <Value name="ExpectsMatcher" source ="ExpectedExceptionRuleTest.java" package ="org.junit.tests.experimental.rules" value ="0"/>
         <Value name="ExpectsMessageMatcher" source ="ExpectedExceptionRuleTest.java" package ="org.junit.tests.experimental.rules" value ="0"/>
         <Value name="ExpectsMultipleMatchers" source ="ExpectedExceptionRuleTest.java" package ="org.junit.tests.experimental.rules" value ="0"/>
         <Value name="ExpectsSubstring" source ="ExpectedExceptionRuleTest.java" package ="org.junit.tests.experimental.rules" value ="0"/>
         <Value name="ExpectsSubstringNullMessage" source ="ExpectedExceptionRuleTest.java" package ="org.junit.tests.experimental.rules" value ="0"/>
         <Value name="HasExpectedException" source ="ExpectedExceptionRuleTest.java" package ="org.junit.tests.experimental.rules" value ="0"/>
         <Value name="HasWrongExpectedException" source ="ExpectedExceptionRuleTest.java" package ="org.junit.tests.experimental.rules" value ="0"/>
         <Value name="HasWrongMessage" source ="ExpectedExceptionRuleTest.java" package ="org.junit.tests.experimental.rules" value ="0"/>
         <Value name="WronglyExpectsException" source ="ExpectedExceptionRuleTest.java" package ="org.junit.tests.experimental.rules" value ="0"/>
         <Value name="WronglyExpectsExceptionMessage" source ="ExpectedExceptionRuleTest.java" package ="org.junit.tests.experimental.rules" value ="0"/>
         <Value name="ExternalResourceRuleTest" source ="ExternalResourceRuleTest.java" package ="org.junit.tests.experimental.rules" value ="0"/>
         <Value name="UsesExternalResource" source ="ExternalResourceRuleTest.java" package ="org.junit.tests.experimental.rules" value ="0"/>
         <Value name="MethodRulesTest" source ="MethodRulesTest.java" package ="org.junit.tests.experimental.rules" value ="0"/>
         <Value name="BeforesAndAfters" source ="MethodRulesTest.java" package ="org.junit.tests.experimental.rules" value ="0"/>
         <Value name="CustomTestName" source ="MethodRulesTest.java" package ="org.junit.tests.experimental.rules" value ="0"/>
         <Value name="MultipleRuleTest" source ="MethodRulesTest.java" package ="org.junit.tests.experimental.rules" value ="0"/>
         <Value name="NoRulesTest" source ="MethodRulesTest.java" package ="org.junit.tests.experimental.rules" value ="0"/>
         <Value name="OnFailureTest" source ="MethodRulesTest.java" package ="org.junit.tests.experimental.rules" value ="0"/>
         <Value name="PrivateRule" source ="MethodRulesTest.java" package ="org.junit.tests.experimental.rules" value ="0"/>
         <Value name="SonOfExampleTest" source ="MethodRulesTest.java" package ="org.junit.tests.experimental.rules" value ="0"/>
         <Value name="SonOfWrongTypedField" source ="MethodRulesTest.java" package ="org.junit.tests.experimental.rules" value ="0"/>
         <Value name="UsesCustomMethodRule" source ="MethodRulesTest.java" package ="org.junit.tests.experimental.rules" value ="0"/>
         <Value name="WatchmanTest" source ="MethodRulesTest.java" package ="org.junit.tests.experimental.rules" value ="0"/>
         <Value name="NameRulesTest" source ="NameRulesTest.java" package ="org.junit.tests.experimental.rules" value ="0"/>
         <Value name="BeforeAndAfterTest" source ="NameRulesTest.java" package ="org.junit.tests.experimental.rules" value ="0"/>
         <Value name="TestNames" source ="NameRulesTest.java" package ="org.junit.tests.experimental.rules" value ="0"/>
         <Value name="TempFolderRuleTest" source ="TempFolderRuleTest.java" package ="org.junit.tests.experimental.rules" value ="0"/>
         <Value name="CreatesSubFolder" source ="TempFolderRuleTest.java" package ="org.junit.tests.experimental.rules" value ="0"/>
         <Value name="HasTempFolder" source ="TempFolderRuleTest.java" package ="org.junit.tests.experimental.rules" value ="0"/>
         <Value name="TestRuleTest" source ="TestRuleTest.java" package ="org.junit.tests.experimental.rules" value ="0"/>
         <Value name="BeforesAndAfters" source ="TestRuleTest.java" package ="org.junit.tests.experimental.rules" value ="0"/>
         <Value name="BothKindsOfRule" source ="TestRuleTest.java" package ="org.junit.tests.experimental.rules" value ="0"/>
         <Value name="CustomTestName" source ="TestRuleTest.java" package ="org.junit.tests.experimental.rules" value ="0"/>
         <Value name="MultipleRuleTest" source ="TestRuleTest.java" package ="org.junit.tests.experimental.rules" value ="0"/>
         <Value name="NoRulesTest" source ="TestRuleTest.java" package ="org.junit.tests.experimental.rules" value ="0"/>
         <Value name="OnFailureTest" source ="TestRuleTest.java" package ="org.junit.tests.experimental.rules" value ="0"/>
         <Value name="OneFieldTwoKindsOfRule" source ="TestRuleTest.java" package ="org.junit.tests.experimental.rules" value ="0"/>
         <Value name="PrivateRule" source ="TestRuleTest.java" package ="org.junit.tests.experimental.rules" value ="0"/>
         <Value name="SonOfExampleTest" source ="TestRuleTest.java" package ="org.junit.tests.experimental.rules" value ="0"/>
         <Value name="SonOfWrongTypedField" source ="TestRuleTest.java" package ="org.junit.tests.experimental.rules" value ="0"/>
         <Value name="UsesCustomMethodRule" source ="TestRuleTest.java" package ="org.junit.tests.experimental.rules" value ="0"/>
         <Value name="WatchmanTest" source ="TestRuleTest.java" package ="org.junit.tests.experimental.rules" value ="0"/>
         <Value name="TimeoutRuleTest" source ="TimeoutRuleTest.java" package ="org.junit.tests.experimental.rules" value ="0"/>
         <Value name="HasGlobalTimeout" source ="TimeoutRuleTest.java" package ="org.junit.tests.experimental.rules" value ="0"/>
         <Value name="VerifierRuleTest" source ="VerifierRuleTest.java" package ="org.junit.tests.experimental.rules" value ="0"/>
         <Value name="UsesErrorCollector" source ="VerifierRuleTest.java" package ="org.junit.tests.experimental.rules" value ="0"/>
         <Value name="UsesErrorCollectorCheckSucceeds" source ="VerifierRuleTest.java" package ="org.junit.tests.experimental.rules" value ="0"/>
         <Value name="UsesErrorCollectorCheckSucceedsPasses" source ="VerifierRuleTest.java" package ="org.junit.tests.experimental.rules" value ="0"/>
         <Value name="UsesErrorCollectorCheckThat" source ="VerifierRuleTest.java" package ="org.junit.tests.experimental.rules" value ="0"/>
         <Value name="UsesErrorCollectorTwice" source ="VerifierRuleTest.java" package ="org.junit.tests.experimental.rules" value ="0"/>
         <Value name="UsesVerifier" source ="VerifierRuleTest.java" package ="org.junit.tests.experimental.rules" value ="0"/>
         <Value name="Guesser" source ="Guesser.java" package ="org.junit.tests.experimental.theories.extendingwithstubs" value ="0"/>
         <Value name="GuessMap" source ="Guesser.java" package ="org.junit.tests.experimental.theories.extendingwithstubs" value ="0"/>
         <Value name="GuesserQueue" source ="GuesserQueue.java" package ="org.junit.tests.experimental.theories.extendingwithstubs" value ="0"/>
         <Value name="ReguessableDecorator" source ="GuesserQueue.java" package ="org.junit.tests.experimental.theories.extendingwithstubs" value ="0"/>
         <Value name="MethodCall" source ="MethodCall.java" package ="org.junit.tests.experimental.theories.extendingwithstubs" value ="0"/>
         <Value name="StringableObject" source ="StringableObject.java" package ="org.junit.tests.experimental.theories.extendingwithstubs" value ="0"/>
         <Value name="StubbedTheories" source ="StubbedTheories.java" package ="org.junit.tests.experimental.theories.extendingwithstubs" value ="0"/>
         <Value name="StubbedTheoryAnchor" source ="StubbedTheories.java" package ="org.junit.tests.experimental.theories.extendingwithstubs" value ="0"/>
         <Value name="StubbedTheoriesTest" source ="StubbedTheoriesTest.java" package ="org.junit.tests.experimental.theories.extendingwithstubs" value ="0"/>
         <Value name="SuccessfulWithDataPointFields" source ="SuccessfulWithDataPointFields.java" package ="org.junit.tests.experimental.theories.runner" value ="0"/>
         <Value name="BeforeAndAfterEachTime" source ="SuccessfulWithDataPointFields.java" package ="org.junit.tests.experimental.theories.runner" value ="0"/>
         <Value name="BeforeAndAfterOnSameInstance" source ="SuccessfulWithDataPointFields.java" package ="org.junit.tests.experimental.theories.runner" value ="0"/>
         <Value name="DifferentTypesInConstructor" source ="SuccessfulWithDataPointFields.java" package ="org.junit.tests.experimental.theories.runner" value ="0"/>
         <Value name="HasATwoParameterTheory" source ="SuccessfulWithDataPointFields.java" package ="org.junit.tests.experimental.theories.runner" value ="0"/>
         <Value name="NewObjectEachTime" source ="SuccessfulWithDataPointFields.java" package ="org.junit.tests.experimental.theories.runner" value ="0"/>
         <Value name="OneTestTwoAnnotations" source ="SuccessfulWithDataPointFields.java" package ="org.junit.tests.experimental.theories.runner" value ="0"/>
         <Value name="PositiveInts" source ="SuccessfulWithDataPointFields.java" package ="org.junit.tests.experimental.theories.runner" value ="0"/>
         <Value name="PositiveIntsWithMethodParams" source ="SuccessfulWithDataPointFields.java" package ="org.junit.tests.experimental.theories.runner" value ="0"/>
         <Value name="PositiveIntsWithNegativeField" source ="SuccessfulWithDataPointFields.java" package ="org.junit.tests.experimental.theories.runner" value ="0"/>
         <Value name="StaticPublicNonDataPoints" source ="SuccessfulWithDataPointFields.java" package ="org.junit.tests.experimental.theories.runner" value ="0"/>
         <Value name="TheoriesPerformanceTest" source ="TheoriesPerformanceTest.java" package ="org.junit.tests.experimental.theories.runner" value ="0"/>
         <Value name="UpToTen" source ="TheoriesPerformanceTest.java" package ="org.junit.tests.experimental.theories.runner" value ="0"/>
         <Value name="UnsuccessfulWithDataPointFields" source ="UnsuccessfulWithDataPointFields.java" package ="org.junit.tests.experimental.theories.runner" value ="0"/>
         <Value name="DataPointsMustBeStatic" source ="UnsuccessfulWithDataPointFields.java" package ="org.junit.tests.experimental.theories.runner" value ="0"/>
         <Value name="DoesntUseParams" source ="UnsuccessfulWithDataPointFields.java" package ="org.junit.tests.experimental.theories.runner" value ="0"/>
         <Value name="HasATheory" source ="UnsuccessfulWithDataPointFields.java" package ="org.junit.tests.experimental.theories.runner" value ="0"/>
         <Value name="NullsOK" source ="UnsuccessfulWithDataPointFields.java" package ="org.junit.tests.experimental.theories.runner" value ="0"/>
         <Value name="TheoriesMustBePublic" source ="UnsuccessfulWithDataPointFields.java" package ="org.junit.tests.experimental.theories.runner" value ="0"/>
         <Value name="WhenNoParametersMatch" source ="WhenNoParametersMatch.java" package ="org.junit.tests.experimental.theories.runner" value ="0"/>
         <Value name="AssumptionsFail" source ="WhenNoParametersMatch.java" package ="org.junit.tests.experimental.theories.runner" value ="0"/>
         <Value name="WithDataPointMethod" source ="WithDataPointMethod.java" package ="org.junit.tests.experimental.theories.runner" value ="0"/>
         <Value name="DataPointMethodReturnsMutableObject" source ="WithDataPointMethod.java" package ="org.junit.tests.experimental.theories.runner" value ="0"/>
         <Value name="HasDataPointMethod" source ="WithDataPointMethod.java" package ="org.junit.tests.experimental.theories.runner" value ="0"/>
         <Value name="HasDateMethod" source ="WithDataPointMethod.java" package ="org.junit.tests.experimental.theories.runner" value ="0"/>
         <Value name="HasUglyDataPointMethod" source ="WithDataPointMethod.java" package ="org.junit.tests.experimental.theories.runner" value ="0"/>
         <Value name="WithExtendedParameterSources" source ="WithExtendedParameterSources.java" package ="org.junit.tests.experimental.theories.runner" value ="0"/>
         <Value name="DataPointArrayMethod" source ="WithExtendedParameterSources.java" package ="org.junit.tests.experimental.theories.runner" value ="0"/>
         <Value name="DataPointArrayToBeUsedForWholeParameter" source ="WithExtendedParameterSources.java" package ="org.junit.tests.experimental.theories.runner" value ="0"/>
         <Value name="DataPointArrays" source ="WithExtendedParameterSources.java" package ="org.junit.tests.experimental.theories.runner" value ="0"/>
         <Value name="DataPointMalformedArrayMethods" source ="WithExtendedParameterSources.java" package ="org.junit.tests.experimental.theories.runner" value ="0"/>
         <Value name="ParameterAnnotations" source ="WithExtendedParameterSources.java" package ="org.junit.tests.experimental.theories.runner" value ="0"/>
         <Value name="ShouldFilterNull" source ="WithExtendedParameterSources.java" package ="org.junit.tests.experimental.theories.runner" value ="0"/>
         <Value name="WithOnlyTestAnnotations" source ="WithOnlyTestAnnotations.java" package ="org.junit.tests.experimental.theories.runner" value ="0"/>
         <Value name="ErrorWhenTestHasParametersDespiteTheories" source ="WithOnlyTestAnnotations.java" package ="org.junit.tests.experimental.theories.runner" value ="0"/>
         <Value name="HonorExpectedException" source ="WithOnlyTestAnnotations.java" package ="org.junit.tests.experimental.theories.runner" value ="0"/>
         <Value name="HonorExpectedExceptionPasses" source ="WithOnlyTestAnnotations.java" package ="org.junit.tests.experimental.theories.runner" value ="0"/>
         <Value name="HonorTimeout" source ="WithOnlyTestAnnotations.java" package ="org.junit.tests.experimental.theories.runner" value ="0"/>
         <Value name="AllMembersSupplierTest" source ="AllMembersSupplierTest.java" package ="org.junit.tests.experimental.theories" value ="0"/>
         <Value name="HasDataPoints" source ="AllMembersSupplierTest.java" package ="org.junit.tests.experimental.theories" value ="0"/>
         <Value name="ParameterSignatureTest" source ="ParameterSignatureTest.java" package ="org.junit.tests.experimental.theories" value ="0"/>
         <Value name="ParameterizedAssertionErrorTest" source ="ParameterizedAssertionErrorTest.java" package ="org.junit.tests.experimental.theories" value ="0"/>
         <Value name="AssumptionTest" source ="AssumptionTest.java" package ="org.junit.tests.experimental" value ="0"/>
         <Value name="AssumptionFailureInConstructor" source ="AssumptionTest.java" package ="org.junit.tests.experimental" value ="0"/>
         <Value name="HasFailingAssumeInBefore" source ="AssumptionTest.java" package ="org.junit.tests.experimental" value ="0"/>
         <Value name="HasFailingAssumeInBeforeClass" source ="AssumptionTest.java" package ="org.junit.tests.experimental" value ="0"/>
         <Value name="HasFailingAssumption" source ="AssumptionTest.java" package ="org.junit.tests.experimental" value ="0"/>
         <Value name="HasPassingAssumption" source ="AssumptionTest.java" package ="org.junit.tests.experimental" value ="0"/>
         <Value name="AssumptionViolatedExceptionTest" source ="AssumptionViolatedExceptionTest.java" package ="org.junit.tests.experimental" value ="0"/>
         <Value name="ExperimentalTests" source ="ExperimentalTests.java" package ="org.junit.tests.experimental" value ="0"/>
         <Value name="MatcherTest" source ="MatcherTest.java" package ="org.junit.tests.experimental" value ="0"/>
         <Value name="AllTestsTest" source ="AllTestsTest.java" package ="org.junit.tests.junit3compatibility" value ="0"/>
         <Value name="All" source ="AllTestsTest.java" package ="org.junit.tests.junit3compatibility" value ="0"/>
         <Value name="AllJUnit4" source ="AllTestsTest.java" package ="org.junit.tests.junit3compatibility" value ="0"/>
         <Value name="BadSuiteMethod" source ="AllTestsTest.java" package ="org.junit.tests.junit3compatibility" value ="0"/>
         <Value name="JUnit4Test" source ="AllTestsTest.java" package ="org.junit.tests.junit3compatibility" value ="0"/>
         <Value name="OneTest" source ="AllTestsTest.java" package ="org.junit.tests.junit3compatibility" value ="0"/>
         <Value name="ClassRequestTest" source ="ClassRequestTest.java" package ="org.junit.tests.junit3compatibility" value ="0"/>
         <Value name="PrivateSuiteMethod" source ="ClassRequestTest.java" package ="org.junit.tests.junit3compatibility" value ="0"/>
         <Value name="ForwardCompatibilityPrintingTest" source ="ForwardCompatibilityPrintingTest.java" package ="org.junit.tests.junit3compatibility" value ="0"/>
         <Value name="ATest" source ="ForwardCompatibilityPrintingTest.java" package ="org.junit.tests.junit3compatibility" value ="0"/>
         <Value name="ForwardCompatibilityTest" source ="ForwardCompatibilityTest.java" package ="org.junit.tests.junit3compatibility" value ="0"/>
         <Value name="BeforeClassTest" source ="ForwardCompatibilityTest.java" package ="org.junit.tests.junit3compatibility" value ="0"/>
         <Value name="ErrorTest" source ="ForwardCompatibilityTest.java" package ="org.junit.tests.junit3compatibility" value ="0"/>
         <Value name="ExceptionInBeforeTest" source ="ForwardCompatibilityTest.java" package ="org.junit.tests.junit3compatibility" value ="0"/>
         <Value name="ExpectedTest" source ="ForwardCompatibilityTest.java" package ="org.junit.tests.junit3compatibility" value ="0"/>
         <Value name="InvalidMethodTest" source ="ForwardCompatibilityTest.java" package ="org.junit.tests.junit3compatibility" value ="0"/>
         <Value name="MarkerRunner" source ="ForwardCompatibilityTest.java" package ="org.junit.tests.junit3compatibility" value ="0"/>
         <Value name="NewTest" source ="ForwardCompatibilityTest.java" package ="org.junit.tests.junit3compatibility" value ="0"/>
         <Value name="NoExceptionTest" source ="ForwardCompatibilityTest.java" package ="org.junit.tests.junit3compatibility" value ="0"/>
         <Value name="NoTests" source ="ForwardCompatibilityTest.java" package ="org.junit.tests.junit3compatibility" value ="0"/>
         <Value name="UnExpectedExceptionTest" source ="ForwardCompatibilityTest.java" package ="org.junit.tests.junit3compatibility" value ="0"/>
         <Value name="InitializationErrorForwardCompatibilityTest" source ="InitializationErrorForwardCompatibilityTest.java" package ="org.junit.tests.junit3compatibility" value ="0"/>
         <Value name="CantInitialize" source ="InitializationErrorForwardCompatibilityTest.java" package ="org.junit.tests.junit3compatibility" value ="0"/>
         <Value name="CantInitializeTests" source ="InitializationErrorForwardCompatibilityTest.java" package ="org.junit.tests.junit3compatibility" value ="0"/>
         <Value name="ErrorRememberingListener" source ="InitializationErrorForwardCompatibilityTest.java" package ="org.junit.tests.junit3compatibility" value ="0"/>
         <Value name="InitializesWithError" source ="InitializationErrorForwardCompatibilityTest.java" package ="org.junit.tests.junit3compatibility" value ="0"/>
         <Value name="JUnit38ClassRunnerTest" source ="JUnit38ClassRunnerTest.java" package ="org.junit.tests.junit3compatibility" value ="0"/>
         <Value name="AnnotatedTest" source ="JUnit38ClassRunnerTest.java" package ="org.junit.tests.junit3compatibility" value ="0"/>
         <Value name="ClassWithInvalidMethod" source ="JUnit38ClassRunnerTest.java" package ="org.junit.tests.junit3compatibility" value ="0"/>
         <Value name="MyTest" source ="JUnit38ClassRunnerTest.java" package ="org.junit.tests.junit3compatibility" value ="0"/>
         <Value name="OneTest" source ="JUnit38ClassRunnerTest.java" package ="org.junit.tests.junit3compatibility" value ="0"/>
         <Value name="OldTestClassAdaptingListenerTest" source ="OldTestClassAdaptingListenerTest.java" package ="org.junit.tests.junit3compatibility" value ="0"/>
         <Value name="OldTests" source ="OldTests.java" package ="org.junit.tests.junit3compatibility" value ="0"/>
         <Value name="SuiteMethodTest" source ="SuiteMethodTest.java" package ="org.junit.tests.junit3compatibility" value ="0"/>
         <Value name="CompatibilityTest" source ="SuiteMethodTest.java" package ="org.junit.tests.junit3compatibility" value ="0"/>
         <Value name="NewTest" source ="SuiteMethodTest.java" package ="org.junit.tests.junit3compatibility" value ="0"/>
         <Value name="NewTestSuiteFails" source ="SuiteMethodTest.java" package ="org.junit.tests.junit3compatibility" value ="0"/>
         <Value name="NewTestSuiteNotUsed" source ="SuiteMethodTest.java" package ="org.junit.tests.junit3compatibility" value ="0"/>
         <Value name="OldTest" source ="SuiteMethodTest.java" package ="org.junit.tests.junit3compatibility" value ="0"/>
         <Value name="ListenerTest" source ="ListenerTest.java" package ="org.junit.tests.listening" value ="0"/>
         <Value name="OneTest" source ="ListenerTest.java" package ="org.junit.tests.listening" value ="0"/>
         <Value name="RunnerTest" source ="RunnerTest.java" package ="org.junit.tests.listening" value ="0"/>
         <Value name="Example" source ="RunnerTest.java" package ="org.junit.tests.listening" value ="0"/>
         <Value name="ExampleTest" source ="RunnerTest.java" package ="org.junit.tests.listening" value ="0"/>
         <Value name="NewExample" source ="RunnerTest.java" package ="org.junit.tests.listening" value ="0"/>
         <Value name="TestListenerTest" source ="TestListenerTest.java" package ="org.junit.tests.listening" value ="0"/>
         <Value name="ExceptionListener" source ="TestListenerTest.java" package ="org.junit.tests.listening" value ="0"/>
         <Value name="OneTest" source ="TestListenerTest.java" package ="org.junit.tests.listening" value ="0"/>
         <Value name="TextListenerTest" source ="TextListenerTest.java" package ="org.junit.tests.listening" value ="0"/>
         <Value name="ErrorTest" source ="TextListenerTest.java" package ="org.junit.tests.listening" value ="0"/>
         <Value name="OneTest" source ="TextListenerTest.java" package ="org.junit.tests.listening" value ="0"/>
         <Value name="Slow" source ="TextListenerTest.java" package ="org.junit.tests.listening" value ="0"/>
         <Value name="UserStopTest" source ="UserStopTest.java" package ="org.junit.tests.listening" value ="0"/>
         <Value name="OneTest" source ="UserStopTest.java" package ="org.junit.tests.listening" value ="0"/>
         <Value name="FilterableTest" source ="FilterableTest.java" package ="org.junit.tests.manipulation" value ="0"/>
         <Value name="FilteredRunner" source ="FilterableTest.java" package ="org.junit.tests.manipulation" value ="0"/>
         <Value name="FilteredTest" source ="FilterableTest.java" package ="org.junit.tests.manipulation" value ="0"/>
         <Value name="SingleMethodTest" source ="SingleMethodTest.java" package ="org.junit.tests.manipulation" value ="0"/>
         <Value name="HasSuiteMethod" source ="SingleMethodTest.java" package ="org.junit.tests.manipulation" value ="0"/>
         <Value name="OneTimeSetup" source ="SingleMethodTest.java" package ="org.junit.tests.manipulation" value ="0"/>
         <Value name="OneTwoSuite" source ="SingleMethodTest.java" package ="org.junit.tests.manipulation" value ="0"/>
         <Value name="ParameterizedOneTimeBeforeClass" source ="SingleMethodTest.java" package ="org.junit.tests.manipulation" value ="0"/>
         <Value name="ParameterizedOneTimeSetup" source ="SingleMethodTest.java" package ="org.junit.tests.manipulation" value ="0"/>
         <Value name="TestOne" source ="SingleMethodTest.java" package ="org.junit.tests.manipulation" value ="0"/>
         <Value name="TestTwo" source ="SingleMethodTest.java" package ="org.junit.tests.manipulation" value ="0"/>
         <Value name="SortableTest" source ="SortableTest.java" package ="org.junit.tests.manipulation" value ="0"/>
         <Value name="TestClassRunnerIsSortable" source ="SortableTest.java" package ="org.junit.tests.manipulation" value ="0"/>
         <Value name="TestClassRunnerIsSortableWithSuiteMethod" source ="SortableTest.java" package ="org.junit.tests.manipulation" value ="0"/>
         <Value name="UnsortableRunnersAreHandledWithoutCrashing" source ="SortableTest.java" package ="org.junit.tests.manipulation" value ="0"/>
         <Value name="EnclosedTest" source ="EnclosedTest.java" package ="org.junit.tests.running.classes" value ="0"/>
         <Value name="Enclosing" source ="EnclosedTest.java" package ="org.junit.tests.running.classes" value ="0"/>
         <Value name="IgnoreClassTest" source ="IgnoreClassTest.java" package ="org.junit.tests.running.classes" value ="0"/>
         <Value name="IgnoreMe" source ="IgnoreClassTest.java" package ="org.junit.tests.running.classes" value ="0"/>
         <Value name="ParameterizedTestTest" source ="ParameterizedTestTest.java" package ="org.junit.tests.running.classes" value ="0"/>
         <Value name="BeforeAndAfter" source ="ParameterizedTestTest.java" package ="org.junit.tests.running.classes" value ="0"/>
         <Value name="EmptyTest" source ="ParameterizedTestTest.java" package ="org.junit.tests.running.classes" value ="0"/>
         <Value name="FibonacciTest" source ="ParameterizedTestTest.java" package ="org.junit.tests.running.classes" value ="0"/>
         <Value name="IncorrectTest" source ="ParameterizedTestTest.java" package ="org.junit.tests.running.classes" value ="0"/>
         <Value name="PrivateConstructor" source ="ParameterizedTestTest.java" package ="org.junit.tests.running.classes" value ="0"/>
         <Value name="ProtectedParametersTest" source ="ParameterizedTestTest.java" package ="org.junit.tests.running.classes" value ="0"/>
         <Value name="WrongElementType" source ="ParameterizedTestTest.java" package ="org.junit.tests.running.classes" value ="0"/>
         <Value name="RunWithTest" source ="RunWithTest.java" package ="org.junit.tests.running.classes" value ="0"/>
         <Value name="BadRunner" source ="RunWithTest.java" package ="org.junit.tests.running.classes" value ="0"/>
         <Value name="Empty" source ="RunWithTest.java" package ="org.junit.tests.running.classes" value ="0"/>
         <Value name="ExampleRunner" source ="RunWithTest.java" package ="org.junit.tests.running.classes" value ="0"/>
         <Value name="SubExampleTest" source ="RunWithTest.java" package ="org.junit.tests.running.classes" value ="0"/>
         <Value name="SuiteTest" source ="SuiteTest.java" package ="org.junit.tests.running.classes" value ="0"/>
         <Value name="AllWithBeforeAndAfterClass" source ="SuiteTest.java" package ="org.junit.tests.running.classes" value ="0"/>
         <Value name="AllWithOutAnnotation" source ="SuiteTest.java" package ="org.junit.tests.running.classes" value ="0"/>
         <Value name="BiInfiniteLoop" source ="SuiteTest.java" package ="org.junit.tests.running.classes" value ="0"/>
         <Value name="Hercules" source ="SuiteTest.java" package ="org.junit.tests.running.classes" value ="0"/>
         <Value name="Hydra" source ="SuiteTest.java" package ="org.junit.tests.running.classes" value ="0"/>
         <Value name="InfiniteLoop" source ="SuiteTest.java" package ="org.junit.tests.running.classes" value ="0"/>
         <Value name="InheritsAll" source ="SuiteTest.java" package ="org.junit.tests.running.classes" value ="0"/>
         <Value name="NoSuiteClassesAnnotation" source ="SuiteTest.java" package ="org.junit.tests.running.classes" value ="0"/>
         <Value name="TestA" source ="SuiteTest.java" package ="org.junit.tests.running.classes" value ="0"/>
         <Value name="TestB" source ="SuiteTest.java" package ="org.junit.tests.running.classes" value ="0"/>
         <Value name="WithoutDefaultConstructor" source ="SuiteTest.java" package ="org.junit.tests.running.classes" value ="0"/>
         <Value name="TestClassTest" source ="TestClassTest.java" package ="org.junit.tests.running.classes" value ="0"/>
         <Value name="ManyMethods" source ="TestClassTest.java" package ="org.junit.tests.running.classes" value ="0"/>
         <Value name="SubclassWithField" source ="TestClassTest.java" package ="org.junit.tests.running.classes" value ="0"/>
         <Value name="TwoConstructors" source ="TestClassTest.java" package ="org.junit.tests.running.classes" value ="0"/>
         <Value name="UseSuiteAsASuperclassTest" source ="UseSuiteAsASuperclassTest.java" package ="org.junit.tests.running.classes" value ="0"/>
         <Value name="AllWithMySuite" source ="UseSuiteAsASuperclassTest.java" package ="org.junit.tests.running.classes" value ="0"/>
         <Value name="MySuite" source ="UseSuiteAsASuperclassTest.java" package ="org.junit.tests.running.classes" value ="0"/>
         <Value name="TestA" source ="UseSuiteAsASuperclassTest.java" package ="org.junit.tests.running.classes" value ="0"/>
         <Value name="TestB" source ="UseSuiteAsASuperclassTest.java" package ="org.junit.tests.running.classes" value ="0"/>
         <Value name="CommandLineTest" source ="CommandLineTest.java" package ="org.junit.tests.running.core" value ="0"/>
         <Value name="Count" source ="CommandLineTest.java" package ="org.junit.tests.running.core" value ="0"/>
         <Value name="Example" source ="CommandLineTest.java" package ="org.junit.tests.running.core" value ="0"/>
         <Value name="JUnitCoreReturnsCorrectExitCodeTest" source ="JUnitCoreReturnsCorrectExitCodeTest.java" package ="org.junit.tests.running.core" value ="0"/>
         <Value name="Fail" source ="JUnitCoreReturnsCorrectExitCodeTest.java" package ="org.junit.tests.running.core" value ="0"/>
         <Value name="Succeed" source ="JUnitCoreReturnsCorrectExitCodeTest.java" package ="org.junit.tests.running.core" value ="0"/>
         <Value name="SystemExitTest" source ="SystemExitTest.java" package ="org.junit.tests.running.core" value ="0"/>
         <Value name="Exit" source ="SystemExitTest.java" package ="org.junit.tests.running.core" value ="0"/>
         <Value name="AnnotationTest" source ="AnnotationTest.java" package ="org.junit.tests.running.methods" value ="0"/>
         <Value name="ErrorInAfterClass" source ="AnnotationTest.java" package ="org.junit.tests.running.methods" value ="0"/>
         <Value name="ErrorInBeforeClass" source ="AnnotationTest.java" package ="org.junit.tests.running.methods" value ="0"/>
         <Value name="ExceptionTest" source ="AnnotationTest.java" package ="org.junit.tests.running.methods" value ="0"/>
         <Value name="FailureTest" source ="AnnotationTest.java" package ="org.junit.tests.running.methods" value ="0"/>
         <Value name="NoExceptionTest" source ="AnnotationTest.java" package ="org.junit.tests.running.methods" value ="0"/>
         <Value name="NonStaticOneTimeSetup" source ="AnnotationTest.java" package ="org.junit.tests.running.methods" value ="0"/>
         <Value name="OldSuiteTest" source ="AnnotationTest.java" package ="org.junit.tests.running.methods" value ="0"/>
         <Value name="OldTest" source ="AnnotationTest.java" package ="org.junit.tests.running.methods" value ="0"/>
         <Value name="OneTimeSetup" source ="AnnotationTest.java" package ="org.junit.tests.running.methods" value ="0"/>
         <Value name="OneTimeTeardown" source ="AnnotationTest.java" package ="org.junit.tests.running.methods" value ="0"/>
         <Value name="OrderTest" source ="AnnotationTest.java" package ="org.junit.tests.running.methods" value ="0"/>
         <Value name="RunAllAfterClasses" source ="AnnotationTest.java" package ="org.junit.tests.running.methods" value ="0"/>
         <Value name="RunAllAfterClassesRegardless" source ="AnnotationTest.java" package ="org.junit.tests.running.methods" value ="0"/>
         <Value name="RunAllAfters" source ="AnnotationTest.java" package ="org.junit.tests.running.methods" value ="0"/>
         <Value name="RunAllAftersRegardless" source ="AnnotationTest.java" package ="org.junit.tests.running.methods" value ="0"/>
         <Value name="SetupFailureTest" source ="AnnotationTest.java" package ="org.junit.tests.running.methods" value ="0"/>
         <Value name="SetupTest" source ="AnnotationTest.java" package ="org.junit.tests.running.methods" value ="0"/>
         <Value name="SimpleTest" source ="AnnotationTest.java" package ="org.junit.tests.running.methods" value ="0"/>
         <Value name="SimpleTestWithFutureProofExplicitRunner" source ="AnnotationTest.java" package ="org.junit.tests.running.methods" value ="0"/>
         <Value name="SubInheritance" source ="AnnotationTest.java" package ="org.junit.tests.running.methods" value ="0"/>
         <Value name="SubShadowing" source ="AnnotationTest.java" package ="org.junit.tests.running.methods" value ="0"/>
         <Value name="SubTest" source ="AnnotationTest.java" package ="org.junit.tests.running.methods" value ="0"/>
         <Value name="TeardownAfterFailureTest" source ="AnnotationTest.java" package ="org.junit.tests.running.methods" value ="0"/>
         <Value name="TeardownFailureTest" source ="AnnotationTest.java" package ="org.junit.tests.running.methods" value ="0"/>
         <Value name="TeardownTest" source ="AnnotationTest.java" package ="org.junit.tests.running.methods" value ="0"/>
         <Value name="TestAndTeardownFailureTest" source ="AnnotationTest.java" package ="org.junit.tests.running.methods" value ="0"/>
         <Value name="TwoTests" source ="AnnotationTest.java" package ="org.junit.tests.running.methods" value ="0"/>
         <Value name="ExpectedTest" source ="ExpectedTest.java" package ="org.junit.tests.running.methods" value ="0"/>
         <Value name="ExpectSuperclass" source ="ExpectedTest.java" package ="org.junit.tests.running.methods" value ="0"/>
         <Value name="Expected" source ="ExpectedTest.java" package ="org.junit.tests.running.methods" value ="0"/>
         <Value name="NoneThrown" source ="ExpectedTest.java" package ="org.junit.tests.running.methods" value ="0"/>
         <Value name="Unexpected" source ="ExpectedTest.java" package ="org.junit.tests.running.methods" value ="0"/>
         <Value name="InheritedTestTest" source ="InheritedTestTest.java" package ="org.junit.tests.running.methods" value ="0"/>
         <Value name="Sub" source ="InheritedTestTest.java" package ="org.junit.tests.running.methods" value ="0"/>
         <Value name="SubWithBefore" source ="InheritedTestTest.java" package ="org.junit.tests.running.methods" value ="0"/>
         <Value name="ParameterizedTestMethodTest" source ="ParameterizedTestMethodTest.java" package ="org.junit.tests.running.methods" value ="0"/>
         <Value name="EverythingWrong" source ="ParameterizedTestMethodTest.java" package ="org.junit.tests.running.methods" value ="0"/>
         <Value name="SubShadows" source ="ParameterizedTestMethodTest.java" package ="org.junit.tests.running.methods" value ="0"/>
         <Value name="SubWrong" source ="ParameterizedTestMethodTest.java" package ="org.junit.tests.running.methods" value ="0"/>
         <Value name="TestMethodTest" source ="TestMethodTest.java" package ="org.junit.tests.running.methods" value ="0"/>
         <Value name="Confused" source ="TestMethodTest.java" package ="org.junit.tests.running.methods" value ="0"/>
         <Value name="ConstructorParameter" source ="TestMethodTest.java" package ="org.junit.tests.running.methods" value ="0"/>
         <Value name="EverythingWrong" source ="TestMethodTest.java" package ="org.junit.tests.running.methods" value ="0"/>
         <Value name="IgnoredTest" source ="TestMethodTest.java" package ="org.junit.tests.running.methods" value ="0"/>
         <Value name="OnlyTestIsIgnored" source ="TestMethodTest.java" package ="org.junit.tests.running.methods" value ="0"/>
         <Value name="SubShadows" source ="TestMethodTest.java" package ="org.junit.tests.running.methods" value ="0"/>
         <Value name="SubWrong" source ="TestMethodTest.java" package ="org.junit.tests.running.methods" value ="0"/>
         <Value name="TimeoutTest" source ="TimeoutTest.java" package ="org.junit.tests.running.methods" value ="0"/>
         <Value name="FailureWithTimeoutRunTimeExceptionTest" source ="TimeoutTest.java" package ="org.junit.tests.running.methods" value ="0"/>
         <Value name="FailureWithTimeoutTest" source ="TimeoutTest.java" package ="org.junit.tests.running.methods" value ="0"/>
         <Value name="ImpatientLoopTest" source ="TimeoutTest.java" package ="org.junit.tests.running.methods" value ="0"/>
         <Value name="InfiniteLoopTest" source ="TimeoutTest.java" package ="org.junit.tests.running.methods" value ="0"/>
         <Value name="SuccessWithTimeoutTest" source ="TimeoutTest.java" package ="org.junit.tests.running.methods" value ="0"/>
         <Value name="TimeoutFailureTest" source ="TimeoutTest.java" package ="org.junit.tests.running.methods" value ="0"/>
         <Value name="WillTimeOut" source ="TimeoutTest.java" package ="org.junit.tests.running.methods" value ="0"/>
         <Value name="Sub" source ="Sub.java" package ="org.junit.tests.validation.anotherpackage" value ="0"/>
         <Value name="BadlyFormedClassesTest" source ="BadlyFormedClassesTest.java" package ="org.junit.tests.validation" value ="0"/>
         <Value name="BadBeforeMethodWithLegacyRunner" source ="BadlyFormedClassesTest.java" package ="org.junit.tests.validation" value ="0"/>
         <Value name="FaultyConstructor" source ="BadlyFormedClassesTest.java" package ="org.junit.tests.validation" value ="0"/>
         <Value name="NoTests" source ="BadlyFormedClassesTest.java" package ="org.junit.tests.validation" value ="0"/>
         <Value name="FailedConstructionTest" source ="FailedConstructionTest.java" package ="org.junit.tests.validation" value ="0"/>
         <Value name="CantConstruct" source ="FailedConstructionTest.java" package ="org.junit.tests.validation" value ="0"/>
         <Value name="InaccessibleBaseClassTest" source ="InaccessibleBaseClassTest.java" package ="org.junit.tests.validation" value ="0"/>
         <Value name="ValidationTest" source ="ValidationTest.java" package ="org.junit.tests.validation" value ="0"/>
         <Value name="NonStaticBeforeClass" source ="ValidationTest.java" package ="org.junit.tests.validation" value ="0"/>
         <Value name="WrongBeforeClass" source ="ValidationTest.java" package ="org.junit.tests.validation" value ="0"/>
         <Value name="AllTests" source ="AllTests.java" package ="org.junit.tests" value ="0"/>
         <Value name="ObjectContractTest" source ="ObjectContractTest.java" package ="org.junit.tests" value ="0"/>
         <Value name="ParentRunnerTest" source ="ParentRunnerTest.java" package ="org.junit.tests" value ="0"/>
         <Value name="FruitTest" source ="ParentRunnerTest.java" package ="org.junit.tests" value ="0"/>
         <Value name="TestSystem" source ="TestSystem.java" package ="org.junit.tests" value ="0"/>
      </Values>
   </Metric>
   <Metric id = "NOC" description ="Number of Classes">
      <Values per = "packageFragment" total = "570" avg = "10.179" stddev = "13.609" max = "63">
         <Value name="org.junit.tests.experimental.rules" package ="org.junit.tests.experimental.rules" value ="63"/>
         <Value name="org.junit.tests.running.methods" package ="org.junit.tests.running.methods" value ="62"/>
         <Value name="org.junit.tests.running.classes" package ="org.junit.tests.running.classes" value ="41"/>
         <Value name="org.junit.tests.junit3compatibility" package ="org.junit.tests.junit3compatibility" value ="40"/>
         <Value name="org.junit.tests.experimental.theories.runner" package ="org.junit.tests.experimental.theories.runner" value ="38"/>
         <Value name="org.junit.tests.experimental.categories" package ="org.junit.tests.experimental.categories" value ="30"/>
         <Value name="junit.tests.framework" package ="junit.tests.framework" value ="23"/>
         <Value name="org.junit.tests.listening" package ="org.junit.tests.listening" value ="17"/>
         <Value name="org.junit.tests.manipulation" package ="org.junit.tests.manipulation" value ="15"/>
         <Value name="org.junit.internal.runners" package ="org.junit.internal.runners" value ="12"/>
         <Value name="junit.framework" package ="junit.framework" value ="11"/>
         <Value name="junit.tests.runner" package ="junit.tests.runner" value ="11"/>
         <Value name="org.junit.tests.experimental.max" package ="org.junit.tests.experimental.max" value ="11"/>
         <Value name="org.junit.rules" package ="org.junit.rules" value ="10"/>
         <Value name="org.junit.tests.experimental.theories.extendingwithstubs" package ="org.junit.tests.experimental.theories.extendingwithstubs" value ="10"/>
         <Value name="org.junit.tests.validation" package ="org.junit.tests.validation" value ="10"/>
         <Value name="org.junit.tests.experimental" package ="org.junit.tests.experimental" value ="9"/>
         <Value name="org.junit.internal.builders" package ="org.junit.internal.builders" value ="8"/>
         <Value name="org.junit.tests.running.core" package ="org.junit.tests.running.core" value ="8"/>
         <Value name="org.junit.internal" package ="org.junit.internal" value ="7"/>
         <Value name="org.junit.runner" package ="org.junit.runner" value ="7"/>
         <Value name="org.junit.runners" package ="org.junit.runners" value ="7"/>
         <Value name="org.junit.runners.model" package ="org.junit.runners.model" value ="7"/>
         <Value name="junit.tests.extensions" package ="junit.tests.extensions" value ="7"/>
         <Value name="org.junit.experimental.theories" package ="org.junit.experimental.theories" value ="6"/>
         <Value name="org.junit.internal.matchers" package ="org.junit.internal.matchers" value ="6"/>
         <Value name="org.junit.internal.runners.statements" package ="org.junit.internal.runners.statements" value ="6"/>
         <Value name="org.junit.tests.description" package ="org.junit.tests.description" value ="6"/>
         <Value name="org.junit.tests.experimental.parallel" package ="org.junit.tests.experimental.parallel" value ="6"/>
         <Value name="org.junit.experimental.max" package ="org.junit.experimental.max" value ="5"/>
         <Value name="org.junit.runner.notification" package ="org.junit.runner.notification" value ="5"/>
         <Value name="org.junit.tests" package ="org.junit.tests" value ="5"/>
         <Value name="junit.extensions" package ="junit.extensions" value ="4"/>
         <Value name="org.junit" package ="org.junit" value ="4"/>
         <Value name="org.junit.experimental.theories.internal" package ="org.junit.experimental.theories.internal" value ="4"/>
         <Value name="org.junit.tests.experimental.theories" package ="org.junit.tests.experimental.theories" value ="4"/>
         <Value name="org.junit.experimental.results" package ="org.junit.experimental.results" value ="3"/>
         <Value name="org.junit.experimental.runners" package ="org.junit.experimental.runners" value ="3"/>
         <Value name="org.junit.internal.requests" package ="org.junit.internal.requests" value ="3"/>
         <Value name="org.junit.internal.runners.model" package ="org.junit.internal.runners.model" value ="3"/>
         <Value name="org.junit.runner.manipulation" package ="org.junit.runner.manipulation" value ="3"/>
         <Value name="junit.samples" package ="junit.samples" value ="3"/>
         <Value name="junit.samples.money" package ="junit.samples.money" value ="3"/>
         <Value name="org.junit.tests.assertion" package ="org.junit.tests.assertion" value ="3"/>
         <Value name="org.junit.tests.deprecated" package ="org.junit.tests.deprecated" value ="3"/>
         <Value name="junit.runner" package ="junit.runner" value ="2"/>
         <Value name="junit.textui" package ="junit.textui" value ="2"/>
         <Value name="org.junit.experimental.categories" package ="org.junit.experimental.categories" value ="2"/>
         <Value name="junit.tests" package ="junit.tests" value ="2"/>
         <Value name="org.junit.samples" package ="org.junit.samples" value ="2"/>
         <Value name="org.junit.tests.experimental.results" package ="org.junit.tests.experimental.results" value ="2"/>
         <Value name="org.junit.tests.validation.anotherpackage" package ="org.junit.tests.validation.anotherpackage" value ="2"/>
         <Value name="org.junit.experimental" package ="org.junit.experimental" value ="1"/>
         <Value name="org.junit.experimental.theories.suppliers" package ="org.junit.experimental.theories.suppliers" value ="1"/>
         <Value name="org.junit.matchers" package ="org.junit.matchers" value ="1"/>
         <Value name="org.junit.samples.money" package ="org.junit.samples.money" value ="1"/>
      </Values>
   </Metric>
   <Metric id = "MLOC" description ="Method Lines of Code">
      <Values per = "method" total = "6794" avg = "3.16" stddev = "3.982" max = "44">
         <Value name="getTest" source ="BaseTestRunner.java" package ="junit.runner" value ="44"/>
         <Value name="arrayEquals" source ="ComparisonCriteria.java" package ="org.junit.internal" value ="38"/>
         <Value name="runWithCompleteAssignment" source ="Theories.java" package ="org.junit.experimental.theories" value ="33"/>
         <Value name="start" source ="TestRunner.java" package ="junit.textui" value ="28"/>
         <Value name="assertThat" source ="Assert.java" package ="org.junit" value ="25"/>
         <Value name="setUp" source ="StackFilterTest.java" package ="junit.tests.runner" value ="25"/>
         <Value name="parallelize" source ="ParallelComputer.java" package ="org.junit.experimental" value ="24"/>
         <Value name="runWithTimeout" source ="MethodRoadie.java" package ="org.junit.internal.runners" value ="24"/>
         <Value name="assertEquals" source ="Assert.java" package ="org.junit" value ="24"/>
         <Value name="createTest" source ="TestSuite.java" package ="junit.framework" value ="23"/>
         <Value name="assertEquals" source ="Assert.java" package ="org.junit" value ="23"/>
         <Value name="reguesses" source ="Guesser.java" package ="org.junit.tests.experimental.theories.extendingwithstubs" value ="23"/>
         <Value name="makeDescription" source ="JUnit38ClassRunner.java" package ="org.junit.internal.runners" value ="22"/>
         <Value name="classBlock" source ="ParentRunner.java" package ="org.junit.runners" value ="22"/>
         <Value name="testError" source ="ForwardCompatibilityPrintingTest.java" package ="org.junit.tests.junit3compatibility" value ="22"/>
         <Value name="runTest" source ="TestCase.java" package ="junit.framework" value ="21"/>
         <Value name="evaluate" source ="FailOnTimeout.java" package ="org.junit.internal.runners.statements" value ="21"/>
         <Value name="addTestsFromTestCase" source ="TestSuite.java" package ="junit.framework" value ="20"/>
         <Value name="validateTestMethods" source ="MethodValidator.java" package ="org.junit.internal.runners" value ="20"/>
         <Value name="testRunningErrorsInTestSetup" source ="ExtensionTest.java" package ="junit.tests.extensions" value ="20"/>
         <Value name="testNotifyResult" source ="ForwardCompatibilityTest.java" package ="org.junit.tests.junit3compatibility" value ="20"/>
         <Value name="matchMethodDescription" source ="Filter.java" package ="org.junit.runner.manipulation" value ="19"/>
         <Value name="assertEquals" source ="Assert.java" package ="org.junit" value ="19"/>
         <Value name="assumeNoException" source ="Assume.java" package ="org.junit" value ="19"/>
         <Value name="getNotifier" source ="JUnit4TestAdapterCache.java" package ="junit.framework" value ="18"/>
         <Value name="runTestMethod" source ="MethodRoadie.java" package ="org.junit.internal.runners" value ="18"/>
         <Value name="validatePublicVoid" source ="FrameworkMethod.java" package ="org.junit.runners.model" value ="18"/>
         <Value name="withClassRules" source ="ParentRunner.java" package ="org.junit.runners" value ="18"/>
         <Value name="runMain" source ="JUnitCore.java" package ="org.junit.runner" value ="18"/>
         <Value name="processArguments" source ="BaseTestRunner.java" package ="junit.runner" value ="17"/>
         <Value name="evaluate" source ="ExpectException.java" package ="org.junit.internal.runners.statements" value ="17"/>
         <Value name="assertArrayEquals" source ="Assert.java" package ="org.junit" value ="17"/>
         <Value name="internalArrayEquals" source ="Assert.java" package ="org.junit" value ="17"/>
         <Value name="getFilteredTrace" source ="BaseTestRunner.java" package ="junit.runner" value ="16"/>
         <Value name="sortWith" source ="Request.java" package ="org.junit.runner" value ="16"/>
         <Value name="testErrorTearingDownDoesntMaskErrorRunning" source ="TestCaseTest.java" package ="junit.tests.framework" value ="16"/>
         <Value name="notifyListenersInTheOrderInWhichTheyAreAdded" source ="ListenerTest.java" package ="org.junit.tests.listening" value ="16"/>
         <Value name="runBare" source ="TestCase.java" package ="junit.framework" value ="15"/>
         <Value name="filterLine" source ="BaseTestRunner.java" package ="junit.runner" value ="15"/>
         <Value name="readHistory" source ="MaxHistory.java" package ="org.junit.experimental.max" value ="15"/>
         <Value name="forValue" source ="PotentialAssignment.java" package ="org.junit.experimental.theories" value ="15"/>
         <Value name="evaluate" source ="RunAfters.java" package ="org.junit.internal.runners.statements" value ="15"/>
         <Value name="apply" source ="TestWatcher.java" package ="org.junit.rules" value ="15"/>
         <Value name="apply" source ="TestWatchman.java" package ="org.junit.rules" value ="15"/>
         <Value name="withAfters" source ="BlockJUnit4ClassRunner.java" package ="org.junit.runners" value ="15"/>
         <Value name="assertEquals" source ="Assert.java" package ="org.junit" value ="15"/>
         <Value name="assertEquals" source ="Assert.java" package ="org.junit" value ="15"/>
         <Value name="testErrorAdapted" source ="ForwardCompatibilityPrintingTest.java" package ="org.junit.tests.junit3compatibility" value ="15"/>
         <Value name="buildRunner" source ="AnnotatedBuilder.java" package ="org.junit.internal.builders" value ="14"/>
         <Value name="runBefores" source ="ClassRoadie.java" package ="org.junit.internal.runners" value ="14"/>
         <Value name="filter" source ="JUnit38ClassRunner.java" package ="org.junit.internal.runners" value ="14"/>
         <Value name="run" source ="MethodRoadie.java" package ="org.junit.internal.runners" value ="14"/>
         <Value name="runBefores" source ="MethodRoadie.java" package ="org.junit.internal.runners" value ="14"/>
         <Value name="validatePublicVoidNoArgMethods" source ="ParentRunner.java" package ="org.junit.runners" value ="14"/>
         <Value name="assertSame" source ="Assert.java" package ="org.junit" value ="14"/>
         <Value name="testRunReturnsResult" source ="TextRunnerTest.java" package ="junit.tests.runner" value ="14"/>
         <Value name="assertFilterLeavesTestUnscathed" source ="MaxStarterTest.java" package ="org.junit.tests.experimental.max" value ="14"/>
         <Value name="testListener" source ="JUnit38ClassRunnerTest.java" package ="org.junit.tests.junit3compatibility" value ="14"/>
         <Value name="useChildHarvester" source ="ParentRunnerTest.java" package ="org.junit.tests" value ="14"/>
         <Value name="constructLeafRequest" source ="MaxCore.java" package ="org.junit.experimental.max" value ="13"/>
         <Value name="addFields" source ="AllMembersSupplier.java" package ="org.junit.experimental.theories.internal" value ="13"/>
         <Value name="invokeTestMethod" source ="JUnit4ClassRunner.java" package ="org.junit.internal.runners" value ="13"/>
         <Value name="validateInstanceMethods" source ="BlockJUnit4ClassRunner.java" package ="org.junit.runners" value ="13"/>
         <Value name="withBefores" source ="BlockJUnit4ClassRunner.java" package ="org.junit.runners" value ="13"/>
         <Value name="assertArrayEquals" source ="Assert.java" package ="org.junit" value ="13"/>
         <Value name="assertArrayEquals" source ="Assert.java" package ="org.junit" value ="13"/>
         <Value name="assertArrayEquals" source ="Assert.java" package ="org.junit" value ="13"/>
         <Value name="assertArrayEquals" source ="Assert.java" package ="org.junit" value ="13"/>
         <Value name="assertArrayEquals" source ="Assert.java" package ="org.junit" value ="13"/>
         <Value name="assertArrayEquals" source ="Assert.java" package ="org.junit" value ="13"/>
         <Value name="assertArrayEquals" source ="Assert.java" package ="org.junit" value ="13"/>
         <Value name="assertArrayEquals" source ="Assert.java" package ="org.junit" value ="13"/>
         <Value name="equals" source ="MoneyBag.java" package ="junit.samples.money" value ="13"/>
         <Value name="suite" source ="SuiteTest.java" package ="junit.tests.framework" value ="13"/>
         <Value name="testRunAndTearDownFails" source ="TestCaseTest.java" package ="junit.tests.framework" value ="13"/>
         <Value name="testError" source ="TextFeedbackTest.java" package ="junit.tests.runner" value ="13"/>
         <Value name="testFailure" source ="TextFeedbackTest.java" package ="junit.tests.runner" value ="13"/>
         <Value name="implicitTypecastEquality" source ="AssertionTest.java" package ="org.junit.tests.assertion" value ="13"/>
         <Value name="runProtected" source ="TestResult.java" package ="junit.framework" value ="12"/>
         <Value name="readPreferences" source ="BaseTestRunner.java" package ="junit.runner" value ="12"/>
         <Value name="printFooter" source ="ResultPrinter.java" package ="junit.textui" value ="12"/>
         <Value name="forFolder" source ="MaxHistory.java" package ="org.junit.experimental.max" value ="12"/>
         <Value name="failureCountIs" source ="ResultMatchers.java" package ="org.junit.experimental.results" value ="12"/>
         <Value name="runnerForClass" source ="AllDefaultPossibilitiesBuilder.java" package ="org.junit.internal.builders" value ="12"/>
         <Value name="testFromSuiteMethod" source ="SuiteMethod.java" package ="org.junit.internal.runners" value ="12"/>
         <Value name="getAnnotatedMethods" source ="TestClass.java" package ="org.junit.internal.runners" value ="12"/>
         <Value name="getMessage" source ="ArrayComparisonFailure.java" package ="org.junit.internal" value ="12"/>
         <Value name="invokeExplosively" source ="FrameworkMethod.java" package ="org.junit.runners.model" value ="12"/>
         <Value name="validatePublicVoidNoArg" source ="FrameworkMethod.java" package ="org.junit.runners.model" value ="12"/>
         <Value name="runners" source ="RunnerBuilder.java" package ="org.junit.runners.model" value ="12"/>
         <Value name="getAnnotatedFieldValues" source ="TestClass.java" package ="org.junit.runners.model" value ="12"/>
         <Value name="run" source ="ParentRunner.java" package ="org.junit.runners" value ="12"/>
         <Value name="assertEquals" source ="Assert.java" package ="org.junit" value ="12"/>
         <Value name="format" source ="Assert.java" package ="org.junit" value ="12"/>
         <Value name="suite" source ="AllTests.java" package ="junit.tests.framework" value ="12"/>
         <Value name="execTest" source ="TextRunnerTest.java" package ="junit.tests.runner" value ="12"/>
         <Value name="runTest" source ="ActiveTestSuite.java" package ="junit.extensions" value ="11"/>
         <Value name="buildRunner" source ="MaxCore.java" package ="org.junit.experimental.max" value ="11"/>
         <Value name="hasFailureContaining" source ="ResultMatchers.java" package ="org.junit.experimental.results" value ="11"/>
         <Value name="hasSingleFailureContaining" source ="ResultMatchers.java" package ="org.junit.experimental.results" value ="11"/>
         <Value name="getValue" source ="AllMembersSupplier.java" package ="org.junit.experimental.theories.internal" value ="11"/>
         <Value name="allUnassigned" source ="Assignments.java" package ="org.junit.experimental.theories.internal" value ="11"/>
         <Value name="findDeepAnnotation" source ="ParameterSignature.java" package ="org.junit.experimental.theories" value ="11"/>
         <Value name="methodCompletesWithParameters" source ="Theories.java" package ="org.junit.experimental.theories" value ="11"/>
         <Value name="checkSucceeds" source ="ErrorCollector.java" package ="org.junit.rules" value ="11"/>
         <Value name="evaluate" source ="ExpectedException.java" package ="org.junit.rules" value ="11"/>
         <Value name="statement" source ="ExternalResource.java" package ="org.junit.rules" value ="11"/>
         <Value name="fireTestFinished" source ="RunNotifier.java" package ="org.junit.runner.notification" value ="11"/>
         <Value name="childrenInvoker" source ="ParentRunner.java" package ="org.junit.runners" value ="11"/>
         <Value name="getFilteredChildren" source ="ParentRunner.java" package ="org.junit.runners" value ="11"/>
         <Value name="withAfterClasses" source ="ParentRunner.java" package ="org.junit.runners" value ="11"/>
         <Value name="getSuite" source ="Computer.java" package ="org.junit.runner" value ="11"/>
         <Value name="run" source ="JUnitCore.java" package ="org.junit.runner" value ="11"/>
         <Value name="assertEquals" source ="Assert.java" package ="org.junit" value ="11"/>
         <Value name="assertNotNull" source ="Assert.java" package ="org.junit" value ="11"/>
         <Value name="assertNull" source ="Assert.java" package ="org.junit" value ="11"/>
         <Value name="assertTrue" source ="Assert.java" package ="org.junit" value ="11"/>
         <Value name="appendMoney" source ="MoneyBag.java" package ="junit.samples.money" value ="11"/>
         <Value name="testSetupErrorInTestSetup" source ="ExtensionTest.java" package ="junit.tests.extensions" value ="11"/>
         <Value name="equals" source ="AssertionTest.java" package ="org.junit.tests.assertion" value ="11"/>
         <Value name="backTraceHasGoodToString" source ="PrintableResultTest.java" package ="org.junit.tests.experimental.results" value ="11"/>
         <Value name="testFinished" source ="RunnerTest.java" package ="org.junit.tests.listening" value ="11"/>
         <Value name="removeFailingListeners" source ="TestListenerTest.java" package ="org.junit.tests.listening" value ="11"/>
         <Value name="FilteredRunner" source ="FilterableTest.java" package ="org.junit.tests.manipulation" value ="11"/>
         <Value name="filteringAwayEverythingThrowsException" source ="SingleMethodTest.java" package ="org.junit.tests.manipulation" value ="11"/>
         <Value name="assertNull" source ="Assert.java" package ="junit.framework" value ="10"/>
         <Value name="addTestMethod" source ="TestSuite.java" package ="junit.framework" value ="10"/>
         <Value name="main" source ="TestRunner.java" package ="junit.textui" value ="10"/>
         <Value name="hasCorrectCategoryAnnotation" source ="Categories.java" package ="org.junit.experimental.categories" value ="10"/>
         <Value name="run" source ="MaxCore.java" package ="org.junit.experimental.max" value ="10"/>
         <Value name="result" source ="FailureList.java" package ="org.junit.experimental.results" value ="10"/>
         <Value name="join" source ="ParameterizedAssertionError.java" package ="org.junit.experimental.theories.internal" value ="10"/>
         <Value name="each" source ="Each.java" package ="org.junit.internal.matchers" value ="10"/>
         <Value name="assertArraysAreSameLength" source ="ComparisonCriteria.java" package ="org.junit.internal" value ="10"/>
         <Value name="printFailures" source ="TextListener.java" package ="org.junit.internal" value ="10"/>
         <Value name="printFooter" source ="TextListener.java" package ="org.junit.internal" value ="10"/>
         <Value name="checkThat" source ="ErrorCollector.java" package ="org.junit.rules" value ="10"/>
         <Value name="hasMessage" source ="ExpectedException.java" package ="org.junit.rules" value ="10"/>
         <Value name="apply" source ="Filter.java" package ="org.junit.runner.manipulation" value ="10"/>
         <Value name="addToAnnotationLists" source ="TestClass.java" package ="org.junit.runners.model" value ="10"/>
         <Value name="runNotIgnored" source ="BlockJUnit4ClassRunner.java" package ="org.junit.runners" value ="10"/>
         <Value name="assertFalse" source ="Assert.java" package ="org.junit" value ="10"/>
         <Value name="assumeThat" source ="Assume.java" package ="org.junit" value ="10"/>
         <Value name="testRunningErrorInTestSetup" source ="ExtensionTest.java" package ="junit.tests.extensions" value ="10"/>
         <Value name="testSetupErrorDontTearDown" source ="ExtensionTest.java" package ="junit.tests.extensions" value ="10"/>
         <Value name="testAssertNotSame" source ="AssertTest.java" package ="junit.tests.framework" value ="10"/>
         <Value name="testExceptionRunningAndTearDown" source ="TestCaseTest.java" package ="junit.tests.framework" value ="10"/>
         <Value name="testSetupFails" source ="TestCaseTest.java" package ="junit.tests.framework" value ="10"/>
         <Value name="testTearDownFails" source ="TestCaseTest.java" package ="junit.tests.framework" value ="10"/>
         <Value name="listenersAreCalledCorrectlyInTheFaceOfFailures" source ="MaxStarterTest.java" package ="org.junit.tests.experimental.max" value ="10"/>
         <Value name="startsWith" source ="ExpectedExceptionRuleTest.java" package ="org.junit.tests.experimental.rules" value ="10"/>
         <Value name="example" source ="VerifierRuleTest.java" package ="org.junit.tests.experimental.rules" value ="10"/>
         <Value name="failedAssumptionsCanBeDetectedByListeners" source ="AssumptionTest.java" package ="org.junit.tests.experimental" value ="10"/>
         <Value name="addFailureDelegatesToNotifier" source ="OldTestClassAdaptingListenerTest.java" package ="org.junit.tests.junit3compatibility" value ="10"/>
         <Value name="removeIgnored" source ="JUnit4TestAdapter.java" package ="junit.framework" value ="9"/>
         <Value name="asTestList" source ="JUnit4TestAdapterCache.java" package ="junit.framework" value ="9"/>
         <Value name="getPreference" source ="BaseTestRunner.java" package ="junit.runner" value ="9"/>
         <Value name="doRun" source ="TestRunner.java" package ="junit.textui" value ="9"/>
         <Value name="getStaticFieldValue" source ="AllMembersSupplier.java" package ="org.junit.experimental.theories.internal" value ="9"/>
         <Value name="getRunner" source ="FilterRequest.java" package ="org.junit.internal.requests" value ="9"/>
         <Value name="runAfters" source ="ClassRoadie.java" package ="org.junit.internal.runners" value ="9"/>
         <Value name="runAfters" source ="MethodRoadie.java" package ="org.junit.internal.runners" value ="9"/>
         <Value name="runBeforesThenTestThenAfters" source ="MethodRoadie.java" package ="org.junit.internal.runners" value ="9"/>
         <Value name="isShadowed" source ="TestClass.java" package ="org.junit.internal.runners" value ="9"/>
         <Value name="run" source ="RunNotifier.java" package ="org.junit.runner.notification" value ="9"/>
         <Value name="fireTestAssumptionFailed" source ="RunNotifier.java" package ="org.junit.runner.notification" value ="9"/>
         <Value name="getParametersMethod" source ="Parameterized.java" package ="org.junit.runners" value ="9"/>
         <Value name="withBeforeClasses" source ="ParentRunner.java" package ="org.junit.runners" value ="9"/>
         <Value name="assertArrayEquals" source ="Assert.java" package ="org.junit" value ="9"/>
         <Value name="assertArrayEquals" source ="Assert.java" package ="org.junit" value ="9"/>
         <Value name="assertArrayEquals" source ="Assert.java" package ="org.junit" value ="9"/>
         <Value name="assertArrayEquals" source ="Assert.java" package ="org.junit" value ="9"/>
         <Value name="assertArrayEquals" source ="Assert.java" package ="org.junit" value ="9"/>
         <Value name="assertArrayEquals" source ="Assert.java" package ="org.junit" value ="9"/>
         <Value name="assertArrayEquals" source ="Assert.java" package ="org.junit" value ="9"/>
         <Value name="assertEquals" source ="Assert.java" package ="org.junit" value ="9"/>
         <Value name="assertSame" source ="Assert.java" package ="org.junit" value ="9"/>
         <Value name="equals" source ="Money.java" package ="junit.samples.money" value ="9"/>
         <Value name="run" source ="TestImplementorTest.java" package ="junit.tests.framework" value ="9"/>
         <Value name="testError" source ="TestListenerTest.java" package ="junit.tests.framework" value ="9"/>
         <Value name="testFailure" source ="TestListenerTest.java" package ="junit.tests.framework" value ="9"/>
         <Value name="characterizeCreatingMyOwnAnnotation" source ="AnnotatedDescriptionTest.java" package ="org.junit.tests.description" value ="9"/>
         <Value name="correctErrorFromHalfMalformedTest" source ="MaxStarterTest.java" package ="org.junit.tests.experimental.max" value ="9"/>
         <Value name="correctErrorFromMalformedTest" source ="MaxStarterTest.java" package ="org.junit.tests.experimental.max" value ="9"/>
         <Value name="twoTestsNotRunComeBackInRandomOrder" source ="MaxStarterTest.java" package ="org.junit.tests.experimental.max" value ="9"/>
         <Value name="greaterThan" source ="ParallelClassTest.java" package ="org.junit.tests.experimental.parallel" value ="9"/>
         <Value name="betweenInclusive" source ="ParallelMethodTest.java" package ="org.junit.tests.experimental.parallel" value ="9"/>
         <Value name="stalledThreadAppearsInStackTrace" source ="TimeoutTest.java" package ="org.junit.tests.running.methods" value ="9"/>
         <Value name="run" source ="TestSetup.java" package ="junit.extensions" value ="8"/>
         <Value name="createTest" source ="JUnit4TestAdapterCache.java" package ="junit.framework" value ="8"/>
         <Value name="run" source ="TestResult.java" package ="junit.framework" value ="8"/>
         <Value name="printDefects" source ="ResultPrinter.java" package ="junit.textui" value ="8"/>
         <Value name="Categories" source ="Categories.java" package ="org.junit.experimental.categories" value ="8"/>
         <Value name="findLeaves" source ="MaxCore.java" package ="org.junit.experimental.max" value ="8"/>
         <Value name="getActualValues" source ="Assignments.java" package ="org.junit.experimental.theories.internal" value ="8"/>
         <Value name="findExpectedType" source ="TypeSafeMatcher.java" package ="org.junit.internal.matchers" value ="8"/>
         <Value name="getCauses" source ="ErrorReportingRunner.java" package ="org.junit.internal.runners" value ="8"/>
         <Value name="describeTo" source ="AssumptionViolatedException.java" package ="org.junit.internal" value ="8"/>
         <Value name="expect" source ="ExpectedException.java" package ="org.junit.rules" value ="8"/>
         <Value name="fireTestStarted" source ="RunNotifier.java" package ="org.junit.runner.notification" value ="8"/>
         <Value name="isShadowedBy" source ="FrameworkMethod.java" package ="org.junit.runners.model" value ="8"/>
         <Value name="methodBlock" source ="BlockJUnit4ClassRunner.java" package ="org.junit.runners" value ="8"/>
         <Value name="validateOnlyOneConstructor" source ="BlockJUnit4ClassRunner.java" package ="org.junit.runners" value ="8"/>
         <Value name="computeParams" source ="Parameterized.java" package ="org.junit.runners" value ="8"/>
         <Value name="classRules" source ="ParentRunner.java" package ="org.junit.runners" value ="8"/>
         <Value name="collectInitializationErrors" source ="ParentRunner.java" package ="org.junit.runners" value ="8"/>
         <Value name="Suite" source ="Suite.java" package ="org.junit.runners" value ="8"/>
         <Value name="getTestClass" source ="Description.java" package ="org.junit.runner" value ="8"/>
         <Value name="classes" source ="Request.java" package ="org.junit.runner" value ="8"/>
         <Value name="assertNotNull" source ="Assert.java" package ="org.junit" value ="8"/>
         <Value name="assertNotSame" source ="Assert.java" package ="org.junit" value ="8"/>
         <Value name="assertNull" source ="Assert.java" package ="org.junit" value ="8"/>
         <Value name="testElementAt" source ="ListTest.java" package ="junit.samples" value ="8"/>
         <Value name="testAssertEquals" source ="AssertTest.java" package ="junit.tests.framework" value ="8"/>
         <Value name="testAssertSame" source ="AssertTest.java" package ="junit.tests.framework" value ="8"/>
         <Value name="testTearDownSetupFails" source ="TestCaseTest.java" package ="junit.tests.framework" value ="8"/>
         <Value name="testStartStop" source ="TestListenerTest.java" package ="junit.tests.framework" value ="8"/>
         <Value name="testTwoTests" source ="TextFeedbackTest.java" package ="junit.tests.runner" value ="8"/>
         <Value name="testSingle" source ="TextRunnerSingleMethodTest.java" package ="junit.tests.runner" value ="8"/>
         <Value name="assertThatDescriptionCanBeElided" source ="AssertionTest.java" package ="org.junit.tests.assertion" value ="8"/>
         <Value name="assertThatIncludesDescriptionOfTestedValueInErrorMessage" source ="AssertionTest.java" package ="org.junit.tests.assertion" value ="8"/>
         <Value name="notEqualsNullWithObjectWithMessage" source ="AssertionTest.java" package ="org.junit.tests.assertion" value ="8"/>
         <Value name="notEqualsObjectWithNullWithMessage" source ="AssertionTest.java" package ="org.junit.tests.assertion" value ="8"/>
         <Value name="preferNewTests" source ="MaxStarterTest.java" package ="org.junit.tests.experimental.max" value ="8"/>
         <Value name="preferNewTestsOverTestsThatFailed" source ="MaxStarterTest.java" package ="org.junit.tests.experimental.max" value ="8"/>
         <Value name="sortTestsInMultipleClasses" source ="MaxStarterTest.java" package ="org.junit.tests.experimental.max" value ="8"/>
         <Value name="assumeNotNullIncludesParameterList" source ="AssumptionTest.java" package ="org.junit.tests.experimental" value ="8"/>
         <Value name="makeSureSuiteNotUsedWithJUnit4Classes2" source ="SuiteMethodTest.java" package ="org.junit.tests.junit3compatibility" value ="8"/>
         <Value name="waitUntilFinished" source ="ActiveTestSuite.java" package ="junit.extensions" value ="7"/>
         <Value name="compact" source ="ComparisonCompactor.java" package ="junit.framework" value ="7"/>
         <Value name="findCommonSuffix" source ="ComparisonCompactor.java" package ="junit.framework" value ="7"/>
         <Value name="asTest" source ="JUnit4TestAdapterCache.java" package ="junit.framework" value ="7"/>
         <Value name="getPreferences" source ="BaseTestRunner.java" package ="junit.runner" value ="7"/>
         <Value name="pause" source ="TestRunner.java" package ="junit.textui" value ="7"/>
         <Value name="run" source ="TestRunner.java" package ="junit.textui" value ="7"/>
         <Value name="compare" source ="MaxHistory.java" package ="org.junit.experimental.max" value ="7"/>
         <Value name="getValueSources" source ="TestedOnSupplier.java" package ="org.junit.experimental.theories.suppliers" value ="7"/>
         <Value name="matches" source ="TypeSafeMatcher.java" package ="org.junit.internal.matchers" value ="7"/>
         <Value name="FilterRequest" source ="FilterRequest.java" package ="org.junit.internal.requests" value ="7"/>
         <Value name="runProtected" source ="ClassRoadie.java" package ="org.junit.internal.runners" value ="7"/>
         <Value name="filter" source ="JUnit4ClassRunner.java" package ="org.junit.internal.runners" value ="7"/>
         <Value name="getSuperClasses" source ="TestClass.java" package ="org.junit.internal.runners" value ="7"/>
         <Value name="apply" source ="Verifier.java" package ="org.junit.rules" value ="7"/>
         <Value name="runners" source ="RunnerBuilder.java" package ="org.junit.runners.model" value ="7"/>
         <Value name="getOnlyConstructor" source ="TestClass.java" package ="org.junit.runners.model" value ="7"/>
         <Value name="getSuperClasses" source ="TestClass.java" package ="org.junit.runners.model" value ="7"/>
         <Value name="BlockJUnit4ClassRunner" source ="BlockJUnit4ClassRunner.java" package ="org.junit.runners" value ="7"/>
         <Value name="validateConstructor" source ="BlockJUnit4ClassRunner.java" package ="org.junit.runners" value ="7"/>
         <Value name="validateRuleField" source ="BlockJUnit4ClassRunner.java" package ="org.junit.runners" value ="7"/>
         <Value name="runChildren" source ="ParentRunner.java" package ="org.junit.runners" value ="7"/>
         <Value name="runClasses" source ="JUnitCore.java" package ="org.junit.runner" value ="7"/>
         <Value name="filterWith" source ="Request.java" package ="org.junit.runner" value ="7"/>
         <Value name="assertFalse" source ="Assert.java" package ="org.junit" value ="7"/>
         <Value name="assertTrue" source ="Assert.java" package ="org.junit" value ="7"/>
         <Value name="compact" source ="ComparisonFailure.java" package ="org.junit" value ="7"/>
         <Value name="findCommonSuffix" source ="ComparisonFailure.java" package ="org.junit" value ="7"/>
         <Value name="testMoneyBagEquals" source ="MoneyTest.java" package ="junit.samples.money" value ="7"/>
         <Value name="testRepeatedNegative" source ="RepeatedTestTest.java" package ="junit.tests.extensions" value ="7"/>
         <Value name="testAssertFalse" source ="AssertTest.java" package ="junit.tests.framework" value ="7"/>
         <Value name="testAssertNotNull" source ="AssertTest.java" package ="junit.tests.framework" value ="7"/>
         <Value name="testAssertNull" source ="AssertTest.java" package ="junit.tests.framework" value ="7"/>
         <Value name="testAssertNullNotEqualsNull" source ="AssertTest.java" package ="junit.tests.framework" value ="7"/>
         <Value name="testAssertTrue" source ="AssertTest.java" package ="junit.tests.framework" value ="7"/>
         <Value name="testError" source ="TestCaseTest.java" package ="junit.tests.framework" value ="7"/>
         <Value name="testFailure" source ="TestCaseTest.java" package ="junit.tests.framework" value ="7"/>
         <Value name="suite" source ="AllTests.java" package ="junit.tests.runner" value ="7"/>
         <Value name="testMoneyBagEquals" source ="MoneyTest.java" package ="org.junit.samples.money" value ="7"/>
         <Value name="arraysDifferAtElement1nullMessage" source ="AssertionTest.java" package ="org.junit.tests.assertion" value ="7"/>
         <Value name="notSameNullMessage" source ="AssertionTest.java" package ="org.junit.tests.assertion" value ="7"/>
         <Value name="notSameWithMessage" source ="AssertionTest.java" package ="org.junit.tests.assertion" value ="7"/>
         <Value name="oneDimensionalPrimitiveArraysAreEqual" source ="AssertionTest.java" package ="org.junit.tests.assertion" value ="7"/>
         <Value name="sameWithMessage" source ="AssertionTest.java" package ="org.junit.tests.assertion" value ="7"/>
         <Value name="apply" source ="ClassRulesTest.java" package ="org.junit.tests.experimental.rules" value ="7"/>
         <Value name="apply" source ="MethodRulesTest.java" package ="org.junit.tests.experimental.rules" value ="7"/>
         <Value name="apply" source ="TestRuleTest.java" package ="org.junit.tests.experimental.rules" value ="7"/>
         <Value name="createGuesserQueue" source ="StubbedTheories.java" package ="org.junit.tests.experimental.theories.extendingwithstubs" value ="7"/>
         <Value name="dataPointsMustBeStatic" source ="UnsuccessfulWithDataPointFields.java" package ="org.junit.tests.experimental.theories.runner" value ="7"/>
         <Value name="assumeNoExceptionThrows" source ="AssumptionTest.java" package ="org.junit.tests.experimental" value ="7"/>
         <Value name="generatedErrorTestsMatchUp" source ="InitializationErrorForwardCompatibilityTest.java" package ="org.junit.tests.junit3compatibility" value ="7"/>
         <Value name="failureCausesExitCodeOf1" source ="SystemExitTest.java" package ="org.junit.tests.running.core" value ="7"/>
         <Value name="testErrorInBeforeClass" source ="AnnotationTest.java" package ="org.junit.tests.running.methods" value ="7"/>
         <Value name="compactString" source ="ComparisonCompactor.java" package ="junit.framework" value ="6"/>
         <Value name="findCommonPrefix" source ="ComparisonCompactor.java" package ="junit.framework" value ="6"/>
         <Value name="startTest" source ="TestResult.java" package ="junit.framework" value ="6"/>
         <Value name="warning" source ="TestSuite.java" package ="junit.framework" value ="6"/>
         <Value name="getFilteredTrace" source ="BaseTestRunner.java" package ="junit.runner" value ="6"/>
         <Value name="savePreferences" source ="BaseTestRunner.java" package ="junit.runner" value ="6"/>
         <Value name="directCategories" source ="Categories.java" package ="org.junit.experimental.categories" value ="6"/>
         <Value name="shouldRun" source ="Categories.java" package ="org.junit.experimental.categories" value ="6"/>
         <Value name="gatherClasses" source ="SuiteBuilder.java" package ="org.junit.experimental.runners" value ="6"/>
         <Value name="addMultiPointMethods" source ="AllMembersSupplier.java" package ="org.junit.experimental.theories.internal" value ="6"/>
         <Value name="addSinglePointMethods" source ="AllMembersSupplier.java" package ="org.junit.experimental.theories.internal" value ="6"/>
         <Value name="signatures" source ="ParameterSignature.java" package ="org.junit.experimental.theories" value ="6"/>
         <Value name="evaluate" source ="Theories.java" package ="org.junit.experimental.theories" value ="6"/>
         <Value name="hasSuiteMethod" source ="SuiteMethodBuilder.java" package ="org.junit.internal.builders" value ="6"/>
         <Value name="hasItems" source ="IsCollectionContaining.java" package ="org.junit.internal.matchers" value ="6"/>
         <Value name="hasItems" source ="IsCollectionContaining.java" package ="org.junit.internal.matchers" value ="6"/>
         <Value name="matchesSafely" source ="IsCollectionContaining.java" package ="org.junit.internal.matchers" value ="6"/>
         <Value name="addFailure" source ="EachTestNotifier.java" package ="org.junit.internal.runners.model" value ="6"/>
         <Value name="validateInstanceMethods" source ="MethodValidator.java" package ="org.junit.internal.runners" value ="6"/>
         <Value name="Failure" source ="Failure.java" package ="org.junit.runner.notification" value ="6"/>
         <Value name="fireTestFailure" source ="RunNotifier.java" package ="org.junit.runner.notification" value ="6"/>
         <Value name="fireTestIgnored" source ="RunNotifier.java" package ="org.junit.runner.notification" value ="6"/>
         <Value name="fireTestRunFinished" source ="RunNotifier.java" package ="org.junit.runner.notification" value ="6"/>
         <Value name="fireTestRunStarted" source ="RunNotifier.java" package ="org.junit.runner.notification" value ="6"/>
         <Value name="runChild" source ="BlockJUnit4ClassRunner.java" package ="org.junit.runners" value ="6"/>
         <Value name="ParentRunner" source ="ParentRunner.java" package ="org.junit.runners" value ="6"/>
         <Value name="getClassRule" source ="ParentRunner.java" package ="org.junit.runners" value ="6"/>
         <Value name="Suite" source ="Suite.java" package ="org.junit.runners" value ="6"/>
         <Value name="createTestDescription" source ="Description.java" package ="org.junit.runner" value ="6"/>
         <Value name="testCount" source ="Description.java" package ="org.junit.runner" value ="6"/>
         <Value name="runClasses" source ="JUnitCore.java" package ="org.junit.runner" value ="6"/>
         <Value name="runner" source ="Request.java" package ="org.junit.runner" value ="6"/>
         <Value name="assertThat" source ="Assert.java" package ="org.junit" value ="6"/>
         <Value name="fail" source ="Assert.java" package ="org.junit" value ="6"/>
         <Value name="compactString" source ="ComparisonFailure.java" package ="org.junit" value ="6"/>
         <Value name="findCommonPrefix" source ="ComparisonFailure.java" package ="org.junit" value ="6"/>
         <Value name="toString" source ="MoneyBag.java" package ="junit.samples.money" value ="6"/>
         <Value name="setUp" source ="MoneyTest.java" package ="junit.samples.money" value ="6"/>
         <Value name="testMoneyEquals" source ="MoneyTest.java" package ="junit.samples.money" value ="6"/>
         <Value name="testActiveRepeatedTest" source ="ActiveTestTest.java" package ="junit.tests.extensions" value ="6"/>
         <Value name="testActiveRepeatedTest0" source ="ActiveTestTest.java" package ="junit.tests.extensions" value ="6"/>
         <Value name="testActiveRepeatedTest1" source ="ActiveTestTest.java" package ="junit.tests.extensions" value ="6"/>
         <Value name="testActiveTest" source ="ActiveTestTest.java" package ="junit.tests.extensions" value ="6"/>
         <Value name="testAssertNotSameFailsNull" source ="AssertTest.java" package ="junit.tests.framework" value ="6"/>
         <Value name="testAssertStringNotEqualsNull" source ="AssertTest.java" package ="junit.tests.framework" value ="6"/>
         <Value name="testFail" source ="AssertTest.java" package ="junit.tests.framework" value ="6"/>
         <Value name="testThrowing" source ="ComparisonFailureTest.java" package ="junit.tests.framework" value ="6"/>
         <Value name="testOneTestCase" source ="SuiteTest.java" package ="junit.tests.framework" value ="6"/>
         <Value name="testNoArgTestCasePasses" source ="TestCaseTest.java" package ="junit.tests.framework" value ="6"/>
         <Value name="testSuccess" source ="TestCaseTest.java" package ="junit.tests.framework" value ="6"/>
         <Value name="TestImplementorTest" source ="TestImplementorTest.java" package ="junit.tests.framework" value ="6"/>
         <Value name="testOneTest" source ="TextFeedbackTest.java" package ="junit.tests.runner" value ="6"/>
         <Value name="setUp" source ="MoneyTest.java" package ="org.junit.samples.money" value ="6"/>
         <Value name="testMoneyEquals" source ="MoneyTest.java" package ="org.junit.samples.money" value ="6"/>
         <Value name="arraysDifferAtElement0nullMessage" source ="AssertionTest.java" package ="org.junit.tests.assertion" value ="6"/>
         <Value name="arraysDifferAtElement0withMessage" source ="AssertionTest.java" package ="org.junit.tests.assertion" value ="6"/>
         <Value name="arraysDifferAtElement1withMessage" source ="AssertionTest.java" package ="org.junit.tests.assertion" value ="6"/>
         <Value name="assertThatIncludesAdvancedMismatch" source ="AssertionTest.java" package ="org.junit.tests.assertion" value ="6"/>
         <Value name="multiDimensionalArraysAreNotEqual" source ="AssertionTest.java" package ="org.junit.tests.assertion" value ="6"/>
         <Value name="multiDimensionalArraysAreNotEqualNoMessage" source ="AssertionTest.java" package ="org.junit.tests.assertion" value ="6"/>
         <Value name="nullMessageDisappearsWithAssertEquals" source ="AssertionTest.java" package ="org.junit.tests.assertion" value ="6"/>
         <Value name="nullMessageDisappearsWithStringAssertEquals" source ="AssertionTest.java" package ="org.junit.tests.assertion" value ="6"/>
         <Value name="sameNullMessage" source ="AssertionTest.java" package ="org.junit.tests.assertion" value ="6"/>
         <Value name="preferRecentlyFailed38Test" source ="JUnit38SortingTest.java" package ="org.junit.tests.experimental.max" value ="6"/>
         <Value name="filterSingleMethodFromOldTestClass" source ="MaxStarterTest.java" package ="org.junit.tests.experimental.max" value ="6"/>
         <Value name="preferRecentlyFailed" source ="MaxStarterTest.java" package ="org.junit.tests.experimental.max" value ="6"/>
         <Value name="rememberOldRuns" source ="MaxStarterTest.java" package ="org.junit.tests.experimental.max" value ="6"/>
         <Value name="testsRunInParallel" source ="ParallelMethodTest.java" package ="org.junit.tests.experimental.parallel" value ="6"/>
         <Value name="includeMultipleFailures" source ="PrintableResultTest.java" package ="org.junit.tests.experimental.results" value ="6"/>
         <Value name="recursiveDeleteFolderWithOneElement" source ="TempFolderRuleTest.java" package ="org.junit.tests.experimental.rules" value ="6"/>
         <Value name="generateGuess" source ="Guesser.java" package ="org.junit.tests.experimental.theories.extendingwithstubs" value ="6"/>
         <Value name="replaceGuess" source ="Guesser.java" package ="org.junit.tests.experimental.theories.extendingwithstubs" value ="6"/>
         <Value name="forSingleValues" source ="GuesserQueue.java" package ="org.junit.tests.experimental.theories.extendingwithstubs" value ="6"/>
         <Value name="showFailedAssumptionsWhenNoParametersFound" source ="WhenNoParametersMatch.java" package ="org.junit.tests.experimental.theories.runner" value ="6"/>
         <Value name="shouldStop" source ="WithOnlyTestAnnotations.java" package ="org.junit.tests.experimental.theories.runner" value ="6"/>
         <Value name="dataPointsAnnotationMeansTreatAsArrayOnly" source ="AllMembersSupplierTest.java" package ="org.junit.tests.experimental.theories" value ="6"/>
         <Value name="canJoinWhenToStringFails" source ="ParameterizedAssertionErrorTest.java" package ="org.junit.tests.experimental.theories" value ="6"/>
         <Value name="testInvalidMethod" source ="ForwardCompatibilityTest.java" package ="org.junit.tests.junit3compatibility" value ="6"/>
         <Value name="withoutSuiteClassAnnotationProducesFailure" source ="SuiteTest.java" package ="org.junit.tests.running.classes" value ="6"/>
         <Value name="testRunAllAfterClassesRegardless" source ="AnnotationTest.java" package ="org.junit.tests.running.methods" value ="6"/>
         <Value name="testRunAllAftersRegardless" source ="AnnotationTest.java" package ="org.junit.tests.running.methods" value ="6"/>
         <Value name="testSetupFailure" source ="AnnotationTest.java" package ="org.junit.tests.running.methods" value ="6"/>
         <Value name="testTestInheritance" source ="AnnotationTest.java" package ="org.junit.tests.running.methods" value ="6"/>
         <Value name="testTwoTests" source ="AnnotationTest.java" package ="org.junit.tests.running.methods" value ="6"/>
         <Value name="validateAllMethods" source ="ParameterizedTestMethodTest.java" package ="org.junit.tests.running.methods" value ="6"/>
         <Value name="validateAllMethods" source ="TestMethodTest.java" package ="org.junit.tests.running.methods" value ="6"/>
         <Value name="infiniteLoop" source ="TimeoutTest.java" package ="org.junit.tests.running.methods" value ="6"/>
         <Value name="toStringMethod" source ="ObjectContractTest.java" package ="org.junit.tests" value ="6"/>
         <Value name="run" source ="RepeatedTest.java" package ="junit.extensions" value ="5"/>
         <Value name="assertEquals" source ="Assert.java" package ="junit.framework" value ="5"/>
         <Value name="assertEquals" source ="Assert.java" package ="junit.framework" value ="5"/>
         <Value name="trace" source ="TestFailure.java" package ="junit.framework" value ="5"/>
         <Value name="TestResult" source ="TestResult.java" package ="junit.framework" value ="5"/>
         <Value name="getTestConstructor" source ="TestSuite.java" package ="junit.framework" value ="5"/>
         <Value name="run" source ="TestSuite.java" package ="junit.framework" value ="5"/>
         <Value name="startTest" source ="ResultPrinter.java" package ="junit.textui" value ="5"/>
         <Value name="assertNoDescendantsHaveCategoryAnnotations" source ="Categories.java" package ="org.junit.experimental.categories" value ="5"/>
         <Value name="getMalformedTestClass" source ="MaxCore.java" package ="org.junit.experimental.max" value ="5"/>
         <Value name="sortRequest" source ="MaxCore.java" package ="org.junit.experimental.max" value ="5"/>
         <Value name="createInstance" source ="SuiteBuilder.java" package ="org.junit.experimental.runners" value ="5"/>
         <Value name="getDescription" source ="SuiteBuilder.java" package ="org.junit.experimental.runners" value ="5"/>
         <Value name="getValueSources" source ="AllMembersSupplier.java" package ="org.junit.experimental.theories.internal" value ="5"/>
         <Value name="assignNext" source ="Assignments.java" package ="org.junit.experimental.theories.internal" value ="5"/>
         <Value name="getAnnotatedSupplier" source ="Assignments.java" package ="org.junit.experimental.theories.internal" value ="5"/>
         <Value name="getArgumentStrings" source ="Assignments.java" package ="org.junit.experimental.theories.internal" value ="5"/>
         <Value name="stringValueOf" source ="ParameterizedAssertionError.java" package ="org.junit.experimental.theories.internal" value ="5"/>
         <Value name="nullsOk" source ="Theories.java" package ="org.junit.experimental.theories" value ="5"/>
         <Value name="runWithAssignment" source ="Theories.java" package ="org.junit.experimental.theories" value ="5"/>
         <Value name="computeTestMethods" source ="Theories.java" package ="org.junit.experimental.theories" value ="5"/>
         <Value name="validateTestMethods" source ="Theories.java" package ="org.junit.experimental.theories" value ="5"/>
         <Value name="assertEmpty" source ="MultipleFailureException.java" package ="org.junit.internal.runners.model" value ="5"/>
         <Value name="run" source ="ReflectiveCallable.java" package ="org.junit.internal.runners.model" value ="5"/>
         <Value name="asDescription" source ="JUnit38ClassRunner.java" package ="org.junit.internal.runners" value ="5"/>
         <Value name="getDescription" source ="JUnit4ClassRunner.java" package ="org.junit.internal.runners" value ="5"/>
         <Value name="run" source ="JUnit4ClassRunner.java" package ="org.junit.internal.runners" value ="5"/>
         <Value name="sort" source ="JUnit4ClassRunner.java" package ="org.junit.internal.runners" value ="5"/>
         <Value name="runTest" source ="MethodRoadie.java" package ="org.junit.internal.runners" value ="5"/>
         <Value name="validateNoArgConstructor" source ="MethodValidator.java" package ="org.junit.internal.runners" value ="5"/>
         <Value name="isShadowed" source ="TestClass.java" package ="org.junit.internal.runners" value ="5"/>
         <Value name="getExpectedException" source ="TestMethod.java" package ="org.junit.internal.runners" value ="5"/>
         <Value name="getTimeout" source ="TestMethod.java" package ="org.junit.internal.runners" value ="5"/>
         <Value name="expectMessage" source ="ExpectedException.java" package ="org.junit.rules" value ="5"/>
         <Value name="recursiveDelete" source ="TemporaryFolder.java" package ="org.junit.rules" value ="5"/>
         <Value name="getTrace" source ="Failure.java" package ="org.junit.runner.notification" value ="5"/>
         <Value name="testIgnored" source ="RunListener.java" package ="org.junit.runner.notification" value ="5"/>
         <Value name="getAnnotation" source ="FrameworkMethod.java" package ="org.junit.runners.model" value ="5"/>
         <Value name="producesType" source ="FrameworkMethod.java" package ="org.junit.runners.model" value ="5"/>
         <Value name="InitializationError" source ="InitializationError.java" package ="org.junit.runners.model" value ="5"/>
         <Value name="InitializationError" source ="InitializationError.java" package ="org.junit.runners.model" value ="5"/>
         <Value name="safeRunnerForClass" source ="RunnerBuilder.java" package ="org.junit.runners.model" value ="5"/>
         <Value name="getAnnotatedFields" source ="TestClass.java" package ="org.junit.runners.model" value ="5"/>
         <Value name="getAnnotatedMethods" source ="TestClass.java" package ="org.junit.runners.model" value ="5"/>
         <Value name="computeTestMethods" source ="BlockJUnit4ClassRunner.java" package ="org.junit.runners" value ="5"/>
         <Value name="validateTestMethods" source ="BlockJUnit4ClassRunner.java" package ="org.junit.runners" value ="5"/>
         <Value name="withMethodRules" source ="BlockJUnit4ClassRunner.java" package ="org.junit.runners" value ="5"/>
         <Value name="Parameterized" source ="Parameterized.java" package ="org.junit.runners" value ="5"/>
         <Value name="comparator" source ="ParentRunner.java" package ="org.junit.runners" value ="5"/>
         <Value name="filter" source ="ParentRunner.java" package ="org.junit.runners" value ="5"/>
         <Value name="getDescription" source ="ParentRunner.java" package ="org.junit.runners" value ="5"/>
         <Value name="emptySuite" source ="Suite.java" package ="org.junit.runners" value ="5"/>
         <Value name="createSuiteDescription" source ="Description.java" package ="org.junit.runner" value ="5"/>
         <Value name="createTestDescription" source ="Description.java" package ="org.junit.runner" value ="5"/>
         <Value name="equals" source ="Description.java" package ="org.junit.runner" value ="5"/>
         <Value name="filterWith" source ="Request.java" package ="org.junit.runner" value ="5"/>
         <Value name="assertNotSame" source ="Assert.java" package ="org.junit" value ="5"/>
         <Value name="failNotSame" source ="Assert.java" package ="org.junit" value ="5"/>
         <Value name="assumeTrue" source ="Assume.java" package ="org.junit" value ="5"/>
         <Value name="multiply" source ="MoneyBag.java" package ="junit.samples.money" value ="5"/>
         <Value name="suite" source ="AllTests.java" package ="junit.samples" value ="5"/>
         <Value name="setUp" source ="ListTest.java" package ="junit.samples" value ="5"/>
         <Value name="testEquals" source ="SimpleTest.java" package ="junit.samples" value ="5"/>
         <Value name="suite" source ="AllTests.java" package ="junit.tests.extensions" value ="5"/>
         <Value name="testRepeatedMoreThanOnce" source ="RepeatedTestTest.java" package ="junit.tests.extensions" value ="5"/>
         <Value name="testRepeatedOnce" source ="RepeatedTestTest.java" package ="junit.tests.extensions" value ="5"/>
         <Value name="testRepeatedZero" source ="RepeatedTestTest.java" package ="junit.tests.extensions" value ="5"/>
         <Value name="testAssertNullNotEqualsString" source ="AssertTest.java" package ="junit.tests.framework" value ="5"/>
         <Value name="testAssertEqualsNaNFails" source ="DoublePrecisionAssertTest.java" package ="junit.tests.framework" value ="5"/>
         <Value name="testAssertNaNEqualsFails" source ="DoublePrecisionAssertTest.java" package ="junit.tests.framework" value ="5"/>
         <Value name="testAssertPosInfinityNotEquals" source ="DoublePrecisionAssertTest.java" package ="junit.tests.framework" value ="5"/>
         <Value name="testAssertPosInfinityNotEqualsNegInfinity" source ="DoublePrecisionAssertTest.java" package ="junit.tests.framework" value ="5"/>
         <Value name="testAllInfinities" source ="FloatAssertTest.java" package ="junit.tests.framework" value ="5"/>
         <Value name="testAssertEqualsNaNFails" source ="FloatAssertTest.java" package ="junit.tests.framework" value ="5"/>
         <Value name="testAssertNaNEqualsFails" source ="FloatAssertTest.java" package ="junit.tests.framework" value ="5"/>
         <Value name="testAssertPosInfinityNotEquals" source ="FloatAssertTest.java" package ="junit.tests.framework" value ="5"/>
         <Value name="testAssertPosInfinityNotEqualsNegInfinity" source ="FloatAssertTest.java" package ="junit.tests.framework" value ="5"/>
         <Value name="testNoTestCases" source ="SuiteTest.java" package ="junit.tests.framework" value ="5"/>
         <Value name="testNotExistingTestCase" source ="SuiteTest.java" package ="junit.tests.framework" value ="5"/>
         <Value name="testSuccessfulRun" source ="TestImplementorTest.java" package ="junit.tests.framework" value ="5"/>
         <Value name="setUp" source ="TestListenerTest.java" package ="junit.tests.framework" value ="5"/>
         <Value name="expected" source ="TextFeedbackTest.java" package ="junit.tests.runner" value ="5"/>
         <Value name="suite" source ="AllTests.java" package ="junit.tests" value ="5"/>
         <Value name="setUp" source ="ListTest.java" package ="org.junit.samples" value ="5"/>
         <Value name="testEquals" source ="SimpleTest.java" package ="org.junit.samples" value ="5"/>
         <Value name="arraysActualNullMessage" source ="AssertionTest.java" package ="org.junit.tests.assertion" value ="5"/>
         <Value name="arraysDifferentLengthMessage" source ="AssertionTest.java" package ="org.junit.tests.assertion" value ="5"/>
         <Value name="arraysExpectedNullMessage" source ="AssertionTest.java" package ="org.junit.tests.assertion" value ="5"/>
         <Value name="errorMessageDistinguishesDifferentValuesWithSameToString" source ="AssertionTest.java" package ="org.junit.tests.assertion" value ="5"/>
         <Value name="nullAndStringNullPrintCorrectError" source ="AssertionTest.java" package ="org.junit.tests.assertion" value ="5"/>
         <Value name="nullMessage" source ="AssertionTest.java" package ="org.junit.tests.assertion" value ="5"/>
         <Value name="stringsDifferWithUserMessage" source ="AssertionTest.java" package ="org.junit.tests.assertion" value ="5"/>
         <Value name="equalsIsCorrect" source ="SuiteDescriptionTest.java" package ="org.junit.tests.description" value ="5"/>
         <Value name="categoryFilterRejectsIncompatibleCategory" source ="CategoryTest.java" package ="org.junit.tests.experimental.categories" value ="5"/>
         <Value name="testCountWithExplicitFilter" source ="CategoryTest.java" package ="org.junit.tests.experimental.categories" value ="5"/>
         <Value name="preferFast" source ="MaxStarterTest.java" package ="org.junit.tests.experimental.max" value ="5"/>
         <Value name="testsRunInParallel" source ="ParallelClassTest.java" package ="org.junit.tests.experimental.parallel" value ="5"/>
         <Value name="globalTimeoutAvoidsInfiniteLoop" source ="TimeoutRuleTest.java" package ="org.junit.tests.experimental.rules" value ="5"/>
         <Value name="example" source ="VerifierRuleTest.java" package ="org.junit.tests.experimental.rules" value ="5"/>
         <Value name="argList" source ="MethodCall.java" package ="org.junit.tests.experimental.theories.extendingwithstubs" value ="5"/>
         <Value name="runWithIncompleteAssignment" source ="StubbedTheories.java" package ="org.junit.tests.experimental.theories.extendingwithstubs" value ="5"/>
         <Value name="testErrorWhenTestHasParametersDespiteTheories" source ="WithOnlyTestAnnotations.java" package ="org.junit.tests.experimental.theories.runner" value ="5"/>
         <Value name="getAnnotations" source ="ParameterSignatureTest.java" package ="org.junit.tests.experimental.theories" value ="5"/>
         <Value name="expected" source ="ForwardCompatibilityPrintingTest.java" package ="org.junit.tests.junit3compatibility" value ="5"/>
         <Value name="testBeforeAndAfterClass" source ="ForwardCompatibilityTest.java" package ="org.junit.tests.junit3compatibility" value ="5"/>
         <Value name="testCompatibility" source ="ForwardCompatibilityTest.java" package ="org.junit.tests.junit3compatibility" value ="5"/>
         <Value name="testRunWithClass" source ="ForwardCompatibilityTest.java" package ="org.junit.tests.junit3compatibility" value ="5"/>
         <Value name="initializationErrorsAreThrownAtRuntime" source ="InitializationErrorForwardCompatibilityTest.java" package ="org.junit.tests.junit3compatibility" value ="5"/>
         <Value name="newTestCount" source ="RunnerTest.java" package ="org.junit.tests.listening" value ="5"/>
         <Value name="oldTestCount" source ="RunnerTest.java" package ="org.junit.tests.listening" value ="5"/>
         <Value name="setUp" source ="TextListenerTest.java" package ="org.junit.tests.listening" value ="5"/>
         <Value name="eliminateUnnecessaryTreeBranches" source ="SingleMethodTest.java" package ="org.junit.tests.manipulation" value ="5"/>
         <Value name="oneTimeSetup" source ="SingleMethodTest.java" package ="org.junit.tests.manipulation" value ="5"/>
         <Value name="parameterizedFilterToSingleMethod" source ="SingleMethodTest.java" package ="org.junit.tests.manipulation" value ="5"/>
         <Value name="backward" source ="SortableTest.java" package ="org.junit.tests.manipulation" value ="5"/>
         <Value name="forward" source ="SortableTest.java" package ="org.junit.tests.manipulation" value ="5"/>
         <Value name="meaningfulFailureWhenParameterListsAreNotArrays" source ="ParameterizedTestTest.java" package ="org.junit.tests.running.classes" value ="5"/>
         <Value name="meaningfulFailureWhenParametersNotPublic" source ="ParameterizedTestTest.java" package ="org.junit.tests.running.classes" value ="5"/>
         <Value name="run" source ="RunWithTest.java" package ="org.junit.tests.running.classes" value ="5"/>
         <Value name="testErrorInAfterClass" source ="AnnotationTest.java" package ="org.junit.tests.running.methods" value ="5"/>
         <Value name="testRunAllAfterClasses" source ="AnnotationTest.java" package ="org.junit.tests.running.methods" value ="5"/>
         <Value name="testRunAllAfters" source ="AnnotationTest.java" package ="org.junit.tests.running.methods" value ="5"/>
         <Value name="testRunFailure" source ="AnnotationTest.java" package ="org.junit.tests.running.methods" value ="5"/>
         <Value name="testTeardownFailure" source ="AnnotationTest.java" package ="org.junit.tests.running.methods" value ="5"/>
         <Value name="testTestAndTeardownFailure" source ="AnnotationTest.java" package ="org.junit.tests.running.methods" value ="5"/>
         <Value name="noneThrown" source ="ExpectedTest.java" package ="org.junit.tests.running.methods" value ="5"/>
         <Value name="unexpected" source ="ExpectedTest.java" package ="org.junit.tests.running.methods" value ="5"/>
         <Value name="infiniteLoop" source ="TimeoutTest.java" package ="org.junit.tests.running.methods" value ="5"/>
         <Value name="test" source ="TimeoutTest.java" package ="org.junit.tests.running.methods" value ="5"/>
         <Value name="failureWithTimeout" source ="TimeoutTest.java" package ="org.junit.tests.running.methods" value ="5"/>
         <Value name="failureWithTimeoutRunTimeException" source ="TimeoutTest.java" package ="org.junit.tests.running.methods" value ="5"/>
         <Value name="infiniteLoopRunsForApproximatelyLengthOfTimeout" source ="TimeoutTest.java" package ="org.junit.tests.running.methods" value ="5"/>
         <Value name="runAndTime" source ="TimeoutTest.java" package ="org.junit.tests.running.methods" value ="5"/>
         <Value name="timeoutFailure" source ="TimeoutTest.java" package ="org.junit.tests.running.methods" value ="5"/>
         <Value name="exceptionMessageFrom" source ="BadlyFormedClassesTest.java" package ="org.junit.tests.validation" value ="5"/>
         <Value name="RepeatedTest" source ="RepeatedTest.java" package ="junit.extensions" value ="4"/>
         <Value name="assertEquals" source ="Assert.java" package ="junit.framework" value ="4"/>
         <Value name="assertEquals" source ="Assert.java" package ="junit.framework" value ="4"/>
         <Value name="failNotSame" source ="Assert.java" package ="junit.framework" value ="4"/>
         <Value name="failSame" source ="Assert.java" package ="junit.framework" value ="4"/>
         <Value name="format" source ="Assert.java" package ="junit.framework" value ="4"/>
         <Value name="countTestCases" source ="TestSuite.java" package ="junit.framework" value ="4"/>
         <Value name="exceptionToString" source ="TestSuite.java" package ="junit.framework" value ="4"/>
         <Value name="isTestMethod" source ="TestSuite.java" package ="junit.framework" value ="4"/>
         <Value name="testCaseForClass" source ="TestSuite.java" package ="junit.framework" value ="4"/>
         <Value name="print" source ="ResultPrinter.java" package ="junit.textui" value ="4"/>
         <Value name="categories" source ="Categories.java" package ="org.junit.experimental.categories" value ="4"/>
         <Value name="parentDescription" source ="Categories.java" package ="org.junit.experimental.categories" value ="4"/>
         <Value name="assertNoCategorizedDescendentsOfUncategorizeableParents" source ="Categories.java" package ="org.junit.experimental.categories" value ="4"/>
         <Value name="canHaveCategorizedChildren" source ="Categories.java" package ="org.junit.experimental.categories" value ="4"/>
         <Value name="run" source ="MaxCore.java" package ="org.junit.experimental.max" value ="4"/>
         <Value name="run" source ="MaxCore.java" package ="org.junit.experimental.max" value ="4"/>
         <Value name="getFailure" source ="MaxHistory.java" package ="org.junit.experimental.max" value ="4"/>
         <Value name="save" source ="MaxHistory.java" package ="org.junit.experimental.max" value ="4"/>
         <Value name="testComparator" source ="MaxHistory.java" package ="org.junit.experimental.max" value ="4"/>
         <Value name="PrintableResult" source ="PrintableResult.java" package ="org.junit.experimental.results" value ="4"/>
         <Value name="testResult" source ="PrintableResult.java" package ="org.junit.experimental.results" value ="4"/>
         <Value name="filterRunners" source ="SuiteBuilder.java" package ="org.junit.experimental.runners" value ="4"/>
         <Value name="AllMembersSupplier" source ="AllMembersSupplier.java" package ="org.junit.experimental.theories.internal" value ="4"/>
         <Value name="getConstructorParameterCount" source ="Assignments.java" package ="org.junit.experimental.theories.internal" value ="4"/>
         <Value name="getSupplier" source ="Assignments.java" package ="org.junit.experimental.theories.internal" value ="4"/>
         <Value name="getAnnotation" source ="ParameterSignature.java" package ="org.junit.experimental.theories" value ="4"/>
         <Value name="reportParameterizedError" source ="Theories.java" package ="org.junit.experimental.theories" value ="4"/>
         <Value name="runWithIncompleteAssignment" source ="Theories.java" package ="org.junit.experimental.theories" value ="4"/>
         <Value name="validateDataPointFields" source ="Theories.java" package ="org.junit.experimental.theories" value ="4"/>
         <Value name="runnerForClass" source ="AnnotatedBuilder.java" package ="org.junit.internal.builders" value ="4"/>
         <Value name="describeTo" source ="SubstringMatcher.java" package ="org.junit.internal.matchers" value ="4"/>
         <Value name="ClassRoadie" source ="ClassRoadie.java" package ="org.junit.internal.runners" value ="4"/>
         <Value name="getDescription" source ="ErrorReportingRunner.java" package ="org.junit.internal.runners" value ="4"/>
         <Value name="runCause" source ="ErrorReportingRunner.java" package ="org.junit.internal.runners" value ="4"/>
         <Value name="getName" source ="JUnit38ClassRunner.java" package ="org.junit.internal.runners" value ="4"/>
         <Value name="sort" source ="JUnit38ClassRunner.java" package ="org.junit.internal.runners" value ="4"/>
         <Value name="MethodRoadie" source ="MethodRoadie.java" package ="org.junit.internal.runners" value ="4"/>
         <Value name="validateMethodsForDefaultRunner" source ="MethodValidator.java" package ="org.junit.internal.runners" value ="4"/>
         <Value name="toString" source ="ArrayComparisonFailure.java" package ="org.junit.internal" value ="4"/>
         <Value name="assertElementsEqual" source ="InexactComparisonCriteria.java" package ="org.junit.internal" value ="4"/>
         <Value name="expectMessage" source ="ExpectedException.java" package ="org.junit.rules" value ="4"/>
         <Value name="expect" source ="ExpectedException.java" package ="org.junit.rules" value ="4"/>
         <Value name="delete" source ="TemporaryFolder.java" package ="org.junit.rules" value ="4"/>
         <Value name="Sorter" source ="Sorter.java" package ="org.junit.runner.manipulation" value ="4"/>
         <Value name="apply" source ="Sorter.java" package ="org.junit.runner.manipulation" value ="4"/>
         <Value name="get" source ="FrameworkField.java" package ="org.junit.runners.model" value ="4"/>
         <Value name="isShadowedBy" source ="FrameworkMember.java" package ="org.junit.runners.model" value ="4"/>
         <Value name="FrameworkMethod" source ="FrameworkMethod.java" package ="org.junit.runners.model" value ="4"/>
         <Value name="collectInitializationErrors" source ="BlockJUnit4ClassRunner.java" package ="org.junit.runners" value ="4"/>
         <Value name="getExpectedException" source ="BlockJUnit4ClassRunner.java" package ="org.junit.runners" value ="4"/>
         <Value name="methodInvoker" source ="BlockJUnit4ClassRunner.java" package ="org.junit.runners" value ="4"/>
         <Value name="withRules" source ="BlockJUnit4ClassRunner.java" package ="org.junit.runners" value ="4"/>
         <Value name="classRuleFields" source ="ParentRunner.java" package ="org.junit.runners" value ="4"/>
         <Value name="getTestClass" source ="ParentRunner.java" package ="org.junit.runners" value ="4"/>
         <Value name="runChild" source ="ParentRunner.java" package ="org.junit.runners" value ="4"/>
         <Value name="validate" source ="ParentRunner.java" package ="org.junit.runners" value ="4"/>
         <Value name="getAnnotatedClasses" source ="Suite.java" package ="org.junit.runners" value ="4"/>
         <Value name="getRunner" source ="Computer.java" package ="org.junit.runner" value ="4"/>
         <Value name="getAnnotation" source ="Description.java" package ="org.junit.runner" value ="4"/>
         <Value name="getClassName" source ="Description.java" package ="org.junit.runner" value ="4"/>
         <Value name="parseMethod" source ="Description.java" package ="org.junit.runner" value ="4"/>
         <Value name="run" source ="JUnitCore.java" package ="org.junit.runner" value ="4"/>
         <Value name="run" source ="JUnitCore.java" package ="org.junit.runner" value ="4"/>
         <Value name="run" source ="JUnitCore.java" package ="org.junit.runner" value ="4"/>
         <Value name="run" source ="JUnitCore.java" package ="org.junit.runner" value ="4"/>
         <Value name="getFailures" source ="Result.java" package ="org.junit.runner" value ="4"/>
         <Value name="failSame" source ="Assert.java" package ="org.junit" value ="4"/>
         <Value name="create" source ="MoneyBag.java" package ="junit.samples.money" value ="4"/>
         <Value name="findMoney" source ="MoneyBag.java" package ="junit.samples.money" value ="4"/>
         <Value name="hashCode" source ="MoneyBag.java" package ="junit.samples.money" value ="4"/>
         <Value name="negate" source ="MoneyBag.java" package ="junit.samples.money" value ="4"/>
         <Value name="testBagMultiply" source ="MoneyTest.java" package ="junit.samples.money" value ="4"/>
         <Value name="testCapacity" source ="ListTest.java" package ="junit.samples" value ="4"/>
         <Value name="testRemoveAll" source ="ListTest.java" package ="junit.samples" value ="4"/>
         <Value name="createActiveTestSuite" source ="ActiveTestTest.java" package ="junit.tests.extensions" value ="4"/>
         <Value name="RepeatedTestTest" source ="RepeatedTestTest.java" package ="junit.tests.extensions" value ="4"/>
         <Value name="testAddTestSuite" source ="SuiteTest.java" package ="junit.tests.framework" value ="4"/>
         <Value name="testCreateSuiteFromArray" source ="SuiteTest.java" package ="junit.tests.framework" value ="4"/>
         <Value name="testInheritedTests" source ="SuiteTest.java" package ="junit.tests.framework" value ="4"/>
         <Value name="testNoTestCaseClass" source ="SuiteTest.java" package ="junit.tests.framework" value ="4"/>
         <Value name="verifyError" source ="TestCaseTest.java" package ="junit.tests.framework" value ="4"/>
         <Value name="verifyFailure" source ="TestCaseTest.java" package ="junit.tests.framework" value ="4"/>
         <Value name="verifySuccess" source ="TestCaseTest.java" package ="junit.tests.framework" value ="4"/>
         <Value name="testBagMultiply" source ="MoneyTest.java" package ="org.junit.samples.money" value ="4"/>
         <Value name="zeroMoniesAreEqualRegardlessOfCurrency" source ="MoneyTest.java" package ="org.junit.samples.money" value ="4"/>
         <Value name="capacity" source ="ListTest.java" package ="org.junit.samples" value ="4"/>
         <Value name="removeAll" source ="ListTest.java" package ="org.junit.samples" value ="4"/>
         <Value name="testCopy" source ="ListTest.java" package ="org.junit.samples" value ="4"/>
         <Value name="arraysEqual" source ="AssertionTest.java" package ="org.junit.tests.assertion" value ="4"/>
         <Value name="arraysEqualWithMessage" source ="AssertionTest.java" package ="org.junit.tests.assertion" value ="4"/>
         <Value name="descriptionWithTwoKids" source ="SuiteDescriptionTest.java" package ="org.junit.tests.description" value ="4"/>
         <Value name="shouldFailWithMethodLevelCategoryAnnotation" source ="CategoriesAndParameterizedTest.java" package ="org.junit.tests.experimental.categories" value ="4"/>
         <Value name="shouldFailWithMethodLevelCategoryAnnotationSwapped" source ="CategoriesAndParameterizedTest.java" package ="org.junit.tests.experimental.categories" value ="4"/>
         <Value name="categoryFilterLeavesOnlyMatchingMethods" source ="CategoryTest.java" package ="org.junit.tests.experimental.categories" value ="4"/>
         <Value name="testCountOnAWithoutSlowTests" source ="CategoryTest.java" package ="org.junit.tests.experimental.categories" value ="4"/>
         <Value name="testsThatAreBothIncludedAndExcludedAreExcluded" source ="CategoryTest.java" package ="org.junit.tests.experimental.categories" value ="4"/>
         <Value name="createMax" source ="JUnit38SortingTest.java" package ="org.junit.tests.experimental.max" value ="4"/>
         <Value name="createMax" source ="MaxStarterTest.java" package ="org.junit.tests.experimental.max" value ="4"/>
         <Value name="customRuleIsAppliedOnce" source ="ClassRulesTest.java" package ="org.junit.tests.experimental.rules" value ="4"/>
         <Value name="wrongMessageFails" source ="ExpectedExceptionRuleTest.java" package ="org.junit.tests.experimental.rules" value ="4"/>
         <Value name="onFailure" source ="MethodRulesTest.java" package ="org.junit.tests.experimental.rules" value ="4"/>
         <Value name="succeeded" source ="MethodRulesTest.java" package ="org.junit.tests.experimental.rules" value ="4"/>
         <Value name="recursiveDeleteFolderWithZeroElements" source ="TempFolderRuleTest.java" package ="org.junit.tests.experimental.rules" value ="4"/>
         <Value name="onFailure" source ="TestRuleTest.java" package ="org.junit.tests.experimental.rules" value ="4"/>
         <Value name="succeeded" source ="TestRuleTest.java" package ="org.junit.tests.experimental.rules" value ="4"/>
         <Value name="stringableObject" source ="StringableObject.java" package ="org.junit.tests.experimental.theories.extendingwithstubs" value ="4"/>
         <Value name="failedAssumptionsMeanPassing" source ="AssumptionTest.java" package ="org.junit.tests.experimental" value ="4"/>
         <Value name="passingAssumptionsScootThrough" source ="AssumptionTest.java" package ="org.junit.tests.experimental" value ="4"/>
         <Value name="ensureTestIsRun" source ="AllTestsTest.java" package ="org.junit.tests.junit3compatibility" value ="4"/>
         <Value name="testException" source ="ForwardCompatibilityTest.java" package ="org.junit.tests.junit3compatibility" value ="4"/>
         <Value name="testExceptionInBefore" source ="ForwardCompatibilityTest.java" package ="org.junit.tests.junit3compatibility" value ="4"/>
         <Value name="testExpected" source ="ForwardCompatibilityTest.java" package ="org.junit.tests.junit3compatibility" value ="4"/>
         <Value name="testNoException" source ="ForwardCompatibilityTest.java" package ="org.junit.tests.junit3compatibility" value ="4"/>
         <Value name="canUnadaptAnAdapter" source ="JUnit38ClassRunnerTest.java" package ="org.junit.tests.junit3compatibility" value ="4"/>
         <Value name="invalidTestMethodReportedCorrectly" source ="JUnit38ClassRunnerTest.java" package ="org.junit.tests.junit3compatibility" value ="4"/>
         <Value name="descriptionAndRunNotificationsAreConsistent" source ="SuiteMethodTest.java" package ="org.junit.tests.junit3compatibility" value ="4"/>
         <Value name="suiteIsUsedWithJUnit4Classes" source ="SuiteMethodTest.java" package ="org.junit.tests.junit3compatibility" value ="4"/>
         <Value name="freshResultEachTime" source ="TestListenerTest.java" package ="org.junit.tests.listening" value ="4"/>
         <Value name="convert" source ="TextListenerTest.java" package ="org.junit.tests.listening" value ="4"/>
         <Value name="failuresNamedCorrectly" source ="ParameterizedTestTest.java" package ="org.junit.tests.running.classes" value ="4"/>
         <Value name="characterizeErrorMessageFromBadRunner" source ="RunWithTest.java" package ="org.junit.tests.running.classes" value ="4"/>
         <Value name="ensureInheritedTestIsRun" source ="SuiteTest.java" package ="org.junit.tests.running.classes" value ="4"/>
         <Value name="ensureSuitesWorkWithForwardCompatibility" source ="SuiteTest.java" package ="org.junit.tests.running.classes" value ="4"/>
         <Value name="ensureTestIsRun" source ="SuiteTest.java" package ="org.junit.tests.running.classes" value ="4"/>
         <Value name="ensureTestsAreRun" source ="UseSuiteAsASuperclassTest.java" package ="org.junit.tests.running.classes" value ="4"/>
         <Value name="testExceptionNotThrown" source ="AnnotationTest.java" package ="org.junit.tests.running.methods" value ="4"/>
         <Value name="testOldSuiteTest" source ="AnnotationTest.java" package ="org.junit.tests.running.methods" value ="4"/>
         <Value name="testOneTimeSetup" source ="AnnotationTest.java" package ="org.junit.tests.running.methods" value ="4"/>
         <Value name="testOneTimeTeardown" source ="AnnotationTest.java" package ="org.junit.tests.running.methods" value ="4"/>
         <Value name="testOrder" source ="AnnotationTest.java" package ="org.junit.tests.running.methods" value ="4"/>
         <Value name="testOrderingOfInheritance" source ="AnnotationTest.java" package ="org.junit.tests.running.methods" value ="4"/>
         <Value name="testShadowing" source ="AnnotationTest.java" package ="org.junit.tests.running.methods" value ="4"/>
         <Value name="ignoreRunner" source ="TestMethodTest.java" package ="org.junit.tests.running.methods" value ="4"/>
         <Value name="successWithTimeout" source ="TimeoutTest.java" package ="org.junit.tests.running.methods" value ="4"/>
         <Value name="failedConstructionIsTestFailure" source ="FailedConstructionTest.java" package ="org.junit.tests.validation" value ="4"/>
         <Value name="run" source ="ActiveTestSuite.java" package ="junit.extensions" value ="3"/>
         <Value name="assertSame" source ="Assert.java" package ="junit.framework" value ="3"/>
         <Value name="ComparisonCompactor" source ="ComparisonCompactor.java" package ="junit.framework" value ="3"/>
         <Value name="ComparisonFailure" source ="ComparisonFailure.java" package ="junit.framework" value ="3"/>
         <Value name="JUnit4TestAdapter" source ="JUnit4TestAdapter.java" package ="junit.framework" value ="3"/>
         <Value name="run" source ="TestCase.java" package ="junit.framework" value ="3"/>
         <Value name="toString" source ="TestFailure.java" package ="junit.framework" value ="3"/>
         <Value name="addError" source ="TestResult.java" package ="junit.framework" value ="3"/>
         <Value name="addFailure" source ="TestResult.java" package ="junit.framework" value ="3"/>
         <Value name="cloneListeners" source ="TestResult.java" package ="junit.framework" value ="3"/>
         <Value name="toString" source ="TestSuite.java" package ="junit.framework" value ="3"/>
         <Value name="extractClassName" source ="BaseTestRunner.java" package ="junit.runner" value ="3"/>
         <Value name="truncate" source ="BaseTestRunner.java" package ="junit.runner" value ="3"/>
         <Value name="runSingleMethod" source ="TestRunner.java" package ="junit.textui" value ="3"/>
         <Value name="findLeaves" source ="MaxCore.java" package ="org.junit.experimental.max" value ="3"/>
         <Value name="testFinished" source ="MaxHistory.java" package ="org.junit.experimental.max" value ="3"/>
         <Value name="toString" source ="PrintableResult.java" package ="org.junit.experimental.results" value ="3"/>
         <Value name="SuiteBuilder" source ="SuiteBuilder.java" package ="org.junit.experimental.runners" value ="3"/>
         <Value name="computeRunners" source ="SuiteBuilder.java" package ="org.junit.experimental.runners" value ="3"/>
         <Value name="Assignments" source ="Assignments.java" package ="org.junit.experimental.theories.internal" value ="3"/>
         <Value name="suiteMethodBuilder" source ="AllDefaultPossibilitiesBuilder.java" package ="org.junit.internal.builders" value ="3"/>
         <Value name="runnerForClass" source ="IgnoredBuilder.java" package ="org.junit.internal.builders" value ="3"/>
         <Value name="runnerForClass" source ="JUnit3Builder.java" package ="org.junit.internal.builders" value ="3"/>
         <Value name="runnerForClass" source ="SuiteMethodBuilder.java" package ="org.junit.internal.builders" value ="3"/>
         <Value name="describeTo" source ="IsCollectionContaining.java" package ="org.junit.internal.matchers" value ="3"/>
         <Value name="isMatchesSafelyMethod" source ="TypeSafeMatcher.java" package ="org.junit.internal.matchers" value ="3"/>
         <Value name="getRunner" source ="SortingRequest.java" package ="org.junit.internal.requests" value ="3"/>
         <Value name="RunAfters" source ="RunAfters.java" package ="org.junit.internal.runners.statements" value ="3"/>
         <Value name="RunBefores" source ="RunBefores.java" package ="org.junit.internal.runners.statements" value ="3"/>
         <Value name="evaluate" source ="RunBefores.java" package ="org.junit.internal.runners.statements" value ="3"/>
         <Value name="createSuiteDescription" source ="JUnit38ClassRunner.java" package ="org.junit.internal.runners" value ="3"/>
         <Value name="run" source ="JUnit38ClassRunner.java" package ="org.junit.internal.runners" value ="3"/>
         <Value name="JUnit4ClassRunner" source ="JUnit4ClassRunner.java" package ="org.junit.internal.runners" value ="3"/>
         <Value name="testAborted" source ="JUnit4ClassRunner.java" package ="org.junit.internal.runners" value ="3"/>
         <Value name="validate" source ="JUnit4ClassRunner.java" package ="org.junit.internal.runners" value ="3"/>
         <Value name="ArrayComparisonFailure" source ="ArrayComparisonFailure.java" package ="org.junit.internal" value ="3"/>
         <Value name="AssumptionViolatedException" source ="AssumptionViolatedException.java" package ="org.junit.internal" value ="3"/>
         <Value name="testRunFinished" source ="TextListener.java" package ="org.junit.internal" value ="3"/>
         <Value name="before" source ="ExternalResource.java" package ="org.junit.rules" value ="3"/>
         <Value name="create" source ="TemporaryFolder.java" package ="org.junit.rules" value ="3"/>
         <Value name="newFile" source ="TemporaryFolder.java" package ="org.junit.rules" value ="3"/>
         <Value name="newFolder" source ="TemporaryFolder.java" package ="org.junit.rules" value ="3"/>
         <Value name="toString" source ="Failure.java" package ="org.junit.runner.notification" value ="3"/>
         <Value name="testAssumptionFailure" source ="RunListener.java" package ="org.junit.runner.notification" value ="3"/>
         <Value name="equals" source ="FrameworkMethod.java" package ="org.junit.runners.model" value ="3"/>
         <Value name="addParent" source ="RunnerBuilder.java" package ="org.junit.runners.model" value ="3"/>
         <Value name="TestClass" source ="TestClass.java" package ="org.junit.runners.model" value ="3"/>
         <Value name="getAnnotatedMembers" source ="TestClass.java" package ="org.junit.runners.model" value ="3"/>
         <Value name="getAnnotations" source ="TestClass.java" package ="org.junit.runners.model" value ="3"/>
         <Value name="getName" source ="TestClass.java" package ="org.junit.runners.model" value ="3"/>
         <Value name="getTimeout" source ="BlockJUnit4ClassRunner.java" package ="org.junit.runners" value ="3"/>
         <Value name="validateFields" source ="BlockJUnit4ClassRunner.java" package ="org.junit.runners" value ="3"/>
         <Value name="withTestRules" source ="BlockJUnit4ClassRunner.java" package ="org.junit.runners" value ="3"/>
         <Value name="TestClassRunnerForParameters" source ="Parameterized.java" package ="org.junit.runners" value ="3"/>
         <Value name="createSuiteDescription" source ="Description.java" package ="org.junit.runner" value ="3"/>
         <Value name="ComparisonCompactor" source ="ComparisonFailure.java" package ="org.junit" value ="3"/>
         <Value name="ComparisonFailure" source ="ComparisonFailure.java" package ="org.junit" value ="3"/>
         <Value name="addMoney" source ="Money.java" package ="junit.samples.money" value ="3"/>
         <Value name="hashCode" source ="Money.java" package ="junit.samples.money" value ="3"/>
         <Value name="toString" source ="Money.java" package ="junit.samples.money" value ="3"/>
         <Value name="contains" source ="MoneyBag.java" package ="junit.samples.money" value ="3"/>
         <Value name="simplify" source ="MoneyBag.java" package ="junit.samples.money" value ="3"/>
         <Value name="testMoneyHash" source ="MoneyTest.java" package ="junit.samples.money" value ="3"/>
         <Value name="testNormalize3" source ="MoneyTest.java" package ="junit.samples.money" value ="3"/>
         <Value name="testNormalize4" source ="MoneyTest.java" package ="junit.samples.money" value ="3"/>
         <Value name="testDivideByZero" source ="SimpleTest.java" package ="junit.samples" value ="3"/>
         <Value name="testShadowedTests" source ="SuiteTest.java" package ="junit.tests.framework" value ="3"/>
         <Value name="testNamelessTestCase" source ="TestCaseTest.java" package ="junit.tests.framework" value ="3"/>
         <Value name="testTearDownAfterError" source ="TestCaseTest.java" package ="junit.tests.framework" value ="3"/>
         <Value name="testWasRun" source ="TestCaseTest.java" package ="junit.tests.framework" value ="3"/>
         <Value name="testInvokeSuiteOnNonSubclassOfTestCase" source ="BaseTestRunnerTest.java" package ="junit.tests.runner" value ="3"/>
         <Value name="testEmptySuite" source ="TextFeedbackTest.java" package ="junit.tests.runner" value ="3"/>
         <Value name="testMoneyHash" source ="MoneyTest.java" package ="org.junit.samples.money" value ="3"/>
         <Value name="testNormalize3" source ="MoneyTest.java" package ="org.junit.samples.money" value ="3"/>
         <Value name="testNormalize4" source ="MoneyTest.java" package ="org.junit.samples.money" value ="3"/>
         <Value name="elementAt" source ="ListTest.java" package ="org.junit.samples" value ="3"/>
         <Value name="setUpOnce" source ="ListTest.java" package ="org.junit.samples" value ="3"/>
         <Value name="divideByZero" source ="SimpleTest.java" package ="org.junit.samples" value ="3"/>
         <Value name="arraysDeclaredAsObjectAreComparedAsObjects" source ="AssertionTest.java" package ="org.junit.tests.assertion" value ="3"/>
         <Value name="arraysWithNullElementEqual" source ="AssertionTest.java" package ="org.junit.tests.assertion" value ="3"/>
         <Value name="compareBigDecimalAndInteger" source ="AssertionTest.java" package ="org.junit.tests.assertion" value ="3"/>
         <Value name="multiDimensionalIntArraysAreEqual" source ="AssertionTest.java" package ="org.junit.tests.assertion" value ="3"/>
         <Value name="notSame" source ="AssertionTest.java" package ="org.junit.tests.assertion" value ="3"/>
         <Value name="descriptionIsSensible" source ="BothTest.java" package ="org.junit.tests.assertion" value ="3"/>
         <Value name="threeAndsWork" source ="BothTest.java" package ="org.junit.tests.assertion" value ="3"/>
         <Value name="threeOrsWork" source ="BothTest.java" package ="org.junit.tests.assertion" value ="3"/>
         <Value name="runWithOldJUnit4ClassRunner" source ="JUnit4ClassRunnerTest.java" package ="org.junit.tests.deprecated" value ="3"/>
         <Value name="runWithOldJUnit4ClassRunnerAndBadConstructor" source ="JUnit4ClassRunnerTest.java" package ="org.junit.tests.deprecated" value ="3"/>
         <Value name="childlessCopyOfDescriptionStillHasAnnotations" source ="AnnotatedDescriptionTest.java" package ="org.junit.tests.description" value ="3"/>
         <Value name="descriptionOfTestClassHasValuedAnnotation" source ="AnnotatedDescriptionTest.java" package ="org.junit.tests.description" value ="3"/>
         <Value name="a" source ="CategoryTest.java" package ="org.junit.tests.experimental.categories" value ="3"/>
         <Value name="ifNoTestsToRunUseErrorRunner" source ="CategoryTest.java" package ="org.junit.tests.experimental.categories" value ="3"/>
         <Value name="junit3TestsAreRunOnce" source ="MaxStarterTest.java" package ="org.junit.tests.experimental.max" value ="3"/>
         <Value name="ruleIsAppliedOnce" source ="ClassRulesTest.java" package ="org.junit.tests.experimental.rules" value ="3"/>
         <Value name="ruleIsIntroducedAndEvaluatedOnSubclass" source ="ClassRulesTest.java" package ="org.junit.tests.experimental.rules" value ="3"/>
         <Value name="throwsMore" source ="ExpectedExceptionRuleTest.java" package ="org.junit.tests.experimental.rules" value ="3"/>
         <Value name="throwsMore" source ="ExpectedExceptionRuleTest.java" package ="org.junit.tests.experimental.rules" value ="3"/>
         <Value name="throwsNullPointerExceptionWithMessage" source ="ExpectedExceptionRuleTest.java" package ="org.junit.tests.experimental.rules" value ="3"/>
         <Value name="failsIfExceptionMessageNeverComes" source ="ExpectedExceptionRuleTest.java" package ="org.junit.tests.experimental.rules" value ="3"/>
         <Value name="failsIfExceptionNeverComes" source ="ExpectedExceptionRuleTest.java" package ="org.junit.tests.experimental.rules" value ="3"/>
         <Value name="unExpectedExceptionFails" source ="ExpectedExceptionRuleTest.java" package ="org.junit.tests.experimental.rules" value ="3"/>
         <Value name="externalResourceGeneratesCorrectSequence" source ="ExternalResourceRuleTest.java" package ="org.junit.tests.experimental.rules" value ="3"/>
         <Value name="beforesAndAfters" source ="MethodRulesTest.java" package ="org.junit.tests.experimental.rules" value ="3"/>
         <Value name="multipleRulesAreRun" source ="MethodRulesTest.java" package ="org.junit.tests.experimental.rules" value ="3"/>
         <Value name="ruleIsIntroducedAndEvaluated" source ="MethodRulesTest.java" package ="org.junit.tests.experimental.rules" value ="3"/>
         <Value name="ruleIsIntroducedAndEvaluatedOnSubclass" source ="MethodRulesTest.java" package ="org.junit.tests.experimental.rules" value ="3"/>
         <Value name="testUsingTempFolder" source ="TempFolderRuleTest.java" package ="org.junit.tests.experimental.rules" value ="3"/>
         <Value name="beforesAndAfters" source ="TestRuleTest.java" package ="org.junit.tests.experimental.rules" value ="3"/>
         <Value name="multipleRulesAreRun" source ="TestRuleTest.java" package ="org.junit.tests.experimental.rules" value ="3"/>
         <Value name="ruleIsIntroducedAndEvaluated" source ="TestRuleTest.java" package ="org.junit.tests.experimental.rules" value ="3"/>
         <Value name="ruleIsIntroducedAndEvaluatedOnSubclass" source ="TestRuleTest.java" package ="org.junit.tests.experimental.rules" value ="3"/>
         <Value name="usedErrorCollectorCheckSucceedsShouldFail" source ="VerifierRuleTest.java" package ="org.junit.tests.experimental.rules" value ="3"/>
         <Value name="usedErrorCollectorCheckThatShouldFail" source ="VerifierRuleTest.java" package ="org.junit.tests.experimental.rules" value ="3"/>
         <Value name="usedErrorCollectorTwiceShouldFail" source ="VerifierRuleTest.java" package ="org.junit.tests.experimental.rules" value ="3"/>
         <Value name="getGuess" source ="Guesser.java" package ="org.junit.tests.experimental.theories.extendingwithstubs" value ="3"/>
         <Value name="argListString" source ="MethodCall.java" package ="org.junit.tests.experimental.theories.extendingwithstubs" value ="3"/>
         <Value name="handleAssumptionViolation" source ="StubbedTheories.java" package ="org.junit.tests.experimental.theories.extendingwithstubs" value ="3"/>
         <Value name="theoriesMustBePublic" source ="UnsuccessfulWithDataPointFields.java" package ="org.junit.tests.experimental.theories.runner" value ="3"/>
         <Value name="ignoreDataPointMethodsWithWrongTypes" source ="WithDataPointMethod.java" package ="org.junit.tests.experimental.theories.runner" value ="3"/>
         <Value name="ignoreDataPointMethodsWithoutAnnotation" source ="WithDataPointMethod.java" package ="org.junit.tests.experimental.theories.runner" value ="3"/>
         <Value name="potentialValues" source ="WithDataPointMethod.java" package ="org.junit.tests.experimental.theories.runner" value ="3"/>
         <Value name="everythingIsOne" source ="WithExtendedParameterSources.java" package ="org.junit.tests.experimental.theories.runner" value ="3"/>
         <Value name="dataPointCanBeArray" source ="WithExtendedParameterSources.java" package ="org.junit.tests.experimental.theories.runner" value ="3"/>
         <Value name="getDataPointsFromArray" source ="WithExtendedParameterSources.java" package ="org.junit.tests.experimental.theories.runner" value ="3"/>
         <Value name="getDataPointsFromArrayMethod" source ="WithExtendedParameterSources.java" package ="org.junit.tests.experimental.theories.runner" value ="3"/>
         <Value name="getDataPointsFromArrayMethodInSpiteOfMalformedness" source ="WithExtendedParameterSources.java" package ="org.junit.tests.experimental.theories.runner" value ="3"/>
         <Value name="getType" source ="ParameterSignatureTest.java" package ="org.junit.tests.experimental.theories" value ="3"/>
         <Value name="equalsReturnsTrue" source ="ParameterizedAssertionErrorTest.java" package ="org.junit.tests.experimental.theories" value ="3"/>
         <Value name="assumeNotNullPasses" source ="AssumptionTest.java" package ="org.junit.tests.experimental" value ="3"/>
         <Value name="toStringReportsMatcher" source ="AssumptionViolatedExceptionTest.java" package ="org.junit.tests.experimental" value ="3"/>
         <Value name="differentMatchersHaveDifferentDescriptions" source ="MatcherTest.java" package ="org.junit.tests.experimental" value ="3"/>
         <Value name="suite" source ="AllTestsTest.java" package ="org.junit.tests.junit3compatibility" value ="3"/>
         <Value name="suite" source ="AllTestsTest.java" package ="org.junit.tests.junit3compatibility" value ="3"/>
         <Value name="testToString" source ="ForwardCompatibilityTest.java" package ="org.junit.tests.junit3compatibility" value ="3"/>
         <Value name="testUseGlobalCache" source ="ForwardCompatibilityTest.java" package ="org.junit.tests.junit3compatibility" value ="3"/>
         <Value name="suite" source ="SuiteMethodTest.java" package ="org.junit.tests.junit3compatibility" value ="3"/>
         <Value name="makeSureSuiteIsCalled" source ="SuiteMethodTest.java" package ="org.junit.tests.junit3compatibility" value ="3"/>
         <Value name="makeSureSuiteWorksWithJUnit4Classes" source ="SuiteMethodTest.java" package ="org.junit.tests.junit3compatibility" value ="3"/>
         <Value name="failingListener" source ="TestListenerTest.java" package ="org.junit.tests.listening" value ="3"/>
         <Value name="testError" source ="TextListenerTest.java" package ="org.junit.tests.listening" value ="3"/>
         <Value name="testSuccess" source ="TextListenerTest.java" package ="org.junit.tests.listening" value ="3"/>
         <Value name="nonexistentMethodCreatesFailure" source ="SingleMethodTest.java" package ="org.junit.tests.manipulation" value ="3"/>
         <Value name="parameterizedBeforeClass" source ="SingleMethodTest.java" package ="org.junit.tests.manipulation" value ="3"/>
         <Value name="sortingBackwardWorksOnTestClassRunner" source ="SortableTest.java" package ="org.junit.tests.manipulation" value ="3"/>
         <Value name="sortingForwardWorksOnTestClassRunner" source ="SortableTest.java" package ="org.junit.tests.manipulation" value ="3"/>
         <Value name="sortingBackwardWorksOnSuite" source ="SortableTest.java" package ="org.junit.tests.manipulation" value ="3"/>
         <Value name="sortingBackwardWorksOnTestClassRunner" source ="SortableTest.java" package ="org.junit.tests.manipulation" value ="3"/>
         <Value name="sortingForwardWorksOnSuite" source ="SortableTest.java" package ="org.junit.tests.manipulation" value ="3"/>
         <Value name="sortingForwardWorksOnTestClassRunner" source ="SortableTest.java" package ="org.junit.tests.manipulation" value ="3"/>
         <Value name="ignoreClass" source ="IgnoreClassTest.java" package ="org.junit.tests.running.classes" value ="3"/>
         <Value name="beforeAndAfterClassAreRun" source ="ParameterizedTestTest.java" package ="org.junit.tests.running.classes" value ="3"/>
         <Value name="count" source ="ParameterizedTestTest.java" package ="org.junit.tests.running.classes" value ="3"/>
         <Value name="plansNamedCorrectly" source ="ParameterizedTestTest.java" package ="org.junit.tests.running.classes" value ="3"/>
         <Value name="runWithExtendsToSubclasses" source ="RunWithTest.java" package ="org.junit.tests.running.classes" value ="3"/>
         <Value name="beforeAndAfterClassRunOnSuite" source ="SuiteTest.java" package ="org.junit.tests.running.classes" value ="3"/>
         <Value name="forwardCompatibilityWorksWithGetTests" source ="SuiteTest.java" package ="org.junit.tests.running.classes" value ="3"/>
         <Value name="before" source ="CommandLineTest.java" package ="org.junit.tests.running.core" value ="3"/>
         <Value name="runAClass" source ="CommandLineTest.java" package ="org.junit.tests.running.core" value ="3"/>
         <Value name="runATest" source ="CommandLineTest.java" package ="org.junit.tests.running.core" value ="3"/>
         <Value name="runTwoClasses" source ="CommandLineTest.java" package ="org.junit.tests.running.core" value ="3"/>
         <Value name="runTwoClassesAsArray" source ="CommandLineTest.java" package ="org.junit.tests.running.core" value ="3"/>
         <Value name="runClass" source ="JUnitCoreReturnsCorrectExitCodeTest.java" package ="org.junit.tests.running.core" value ="3"/>
         <Value name="testAnnotatedMethod" source ="AnnotationTest.java" package ="org.junit.tests.running.methods" value ="3"/>
         <Value name="testAnnotatedMethodWithFutureProofExplicitRunner" source ="AnnotationTest.java" package ="org.junit.tests.running.methods" value ="3"/>
         <Value name="testException" source ="AnnotationTest.java" package ="org.junit.tests.running.methods" value ="3"/>
         <Value name="testNonStaticOneTimeSetup" source ="AnnotationTest.java" package ="org.junit.tests.running.methods" value ="3"/>
         <Value name="testOldTest" source ="AnnotationTest.java" package ="org.junit.tests.running.methods" value ="3"/>
         <Value name="testSetup" source ="AnnotationTest.java" package ="org.junit.tests.running.methods" value ="3"/>
         <Value name="testTeardown" source ="AnnotationTest.java" package ="org.junit.tests.running.methods" value ="3"/>
         <Value name="testTeardownAfterFailure" source ="AnnotationTest.java" package ="org.junit.tests.running.methods" value ="3"/>
         <Value name="expected" source ="ExpectedTest.java" package ="org.junit.tests.running.methods" value ="3"/>
         <Value name="params" source ="ParameterizedTestMethodTest.java" package ="org.junit.tests.running.methods" value ="3"/>
         <Value name="compatibility" source ="TestMethodTest.java" package ="org.junit.tests.running.methods" value ="3"/>
         <Value name="onlyIgnoredMethodsIsStillFineTestClass" source ="TestMethodTest.java" package ="org.junit.tests.running.methods" value ="3"/>
         <Value name="testFailures" source ="TestMethodTest.java" package ="org.junit.tests.running.methods" value ="3"/>
         <Value name="compatibility" source ="TimeoutTest.java" package ="org.junit.tests.running.methods" value ="3"/>
         <Value name="equalsMeansEqualHashCodes" source ="ObjectContractTest.java" package ="org.junit.tests" value ="3"/>
         <Value name="runFinished" source ="ActiveTestSuite.java" package ="junit.extensions" value ="2"/>
         <Value name="assertNotSame" source ="Assert.java" package ="junit.framework" value ="2"/>
         <Value name="assertTrue" source ="Assert.java" package ="junit.framework" value ="2"/>
         <Value name="computeCommonSuffix" source ="ComparisonCompactor.java" package ="junit.framework" value ="2"/>
         <Value name="getDescription" source ="JUnit4TestAdapter.java" package ="junit.framework" value ="2"/>
         <Value name="run" source ="JUnit4TestCaseFacade.java" package ="junit.framework" value ="2"/>
         <Value name="TestFailure" source ="TestFailure.java" package ="junit.framework" value ="2"/>
         <Value name="endTest" source ="TestResult.java" package ="junit.framework" value ="2"/>
         <Value name="TestSuite" source ="TestSuite.java" package ="junit.framework" value ="2"/>
         <Value name="TestSuite" source ="TestSuite.java" package ="junit.framework" value ="2"/>
         <Value name="getPreferencesFile" source ="BaseTestRunner.java" package ="junit.runner" value ="2"/>
         <Value name="printDefect" source ="ResultPrinter.java" package ="junit.textui" value ="2"/>
         <Value name="printHeader" source ="ResultPrinter.java" package ="junit.textui" value ="2"/>
         <Value name="printWaitPrompt" source ="ResultPrinter.java" package ="junit.textui" value ="2"/>
         <Value name="runAndWait" source ="TestRunner.java" package ="junit.textui" value ="2"/>
         <Value name="runFailed" source ="TestRunner.java" package ="junit.textui" value ="2"/>
         <Value name="CategoryFilter" source ="Categories.java" package ="org.junit.experimental.categories" value ="2"/>
         <Value name="getExcludedCategory" source ="Categories.java" package ="org.junit.experimental.categories" value ="2"/>
         <Value name="getIncludedCategory" source ="Categories.java" package ="org.junit.experimental.categories" value ="2"/>
         <Value name="getFilters" source ="SuiteBuilder.java" package ="org.junit.experimental.runners" value ="2"/>
         <Value name="runnersForClasses" source ="SuiteBuilder.java" package ="org.junit.experimental.runners" value ="2"/>
         <Value name="run" source ="SuiteBuilder.java" package ="org.junit.experimental.runners" value ="2"/>
         <Value name="addArrayValues" source ="AllMembersSupplier.java" package ="org.junit.experimental.theories.internal" value ="2"/>
         <Value name="getMethodArguments" source ="Assignments.java" package ="org.junit.experimental.theories.internal" value ="2"/>
         <Value name="potentialsForNextUnassigned" source ="Assignments.java" package ="org.junit.experimental.theories.internal" value ="2"/>
         <Value name="ParameterizedAssertionError" source ="ParameterizedAssertionError.java" package ="org.junit.experimental.theories.internal" value ="2"/>
         <Value name="ParameterSignature" source ="ParameterSignature.java" package ="org.junit.experimental.theories" value ="2"/>
         <Value name="findDeepAnnotation" source ="ParameterSignature.java" package ="org.junit.experimental.theories" value ="2"/>
         <Value name="signatures" source ="ParameterSignature.java" package ="org.junit.experimental.theories" value ="2"/>
         <Value name="signatures" source ="ParameterSignature.java" package ="org.junit.experimental.theories" value ="2"/>
         <Value name="TheoryAnchor" source ="Theories.java" package ="org.junit.experimental.theories" value ="2"/>
         <Value name="collectInitializationErrors" source ="Theories.java" package ="org.junit.experimental.theories" value ="2"/>
         <Value name="ParallelComputer" source ="ParallelComputer.java" package ="org.junit.experimental" value ="2"/>
         <Value name="getRunner" source ="ParallelComputer.java" package ="org.junit.experimental" value ="2"/>
         <Value name="getSuite" source ="ParallelComputer.java" package ="org.junit.experimental" value ="2"/>
         <Value name="ClassRequest" source ="ClassRequest.java" package ="org.junit.internal.requests" value ="2"/>
         <Value name="SortingRequest" source ="SortingRequest.java" package ="org.junit.internal.requests" value ="2"/>
         <Value name="EachTestNotifier" source ="EachTestNotifier.java" package ="org.junit.internal.runners.model" value ="2"/>
         <Value name="addMultipleFailureException" source ="EachTestNotifier.java" package ="org.junit.internal.runners.model" value ="2"/>
         <Value name="ExpectException" source ="ExpectException.java" package ="org.junit.internal.runners.statements" value ="2"/>
         <Value name="FailOnTimeout" source ="FailOnTimeout.java" package ="org.junit.internal.runners.statements" value ="2"/>
         <Value name="InvokeMethod" source ="InvokeMethod.java" package ="org.junit.internal.runners.statements" value ="2"/>
         <Value name="ErrorReportingRunner" source ="ErrorReportingRunner.java" package ="org.junit.internal.runners" value ="2"/>
         <Value name="describeCause" source ="ErrorReportingRunner.java" package ="org.junit.internal.runners" value ="2"/>
         <Value name="run" source ="ErrorReportingRunner.java" package ="org.junit.internal.runners" value ="2"/>
         <Value name="addError" source ="JUnit38ClassRunner.java" package ="org.junit.internal.runners" value ="2"/>
         <Value name="JUnit38ClassRunner" source ="JUnit38ClassRunner.java" package ="org.junit.internal.runners" value ="2"/>
         <Value name="runMethods" source ="JUnit4ClassRunner.java" package ="org.junit.internal.runners" value ="2"/>
         <Value name="assertValid" source ="MethodValidator.java" package ="org.junit.internal.runners" value ="2"/>
         <Value name="validateStaticMethods" source ="MethodValidator.java" package ="org.junit.internal.runners" value ="2"/>
         <Value name="TestMethod" source ="TestMethod.java" package ="org.junit.internal.runners" value ="2"/>
         <Value name="printFailure" source ="TextListener.java" package ="org.junit.internal" value ="2"/>
         <Value name="printHeader" source ="TextListener.java" package ="org.junit.internal" value ="2"/>
         <Value name="runsTopToBottom" source ="TestClass.java" package ="org.junit.runners.model" value ="2"/>
         <Value name="describeChild" source ="BlockJUnit4ClassRunner.java" package ="org.junit.runners" value ="2"/>
         <Value name="getMethodRules" source ="BlockJUnit4ClassRunner.java" package ="org.junit.runners" value ="2"/>
         <Value name="getTestRules" source ="BlockJUnit4ClassRunner.java" package ="org.junit.runners" value ="2"/>
         <Value name="makeNotifier" source ="BlockJUnit4ClassRunner.java" package ="org.junit.runners" value ="2"/>
         <Value name="testName" source ="BlockJUnit4ClassRunner.java" package ="org.junit.runners" value ="2"/>
         <Value name="createTest" source ="Parameterized.java" package ="org.junit.runners" value ="2"/>
         <Value name="testName" source ="Parameterized.java" package ="org.junit.runners" value ="2"/>
         <Value name="getParametersList" source ="Parameterized.java" package ="org.junit.runners" value ="2"/>
         <Value name="describeChild" source ="ParentRunner.java" package ="org.junit.runners" value ="2"/>
         <Value name="filterChild" source ="ParentRunner.java" package ="org.junit.runners" value ="2"/>
         <Value name="Description" source ="Description.java" package ="org.junit.runner" value ="2"/>
         <Value name="runMainAndExit" source ="JUnitCore.java" package ="org.junit.runner" value ="2"/>
         <Value name="getRunner" source ="Request.java" package ="org.junit.runner" value ="2"/>
         <Value name="method" source ="Request.java" package ="org.junit.runner" value ="2"/>
         <Value name="testRunFinished" source ="Result.java" package ="org.junit.runner" value ="2"/>
         <Value name="formatClassAndValue" source ="Assert.java" package ="org.junit" value ="2"/>
         <Value name="computeCommonSuffix" source ="ComparisonFailure.java" package ="org.junit" value ="2"/>
         <Value name="Money" source ="Money.java" package ="junit.samples.money" value ="2"/>
         <Value name="appendBag" source ="MoneyBag.java" package ="junit.samples.money" value ="2"/>
         <Value name="testBagNegate" source ="MoneyTest.java" package ="junit.samples.money" value ="2"/>
         <Value name="testBagNotEquals" source ="MoneyTest.java" package ="junit.samples.money" value ="2"/>
         <Value name="testBagSimpleAdd" source ="MoneyTest.java" package ="junit.samples.money" value ="2"/>
         <Value name="testBagSubtract" source ="MoneyTest.java" package ="junit.samples.money" value ="2"/>
         <Value name="testBagSumAdd" source ="MoneyTest.java" package ="junit.samples.money" value ="2"/>
         <Value name="testIsZero" source ="MoneyTest.java" package ="junit.samples.money" value ="2"/>
         <Value name="testMixedSimpleAdd" source ="MoneyTest.java" package ="junit.samples.money" value ="2"/>
         <Value name="testMoneyBagHash" source ="MoneyTest.java" package ="junit.samples.money" value ="2"/>
         <Value name="testNormalize2" source ="MoneyTest.java" package ="junit.samples.money" value ="2"/>
         <Value name="testSimpleAdd" source ="MoneyTest.java" package ="junit.samples.money" value ="2"/>
         <Value name="testSimpleBagAdd" source ="MoneyTest.java" package ="junit.samples.money" value ="2"/>
         <Value name="testSimpleMultiply" source ="MoneyTest.java" package ="junit.samples.money" value ="2"/>
         <Value name="testSimpleNegate" source ="MoneyTest.java" package ="junit.samples.money" value ="2"/>
         <Value name="testSimpleSubtract" source ="MoneyTest.java" package ="junit.samples.money" value ="2"/>
         <Value name="testSimplify" source ="MoneyTest.java" package ="junit.samples.money" value ="2"/>
         <Value name="testContains" source ="ListTest.java" package ="junit.samples" value ="2"/>
         <Value name="testRemoveElement" source ="ListTest.java" package ="junit.samples" value ="2"/>
         <Value name="setUp" source ="SimpleTest.java" package ="junit.samples" value ="2"/>
         <Value name="testAdd" source ="SimpleTest.java" package ="junit.samples" value ="2"/>
         <Value name="testBug609972" source ="ComparisonCompactorTest.java" package ="junit.tests.framework" value ="2"/>
         <Value name="testComparisonErrorEndSameComplete" source ="ComparisonCompactorTest.java" package ="junit.tests.framework" value ="2"/>
         <Value name="testComparisonErrorEndSameCompleteContext" source ="ComparisonCompactorTest.java" package ="junit.tests.framework" value ="2"/>
         <Value name="testComparisonErrorOverlapingMatches" source ="ComparisonCompactorTest.java" package ="junit.tests.framework" value ="2"/>
         <Value name="testComparisonErrorOverlapingMatches2" source ="ComparisonCompactorTest.java" package ="junit.tests.framework" value ="2"/>
         <Value name="testComparisonErrorOverlapingMatches2Context" source ="ComparisonCompactorTest.java" package ="junit.tests.framework" value ="2"/>
         <Value name="testComparisonErrorOverlapingMatchesContext" source ="ComparisonCompactorTest.java" package ="junit.tests.framework" value ="2"/>
         <Value name="testComparisonErrorStartSameComplete" source ="ComparisonCompactorTest.java" package ="junit.tests.framework" value ="2"/>
         <Value name="testComparisonErrorWithActualNull" source ="ComparisonCompactorTest.java" package ="junit.tests.framework" value ="2"/>
         <Value name="testComparisonErrorWithActualNullContext" source ="ComparisonCompactorTest.java" package ="junit.tests.framework" value ="2"/>
         <Value name="testComparisonErrorWithExpectedNull" source ="ComparisonCompactorTest.java" package ="junit.tests.framework" value ="2"/>
         <Value name="testComparisonErrorWithExpectedNullContext" source ="ComparisonCompactorTest.java" package ="junit.tests.framework" value ="2"/>
         <Value name="testEndSame" source ="ComparisonCompactorTest.java" package ="junit.tests.framework" value ="2"/>
         <Value name="testMessage" source ="ComparisonCompactorTest.java" package ="junit.tests.framework" value ="2"/>
         <Value name="testNoContextStartAndEndSame" source ="ComparisonCompactorTest.java" package ="junit.tests.framework" value ="2"/>
         <Value name="testSame" source ="ComparisonCompactorTest.java" package ="junit.tests.framework" value ="2"/>
         <Value name="testStartAndEndContext" source ="ComparisonCompactorTest.java" package ="junit.tests.framework" value ="2"/>
         <Value name="testStartAndEndContextWithEllipses" source ="ComparisonCompactorTest.java" package ="junit.tests.framework" value ="2"/>
         <Value name="testStartSame" source ="ComparisonCompactorTest.java" package ="junit.tests.framework" value ="2"/>
         <Value name="testConnection" source ="ComparisonFailureTest.java" package ="junit.tests.framework" value ="2"/>
         <Value name="testNotPublicTestCase" source ="SuiteTest.java" package ="junit.tests.framework" value ="2"/>
         <Value name="testNotVoidTestCase" source ="SuiteTest.java" package ="junit.tests.framework" value ="2"/>
         <Value name="testOneTestCaseEclipseSeesSameStructureAs381" source ="SuiteTest.java" package ="junit.tests.framework" value ="2"/>
         <Value name="isJDK11" source ="AllTests.java" package ="junit.tests.runner" value ="2"/>
         <Value name="testInvokeNonStaticSuite" source ="BaseTestRunnerTest.java" package ="junit.tests.runner" value ="2"/>
         <Value name="setUp" source ="TextFeedbackTest.java" package ="junit.tests.runner" value ="2"/>
         <Value name="testBagNegate" source ="MoneyTest.java" package ="org.junit.samples.money" value ="2"/>
         <Value name="testBagNotEquals" source ="MoneyTest.java" package ="org.junit.samples.money" value ="2"/>
         <Value name="testBagSimpleAdd" source ="MoneyTest.java" package ="org.junit.samples.money" value ="2"/>
         <Value name="testBagSubtract" source ="MoneyTest.java" package ="org.junit.samples.money" value ="2"/>
         <Value name="testBagSumAdd" source ="MoneyTest.java" package ="org.junit.samples.money" value ="2"/>
         <Value name="testIsZero" source ="MoneyTest.java" package ="org.junit.samples.money" value ="2"/>
         <Value name="testMixedSimpleAdd" source ="MoneyTest.java" package ="org.junit.samples.money" value ="2"/>
         <Value name="testMoneyBagHash" source ="MoneyTest.java" package ="org.junit.samples.money" value ="2"/>
         <Value name="testNormalize2" source ="MoneyTest.java" package ="org.junit.samples.money" value ="2"/>
         <Value name="testSimpleAdd" source ="MoneyTest.java" package ="org.junit.samples.money" value ="2"/>
         <Value name="testSimpleBagAdd" source ="MoneyTest.java" package ="org.junit.samples.money" value ="2"/>
         <Value name="testSimpleMultiply" source ="MoneyTest.java" package ="org.junit.samples.money" value ="2"/>
         <Value name="testSimpleNegate" source ="MoneyTest.java" package ="org.junit.samples.money" value ="2"/>
         <Value name="testSimpleSubtract" source ="MoneyTest.java" package ="org.junit.samples.money" value ="2"/>
         <Value name="testSimplify" source ="MoneyTest.java" package ="org.junit.samples.money" value ="2"/>
         <Value name="contains" source ="ListTest.java" package ="org.junit.samples" value ="2"/>
         <Value name="removeElement" source ="ListTest.java" package ="org.junit.samples" value ="2"/>
         <Value name="setUp" source ="SimpleTest.java" package ="org.junit.samples" value ="2"/>
         <Value name="naNsAreEqual" source ="AssertionTest.java" package ="org.junit.tests.assertion" value ="2"/>
         <Value name="objectsAreSame" source ="AssertionTest.java" package ="org.junit.tests.assertion" value ="2"/>
         <Value name="same" source ="AssertionTest.java" package ="org.junit.tests.assertion" value ="2"/>
         <Value name="bothFails" source ="BothTest.java" package ="org.junit.tests.assertion" value ="2"/>
         <Value name="annotationsExistOnDescriptionsOfClasses" source ="AnnotatedDescriptionTest.java" package ="org.junit.tests.description" value ="2"/>
         <Value name="getAnnotationsReturnsAllAnnotations" source ="AnnotatedDescriptionTest.java" package ="org.junit.tests.description" value ="2"/>
         <Value name="hashCodeIsReasonable" source ="SuiteDescriptionTest.java" package ="org.junit.tests.description" value ="2"/>
         <Value name="shouldSucceedWithAParameterizedClassSomewhere" source ="CategoriesAndParameterizedTest.java" package ="org.junit.tests.experimental.categories" value ="2"/>
         <Value name="describeACategoryFilter" source ="CategoryTest.java" package ="org.junit.tests.experimental.categories" value ="2"/>
         <Value name="slow" source ="MaxStarterTest.java" package ="org.junit.tests.experimental.max" value ="2"/>
         <Value name="halfMalformed" source ="MaxStarterTest.java" package ="org.junit.tests.experimental.max" value ="2"/>
         <Value name="maxShouldSkipMalformedJUnit38Classes" source ="MaxStarterTest.java" package ="org.junit.tests.experimental.max" value ="2"/>
         <Value name="testsAreOnlyIncludedOnceWhenExpandingForSorting" source ="MaxStarterTest.java" package ="org.junit.tests.experimental.max" value ="2"/>
         <Value name="hasFailuresDescriptionReflectsInput" source ="ResultMatchersTest.java" package ="org.junit.tests.experimental.results" value ="2"/>
         <Value name="hasFailuresHasGoodDescription" source ="ResultMatchersTest.java" package ="org.junit.tests.experimental.results" value ="2"/>
         <Value name="throwsMore" source ="ExpectedExceptionRuleTest.java" package ="org.junit.tests.experimental.rules" value ="2"/>
         <Value name="throwsMore" source ="ExpectedExceptionRuleTest.java" package ="org.junit.tests.experimental.rules" value ="2"/>
         <Value name="throwsMore" source ="ExpectedExceptionRuleTest.java" package ="org.junit.tests.experimental.rules" value ="2"/>
         <Value name="throwsMore" source ="ExpectedExceptionRuleTest.java" package ="org.junit.tests.experimental.rules" value ="2"/>
         <Value name="throwsNullPointerException" source ="ExpectedExceptionRuleTest.java" package ="org.junit.tests.experimental.rules" value ="2"/>
         <Value name="throwsNullPointerException" source ="ExpectedExceptionRuleTest.java" package ="org.junit.tests.experimental.rules" value ="2"/>
         <Value name="throwsNullPointerException" source ="ExpectedExceptionRuleTest.java" package ="org.junit.tests.experimental.rules" value ="2"/>
         <Value name="failsWithMatcher" source ="ExpectedExceptionRuleTest.java" package ="org.junit.tests.experimental.rules" value ="2"/>
         <Value name="failsWithMultipleMatchers" source ="ExpectedExceptionRuleTest.java" package ="org.junit.tests.experimental.rules" value ="2"/>
         <Value name="failsWithNullExceptionMessage" source ="ExpectedExceptionRuleTest.java" package ="org.junit.tests.experimental.rules" value ="2"/>
         <Value name="ignoreNonRules" source ="MethodRulesTest.java" package ="org.junit.tests.experimental.rules" value ="2"/>
         <Value name="validatePrivateRule" source ="MethodRulesTest.java" package ="org.junit.tests.experimental.rules" value ="2"/>
         <Value name="validateWrongTypedField" source ="MethodRulesTest.java" package ="org.junit.tests.experimental.rules" value ="2"/>
         <Value name="validateWrongTypedFieldInSuperclass" source ="MethodRulesTest.java" package ="org.junit.tests.experimental.rules" value ="2"/>
         <Value name="testUsingTempFolder" source ="TempFolderRuleTest.java" package ="org.junit.tests.experimental.rules" value ="2"/>
         <Value name="subFolderIsDeleted" source ="TempFolderRuleTest.java" package ="org.junit.tests.experimental.rules" value ="2"/>
         <Value name="tempFolderIsDeleted" source ="TempFolderRuleTest.java" package ="org.junit.tests.experimental.rules" value ="2"/>
         <Value name="apply" source ="TestRuleTest.java" package ="org.junit.tests.experimental.rules" value ="2"/>
         <Value name="apply" source ="TestRuleTest.java" package ="org.junit.tests.experimental.rules" value ="2"/>
         <Value name="ignoreNonRules" source ="TestRuleTest.java" package ="org.junit.tests.experimental.rules" value ="2"/>
         <Value name="validatePrivateRule" source ="TestRuleTest.java" package ="org.junit.tests.experimental.rules" value ="2"/>
         <Value name="validateWrongTypedField" source ="TestRuleTest.java" package ="org.junit.tests.experimental.rules" value ="2"/>
         <Value name="validateWrongTypedFieldInSuperclass" source ="TestRuleTest.java" package ="org.junit.tests.experimental.rules" value ="2"/>
         <Value name="testInfiniteLoop1" source ="TimeoutRuleTest.java" package ="org.junit.tests.experimental.rules" value ="2"/>
         <Value name="testInfiniteLoop2" source ="TimeoutRuleTest.java" package ="org.junit.tests.experimental.rules" value ="2"/>
         <Value name="example" source ="VerifierRuleTest.java" package ="org.junit.tests.experimental.rules" value ="2"/>
         <Value name="example" source ="VerifierRuleTest.java" package ="org.junit.tests.experimental.rules" value ="2"/>
         <Value name="usedErrorCollectorCheckSucceedsShouldPass" source ="VerifierRuleTest.java" package ="org.junit.tests.experimental.rules" value ="2"/>
         <Value name="Guesser" source ="Guesser.java" package ="org.junit.tests.experimental.theories.extendingwithstubs" value ="2"/>
         <Value name="getProxy" source ="Guesser.java" package ="org.junit.tests.experimental.theories.extendingwithstubs" value ="2"/>
         <Value name="remove" source ="GuesserQueue.java" package ="org.junit.tests.experimental.theories.extendingwithstubs" value ="2"/>
         <Value name="update" source ="GuesserQueue.java" package ="org.junit.tests.experimental.theories.extendingwithstubs" value ="2"/>
         <Value name="MethodCall" source ="MethodCall.java" package ="org.junit.tests.experimental.theories.extendingwithstubs" value ="2"/>
         <Value name="equals" source ="MethodCall.java" package ="org.junit.tests.experimental.theories.extendingwithstubs" value ="2"/>
         <Value name="isListableArray" source ="StringableObject.java" package ="org.junit.tests.experimental.theories.extendingwithstubs" value ="2"/>
         <Value name="ask" source ="StubbedTheoriesTest.java" package ="org.junit.tests.experimental.theories.extendingwithstubs" value ="2"/>
         <Value name="addToEmptyList" source ="SuccessfulWithDataPointFields.java" package ="org.junit.tests.experimental.theories.runner" value ="2"/>
         <Value name="PositiveIntsWithMethodParams" source ="SuccessfulWithDataPointFields.java" package ="org.junit.tests.experimental.theories.runner" value ="2"/>
         <Value name="haveAPostiveSquare" source ="SuccessfulWithDataPointFields.java" package ="org.junit.tests.experimental.theories.runner" value ="2"/>
         <Value name="PositiveIntsWithNegativeField" source ="SuccessfulWithDataPointFields.java" package ="org.junit.tests.experimental.theories.runner" value ="2"/>
         <Value name="PositiveInts" source ="SuccessfulWithDataPointFields.java" package ="org.junit.tests.experimental.theories.runner" value ="2"/>
         <Value name="tryCombinationsQuickly" source ="TheoriesPerformanceTest.java" package ="org.junit.tests.experimental.theories.runner" value ="2"/>
         <Value name="canRunTheories" source ="UnsuccessfulWithDataPointFields.java" package ="org.junit.tests.experimental.theories.runner" value ="2"/>
         <Value name="nullsUsedUnlessProhibited" source ="UnsuccessfulWithDataPointFields.java" package ="org.junit.tests.experimental.theories.runner" value ="2"/>
         <Value name="reportBadParams" source ="UnsuccessfulWithDataPointFields.java" package ="org.junit.tests.experimental.theories.runner" value ="2"/>
         <Value name="theoryAnnotationsAreRetained" source ="UnsuccessfulWithDataPointFields.java" package ="org.junit.tests.experimental.theories.runner" value ="2"/>
         <Value name="theoryClassMethodsShowUp" source ="UnsuccessfulWithDataPointFields.java" package ="org.junit.tests.experimental.theories.runner" value ="2"/>
         <Value name="everythingsEmpty" source ="WithDataPointMethod.java" package ="org.junit.tests.experimental.theories.runner" value ="2"/>
         <Value name="empty" source ="WithDataPointMethod.java" package ="org.junit.tests.experimental.theories.runner" value ="2"/>
         <Value name="testedOnLimitsParameters" source ="WithExtendedParameterSources.java" package ="org.junit.tests.experimental.theories.runner" value ="2"/>
         <Value name="foo" source ="ParameterSignatureTest.java" package ="org.junit.tests.experimental.theories" value ="2"/>
         <Value name="getType" source ="ParameterSignatureTest.java" package ="org.junit.tests.experimental.theories" value ="2"/>
         <Value name="buildParameterizedAssertionError" source ="ParameterizedAssertionErrorTest.java" package ="org.junit.tests.experimental.theories" value ="2"/>
         <Value name="differentParameterizedAssertionErrorsHaveDifferentToStrings" source ="ParameterizedAssertionErrorTest.java" package ="org.junit.tests.experimental.theories" value ="2"/>
         <Value name="equalParameterizedAssertionErrorsHaveSameToString" source ="ParameterizedAssertionErrorTest.java" package ="org.junit.tests.experimental.theories" value ="2"/>
         <Value name="assumptionsFail" source ="AssumptionTest.java" package ="org.junit.tests.experimental" value ="2"/>
         <Value name="assumptionsFail" source ="AssumptionTest.java" package ="org.junit.tests.experimental" value ="2"/>
         <Value name="assumeNotNullThrowsException" source ="AssumptionTest.java" package ="org.junit.tests.experimental" value ="2"/>
         <Value name="assumeThatPasses" source ="AssumptionTest.java" package ="org.junit.tests.experimental" value ="2"/>
         <Value name="assumeThatPassesOnStrings" source ="AssumptionTest.java" package ="org.junit.tests.experimental" value ="2"/>
         <Value name="AssumptionViolatedExceptionDescribesItself" source ="AssumptionViolatedExceptionTest.java" package ="org.junit.tests.experimental" value ="2"/>
         <Value name="simpleAssumptionViolatedExceptionDescribesItself" source ="AssumptionViolatedExceptionTest.java" package ="org.junit.tests.experimental" value ="2"/>
         <Value name="toStringReportsValue" source ="AssumptionViolatedExceptionTest.java" package ="org.junit.tests.experimental" value ="2"/>
         <Value name="correctTestCount" source ="AllTestsTest.java" package ="org.junit.tests.junit3compatibility" value ="2"/>
         <Value name="correctTestCountAdapted" source ="AllTestsTest.java" package ="org.junit.tests.junit3compatibility" value ="2"/>
         <Value name="someUsefulDescription" source ="AllTestsTest.java" package ="org.junit.tests.junit3compatibility" value ="2"/>
         <Value name="noSuiteMethodIfMethodPrivate" source ="ClassRequestTest.java" package ="org.junit.tests.junit3compatibility" value ="2"/>
         <Value name="testToStringSuite" source ="ForwardCompatibilityTest.java" package ="org.junit.tests.junit3compatibility" value ="2"/>
         <Value name="InitializesWithError" source ="InitializationErrorForwardCompatibilityTest.java" package ="org.junit.tests.junit3compatibility" value ="2"/>
         <Value name="createAdapter" source ="InitializationErrorForwardCompatibilityTest.java" package ="org.junit.tests.junit3compatibility" value ="2"/>
         <Value name="plansDecoratorCorrectly" source ="JUnit38ClassRunnerTest.java" package ="org.junit.tests.junit3compatibility" value ="2"/>
         <Value name="suite" source ="SuiteMethodTest.java" package ="org.junit.tests.junit3compatibility" value ="2"/>
         <Value name="testRunStarted" source ="TestListenerTest.java" package ="org.junit.tests.listening" value ="2"/>
         <Value name="testTime" source ="TextListenerTest.java" package ="org.junit.tests.listening" value ="2"/>
         <Value name="createNotifier" source ="UserStopTest.java" package ="org.junit.tests.listening" value ="2"/>
         <Value name="testFilterInRunnerConstructor" source ="FilterableTest.java" package ="org.junit.tests.manipulation" value ="2"/>
         <Value name="classesWithSuiteMethodsAreFiltered" source ="SingleMethodTest.java" package ="org.junit.tests.manipulation" value ="2"/>
         <Value name="filteringAffectsPlan" source ="SingleMethodTest.java" package ="org.junit.tests.manipulation" value ="2"/>
         <Value name="unsortablesAreHandledWithoutCrashing" source ="SortableTest.java" package ="org.junit.tests.manipulation" value ="2"/>
         <Value name="enclosedRunnerIsNamedForEnclosingClass" source ="EnclosedTest.java" package ="org.junit.tests.running.classes" value ="2"/>
         <Value name="enclosedRunnerPlansEnclosedClasses" source ="EnclosedTest.java" package ="org.junit.tests.running.classes" value ="2"/>
         <Value name="enclosedRunnerRunsEnclosedClasses" source ="EnclosedTest.java" package ="org.junit.tests.running.classes" value ="2"/>
         <Value name="FibonacciTest" source ="ParameterizedTestTest.java" package ="org.junit.tests.running.classes" value ="2"/>
         <Value name="data" source ="ParameterizedTestTest.java" package ="org.junit.tests.running.classes" value ="2"/>
         <Value name="countBeforeRun" source ="ParameterizedTestTest.java" package ="org.junit.tests.running.classes" value ="2"/>
         <Value name="failuresAddedForBadTestMethod" source ="ParameterizedTestTest.java" package ="org.junit.tests.running.classes" value ="2"/>
         <Value name="validateClassCatchesNoParameters" source ="ParameterizedTestTest.java" package ="org.junit.tests.running.classes" value ="2"/>
         <Value name="getDescription" source ="RunWithTest.java" package ="org.junit.tests.running.classes" value ="2"/>
         <Value name="testCount" source ="RunWithTest.java" package ="org.junit.tests.running.classes" value ="2"/>
         <Value name="forwardCompatibilityWorksWithTestCount" source ="SuiteTest.java" package ="org.junit.tests.running.classes" value ="2"/>
         <Value name="suiteShouldBeOKwithNonDefaultConstructor" source ="SuiteTest.java" package ="org.junit.tests.running.classes" value ="2"/>
         <Value name="suiteTestCountIsCorrect" source ="SuiteTest.java" package ="org.junit.tests.running.classes" value ="2"/>
         <Value name="whatHappensWhenASuiteContainsItselfIndirectly" source ="SuiteTest.java" package ="org.junit.tests.running.classes" value ="2"/>
         <Value name="whatHappensWhenASuiteHasACycle" source ="SuiteTest.java" package ="org.junit.tests.running.classes" value ="2"/>
         <Value name="whatHappensWhenASuiteHasAForkingCycle" source ="SuiteTest.java" package ="org.junit.tests.running.classes" value ="2"/>
         <Value name="fieldsOnSubclassesShadowSuperclasses" source ="TestClassTest.java" package ="org.junit.tests.running.classes" value ="2"/>
         <Value name="one" source ="AnnotationTest.java" package ="org.junit.tests.running.methods" value ="2"/>
         <Value name="two" source ="AnnotationTest.java" package ="org.junit.tests.running.methods" value ="2"/>
         <Value name="one" source ="AnnotationTest.java" package ="org.junit.tests.running.methods" value ="2"/>
         <Value name="two" source ="AnnotationTest.java" package ="org.junit.tests.running.methods" value ="2"/>
         <Value name="one" source ="AnnotationTest.java" package ="org.junit.tests.running.methods" value ="2"/>
         <Value name="two" source ="AnnotationTest.java" package ="org.junit.tests.running.methods" value ="2"/>
         <Value name="subclassWithOnlyInheritedTestsRuns" source ="InheritedTestTest.java" package ="org.junit.tests.running.methods" value ="2"/>
         <Value name="ParameterizedTestMethodTest" source ="ParameterizedTestMethodTest.java" package ="org.junit.tests.running.methods" value ="2"/>
         <Value name="testFailures" source ="ParameterizedTestMethodTest.java" package ="org.junit.tests.running.methods" value ="2"/>
         <Value name="dontValidateShadowedMethods" source ="TestMethodTest.java" package ="org.junit.tests.running.methods" value ="2"/>
         <Value name="validateInheritedMethods" source ="TestMethodTest.java" package ="org.junit.tests.running.methods" value ="2"/>
         <Value name="makeSureAfterIsCalledAfterATimeout" source ="TimeoutTest.java" package ="org.junit.tests.running.methods" value ="2"/>
         <Value name="badBeforeMethodWithLegacyRunner" source ="BadlyFormedClassesTest.java" package ="org.junit.tests.validation" value ="2"/>
         <Value name="constructorException" source ="BadlyFormedClassesTest.java" package ="org.junit.tests.validation" value ="2"/>
         <Value name="initializationErrorIsOnCorrectClass" source ="ValidationTest.java" package ="org.junit.tests.validation" value ="2"/>
         <Value name="nonStaticBeforeClass" source ="ValidationTest.java" package ="org.junit.tests.validation" value ="2"/>
         <Value name="equalsThrowsNoException" source ="ObjectContractTest.java" package ="org.junit.tests" value ="2"/>
         <Value name="TestSystem" source ="TestSystem.java" package ="org.junit.tests" value ="2"/>
         <Value name="ActiveTestSuite" source ="ActiveTestSuite.java" package ="junit.extensions" value ="1"/>
         <Value name="ActiveTestSuite" source ="ActiveTestSuite.java" package ="junit.extensions" value ="1"/>
         <Value name="ActiveTestSuite" source ="ActiveTestSuite.java" package ="junit.extensions" value ="1"/>
         <Value name="countTestCases" source ="RepeatedTest.java" package ="junit.extensions" value ="1"/>
         <Value name="toString" source ="RepeatedTest.java" package ="junit.extensions" value ="1"/>
         <Value name="TestDecorator" source ="TestDecorator.java" package ="junit.extensions" value ="1"/>
         <Value name="basicRun" source ="TestDecorator.java" package ="junit.extensions" value ="1"/>
         <Value name="countTestCases" source ="TestDecorator.java" package ="junit.extensions" value ="1"/>
         <Value name="getTest" source ="TestDecorator.java" package ="junit.extensions" value ="1"/>
         <Value name="run" source ="TestDecorator.java" package ="junit.extensions" value ="1"/>
         <Value name="toString" source ="TestDecorator.java" package ="junit.extensions" value ="1"/>
         <Value name="TestSetup" source ="TestSetup.java" package ="junit.extensions" value ="1"/>
         <Value name="assertEquals" source ="Assert.java" package ="junit.framework" value ="1"/>
         <Value name="assertEquals" source ="Assert.java" package ="junit.framework" value ="1"/>
         <Value name="assertEquals" source ="Assert.java" package ="junit.framework" value ="1"/>
         <Value name="assertEquals" source ="Assert.java" package ="junit.framework" value ="1"/>
         <Value name="assertEquals" source ="Assert.java" package ="junit.framework" value ="1"/>
         <Value name="assertEquals" source ="Assert.java" package ="junit.framework" value ="1"/>
         <Value name="assertEquals" source ="Assert.java" package ="junit.framework" value ="1"/>
         <Value name="assertEquals" source ="Assert.java" package ="junit.framework" value ="1"/>
         <Value name="assertEquals" source ="Assert.java" package ="junit.framework" value ="1"/>
         <Value name="assertEquals" source ="Assert.java" package ="junit.framework" value ="1"/>
         <Value name="assertEquals" source ="Assert.java" package ="junit.framework" value ="1"/>
         <Value name="assertEquals" source ="Assert.java" package ="junit.framework" value ="1"/>
         <Value name="assertEquals" source ="Assert.java" package ="junit.framework" value ="1"/>
         <Value name="assertEquals" source ="Assert.java" package ="junit.framework" value ="1"/>
         <Value name="assertEquals" source ="Assert.java" package ="junit.framework" value ="1"/>
         <Value name="assertEquals" source ="Assert.java" package ="junit.framework" value ="1"/>
         <Value name="assertFalse" source ="Assert.java" package ="junit.framework" value ="1"/>
         <Value name="assertFalse" source ="Assert.java" package ="junit.framework" value ="1"/>
         <Value name="assertNotNull" source ="Assert.java" package ="junit.framework" value ="1"/>
         <Value name="assertNotNull" source ="Assert.java" package ="junit.framework" value ="1"/>
         <Value name="assertNotSame" source ="Assert.java" package ="junit.framework" value ="1"/>
         <Value name="assertNull" source ="Assert.java" package ="junit.framework" value ="1"/>
         <Value name="assertSame" source ="Assert.java" package ="junit.framework" value ="1"/>
         <Value name="assertTrue" source ="Assert.java" package ="junit.framework" value ="1"/>
         <Value name="fail" source ="Assert.java" package ="junit.framework" value ="1"/>
         <Value name="failNotEquals" source ="Assert.java" package ="junit.framework" value ="1"/>
         <Value name="fail" source ="Assert.java" package ="junit.framework" value ="1"/>
         <Value name="AssertionFailedError" source ="AssertionFailedError.java" package ="junit.framework" value ="1"/>
         <Value name="areStringsEqual" source ="ComparisonCompactor.java" package ="junit.framework" value ="1"/>
         <Value name="computeCommonPrefix" source ="ComparisonCompactor.java" package ="junit.framework" value ="1"/>
         <Value name="getActual" source ="ComparisonFailure.java" package ="junit.framework" value ="1"/>
         <Value name="getExpected" source ="ComparisonFailure.java" package ="junit.framework" value ="1"/>
         <Value name="getMessage" source ="ComparisonFailure.java" package ="junit.framework" value ="1"/>
         <Value name="JUnit4TestAdapter" source ="JUnit4TestAdapter.java" package ="junit.framework" value ="1"/>
         <Value name="countTestCases" source ="JUnit4TestAdapter.java" package ="junit.framework" value ="1"/>
         <Value name="filter" source ="JUnit4TestAdapter.java" package ="junit.framework" value ="1"/>
         <Value name="getTestClass" source ="JUnit4TestAdapter.java" package ="junit.framework" value ="1"/>
         <Value name="getTests" source ="JUnit4TestAdapter.java" package ="junit.framework" value ="1"/>
         <Value name="isIgnored" source ="JUnit4TestAdapter.java" package ="junit.framework" value ="1"/>
         <Value name="run" source ="JUnit4TestAdapter.java" package ="junit.framework" value ="1"/>
         <Value name="sort" source ="JUnit4TestAdapter.java" package ="junit.framework" value ="1"/>
         <Value name="toString" source ="JUnit4TestAdapter.java" package ="junit.framework" value ="1"/>
         <Value name="getDefault" source ="JUnit4TestAdapterCache.java" package ="junit.framework" value ="1"/>
         <Value name="JUnit4TestCaseFacade" source ="JUnit4TestCaseFacade.java" package ="junit.framework" value ="1"/>
         <Value name="countTestCases" source ="JUnit4TestCaseFacade.java" package ="junit.framework" value ="1"/>
         <Value name="getDescription" source ="JUnit4TestCaseFacade.java" package ="junit.framework" value ="1"/>
         <Value name="toString" source ="JUnit4TestCaseFacade.java" package ="junit.framework" value ="1"/>
         <Value name="TestCase" source ="TestCase.java" package ="junit.framework" value ="1"/>
         <Value name="TestCase" source ="TestCase.java" package ="junit.framework" value ="1"/>
         <Value name="countTestCases" source ="TestCase.java" package ="junit.framework" value ="1"/>
         <Value name="createResult" source ="TestCase.java" package ="junit.framework" value ="1"/>
         <Value name="getName" source ="TestCase.java" package ="junit.framework" value ="1"/>
         <Value name="run" source ="TestCase.java" package ="junit.framework" value ="1"/>
         <Value name="setName" source ="TestCase.java" package ="junit.framework" value ="1"/>
         <Value name="toString" source ="TestCase.java" package ="junit.framework" value ="1"/>
         <Value name="exceptionMessage" source ="TestFailure.java" package ="junit.framework" value ="1"/>
         <Value name="failedTest" source ="TestFailure.java" package ="junit.framework" value ="1"/>
         <Value name="isFailure" source ="TestFailure.java" package ="junit.framework" value ="1"/>
         <Value name="thrownException" source ="TestFailure.java" package ="junit.framework" value ="1"/>
         <Value name="addListener" source ="TestResult.java" package ="junit.framework" value ="1"/>
         <Value name="errorCount" source ="TestResult.java" package ="junit.framework" value ="1"/>
         <Value name="errors" source ="TestResult.java" package ="junit.framework" value ="1"/>
         <Value name="failureCount" source ="TestResult.java" package ="junit.framework" value ="1"/>
         <Value name="failures" source ="TestResult.java" package ="junit.framework" value ="1"/>
         <Value name="removeListener" source ="TestResult.java" package ="junit.framework" value ="1"/>
         <Value name="runCount" source ="TestResult.java" package ="junit.framework" value ="1"/>
         <Value name="shouldStop" source ="TestResult.java" package ="junit.framework" value ="1"/>
         <Value name="stop" source ="TestResult.java" package ="junit.framework" value ="1"/>
         <Value name="wasSuccessful" source ="TestResult.java" package ="junit.framework" value ="1"/>
         <Value name="TestSuite" source ="TestSuite.java" package ="junit.framework" value ="1"/>
         <Value name="TestSuite" source ="TestSuite.java" package ="junit.framework" value ="1"/>
         <Value name="addTestSuite" source ="TestSuite.java" package ="junit.framework" value ="1"/>
         <Value name="addTest" source ="TestSuite.java" package ="junit.framework" value ="1"/>
         <Value name="getName" source ="TestSuite.java" package ="junit.framework" value ="1"/>
         <Value name="isPublicTestMethod" source ="TestSuite.java" package ="junit.framework" value ="1"/>
         <Value name="runTest" source ="TestSuite.java" package ="junit.framework" value ="1"/>
         <Value name="setName" source ="TestSuite.java" package ="junit.framework" value ="1"/>
         <Value name="testAt" source ="TestSuite.java" package ="junit.framework" value ="1"/>
         <Value name="testCount" source ="TestSuite.java" package ="junit.framework" value ="1"/>
         <Value name="tests" source ="TestSuite.java" package ="junit.framework" value ="1"/>
         <Value name="addError" source ="BaseTestRunner.java" package ="junit.runner" value ="1"/>
         <Value name="addFailure" source ="BaseTestRunner.java" package ="junit.runner" value ="1"/>
         <Value name="elapsedTimeAsString" source ="BaseTestRunner.java" package ="junit.runner" value ="1"/>
         <Value name="endTest" source ="BaseTestRunner.java" package ="junit.runner" value ="1"/>
         <Value name="getPreference" source ="BaseTestRunner.java" package ="junit.runner" value ="1"/>
         <Value name="loadSuiteClass" source ="BaseTestRunner.java" package ="junit.runner" value ="1"/>
         <Value name="setLoading" source ="BaseTestRunner.java" package ="junit.runner" value ="1"/>
         <Value name="setPreferences" source ="BaseTestRunner.java" package ="junit.runner" value ="1"/>
         <Value name="setPreference" source ="BaseTestRunner.java" package ="junit.runner" value ="1"/>
         <Value name="showStackRaw" source ="BaseTestRunner.java" package ="junit.runner" value ="1"/>
         <Value name="startTest" source ="BaseTestRunner.java" package ="junit.runner" value ="1"/>
         <Value name="useReloadingTestSuiteLoader" source ="BaseTestRunner.java" package ="junit.runner" value ="1"/>
         <Value name="id" source ="Version.java" package ="junit.runner" value ="1"/>
         <Value name="main" source ="Version.java" package ="junit.runner" value ="1"/>
         <Value name="ResultPrinter" source ="ResultPrinter.java" package ="junit.textui" value ="1"/>
         <Value name="addError" source ="ResultPrinter.java" package ="junit.textui" value ="1"/>
         <Value name="addFailure" source ="ResultPrinter.java" package ="junit.textui" value ="1"/>
         <Value name="elapsedTimeAsString" source ="ResultPrinter.java" package ="junit.textui" value ="1"/>
         <Value name="getWriter" source ="ResultPrinter.java" package ="junit.textui" value ="1"/>
         <Value name="printDefectHeader" source ="ResultPrinter.java" package ="junit.textui" value ="1"/>
         <Value name="printDefectTrace" source ="ResultPrinter.java" package ="junit.textui" value ="1"/>
         <Value name="printErrors" source ="ResultPrinter.java" package ="junit.textui" value ="1"/>
         <Value name="printFailures" source ="ResultPrinter.java" package ="junit.textui" value ="1"/>
         <Value name="TestRunner" source ="TestRunner.java" package ="junit.textui" value ="1"/>
         <Value name="TestRunner" source ="TestRunner.java" package ="junit.textui" value ="1"/>
         <Value name="TestRunner" source ="TestRunner.java" package ="junit.textui" value ="1"/>
         <Value name="createTestResult" source ="TestRunner.java" package ="junit.textui" value ="1"/>
         <Value name="doRun" source ="TestRunner.java" package ="junit.textui" value ="1"/>
         <Value name="run" source ="TestRunner.java" package ="junit.textui" value ="1"/>
         <Value name="setPrinter" source ="TestRunner.java" package ="junit.textui" value ="1"/>
         <Value name="describe" source ="Categories.java" package ="org.junit.experimental.categories" value ="1"/>
         <Value name="include" source ="Categories.java" package ="org.junit.experimental.categories" value ="1"/>
         <Value name="CouldNotReadCoreException" source ="CouldNotReadCoreException.java" package ="org.junit.experimental.max" value ="1"/>
         <Value name="MaxCore" source ="MaxCore.java" package ="org.junit.experimental.max" value ="1"/>
         <Value name="forFolder" source ="MaxCore.java" package ="org.junit.experimental.max" value ="1"/>
         <Value name="sortedLeavesForTest" source ="MaxCore.java" package ="org.junit.experimental.max" value ="1"/>
         <Value name="storedLocally" source ="MaxCore.java" package ="org.junit.experimental.max" value ="1"/>
         <Value name="testFailure" source ="MaxHistory.java" package ="org.junit.experimental.max" value ="1"/>
         <Value name="testRunFinished" source ="MaxHistory.java" package ="org.junit.experimental.max" value ="1"/>
         <Value name="testStarted" source ="MaxHistory.java" package ="org.junit.experimental.max" value ="1"/>
         <Value name="MaxHistory" source ="MaxHistory.java" package ="org.junit.experimental.max" value ="1"/>
         <Value name="getFailureTimestamp" source ="MaxHistory.java" package ="org.junit.experimental.max" value ="1"/>
         <Value name="getTestDuration" source ="MaxHistory.java" package ="org.junit.experimental.max" value ="1"/>
         <Value name="isNewTest" source ="MaxHistory.java" package ="org.junit.experimental.max" value ="1"/>
         <Value name="listener" source ="MaxHistory.java" package ="org.junit.experimental.max" value ="1"/>
         <Value name="putTestDuration" source ="MaxHistory.java" package ="org.junit.experimental.max" value ="1"/>
         <Value name="putTestFailureTimestamp" source ="MaxHistory.java" package ="org.junit.experimental.max" value ="1"/>
         <Value name="FailureList" source ="FailureList.java" package ="org.junit.experimental.results" value ="1"/>
         <Value name="PrintableResult" source ="PrintableResult.java" package ="org.junit.experimental.results" value ="1"/>
         <Value name="PrintableResult" source ="PrintableResult.java" package ="org.junit.experimental.results" value ="1"/>
         <Value name="failureCount" source ="PrintableResult.java" package ="org.junit.experimental.results" value ="1"/>
         <Value name="isSuccessful" source ="ResultMatchers.java" package ="org.junit.experimental.results" value ="1"/>
         <Value name="Enclosed" source ="Enclosed.java" package ="org.junit.experimental.runners" value ="1"/>
         <Value name="Listed" source ="Listed.java" package ="org.junit.experimental.runners" value ="1"/>
         <Value name="get" source ="Listed.java" package ="org.junit.experimental.runners" value ="1"/>
         <Value name="MethodParameterValue" source ="AllMembersSupplier.java" package ="org.junit.experimental.theories.internal" value ="1"/>
         <Value name="getDescription" source ="AllMembersSupplier.java" package ="org.junit.experimental.theories.internal" value ="1"/>
         <Value name="getAllArguments" source ="Assignments.java" package ="org.junit.experimental.theories.internal" value ="1"/>
         <Value name="getConstructorArguments" source ="Assignments.java" package ="org.junit.experimental.theories.internal" value ="1"/>
         <Value name="isComplete" source ="Assignments.java" package ="org.junit.experimental.theories.internal" value ="1"/>
         <Value name="nextUnassigned" source ="Assignments.java" package ="org.junit.experimental.theories.internal" value ="1"/>
         <Value name="equals" source ="ParameterizedAssertionError.java" package ="org.junit.experimental.theories.internal" value ="1"/>
         <Value name="join" source ="ParameterizedAssertionError.java" package ="org.junit.experimental.theories.internal" value ="1"/>
         <Value name="canAcceptArrayType" source ="ParameterSignature.java" package ="org.junit.experimental.theories" value ="1"/>
         <Value name="canAcceptType" source ="ParameterSignature.java" package ="org.junit.experimental.theories" value ="1"/>
         <Value name="getAnnotations" source ="ParameterSignature.java" package ="org.junit.experimental.theories" value ="1"/>
         <Value name="getType" source ="ParameterSignature.java" package ="org.junit.experimental.theories" value ="1"/>
         <Value name="hasAnnotation" source ="ParameterSignature.java" package ="org.junit.experimental.theories" value ="1"/>
         <Value name="getTestClass" source ="Theories.java" package ="org.junit.experimental.theories" value ="1"/>
         <Value name="handleAssumptionViolation" source ="Theories.java" package ="org.junit.experimental.theories" value ="1"/>
         <Value name="handleDataPointSuccess" source ="Theories.java" package ="org.junit.experimental.theories" value ="1"/>
         <Value name="Theories" source ="Theories.java" package ="org.junit.experimental.theories" value ="1"/>
         <Value name="methodBlock" source ="Theories.java" package ="org.junit.experimental.theories" value ="1"/>
         <Value name="validateConstructor" source ="Theories.java" package ="org.junit.experimental.theories" value ="1"/>
         <Value name="classes" source ="ParallelComputer.java" package ="org.junit.experimental" value ="1"/>
         <Value name="methods" source ="ParallelComputer.java" package ="org.junit.experimental" value ="1"/>
         <Value name="AllDefaultPossibilitiesBuilder" source ="AllDefaultPossibilitiesBuilder.java" package ="org.junit.internal.builders" value ="1"/>
         <Value name="annotatedBuilder" source ="AllDefaultPossibilitiesBuilder.java" package ="org.junit.internal.builders" value ="1"/>
         <Value name="ignoredBuilder" source ="AllDefaultPossibilitiesBuilder.java" package ="org.junit.internal.builders" value ="1"/>
         <Value name="junit3Builder" source ="AllDefaultPossibilitiesBuilder.java" package ="org.junit.internal.builders" value ="1"/>
         <Value name="junit4Builder" source ="AllDefaultPossibilitiesBuilder.java" package ="org.junit.internal.builders" value ="1"/>
         <Value name="AnnotatedBuilder" source ="AnnotatedBuilder.java" package ="org.junit.internal.builders" value ="1"/>
         <Value name="IgnoredClassRunner" source ="IgnoredClassRunner.java" package ="org.junit.internal.builders" value ="1"/>
         <Value name="getDescription" source ="IgnoredClassRunner.java" package ="org.junit.internal.builders" value ="1"/>
         <Value name="run" source ="IgnoredClassRunner.java" package ="org.junit.internal.builders" value ="1"/>
         <Value name="isPre4Test" source ="JUnit3Builder.java" package ="org.junit.internal.builders" value ="1"/>
         <Value name="runnerForClass" source ="JUnit4Builder.java" package ="org.junit.internal.builders" value ="1"/>
         <Value name="runnerForClass" source ="NullBuilder.java" package ="org.junit.internal.builders" value ="1"/>
         <Value name="CombinableMatcher" source ="CombinableMatcher.java" package ="org.junit.internal.matchers" value ="1"/>
         <Value name="and" source ="CombinableMatcher.java" package ="org.junit.internal.matchers" value ="1"/>
         <Value name="describeTo" source ="CombinableMatcher.java" package ="org.junit.internal.matchers" value ="1"/>
         <Value name="matches" source ="CombinableMatcher.java" package ="org.junit.internal.matchers" value ="1"/>
         <Value name="or" source ="CombinableMatcher.java" package ="org.junit.internal.matchers" value ="1"/>
         <Value name="IsCollectionContaining" source ="IsCollectionContaining.java" package ="org.junit.internal.matchers" value ="1"/>
         <Value name="hasItem" source ="IsCollectionContaining.java" package ="org.junit.internal.matchers" value ="1"/>
         <Value name="hasItem" source ="IsCollectionContaining.java" package ="org.junit.internal.matchers" value ="1"/>
         <Value name="StringContains" source ="StringContains.java" package ="org.junit.internal.matchers" value ="1"/>
         <Value name="containsString" source ="StringContains.java" package ="org.junit.internal.matchers" value ="1"/>
         <Value name="evalSubstringOf" source ="StringContains.java" package ="org.junit.internal.matchers" value ="1"/>
         <Value name="relationship" source ="StringContains.java" package ="org.junit.internal.matchers" value ="1"/>
         <Value name="SubstringMatcher" source ="SubstringMatcher.java" package ="org.junit.internal.matchers" value ="1"/>
         <Value name="matchesSafely" source ="SubstringMatcher.java" package ="org.junit.internal.matchers" value ="1"/>
         <Value name="TypeSafeMatcher" source ="TypeSafeMatcher.java" package ="org.junit.internal.matchers" value ="1"/>
         <Value name="TypeSafeMatcher" source ="TypeSafeMatcher.java" package ="org.junit.internal.matchers" value ="1"/>
         <Value name="ClassRequest" source ="ClassRequest.java" package ="org.junit.internal.requests" value ="1"/>
         <Value name="getRunner" source ="ClassRequest.java" package ="org.junit.internal.requests" value ="1"/>
         <Value name="addFailedAssumption" source ="EachTestNotifier.java" package ="org.junit.internal.runners.model" value ="1"/>
         <Value name="fireTestFinished" source ="EachTestNotifier.java" package ="org.junit.internal.runners.model" value ="1"/>
         <Value name="fireTestIgnored" source ="EachTestNotifier.java" package ="org.junit.internal.runners.model" value ="1"/>
         <Value name="fireTestStarted" source ="EachTestNotifier.java" package ="org.junit.internal.runners.model" value ="1"/>
         <Value name="MultipleFailureException" source ="MultipleFailureException.java" package ="org.junit.internal.runners.model" value ="1"/>
         <Value name="getFailures" source ="MultipleFailureException.java" package ="org.junit.internal.runners.model" value ="1"/>
         <Value name="Fail" source ="Fail.java" package ="org.junit.internal.runners.statements" value ="1"/>
         <Value name="evaluate" source ="Fail.java" package ="org.junit.internal.runners.statements" value ="1"/>
         <Value name="evaluate" source ="InvokeMethod.java" package ="org.junit.internal.runners.statements" value ="1"/>
         <Value name="addFailure" source ="ClassRoadie.java" package ="org.junit.internal.runners" value ="1"/>
         <Value name="runUnprotected" source ="ClassRoadie.java" package ="org.junit.internal.runners" value ="1"/>
         <Value name="InitializationError" source ="InitializationError.java" package ="org.junit.internal.runners" value ="1"/>
         <Value name="InitializationError" source ="InitializationError.java" package ="org.junit.internal.runners" value ="1"/>
         <Value name="InitializationError" source ="InitializationError.java" package ="org.junit.internal.runners" value ="1"/>
         <Value name="getCauses" source ="InitializationError.java" package ="org.junit.internal.runners" value ="1"/>
         <Value name="OldTestClassAdaptingListener" source ="JUnit38ClassRunner.java" package ="org.junit.internal.runners" value ="1"/>
         <Value name="addFailure" source ="JUnit38ClassRunner.java" package ="org.junit.internal.runners" value ="1"/>
         <Value name="endTest" source ="JUnit38ClassRunner.java" package ="org.junit.internal.runners" value ="1"/>
         <Value name="getEffectiveClass" source ="JUnit38ClassRunner.java" package ="org.junit.internal.runners" value ="1"/>
         <Value name="startTest" source ="JUnit38ClassRunner.java" package ="org.junit.internal.runners" value ="1"/>
         <Value name="JUnit38ClassRunner" source ="JUnit38ClassRunner.java" package ="org.junit.internal.runners" value ="1"/>
         <Value name="createAdaptingListener" source ="JUnit38ClassRunner.java" package ="org.junit.internal.runners" value ="1"/>
         <Value name="getDescription" source ="JUnit38ClassRunner.java" package ="org.junit.internal.runners" value ="1"/>
         <Value name="getTest" source ="JUnit38ClassRunner.java" package ="org.junit.internal.runners" value ="1"/>
         <Value name="setTest" source ="JUnit38ClassRunner.java" package ="org.junit.internal.runners" value ="1"/>
         <Value name="classAnnotations" source ="JUnit4ClassRunner.java" package ="org.junit.internal.runners" value ="1"/>
         <Value name="createTest" source ="JUnit4ClassRunner.java" package ="org.junit.internal.runners" value ="1"/>
         <Value name="getName" source ="JUnit4ClassRunner.java" package ="org.junit.internal.runners" value ="1"/>
         <Value name="getTestClass" source ="JUnit4ClassRunner.java" package ="org.junit.internal.runners" value ="1"/>
         <Value name="getTestMethods" source ="JUnit4ClassRunner.java" package ="org.junit.internal.runners" value ="1"/>
         <Value name="methodDescription" source ="JUnit4ClassRunner.java" package ="org.junit.internal.runners" value ="1"/>
         <Value name="testAnnotations" source ="JUnit4ClassRunner.java" package ="org.junit.internal.runners" value ="1"/>
         <Value name="testName" source ="JUnit4ClassRunner.java" package ="org.junit.internal.runners" value ="1"/>
         <Value name="wrapMethod" source ="JUnit4ClassRunner.java" package ="org.junit.internal.runners" value ="1"/>
         <Value name="addFailure" source ="MethodRoadie.java" package ="org.junit.internal.runners" value ="1"/>
         <Value name="MethodValidator" source ="MethodValidator.java" package ="org.junit.internal.runners" value ="1"/>
         <Value name="SuiteMethod" source ="SuiteMethod.java" package ="org.junit.internal.runners" value ="1"/>
         <Value name="TestClass" source ="TestClass.java" package ="org.junit.internal.runners" value ="1"/>
         <Value name="getAfters" source ="TestClass.java" package ="org.junit.internal.runners" value ="1"/>
         <Value name="getBefores" source ="TestClass.java" package ="org.junit.internal.runners" value ="1"/>
         <Value name="getConstructor" source ="TestClass.java" package ="org.junit.internal.runners" value ="1"/>
         <Value name="getJavaClass" source ="TestClass.java" package ="org.junit.internal.runners" value ="1"/>
         <Value name="getName" source ="TestClass.java" package ="org.junit.internal.runners" value ="1"/>
         <Value name="getTestMethods" source ="TestClass.java" package ="org.junit.internal.runners" value ="1"/>
         <Value name="runsTopToBottom" source ="TestClass.java" package ="org.junit.internal.runners" value ="1"/>
         <Value name="expectsException" source ="TestMethod.java" package ="org.junit.internal.runners" value ="1"/>
         <Value name="getAfters" source ="TestMethod.java" package ="org.junit.internal.runners" value ="1"/>
         <Value name="getBefores" source ="TestMethod.java" package ="org.junit.internal.runners" value ="1"/>
         <Value name="invoke" source ="TestMethod.java" package ="org.junit.internal.runners" value ="1"/>
         <Value name="isIgnored" source ="TestMethod.java" package ="org.junit.internal.runners" value ="1"/>
         <Value name="isUnexpected" source ="TestMethod.java" package ="org.junit.internal.runners" value ="1"/>
         <Value name="addDimension" source ="ArrayComparisonFailure.java" package ="org.junit.internal" value ="1"/>
         <Value name="AssumptionViolatedException" source ="AssumptionViolatedException.java" package ="org.junit.internal" value ="1"/>
         <Value name="getMessage" source ="AssumptionViolatedException.java" package ="org.junit.internal" value ="1"/>
         <Value name="isArray" source ="ComparisonCriteria.java" package ="org.junit.internal" value ="1"/>
         <Value name="assertElementsEqual" source ="ExactComparisonCriteria.java" package ="org.junit.internal" value ="1"/>
         <Value name="InexactComparisonCriteria" source ="InexactComparisonCriteria.java" package ="org.junit.internal" value ="1"/>
         <Value name="exit" source ="RealSystem.java" package ="org.junit.internal" value ="1"/>
         <Value name="out" source ="RealSystem.java" package ="org.junit.internal" value ="1"/>
         <Value name="TextListener" source ="TextListener.java" package ="org.junit.internal" value ="1"/>
         <Value name="TextListener" source ="TextListener.java" package ="org.junit.internal" value ="1"/>
         <Value name="elapsedTimeAsString" source ="TextListener.java" package ="org.junit.internal" value ="1"/>
         <Value name="getWriter" source ="TextListener.java" package ="org.junit.internal" value ="1"/>
         <Value name="testFailure" source ="TextListener.java" package ="org.junit.internal" value ="1"/>
         <Value name="testIgnored" source ="TextListener.java" package ="org.junit.internal" value ="1"/>
         <Value name="testStarted" source ="TextListener.java" package ="org.junit.internal" value ="1"/>
         <Value name="both" source ="JUnitMatchers.java" package ="org.junit.matchers" value ="1"/>
         <Value name="containsString" source ="JUnitMatchers.java" package ="org.junit.matchers" value ="1"/>
         <Value name="either" source ="JUnitMatchers.java" package ="org.junit.matchers" value ="1"/>
         <Value name="everyItem" source ="JUnitMatchers.java" package ="org.junit.matchers" value ="1"/>
         <Value name="hasItems" source ="JUnitMatchers.java" package ="org.junit.matchers" value ="1"/>
         <Value name="hasItems" source ="JUnitMatchers.java" package ="org.junit.matchers" value ="1"/>
         <Value name="hasItem" source ="JUnitMatchers.java" package ="org.junit.matchers" value ="1"/>
         <Value name="hasItem" source ="JUnitMatchers.java" package ="org.junit.matchers" value ="1"/>
         <Value name="addError" source ="ErrorCollector.java" package ="org.junit.rules" value ="1"/>
         <Value name="verify" source ="ErrorCollector.java" package ="org.junit.rules" value ="1"/>
         <Value name="ExpectedExceptionStatement" source ="ExpectedException.java" package ="org.junit.rules" value ="1"/>
         <Value name="apply" source ="ExpectedException.java" package ="org.junit.rules" value ="1"/>
         <Value name="none" source ="ExpectedException.java" package ="org.junit.rules" value ="1"/>
         <Value name="apply" source ="ExternalResource.java" package ="org.junit.rules" value ="1"/>
         <Value name="after" source ="TemporaryFolder.java" package ="org.junit.rules" value ="1"/>
         <Value name="before" source ="TemporaryFolder.java" package ="org.junit.rules" value ="1"/>
         <Value name="getRoot" source ="TemporaryFolder.java" package ="org.junit.rules" value ="1"/>
         <Value name="getMethodName" source ="TestName.java" package ="org.junit.rules" value ="1"/>
         <Value name="starting" source ="TestName.java" package ="org.junit.rules" value ="1"/>
         <Value name="Timeout" source ="Timeout.java" package ="org.junit.rules" value ="1"/>
         <Value name="apply" source ="Timeout.java" package ="org.junit.rules" value ="1"/>
         <Value name="compare" source ="Sorter.java" package ="org.junit.runner.manipulation" value ="1"/>
         <Value name="getDescription" source ="Failure.java" package ="org.junit.runner.notification" value ="1"/>
         <Value name="getException" source ="Failure.java" package ="org.junit.runner.notification" value ="1"/>
         <Value name="getMessage" source ="Failure.java" package ="org.junit.runner.notification" value ="1"/>
         <Value name="getTestHeader" source ="Failure.java" package ="org.junit.runner.notification" value ="1"/>
         <Value name="addFirstListener" source ="RunNotifier.java" package ="org.junit.runner.notification" value ="1"/>
         <Value name="addListener" source ="RunNotifier.java" package ="org.junit.runner.notification" value ="1"/>
         <Value name="pleaseStop" source ="RunNotifier.java" package ="org.junit.runner.notification" value ="1"/>
         <Value name="removeListener" source ="RunNotifier.java" package ="org.junit.runner.notification" value ="1"/>
         <Value name="FrameworkField" source ="FrameworkField.java" package ="org.junit.runners.model" value ="1"/>
         <Value name="getAnnotations" source ="FrameworkField.java" package ="org.junit.runners.model" value ="1"/>
         <Value name="getField" source ="FrameworkField.java" package ="org.junit.runners.model" value ="1"/>
         <Value name="getType" source ="FrameworkField.java" package ="org.junit.runners.model" value ="1"/>
         <Value name="isShadowedBy" source ="FrameworkField.java" package ="org.junit.runners.model" value ="1"/>
         <Value name="getAnnotations" source ="FrameworkMethod.java" package ="org.junit.runners.model" value ="1"/>
         <Value name="getMethod" source ="FrameworkMethod.java" package ="org.junit.runners.model" value ="1"/>
         <Value name="getName" source ="FrameworkMethod.java" package ="org.junit.runners.model" value ="1"/>
         <Value name="getParameterTypes" source ="FrameworkMethod.java" package ="org.junit.runners.model" value ="1"/>
         <Value name="hashCode" source ="FrameworkMethod.java" package ="org.junit.runners.model" value ="1"/>
         <Value name="InitializationError" source ="InitializationError.java" package ="org.junit.runners.model" value ="1"/>
         <Value name="getCauses" source ="InitializationError.java" package ="org.junit.runners.model" value ="1"/>
         <Value name="removeParent" source ="RunnerBuilder.java" package ="org.junit.runners.model" value ="1"/>
         <Value name="runners" source ="RunnerBuilder.java" package ="org.junit.runners.model" value ="1"/>
         <Value name="evaluate" source ="Statement.java" package ="org.junit.runners.model" value ="1"/>
         <Value name="getJavaClass" source ="TestClass.java" package ="org.junit.runners.model" value ="1"/>
         <Value name="AllTests" source ="AllTests.java" package ="org.junit.runners" value ="1"/>
         <Value name="createTest" source ="BlockJUnit4ClassRunner.java" package ="org.junit.runners" value ="1"/>
         <Value name="expectsException" source ="BlockJUnit4ClassRunner.java" package ="org.junit.runners" value ="1"/>
         <Value name="getChildren" source ="BlockJUnit4ClassRunner.java" package ="org.junit.runners" value ="1"/>
         <Value name="hasOneConstructor" source ="BlockJUnit4ClassRunner.java" package ="org.junit.runners" value ="1"/>
         <Value name="isMethodRule" source ="BlockJUnit4ClassRunner.java" package ="org.junit.runners" value ="1"/>
         <Value name="isTestRule" source ="BlockJUnit4ClassRunner.java" package ="org.junit.runners" value ="1"/>
         <Value name="possiblyExpectingExceptions" source ="BlockJUnit4ClassRunner.java" package ="org.junit.runners" value ="1"/>
         <Value name="runIgnored" source ="BlockJUnit4ClassRunner.java" package ="org.junit.runners" value ="1"/>
         <Value name="validateZeroArgConstructor" source ="BlockJUnit4ClassRunner.java" package ="org.junit.runners" value ="1"/>
         <Value name="withPotentialTimeout" source ="BlockJUnit4ClassRunner.java" package ="org.junit.runners" value ="1"/>
         <Value name="JUnit4" source ="JUnit4.java" package ="org.junit.runners" value ="1"/>
         <Value name="classBlock" source ="Parameterized.java" package ="org.junit.runners" value ="1"/>
         <Value name="getName" source ="Parameterized.java" package ="org.junit.runners" value ="1"/>
         <Value name="validateConstructor" source ="Parameterized.java" package ="org.junit.runners" value ="1"/>
         <Value name="getChildren" source ="Parameterized.java" package ="org.junit.runners" value ="1"/>
         <Value name="getName" source ="ParentRunner.java" package ="org.junit.runners" value ="1"/>
         <Value name="setScheduler" source ="ParentRunner.java" package ="org.junit.runners" value ="1"/>
         <Value name="shouldRun" source ="ParentRunner.java" package ="org.junit.runners" value ="1"/>
         <Value name="sortChild" source ="ParentRunner.java" package ="org.junit.runners" value ="1"/>
         <Value name="sort" source ="ParentRunner.java" package ="org.junit.runners" value ="1"/>
         <Value name="Suite" source ="Suite.java" package ="org.junit.runners" value ="1"/>
         <Value name="Suite" source ="Suite.java" package ="org.junit.runners" value ="1"/>
         <Value name="Suite" source ="Suite.java" package ="org.junit.runners" value ="1"/>
         <Value name="describeChild" source ="Suite.java" package ="org.junit.runners" value ="1"/>
         <Value name="getChildren" source ="Suite.java" package ="org.junit.runners" value ="1"/>
         <Value name="runChild" source ="Suite.java" package ="org.junit.runners" value ="1"/>
         <Value name="serial" source ="Computer.java" package ="org.junit.runner" value ="1"/>
         <Value name="addChild" source ="Description.java" package ="org.junit.runner" value ="1"/>
         <Value name="childlessCopy" source ="Description.java" package ="org.junit.runner" value ="1"/>
         <Value name="getAnnotations" source ="Description.java" package ="org.junit.runner" value ="1"/>
         <Value name="getChildren" source ="Description.java" package ="org.junit.runner" value ="1"/>
         <Value name="getDisplayName" source ="Description.java" package ="org.junit.runner" value ="1"/>
         <Value name="getMethodName" source ="Description.java" package ="org.junit.runner" value ="1"/>
         <Value name="hashCode" source ="Description.java" package ="org.junit.runner" value ="1"/>
         <Value name="isEmpty" source ="Description.java" package ="org.junit.runner" value ="1"/>
         <Value name="isSuite" source ="Description.java" package ="org.junit.runner" value ="1"/>
         <Value name="isTest" source ="Description.java" package ="org.junit.runner" value ="1"/>
         <Value name="methodStringMatcher" source ="Description.java" package ="org.junit.runner" value ="1"/>
         <Value name="toString" source ="Description.java" package ="org.junit.runner" value ="1"/>
         <Value name="JUnitCore" source ="JUnitCore.java" package ="org.junit.runner" value ="1"/>
         <Value name="addListener" source ="JUnitCore.java" package ="org.junit.runner" value ="1"/>
         <Value name="defaultComputer" source ="JUnitCore.java" package ="org.junit.runner" value ="1"/>
         <Value name="getVersion" source ="JUnitCore.java" package ="org.junit.runner" value ="1"/>
         <Value name="main" source ="JUnitCore.java" package ="org.junit.runner" value ="1"/>
         <Value name="removeListener" source ="JUnitCore.java" package ="org.junit.runner" value ="1"/>
         <Value name="aClass" source ="Request.java" package ="org.junit.runner" value ="1"/>
         <Value name="classWithoutSuiteMethod" source ="Request.java" package ="org.junit.runner" value ="1"/>
         <Value name="classes" source ="Request.java" package ="org.junit.runner" value ="1"/>
         <Value name="errorReport" source ="Request.java" package ="org.junit.runner" value ="1"/>
         <Value name="testFailure" source ="Result.java" package ="org.junit.runner" value ="1"/>
         <Value name="testFinished" source ="Result.java" package ="org.junit.runner" value ="1"/>
         <Value name="testIgnored" source ="Result.java" package ="org.junit.runner" value ="1"/>
         <Value name="testRunStarted" source ="Result.java" package ="org.junit.runner" value ="1"/>
         <Value name="createListener" source ="Result.java" package ="org.junit.runner" value ="1"/>
         <Value name="getFailureCount" source ="Result.java" package ="org.junit.runner" value ="1"/>
         <Value name="getIgnoreCount" source ="Result.java" package ="org.junit.runner" value ="1"/>
         <Value name="getRunCount" source ="Result.java" package ="org.junit.runner" value ="1"/>
         <Value name="getRunTime" source ="Result.java" package ="org.junit.runner" value ="1"/>
         <Value name="wasSuccessful" source ="Result.java" package ="org.junit.runner" value ="1"/>
         <Value name="testCount" source ="Runner.java" package ="org.junit.runner" value ="1"/>
         <Value name="assertEquals" source ="Assert.java" package ="org.junit" value ="1"/>
         <Value name="assertEquals" source ="Assert.java" package ="org.junit" value ="1"/>
         <Value name="fail" source ="Assert.java" package ="org.junit" value ="1"/>
         <Value name="failNotEquals" source ="Assert.java" package ="org.junit" value ="1"/>
         <Value name="isEquals" source ="Assert.java" package ="org.junit" value ="1"/>
         <Value name="assumeNotNull" source ="Assume.java" package ="org.junit" value ="1"/>
         <Value name="areStringsEqual" source ="ComparisonFailure.java" package ="org.junit" value ="1"/>
         <Value name="computeCommonPrefix" source ="ComparisonFailure.java" package ="org.junit" value ="1"/>
         <Value name="getActual" source ="ComparisonFailure.java" package ="org.junit" value ="1"/>
         <Value name="getExpected" source ="ComparisonFailure.java" package ="org.junit" value ="1"/>
         <Value name="getMessage" source ="ComparisonFailure.java" package ="org.junit" value ="1"/>
         <Value name="addMoneyBag" source ="Money.java" package ="junit.samples.money" value ="1"/>
         <Value name="add" source ="Money.java" package ="junit.samples.money" value ="1"/>
         <Value name="amount" source ="Money.java" package ="junit.samples.money" value ="1"/>
         <Value name="appendTo" source ="Money.java" package ="junit.samples.money" value ="1"/>
         <Value name="currency" source ="Money.java" package ="junit.samples.money" value ="1"/>
         <Value name="isZero" source ="Money.java" package ="junit.samples.money" value ="1"/>
         <Value name="multiply" source ="Money.java" package ="junit.samples.money" value ="1"/>
         <Value name="negate" source ="Money.java" package ="junit.samples.money" value ="1"/>
         <Value name="subtract" source ="Money.java" package ="junit.samples.money" value ="1"/>
         <Value name="addMoneyBag" source ="MoneyBag.java" package ="junit.samples.money" value ="1"/>
         <Value name="addMoney" source ="MoneyBag.java" package ="junit.samples.money" value ="1"/>
         <Value name="add" source ="MoneyBag.java" package ="junit.samples.money" value ="1"/>
         <Value name="appendTo" source ="MoneyBag.java" package ="junit.samples.money" value ="1"/>
         <Value name="isZero" source ="MoneyBag.java" package ="junit.samples.money" value ="1"/>
         <Value name="subtract" source ="MoneyBag.java" package ="junit.samples.money" value ="1"/>
         <Value name="main" source ="MoneyTest.java" package ="junit.samples.money" value ="1"/>
         <Value name="testPrint" source ="MoneyTest.java" package ="junit.samples.money" value ="1"/>
         <Value name="main" source ="AllTests.java" package ="junit.samples" value ="1"/>
         <Value name="main" source ="ListTest.java" package ="junit.samples" value ="1"/>
         <Value name="suite" source ="ListTest.java" package ="junit.samples" value ="1"/>
         <Value name="main" source ="SimpleTest.java" package ="junit.samples" value ="1"/>
         <Value name="suite" source ="SimpleTest.java" package ="junit.samples" value ="1"/>
         <Value name="main" source ="AllTests.java" package ="junit.tests.extensions" value ="1"/>
         <Value name="TornDown" source ="ExtensionTest.java" package ="junit.tests.extensions" value ="1"/>
         <Value name="tearDown" source ="ExtensionTest.java" package ="junit.tests.extensions" value ="1"/>
         <Value name="main" source ="AllTests.java" package ="junit.tests.framework" value ="1"/>
         <Value name="testAssertEqualsNull" source ="AssertTest.java" package ="junit.tests.framework" value ="1"/>
         <Value name="testAssertStringEquals" source ="AssertTest.java" package ="junit.tests.framework" value ="1"/>
         <Value name="testAssertNaNEqualsNaN" source ="DoublePrecisionAssertTest.java" package ="junit.tests.framework" value ="1"/>
         <Value name="testAssertNegInfinityEqualsInfinity" source ="DoublePrecisionAssertTest.java" package ="junit.tests.framework" value ="1"/>
         <Value name="testAssertPosInfinityEqualsInfinity" source ="DoublePrecisionAssertTest.java" package ="junit.tests.framework" value ="1"/>
         <Value name="runTest" source ="Failure.java" package ="junit.tests.framework" value ="1"/>
         <Value name="testAssertNaNEqualsNaN" source ="FloatAssertTest.java" package ="junit.tests.framework" value ="1"/>
         <Value name="testAssertNegInfinityEqualsInfinity" source ="FloatAssertTest.java" package ="junit.tests.framework" value ="1"/>
         <Value name="testAssertPosInfinityEqualsInfinity" source ="FloatAssertTest.java" package ="junit.tests.framework" value ="1"/>
         <Value name="testNotVoid" source ="NotVoidTestCase.java" package ="junit.tests.framework" value ="1"/>
         <Value name="SuiteTest" source ="SuiteTest.java" package ="junit.tests.framework" value ="1"/>
         <Value name="setUp" source ="SuiteTest.java" package ="junit.tests.framework" value ="1"/>
         <Value name="runTest" source ="TestCaseTest.java" package ="junit.tests.framework" value ="1"/>
         <Value name="tearDown" source ="TestCaseTest.java" package ="junit.tests.framework" value ="1"/>
         <Value name="testCaseToString" source ="TestCaseTest.java" package ="junit.tests.framework" value ="1"/>
         <Value name="DoubleTestCase" source ="TestImplementorTest.java" package ="junit.tests.framework" value ="1"/>
         <Value name="countTestCases" source ="TestImplementorTest.java" package ="junit.tests.framework" value ="1"/>
         <Value name="addError" source ="TestListenerTest.java" package ="junit.tests.framework" value ="1"/>
         <Value name="addFailure" source ="TestListenerTest.java" package ="junit.tests.framework" value ="1"/>
         <Value name="endTest" source ="TestListenerTest.java" package ="junit.tests.framework" value ="1"/>
         <Value name="startTest" source ="TestListenerTest.java" package ="junit.tests.framework" value ="1"/>
         <Value name="main" source ="AllTests.java" package ="junit.tests.runner" value ="1"/>
         <Value name="suite" source ="BaseTestRunnerTest.java" package ="junit.tests.runner" value ="1"/>
         <Value name="runFailed" source ="BaseTestRunnerTest.java" package ="junit.tests.runner" value ="1"/>
         <Value name="suite" source ="BaseTestRunnerTest.java" package ="junit.tests.runner" value ="1"/>
         <Value name="testFilter" source ="StackFilterTest.java" package ="junit.tests.runner" value ="1"/>
         <Value name="TestResultPrinter" source ="TextFeedbackTest.java" package ="junit.tests.runner" value ="1"/>
         <Value name="elapsedTimeAsString" source ="TextFeedbackTest.java" package ="junit.tests.runner" value ="1"/>
         <Value name="main" source ="TextFeedbackTest.java" package ="junit.tests.runner" value ="1"/>
         <Value name="testNotInvoked" source ="TextRunnerSingleMethodTest.java" package ="junit.tests.runner" value ="1"/>
         <Value name="testWasInvoked" source ="TextRunnerSingleMethodTest.java" package ="junit.tests.runner" value ="1"/>
         <Value name="testError" source ="TextRunnerTest.java" package ="junit.tests.runner" value ="1"/>
         <Value name="testFailure" source ="TextRunnerTest.java" package ="junit.tests.runner" value ="1"/>
         <Value name="testSuccess" source ="TextRunnerTest.java" package ="junit.tests.runner" value ="1"/>
         <Value name="main" source ="AllTests.java" package ="junit.tests" value ="1"/>
         <Value name="runTest" source ="WasRun.java" package ="junit.tests" value ="1"/>
         <Value name="suite" source ="MoneyTest.java" package ="org.junit.samples.money" value ="1"/>
         <Value name="testPrint" source ="MoneyTest.java" package ="org.junit.samples.money" value ="1"/>
         <Value name="main" source ="ListTest.java" package ="org.junit.samples" value ="1"/>
         <Value name="suite" source ="ListTest.java" package ="org.junit.samples" value ="1"/>
         <Value name="suite" source ="SimpleTest.java" package ="org.junit.samples" value ="1"/>
         <Value name="IntegerDoesNotEqualLong" source ="AssertionTest.java" package ="org.junit.tests.assertion" value ="1"/>
         <Value name="arraysElementsDiffer" source ="AssertionTest.java" package ="org.junit.tests.assertion" value ="1"/>
         <Value name="arraysNotEqual" source ="AssertionTest.java" package ="org.junit.tests.assertion" value ="1"/>
         <Value name="arraysNotEqualWithMessage" source ="AssertionTest.java" package ="org.junit.tests.assertion" value ="1"/>
         <Value name="bigDecimalsNotEqual" source ="AssertionTest.java" package ="org.junit.tests.assertion" value ="1"/>
         <Value name="booleansNotEqual" source ="AssertionTest.java" package ="org.junit.tests.assertion" value ="1"/>
         <Value name="bytesNotEqual" source ="AssertionTest.java" package ="org.junit.tests.assertion" value ="1"/>
         <Value name="charsNotEqual" source ="AssertionTest.java" package ="org.junit.tests.assertion" value ="1"/>
         <Value name="doublesNotEqual" source ="AssertionTest.java" package ="org.junit.tests.assertion" value ="1"/>
         <Value name="fails" source ="AssertionTest.java" package ="org.junit.tests.assertion" value ="1"/>
         <Value name="floatsNotEqual" source ="AssertionTest.java" package ="org.junit.tests.assertion" value ="1"/>
         <Value name="floatsNotEqualWithoutDelta" source ="AssertionTest.java" package ="org.junit.tests.assertion" value ="1"/>
         <Value name="intsEqualLongs" source ="AssertionTest.java" package ="org.junit.tests.assertion" value ="1"/>
         <Value name="intsNotEqual" source ="AssertionTest.java" package ="org.junit.tests.assertion" value ="1"/>
         <Value name="longsNotEqual" source ="AssertionTest.java" package ="org.junit.tests.assertion" value ="1"/>
         <Value name="multiDimensionalArraysAreEqual" source ="AssertionTest.java" package ="org.junit.tests.assertion" value ="1"/>
         <Value name="multiDimensionalArraysDeclaredAsOneDimensionalAreEqual" source ="AssertionTest.java" package ="org.junit.tests.assertion" value ="1"/>
         <Value name="notEqualsNullWithObject" source ="AssertionTest.java" package ="org.junit.tests.assertion" value ="1"/>
         <Value name="notEqualsObjectWithNull" source ="AssertionTest.java" package ="org.junit.tests.assertion" value ="1"/>
         <Value name="objectsNotEquals" source ="AssertionTest.java" package ="org.junit.tests.assertion" value ="1"/>
         <Value name="objectsNotSame" source ="AssertionTest.java" package ="org.junit.tests.assertion" value ="1"/>
         <Value name="oneDimensionalDoubleArraysAreNotEqual" source ="AssertionTest.java" package ="org.junit.tests.assertion" value ="1"/>
         <Value name="oneDimensionalFloatArraysAreNotEqual" source ="AssertionTest.java" package ="org.junit.tests.assertion" value ="1"/>
         <Value name="shortsNotEqual" source ="AssertionTest.java" package ="org.junit.tests.assertion" value ="1"/>
         <Value name="stringNullAndNullWorksToo" source ="AssertionTest.java" package ="org.junit.tests.assertion" value ="1"/>
         <Value name="stringsNotEqual" source ="AssertionTest.java" package ="org.junit.tests.assertion" value ="1"/>
         <Value name="bothPasses" source ="BothTest.java" package ="org.junit.tests.assertion" value ="1"/>
         <Value name="eitherPasses" source ="BothTest.java" package ="org.junit.tests.assertion" value ="1"/>
         <Value name="subclassesAreOkInSecondPositionOnly" source ="BothTest.java" package ="org.junit.tests.assertion" value ="1"/>
         <Value name="eachDescription" source ="EachTest.java" package ="org.junit.tests.assertion" value ="1"/>
         <Value name="failure" source ="JUnit4ClassRunnerTest.java" package ="org.junit.tests.deprecated" value ="1"/>
         <Value name="UnconstructableExample" source ="JUnit4ClassRunnerTest.java" package ="org.junit.tests.deprecated" value ="1"/>
         <Value name="failure" source ="JUnit4ClassRunnerTest.java" package ="org.junit.tests.deprecated" value ="1"/>
         <Value name="annotationsExistOnDescriptionsOfIgnoredClass" source ="AnnotatedDescriptionTest.java" package ="org.junit.tests.description" value ="1"/>
         <Value name="describe" source ="AnnotatedDescriptionTest.java" package ="org.junit.tests.description" value ="1"/>
         <Value name="equalsIsFalseForNonTestDescription" source ="TestDescriptionTest.java" package ="org.junit.tests.description" value ="1"/>
         <Value name="getParameters" source ="CategoriesAndParameterizedTest.java" package ="org.junit.tests.experimental.categories" value ="1"/>
         <Value name="testSomething" source ="CategoriesAndParameterizedTest.java" package ="org.junit.tests.experimental.categories" value ="1"/>
         <Value name="testSomething" source ="CategoriesAndParameterizedTest.java" package ="org.junit.tests.experimental.categories" value ="1"/>
         <Value name="getParameters" source ="CategoriesAndParameterizedTest.java" package ="org.junit.tests.experimental.categories" value ="1"/>
         <Value name="testSomething" source ="CategoriesAndParameterizedTest.java" package ="org.junit.tests.experimental.categories" value ="1"/>
         <Value name="a" source ="CategoryTest.java" package ="org.junit.tests.experimental.categories" value ="1"/>
         <Value name="d" source ="CategoryTest.java" package ="org.junit.tests.experimental.categories" value ="1"/>
         <Value name="both" source ="CategoryTest.java" package ="org.junit.tests.experimental.categories" value ="1"/>
         <Value name="bothReversed" source ="CategoryTest.java" package ="org.junit.tests.experimental.categories" value ="1"/>
         <Value name="classesCanBeCategories" source ="CategoryTest.java" package ="org.junit.tests.experimental.categories" value ="1"/>
         <Value name="runMethodWithTwoCategories" source ="CategoryTest.java" package ="org.junit.tests.experimental.categories" value ="1"/>
         <Value name="subclassesOfIncludedCategoriesAreRun" source ="CategoryTest.java" package ="org.junit.tests.experimental.categories" value ="1"/>
         <Value name="testCount" source ="CategoryTest.java" package ="org.junit.tests.experimental.categories" value ="1"/>
         <Value name="testCountOnJustA" source ="CategoryTest.java" package ="org.junit.tests.experimental.categories" value ="1"/>
         <Value name="createSuiteDescription_whenZeroLength" source ="DescriptionTest.java" package ="org.junit.tests.experimental.max" value ="1"/>
         <Value name="parseClass_whenCantParse" source ="DescriptionTest.java" package ="org.junit.tests.experimental.max" value ="1"/>
         <Value name="parseMethod_whenCantParse" source ="DescriptionTest.java" package ="org.junit.tests.experimental.max" value ="1"/>
         <Value name="testFails" source ="JUnit38SortingTest.java" package ="org.junit.tests.experimental.max" value ="1"/>
         <Value name="forgetMax" source ="JUnit38SortingTest.java" package ="org.junit.tests.experimental.max" value ="1"/>
         <Value name="dontSucceed" source ="MaxStarterTest.java" package ="org.junit.tests.experimental.max" value ="1"/>
         <Value name="fast" source ="MaxStarterTest.java" package ="org.junit.tests.experimental.max" value ="1"/>
         <Value name="forgetMax" source ="MaxStarterTest.java" package ="org.junit.tests.experimental.max" value ="1"/>
         <Value name="testCountsStandUpToFiltration" source ="MaxStarterTest.java" package ="org.junit.tests.experimental.max" value ="1"/>
         <Value name="one" source ="ParallelClassTest.java" package ="org.junit.tests.experimental.parallel" value ="1"/>
         <Value name="one" source ="ParallelClassTest.java" package ="org.junit.tests.experimental.parallel" value ="1"/>
         <Value name="one" source ="ParallelMethodTest.java" package ="org.junit.tests.experimental.parallel" value ="1"/>
         <Value name="two" source ="ParallelMethodTest.java" package ="org.junit.tests.experimental.parallel" value ="1"/>
         <Value name="before" source ="ClassRulesTest.java" package ="org.junit.tests.experimental.rules" value ="1"/>
         <Value name="firstTest" source ="ClassRulesTest.java" package ="org.junit.tests.experimental.rules" value ="1"/>
         <Value name="secondTest" source ="ClassRulesTest.java" package ="org.junit.tests.experimental.rules" value ="1"/>
         <Value name="firstTest" source ="ClassRulesTest.java" package ="org.junit.tests.experimental.rules" value ="1"/>
         <Value name="secondTest" source ="ClassRulesTest.java" package ="org.junit.tests.experimental.rules" value ="1"/>
         <Value name="doesntThrowAnything" source ="ExpectedExceptionRuleTest.java" package ="org.junit.tests.experimental.rules" value ="1"/>
         <Value name="doesntThrowNullPointerException" source ="ExpectedExceptionRuleTest.java" package ="org.junit.tests.experimental.rules" value ="1"/>
         <Value name="expectedExceptionPasses" source ="ExpectedExceptionRuleTest.java" package ="org.junit.tests.experimental.rules" value ="1"/>
         <Value name="passesWithSubstringMethod" source ="ExpectedExceptionRuleTest.java" package ="org.junit.tests.experimental.rules" value ="1"/>
         <Value name="succeedsWithMatcher" source ="ExpectedExceptionRuleTest.java" package ="org.junit.tests.experimental.rules" value ="1"/>
         <Value name="succeedsWithMessageMatcher" source ="ExpectedExceptionRuleTest.java" package ="org.junit.tests.experimental.rules" value ="1"/>
         <Value name="testFoo" source ="ExternalResourceRuleTest.java" package ="org.junit.tests.experimental.rules" value ="1"/>
         <Value name="after" source ="MethodRulesTest.java" package ="org.junit.tests.experimental.rules" value ="1"/>
         <Value name="before" source ="MethodRulesTest.java" package ="org.junit.tests.experimental.rules" value ="1"/>
         <Value name="succeeds" source ="MethodRulesTest.java" package ="org.junit.tests.experimental.rules" value ="1"/>
         <Value name="nothing" source ="MethodRulesTest.java" package ="org.junit.tests.experimental.rules" value ="1"/>
         <Value name="foo" source ="MethodRulesTest.java" package ="org.junit.tests.experimental.rules" value ="1"/>
         <Value name="fails" source ="MethodRulesTest.java" package ="org.junit.tests.experimental.rules" value ="1"/>
         <Value name="useCustomMethodRule" source ="MethodRulesTest.java" package ="org.junit.tests.experimental.rules" value ="1"/>
         <Value name="setUp" source ="NameRulesTest.java" package ="org.junit.tests.experimental.rules" value ="1"/>
         <Value name="tearDown" source ="NameRulesTest.java" package ="org.junit.tests.experimental.rules" value ="1"/>
         <Value name="x" source ="NameRulesTest.java" package ="org.junit.tests.experimental.rules" value ="1"/>
         <Value name="testA" source ="NameRulesTest.java" package ="org.junit.tests.experimental.rules" value ="1"/>
         <Value name="testB" source ="NameRulesTest.java" package ="org.junit.tests.experimental.rules" value ="1"/>
         <Value name="after" source ="TestRuleTest.java" package ="org.junit.tests.experimental.rules" value ="1"/>
         <Value name="before" source ="TestRuleTest.java" package ="org.junit.tests.experimental.rules" value ="1"/>
         <Value name="succeeds" source ="TestRuleTest.java" package ="org.junit.tests.experimental.rules" value ="1"/>
         <Value name="nothing" source ="TestRuleTest.java" package ="org.junit.tests.experimental.rules" value ="1"/>
         <Value name="onlyOnce" source ="TestRuleTest.java" package ="org.junit.tests.experimental.rules" value ="1"/>
         <Value name="foo" source ="TestRuleTest.java" package ="org.junit.tests.experimental.rules" value ="1"/>
         <Value name="fails" source ="TestRuleTest.java" package ="org.junit.tests.experimental.rules" value ="1"/>
         <Value name="onlyApplyOnceEvenIfImplementsBothInterfaces" source ="TestRuleTest.java" package ="org.junit.tests.experimental.rules" value ="1"/>
         <Value name="useCustomMethodRule" source ="TestRuleTest.java" package ="org.junit.tests.experimental.rules" value ="1"/>
         <Value name="example" source ="VerifierRuleTest.java" package ="org.junit.tests.experimental.rules" value ="1"/>
         <Value name="example" source ="VerifierRuleTest.java" package ="org.junit.tests.experimental.rules" value ="1"/>
         <Value name="usedErrorCollectorShouldFail" source ="VerifierRuleTest.java" package ="org.junit.tests.experimental.rules" value ="1"/>
         <Value name="verifierRunsAfterTest" source ="VerifierRuleTest.java" package ="org.junit.tests.experimental.rules" value ="1"/>
         <Value name="GuessMap" source ="Guesser.java" package ="org.junit.tests.experimental.theories.extendingwithstubs" value ="1"/>
         <Value name="invoke" source ="Guesser.java" package ="org.junit.tests.experimental.theories.extendingwithstubs" value ="1"/>
         <Value name="Guesser" source ="Guesser.java" package ="org.junit.tests.experimental.theories.extendingwithstubs" value ="1"/>
         <Value name="getDescription" source ="Guesser.java" package ="org.junit.tests.experimental.theories.extendingwithstubs" value ="1"/>
         <Value name="getType" source ="Guesser.java" package ="org.junit.tests.experimental.theories.extendingwithstubs" value ="1"/>
         <Value name="getValue" source ="Guesser.java" package ="org.junit.tests.experimental.theories.extendingwithstubs" value ="1"/>
         <Value name="ReguessableDecorator" source ="GuesserQueue.java" package ="org.junit.tests.experimental.theories.extendingwithstubs" value ="1"/>
         <Value name="getDescription" source ="GuesserQueue.java" package ="org.junit.tests.experimental.theories.extendingwithstubs" value ="1"/>
         <Value name="getValue" source ="GuesserQueue.java" package ="org.junit.tests.experimental.theories.extendingwithstubs" value ="1"/>
         <Value name="reguesses" source ="GuesserQueue.java" package ="org.junit.tests.experimental.theories.extendingwithstubs" value ="1"/>
         <Value name="getReturnType" source ="MethodCall.java" package ="org.junit.tests.experimental.theories.extendingwithstubs" value ="1"/>
         <Value name="hashCode" source ="MethodCall.java" package ="org.junit.tests.experimental.theories.extendingwithstubs" value ="1"/>
         <Value name="stringableObject" source ="MethodCall.java" package ="org.junit.tests.experimental.theories.extendingwithstubs" value ="1"/>
         <Value name="toString" source ="MethodCall.java" package ="org.junit.tests.experimental.theories.extendingwithstubs" value ="1"/>
         <Value name="ReguessableValue" source ="ReguessableValue.java" package ="org.junit.tests.experimental.theories.extendingwithstubs" value ="1"/>
         <Value name="StringableObject" source ="StringableObject.java" package ="org.junit.tests.experimental.theories.extendingwithstubs" value ="1"/>
         <Value name="toString" source ="StringableObject.java" package ="org.junit.tests.experimental.theories.extendingwithstubs" value ="1"/>
         <Value name="StubbedTheoryAnchor" source ="StubbedTheories.java" package ="org.junit.tests.experimental.theories.extendingwithstubs" value ="1"/>
         <Value name="StubbedTheories" source ="StubbedTheories.java" package ="org.junit.tests.experimental.theories.extendingwithstubs" value ="1"/>
         <Value name="methodBlock" source ="StubbedTheories.java" package ="org.junit.tests.experimental.theories.extendingwithstubs" value ="1"/>
         <Value name="calledTwice" source ="SuccessfulWithDataPointFields.java" package ="org.junit.tests.experimental.theories.runner" value ="1"/>
         <Value name="incrementBefore" source ="SuccessfulWithDataPointFields.java" package ="org.junit.tests.experimental.theories.runner" value ="1"/>
         <Value name="resetCalls" source ="SuccessfulWithDataPointFields.java" package ="org.junit.tests.experimental.theories.runner" value ="1"/>
         <Value name="incrementBefore" source ="SuccessfulWithDataPointFields.java" package ="org.junit.tests.experimental.theories.runner" value ="1"/>
         <Value name="stringsAreOK" source ="SuccessfulWithDataPointFields.java" package ="org.junit.tests.experimental.theories.runner" value ="1"/>
         <Value name="allIntsAreEqual" source ="SuccessfulWithDataPointFields.java" package ="org.junit.tests.experimental.theories.runner" value ="1"/>
         <Value name="calledTwice" source ="SuccessfulWithDataPointFields.java" package ="org.junit.tests.experimental.theories.runner" value ="1"/>
         <Value name="resetCalls" source ="SuccessfulWithDataPointFields.java" package ="org.junit.tests.experimental.theories.runner" value ="1"/>
         <Value name="stringsAreOK" source ="SuccessfulWithDataPointFields.java" package ="org.junit.tests.experimental.theories.runner" value ="1"/>
         <Value name="haveAPostiveSquare" source ="SuccessfulWithDataPointFields.java" package ="org.junit.tests.experimental.theories.runner" value ="1"/>
         <Value name="haveAPostiveSquare" source ="SuccessfulWithDataPointFields.java" package ="org.junit.tests.experimental.theories.runner" value ="1"/>
         <Value name="onlyAnnotatedFields" source ="SuccessfulWithDataPointFields.java" package ="org.junit.tests.experimental.theories.runner" value ="1"/>
         <Value name="everythingIsZero" source ="UnsuccessfulWithDataPointFields.java" package ="org.junit.tests.experimental.theories.runner" value ="1"/>
         <Value name="everythingIsZero" source ="UnsuccessfulWithDataPointFields.java" package ="org.junit.tests.experimental.theories.runner" value ="1"/>
         <Value name="everythingIsA" source ="UnsuccessfulWithDataPointFields.java" package ="org.junit.tests.experimental.theories.runner" value ="1"/>
         <Value name="nonZeroIntsAreFun" source ="WhenNoParametersMatch.java" package ="org.junit.tests.experimental.theories.runner" value ="1"/>
         <Value name="empty" source ="WithDataPointMethod.java" package ="org.junit.tests.experimental.theories.runner" value ="1"/>
         <Value name="oneHundred" source ="WithDataPointMethod.java" package ="org.junit.tests.experimental.theories.runner" value ="1"/>
         <Value name="notADataPoint" source ="WithDataPointMethod.java" package ="org.junit.tests.experimental.theories.runner" value ="1"/>
         <Value name="oneHundred" source ="WithDataPointMethod.java" package ="org.junit.tests.experimental.theories.runner" value ="1"/>
         <Value name="oneHundred" source ="WithDataPointMethod.java" package ="org.junit.tests.experimental.theories.runner" value ="1"/>
         <Value name="oneUglyHundred" source ="WithDataPointMethod.java" package ="org.junit.tests.experimental.theories.runner" value ="1"/>
         <Value name="failures" source ="WithDataPointMethod.java" package ="org.junit.tests.experimental.theories.runner" value ="1"/>
         <Value name="ignoreExceptionsFromDataPointMethods" source ="WithDataPointMethod.java" package ="org.junit.tests.experimental.theories.runner" value ="1"/>
         <Value name="mutableObjectsAreCreatedAfresh" source ="WithDataPointMethod.java" package ="org.junit.tests.experimental.theories.runner" value ="1"/>
         <Value name="pickUpDataPointMethods" source ="WithDataPointMethod.java" package ="org.junit.tests.experimental.theories.runner" value ="1"/>
         <Value name="STRINGS" source ="WithExtendedParameterSources.java" package ="org.junit.tests.experimental.theories.runner" value ="1"/>
         <Value name="addToLog" source ="WithExtendedParameterSources.java" package ="org.junit.tests.experimental.theories.runner" value ="1"/>
         <Value name="addToLog" source ="WithExtendedParameterSources.java" package ="org.junit.tests.experimental.theories.runner" value ="1"/>
         <Value name="addToLog" source ="WithExtendedParameterSources.java" package ="org.junit.tests.experimental.theories.runner" value ="1"/>
         <Value name="INTS" source ="WithExtendedParameterSources.java" package ="org.junit.tests.experimental.theories.runner" value ="1"/>
         <Value name="STRING" source ="WithExtendedParameterSources.java" package ="org.junit.tests.experimental.theories.runner" value ="1"/>
         <Value name="STRINGS" source ="WithExtendedParameterSources.java" package ="org.junit.tests.experimental.theories.runner" value ="1"/>
         <Value name="addToLog" source ="WithExtendedParameterSources.java" package ="org.junit.tests.experimental.theories.runner" value ="1"/>
         <Value name="allStringsAreNonNull" source ="WithExtendedParameterSources.java" package ="org.junit.tests.experimental.theories.runner" value ="1"/>
         <Value name="shouldFilterNull" source ="WithExtendedParameterSources.java" package ="org.junit.tests.experimental.theories.runner" value ="1"/>
         <Value name="shouldThrow" source ="WithOnlyTestAnnotations.java" package ="org.junit.tests.experimental.theories.runner" value ="1"/>
         <Value name="honorExpected" source ="WithOnlyTestAnnotations.java" package ="org.junit.tests.experimental.theories.runner" value ="1"/>
         <Value name="honorExpectedPassing" source ="WithOnlyTestAnnotations.java" package ="org.junit.tests.experimental.theories.runner" value ="1"/>
         <Value name="honorTimeout" source ="WithOnlyTestAnnotations.java" package ="org.junit.tests.experimental.theories.runner" value ="1"/>
         <Value name="AssumptionFailureInConstructor" source ="AssumptionTest.java" package ="org.junit.tests.experimental" value ="1"/>
         <Value name="shouldFail" source ="AssumptionTest.java" package ="org.junit.tests.experimental" value ="1"/>
         <Value name="checkForSomethingThatIsntThere" source ="AssumptionTest.java" package ="org.junit.tests.experimental" value ="1"/>
         <Value name="failing" source ="AssumptionTest.java" package ="org.junit.tests.experimental" value ="1"/>
         <Value name="checkForSomethingThatIsntThere" source ="AssumptionTest.java" package ="org.junit.tests.experimental" value ="1"/>
         <Value name="failing" source ="AssumptionTest.java" package ="org.junit.tests.experimental" value ="1"/>
         <Value name="assumeThatWorks" source ="AssumptionTest.java" package ="org.junit.tests.experimental" value ="1"/>
         <Value name="assumeTrueWorks" source ="AssumptionTest.java" package ="org.junit.tests.experimental" value ="1"/>
         <Value name="assumeWithExpectedException" source ="AssumptionTest.java" package ="org.junit.tests.experimental" value ="1"/>
         <Value name="failingAssumptionInBeforeClassIgnoresClass" source ="AssumptionTest.java" package ="org.junit.tests.experimental" value ="1"/>
         <Value name="failingAssumptionInBeforePreventsTestRun" source ="AssumptionTest.java" package ="org.junit.tests.experimental" value ="1"/>
         <Value name="failingAssumptionInConstructorIgnoresClass" source ="AssumptionTest.java" package ="org.junit.tests.experimental" value ="1"/>
         <Value name="failure" source ="MatcherTest.java" package ="org.junit.tests.experimental" value ="1"/>
         <Value name="suite" source ="AllTestsTest.java" package ="org.junit.tests.junit3compatibility" value ="1"/>
         <Value name="testSomething" source ="AllTestsTest.java" package ="org.junit.tests.junit3compatibility" value ="1"/>
         <Value name="testSomething" source ="AllTestsTest.java" package ="org.junit.tests.junit3compatibility" value ="1"/>
         <Value name="exceptionThrownWhenSuiteIsBad" source ="AllTestsTest.java" package ="org.junit.tests.junit3compatibility" value ="1"/>
         <Value name="suite" source ="ClassRequestTest.java" package ="org.junit.tests.junit3compatibility" value ="1"/>
         <Value name="error" source ="ForwardCompatibilityPrintingTest.java" package ="org.junit.tests.junit3compatibility" value ="1"/>
         <Value name="TestResultPrinter" source ="ForwardCompatibilityPrintingTest.java" package ="org.junit.tests.junit3compatibility" value ="1"/>
         <Value name="elapsedTimeAsString" source ="ForwardCompatibilityPrintingTest.java" package ="org.junit.tests.junit3compatibility" value ="1"/>
         <Value name="after" source ="ForwardCompatibilityTest.java" package ="org.junit.tests.junit3compatibility" value ="1"/>
         <Value name="afterClass" source ="ForwardCompatibilityTest.java" package ="org.junit.tests.junit3compatibility" value ="1"/>
         <Value name="before" source ="ForwardCompatibilityTest.java" package ="org.junit.tests.junit3compatibility" value ="1"/>
         <Value name="beforeClass" source ="ForwardCompatibilityTest.java" package ="org.junit.tests.junit3compatibility" value ="1"/>
         <Value name="one" source ="ForwardCompatibilityTest.java" package ="org.junit.tests.junit3compatibility" value ="1"/>
         <Value name="two" source ="ForwardCompatibilityTest.java" package ="org.junit.tests.junit3compatibility" value ="1"/>
         <Value name="error" source ="ForwardCompatibilityTest.java" package ="org.junit.tests.junit3compatibility" value ="1"/>
         <Value name="error" source ="ForwardCompatibilityTest.java" package ="org.junit.tests.junit3compatibility" value ="1"/>
         <Value name="expected" source ="ForwardCompatibilityTest.java" package ="org.junit.tests.junit3compatibility" value ="1"/>
         <Value name="getDescription" source ="ForwardCompatibilityTest.java" package ="org.junit.tests.junit3compatibility" value ="1"/>
         <Value name="run" source ="ForwardCompatibilityTest.java" package ="org.junit.tests.junit3compatibility" value ="1"/>
         <Value name="testCount" source ="ForwardCompatibilityTest.java" package ="org.junit.tests.junit3compatibility" value ="1"/>
         <Value name="after" source ="ForwardCompatibilityTest.java" package ="org.junit.tests.junit3compatibility" value ="1"/>
         <Value name="before" source ="ForwardCompatibilityTest.java" package ="org.junit.tests.junit3compatibility" value ="1"/>
         <Value name="test" source ="ForwardCompatibilityTest.java" package ="org.junit.tests.junit3compatibility" value ="1"/>
         <Value name="expected" source ="ForwardCompatibilityTest.java" package ="org.junit.tests.junit3compatibility" value ="1"/>
         <Value name="CantInitialize" source ="InitializationErrorForwardCompatibilityTest.java" package ="org.junit.tests.junit3compatibility" value ="1"/>
         <Value name="getDescription" source ="InitializationErrorForwardCompatibilityTest.java" package ="org.junit.tests.junit3compatibility" value ="1"/>
         <Value name="addError" source ="InitializationErrorForwardCompatibilityTest.java" package ="org.junit.tests.junit3compatibility" value ="1"/>
         <Value name="getError" source ="InitializationErrorForwardCompatibilityTest.java" package ="org.junit.tests.junit3compatibility" value ="1"/>
         <Value name="initializationErrorsShowUpAsWarnings" source ="InitializationErrorForwardCompatibilityTest.java" package ="org.junit.tests.junit3compatibility" value ="1"/>
         <Value name="foo" source ="JUnit38ClassRunnerTest.java" package ="org.junit.tests.junit3compatibility" value ="1"/>
         <Value name="suite" source ="OldTests.java" package ="org.junit.tests.junit3compatibility" value ="1"/>
         <Value name="suite" source ="SuiteMethodTest.java" package ="org.junit.tests.junit3compatibility" value ="1"/>
         <Value name="sample" source ="SuiteMethodTest.java" package ="org.junit.tests.junit3compatibility" value ="1"/>
         <Value name="ignore" source ="SuiteMethodTest.java" package ="org.junit.tests.junit3compatibility" value ="1"/>
         <Value name="sample" source ="SuiteMethodTest.java" package ="org.junit.tests.junit3compatibility" value ="1"/>
         <Value name="suite" source ="SuiteMethodTest.java" package ="org.junit.tests.junit3compatibility" value ="1"/>
         <Value name="sample" source ="SuiteMethodTest.java" package ="org.junit.tests.junit3compatibility" value ="1"/>
         <Value name="suite" source ="SuiteMethodTest.java" package ="org.junit.tests.junit3compatibility" value ="1"/>
         <Value name="OldTest" source ="SuiteMethodTest.java" package ="org.junit.tests.junit3compatibility" value ="1"/>
         <Value name="notObviouslyATest" source ="SuiteMethodTest.java" package ="org.junit.tests.junit3compatibility" value ="1"/>
         <Value name="testRunStarted" source ="RunnerTest.java" package ="org.junit.tests.listening" value ="1"/>
         <Value name="testRunStarted" source ="TestListenerTest.java" package ="org.junit.tests.listening" value ="1"/>
         <Value name="error" source ="TextListenerTest.java" package ="org.junit.tests.listening" value ="1"/>
         <Value name="pause" source ="TextListenerTest.java" package ="org.junit.tests.listening" value ="1"/>
         <Value name="stopClassRunner" source ="UserStopTest.java" package ="org.junit.tests.listening" value ="1"/>
         <Value name="userStop" source ="UserStopTest.java" package ="org.junit.tests.listening" value ="1"/>
         <Value name="parameters" source ="FilterableTest.java" package ="org.junit.tests.manipulation" value ="1"/>
         <Value name="skipThis" source ="FilterableTest.java" package ="org.junit.tests.manipulation" value ="1"/>
         <Value name="suite" source ="SingleMethodTest.java" package ="org.junit.tests.manipulation" value ="1"/>
         <Value name="once" source ="SingleMethodTest.java" package ="org.junit.tests.manipulation" value ="1"/>
         <Value name="once" source ="SingleMethodTest.java" package ="org.junit.tests.manipulation" value ="1"/>
         <Value name="params" source ="SingleMethodTest.java" package ="org.junit.tests.manipulation" value ="1"/>
         <Value name="params" source ="SingleMethodTest.java" package ="org.junit.tests.manipulation" value ="1"/>
         <Value name="resetLog" source ="SortableTest.java" package ="org.junit.tests.manipulation" value ="1"/>
         <Value name="resetLog" source ="SortableTest.java" package ="org.junit.tests.manipulation" value ="1"/>
         <Value name="iFail" source ="IgnoreClassTest.java" package ="org.junit.tests.running.classes" value ="1"/>
         <Value name="iFailToo" source ="IgnoreClassTest.java" package ="org.junit.tests.running.classes" value ="1"/>
         <Value name="after" source ="ParameterizedTestTest.java" package ="org.junit.tests.running.classes" value ="1"/>
         <Value name="before" source ="ParameterizedTestTest.java" package ="org.junit.tests.running.classes" value ="1"/>
         <Value name="data" source ="ParameterizedTestTest.java" package ="org.junit.tests.running.classes" value ="1"/>
         <Value name="after" source ="ParameterizedTestTest.java" package ="org.junit.tests.running.classes" value ="1"/>
         <Value name="before" source ="ParameterizedTestTest.java" package ="org.junit.tests.running.classes" value ="1"/>
         <Value name="fib" source ="ParameterizedTestTest.java" package ="org.junit.tests.running.classes" value ="1"/>
         <Value name="test" source ="ParameterizedTestTest.java" package ="org.junit.tests.running.classes" value ="1"/>
         <Value name="data" source ="ParameterizedTestTest.java" package ="org.junit.tests.running.classes" value ="1"/>
         <Value name="test" source ="ParameterizedTestTest.java" package ="org.junit.tests.running.classes" value ="1"/>
         <Value name="data" source ="ParameterizedTestTest.java" package ="org.junit.tests.running.classes" value ="1"/>
         <Value name="data" source ="ParameterizedTestTest.java" package ="org.junit.tests.running.classes" value ="1"/>
         <Value name="data" source ="ParameterizedTestTest.java" package ="org.junit.tests.running.classes" value ="1"/>
         <Value name="exceptionWhenPrivateConstructor" source ="ParameterizedTestTest.java" package ="org.junit.tests.running.classes" value ="1"/>
         <Value name="getDescription" source ="RunWithTest.java" package ="org.junit.tests.running.classes" value ="1"/>
         <Value name="ExampleRunner" source ="RunWithTest.java" package ="org.junit.tests.running.classes" value ="1"/>
         <Value name="run" source ="RunWithTest.java" package ="org.junit.tests.running.classes" value ="1"/>
         <Value name="after" source ="SuiteTest.java" package ="org.junit.tests.running.classes" value ="1"/>
         <Value name="before" source ="SuiteTest.java" package ="org.junit.tests.running.classes" value ="1"/>
         <Value name="fail" source ="SuiteTest.java" package ="org.junit.tests.running.classes" value ="1"/>
         <Value name="suiteShouldComplainAboutNoSuiteClassesAnnotation" source ="SuiteTest.java" package ="org.junit.tests.running.classes" value ="1"/>
         <Value name="complainIfMultipleConstructors" source ="TestClassTest.java" package ="org.junit.tests.running.classes" value ="1"/>
         <Value name="MySuite" source ="UseSuiteAsASuperclassTest.java" package ="org.junit.tests.running.classes" value ="1"/>
         <Value name="dontPass" source ="UseSuiteAsASuperclassTest.java" package ="org.junit.tests.running.classes" value ="1"/>
         <Value name="increment" source ="CommandLineTest.java" package ="org.junit.tests.running.core" value ="1"/>
         <Value name="test" source ="CommandLineTest.java" package ="org.junit.tests.running.core" value ="1"/>
         <Value name="after" source ="CommandLineTest.java" package ="org.junit.tests.running.core" value ="1"/>
         <Value name="kaboom" source ="JUnitCoreReturnsCorrectExitCodeTest.java" package ="org.junit.tests.running.core" value ="1"/>
         <Value name="failureCausesExitCodeOf1" source ="JUnitCoreReturnsCorrectExitCodeTest.java" package ="org.junit.tests.running.core" value ="1"/>
         <Value name="missingClassCausesExitCodeOf1" source ="JUnitCoreReturnsCorrectExitCodeTest.java" package ="org.junit.tests.running.core" value ="1"/>
         <Value name="successCausesExitCodeOf0" source ="JUnitCoreReturnsCorrectExitCodeTest.java" package ="org.junit.tests.running.core" value ="1"/>
         <Value name="main" source ="SystemExitTest.java" package ="org.junit.tests.running.core" value ="1"/>
         <Value name="after" source ="AnnotationTest.java" package ="org.junit.tests.running.methods" value ="1"/>
         <Value name="test" source ="AnnotationTest.java" package ="org.junit.tests.running.methods" value ="1"/>
         <Value name="before" source ="AnnotationTest.java" package ="org.junit.tests.running.methods" value ="1"/>
         <Value name="test" source ="AnnotationTest.java" package ="org.junit.tests.running.methods" value ="1"/>
         <Value name="expectedException" source ="AnnotationTest.java" package ="org.junit.tests.running.methods" value ="1"/>
         <Value name="error" source ="AnnotationTest.java" package ="org.junit.tests.running.methods" value ="1"/>
         <Value name="testOne" source ="AnnotationTest.java" package ="org.junit.tests.running.methods" value ="1"/>
         <Value name="test" source ="AnnotationTest.java" package ="org.junit.tests.running.methods" value ="1"/>
         <Value name="once" source ="AnnotationTest.java" package ="org.junit.tests.running.methods" value ="1"/>
         <Value name="once" source ="AnnotationTest.java" package ="org.junit.tests.running.methods" value ="1"/>
         <Value name="after" source ="AnnotationTest.java" package ="org.junit.tests.running.methods" value ="1"/>
         <Value name="before" source ="AnnotationTest.java" package ="org.junit.tests.running.methods" value ="1"/>
         <Value name="onceAfter" source ="AnnotationTest.java" package ="org.junit.tests.running.methods" value ="1"/>
         <Value name="onceBefore" source ="AnnotationTest.java" package ="org.junit.tests.running.methods" value ="1"/>
         <Value name="test" source ="AnnotationTest.java" package ="org.junit.tests.running.methods" value ="1"/>
         <Value name="bad" source ="AnnotationTest.java" package ="org.junit.tests.running.methods" value ="1"/>
         <Value name="one" source ="AnnotationTest.java" package ="org.junit.tests.running.methods" value ="1"/>
         <Value name="two" source ="AnnotationTest.java" package ="org.junit.tests.running.methods" value ="1"/>
         <Value name="bad" source ="AnnotationTest.java" package ="org.junit.tests.running.methods" value ="1"/>
         <Value name="one" source ="AnnotationTest.java" package ="org.junit.tests.running.methods" value ="1"/>
         <Value name="two" source ="AnnotationTest.java" package ="org.junit.tests.running.methods" value ="1"/>
         <Value name="before" source ="AnnotationTest.java" package ="org.junit.tests.running.methods" value ="1"/>
         <Value name="test" source ="AnnotationTest.java" package ="org.junit.tests.running.methods" value ="1"/>
         <Value name="before" source ="AnnotationTest.java" package ="org.junit.tests.running.methods" value ="1"/>
         <Value name="success" source ="AnnotationTest.java" package ="org.junit.tests.running.methods" value ="1"/>
         <Value name="success" source ="AnnotationTest.java" package ="org.junit.tests.running.methods" value ="1"/>
         <Value name="afterClassSub" source ="AnnotationTest.java" package ="org.junit.tests.running.methods" value ="1"/>
         <Value name="afterSub" source ="AnnotationTest.java" package ="org.junit.tests.running.methods" value ="1"/>
         <Value name="beforeClassSub" source ="AnnotationTest.java" package ="org.junit.tests.running.methods" value ="1"/>
         <Value name="beforeSub" source ="AnnotationTest.java" package ="org.junit.tests.running.methods" value ="1"/>
         <Value name="test" source ="AnnotationTest.java" package ="org.junit.tests.running.methods" value ="1"/>
         <Value name="after" source ="AnnotationTest.java" package ="org.junit.tests.running.methods" value ="1"/>
         <Value name="before" source ="AnnotationTest.java" package ="org.junit.tests.running.methods" value ="1"/>
         <Value name="test" source ="AnnotationTest.java" package ="org.junit.tests.running.methods" value ="1"/>
         <Value name="one" source ="AnnotationTest.java" package ="org.junit.tests.running.methods" value ="1"/>
         <Value name="afterClassSuper" source ="AnnotationTest.java" package ="org.junit.tests.running.methods" value ="1"/>
         <Value name="afterSuper" source ="AnnotationTest.java" package ="org.junit.tests.running.methods" value ="1"/>
         <Value name="beforeClassSuper" source ="AnnotationTest.java" package ="org.junit.tests.running.methods" value ="1"/>
         <Value name="beforeSuper" source ="AnnotationTest.java" package ="org.junit.tests.running.methods" value ="1"/>
         <Value name="after" source ="AnnotationTest.java" package ="org.junit.tests.running.methods" value ="1"/>
         <Value name="before" source ="AnnotationTest.java" package ="org.junit.tests.running.methods" value ="1"/>
         <Value name="one" source ="AnnotationTest.java" package ="org.junit.tests.running.methods" value ="1"/>
         <Value name="two" source ="AnnotationTest.java" package ="org.junit.tests.running.methods" value ="1"/>
         <Value name="after" source ="AnnotationTest.java" package ="org.junit.tests.running.methods" value ="1"/>
         <Value name="test" source ="AnnotationTest.java" package ="org.junit.tests.running.methods" value ="1"/>
         <Value name="after" source ="AnnotationTest.java" package ="org.junit.tests.running.methods" value ="1"/>
         <Value name="after" source ="AnnotationTest.java" package ="org.junit.tests.running.methods" value ="1"/>
         <Value name="after" source ="AnnotationTest.java" package ="org.junit.tests.running.methods" value ="1"/>
         <Value name="test" source ="AnnotationTest.java" package ="org.junit.tests.running.methods" value ="1"/>
         <Value name="setUp" source ="AnnotationTest.java" package ="org.junit.tests.running.methods" value ="1"/>
         <Value name="throwsSubclass" source ="ExpectedTest.java" package ="org.junit.tests.running.methods" value ="1"/>
         <Value name="expected" source ="ExpectedTest.java" package ="org.junit.tests.running.methods" value ="1"/>
         <Value name="expected" source ="ExpectedTest.java" package ="org.junit.tests.running.methods" value ="1"/>
         <Value name="expectsSuperclass" source ="ExpectedTest.java" package ="org.junit.tests.running.methods" value ="1"/>
         <Value name="gack" source ="InheritedTestTest.java" package ="org.junit.tests.running.methods" value ="1"/>
         <Value name="subclassWithInheritedTestAndOwnBeforeRunsBefore" source ="InheritedTestTest.java" package ="org.junit.tests.running.methods" value ="1"/>
         <Value name="nonVoidA" source ="ParameterizedTestMethodTest.java" package ="org.junit.tests.running.methods" value ="1"/>
         <Value name="nonVoidAC" source ="ParameterizedTestMethodTest.java" package ="org.junit.tests.running.methods" value ="1"/>
         <Value name="nonVoidB" source ="ParameterizedTestMethodTest.java" package ="org.junit.tests.running.methods" value ="1"/>
         <Value name="nonVoidBC" source ="ParameterizedTestMethodTest.java" package ="org.junit.tests.running.methods" value ="1"/>
         <Value name="nonVoidT" source ="ParameterizedTestMethodTest.java" package ="org.junit.tests.running.methods" value ="1"/>
         <Value name="suite" source ="ParameterizedTestMethodTest.java" package ="org.junit.tests.running.methods" value ="1"/>
         <Value name="nonVoidA" source ="TestMethodTest.java" package ="org.junit.tests.running.methods" value ="1"/>
         <Value name="nonVoidAC" source ="TestMethodTest.java" package ="org.junit.tests.running.methods" value ="1"/>
         <Value name="nonVoidB" source ="TestMethodTest.java" package ="org.junit.tests.running.methods" value ="1"/>
         <Value name="nonVoidBC" source ="TestMethodTest.java" package ="org.junit.tests.running.methods" value ="1"/>
         <Value name="nonVoidT" source ="TestMethodTest.java" package ="org.junit.tests.running.methods" value ="1"/>
         <Value name="constructorParameter" source ="TestMethodTest.java" package ="org.junit.tests.running.methods" value ="1"/>
         <Value name="overloaded" source ="TestMethodTest.java" package ="org.junit.tests.running.methods" value ="1"/>
         <Value name="failure" source ="TimeoutTest.java" package ="org.junit.tests.running.methods" value ="1"/>
         <Value name="failure" source ="TimeoutTest.java" package ="org.junit.tests.running.methods" value ="1"/>
         <Value name="failure" source ="TimeoutTest.java" package ="org.junit.tests.running.methods" value ="1"/>
         <Value name="infiniteLoop" source ="TimeoutTest.java" package ="org.junit.tests.running.methods" value ="1"/>
         <Value name="failure" source ="TimeoutTest.java" package ="org.junit.tests.running.methods" value ="1"/>
         <Value name="success" source ="TimeoutTest.java" package ="org.junit.tests.running.methods" value ="1"/>
         <Value name="after" source ="TimeoutTest.java" package ="org.junit.tests.running.methods" value ="1"/>
         <Value name="FaultyConstructor" source ="BadlyFormedClassesTest.java" package ="org.junit.tests.validation" value ="1"/>
         <Value name="noRunnableMethods" source ="BadlyFormedClassesTest.java" package ="org.junit.tests.validation" value ="1"/>
         <Value name="CantConstruct" source ="FailedConstructionTest.java" package ="org.junit.tests.validation" value ="1"/>
         <Value name="inaccessibleBaseClassIsCaughtAtValidation" source ="InaccessibleBaseClassTest.java" package ="org.junit.tests.validation" value ="1"/>
         <Value name="a" source ="ValidationTest.java" package ="org.junit.tests.validation" value ="1"/>
         <Value name="suite" source ="AllTests.java" package ="org.junit.tests" value ="1"/>
         <Value name="apple" source ="ParentRunnerTest.java" package ="org.junit.tests" value ="1"/>
         <Value name="banana" source ="ParentRunnerTest.java" package ="org.junit.tests" value ="1"/>
         <Value name="exit" source ="TestSystem.java" package ="org.junit.tests" value ="1"/>
         <Value name="out" source ="TestSystem.java" package ="org.junit.tests" value ="1"/>
         <Value name="outContents" source ="TestSystem.java" package ="org.junit.tests" value ="1"/>
         <Value name="ActiveTestSuite" source ="ActiveTestSuite.java" package ="junit.extensions" value ="0"/>
         <Value name="setUp" source ="TestSetup.java" package ="junit.extensions" value ="0"/>
         <Value name="tearDown" source ="TestSetup.java" package ="junit.extensions" value ="0"/>
         <Value name="Assert" source ="Assert.java" package ="junit.framework" value ="0"/>
         <Value name="AssertionFailedError" source ="AssertionFailedError.java" package ="junit.framework" value ="0"/>
         <Value name="setUp" source ="TestCase.java" package ="junit.framework" value ="0"/>
         <Value name="tearDown" source ="TestCase.java" package ="junit.framework" value ="0"/>
         <Value name="TestSuite" source ="TestSuite.java" package ="junit.framework" value ="0"/>
         <Value name="clearStatus" source ="BaseTestRunner.java" package ="junit.runner" value ="0"/>
         <Value name="runFailed" source ="BaseTestRunner.java" package ="junit.runner" value ="0"/>
         <Value name="testEnded" source ="BaseTestRunner.java" package ="junit.runner" value ="0"/>
         <Value name="testFailed" source ="BaseTestRunner.java" package ="junit.runner" value ="0"/>
         <Value name="testStarted" source ="BaseTestRunner.java" package ="junit.runner" value ="0"/>
         <Value name="Version" source ="Version.java" package ="junit.runner" value ="0"/>
         <Value name="endTest" source ="ResultPrinter.java" package ="junit.textui" value ="0"/>
         <Value name="testEnded" source ="TestRunner.java" package ="junit.textui" value ="0"/>
         <Value name="testFailed" source ="TestRunner.java" package ="junit.textui" value ="0"/>
         <Value name="testStarted" source ="TestRunner.java" package ="junit.textui" value ="0"/>
         <Value name="getValueSources" source ="ParameterSupplier.java" package ="org.junit.experimental.theories" value ="0"/>
         <Value name="getDescription" source ="PotentialAssignment.java" package ="org.junit.experimental.theories" value ="0"/>
         <Value name="getValue" source ="PotentialAssignment.java" package ="org.junit.experimental.theories" value ="0"/>
         <Value name="evalSubstringOf" source ="SubstringMatcher.java" package ="org.junit.internal.matchers" value ="0"/>
         <Value name="relationship" source ="SubstringMatcher.java" package ="org.junit.internal.matchers" value ="0"/>
         <Value name="matchesSafely" source ="TypeSafeMatcher.java" package ="org.junit.internal.matchers" value ="0"/>
         <Value name="runReflectiveCall" source ="ReflectiveCallable.java" package ="org.junit.internal.runners.model" value ="0"/>
         <Value name="assertElementsEqual" source ="ComparisonCriteria.java" package ="org.junit.internal" value ="0"/>
         <Value name="ExpectedException" source ="ExpectedException.java" package ="org.junit.rules" value ="0"/>
         <Value name="after" source ="ExternalResource.java" package ="org.junit.rules" value ="0"/>
         <Value name="failed" source ="TestWatcher.java" package ="org.junit.rules" value ="0"/>
         <Value name="finished" source ="TestWatcher.java" package ="org.junit.rules" value ="0"/>
         <Value name="starting" source ="TestWatcher.java" package ="org.junit.rules" value ="0"/>
         <Value name="succeeded" source ="TestWatcher.java" package ="org.junit.rules" value ="0"/>
         <Value name="failed" source ="TestWatchman.java" package ="org.junit.rules" value ="0"/>
         <Value name="finished" source ="TestWatchman.java" package ="org.junit.rules" value ="0"/>
         <Value name="starting" source ="TestWatchman.java" package ="org.junit.rules" value ="0"/>
         <Value name="succeeded" source ="TestWatchman.java" package ="org.junit.rules" value ="0"/>
         <Value name="verify" source ="Verifier.java" package ="org.junit.rules" value ="0"/>
         <Value name="describe" source ="Filter.java" package ="org.junit.runner.manipulation" value ="0"/>
         <Value name="shouldRun" source ="Filter.java" package ="org.junit.runner.manipulation" value ="0"/>
         <Value name="testFailure" source ="RunListener.java" package ="org.junit.runner.notification" value ="0"/>
         <Value name="testFinished" source ="RunListener.java" package ="org.junit.runner.notification" value ="0"/>
         <Value name="testRunFinished" source ="RunListener.java" package ="org.junit.runner.notification" value ="0"/>
         <Value name="testRunStarted" source ="RunListener.java" package ="org.junit.runner.notification" value ="0"/>
         <Value name="testStarted" source ="RunListener.java" package ="org.junit.runner.notification" value ="0"/>
         <Value name="notifyListener" source ="RunNotifier.java" package ="org.junit.runner.notification" value ="0"/>
         <Value name="getAnnotations" source ="FrameworkMember.java" package ="org.junit.runners.model" value ="0"/>
         <Value name="isShadowedBy" source ="FrameworkMember.java" package ="org.junit.runners.model" value ="0"/>
         <Value name="runnerForClass" source ="RunnerBuilder.java" package ="org.junit.runners.model" value ="0"/>
         <Value name="getChildren" source ="ParentRunner.java" package ="org.junit.runners" value ="0"/>
         <Value name="testAssumptionFailure" source ="Result.java" package ="org.junit.runner" value ="0"/>
         <Value name="getDescription" source ="Runner.java" package ="org.junit.runner" value ="0"/>
         <Value name="run" source ="Runner.java" package ="org.junit.runner" value ="0"/>
         <Value name="Assert" source ="Assert.java" package ="org.junit" value ="0"/>
         <Value name="runTest" source ="ActiveTestTest.java" package ="junit.tests.extensions" value ="0"/>
         <Value name="runTest" source ="RepeatedTestTest.java" package ="junit.tests.extensions" value ="0"/>
         <Value name="test2" source ="InheritedTestCase.java" package ="junit.tests.framework" value ="0"/>
         <Value name="testNothing" source ="NoArgTestCaseTest.java" package ="junit.tests.framework" value ="0"/>
         <Value name="testSuccess" source ="NoTestCaseClass.java" package ="junit.tests.framework" value ="0"/>
         <Value name="noTestCase" source ="NoTestCases.java" package ="junit.tests.framework" value ="0"/>
         <Value name="testNotPublic" source ="NotPublicTestCase.java" package ="junit.tests.framework" value ="0"/>
         <Value name="testPublic" source ="NotPublicTestCase.java" package ="junit.tests.framework" value ="0"/>
         <Value name="testVoid" source ="NotVoidTestCase.java" package ="junit.tests.framework" value ="0"/>
         <Value name="noTestCase" source ="OneTestCase.java" package ="junit.tests.framework" value ="0"/>
         <Value name="testCase" source ="OneTestCase.java" package ="junit.tests.framework" value ="0"/>
         <Value name="testCase" source ="OneTestCase.java" package ="junit.tests.framework" value ="0"/>
         <Value name="testCase" source ="OverrideTestCase.java" package ="junit.tests.framework" value ="0"/>
         <Value name="runTest" source ="Success.java" package ="junit.tests.framework" value ="0"/>
         <Value name="testSuccess" source ="Success.java" package ="junit.tests.framework" value ="0"/>
         <Value name="testCase" source ="ThreeTestCases.java" package ="junit.tests.framework" value ="0"/>
         <Value name="testCase2" source ="ThreeTestCases.java" package ="junit.tests.framework" value ="0"/>
         <Value name="testCase3thisTimeItsPersonal" source ="ThreeTestCases.java" package ="junit.tests.framework" value ="0"/>
         <Value name="testEnded" source ="BaseTestRunnerTest.java" package ="junit.tests.runner" value ="0"/>
         <Value name="testFailed" source ="BaseTestRunnerTest.java" package ="junit.tests.runner" value ="0"/>
         <Value name="testStarted" source ="BaseTestRunnerTest.java" package ="junit.tests.runner" value ="0"/>
         <Value name="success" source ="JUnit4ClassRunnerTest.java" package ="org.junit.tests.deprecated" value ="0"/>
         <Value name="success" source ="JUnit4ClassRunnerTest.java" package ="org.junit.tests.deprecated" value ="0"/>
         <Value name="a" source ="AnnotatedDescriptionTest.java" package ="org.junit.tests.description" value ="0"/>
         <Value name="a" source ="AnnotatedDescriptionTest.java" package ="org.junit.tests.description" value ="0"/>
         <Value name="a" source ="AnnotatedDescriptionTest.java" package ="org.junit.tests.description" value ="0"/>
         <Value name="ParameterizedTestWithAttemptedMethodCategory" source ="CategoriesAndParameterizedTest.java" package ="org.junit.tests.experimental.categories" value ="0"/>
         <Value name="WellBehavedParameterizedTest" source ="CategoriesAndParameterizedTest.java" package ="org.junit.tests.experimental.categories" value ="0"/>
         <Value name="b" source ="CategoryTest.java" package ="org.junit.tests.experimental.categories" value ="0"/>
         <Value name="c" source ="CategoryTest.java" package ="org.junit.tests.experimental.categories" value ="0"/>
         <Value name="a" source ="CategoryTest.java" package ="org.junit.tests.experimental.categories" value ="0"/>
         <Value name="b" source ="CategoryTest.java" package ="org.junit.tests.experimental.categories" value ="0"/>
         <Value name="a" source ="CategoryTest.java" package ="org.junit.tests.experimental.categories" value ="0"/>
         <Value name="a" source ="CategoryTest.java" package ="org.junit.tests.experimental.categories" value ="0"/>
         <Value name="a" source ="CategoryTest.java" package ="org.junit.tests.experimental.categories" value ="0"/>
         <Value name="justCategory1" source ="CategoryTest.java" package ="org.junit.tests.experimental.categories" value ="0"/>
         <Value name="justCategory2" source ="CategoryTest.java" package ="org.junit.tests.experimental.categories" value ="0"/>
         <Value name="noCategory" source ="CategoryTest.java" package ="org.junit.tests.experimental.categories" value ="0"/>
         <Value name="testSucceeds" source ="JUnit38SortingTest.java" package ="org.junit.tests.experimental.max" value ="0"/>
         <Value name="testSucceedsToo" source ="JUnit38SortingTest.java" package ="org.junit.tests.experimental.max" value ="0"/>
         <Value name="pass" source ="JUnit38SortingTest.java" package ="org.junit.tests.experimental.max" value ="0"/>
         <Value name="testNothing" source ="MaxStarterTest.java" package ="org.junit.tests.experimental.max" value ="0"/>
         <Value name="testSomething" source ="MaxStarterTest.java" package ="org.junit.tests.experimental.max" value ="0"/>
         <Value name="testNothing" source ="MaxStarterTest.java" package ="org.junit.tests.experimental.max" value ="0"/>
         <Value name="MalformedJUnit38Test" source ="MaxStarterTest.java" package ="org.junit.tests.experimental.max" value ="0"/>
         <Value name="testSucceeds" source ="MaxStarterTest.java" package ="org.junit.tests.experimental.max" value ="0"/>
         <Value name="testOne" source ="MaxStarterTest.java" package ="org.junit.tests.experimental.max" value ="0"/>
         <Value name="testTwo" source ="MaxStarterTest.java" package ="org.junit.tests.experimental.max" value ="0"/>
         <Value name="succeed" source ="MaxStarterTest.java" package ="org.junit.tests.experimental.max" value ="0"/>
         <Value name="throwsNothing" source ="ExpectedExceptionRuleTest.java" package ="org.junit.tests.experimental.rules" value ="0"/>
         <Value name="nothing" source ="MethodRulesTest.java" package ="org.junit.tests.experimental.rules" value ="0"/>
         <Value name="nothing" source ="MethodRulesTest.java" package ="org.junit.tests.experimental.rules" value ="0"/>
         <Value name="nothing" source ="MethodRulesTest.java" package ="org.junit.tests.experimental.rules" value ="0"/>
         <Value name="foo" source ="MethodRulesTest.java" package ="org.junit.tests.experimental.rules" value ="0"/>
         <Value name="succeeds" source ="MethodRulesTest.java" package ="org.junit.tests.experimental.rules" value ="0"/>
         <Value name="foo" source ="MethodRulesTest.java" package ="org.junit.tests.experimental.rules" value ="0"/>
         <Value name="nothing" source ="TestRuleTest.java" package ="org.junit.tests.experimental.rules" value ="0"/>
         <Value name="nothing" source ="TestRuleTest.java" package ="org.junit.tests.experimental.rules" value ="0"/>
         <Value name="nothing" source ="TestRuleTest.java" package ="org.junit.tests.experimental.rules" value ="0"/>
         <Value name="foo" source ="TestRuleTest.java" package ="org.junit.tests.experimental.rules" value ="0"/>
         <Value name="succeeds" source ="TestRuleTest.java" package ="org.junit.tests.experimental.rules" value ="0"/>
         <Value name="foo" source ="TestRuleTest.java" package ="org.junit.tests.experimental.rules" value ="0"/>
         <Value name="GuessMap" source ="Guesser.java" package ="org.junit.tests.experimental.theories.extendingwithstubs" value ="0"/>
         <Value name="reguesses" source ="ReguessableValue.java" package ="org.junit.tests.experimental.theories.extendingwithstubs" value ="0"/>
         <Value name="stringsAreOK" source ="SuccessfulWithDataPointFields.java" package ="org.junit.tests.experimental.theories.runner" value ="0"/>
         <Value name="DifferentTypesInConstructor" source ="SuccessfulWithDataPointFields.java" package ="org.junit.tests.experimental.theories.runner" value ="0"/>
         <Value name="yesIndeed" source ="SuccessfulWithDataPointFields.java" package ="org.junit.tests.experimental.theories.runner" value ="0"/>
         <Value name="threeInts" source ="TheoriesPerformanceTest.java" package ="org.junit.tests.experimental.theories.runner" value ="0"/>
         <Value name="numbers" source ="UnsuccessfulWithDataPointFields.java" package ="org.junit.tests.experimental.theories.runner" value ="0"/>
         <Value name="numbers" source ="UnsuccessfulWithDataPointFields.java" package ="org.junit.tests.experimental.theories.runner" value ="0"/>
         <Value name="allIntsOk" source ="WithDataPointMethod.java" package ="org.junit.tests.experimental.theories.runner" value ="0"/>
         <Value name="allIntsOk" source ="WithDataPointMethod.java" package ="org.junit.tests.experimental.theories.runner" value ="0"/>
         <Value name="onlyDatesOk" source ="WithDataPointMethod.java" package ="org.junit.tests.experimental.theories.runner" value ="0"/>
         <Value name="onlyStringsOk" source ="WithDataPointMethod.java" package ="org.junit.tests.experimental.theories.runner" value ="0"/>
         <Value name="allIntsOk" source ="WithDataPointMethod.java" package ="org.junit.tests.experimental.theories.runner" value ="0"/>
         <Value name="testMethod" source ="WithOnlyTestAnnotations.java" package ="org.junit.tests.experimental.theories.runner" value ="0"/>
         <Value name="shouldThrow" source ="WithOnlyTestAnnotations.java" package ="org.junit.tests.experimental.theories.runner" value ="0"/>
         <Value name="HasDataPoints" source ="AllMembersSupplierTest.java" package ="org.junit.tests.experimental.theories" value ="0"/>
         <Value name="assertCompletesNormally" source ="AssumptionTest.java" package ="org.junit.tests.experimental" value ="0"/>
         <Value name="nothing" source ="ForwardCompatibilityTest.java" package ="org.junit.tests.junit3compatibility" value ="0"/>
         <Value name="aTest" source ="ForwardCompatibilityTest.java" package ="org.junit.tests.junit3compatibility" value ="0"/>
         <Value name="shouldBeStatic" source ="ForwardCompatibilityTest.java" package ="org.junit.tests.junit3compatibility" value ="0"/>
         <Value name="MarkerRunner" source ="ForwardCompatibilityTest.java" package ="org.junit.tests.junit3compatibility" value ="0"/>
         <Value name="succeed" source ="ForwardCompatibilityTest.java" package ="org.junit.tests.junit3compatibility" value ="0"/>
         <Value name="run" source ="InitializationErrorForwardCompatibilityTest.java" package ="org.junit.tests.junit3compatibility" value ="0"/>
         <Value name="addFailure" source ="InitializationErrorForwardCompatibilityTest.java" package ="org.junit.tests.junit3compatibility" value ="0"/>
         <Value name="endTest" source ="InitializationErrorForwardCompatibilityTest.java" package ="org.junit.tests.junit3compatibility" value ="0"/>
         <Value name="startTest" source ="InitializationErrorForwardCompatibilityTest.java" package ="org.junit.tests.junit3compatibility" value ="0"/>
         <Value name="testInvalid" source ="JUnit38ClassRunnerTest.java" package ="org.junit.tests.junit3compatibility" value ="0"/>
         <Value name="testA" source ="JUnit38ClassRunnerTest.java" package ="org.junit.tests.junit3compatibility" value ="0"/>
         <Value name="testOne" source ="JUnit38ClassRunnerTest.java" package ="org.junit.tests.junit3compatibility" value ="0"/>
         <Value name="ignored" source ="SuiteMethodTest.java" package ="org.junit.tests.junit3compatibility" value ="0"/>
         <Value name="nothing" source ="ListenerTest.java" package ="org.junit.tests.listening" value ="0"/>
         <Value name="testEmpty" source ="RunnerTest.java" package ="org.junit.tests.listening" value ="0"/>
         <Value name="empty" source ="RunnerTest.java" package ="org.junit.tests.listening" value ="0"/>
         <Value name="empty" source ="RunnerTest.java" package ="org.junit.tests.listening" value ="0"/>
         <Value name="nothing" source ="TestListenerTest.java" package ="org.junit.tests.listening" value ="0"/>
         <Value name="one" source ="TextListenerTest.java" package ="org.junit.tests.listening" value ="0"/>
         <Value name="foo" source ="UserStopTest.java" package ="org.junit.tests.listening" value ="0"/>
         <Value name="FilteredTest" source ="FilterableTest.java" package ="org.junit.tests.manipulation" value ="0"/>
         <Value name="runThis" source ="FilterableTest.java" package ="org.junit.tests.manipulation" value ="0"/>
         <Value name="a" source ="SingleMethodTest.java" package ="org.junit.tests.manipulation" value ="0"/>
         <Value name="b" source ="SingleMethodTest.java" package ="org.junit.tests.manipulation" value ="0"/>
         <Value name="one" source ="SingleMethodTest.java" package ="org.junit.tests.manipulation" value ="0"/>
         <Value name="two" source ="SingleMethodTest.java" package ="org.junit.tests.manipulation" value ="0"/>
         <Value name="ParameterizedOneTimeBeforeClass" source ="SingleMethodTest.java" package ="org.junit.tests.manipulation" value ="0"/>
         <Value name="one" source ="SingleMethodTest.java" package ="org.junit.tests.manipulation" value ="0"/>
         <Value name="ParameterizedOneTimeSetup" source ="SingleMethodTest.java" package ="org.junit.tests.manipulation" value ="0"/>
         <Value name="one" source ="SingleMethodTest.java" package ="org.junit.tests.manipulation" value ="0"/>
         <Value name="a" source ="SingleMethodTest.java" package ="org.junit.tests.manipulation" value ="0"/>
         <Value name="b" source ="SingleMethodTest.java" package ="org.junit.tests.manipulation" value ="0"/>
         <Value name="a" source ="SingleMethodTest.java" package ="org.junit.tests.manipulation" value ="0"/>
         <Value name="b" source ="SingleMethodTest.java" package ="org.junit.tests.manipulation" value ="0"/>
         <Value name="BeforeAndAfter" source ="ParameterizedTestTest.java" package ="org.junit.tests.running.classes" value ="0"/>
         <Value name="aTest" source ="ParameterizedTestTest.java" package ="org.junit.tests.running.classes" value ="0"/>
         <Value name="PrivateConstructor" source ="ParameterizedTestTest.java" package ="org.junit.tests.running.classes" value ="0"/>
         <Value name="aTest" source ="ParameterizedTestTest.java" package ="org.junit.tests.running.classes" value ="0"/>
         <Value name="aTest" source ="ParameterizedTestTest.java" package ="org.junit.tests.running.classes" value ="0"/>
         <Value name="aTest" source ="ParameterizedTestTest.java" package ="org.junit.tests.running.classes" value ="0"/>
         <Value name="run" source ="RunWithTest.java" package ="org.junit.tests.running.classes" value ="0"/>
         <Value name="pass" source ="SuiteTest.java" package ="org.junit.tests.running.classes" value ="0"/>
         <Value name="WithoutDefaultConstructor" source ="SuiteTest.java" package ="org.junit.tests.running.classes" value ="0"/>
         <Value name="a" source ="TestClassTest.java" package ="org.junit.tests.running.classes" value ="0"/>
         <Value name="b" source ="TestClassTest.java" package ="org.junit.tests.running.classes" value ="0"/>
         <Value name="c" source ="TestClassTest.java" package ="org.junit.tests.running.classes" value ="0"/>
         <Value name="d" source ="TestClassTest.java" package ="org.junit.tests.running.classes" value ="0"/>
         <Value name="e" source ="TestClassTest.java" package ="org.junit.tests.running.classes" value ="0"/>
         <Value name="f" source ="TestClassTest.java" package ="org.junit.tests.running.classes" value ="0"/>
         <Value name="g" source ="TestClassTest.java" package ="org.junit.tests.running.classes" value ="0"/>
         <Value name="h" source ="TestClassTest.java" package ="org.junit.tests.running.classes" value ="0"/>
         <Value name="i" source ="TestClassTest.java" package ="org.junit.tests.running.classes" value ="0"/>
         <Value name="j" source ="TestClassTest.java" package ="org.junit.tests.running.classes" value ="0"/>
         <Value name="TwoConstructors" source ="TestClassTest.java" package ="org.junit.tests.running.classes" value ="0"/>
         <Value name="TwoConstructors" source ="TestClassTest.java" package ="org.junit.tests.running.classes" value ="0"/>
         <Value name="pass" source ="UseSuiteAsASuperclassTest.java" package ="org.junit.tests.running.classes" value ="0"/>
         <Value name="peacefulSilence" source ="JUnitCoreReturnsCorrectExitCodeTest.java" package ="org.junit.tests.running.core" value ="0"/>
         <Value name="expectedException" source ="AnnotationTest.java" package ="org.junit.tests.running.methods" value ="0"/>
         <Value name="aTest" source ="AnnotationTest.java" package ="org.junit.tests.running.methods" value ="0"/>
         <Value name="once" source ="AnnotationTest.java" package ="org.junit.tests.running.methods" value ="0"/>
         <Value name="one" source ="AnnotationTest.java" package ="org.junit.tests.running.methods" value ="0"/>
         <Value name="two" source ="AnnotationTest.java" package ="org.junit.tests.running.methods" value ="0"/>
         <Value name="one" source ="AnnotationTest.java" package ="org.junit.tests.running.methods" value ="0"/>
         <Value name="two" source ="AnnotationTest.java" package ="org.junit.tests.running.methods" value ="0"/>
         <Value name="empty" source ="AnnotationTest.java" package ="org.junit.tests.running.methods" value ="0"/>
         <Value name="empty" source ="AnnotationTest.java" package ="org.junit.tests.running.methods" value ="0"/>
         <Value name="good" source ="AnnotationTest.java" package ="org.junit.tests.running.methods" value ="0"/>
         <Value name="empty" source ="AnnotationTest.java" package ="org.junit.tests.running.methods" value ="0"/>
         <Value name="empty" source ="AnnotationTest.java" package ="org.junit.tests.running.methods" value ="0"/>
         <Value name="good" source ="AnnotationTest.java" package ="org.junit.tests.running.methods" value ="0"/>
         <Value name="success" source ="AnnotationTest.java" package ="org.junit.tests.running.methods" value ="0"/>
         <Value name="test" source ="AnnotationTest.java" package ="org.junit.tests.running.methods" value ="0"/>
         <Value name="success" source ="AnnotationTest.java" package ="org.junit.tests.running.methods" value ="0"/>
         <Value name="nothing" source ="ExpectedTest.java" package ="org.junit.tests.running.methods" value ="0"/>
         <Value name="nothing" source ="InheritedTestTest.java" package ="org.junit.tests.running.methods" value ="0"/>
         <Value name="EverythingWrong" source ="ParameterizedTestMethodTest.java" package ="org.junit.tests.running.methods" value ="0"/>
         <Value name="argumentsAC" source ="ParameterizedTestMethodTest.java" package ="org.junit.tests.running.methods" value ="0"/>
         <Value name="argumentsA" source ="ParameterizedTestMethodTest.java" package ="org.junit.tests.running.methods" value ="0"/>
         <Value name="argumentsBC" source ="ParameterizedTestMethodTest.java" package ="org.junit.tests.running.methods" value ="0"/>
         <Value name="argumentsB" source ="ParameterizedTestMethodTest.java" package ="org.junit.tests.running.methods" value ="0"/>
         <Value name="argumentsT" source ="ParameterizedTestMethodTest.java" package ="org.junit.tests.running.methods" value ="0"/>
         <Value name="fineA" source ="ParameterizedTestMethodTest.java" package ="org.junit.tests.running.methods" value ="0"/>
         <Value name="fineAC" source ="ParameterizedTestMethodTest.java" package ="org.junit.tests.running.methods" value ="0"/>
         <Value name="fineB" source ="ParameterizedTestMethodTest.java" package ="org.junit.tests.running.methods" value ="0"/>
         <Value name="fineBC" source ="ParameterizedTestMethodTest.java" package ="org.junit.tests.running.methods" value ="0"/>
         <Value name="fineT" source ="ParameterizedTestMethodTest.java" package ="org.junit.tests.running.methods" value ="0"/>
         <Value name="notPublicA" source ="ParameterizedTestMethodTest.java" package ="org.junit.tests.running.methods" value ="0"/>
         <Value name="notPublicAC" source ="ParameterizedTestMethodTest.java" package ="org.junit.tests.running.methods" value ="0"/>
         <Value name="notPublicB" source ="ParameterizedTestMethodTest.java" package ="org.junit.tests.running.methods" value ="0"/>
         <Value name="notPublicBC" source ="ParameterizedTestMethodTest.java" package ="org.junit.tests.running.methods" value ="0"/>
         <Value name="notPublicT" source ="ParameterizedTestMethodTest.java" package ="org.junit.tests.running.methods" value ="0"/>
         <Value name="notStaticAC" source ="ParameterizedTestMethodTest.java" package ="org.junit.tests.running.methods" value ="0"/>
         <Value name="notStaticBC" source ="ParameterizedTestMethodTest.java" package ="org.junit.tests.running.methods" value ="0"/>
         <Value name="staticA" source ="ParameterizedTestMethodTest.java" package ="org.junit.tests.running.methods" value ="0"/>
         <Value name="staticB" source ="ParameterizedTestMethodTest.java" package ="org.junit.tests.running.methods" value ="0"/>
         <Value name="staticT" source ="ParameterizedTestMethodTest.java" package ="org.junit.tests.running.methods" value ="0"/>
         <Value name="notPublic" source ="ParameterizedTestMethodTest.java" package ="org.junit.tests.running.methods" value ="0"/>
         <Value name="justFine" source ="ParameterizedTestMethodTest.java" package ="org.junit.tests.running.methods" value ="0"/>
         <Value name="notPublic" source ="ParameterizedTestMethodTest.java" package ="org.junit.tests.running.methods" value ="0"/>
         <Value name="a" source ="TestMethodTest.java" package ="org.junit.tests.running.methods" value ="0"/>
         <Value name="a" source ="TestMethodTest.java" package ="org.junit.tests.running.methods" value ="0"/>
         <Value name="ConstructorParameter" source ="TestMethodTest.java" package ="org.junit.tests.running.methods" value ="0"/>
         <Value name="a" source ="TestMethodTest.java" package ="org.junit.tests.running.methods" value ="0"/>
         <Value name="EverythingWrong" source ="TestMethodTest.java" package ="org.junit.tests.running.methods" value ="0"/>
         <Value name="argumentsAC" source ="TestMethodTest.java" package ="org.junit.tests.running.methods" value ="0"/>
         <Value name="argumentsA" source ="TestMethodTest.java" package ="org.junit.tests.running.methods" value ="0"/>
         <Value name="argumentsBC" source ="TestMethodTest.java" package ="org.junit.tests.running.methods" value ="0"/>
         <Value name="argumentsB" source ="TestMethodTest.java" package ="org.junit.tests.running.methods" value ="0"/>
         <Value name="argumentsT" source ="TestMethodTest.java" package ="org.junit.tests.running.methods" value ="0"/>
         <Value name="fineA" source ="TestMethodTest.java" package ="org.junit.tests.running.methods" value ="0"/>
         <Value name="fineAC" source ="TestMethodTest.java" package ="org.junit.tests.running.methods" value ="0"/>
         <Value name="fineB" source ="TestMethodTest.java" package ="org.junit.tests.running.methods" value ="0"/>
         <Value name="fineBC" source ="TestMethodTest.java" package ="org.junit.tests.running.methods" value ="0"/>
         <Value name="fineT" source ="TestMethodTest.java" package ="org.junit.tests.running.methods" value ="0"/>
         <Value name="notPublicA" source ="TestMethodTest.java" package ="org.junit.tests.running.methods" value ="0"/>
         <Value name="notPublicAC" source ="TestMethodTest.java" package ="org.junit.tests.running.methods" value ="0"/>
         <Value name="notPublicB" source ="TestMethodTest.java" package ="org.junit.tests.running.methods" value ="0"/>
         <Value name="notPublicBC" source ="TestMethodTest.java" package ="org.junit.tests.running.methods" value ="0"/>
         <Value name="notPublicT" source ="TestMethodTest.java" package ="org.junit.tests.running.methods" value ="0"/>
         <Value name="notStaticAC" source ="TestMethodTest.java" package ="org.junit.tests.running.methods" value ="0"/>
         <Value name="notStaticBC" source ="TestMethodTest.java" package ="org.junit.tests.running.methods" value ="0"/>
         <Value name="staticA" source ="TestMethodTest.java" package ="org.junit.tests.running.methods" value ="0"/>
         <Value name="staticB" source ="TestMethodTest.java" package ="org.junit.tests.running.methods" value ="0"/>
         <Value name="staticT" source ="TestMethodTest.java" package ="org.junit.tests.running.methods" value ="0"/>
         <Value name="ignored" source ="TestMethodTest.java" package ="org.junit.tests.running.methods" value ="0"/>
         <Value name="valid" source ="TestMethodTest.java" package ="org.junit.tests.running.methods" value ="0"/>
         <Value name="withReason" source ="TestMethodTest.java" package ="org.junit.tests.running.methods" value ="0"/>
         <Value name="ignored" source ="TestMethodTest.java" package ="org.junit.tests.running.methods" value ="0"/>
         <Value name="notPublic" source ="TestMethodTest.java" package ="org.junit.tests.running.methods" value ="0"/>
         <Value name="justFine" source ="TestMethodTest.java" package ="org.junit.tests.running.methods" value ="0"/>
         <Value name="notPublic" source ="TestMethodTest.java" package ="org.junit.tests.running.methods" value ="0"/>
         <Value name="success" source ="TimeoutTest.java" package ="org.junit.tests.running.methods" value ="0"/>
         <Value name="a" source ="Super.java" package ="org.junit.tests.validation.anotherpackage" value ="0"/>
         <Value name="before" source ="BadlyFormedClassesTest.java" package ="org.junit.tests.validation" value ="0"/>
         <Value name="someTest" source ="BadlyFormedClassesTest.java" package ="org.junit.tests.validation" value ="0"/>
         <Value name="someTest" source ="BadlyFormedClassesTest.java" package ="org.junit.tests.validation" value ="0"/>
         <Value name="foo" source ="FailedConstructionTest.java" package ="org.junit.tests.validation" value ="0"/>
         <Value name="before" source ="ValidationTest.java" package ="org.junit.tests.validation" value ="0"/>
         <Value name="hereBecauseEveryTestClassNeedsATest" source ="ValidationTest.java" package ="org.junit.tests.validation" value ="0"/>
      </Values>
   </Metric>
   <Metric id = "NOM" description ="Number of Methods">
      <Values per = "type" total = "1841" avg = "3.23" stddev = "4.949" max = "63">
         <Value name="AssertionTest" source ="AssertionTest.java" package ="org.junit.tests.assertion" value ="63"/>
         <Value name="BlockJUnit4ClassRunner" source ="BlockJUnit4ClassRunner.java" package ="org.junit.runners" value ="35"/>
         <Value name="ParentRunner" source ="ParentRunner.java" package ="org.junit.runners" value ="28"/>
         <Value name="AnnotationTest" source ="AnnotationTest.java" package ="org.junit.tests.running.methods" value ="28"/>
         <Value name="MoneyTest" source ="MoneyTest.java" package ="org.junit.samples.money" value ="24"/>
         <Value name="MoneyTest" source ="MoneyTest.java" package ="junit.samples.money" value ="23"/>
         <Value name="TestSuite" source ="TestSuite.java" package ="junit.framework" value ="22"/>
         <Value name="Description" source ="Description.java" package ="org.junit.runner" value ="19"/>
         <Value name="ComparisonCompactorTest" source ="ComparisonCompactorTest.java" package ="junit.tests.framework" value ="19"/>
         <Value name="MaxStarterTest" source ="MaxStarterTest.java" package ="org.junit.tests.experimental.max" value ="19"/>
         <Value name="TestResult" source ="TestResult.java" package ="junit.framework" value ="18"/>
         <Value name="JUnit4ClassRunner" source ="JUnit4ClassRunner.java" package ="org.junit.internal.runners" value ="18"/>
         <Value name="ResultPrinter" source ="ResultPrinter.java" package ="junit.textui" value ="17"/>
         <Value name="TestCaseTest" source ="TestCaseTest.java" package ="junit.tests.framework" value ="17"/>
         <Value name="BaseTestRunner" source ="BaseTestRunner.java" package ="junit.runner" value ="16"/>
         <Value name="MoneyBag" source ="MoneyBag.java" package ="junit.samples.money" value ="16"/>
         <Value name="AssumptionTest" source ="AssumptionTest.java" package ="org.junit.tests.experimental" value ="16"/>
         <Value name="EverythingWrong" source ="ParameterizedTestMethodTest.java" package ="org.junit.tests.running.methods" value ="15"/>
         <Value name="EverythingWrong" source ="TestMethodTest.java" package ="org.junit.tests.running.methods" value ="15"/>
         <Value name="TestRunner" source ="TestRunner.java" package ="junit.textui" value ="14"/>
         <Value name="Money" source ="Money.java" package ="junit.samples.money" value ="14"/>
         <Value name="AssertTest" source ="AssertTest.java" package ="junit.tests.framework" value ="14"/>
         <Value name="TestCase" source ="TestCase.java" package ="junit.framework" value ="13"/>
         <Value name="Assignments" source ="Assignments.java" package ="org.junit.experimental.theories.internal" value ="13"/>
         <Value name="FrameworkMethod" source ="FrameworkMethod.java" package ="org.junit.runners.model" value ="13"/>
         <Value name="SuiteTest" source ="SuiteTest.java" package ="junit.tests.framework" value ="13"/>
         <Value name="SuiteTest" source ="SuiteTest.java" package ="org.junit.tests.running.classes" value ="13"/>
         <Value name="JUnit4TestAdapter" source ="JUnit4TestAdapter.java" package ="junit.framework" value ="12"/>
         <Value name="TestClass" source ="TestClass.java" package ="org.junit.internal.runners" value ="12"/>
         <Value name="TextListener" source ="TextListener.java" package ="org.junit.internal" value ="12"/>
         <Value name="TestClass" source ="TestClass.java" package ="org.junit.runners.model" value ="12"/>
         <Value name="CategoryTest" source ="CategoryTest.java" package ="org.junit.tests.experimental.categories" value ="12"/>
         <Value name="TestRuleTest" source ="TestRuleTest.java" package ="org.junit.tests.experimental.rules" value ="12"/>
         <Value name="ForwardCompatibilityTest" source ="ForwardCompatibilityTest.java" package ="org.junit.tests.junit3compatibility" value ="12"/>
         <Value name="MaxCore" source ="MaxCore.java" package ="org.junit.experimental.max" value ="11"/>
         <Value name="TheoryAnchor" source ="Theories.java" package ="org.junit.experimental.theories" value ="11"/>
         <Value name="RunNotifier" source ="RunNotifier.java" package ="org.junit.runner.notification" value ="11"/>
         <Value name="ExpectedExceptionRuleTest" source ="ExpectedExceptionRuleTest.java" package ="org.junit.tests.experimental.rules" value ="11"/>
         <Value name="MethodRulesTest" source ="MethodRulesTest.java" package ="org.junit.tests.experimental.rules" value ="11"/>
         <Value name="JUnitCore" source ="JUnitCore.java" package ="org.junit.runner" value ="10"/>
         <Value name="ParameterizedTestTest" source ="ParameterizedTestTest.java" package ="org.junit.tests.running.classes" value ="10"/>
         <Value name="ManyMethods" source ="TestClassTest.java" package ="org.junit.tests.running.classes" value ="10"/>
         <Value name="TimeoutTest" source ="TimeoutTest.java" package ="org.junit.tests.running.methods" value ="10"/>
         <Value name="MaxHistory" source ="MaxHistory.java" package ="org.junit.experimental.max" value ="9"/>
         <Value name="SuiteBuilder" source ="SuiteBuilder.java" package ="org.junit.experimental.runners" value ="9"/>
         <Value name="ParameterSignature" source ="ParameterSignature.java" package ="org.junit.experimental.theories" value ="9"/>
         <Value name="JUnit38ClassRunner" source ="JUnit38ClassRunner.java" package ="org.junit.internal.runners" value ="9"/>
         <Value name="MethodRoadie" source ="MethodRoadie.java" package ="org.junit.internal.runners" value ="9"/>
         <Value name="TestMethod" source ="TestMethod.java" package ="org.junit.internal.runners" value ="9"/>
         <Value name="TestMethodTest" source ="TestMethodTest.java" package ="org.junit.tests.running.methods" value ="9"/>
         <Value name="ActiveTestSuite" source ="ActiveTestSuite.java" package ="junit.extensions" value ="8"/>
         <Value name="ComparisonCompactor" source ="ComparisonCompactor.java" package ="junit.framework" value ="8"/>
         <Value name="OldTestClassAdaptingListener" source ="JUnit38ClassRunner.java" package ="org.junit.internal.runners" value ="8"/>
         <Value name="TemporaryFolder" source ="TemporaryFolder.java" package ="org.junit.rules" value ="8"/>
         <Value name="Suite" source ="Suite.java" package ="org.junit.runners" value ="8"/>
         <Value name="ComparisonCompactor" source ="ComparisonFailure.java" package ="org.junit" value ="8"/>
         <Value name="FloatAssertTest" source ="FloatAssertTest.java" package ="junit.tests.framework" value ="8"/>
         <Value name="TestListenerTest" source ="TestListenerTest.java" package ="junit.tests.framework" value ="8"/>
         <Value name="MethodCall" source ="MethodCall.java" package ="org.junit.tests.experimental.theories.extendingwithstubs" value ="8"/>
         <Value name="WithDataPointMethod" source ="WithDataPointMethod.java" package ="org.junit.tests.experimental.theories.runner" value ="8"/>
         <Value name="SingleMethodTest" source ="SingleMethodTest.java" package ="org.junit.tests.manipulation" value ="8"/>
         <Value name="TestFailure" source ="TestFailure.java" package ="junit.framework" value ="7"/>
         <Value name="AllMembersSupplier" source ="AllMembersSupplier.java" package ="org.junit.experimental.theories.internal" value ="7"/>
         <Value name="Theories" source ="Theories.java" package ="org.junit.experimental.theories" value ="7"/>
         <Value name="AllDefaultPossibilitiesBuilder" source ="AllDefaultPossibilitiesBuilder.java" package ="org.junit.internal.builders" value ="7"/>
         <Value name="EachTestNotifier" source ="EachTestNotifier.java" package ="org.junit.internal.runners.model" value ="7"/>
         <Value name="MethodValidator" source ="MethodValidator.java" package ="org.junit.internal.runners" value ="7"/>
         <Value name="ExpectedException" source ="ExpectedException.java" package ="org.junit.rules" value ="7"/>
         <Value name="Failure" source ="Failure.java" package ="org.junit.runner.notification" value ="7"/>
         <Value name="RunListener" source ="RunListener.java" package ="org.junit.runner.notification" value ="7"/>
         <Value name="RunnerBuilder" source ="RunnerBuilder.java" package ="org.junit.runners.model" value ="7"/>
         <Value name="Result" source ="Result.java" package ="org.junit.runner" value ="7"/>
         <Value name="DoublePrecisionAssertTest" source ="DoublePrecisionAssertTest.java" package ="junit.tests.framework" value ="7"/>
         <Value name="TextFeedbackTest" source ="TextFeedbackTest.java" package ="junit.tests.runner" value ="7"/>
         <Value name="ListTest" source ="ListTest.java" package ="org.junit.samples" value ="7"/>
         <Value name="BothTest" source ="BothTest.java" package ="org.junit.tests.assertion" value ="7"/>
         <Value name="AnnotatedDescriptionTest" source ="AnnotatedDescriptionTest.java" package ="org.junit.tests.description" value ="7"/>
         <Value name="Guesser" source ="Guesser.java" package ="org.junit.tests.experimental.theories.extendingwithstubs" value ="7"/>
         <Value name="UnsuccessfulWithDataPointFields" source ="UnsuccessfulWithDataPointFields.java" package ="org.junit.tests.experimental.theories.runner" value ="7"/>
         <Value name="TestDecorator" source ="TestDecorator.java" package ="junit.extensions" value ="6"/>
         <Value name="ClassRoadie" source ="ClassRoadie.java" package ="org.junit.internal.runners" value ="6"/>
         <Value name="ErrorReportingRunner" source ="ErrorReportingRunner.java" package ="org.junit.internal.runners" value ="6"/>
         <Value name="FrameworkField" source ="FrameworkField.java" package ="org.junit.runners.model" value ="6"/>
         <Value name="Listener" source ="Result.java" package ="org.junit.runner" value ="6"/>
         <Value name="ListTest" source ="ListTest.java" package ="junit.samples" value ="6"/>
         <Value name="VerifierRuleTest" source ="VerifierRuleTest.java" package ="org.junit.tests.experimental.rules" value ="6"/>
         <Value name="GuessMap" source ="Guesser.java" package ="org.junit.tests.experimental.theories.extendingwithstubs" value ="6"/>
         <Value name="WithExtendedParameterSources" source ="WithExtendedParameterSources.java" package ="org.junit.tests.experimental.theories.runner" value ="6"/>
         <Value name="CommandLineTest" source ="CommandLineTest.java" package ="org.junit.tests.running.core" value ="6"/>
         <Value name="JUnit4TestCaseFacade" source ="JUnit4TestCaseFacade.java" package ="junit.framework" value ="5"/>
         <Value name="Categories" source ="Categories.java" package ="org.junit.experimental.categories" value ="5"/>
         <Value name="PrintableResult" source ="PrintableResult.java" package ="org.junit.experimental.results" value ="5"/>
         <Value name="CombinableMatcher" source ="CombinableMatcher.java" package ="org.junit.internal.matchers" value ="5"/>
         <Value name="SubstringMatcher" source ="SubstringMatcher.java" package ="org.junit.internal.matchers" value ="5"/>
         <Value name="TestWatcher" source ="TestWatcher.java" package ="org.junit.rules" value ="5"/>
         <Value name="TestWatchman" source ="TestWatchman.java" package ="org.junit.rules" value ="5"/>
         <Value name="ActiveTestTest" source ="ActiveTestTest.java" package ="junit.tests.extensions" value ="5"/>
         <Value name="RepeatedTestTest" source ="RepeatedTestTest.java" package ="junit.tests.extensions" value ="5"/>
         <Value name="TextRunnerTest" source ="TextRunnerTest.java" package ="junit.tests.runner" value ="5"/>
         <Value name="SomeAreSlow" source ="CategoryTest.java" package ="org.junit.tests.experimental.categories" value ="5"/>
         <Value name="HasDateMethod" source ="WithDataPointMethod.java" package ="org.junit.tests.experimental.theories.runner" value ="5"/>
         <Value name="ParameterizedAssertionErrorTest" source ="ParameterizedAssertionErrorTest.java" package ="org.junit.tests.experimental.theories" value ="5"/>
         <Value name="AllTestsTest" source ="AllTestsTest.java" package ="org.junit.tests.junit3compatibility" value ="5"/>
         <Value name="ErrorRememberingListener" source ="InitializationErrorForwardCompatibilityTest.java" package ="org.junit.tests.junit3compatibility" value ="5"/>
         <Value name="SuiteMethodTest" source ="SuiteMethodTest.java" package ="org.junit.tests.junit3compatibility" value ="5"/>
         <Value name="TextListenerTest" source ="TextListenerTest.java" package ="org.junit.tests.listening" value ="5"/>
         <Value name="TestClassRunnerIsSortable" source ="SortableTest.java" package ="org.junit.tests.manipulation" value ="5"/>
         <Value name="RunAllAfters" source ="AnnotationTest.java" package ="org.junit.tests.running.methods" value ="5"/>
         <Value name="RepeatedTest" source ="RepeatedTest.java" package ="junit.extensions" value ="4"/>
         <Value name="TestSetup" source ="TestSetup.java" package ="junit.extensions" value ="4"/>
         <Value name="ComparisonFailure" source ="ComparisonFailure.java" package ="junit.framework" value ="4"/>
         <Value name="JUnit4TestAdapterCache" source ="JUnit4TestAdapterCache.java" package ="junit.framework" value ="4"/>
         <Value name="RememberingListener" source ="MaxHistory.java" package ="org.junit.experimental.max" value ="4"/>
         <Value name="TypeSafeMatcher" source ="TypeSafeMatcher.java" package ="org.junit.internal.matchers" value ="4"/>
         <Value name="InitializationError" source ="InitializationError.java" package ="org.junit.internal.runners" value ="4"/>
         <Value name="ArrayComparisonFailure" source ="ArrayComparisonFailure.java" package ="org.junit.internal" value ="4"/>
         <Value name="AssumptionViolatedException" source ="AssumptionViolatedException.java" package ="org.junit.internal" value ="4"/>
         <Value name="ComparisonCriteria" source ="ComparisonCriteria.java" package ="org.junit.internal" value ="4"/>
         <Value name="ErrorCollector" source ="ErrorCollector.java" package ="org.junit.rules" value ="4"/>
         <Value name="ExternalResource" source ="ExternalResource.java" package ="org.junit.rules" value ="4"/>
         <Value name="InitializationError" source ="InitializationError.java" package ="org.junit.runners.model" value ="4"/>
         <Value name="Parameterized" source ="Parameterized.java" package ="org.junit.runners" value ="4"/>
         <Value name="Request" source ="Request.java" package ="org.junit.runner" value ="4"/>
         <Value name="ComparisonFailure" source ="ComparisonFailure.java" package ="org.junit" value ="4"/>
         <Value name="SimpleTest" source ="SimpleTest.java" package ="junit.samples" value ="4"/>
         <Value name="ExtensionTest" source ="ExtensionTest.java" package ="junit.tests.extensions" value ="4"/>
         <Value name="MockRunner" source ="BaseTestRunnerTest.java" package ="junit.tests.runner" value ="4"/>
         <Value name="TempFolderRuleTest" source ="TempFolderRuleTest.java" package ="org.junit.tests.experimental.rules" value ="4"/>
         <Value name="ReguessableDecorator" source ="GuesserQueue.java" package ="org.junit.tests.experimental.theories.extendingwithstubs" value ="4"/>
         <Value name="StringableObject" source ="StringableObject.java" package ="org.junit.tests.experimental.theories.extendingwithstubs" value ="4"/>
         <Value name="StubbedTheoryAnchor" source ="StubbedTheories.java" package ="org.junit.tests.experimental.theories.extendingwithstubs" value ="4"/>
         <Value name="WithOnlyTestAnnotations" source ="WithOnlyTestAnnotations.java" package ="org.junit.tests.experimental.theories.runner" value ="4"/>
         <Value name="AssumptionViolatedExceptionTest" source ="AssumptionViolatedExceptionTest.java" package ="org.junit.tests.experimental" value ="4"/>
         <Value name="BeforeClassTest" source ="ForwardCompatibilityTest.java" package ="org.junit.tests.junit3compatibility" value ="4"/>
         <Value name="MarkerRunner" source ="ForwardCompatibilityTest.java" package ="org.junit.tests.junit3compatibility" value ="4"/>
         <Value name="InitializationErrorForwardCompatibilityTest" source ="InitializationErrorForwardCompatibilityTest.java" package ="org.junit.tests.junit3compatibility" value ="4"/>
         <Value name="JUnit38ClassRunnerTest" source ="JUnit38ClassRunnerTest.java" package ="org.junit.tests.junit3compatibility" value ="4"/>
         <Value name="ExampleRunner" source ="RunWithTest.java" package ="org.junit.tests.running.classes" value ="4"/>
         <Value name="JUnitCoreReturnsCorrectExitCodeTest" source ="JUnitCoreReturnsCorrectExitCodeTest.java" package ="org.junit.tests.running.core" value ="4"/>
         <Value name="ExpectedTest" source ="ExpectedTest.java" package ="org.junit.tests.running.methods" value ="4"/>
         <Value name="BadlyFormedClassesTest" source ="BadlyFormedClassesTest.java" package ="org.junit.tests.validation" value ="4"/>
         <Value name="TestSystem" source ="TestSystem.java" package ="org.junit.tests" value ="4"/>
         <Value name="MethodParameterValue" source ="AllMembersSupplier.java" package ="org.junit.experimental.theories.internal" value ="3"/>
         <Value name="ParallelComputer" source ="ParallelComputer.java" package ="org.junit.experimental" value ="3"/>
         <Value name="AnnotatedBuilder" source ="AnnotatedBuilder.java" package ="org.junit.internal.builders" value ="3"/>
         <Value name="IgnoredClassRunner" source ="IgnoredClassRunner.java" package ="org.junit.internal.builders" value ="3"/>
         <Value name="IsCollectionContaining" source ="IsCollectionContaining.java" package ="org.junit.internal.matchers" value ="3"/>
         <Value name="StringContains" source ="StringContains.java" package ="org.junit.internal.matchers" value ="3"/>
         <Value name="ClassRequest" source ="ClassRequest.java" package ="org.junit.internal.requests" value ="3"/>
         <Value name="Filter" source ="Filter.java" package ="org.junit.runner.manipulation" value ="3"/>
         <Value name="Sorter" source ="Sorter.java" package ="org.junit.runner.manipulation" value ="3"/>
         <Value name="FrameworkMember" source ="FrameworkMember.java" package ="org.junit.runners.model" value ="3"/>
         <Value name="Runner" source ="Runner.java" package ="org.junit.runner" value ="3"/>
         <Value name="OneTestCase" source ="OneTestCase.java" package ="junit.tests.framework" value ="3"/>
         <Value name="DoubleTestCase" source ="TestImplementorTest.java" package ="junit.tests.framework" value ="3"/>
         <Value name="ThreeTestCases" source ="ThreeTestCases.java" package ="junit.tests.framework" value ="3"/>
         <Value name="SimpleTest" source ="SimpleTest.java" package ="org.junit.samples" value ="3"/>
         <Value name="UnconstructableExample" source ="JUnit4ClassRunnerTest.java" package ="org.junit.tests.deprecated" value ="3"/>
         <Value name="SuiteDescriptionTest" source ="SuiteDescriptionTest.java" package ="org.junit.tests.description" value ="3"/>
         <Value name="CategoriesAndParameterizedTest" source ="CategoriesAndParameterizedTest.java" package ="org.junit.tests.experimental.categories" value ="3"/>
         <Value name="DescriptionTest" source ="DescriptionTest.java" package ="org.junit.tests.experimental.max" value ="3"/>
         <Value name="JUnit38SortingTest" source ="JUnit38SortingTest.java" package ="org.junit.tests.experimental.max" value ="3"/>
         <Value name="JUnit38Test" source ="JUnit38SortingTest.java" package ="org.junit.tests.experimental.max" value ="3"/>
         <Value name="ClassRulesTest" source ="ClassRulesTest.java" package ="org.junit.tests.experimental.rules" value ="3"/>
         <Value name="HasExpectedException" source ="ExpectedExceptionRuleTest.java" package ="org.junit.tests.experimental.rules" value ="3"/>
         <Value name="BeforesAndAfters" source ="MethodRulesTest.java" package ="org.junit.tests.experimental.rules" value ="3"/>
         <Value name="BeforeAndAfterTest" source ="NameRulesTest.java" package ="org.junit.tests.experimental.rules" value ="3"/>
         <Value name="BeforesAndAfters" source ="TestRuleTest.java" package ="org.junit.tests.experimental.rules" value ="3"/>
         <Value name="ParameterSignatureTest" source ="ParameterSignatureTest.java" package ="org.junit.tests.experimental.theories" value ="3"/>
         <Value name="ForwardCompatibilityPrintingTest" source ="ForwardCompatibilityPrintingTest.java" package ="org.junit.tests.junit3compatibility" value ="3"/>
         <Value name="NewTest" source ="ForwardCompatibilityTest.java" package ="org.junit.tests.junit3compatibility" value ="3"/>
         <Value name="CantInitialize" source ="InitializationErrorForwardCompatibilityTest.java" package ="org.junit.tests.junit3compatibility" value ="3"/>
         <Value name="RunnerTest" source ="RunnerTest.java" package ="org.junit.tests.listening" value ="3"/>
         <Value name="TestListenerTest" source ="TestListenerTest.java" package ="org.junit.tests.listening" value ="3"/>
         <Value name="UserStopTest" source ="UserStopTest.java" package ="org.junit.tests.listening" value ="3"/>
         <Value name="FilteredTest" source ="FilterableTest.java" package ="org.junit.tests.manipulation" value ="3"/>
         <Value name="TestClassRunnerIsSortableWithSuiteMethod" source ="SortableTest.java" package ="org.junit.tests.manipulation" value ="3"/>
         <Value name="EnclosedTest" source ="EnclosedTest.java" package ="org.junit.tests.running.classes" value ="3"/>
         <Value name="FibonacciTest" source ="ParameterizedTestTest.java" package ="org.junit.tests.running.classes" value ="3"/>
         <Value name="RunWithTest" source ="RunWithTest.java" package ="org.junit.tests.running.classes" value ="3"/>
         <Value name="OrderTest" source ="AnnotationTest.java" package ="org.junit.tests.running.methods" value ="3"/>
         <Value name="RunAllAftersRegardless" source ="AnnotationTest.java" package ="org.junit.tests.running.methods" value ="3"/>
         <Value name="SubInheritance" source ="AnnotationTest.java" package ="org.junit.tests.running.methods" value ="3"/>
         <Value name="SubShadowing" source ="AnnotationTest.java" package ="org.junit.tests.running.methods" value ="3"/>
         <Value name="ParameterizedTestMethodTest" source ="ParameterizedTestMethodTest.java" package ="org.junit.tests.running.methods" value ="3"/>
         <Value name="IgnoredTest" source ="TestMethodTest.java" package ="org.junit.tests.running.methods" value ="3"/>
         <Value name="AssertionFailedError" source ="AssertionFailedError.java" package ="junit.framework" value ="2"/>
         <Value name="TestComparator" source ="MaxHistory.java" package ="org.junit.experimental.max" value ="2"/>
         <Value name="FailureList" source ="FailureList.java" package ="org.junit.experimental.results" value ="2"/>
         <Value name="Listed" source ="Listed.java" package ="org.junit.experimental.runners" value ="2"/>
         <Value name="ParameterizedAssertionError" source ="ParameterizedAssertionError.java" package ="org.junit.experimental.theories.internal" value ="2"/>
         <Value name="PotentialAssignment" source ="PotentialAssignment.java" package ="org.junit.experimental.theories" value ="2"/>
         <Value name="JUnit3Builder" source ="JUnit3Builder.java" package ="org.junit.internal.builders" value ="2"/>
         <Value name="SuiteMethodBuilder" source ="SuiteMethodBuilder.java" package ="org.junit.internal.builders" value ="2"/>
         <Value name="FilterRequest" source ="FilterRequest.java" package ="org.junit.internal.requests" value ="2"/>
         <Value name="SortingRequest" source ="SortingRequest.java" package ="org.junit.internal.requests" value ="2"/>
         <Value name="MultipleFailureException" source ="MultipleFailureException.java" package ="org.junit.internal.runners.model" value ="2"/>
         <Value name="ReflectiveCallable" source ="ReflectiveCallable.java" package ="org.junit.internal.runners.model" value ="2"/>
         <Value name="ExpectException" source ="ExpectException.java" package ="org.junit.internal.runners.statements" value ="2"/>
         <Value name="Fail" source ="Fail.java" package ="org.junit.internal.runners.statements" value ="2"/>
         <Value name="FailOnTimeout" source ="FailOnTimeout.java" package ="org.junit.internal.runners.statements" value ="2"/>
         <Value name="InvokeMethod" source ="InvokeMethod.java" package ="org.junit.internal.runners.statements" value ="2"/>
         <Value name="RunAfters" source ="RunAfters.java" package ="org.junit.internal.runners.statements" value ="2"/>
         <Value name="RunBefores" source ="RunBefores.java" package ="org.junit.internal.runners.statements" value ="2"/>
         <Value name="InexactComparisonCriteria" source ="InexactComparisonCriteria.java" package ="org.junit.internal" value ="2"/>
         <Value name="RealSystem" source ="RealSystem.java" package ="org.junit.internal" value ="2"/>
         <Value name="ExpectedExceptionStatement" source ="ExpectedException.java" package ="org.junit.rules" value ="2"/>
         <Value name="TestName" source ="TestName.java" package ="org.junit.rules" value ="2"/>
         <Value name="Timeout" source ="Timeout.java" package ="org.junit.rules" value ="2"/>
         <Value name="Verifier" source ="Verifier.java" package ="org.junit.rules" value ="2"/>
         <Value name="SafeNotifier" source ="RunNotifier.java" package ="org.junit.runner.notification" value ="2"/>
         <Value name="Computer" source ="Computer.java" package ="org.junit.runner" value ="2"/>
         <Value name="TornDown" source ="ExtensionTest.java" package ="junit.tests.extensions" value ="2"/>
         <Value name="ComparisonFailureTest" source ="ComparisonFailureTest.java" package ="junit.tests.framework" value ="2"/>
         <Value name="NotPublicTestCase" source ="NotPublicTestCase.java" package ="junit.tests.framework" value ="2"/>
         <Value name="NotVoidTestCase" source ="NotVoidTestCase.java" package ="junit.tests.framework" value ="2"/>
         <Value name="Success" source ="Success.java" package ="junit.tests.framework" value ="2"/>
         <Value name="TornDown" source ="TestCaseTest.java" package ="junit.tests.framework" value ="2"/>
         <Value name="TestImplementorTest" source ="TestImplementorTest.java" package ="junit.tests.framework" value ="2"/>
         <Value name="BaseTestRunnerTest" source ="BaseTestRunnerTest.java" package ="junit.tests.runner" value ="2"/>
         <Value name="StackFilterTest" source ="StackFilterTest.java" package ="junit.tests.runner" value ="2"/>
         <Value name="TestResultPrinter" source ="TextFeedbackTest.java" package ="junit.tests.runner" value ="2"/>
         <Value name="InvocationTest" source ="TextRunnerSingleMethodTest.java" package ="junit.tests.runner" value ="2"/>
         <Value name="JUnit4ClassRunnerTest" source ="JUnit4ClassRunnerTest.java" package ="org.junit.tests.deprecated" value ="2"/>
         <Value name="Example" source ="JUnit4ClassRunnerTest.java" package ="org.junit.tests.deprecated" value ="2"/>
         <Value name="ParameterizedTestWithAttemptedMethodCategory" source ="CategoriesAndParameterizedTest.java" package ="org.junit.tests.experimental.categories" value ="2"/>
         <Value name="WellBehavedParameterizedTest" source ="CategoriesAndParameterizedTest.java" package ="org.junit.tests.experimental.categories" value ="2"/>
         <Value name="A" source ="CategoryTest.java" package ="org.junit.tests.experimental.categories" value ="2"/>
         <Value name="OneFastOneSlow" source ="CategoryTest.java" package ="org.junit.tests.experimental.categories" value ="2"/>
         <Value name="HalfMalformedJUnit38TestMethod" source ="MaxStarterTest.java" package ="org.junit.tests.experimental.max" value ="2"/>
         <Value name="MalformedJUnit38Test" source ="MaxStarterTest.java" package ="org.junit.tests.experimental.max" value ="2"/>
         <Value name="TwoOldTests" source ="MaxStarterTest.java" package ="org.junit.tests.experimental.max" value ="2"/>
         <Value name="TwoTests" source ="MaxStarterTest.java" package ="org.junit.tests.experimental.max" value ="2"/>
         <Value name="TwoUnEqualTests" source ="MaxStarterTest.java" package ="org.junit.tests.experimental.max" value ="2"/>
         <Value name="ParallelClassTest" source ="ParallelClassTest.java" package ="org.junit.tests.experimental.parallel" value ="2"/>
         <Value name="ParallelMethodTest" source ="ParallelMethodTest.java" package ="org.junit.tests.experimental.parallel" value ="2"/>
         <Value name="Example" source ="ParallelMethodTest.java" package ="org.junit.tests.experimental.parallel" value ="2"/>
         <Value name="PrintableResultTest" source ="PrintableResultTest.java" package ="org.junit.tests.experimental.results" value ="2"/>
         <Value name="ResultMatchersTest" source ="ResultMatchersTest.java" package ="org.junit.tests.experimental.results" value ="2"/>
         <Value name="ExampleTestWithClassRule" source ="ClassRulesTest.java" package ="org.junit.tests.experimental.rules" value ="2"/>
         <Value name="ExampleTestWithCustomClassRule" source ="ClassRulesTest.java" package ="org.junit.tests.experimental.rules" value ="2"/>
         <Value name="WatchmanTest" source ="MethodRulesTest.java" package ="org.junit.tests.experimental.rules" value ="2"/>
         <Value name="TestNames" source ="NameRulesTest.java" package ="org.junit.tests.experimental.rules" value ="2"/>
         <Value name="BothKindsOfRule" source ="TestRuleTest.java" package ="org.junit.tests.experimental.rules" value ="2"/>
         <Value name="WatchmanTest" source ="TestRuleTest.java" package ="org.junit.tests.experimental.rules" value ="2"/>
         <Value name="HasGlobalTimeout" source ="TimeoutRuleTest.java" package ="org.junit.tests.experimental.rules" value ="2"/>
         <Value name="GuesserQueue" source ="GuesserQueue.java" package ="org.junit.tests.experimental.theories.extendingwithstubs" value ="2"/>
         <Value name="ReguessableValue" source ="ReguessableValue.java" package ="org.junit.tests.experimental.theories.extendingwithstubs" value ="2"/>
         <Value name="StubbedTheories" source ="StubbedTheories.java" package ="org.junit.tests.experimental.theories.extendingwithstubs" value ="2"/>
         <Value name="BeforeAndAfterEachTime" source ="SuccessfulWithDataPointFields.java" package ="org.junit.tests.experimental.theories.runner" value ="2"/>
         <Value name="BeforeAndAfterOnSameInstance" source ="SuccessfulWithDataPointFields.java" package ="org.junit.tests.experimental.theories.runner" value ="2"/>
         <Value name="DifferentTypesInConstructor" source ="SuccessfulWithDataPointFields.java" package ="org.junit.tests.experimental.theories.runner" value ="2"/>
         <Value name="PositiveInts" source ="SuccessfulWithDataPointFields.java" package ="org.junit.tests.experimental.theories.runner" value ="2"/>
         <Value name="PositiveIntsWithMethodParams" source ="SuccessfulWithDataPointFields.java" package ="org.junit.tests.experimental.theories.runner" value ="2"/>
         <Value name="PositiveIntsWithNegativeField" source ="SuccessfulWithDataPointFields.java" package ="org.junit.tests.experimental.theories.runner" value ="2"/>
         <Value name="AssumptionFailureInConstructor" source ="AssumptionTest.java" package ="org.junit.tests.experimental" value ="2"/>
         <Value name="HasFailingAssumeInBefore" source ="AssumptionTest.java" package ="org.junit.tests.experimental" value ="2"/>
         <Value name="TestResultPrinter" source ="ForwardCompatibilityPrintingTest.java" package ="org.junit.tests.junit3compatibility" value ="2"/>
         <Value name="ExceptionInBeforeTest" source ="ForwardCompatibilityTest.java" package ="org.junit.tests.junit3compatibility" value ="2"/>
         <Value name="InvalidMethodTest" source ="ForwardCompatibilityTest.java" package ="org.junit.tests.junit3compatibility" value ="2"/>
         <Value name="NewTestSuiteNotUsed" source ="SuiteMethodTest.java" package ="org.junit.tests.junit3compatibility" value ="2"/>
         <Value name="OldTest" source ="SuiteMethodTest.java" package ="org.junit.tests.junit3compatibility" value ="2"/>
         <Value name="HasSuiteMethod" source ="SingleMethodTest.java" package ="org.junit.tests.manipulation" value ="2"/>
         <Value name="OneTimeSetup" source ="SingleMethodTest.java" package ="org.junit.tests.manipulation" value ="2"/>
         <Value name="ParameterizedOneTimeBeforeClass" source ="SingleMethodTest.java" package ="org.junit.tests.manipulation" value ="2"/>
         <Value name="ParameterizedOneTimeSetup" source ="SingleMethodTest.java" package ="org.junit.tests.manipulation" value ="2"/>
         <Value name="TestOne" source ="SingleMethodTest.java" package ="org.junit.tests.manipulation" value ="2"/>
         <Value name="TestTwo" source ="SingleMethodTest.java" package ="org.junit.tests.manipulation" value ="2"/>
         <Value name="IgnoreMe" source ="IgnoreClassTest.java" package ="org.junit.tests.running.classes" value ="2"/>
         <Value name="BeforeAndAfter" source ="ParameterizedTestTest.java" package ="org.junit.tests.running.classes" value ="2"/>
         <Value name="PrivateConstructor" source ="ParameterizedTestTest.java" package ="org.junit.tests.running.classes" value ="2"/>
         <Value name="BadRunner" source ="RunWithTest.java" package ="org.junit.tests.running.classes" value ="2"/>
         <Value name="TestClassTest" source ="TestClassTest.java" package ="org.junit.tests.running.classes" value ="2"/>
         <Value name="TwoConstructors" source ="TestClassTest.java" package ="org.junit.tests.running.classes" value ="2"/>
         <Value name="NonStaticOneTimeSetup" source ="AnnotationTest.java" package ="org.junit.tests.running.methods" value ="2"/>
         <Value name="OneTimeSetup" source ="AnnotationTest.java" package ="org.junit.tests.running.methods" value ="2"/>
         <Value name="OneTimeTeardown" source ="AnnotationTest.java" package ="org.junit.tests.running.methods" value ="2"/>
         <Value name="RunAllAfterClasses" source ="AnnotationTest.java" package ="org.junit.tests.running.methods" value ="2"/>
         <Value name="SetupFailureTest" source ="AnnotationTest.java" package ="org.junit.tests.running.methods" value ="2"/>
         <Value name="SetupTest" source ="AnnotationTest.java" package ="org.junit.tests.running.methods" value ="2"/>
         <Value name="SuperInheritance" source ="AnnotationTest.java" package ="org.junit.tests.running.methods" value ="2"/>
         <Value name="SuperShadowing" source ="AnnotationTest.java" package ="org.junit.tests.running.methods" value ="2"/>
         <Value name="SuperTest" source ="AnnotationTest.java" package ="org.junit.tests.running.methods" value ="2"/>
         <Value name="TeardownAfterFailureTest" source ="AnnotationTest.java" package ="org.junit.tests.running.methods" value ="2"/>
         <Value name="TeardownFailureTest" source ="AnnotationTest.java" package ="org.junit.tests.running.methods" value ="2"/>
         <Value name="TeardownTest" source ="AnnotationTest.java" package ="org.junit.tests.running.methods" value ="2"/>
         <Value name="TestAndTeardownFailureTest" source ="AnnotationTest.java" package ="org.junit.tests.running.methods" value ="2"/>
         <Value name="TwoTests" source ="AnnotationTest.java" package ="org.junit.tests.running.methods" value ="2"/>
         <Value name="InheritedTestTest" source ="InheritedTestTest.java" package ="org.junit.tests.running.methods" value ="2"/>
         <Value name="Confused" source ="TestMethodTest.java" package ="org.junit.tests.running.methods" value ="2"/>
         <Value name="ConstructorParameter" source ="TestMethodTest.java" package ="org.junit.tests.running.methods" value ="2"/>
         <Value name="ImpatientLoopTest" source ="TimeoutTest.java" package ="org.junit.tests.running.methods" value ="2"/>
         <Value name="InfiniteLoopTest" source ="TimeoutTest.java" package ="org.junit.tests.running.methods" value ="2"/>
         <Value name="WillTimeOut" source ="TimeoutTest.java" package ="org.junit.tests.running.methods" value ="2"/>
         <Value name="BadBeforeMethodWithLegacyRunner" source ="BadlyFormedClassesTest.java" package ="org.junit.tests.validation" value ="2"/>
         <Value name="FaultyConstructor" source ="BadlyFormedClassesTest.java" package ="org.junit.tests.validation" value ="2"/>
         <Value name="CantConstruct" source ="FailedConstructionTest.java" package ="org.junit.tests.validation" value ="2"/>
         <Value name="ValidationTest" source ="ValidationTest.java" package ="org.junit.tests.validation" value ="2"/>
         <Value name="NonStaticBeforeClass" source ="ValidationTest.java" package ="org.junit.tests.validation" value ="2"/>
         <Value name="ObjectContractTest" source ="ObjectContractTest.java" package ="org.junit.tests" value ="2"/>
         <Value name="FruitTest" source ="ParentRunnerTest.java" package ="org.junit.tests" value ="2"/>
         <Value name="Assert" source ="Assert.java" package ="junit.framework" value ="1"/>
         <Value name="Version" source ="Version.java" package ="junit.runner" value ="1"/>
         <Value name="IncludeCategory" source ="Categories.java" package ="org.junit.experimental.categories" value ="1"/>
         <Value name="CouldNotReadCoreException" source ="CouldNotReadCoreException.java" package ="org.junit.experimental.max" value ="1"/>
         <Value name="Enclosed" source ="Enclosed.java" package ="org.junit.experimental.runners" value ="1"/>
         <Value name="TestedOnSupplier" source ="TestedOnSupplier.java" package ="org.junit.experimental.theories.suppliers" value ="1"/>
         <Value name="ParameterSupplier" source ="ParameterSupplier.java" package ="org.junit.experimental.theories" value ="1"/>
         <Value name="IgnoredBuilder" source ="IgnoredBuilder.java" package ="org.junit.internal.builders" value ="1"/>
         <Value name="JUnit4Builder" source ="JUnit4Builder.java" package ="org.junit.internal.builders" value ="1"/>
         <Value name="NullBuilder" source ="NullBuilder.java" package ="org.junit.internal.builders" value ="1"/>
         <Value name="SuiteMethod" source ="SuiteMethod.java" package ="org.junit.internal.runners" value ="1"/>
         <Value name="ExactComparisonCriteria" source ="ExactComparisonCriteria.java" package ="org.junit.internal" value ="1"/>
         <Value name="Statement" source ="Statement.java" package ="org.junit.runners.model" value ="1"/>
         <Value name="AllTests" source ="AllTests.java" package ="org.junit.runners" value ="1"/>
         <Value name="JUnit4" source ="JUnit4.java" package ="org.junit.runners" value ="1"/>
         <Value name="Assert" source ="Assert.java" package ="org.junit" value ="1"/>
         <Value name="SuccessTest" source ="ActiveTestTest.java" package ="junit.tests.extensions" value ="1"/>
         <Value name="SuccessTest" source ="RepeatedTestTest.java" package ="junit.tests.extensions" value ="1"/>
         <Value name="Failure" source ="Failure.java" package ="junit.tests.framework" value ="1"/>
         <Value name="InheritedTestCase" source ="InheritedTestCase.java" package ="junit.tests.framework" value ="1"/>
         <Value name="NoArgTestCaseTest" source ="NoArgTestCaseTest.java" package ="junit.tests.framework" value ="1"/>
         <Value name="NoTestCaseClass" source ="NoTestCaseClass.java" package ="junit.tests.framework" value ="1"/>
         <Value name="NoTestCases" source ="NoTestCases.java" package ="junit.tests.framework" value ="1"/>
         <Value name="OverrideTestCase" source ="OverrideTestCase.java" package ="junit.tests.framework" value ="1"/>
         <Value name="NonStatic" source ="BaseTestRunnerTest.java" package ="junit.tests.runner" value ="1"/>
         <Value name="TextRunnerSingleMethodTest" source ="TextRunnerSingleMethodTest.java" package ="junit.tests.runner" value ="1"/>
         <Value name="WasRun" source ="WasRun.java" package ="junit.tests" value ="1"/>
         <Value name="EachTest" source ="EachTest.java" package ="org.junit.tests.assertion" value ="1"/>
         <Value name="AnnotatedClass" source ="AnnotatedDescriptionTest.java" package ="org.junit.tests.description" value ="1"/>
         <Value name="IgnoredClass" source ="AnnotatedDescriptionTest.java" package ="org.junit.tests.description" value ="1"/>
         <Value name="TestDescriptionTest" source ="TestDescriptionTest.java" package ="org.junit.tests.description" value ="1"/>
         <Value name="VanillaCategorizedJUnitTest" source ="CategoriesAndParameterizedTest.java" package ="org.junit.tests.experimental.categories" value ="1"/>
         <Value name="B" source ="CategoryTest.java" package ="org.junit.tests.experimental.categories" value ="1"/>
         <Value name="C" source ="CategoryTest.java" package ="org.junit.tests.experimental.categories" value ="1"/>
         <Value name="OneFast" source ="CategoryTest.java" package ="org.junit.tests.experimental.categories" value ="1"/>
         <Value name="OneMoreTest" source ="CategoryTest.java" package ="org.junit.tests.experimental.categories" value ="1"/>
         <Value name="OneThatIsBothFastAndSlow" source ="CategoryTest.java" package ="org.junit.tests.experimental.categories" value ="1"/>
         <Value name="OneVerySlowTest" source ="CategoryTest.java" package ="org.junit.tests.experimental.categories" value ="1"/>
         <Value name="JUnit4Test" source ="JUnit38SortingTest.java" package ="org.junit.tests.experimental.max" value ="1"/>
         <Value name="MalformedJUnit38TestMethod" source ="MaxStarterTest.java" package ="org.junit.tests.experimental.max" value ="1"/>
         <Value name="Example1" source ="ParallelClassTest.java" package ="org.junit.tests.experimental.parallel" value ="1"/>
         <Value name="Example2" source ="ParallelClassTest.java" package ="org.junit.tests.experimental.parallel" value ="1"/>
         <Value name="Counter" source ="ClassRulesTest.java" package ="org.junit.tests.experimental.rules" value ="1"/>
         <Value name="CustomCounter" source ="ClassRulesTest.java" package ="org.junit.tests.experimental.rules" value ="1"/>
         <Value name="ExpectedMessageMatcherFails" source ="ExpectedExceptionRuleTest.java" package ="org.junit.tests.experimental.rules" value ="1"/>
         <Value name="ExpectsMatcher" source ="ExpectedExceptionRuleTest.java" package ="org.junit.tests.experimental.rules" value ="1"/>
         <Value name="ExpectsMessageMatcher" source ="ExpectedExceptionRuleTest.java" package ="org.junit.tests.experimental.rules" value ="1"/>
         <Value name="ExpectsMultipleMatchers" source ="ExpectedExceptionRuleTest.java" package ="org.junit.tests.experimental.rules" value ="1"/>
         <Value name="ExpectsSubstring" source ="ExpectedExceptionRuleTest.java" package ="org.junit.tests.experimental.rules" value ="1"/>
         <Value name="ExpectsSubstringNullMessage" source ="ExpectedExceptionRuleTest.java" package ="org.junit.tests.experimental.rules" value ="1"/>
         <Value name="HasWrongExpectedException" source ="ExpectedExceptionRuleTest.java" package ="org.junit.tests.experimental.rules" value ="1"/>
         <Value name="HasWrongMessage" source ="ExpectedExceptionRuleTest.java" package ="org.junit.tests.experimental.rules" value ="1"/>
         <Value name="WronglyExpectsException" source ="ExpectedExceptionRuleTest.java" package ="org.junit.tests.experimental.rules" value ="1"/>
         <Value name="WronglyExpectsExceptionMessage" source ="ExpectedExceptionRuleTest.java" package ="org.junit.tests.experimental.rules" value ="1"/>
         <Value name="ExternalResourceRuleTest" source ="ExternalResourceRuleTest.java" package ="org.junit.tests.experimental.rules" value ="1"/>
         <Value name="UsesExternalResource" source ="ExternalResourceRuleTest.java" package ="org.junit.tests.experimental.rules" value ="1"/>
         <Value name="CustomTestName" source ="MethodRulesTest.java" package ="org.junit.tests.experimental.rules" value ="1"/>
         <Value name="ExampleTest" source ="MethodRulesTest.java" package ="org.junit.tests.experimental.rules" value ="1"/>
         <Value name="MultipleRuleTest" source ="MethodRulesTest.java" package ="org.junit.tests.experimental.rules" value ="1"/>
         <Value name="NoRulesTest" source ="MethodRulesTest.java" package ="org.junit.tests.experimental.rules" value ="1"/>
         <Value name="OnFailureTest" source ="MethodRulesTest.java" package ="org.junit.tests.experimental.rules" value ="1"/>
         <Value name="PrivateRule" source ="MethodRulesTest.java" package ="org.junit.tests.experimental.rules" value ="1"/>
         <Value name="UsesCustomMethodRule" source ="MethodRulesTest.java" package ="org.junit.tests.experimental.rules" value ="1"/>
         <Value name="WrongTypedField" source ="MethodRulesTest.java" package ="org.junit.tests.experimental.rules" value ="1"/>
         <Value name="CreatesSubFolder" source ="TempFolderRuleTest.java" package ="org.junit.tests.experimental.rules" value ="1"/>
         <Value name="HasTempFolder" source ="TempFolderRuleTest.java" package ="org.junit.tests.experimental.rules" value ="1"/>
         <Value name="CustomTestName" source ="TestRuleTest.java" package ="org.junit.tests.experimental.rules" value ="1"/>
         <Value name="ExampleTest" source ="TestRuleTest.java" package ="org.junit.tests.experimental.rules" value ="1"/>
         <Value name="MultipleRuleTest" source ="TestRuleTest.java" package ="org.junit.tests.experimental.rules" value ="1"/>
         <Value name="NoRulesTest" source ="TestRuleTest.java" package ="org.junit.tests.experimental.rules" value ="1"/>
         <Value name="OnFailureTest" source ="TestRuleTest.java" package ="org.junit.tests.experimental.rules" value ="1"/>
         <Value name="OneFieldTwoKindsOfRule" source ="TestRuleTest.java" package ="org.junit.tests.experimental.rules" value ="1"/>
         <Value name="PrivateRule" source ="TestRuleTest.java" package ="org.junit.tests.experimental.rules" value ="1"/>
         <Value name="UsesCustomMethodRule" source ="TestRuleTest.java" package ="org.junit.tests.experimental.rules" value ="1"/>
         <Value name="WrongTypedField" source ="TestRuleTest.java" package ="org.junit.tests.experimental.rules" value ="1"/>
         <Value name="TimeoutRuleTest" source ="TimeoutRuleTest.java" package ="org.junit.tests.experimental.rules" value ="1"/>
         <Value name="UsesErrorCollector" source ="VerifierRuleTest.java" package ="org.junit.tests.experimental.rules" value ="1"/>
         <Value name="UsesErrorCollectorCheckSucceeds" source ="VerifierRuleTest.java" package ="org.junit.tests.experimental.rules" value ="1"/>
         <Value name="UsesErrorCollectorCheckSucceedsPasses" source ="VerifierRuleTest.java" package ="org.junit.tests.experimental.rules" value ="1"/>
         <Value name="UsesErrorCollectorCheckThat" source ="VerifierRuleTest.java" package ="org.junit.tests.experimental.rules" value ="1"/>
         <Value name="UsesErrorCollectorTwice" source ="VerifierRuleTest.java" package ="org.junit.tests.experimental.rules" value ="1"/>
         <Value name="UsesVerifier" source ="VerifierRuleTest.java" package ="org.junit.tests.experimental.rules" value ="1"/>
         <Value name="StubbedTheoriesTest" source ="StubbedTheoriesTest.java" package ="org.junit.tests.experimental.theories.extendingwithstubs" value ="1"/>
         <Value name="HasATwoParameterTheory" source ="SuccessfulWithDataPointFields.java" package ="org.junit.tests.experimental.theories.runner" value ="1"/>
         <Value name="NewObjectEachTime" source ="SuccessfulWithDataPointFields.java" package ="org.junit.tests.experimental.theories.runner" value ="1"/>
         <Value name="OneTestTwoAnnotations" source ="SuccessfulWithDataPointFields.java" package ="org.junit.tests.experimental.theories.runner" value ="1"/>
         <Value name="StaticPublicNonDataPoints" source ="SuccessfulWithDataPointFields.java" package ="org.junit.tests.experimental.theories.runner" value ="1"/>
         <Value name="TheoriesPerformanceTest" source ="TheoriesPerformanceTest.java" package ="org.junit.tests.experimental.theories.runner" value ="1"/>
         <Value name="UpToTen" source ="TheoriesPerformanceTest.java" package ="org.junit.tests.experimental.theories.runner" value ="1"/>
         <Value name="DataPointsMustBeStatic" source ="UnsuccessfulWithDataPointFields.java" package ="org.junit.tests.experimental.theories.runner" value ="1"/>
         <Value name="DoesntUseParams" source ="UnsuccessfulWithDataPointFields.java" package ="org.junit.tests.experimental.theories.runner" value ="1"/>
         <Value name="HasATheory" source ="UnsuccessfulWithDataPointFields.java" package ="org.junit.tests.experimental.theories.runner" value ="1"/>
         <Value name="NullsOK" source ="UnsuccessfulWithDataPointFields.java" package ="org.junit.tests.experimental.theories.runner" value ="1"/>
         <Value name="TheoriesMustBePublic" source ="UnsuccessfulWithDataPointFields.java" package ="org.junit.tests.experimental.theories.runner" value ="1"/>
         <Value name="WhenNoParametersMatch" source ="WhenNoParametersMatch.java" package ="org.junit.tests.experimental.theories.runner" value ="1"/>
         <Value name="AssumptionsFail" source ="WhenNoParametersMatch.java" package ="org.junit.tests.experimental.theories.runner" value ="1"/>
         <Value name="DataPointMethodReturnsMutableObject" source ="WithDataPointMethod.java" package ="org.junit.tests.experimental.theories.runner" value ="1"/>
         <Value name="HasDataPointMethod" source ="WithDataPointMethod.java" package ="org.junit.tests.experimental.theories.runner" value ="1"/>
         <Value name="HasUglyDataPointMethod" source ="WithDataPointMethod.java" package ="org.junit.tests.experimental.theories.runner" value ="1"/>
         <Value name="DataPointArrayMethod" source ="WithExtendedParameterSources.java" package ="org.junit.tests.experimental.theories.runner" value ="1"/>
         <Value name="DataPointArrayToBeUsedForWholeParameter" source ="WithExtendedParameterSources.java" package ="org.junit.tests.experimental.theories.runner" value ="1"/>
         <Value name="DataPointArrays" source ="WithExtendedParameterSources.java" package ="org.junit.tests.experimental.theories.runner" value ="1"/>
         <Value name="DataPointMalformedArrayMethods" source ="WithExtendedParameterSources.java" package ="org.junit.tests.experimental.theories.runner" value ="1"/>
         <Value name="ParameterAnnotations" source ="WithExtendedParameterSources.java" package ="org.junit.tests.experimental.theories.runner" value ="1"/>
         <Value name="ShouldFilterNull" source ="WithExtendedParameterSources.java" package ="org.junit.tests.experimental.theories.runner" value ="1"/>
         <Value name="ErrorWhenTestHasParametersDespiteTheories" source ="WithOnlyTestAnnotations.java" package ="org.junit.tests.experimental.theories.runner" value ="1"/>
         <Value name="HonorExpectedException" source ="WithOnlyTestAnnotations.java" package ="org.junit.tests.experimental.theories.runner" value ="1"/>
         <Value name="HonorExpectedExceptionPasses" source ="WithOnlyTestAnnotations.java" package ="org.junit.tests.experimental.theories.runner" value ="1"/>
         <Value name="HonorTimeout" source ="WithOnlyTestAnnotations.java" package ="org.junit.tests.experimental.theories.runner" value ="1"/>
         <Value name="AllMembersSupplierTest" source ="AllMembersSupplierTest.java" package ="org.junit.tests.experimental.theories" value ="1"/>
         <Value name="HasDataPoints" source ="AllMembersSupplierTest.java" package ="org.junit.tests.experimental.theories" value ="1"/>
         <Value name="HasFailingAssumeInBeforeClass" source ="AssumptionTest.java" package ="org.junit.tests.experimental" value ="1"/>
         <Value name="HasFailingAssumption" source ="AssumptionTest.java" package ="org.junit.tests.experimental" value ="1"/>
         <Value name="HasPassingAssumption" source ="AssumptionTest.java" package ="org.junit.tests.experimental" value ="1"/>
         <Value name="MatcherTest" source ="MatcherTest.java" package ="org.junit.tests.experimental" value ="1"/>
         <Value name="JUnit4Test" source ="AllTestsTest.java" package ="org.junit.tests.junit3compatibility" value ="1"/>
         <Value name="OneTest" source ="AllTestsTest.java" package ="org.junit.tests.junit3compatibility" value ="1"/>
         <Value name="ClassRequestTest" source ="ClassRequestTest.java" package ="org.junit.tests.junit3compatibility" value ="1"/>
         <Value name="ATest" source ="ForwardCompatibilityPrintingTest.java" package ="org.junit.tests.junit3compatibility" value ="1"/>
         <Value name="ErrorTest" source ="ForwardCompatibilityTest.java" package ="org.junit.tests.junit3compatibility" value ="1"/>
         <Value name="ExpectedTest" source ="ForwardCompatibilityTest.java" package ="org.junit.tests.junit3compatibility" value ="1"/>
         <Value name="NoExceptionTest" source ="ForwardCompatibilityTest.java" package ="org.junit.tests.junit3compatibility" value ="1"/>
         <Value name="UnExpectedExceptionTest" source ="ForwardCompatibilityTest.java" package ="org.junit.tests.junit3compatibility" value ="1"/>
         <Value name="InitializesWithError" source ="InitializationErrorForwardCompatibilityTest.java" package ="org.junit.tests.junit3compatibility" value ="1"/>
         <Value name="AnnotatedTest" source ="JUnit38ClassRunnerTest.java" package ="org.junit.tests.junit3compatibility" value ="1"/>
         <Value name="ClassWithInvalidMethod" source ="JUnit38ClassRunnerTest.java" package ="org.junit.tests.junit3compatibility" value ="1"/>
         <Value name="MyTest" source ="JUnit38ClassRunnerTest.java" package ="org.junit.tests.junit3compatibility" value ="1"/>
         <Value name="OneTest" source ="JUnit38ClassRunnerTest.java" package ="org.junit.tests.junit3compatibility" value ="1"/>
         <Value name="OldTestClassAdaptingListenerTest" source ="OldTestClassAdaptingListenerTest.java" package ="org.junit.tests.junit3compatibility" value ="1"/>
         <Value name="CompatibilityTest" source ="SuiteMethodTest.java" package ="org.junit.tests.junit3compatibility" value ="1"/>
         <Value name="NewTest" source ="SuiteMethodTest.java" package ="org.junit.tests.junit3compatibility" value ="1"/>
         <Value name="NewTestSuiteFails" source ="SuiteMethodTest.java" package ="org.junit.tests.junit3compatibility" value ="1"/>
         <Value name="ListenerTest" source ="ListenerTest.java" package ="org.junit.tests.listening" value ="1"/>
         <Value name="OneTest" source ="ListenerTest.java" package ="org.junit.tests.listening" value ="1"/>
         <Value name="Example" source ="RunnerTest.java" package ="org.junit.tests.listening" value ="1"/>
         <Value name="ExampleTest" source ="RunnerTest.java" package ="org.junit.tests.listening" value ="1"/>
         <Value name="MyListener" source ="RunnerTest.java" package ="org.junit.tests.listening" value ="1"/>
         <Value name="NewExample" source ="RunnerTest.java" package ="org.junit.tests.listening" value ="1"/>
         <Value name="ErrorListener" source ="TestListenerTest.java" package ="org.junit.tests.listening" value ="1"/>
         <Value name="ExceptionListener" source ="TestListenerTest.java" package ="org.junit.tests.listening" value ="1"/>
         <Value name="OneTest" source ="TestListenerTest.java" package ="org.junit.tests.listening" value ="1"/>
         <Value name="ErrorTest" source ="TextListenerTest.java" package ="org.junit.tests.listening" value ="1"/>
         <Value name="OneTest" source ="TextListenerTest.java" package ="org.junit.tests.listening" value ="1"/>
         <Value name="Slow" source ="TextListenerTest.java" package ="org.junit.tests.listening" value ="1"/>
         <Value name="OneTest" source ="UserStopTest.java" package ="org.junit.tests.listening" value ="1"/>
         <Value name="FilterableTest" source ="FilterableTest.java" package ="org.junit.tests.manipulation" value ="1"/>
         <Value name="FilteredRunner" source ="FilterableTest.java" package ="org.junit.tests.manipulation" value ="1"/>
         <Value name="UnsortableRunnersAreHandledWithoutCrashing" source ="SortableTest.java" package ="org.junit.tests.manipulation" value ="1"/>
         <Value name="IgnoreClassTest" source ="IgnoreClassTest.java" package ="org.junit.tests.running.classes" value ="1"/>
         <Value name="IncorrectTest" source ="ParameterizedTestTest.java" package ="org.junit.tests.running.classes" value ="1"/>
         <Value name="ProtectedParametersTest" source ="ParameterizedTestTest.java" package ="org.junit.tests.running.classes" value ="1"/>
         <Value name="WrongElementType" source ="ParameterizedTestTest.java" package ="org.junit.tests.running.classes" value ="1"/>
         <Value name="TestA" source ="SuiteTest.java" package ="org.junit.tests.running.classes" value ="1"/>
         <Value name="TestB" source ="SuiteTest.java" package ="org.junit.tests.running.classes" value ="1"/>
         <Value name="WithoutDefaultConstructor" source ="SuiteTest.java" package ="org.junit.tests.running.classes" value ="1"/>
         <Value name="UseSuiteAsASuperclassTest" source ="UseSuiteAsASuperclassTest.java" package ="org.junit.tests.running.classes" value ="1"/>
         <Value name="MySuite" source ="UseSuiteAsASuperclassTest.java" package ="org.junit.tests.running.classes" value ="1"/>
         <Value name="TestA" source ="UseSuiteAsASuperclassTest.java" package ="org.junit.tests.running.classes" value ="1"/>
         <Value name="TestB" source ="UseSuiteAsASuperclassTest.java" package ="org.junit.tests.running.classes" value ="1"/>
         <Value name="Count" source ="CommandLineTest.java" package ="org.junit.tests.running.core" value ="1"/>
         <Value name="Example" source ="CommandLineTest.java" package ="org.junit.tests.running.core" value ="1"/>
         <Value name="Fail" source ="JUnitCoreReturnsCorrectExitCodeTest.java" package ="org.junit.tests.running.core" value ="1"/>
         <Value name="Succeed" source ="JUnitCoreReturnsCorrectExitCodeTest.java" package ="org.junit.tests.running.core" value ="1"/>
         <Value name="SystemExitTest" source ="SystemExitTest.java" package ="org.junit.tests.running.core" value ="1"/>
         <Value name="ErrorInAfterClass" source ="AnnotationTest.java" package ="org.junit.tests.running.methods" value ="1"/>
         <Value name="ErrorInBeforeClass" source ="AnnotationTest.java" package ="org.junit.tests.running.methods" value ="1"/>
         <Value name="ExceptionTest" source ="AnnotationTest.java" package ="org.junit.tests.running.methods" value ="1"/>
         <Value name="FailureTest" source ="AnnotationTest.java" package ="org.junit.tests.running.methods" value ="1"/>
         <Value name="NoExceptionTest" source ="AnnotationTest.java" package ="org.junit.tests.running.methods" value ="1"/>
         <Value name="OldSuiteTest" source ="AnnotationTest.java" package ="org.junit.tests.running.methods" value ="1"/>
         <Value name="OldTest" source ="AnnotationTest.java" package ="org.junit.tests.running.methods" value ="1"/>
         <Value name="RunAllAfterClassesRegardless" source ="AnnotationTest.java" package ="org.junit.tests.running.methods" value ="1"/>
         <Value name="SimpleTest" source ="AnnotationTest.java" package ="org.junit.tests.running.methods" value ="1"/>
         <Value name="SimpleTestWithFutureProofExplicitRunner" source ="AnnotationTest.java" package ="org.junit.tests.running.methods" value ="1"/>
         <Value name="SubTest" source ="AnnotationTest.java" package ="org.junit.tests.running.methods" value ="1"/>
         <Value name="ExpectSuperclass" source ="ExpectedTest.java" package ="org.junit.tests.running.methods" value ="1"/>
         <Value name="Expected" source ="ExpectedTest.java" package ="org.junit.tests.running.methods" value ="1"/>
         <Value name="NoneThrown" source ="ExpectedTest.java" package ="org.junit.tests.running.methods" value ="1"/>
         <Value name="Unexpected" source ="ExpectedTest.java" package ="org.junit.tests.running.methods" value ="1"/>
         <Value name="SubWithBefore" source ="InheritedTestTest.java" package ="org.junit.tests.running.methods" value ="1"/>
         <Value name="Super" source ="InheritedTestTest.java" package ="org.junit.tests.running.methods" value ="1"/>
         <Value name="SubShadows" source ="ParameterizedTestMethodTest.java" package ="org.junit.tests.running.methods" value ="1"/>
         <Value name="SubWrong" source ="ParameterizedTestMethodTest.java" package ="org.junit.tests.running.methods" value ="1"/>
         <Value name="SuperWrong" source ="ParameterizedTestMethodTest.java" package ="org.junit.tests.running.methods" value ="1"/>
         <Value name="OnlyTestIsIgnored" source ="TestMethodTest.java" package ="org.junit.tests.running.methods" value ="1"/>
         <Value name="SubShadows" source ="TestMethodTest.java" package ="org.junit.tests.running.methods" value ="1"/>
         <Value name="SubWrong" source ="TestMethodTest.java" package ="org.junit.tests.running.methods" value ="1"/>
         <Value name="SuperWrong" source ="TestMethodTest.java" package ="org.junit.tests.running.methods" value ="1"/>
         <Value name="FailureWithTimeoutRunTimeExceptionTest" source ="TimeoutTest.java" package ="org.junit.tests.running.methods" value ="1"/>
         <Value name="FailureWithTimeoutTest" source ="TimeoutTest.java" package ="org.junit.tests.running.methods" value ="1"/>
         <Value name="SuccessWithTimeoutTest" source ="TimeoutTest.java" package ="org.junit.tests.running.methods" value ="1"/>
         <Value name="TimeoutFailureTest" source ="TimeoutTest.java" package ="org.junit.tests.running.methods" value ="1"/>
         <Value name="Super" source ="Super.java" package ="org.junit.tests.validation.anotherpackage" value ="1"/>
         <Value name="FailedConstructionTest" source ="FailedConstructionTest.java" package ="org.junit.tests.validation" value ="1"/>
         <Value name="InaccessibleBaseClassTest" source ="InaccessibleBaseClassTest.java" package ="org.junit.tests.validation" value ="1"/>
         <Value name="WrongBeforeClass" source ="ValidationTest.java" package ="org.junit.tests.validation" value ="1"/>
         <Value name="ParentRunnerTest" source ="ParentRunnerTest.java" package ="org.junit.tests" value ="1"/>
         <Value name="ResultMatchers" source ="ResultMatchers.java" package ="org.junit.experimental.results" value ="0"/>
         <Value name="CouldNotGenerateValueException" source ="PotentialAssignment.java" package ="org.junit.experimental.theories" value ="0"/>
         <Value name="Each" source ="Each.java" package ="org.junit.internal.matchers" value ="0"/>
         <Value name="FailedBefore" source ="FailedBefore.java" package ="org.junit.internal.runners" value ="0"/>
         <Value name="JUnitMatchers" source ="JUnitMatchers.java" package ="org.junit.matchers" value ="0"/>
         <Value name="NoTestsRemainException" source ="NoTestsRemainException.java" package ="org.junit.runner.manipulation" value ="0"/>
         <Value name="StoppedByUserException" source ="StoppedByUserException.java" package ="org.junit.runner.notification" value ="0"/>
         <Value name="Parameters" source ="Parameterized.java" package ="org.junit.runners" value ="0"/>
         <Value name="Assume" source ="Assume.java" package ="org.junit" value ="0"/>
         <Value name="AllTests" source ="AllTests.java" package ="junit.samples" value ="0"/>
         <Value name="AllTests" source ="AllTests.java" package ="junit.tests.extensions" value ="0"/>
         <Value name="AllTests" source ="AllTests.java" package ="junit.tests.framework" value ="0"/>
         <Value name="AllTests" source ="AllTests.java" package ="junit.tests.runner" value ="0"/>
         <Value name="DoesntExtendTestCase" source ="BaseTestRunnerTest.java" package ="junit.tests.runner" value ="0"/>
         <Value name="AllTests" source ="AllTests.java" package ="junit.tests" value ="0"/>
         <Value name="MyOwnAnnotation" source ="AnnotatedDescriptionTest.java" package ="org.junit.tests.description" value ="0"/>
         <Value name="ParameterTokenSuiteMalformed" source ="CategoriesAndParameterizedTest.java" package ="org.junit.tests.experimental.categories" value ="0"/>
         <Value name="ParameterTokenSuiteMalformedAndSwapped" source ="CategoriesAndParameterizedTest.java" package ="org.junit.tests.experimental.categories" value ="0"/>
         <Value name="ParameterTokenSuiteWellFormed" source ="CategoriesAndParameterizedTest.java" package ="org.junit.tests.experimental.categories" value ="0"/>
         <Value name="Token" source ="CategoriesAndParameterizedTest.java" package ="org.junit.tests.experimental.categories" value ="0"/>
         <Value name="Category1" source ="CategoryTest.java" package ="org.junit.tests.experimental.categories" value ="0"/>
         <Value name="Category2" source ="CategoryTest.java" package ="org.junit.tests.experimental.categories" value ="0"/>
         <Value name="ChooseSlowFromBoth" source ="CategoryTest.java" package ="org.junit.tests.experimental.categories" value ="0"/>
         <Value name="ClassAsCategory" source ="CategoryTest.java" package ="org.junit.tests.experimental.categories" value ="0"/>
         <Value name="IncludeAndExcludeSuite" source ="CategoryTest.java" package ="org.junit.tests.experimental.categories" value ="0"/>
         <Value name="JustA" source ="CategoryTest.java" package ="org.junit.tests.experimental.categories" value ="0"/>
         <Value name="OneFastSuite" source ="CategoryTest.java" package ="org.junit.tests.experimental.categories" value ="0"/>
         <Value name="RunClassAsCategory" source ="CategoryTest.java" package ="org.junit.tests.experimental.categories" value ="0"/>
         <Value name="RunSlowFromVerySlow" source ="CategoryTest.java" package ="org.junit.tests.experimental.categories" value ="0"/>
         <Value name="SlowTestSuite" source ="CategoryTest.java" package ="org.junit.tests.experimental.categories" value ="0"/>
         <Value name="SomeAreSlowSuite" source ="CategoryTest.java" package ="org.junit.tests.experimental.categories" value ="0"/>
         <Value name="TestSuiteWithNoCategories" source ="CategoryTest.java" package ="org.junit.tests.experimental.categories" value ="0"/>
         <Value name="ExampleSuite" source ="ParallelClassTest.java" package ="org.junit.tests.experimental.parallel" value ="0"/>
         <Value name="SubclassOfTestWithClassRule" source ="ClassRulesTest.java" package ="org.junit.tests.experimental.rules" value ="0"/>
         <Value name="SonOfExampleTest" source ="MethodRulesTest.java" package ="org.junit.tests.experimental.rules" value ="0"/>
         <Value name="SonOfWrongTypedField" source ="MethodRulesTest.java" package ="org.junit.tests.experimental.rules" value ="0"/>
         <Value name="NameRulesTest" source ="NameRulesTest.java" package ="org.junit.tests.experimental.rules" value ="0"/>
         <Value name="SonOfExampleTest" source ="TestRuleTest.java" package ="org.junit.tests.experimental.rules" value ="0"/>
         <Value name="SonOfWrongTypedField" source ="TestRuleTest.java" package ="org.junit.tests.experimental.rules" value ="0"/>
         <Value name="SuccessfulWithDataPointFields" source ="SuccessfulWithDataPointFields.java" package ="org.junit.tests.experimental.theories.runner" value ="0"/>
         <Value name="ExperimentalTests" source ="ExperimentalTests.java" package ="org.junit.tests.experimental" value ="0"/>
         <Value name="All" source ="AllTestsTest.java" package ="org.junit.tests.junit3compatibility" value ="0"/>
         <Value name="AllJUnit4" source ="AllTestsTest.java" package ="org.junit.tests.junit3compatibility" value ="0"/>
         <Value name="BadSuiteMethod" source ="AllTestsTest.java" package ="org.junit.tests.junit3compatibility" value ="0"/>
         <Value name="PrivateSuiteMethod" source ="ClassRequestTest.java" package ="org.junit.tests.junit3compatibility" value ="0"/>
         <Value name="NoTests" source ="ForwardCompatibilityTest.java" package ="org.junit.tests.junit3compatibility" value ="0"/>
         <Value name="CantInitializeTests" source ="InitializationErrorForwardCompatibilityTest.java" package ="org.junit.tests.junit3compatibility" value ="0"/>
         <Value name="OldTests" source ="OldTests.java" package ="org.junit.tests.junit3compatibility" value ="0"/>
         <Value name="OneTwoSuite" source ="SingleMethodTest.java" package ="org.junit.tests.manipulation" value ="0"/>
         <Value name="SortableTest" source ="SortableTest.java" package ="org.junit.tests.manipulation" value ="0"/>
         <Value name="Enclosing" source ="EnclosedTest.java" package ="org.junit.tests.running.classes" value ="0"/>
         <Value name="EmptyTest" source ="ParameterizedTestTest.java" package ="org.junit.tests.running.classes" value ="0"/>
         <Value name="Empty" source ="RunWithTest.java" package ="org.junit.tests.running.classes" value ="0"/>
         <Value name="ExampleTest" source ="RunWithTest.java" package ="org.junit.tests.running.classes" value ="0"/>
         <Value name="SubExampleTest" source ="RunWithTest.java" package ="org.junit.tests.running.classes" value ="0"/>
         <Value name="All" source ="SuiteTest.java" package ="org.junit.tests.running.classes" value ="0"/>
         <Value name="AllWithBeforeAndAfterClass" source ="SuiteTest.java" package ="org.junit.tests.running.classes" value ="0"/>
         <Value name="AllWithOutAnnotation" source ="SuiteTest.java" package ="org.junit.tests.running.classes" value ="0"/>
         <Value name="BiInfiniteLoop" source ="SuiteTest.java" package ="org.junit.tests.running.classes" value ="0"/>
         <Value name="Hercules" source ="SuiteTest.java" package ="org.junit.tests.running.classes" value ="0"/>
         <Value name="Hydra" source ="SuiteTest.java" package ="org.junit.tests.running.classes" value ="0"/>
         <Value name="InfiniteLoop" source ="SuiteTest.java" package ="org.junit.tests.running.classes" value ="0"/>
         <Value name="InheritsAll" source ="SuiteTest.java" package ="org.junit.tests.running.classes" value ="0"/>
         <Value name="NoSuiteClassesAnnotation" source ="SuiteTest.java" package ="org.junit.tests.running.classes" value ="0"/>
         <Value name="SubclassWithField" source ="TestClassTest.java" package ="org.junit.tests.running.classes" value ="0"/>
         <Value name="SuperclassWithField" source ="TestClassTest.java" package ="org.junit.tests.running.classes" value ="0"/>
         <Value name="AllWithMySuite" source ="UseSuiteAsASuperclassTest.java" package ="org.junit.tests.running.classes" value ="0"/>
         <Value name="Exit" source ="SystemExitTest.java" package ="org.junit.tests.running.core" value ="0"/>
         <Value name="Sub" source ="InheritedTestTest.java" package ="org.junit.tests.running.methods" value ="0"/>
         <Value name="Sub" source ="Sub.java" package ="org.junit.tests.validation.anotherpackage" value ="0"/>
         <Value name="NoTests" source ="BadlyFormedClassesTest.java" package ="org.junit.tests.validation" value ="0"/>
         <Value name="AllTests" source ="AllTests.java" package ="org.junit.tests" value ="0"/>
      </Values>
   </Metric>
   <Metric id = "NBD" description ="Nested Block Depth" max ="5" hint ="use Extract-method to split the method up">
      <Values per = "method" avg = "1.118" stddev = "0.406" max = "4">
         <Value name="readHistory" source ="MaxHistory.java" package ="org.junit.experimental.max" value ="4"/>
         <Value name="runWithCompleteAssignment" source ="Theories.java" package ="org.junit.experimental.theories" value ="4"/>
         <Value name="parallelize" source ="ParallelComputer.java" package ="org.junit.experimental" value ="4"/>
         <Value name="arrayEquals" source ="ComparisonCriteria.java" package ="org.junit.internal" value ="4"/>
         <Value name="runTest" source ="ActiveTestSuite.java" package ="junit.extensions" value ="3"/>
         <Value name="waitUntilFinished" source ="ActiveTestSuite.java" package ="junit.extensions" value ="3"/>
         <Value name="runBare" source ="TestCase.java" package ="junit.framework" value ="3"/>
         <Value name="createTest" source ="TestSuite.java" package ="junit.framework" value ="3"/>
         <Value name="getFilteredTrace" source ="BaseTestRunner.java" package ="junit.runner" value ="3"/>
         <Value name="processArguments" source ="BaseTestRunner.java" package ="junit.runner" value ="3"/>
         <Value name="readPreferences" source ="BaseTestRunner.java" package ="junit.runner" value ="3"/>
         <Value name="start" source ="TestRunner.java" package ="junit.textui" value ="3"/>
         <Value name="constructLeafRequest" source ="MaxCore.java" package ="org.junit.experimental.max" value ="3"/>
         <Value name="join" source ="ParameterizedAssertionError.java" package ="org.junit.experimental.theories.internal" value ="3"/>
         <Value name="methodCompletesWithParameters" source ="Theories.java" package ="org.junit.experimental.theories" value ="3"/>
         <Value name="buildRunner" source ="AnnotatedBuilder.java" package ="org.junit.internal.builders" value ="3"/>
         <Value name="evaluate" source ="ExpectException.java" package ="org.junit.internal.runners.statements" value ="3"/>
         <Value name="evaluate" source ="FailOnTimeout.java" package ="org.junit.internal.runners.statements" value ="3"/>
         <Value name="runBefores" source ="ClassRoadie.java" package ="org.junit.internal.runners" value ="3"/>
         <Value name="filter" source ="JUnit38ClassRunner.java" package ="org.junit.internal.runners" value ="3"/>
         <Value name="makeDescription" source ="JUnit38ClassRunner.java" package ="org.junit.internal.runners" value ="3"/>
         <Value name="runBefores" source ="MethodRoadie.java" package ="org.junit.internal.runners" value ="3"/>
         <Value name="runTestMethod" source ="MethodRoadie.java" package ="org.junit.internal.runners" value ="3"/>
         <Value name="runWithTimeout" source ="MethodRoadie.java" package ="org.junit.internal.runners" value ="3"/>
         <Value name="testFromSuiteMethod" source ="SuiteMethod.java" package ="org.junit.internal.runners" value ="3"/>
         <Value name="statement" source ="ExternalResource.java" package ="org.junit.rules" value ="3"/>
         <Value name="apply" source ="TestWatcher.java" package ="org.junit.rules" value ="3"/>
         <Value name="apply" source ="TestWatchman.java" package ="org.junit.rules" value ="3"/>
         <Value name="run" source ="RunNotifier.java" package ="org.junit.runner.notification" value ="3"/>
         <Value name="methodBlock" source ="BlockJUnit4ClassRunner.java" package ="org.junit.runners" value ="3"/>
         <Value name="reguesses" source ="Guesser.java" package ="org.junit.tests.experimental.theories.extendingwithstubs" value ="3"/>
         <Value name="shouldStop" source ="WithOnlyTestAnnotations.java" package ="org.junit.tests.experimental.theories.runner" value ="3"/>
         <Value name="run" source ="RepeatedTest.java" package ="junit.extensions" value ="2"/>
         <Value name="run" source ="TestSetup.java" package ="junit.extensions" value ="2"/>
         <Value name="findCommonPrefix" source ="ComparisonCompactor.java" package ="junit.framework" value ="2"/>
         <Value name="findCommonSuffix" source ="ComparisonCompactor.java" package ="junit.framework" value ="2"/>
         <Value name="asTestList" source ="JUnit4TestAdapterCache.java" package ="junit.framework" value ="2"/>
         <Value name="asTest" source ="JUnit4TestAdapterCache.java" package ="junit.framework" value ="2"/>
         <Value name="createTest" source ="JUnit4TestAdapterCache.java" package ="junit.framework" value ="2"/>
         <Value name="getNotifier" source ="JUnit4TestAdapterCache.java" package ="junit.framework" value ="2"/>
         <Value name="runTest" source ="TestCase.java" package ="junit.framework" value ="2"/>
         <Value name="runProtected" source ="TestResult.java" package ="junit.framework" value ="2"/>
         <Value name="run" source ="TestResult.java" package ="junit.framework" value ="2"/>
         <Value name="startTest" source ="TestResult.java" package ="junit.framework" value ="2"/>
         <Value name="addTestMethod" source ="TestSuite.java" package ="junit.framework" value ="2"/>
         <Value name="addTestsFromTestCase" source ="TestSuite.java" package ="junit.framework" value ="2"/>
         <Value name="getTestConstructor" source ="TestSuite.java" package ="junit.framework" value ="2"/>
         <Value name="warning" source ="TestSuite.java" package ="junit.framework" value ="2"/>
         <Value name="filterLine" source ="BaseTestRunner.java" package ="junit.runner" value ="2"/>
         <Value name="getPreferences" source ="BaseTestRunner.java" package ="junit.runner" value ="2"/>
         <Value name="getPreference" source ="BaseTestRunner.java" package ="junit.runner" value ="2"/>
         <Value name="getTest" source ="BaseTestRunner.java" package ="junit.runner" value ="2"/>
         <Value name="savePreferences" source ="BaseTestRunner.java" package ="junit.runner" value ="2"/>
         <Value name="printDefects" source ="ResultPrinter.java" package ="junit.textui" value ="2"/>
         <Value name="printFooter" source ="ResultPrinter.java" package ="junit.textui" value ="2"/>
         <Value name="startTest" source ="ResultPrinter.java" package ="junit.textui" value ="2"/>
         <Value name="main" source ="TestRunner.java" package ="junit.textui" value ="2"/>
         <Value name="pause" source ="TestRunner.java" package ="junit.textui" value ="2"/>
         <Value name="Categories" source ="Categories.java" package ="org.junit.experimental.categories" value ="2"/>
         <Value name="getMalformedTestClass" source ="MaxCore.java" package ="org.junit.experimental.max" value ="2"/>
         <Value name="forFolder" source ="MaxHistory.java" package ="org.junit.experimental.max" value ="2"/>
         <Value name="failureCountIs" source ="ResultMatchers.java" package ="org.junit.experimental.results" value ="2"/>
         <Value name="hasFailureContaining" source ="ResultMatchers.java" package ="org.junit.experimental.results" value ="2"/>
         <Value name="hasSingleFailureContaining" source ="ResultMatchers.java" package ="org.junit.experimental.results" value ="2"/>
         <Value name="createInstance" source ="SuiteBuilder.java" package ="org.junit.experimental.runners" value ="2"/>
         <Value name="getValue" source ="AllMembersSupplier.java" package ="org.junit.experimental.theories.internal" value ="2"/>
         <Value name="getStaticFieldValue" source ="AllMembersSupplier.java" package ="org.junit.experimental.theories.internal" value ="2"/>
         <Value name="getActualValues" source ="Assignments.java" package ="org.junit.experimental.theories.internal" value ="2"/>
         <Value name="getArgumentStrings" source ="Assignments.java" package ="org.junit.experimental.theories.internal" value ="2"/>
         <Value name="stringValueOf" source ="ParameterizedAssertionError.java" package ="org.junit.experimental.theories.internal" value ="2"/>
         <Value name="signatures" source ="ParameterSignature.java" package ="org.junit.experimental.theories" value ="2"/>
         <Value name="forValue" source ="PotentialAssignment.java" package ="org.junit.experimental.theories" value ="2"/>
         <Value name="runWithAssignment" source ="Theories.java" package ="org.junit.experimental.theories" value ="2"/>
         <Value name="hasSuiteMethod" source ="SuiteMethodBuilder.java" package ="org.junit.internal.builders" value ="2"/>
         <Value name="each" source ="Each.java" package ="org.junit.internal.matchers" value ="2"/>
         <Value name="findExpectedType" source ="TypeSafeMatcher.java" package ="org.junit.internal.matchers" value ="2"/>
         <Value name="getRunner" source ="FilterRequest.java" package ="org.junit.internal.requests" value ="2"/>
         <Value name="addFailure" source ="EachTestNotifier.java" package ="org.junit.internal.runners.model" value ="2"/>
         <Value name="run" source ="ReflectiveCallable.java" package ="org.junit.internal.runners.model" value ="2"/>
         <Value name="evaluate" source ="RunAfters.java" package ="org.junit.internal.runners.statements" value ="2"/>
         <Value name="runProtected" source ="ClassRoadie.java" package ="org.junit.internal.runners" value ="2"/>
         <Value name="asDescription" source ="JUnit38ClassRunner.java" package ="org.junit.internal.runners" value ="2"/>
         <Value name="sort" source ="JUnit38ClassRunner.java" package ="org.junit.internal.runners" value ="2"/>
         <Value name="filter" source ="JUnit4ClassRunner.java" package ="org.junit.internal.runners" value ="2"/>
         <Value name="invokeTestMethod" source ="JUnit4ClassRunner.java" package ="org.junit.internal.runners" value ="2"/>
         <Value name="run" source ="JUnit4ClassRunner.java" package ="org.junit.internal.runners" value ="2"/>
         <Value name="sort" source ="JUnit4ClassRunner.java" package ="org.junit.internal.runners" value ="2"/>
         <Value name="run" source ="MethodRoadie.java" package ="org.junit.internal.runners" value ="2"/>
         <Value name="runBeforesThenTestThenAfters" source ="MethodRoadie.java" package ="org.junit.internal.runners" value ="2"/>
         <Value name="runTest" source ="MethodRoadie.java" package ="org.junit.internal.runners" value ="2"/>
         <Value name="validateNoArgConstructor" source ="MethodValidator.java" package ="org.junit.internal.runners" value ="2"/>
         <Value name="getSuperClasses" source ="TestClass.java" package ="org.junit.internal.runners" value ="2"/>
         <Value name="isShadowed" source ="TestClass.java" package ="org.junit.internal.runners" value ="2"/>
         <Value name="describeTo" source ="AssumptionViolatedException.java" package ="org.junit.internal" value ="2"/>
         <Value name="printFooter" source ="TextListener.java" package ="org.junit.internal" value ="2"/>
         <Value name="checkSucceeds" source ="ErrorCollector.java" package ="org.junit.rules" value ="2"/>
         <Value name="checkThat" source ="ErrorCollector.java" package ="org.junit.rules" value ="2"/>
         <Value name="evaluate" source ="ExpectedException.java" package ="org.junit.rules" value ="2"/>
         <Value name="hasMessage" source ="ExpectedException.java" package ="org.junit.rules" value ="2"/>
         <Value name="apply" source ="Verifier.java" package ="org.junit.rules" value ="2"/>
         <Value name="matchMethodDescription" source ="Filter.java" package ="org.junit.runner.manipulation" value ="2"/>
         <Value name="apply" source ="Sorter.java" package ="org.junit.runner.manipulation" value ="2"/>
         <Value name="fireTestAssumptionFailed" source ="RunNotifier.java" package ="org.junit.runner.notification" value ="2"/>
         <Value name="fireTestFailure" source ="RunNotifier.java" package ="org.junit.runner.notification" value ="2"/>
         <Value name="fireTestFinished" source ="RunNotifier.java" package ="org.junit.runner.notification" value ="2"/>
         <Value name="fireTestIgnored" source ="RunNotifier.java" package ="org.junit.runner.notification" value ="2"/>
         <Value name="fireTestRunFinished" source ="RunNotifier.java" package ="org.junit.runner.notification" value ="2"/>
         <Value name="fireTestRunStarted" source ="RunNotifier.java" package ="org.junit.runner.notification" value ="2"/>
         <Value name="fireTestStarted" source ="RunNotifier.java" package ="org.junit.runner.notification" value ="2"/>
         <Value name="invokeExplosively" source ="FrameworkMethod.java" package ="org.junit.runners.model" value ="2"/>
         <Value name="validatePublicVoid" source ="FrameworkMethod.java" package ="org.junit.runners.model" value ="2"/>
         <Value name="runners" source ="RunnerBuilder.java" package ="org.junit.runners.model" value ="2"/>
         <Value name="safeRunnerForClass" source ="RunnerBuilder.java" package ="org.junit.runners.model" value ="2"/>
         <Value name="getSuperClasses" source ="TestClass.java" package ="org.junit.runners.model" value ="2"/>
         <Value name="runChild" source ="BlockJUnit4ClassRunner.java" package ="org.junit.runners" value ="2"/>
         <Value name="runNotIgnored" source ="BlockJUnit4ClassRunner.java" package ="org.junit.runners" value ="2"/>
         <Value name="validateOnlyOneConstructor" source ="BlockJUnit4ClassRunner.java" package ="org.junit.runners" value ="2"/>
         <Value name="validateZeroArgConstructor" source ="BlockJUnit4ClassRunner.java" package ="org.junit.runners" value ="2"/>
         <Value name="computeParams" source ="Parameterized.java" package ="org.junit.runners" value ="2"/>
         <Value name="childrenInvoker" source ="ParentRunner.java" package ="org.junit.runners" value ="2"/>
         <Value name="comparator" source ="ParentRunner.java" package ="org.junit.runners" value ="2"/>
         <Value name="getClassRule" source ="ParentRunner.java" package ="org.junit.runners" value ="2"/>
         <Value name="run" source ="ParentRunner.java" package ="org.junit.runners" value ="2"/>
         <Value name="withClassRules" source ="ParentRunner.java" package ="org.junit.runners" value ="2"/>
         <Value name="emptySuite" source ="Suite.java" package ="org.junit.runners" value ="2"/>
         <Value name="getSuite" source ="Computer.java" package ="org.junit.runner" value ="2"/>
         <Value name="getTestClass" source ="Description.java" package ="org.junit.runner" value ="2"/>
         <Value name="run" source ="JUnitCore.java" package ="org.junit.runner" value ="2"/>
         <Value name="classes" source ="Request.java" package ="org.junit.runner" value ="2"/>
         <Value name="runner" source ="Request.java" package ="org.junit.runner" value ="2"/>
         <Value name="assertEquals" source ="Assert.java" package ="org.junit" value ="2"/>
         <Value name="assertThat" source ="Assert.java" package ="org.junit" value ="2"/>
         <Value name="findCommonPrefix" source ="ComparisonFailure.java" package ="org.junit" value ="2"/>
         <Value name="findCommonSuffix" source ="ComparisonFailure.java" package ="org.junit" value ="2"/>
         <Value name="equals" source ="Money.java" package ="junit.samples.money" value ="2"/>
         <Value name="appendMoney" source ="MoneyBag.java" package ="junit.samples.money" value ="2"/>
         <Value name="equals" source ="MoneyBag.java" package ="junit.samples.money" value ="2"/>
         <Value name="testElementAt" source ="ListTest.java" package ="junit.samples" value ="2"/>
         <Value name="testRunningErrorInTestSetup" source ="ExtensionTest.java" package ="junit.tests.extensions" value ="2"/>
         <Value name="testRunningErrorsInTestSetup" source ="ExtensionTest.java" package ="junit.tests.extensions" value ="2"/>
         <Value name="testSetupErrorDontTearDown" source ="ExtensionTest.java" package ="junit.tests.extensions" value ="2"/>
         <Value name="testSetupErrorInTestSetup" source ="ExtensionTest.java" package ="junit.tests.extensions" value ="2"/>
         <Value name="testRepeatedNegative" source ="RepeatedTestTest.java" package ="junit.tests.extensions" value ="2"/>
         <Value name="testAssertEquals" source ="AssertTest.java" package ="junit.tests.framework" value ="2"/>
         <Value name="testAssertFalse" source ="AssertTest.java" package ="junit.tests.framework" value ="2"/>
         <Value name="testAssertNotNull" source ="AssertTest.java" package ="junit.tests.framework" value ="2"/>
         <Value name="testAssertNotSame" source ="AssertTest.java" package ="junit.tests.framework" value ="2"/>
         <Value name="testAssertNotSameFailsNull" source ="AssertTest.java" package ="junit.tests.framework" value ="2"/>
         <Value name="testAssertNull" source ="AssertTest.java" package ="junit.tests.framework" value ="2"/>
         <Value name="testAssertNullNotEqualsNull" source ="AssertTest.java" package ="junit.tests.framework" value ="2"/>
         <Value name="testAssertNullNotEqualsString" source ="AssertTest.java" package ="junit.tests.framework" value ="2"/>
         <Value name="testAssertSame" source ="AssertTest.java" package ="junit.tests.framework" value ="2"/>
         <Value name="testAssertStringNotEqualsNull" source ="AssertTest.java" package ="junit.tests.framework" value ="2"/>
         <Value name="testAssertTrue" source ="AssertTest.java" package ="junit.tests.framework" value ="2"/>
         <Value name="testFail" source ="AssertTest.java" package ="junit.tests.framework" value ="2"/>
         <Value name="testThrowing" source ="ComparisonFailureTest.java" package ="junit.tests.framework" value ="2"/>
         <Value name="testAssertEqualsNaNFails" source ="DoublePrecisionAssertTest.java" package ="junit.tests.framework" value ="2"/>
         <Value name="testAssertNaNEqualsFails" source ="DoublePrecisionAssertTest.java" package ="junit.tests.framework" value ="2"/>
         <Value name="testAssertPosInfinityNotEquals" source ="DoublePrecisionAssertTest.java" package ="junit.tests.framework" value ="2"/>
         <Value name="testAssertPosInfinityNotEqualsNegInfinity" source ="DoublePrecisionAssertTest.java" package ="junit.tests.framework" value ="2"/>
         <Value name="testAllInfinities" source ="FloatAssertTest.java" package ="junit.tests.framework" value ="2"/>
         <Value name="testAssertEqualsNaNFails" source ="FloatAssertTest.java" package ="junit.tests.framework" value ="2"/>
         <Value name="testAssertNaNEqualsFails" source ="FloatAssertTest.java" package ="junit.tests.framework" value ="2"/>
         <Value name="testAssertPosInfinityNotEquals" source ="FloatAssertTest.java" package ="junit.tests.framework" value ="2"/>
         <Value name="testAssertPosInfinityNotEqualsNegInfinity" source ="FloatAssertTest.java" package ="junit.tests.framework" value ="2"/>
         <Value name="testError" source ="TestCaseTest.java" package ="junit.tests.framework" value ="2"/>
         <Value name="testErrorTearingDownDoesntMaskErrorRunning" source ="TestCaseTest.java" package ="junit.tests.framework" value ="2"/>
         <Value name="testExceptionRunningAndTearDown" source ="TestCaseTest.java" package ="junit.tests.framework" value ="2"/>
         <Value name="testFailure" source ="TestCaseTest.java" package ="junit.tests.framework" value ="2"/>
         <Value name="testRunAndTearDownFails" source ="TestCaseTest.java" package ="junit.tests.framework" value ="2"/>
         <Value name="testSetupFails" source ="TestCaseTest.java" package ="junit.tests.framework" value ="2"/>
         <Value name="testSuccess" source ="TestCaseTest.java" package ="junit.tests.framework" value ="2"/>
         <Value name="testTearDownFails" source ="TestCaseTest.java" package ="junit.tests.framework" value ="2"/>
         <Value name="testTearDownSetupFails" source ="TestCaseTest.java" package ="junit.tests.framework" value ="2"/>
         <Value name="run" source ="TestImplementorTest.java" package ="junit.tests.framework" value ="2"/>
         <Value name="TestImplementorTest" source ="TestImplementorTest.java" package ="junit.tests.framework" value ="2"/>
         <Value name="testError" source ="TestListenerTest.java" package ="junit.tests.framework" value ="2"/>
         <Value name="testFailure" source ="TestListenerTest.java" package ="junit.tests.framework" value ="2"/>
         <Value name="testStartStop" source ="TestListenerTest.java" package ="junit.tests.framework" value ="2"/>
         <Value name="testError" source ="TextFeedbackTest.java" package ="junit.tests.runner" value ="2"/>
         <Value name="testFailure" source ="TextFeedbackTest.java" package ="junit.tests.runner" value ="2"/>
         <Value name="testOneTest" source ="TextFeedbackTest.java" package ="junit.tests.runner" value ="2"/>
         <Value name="testTwoTests" source ="TextFeedbackTest.java" package ="junit.tests.runner" value ="2"/>
         <Value name="testRunReturnsResult" source ="TextRunnerTest.java" package ="junit.tests.runner" value ="2"/>
         <Value name="arraysActualNullMessage" source ="AssertionTest.java" package ="org.junit.tests.assertion" value ="2"/>
         <Value name="arraysDifferAtElement0nullMessage" source ="AssertionTest.java" package ="org.junit.tests.assertion" value ="2"/>
         <Value name="arraysDifferAtElement0withMessage" source ="AssertionTest.java" package ="org.junit.tests.assertion" value ="2"/>
         <Value name="arraysDifferAtElement1nullMessage" source ="AssertionTest.java" package ="org.junit.tests.assertion" value ="2"/>
         <Value name="arraysDifferAtElement1withMessage" source ="AssertionTest.java" package ="org.junit.tests.assertion" value ="2"/>
         <Value name="arraysDifferentLengthMessage" source ="AssertionTest.java" package ="org.junit.tests.assertion" value ="2"/>
         <Value name="arraysExpectedNullMessage" source ="AssertionTest.java" package ="org.junit.tests.assertion" value ="2"/>
         <Value name="assertThatDescriptionCanBeElided" source ="AssertionTest.java" package ="org.junit.tests.assertion" value ="2"/>
         <Value name="assertThatIncludesAdvancedMismatch" source ="AssertionTest.java" package ="org.junit.tests.assertion" value ="2"/>
         <Value name="assertThatIncludesDescriptionOfTestedValueInErrorMessage" source ="AssertionTest.java" package ="org.junit.tests.assertion" value ="2"/>
         <Value name="errorMessageDistinguishesDifferentValuesWithSameToString" source ="AssertionTest.java" package ="org.junit.tests.assertion" value ="2"/>
         <Value name="multiDimensionalArraysAreNotEqual" source ="AssertionTest.java" package ="org.junit.tests.assertion" value ="2"/>
         <Value name="multiDimensionalArraysAreNotEqualNoMessage" source ="AssertionTest.java" package ="org.junit.tests.assertion" value ="2"/>
         <Value name="notEqualsNullWithObjectWithMessage" source ="AssertionTest.java" package ="org.junit.tests.assertion" value ="2"/>
         <Value name="notEqualsObjectWithNullWithMessage" source ="AssertionTest.java" package ="org.junit.tests.assertion" value ="2"/>
         <Value name="notSameNullMessage" source ="AssertionTest.java" package ="org.junit.tests.assertion" value ="2"/>
         <Value name="notSameWithMessage" source ="AssertionTest.java" package ="org.junit.tests.assertion" value ="2"/>
         <Value name="nullAndStringNullPrintCorrectError" source ="AssertionTest.java" package ="org.junit.tests.assertion" value ="2"/>
         <Value name="nullMessage" source ="AssertionTest.java" package ="org.junit.tests.assertion" value ="2"/>
         <Value name="nullMessageDisappearsWithAssertEquals" source ="AssertionTest.java" package ="org.junit.tests.assertion" value ="2"/>
         <Value name="nullMessageDisappearsWithStringAssertEquals" source ="AssertionTest.java" package ="org.junit.tests.assertion" value ="2"/>
         <Value name="sameNullMessage" source ="AssertionTest.java" package ="org.junit.tests.assertion" value ="2"/>
         <Value name="sameWithMessage" source ="AssertionTest.java" package ="org.junit.tests.assertion" value ="2"/>
         <Value name="stringsDifferWithUserMessage" source ="AssertionTest.java" package ="org.junit.tests.assertion" value ="2"/>
         <Value name="characterizeCreatingMyOwnAnnotation" source ="AnnotatedDescriptionTest.java" package ="org.junit.tests.description" value ="2"/>
         <Value name="assertFilterLeavesTestUnscathed" source ="MaxStarterTest.java" package ="org.junit.tests.experimental.max" value ="2"/>
         <Value name="listenersAreCalledCorrectlyInTheFaceOfFailures" source ="MaxStarterTest.java" package ="org.junit.tests.experimental.max" value ="2"/>
         <Value name="greaterThan" source ="ParallelClassTest.java" package ="org.junit.tests.experimental.parallel" value ="2"/>
         <Value name="betweenInclusive" source ="ParallelMethodTest.java" package ="org.junit.tests.experimental.parallel" value ="2"/>
         <Value name="backTraceHasGoodToString" source ="PrintableResultTest.java" package ="org.junit.tests.experimental.results" value ="2"/>
         <Value name="apply" source ="ClassRulesTest.java" package ="org.junit.tests.experimental.rules" value ="2"/>
         <Value name="startsWith" source ="ExpectedExceptionRuleTest.java" package ="org.junit.tests.experimental.rules" value ="2"/>
         <Value name="apply" source ="MethodRulesTest.java" package ="org.junit.tests.experimental.rules" value ="2"/>
         <Value name="apply" source ="TestRuleTest.java" package ="org.junit.tests.experimental.rules" value ="2"/>
         <Value name="testInfiniteLoop1" source ="TimeoutRuleTest.java" package ="org.junit.tests.experimental.rules" value ="2"/>
         <Value name="testInfiniteLoop2" source ="TimeoutRuleTest.java" package ="org.junit.tests.experimental.rules" value ="2"/>
         <Value name="example" source ="VerifierRuleTest.java" package ="org.junit.tests.experimental.rules" value ="2"/>
         <Value name="example" source ="VerifierRuleTest.java" package ="org.junit.tests.experimental.rules" value ="2"/>
         <Value name="createGuesserQueue" source ="StubbedTheories.java" package ="org.junit.tests.experimental.theories.extendingwithstubs" value ="2"/>
         <Value name="canJoinWhenToStringFails" source ="ParameterizedAssertionErrorTest.java" package ="org.junit.tests.experimental.theories" value ="2"/>
         <Value name="assumeNoExceptionThrows" source ="AssumptionTest.java" package ="org.junit.tests.experimental" value ="2"/>
         <Value name="assumeNotNullIncludesParameterList" source ="AssumptionTest.java" package ="org.junit.tests.experimental" value ="2"/>
         <Value name="failedAssumptionsCanBeDetectedByListeners" source ="AssumptionTest.java" package ="org.junit.tests.experimental" value ="2"/>
         <Value name="testError" source ="ForwardCompatibilityPrintingTest.java" package ="org.junit.tests.junit3compatibility" value ="2"/>
         <Value name="testErrorAdapted" source ="ForwardCompatibilityPrintingTest.java" package ="org.junit.tests.junit3compatibility" value ="2"/>
         <Value name="testNotifyResult" source ="ForwardCompatibilityTest.java" package ="org.junit.tests.junit3compatibility" value ="2"/>
         <Value name="testListener" source ="JUnit38ClassRunnerTest.java" package ="org.junit.tests.junit3compatibility" value ="2"/>
         <Value name="notifyListenersInTheOrderInWhichTheyAreAdded" source ="ListenerTest.java" package ="org.junit.tests.listening" value ="2"/>
         <Value name="testFinished" source ="RunnerTest.java" package ="org.junit.tests.listening" value ="2"/>
         <Value name="FilteredRunner" source ="FilterableTest.java" package ="org.junit.tests.manipulation" value ="2"/>
         <Value name="filteringAwayEverythingThrowsException" source ="SingleMethodTest.java" package ="org.junit.tests.manipulation" value ="2"/>
         <Value name="backward" source ="SortableTest.java" package ="org.junit.tests.manipulation" value ="2"/>
         <Value name="forward" source ="SortableTest.java" package ="org.junit.tests.manipulation" value ="2"/>
         <Value name="validateAllMethods" source ="ParameterizedTestMethodTest.java" package ="org.junit.tests.running.methods" value ="2"/>
         <Value name="validateAllMethods" source ="TestMethodTest.java" package ="org.junit.tests.running.methods" value ="2"/>
         <Value name="infiniteLoop" source ="TimeoutTest.java" package ="org.junit.tests.running.methods" value ="2"/>
         <Value name="test" source ="TimeoutTest.java" package ="org.junit.tests.running.methods" value ="2"/>
         <Value name="toStringMethod" source ="ObjectContractTest.java" package ="org.junit.tests" value ="2"/>
         <Value name="useChildHarvester" source ="ParentRunnerTest.java" package ="org.junit.tests" value ="2"/>
         <Value name="ActiveTestSuite" source ="ActiveTestSuite.java" package ="junit.extensions" value ="1"/>
         <Value name="ActiveTestSuite" source ="ActiveTestSuite.java" package ="junit.extensions" value ="1"/>
         <Value name="ActiveTestSuite" source ="ActiveTestSuite.java" package ="junit.extensions" value ="1"/>
         <Value name="ActiveTestSuite" source ="ActiveTestSuite.java" package ="junit.extensions" value ="1"/>
         <Value name="runFinished" source ="ActiveTestSuite.java" package ="junit.extensions" value ="1"/>
         <Value name="run" source ="ActiveTestSuite.java" package ="junit.extensions" value ="1"/>
         <Value name="RepeatedTest" source ="RepeatedTest.java" package ="junit.extensions" value ="1"/>
         <Value name="countTestCases" source ="RepeatedTest.java" package ="junit.extensions" value ="1"/>
         <Value name="toString" source ="RepeatedTest.java" package ="junit.extensions" value ="1"/>
         <Value name="TestDecorator" source ="TestDecorator.java" package ="junit.extensions" value ="1"/>
         <Value name="basicRun" source ="TestDecorator.java" package ="junit.extensions" value ="1"/>
         <Value name="countTestCases" source ="TestDecorator.java" package ="junit.extensions" value ="1"/>
         <Value name="getTest" source ="TestDecorator.java" package ="junit.extensions" value ="1"/>
         <Value name="run" source ="TestDecorator.java" package ="junit.extensions" value ="1"/>
         <Value name="toString" source ="TestDecorator.java" package ="junit.extensions" value ="1"/>
         <Value name="TestSetup" source ="TestSetup.java" package ="junit.extensions" value ="1"/>
         <Value name="setUp" source ="TestSetup.java" package ="junit.extensions" value ="1"/>
         <Value name="tearDown" source ="TestSetup.java" package ="junit.extensions" value ="1"/>
         <Value name="Assert" source ="Assert.java" package ="junit.framework" value ="1"/>
         <Value name="assertEquals" source ="Assert.java" package ="junit.framework" value ="1"/>
         <Value name="assertEquals" source ="Assert.java" package ="junit.framework" value ="1"/>
         <Value name="assertEquals" source ="Assert.java" package ="junit.framework" value ="1"/>
         <Value name="assertEquals" source ="Assert.java" package ="junit.framework" value ="1"/>
         <Value name="assertEquals" source ="Assert.java" package ="junit.framework" value ="1"/>
         <Value name="assertEquals" source ="Assert.java" package ="junit.framework" value ="1"/>
         <Value name="assertEquals" source ="Assert.java" package ="junit.framework" value ="1"/>
         <Value name="assertEquals" source ="Assert.java" package ="junit.framework" value ="1"/>
         <Value name="assertEquals" source ="Assert.java" package ="junit.framework" value ="1"/>
         <Value name="assertEquals" source ="Assert.java" package ="junit.framework" value ="1"/>
         <Value name="assertEquals" source ="Assert.java" package ="junit.framework" value ="1"/>
         <Value name="assertEquals" source ="Assert.java" package ="junit.framework" value ="1"/>
         <Value name="assertEquals" source ="Assert.java" package ="junit.framework" value ="1"/>
         <Value name="assertEquals" source ="Assert.java" package ="junit.framework" value ="1"/>
         <Value name="assertEquals" source ="Assert.java" package ="junit.framework" value ="1"/>
         <Value name="assertEquals" source ="Assert.java" package ="junit.framework" value ="1"/>
         <Value name="assertEquals" source ="Assert.java" package ="junit.framework" value ="1"/>
         <Value name="assertEquals" source ="Assert.java" package ="junit.framework" value ="1"/>
         <Value name="assertEquals" source ="Assert.java" package ="junit.framework" value ="1"/>
         <Value name="assertEquals" source ="Assert.java" package ="junit.framework" value ="1"/>
         <Value name="assertFalse" source ="Assert.java" package ="junit.framework" value ="1"/>
         <Value name="assertFalse" source ="Assert.java" package ="junit.framework" value ="1"/>
         <Value name="assertNotNull" source ="Assert.java" package ="junit.framework" value ="1"/>
         <Value name="assertNotNull" source ="Assert.java" package ="junit.framework" value ="1"/>
         <Value name="assertNotSame" source ="Assert.java" package ="junit.framework" value ="1"/>
         <Value name="assertNotSame" source ="Assert.java" package ="junit.framework" value ="1"/>
         <Value name="assertNull" source ="Assert.java" package ="junit.framework" value ="1"/>
         <Value name="assertNull" source ="Assert.java" package ="junit.framework" value ="1"/>
         <Value name="assertSame" source ="Assert.java" package ="junit.framework" value ="1"/>
         <Value name="assertSame" source ="Assert.java" package ="junit.framework" value ="1"/>
         <Value name="assertTrue" source ="Assert.java" package ="junit.framework" value ="1"/>
         <Value name="assertTrue" source ="Assert.java" package ="junit.framework" value ="1"/>
         <Value name="fail" source ="Assert.java" package ="junit.framework" value ="1"/>
         <Value name="failNotEquals" source ="Assert.java" package ="junit.framework" value ="1"/>
         <Value name="failNotSame" source ="Assert.java" package ="junit.framework" value ="1"/>
         <Value name="failSame" source ="Assert.java" package ="junit.framework" value ="1"/>
         <Value name="fail" source ="Assert.java" package ="junit.framework" value ="1"/>
         <Value name="format" source ="Assert.java" package ="junit.framework" value ="1"/>
         <Value name="AssertionFailedError" source ="AssertionFailedError.java" package ="junit.framework" value ="1"/>
         <Value name="AssertionFailedError" source ="AssertionFailedError.java" package ="junit.framework" value ="1"/>
         <Value name="ComparisonCompactor" source ="ComparisonCompactor.java" package ="junit.framework" value ="1"/>
         <Value name="areStringsEqual" source ="ComparisonCompactor.java" package ="junit.framework" value ="1"/>
         <Value name="compactString" source ="ComparisonCompactor.java" package ="junit.framework" value ="1"/>
         <Value name="compact" source ="ComparisonCompactor.java" package ="junit.framework" value ="1"/>
         <Value name="computeCommonPrefix" source ="ComparisonCompactor.java" package ="junit.framework" value ="1"/>
         <Value name="computeCommonSuffix" source ="ComparisonCompactor.java" package ="junit.framework" value ="1"/>
         <Value name="ComparisonFailure" source ="ComparisonFailure.java" package ="junit.framework" value ="1"/>
         <Value name="getActual" source ="ComparisonFailure.java" package ="junit.framework" value ="1"/>
         <Value name="getExpected" source ="ComparisonFailure.java" package ="junit.framework" value ="1"/>
         <Value name="getMessage" source ="ComparisonFailure.java" package ="junit.framework" value ="1"/>
         <Value name="JUnit4TestAdapter" source ="JUnit4TestAdapter.java" package ="junit.framework" value ="1"/>
         <Value name="JUnit4TestAdapter" source ="JUnit4TestAdapter.java" package ="junit.framework" value ="1"/>
         <Value name="countTestCases" source ="JUnit4TestAdapter.java" package ="junit.framework" value ="1"/>
         <Value name="filter" source ="JUnit4TestAdapter.java" package ="junit.framework" value ="1"/>
         <Value name="getDescription" source ="JUnit4TestAdapter.java" package ="junit.framework" value ="1"/>
         <Value name="getTestClass" source ="JUnit4TestAdapter.java" package ="junit.framework" value ="1"/>
         <Value name="getTests" source ="JUnit4TestAdapter.java" package ="junit.framework" value ="1"/>
         <Value name="isIgnored" source ="JUnit4TestAdapter.java" package ="junit.framework" value ="1"/>
         <Value name="removeIgnored" source ="JUnit4TestAdapter.java" package ="junit.framework" value ="1"/>
         <Value name="run" source ="JUnit4TestAdapter.java" package ="junit.framework" value ="1"/>
         <Value name="sort" source ="JUnit4TestAdapter.java" package ="junit.framework" value ="1"/>
         <Value name="toString" source ="JUnit4TestAdapter.java" package ="junit.framework" value ="1"/>
         <Value name="getDefault" source ="JUnit4TestAdapterCache.java" package ="junit.framework" value ="1"/>
         <Value name="JUnit4TestCaseFacade" source ="JUnit4TestCaseFacade.java" package ="junit.framework" value ="1"/>
         <Value name="countTestCases" source ="JUnit4TestCaseFacade.java" package ="junit.framework" value ="1"/>
         <Value name="getDescription" source ="JUnit4TestCaseFacade.java" package ="junit.framework" value ="1"/>
         <Value name="run" source ="JUnit4TestCaseFacade.java" package ="junit.framework" value ="1"/>
         <Value name="toString" source ="JUnit4TestCaseFacade.java" package ="junit.framework" value ="1"/>
         <Value name="TestCase" source ="TestCase.java" package ="junit.framework" value ="1"/>
         <Value name="TestCase" source ="TestCase.java" package ="junit.framework" value ="1"/>
         <Value name="countTestCases" source ="TestCase.java" package ="junit.framework" value ="1"/>
         <Value name="createResult" source ="TestCase.java" package ="junit.framework" value ="1"/>
         <Value name="getName" source ="TestCase.java" package ="junit.framework" value ="1"/>
         <Value name="run" source ="TestCase.java" package ="junit.framework" value ="1"/>
         <Value name="run" source ="TestCase.java" package ="junit.framework" value ="1"/>
         <Value name="setName" source ="TestCase.java" package ="junit.framework" value ="1"/>
         <Value name="setUp" source ="TestCase.java" package ="junit.framework" value ="1"/>
         <Value name="tearDown" source ="TestCase.java" package ="junit.framework" value ="1"/>
         <Value name="toString" source ="TestCase.java" package ="junit.framework" value ="1"/>
         <Value name="TestFailure" source ="TestFailure.java" package ="junit.framework" value ="1"/>
         <Value name="exceptionMessage" source ="TestFailure.java" package ="junit.framework" value ="1"/>
         <Value name="failedTest" source ="TestFailure.java" package ="junit.framework" value ="1"/>
         <Value name="isFailure" source ="TestFailure.java" package ="junit.framework" value ="1"/>
         <Value name="thrownException" source ="TestFailure.java" package ="junit.framework" value ="1"/>
         <Value name="toString" source ="TestFailure.java" package ="junit.framework" value ="1"/>
         <Value name="trace" source ="TestFailure.java" package ="junit.framework" value ="1"/>
         <Value name="TestResult" source ="TestResult.java" package ="junit.framework" value ="1"/>
         <Value name="addError" source ="TestResult.java" package ="junit.framework" value ="1"/>
         <Value name="addFailure" source ="TestResult.java" package ="junit.framework" value ="1"/>
         <Value name="addListener" source ="TestResult.java" package ="junit.framework" value ="1"/>
         <Value name="cloneListeners" source ="TestResult.java" package ="junit.framework" value ="1"/>
         <Value name="endTest" source ="TestResult.java" package ="junit.framework" value ="1"/>
         <Value name="errorCount" source ="TestResult.java" package ="junit.framework" value ="1"/>
         <Value name="errors" source ="TestResult.java" package ="junit.framework" value ="1"/>
         <Value name="failureCount" source ="TestResult.java" package ="junit.framework" value ="1"/>
         <Value name="failures" source ="TestResult.java" package ="junit.framework" value ="1"/>
         <Value name="removeListener" source ="TestResult.java" package ="junit.framework" value ="1"/>
         <Value name="runCount" source ="TestResult.java" package ="junit.framework" value ="1"/>
         <Value name="shouldStop" source ="TestResult.java" package ="junit.framework" value ="1"/>
         <Value name="stop" source ="TestResult.java" package ="junit.framework" value ="1"/>
         <Value name="wasSuccessful" source ="TestResult.java" package ="junit.framework" value ="1"/>
         <Value name="TestSuite" source ="TestSuite.java" package ="junit.framework" value ="1"/>
         <Value name="TestSuite" source ="TestSuite.java" package ="junit.framework" value ="1"/>
         <Value name="TestSuite" source ="TestSuite.java" package ="junit.framework" value ="1"/>
         <Value name="TestSuite" source ="TestSuite.java" package ="junit.framework" value ="1"/>
         <Value name="TestSuite" source ="TestSuite.java" package ="junit.framework" value ="1"/>
         <Value name="addTestSuite" source ="TestSuite.java" package ="junit.framework" value ="1"/>
         <Value name="addTest" source ="TestSuite.java" package ="junit.framework" value ="1"/>
         <Value name="countTestCases" source ="TestSuite.java" package ="junit.framework" value ="1"/>
         <Value name="exceptionToString" source ="TestSuite.java" package ="junit.framework" value ="1"/>
         <Value name="getName" source ="TestSuite.java" package ="junit.framework" value ="1"/>
         <Value name="isPublicTestMethod" source ="TestSuite.java" package ="junit.framework" value ="1"/>
         <Value name="isTestMethod" source ="TestSuite.java" package ="junit.framework" value ="1"/>
         <Value name="runTest" source ="TestSuite.java" package ="junit.framework" value ="1"/>
         <Value name="run" source ="TestSuite.java" package ="junit.framework" value ="1"/>
         <Value name="setName" source ="TestSuite.java" package ="junit.framework" value ="1"/>
         <Value name="testAt" source ="TestSuite.java" package ="junit.framework" value ="1"/>
         <Value name="testCaseForClass" source ="TestSuite.java" package ="junit.framework" value ="1"/>
         <Value name="testCount" source ="TestSuite.java" package ="junit.framework" value ="1"/>
         <Value name="tests" source ="TestSuite.java" package ="junit.framework" value ="1"/>
         <Value name="toString" source ="TestSuite.java" package ="junit.framework" value ="1"/>
         <Value name="addError" source ="BaseTestRunner.java" package ="junit.runner" value ="1"/>
         <Value name="addFailure" source ="BaseTestRunner.java" package ="junit.runner" value ="1"/>
         <Value name="clearStatus" source ="BaseTestRunner.java" package ="junit.runner" value ="1"/>
         <Value name="elapsedTimeAsString" source ="BaseTestRunner.java" package ="junit.runner" value ="1"/>
         <Value name="endTest" source ="BaseTestRunner.java" package ="junit.runner" value ="1"/>
         <Value name="extractClassName" source ="BaseTestRunner.java" package ="junit.runner" value ="1"/>
         <Value name="getFilteredTrace" source ="BaseTestRunner.java" package ="junit.runner" value ="1"/>
         <Value name="getPreferencesFile" source ="BaseTestRunner.java" package ="junit.runner" value ="1"/>
         <Value name="getPreference" source ="BaseTestRunner.java" package ="junit.runner" value ="1"/>
         <Value name="loadSuiteClass" source ="BaseTestRunner.java" package ="junit.runner" value ="1"/>
         <Value name="setLoading" source ="BaseTestRunner.java" package ="junit.runner" value ="1"/>
         <Value name="setPreferences" source ="BaseTestRunner.java" package ="junit.runner" value ="1"/>
         <Value name="setPreference" source ="BaseTestRunner.java" package ="junit.runner" value ="1"/>
         <Value name="showStackRaw" source ="BaseTestRunner.java" package ="junit.runner" value ="1"/>
         <Value name="startTest" source ="BaseTestRunner.java" package ="junit.runner" value ="1"/>
         <Value name="truncate" source ="BaseTestRunner.java" package ="junit.runner" value ="1"/>
         <Value name="useReloadingTestSuiteLoader" source ="BaseTestRunner.java" package ="junit.runner" value ="1"/>
         <Value name="Version" source ="Version.java" package ="junit.runner" value ="1"/>
         <Value name="id" source ="Version.java" package ="junit.runner" value ="1"/>
         <Value name="main" source ="Version.java" package ="junit.runner" value ="1"/>
         <Value name="ResultPrinter" source ="ResultPrinter.java" package ="junit.textui" value ="1"/>
         <Value name="addError" source ="ResultPrinter.java" package ="junit.textui" value ="1"/>
         <Value name="addFailure" source ="ResultPrinter.java" package ="junit.textui" value ="1"/>
         <Value name="elapsedTimeAsString" source ="ResultPrinter.java" package ="junit.textui" value ="1"/>
         <Value name="endTest" source ="ResultPrinter.java" package ="junit.textui" value ="1"/>
         <Value name="getWriter" source ="ResultPrinter.java" package ="junit.textui" value ="1"/>
         <Value name="printDefectHeader" source ="ResultPrinter.java" package ="junit.textui" value ="1"/>
         <Value name="printDefectTrace" source ="ResultPrinter.java" package ="junit.textui" value ="1"/>
         <Value name="printDefect" source ="ResultPrinter.java" package ="junit.textui" value ="1"/>
         <Value name="printErrors" source ="ResultPrinter.java" package ="junit.textui" value ="1"/>
         <Value name="printFailures" source ="ResultPrinter.java" package ="junit.textui" value ="1"/>
         <Value name="printHeader" source ="ResultPrinter.java" package ="junit.textui" value ="1"/>
         <Value name="printWaitPrompt" source ="ResultPrinter.java" package ="junit.textui" value ="1"/>
         <Value name="print" source ="ResultPrinter.java" package ="junit.textui" value ="1"/>
         <Value name="TestRunner" source ="TestRunner.java" package ="junit.textui" value ="1"/>
         <Value name="TestRunner" source ="TestRunner.java" package ="junit.textui" value ="1"/>
         <Value name="TestRunner" source ="TestRunner.java" package ="junit.textui" value ="1"/>
         <Value name="createTestResult" source ="TestRunner.java" package ="junit.textui" value ="1"/>
         <Value name="doRun" source ="TestRunner.java" package ="junit.textui" value ="1"/>
         <Value name="doRun" source ="TestRunner.java" package ="junit.textui" value ="1"/>
         <Value name="runAndWait" source ="TestRunner.java" package ="junit.textui" value ="1"/>
         <Value name="runFailed" source ="TestRunner.java" package ="junit.textui" value ="1"/>
         <Value name="runSingleMethod" source ="TestRunner.java" package ="junit.textui" value ="1"/>
         <Value name="run" source ="TestRunner.java" package ="junit.textui" value ="1"/>
         <Value name="run" source ="TestRunner.java" package ="junit.textui" value ="1"/>
         <Value name="setPrinter" source ="TestRunner.java" package ="junit.textui" value ="1"/>
         <Value name="testEnded" source ="TestRunner.java" package ="junit.textui" value ="1"/>
         <Value name="testFailed" source ="TestRunner.java" package ="junit.textui" value ="1"/>
         <Value name="testStarted" source ="TestRunner.java" package ="junit.textui" value ="1"/>
         <Value name="CategoryFilter" source ="Categories.java" package ="org.junit.experimental.categories" value ="1"/>
         <Value name="categories" source ="Categories.java" package ="org.junit.experimental.categories" value ="1"/>
         <Value name="describe" source ="Categories.java" package ="org.junit.experimental.categories" value ="1"/>
         <Value name="directCategories" source ="Categories.java" package ="org.junit.experimental.categories" value ="1"/>
         <Value name="hasCorrectCategoryAnnotation" source ="Categories.java" package ="org.junit.experimental.categories" value ="1"/>
         <Value name="include" source ="Categories.java" package ="org.junit.experimental.categories" value ="1"/>
         <Value name="parentDescription" source ="Categories.java" package ="org.junit.experimental.categories" value ="1"/>
         <Value name="shouldRun" source ="Categories.java" package ="org.junit.experimental.categories" value ="1"/>
         <Value name="assertNoCategorizedDescendentsOfUncategorizeableParents" source ="Categories.java" package ="org.junit.experimental.categories" value ="1"/>
         <Value name="assertNoDescendantsHaveCategoryAnnotations" source ="Categories.java" package ="org.junit.experimental.categories" value ="1"/>
         <Value name="canHaveCategorizedChildren" source ="Categories.java" package ="org.junit.experimental.categories" value ="1"/>
         <Value name="getExcludedCategory" source ="Categories.java" package ="org.junit.experimental.categories" value ="1"/>
         <Value name="getIncludedCategory" source ="Categories.java" package ="org.junit.experimental.categories" value ="1"/>
         <Value name="CouldNotReadCoreException" source ="CouldNotReadCoreException.java" package ="org.junit.experimental.max" value ="1"/>
         <Value name="MaxCore" source ="MaxCore.java" package ="org.junit.experimental.max" value ="1"/>
         <Value name="buildRunner" source ="MaxCore.java" package ="org.junit.experimental.max" value ="1"/>
         <Value name="findLeaves" source ="MaxCore.java" package ="org.junit.experimental.max" value ="1"/>
         <Value name="findLeaves" source ="MaxCore.java" package ="org.junit.experimental.max" value ="1"/>
         <Value name="forFolder" source ="MaxCore.java" package ="org.junit.experimental.max" value ="1"/>
         <Value name="run" source ="MaxCore.java" package ="org.junit.experimental.max" value ="1"/>
         <Value name="run" source ="MaxCore.java" package ="org.junit.experimental.max" value ="1"/>
         <Value name="run" source ="MaxCore.java" package ="org.junit.experimental.max" value ="1"/>
         <Value name="sortRequest" source ="MaxCore.java" package ="org.junit.experimental.max" value ="1"/>
         <Value name="sortedLeavesForTest" source ="MaxCore.java" package ="org.junit.experimental.max" value ="1"/>
         <Value name="storedLocally" source ="MaxCore.java" package ="org.junit.experimental.max" value ="1"/>
         <Value name="testFailure" source ="MaxHistory.java" package ="org.junit.experimental.max" value ="1"/>
         <Value name="testFinished" source ="MaxHistory.java" package ="org.junit.experimental.max" value ="1"/>
         <Value name="testRunFinished" source ="MaxHistory.java" package ="org.junit.experimental.max" value ="1"/>
         <Value name="testStarted" source ="MaxHistory.java" package ="org.junit.experimental.max" value ="1"/>
         <Value name="compare" source ="MaxHistory.java" package ="org.junit.experimental.max" value ="1"/>
         <Value name="getFailure" source ="MaxHistory.java" package ="org.junit.experimental.max" value ="1"/>
         <Value name="MaxHistory" source ="MaxHistory.java" package ="org.junit.experimental.max" value ="1"/>
         <Value name="getFailureTimestamp" source ="MaxHistory.java" package ="org.junit.experimental.max" value ="1"/>
         <Value name="getTestDuration" source ="MaxHistory.java" package ="org.junit.experimental.max" value ="1"/>
         <Value name="isNewTest" source ="MaxHistory.java" package ="org.junit.experimental.max" value ="1"/>
         <Value name="listener" source ="MaxHistory.java" package ="org.junit.experimental.max" value ="1"/>
         <Value name="putTestDuration" source ="MaxHistory.java" package ="org.junit.experimental.max" value ="1"/>
         <Value name="putTestFailureTimestamp" source ="MaxHistory.java" package ="org.junit.experimental.max" value ="1"/>
         <Value name="save" source ="MaxHistory.java" package ="org.junit.experimental.max" value ="1"/>
         <Value name="testComparator" source ="MaxHistory.java" package ="org.junit.experimental.max" value ="1"/>
         <Value name="FailureList" source ="FailureList.java" package ="org.junit.experimental.results" value ="1"/>
         <Value name="result" source ="FailureList.java" package ="org.junit.experimental.results" value ="1"/>
         <Value name="PrintableResult" source ="PrintableResult.java" package ="org.junit.experimental.results" value ="1"/>
         <Value name="PrintableResult" source ="PrintableResult.java" package ="org.junit.experimental.results" value ="1"/>
         <Value name="PrintableResult" source ="PrintableResult.java" package ="org.junit.experimental.results" value ="1"/>
         <Value name="failureCount" source ="PrintableResult.java" package ="org.junit.experimental.results" value ="1"/>
         <Value name="testResult" source ="PrintableResult.java" package ="org.junit.experimental.results" value ="1"/>
         <Value name="toString" source ="PrintableResult.java" package ="org.junit.experimental.results" value ="1"/>
         <Value name="isSuccessful" source ="ResultMatchers.java" package ="org.junit.experimental.results" value ="1"/>
         <Value name="Enclosed" source ="Enclosed.java" package ="org.junit.experimental.runners" value ="1"/>
         <Value name="Listed" source ="Listed.java" package ="org.junit.experimental.runners" value ="1"/>
         <Value name="get" source ="Listed.java" package ="org.junit.experimental.runners" value ="1"/>
         <Value name="SuiteBuilder" source ="SuiteBuilder.java" package ="org.junit.experimental.runners" value ="1"/>
         <Value name="computeRunners" source ="SuiteBuilder.java" package ="org.junit.experimental.runners" value ="1"/>
         <Value name="filterRunners" source ="SuiteBuilder.java" package ="org.junit.experimental.runners" value ="1"/>
         <Value name="gatherClasses" source ="SuiteBuilder.java" package ="org.junit.experimental.runners" value ="1"/>
         <Value name="getDescription" source ="SuiteBuilder.java" package ="org.junit.experimental.runners" value ="1"/>
         <Value name="getFilters" source ="SuiteBuilder.java" package ="org.junit.experimental.runners" value ="1"/>
         <Value name="runnersForClasses" source ="SuiteBuilder.java" package ="org.junit.experimental.runners" value ="1"/>
         <Value name="run" source ="SuiteBuilder.java" package ="org.junit.experimental.runners" value ="1"/>
         <Value name="MethodParameterValue" source ="AllMembersSupplier.java" package ="org.junit.experimental.theories.internal" value ="1"/>
         <Value name="getDescription" source ="AllMembersSupplier.java" package ="org.junit.experimental.theories.internal" value ="1"/>
         <Value name="AllMembersSupplier" source ="AllMembersSupplier.java" package ="org.junit.experimental.theories.internal" value ="1"/>
         <Value name="addArrayValues" source ="AllMembersSupplier.java" package ="org.junit.experimental.theories.internal" value ="1"/>
         <Value name="addFields" source ="AllMembersSupplier.java" package ="org.junit.experimental.theories.internal" value ="1"/>
         <Value name="addMultiPointMethods" source ="AllMembersSupplier.java" package ="org.junit.experimental.theories.internal" value ="1"/>
         <Value name="addSinglePointMethods" source ="AllMembersSupplier.java" package ="org.junit.experimental.theories.internal" value ="1"/>
         <Value name="getValueSources" source ="AllMembersSupplier.java" package ="org.junit.experimental.theories.internal" value ="1"/>
         <Value name="Assignments" source ="Assignments.java" package ="org.junit.experimental.theories.internal" value ="1"/>
         <Value name="allUnassigned" source ="Assignments.java" package ="org.junit.experimental.theories.internal" value ="1"/>
         <Value name="assignNext" source ="Assignments.java" package ="org.junit.experimental.theories.internal" value ="1"/>
         <Value name="getAllArguments" source ="Assignments.java" package ="org.junit.experimental.theories.internal" value ="1"/>
         <Value name="getAnnotatedSupplier" source ="Assignments.java" package ="org.junit.experimental.theories.internal" value ="1"/>
         <Value name="getConstructorArguments" source ="Assignments.java" package ="org.junit.experimental.theories.internal" value ="1"/>
         <Value name="getConstructorParameterCount" source ="Assignments.java" package ="org.junit.experimental.theories.internal" value ="1"/>
         <Value name="getMethodArguments" source ="Assignments.java" package ="org.junit.experimental.theories.internal" value ="1"/>
         <Value name="getSupplier" source ="Assignments.java" package ="org.junit.experimental.theories.internal" value ="1"/>
         <Value name="isComplete" source ="Assignments.java" package ="org.junit.experimental.theories.internal" value ="1"/>
         <Value name="nextUnassigned" source ="Assignments.java" package ="org.junit.experimental.theories.internal" value ="1"/>
         <Value name="potentialsForNextUnassigned" source ="Assignments.java" package ="org.junit.experimental.theories.internal" value ="1"/>
         <Value name="ParameterizedAssertionError" source ="ParameterizedAssertionError.java" package ="org.junit.experimental.theories.internal" value ="1"/>
         <Value name="equals" source ="ParameterizedAssertionError.java" package ="org.junit.experimental.theories.internal" value ="1"/>
         <Value name="join" source ="ParameterizedAssertionError.java" package ="org.junit.experimental.theories.internal" value ="1"/>
         <Value name="getValueSources" source ="TestedOnSupplier.java" package ="org.junit.experimental.theories.suppliers" value ="1"/>
         <Value name="ParameterSignature" source ="ParameterSignature.java" package ="org.junit.experimental.theories" value ="1"/>
         <Value name="canAcceptArrayType" source ="ParameterSignature.java" package ="org.junit.experimental.theories" value ="1"/>
         <Value name="canAcceptType" source ="ParameterSignature.java" package ="org.junit.experimental.theories" value ="1"/>
         <Value name="findDeepAnnotation" source ="ParameterSignature.java" package ="org.junit.experimental.theories" value ="1"/>
         <Value name="findDeepAnnotation" source ="ParameterSignature.java" package ="org.junit.experimental.theories" value ="1"/>
         <Value name="getAnnotations" source ="ParameterSignature.java" package ="org.junit.experimental.theories" value ="1"/>
         <Value name="getAnnotation" source ="ParameterSignature.java" package ="org.junit.experimental.theories" value ="1"/>
         <Value name="getType" source ="ParameterSignature.java" package ="org.junit.experimental.theories" value ="1"/>
         <Value name="hasAnnotation" source ="ParameterSignature.java" package ="org.junit.experimental.theories" value ="1"/>
         <Value name="signatures" source ="ParameterSignature.java" package ="org.junit.experimental.theories" value ="1"/>
         <Value name="signatures" source ="ParameterSignature.java" package ="org.junit.experimental.theories" value ="1"/>
         <Value name="TheoryAnchor" source ="Theories.java" package ="org.junit.experimental.theories" value ="1"/>
         <Value name="evaluate" source ="Theories.java" package ="org.junit.experimental.theories" value ="1"/>
         <Value name="getTestClass" source ="Theories.java" package ="org.junit.experimental.theories" value ="1"/>
         <Value name="handleAssumptionViolation" source ="Theories.java" package ="org.junit.experimental.theories" value ="1"/>
         <Value name="handleDataPointSuccess" source ="Theories.java" package ="org.junit.experimental.theories" value ="1"/>
         <Value name="nullsOk" source ="Theories.java" package ="org.junit.experimental.theories" value ="1"/>
         <Value name="reportParameterizedError" source ="Theories.java" package ="org.junit.experimental.theories" value ="1"/>
         <Value name="runWithIncompleteAssignment" source ="Theories.java" package ="org.junit.experimental.theories" value ="1"/>
         <Value name="Theories" source ="Theories.java" package ="org.junit.experimental.theories" value ="1"/>
         <Value name="collectInitializationErrors" source ="Theories.java" package ="org.junit.experimental.theories" value ="1"/>
         <Value name="computeTestMethods" source ="Theories.java" package ="org.junit.experimental.theories" value ="1"/>
         <Value name="methodBlock" source ="Theories.java" package ="org.junit.experimental.theories" value ="1"/>
         <Value name="validateConstructor" source ="Theories.java" package ="org.junit.experimental.theories" value ="1"/>
         <Value name="validateDataPointFields" source ="Theories.java" package ="org.junit.experimental.theories" value ="1"/>
         <Value name="validateTestMethods" source ="Theories.java" package ="org.junit.experimental.theories" value ="1"/>
         <Value name="ParallelComputer" source ="ParallelComputer.java" package ="org.junit.experimental" value ="1"/>
         <Value name="classes" source ="ParallelComputer.java" package ="org.junit.experimental" value ="1"/>
         <Value name="getRunner" source ="ParallelComputer.java" package ="org.junit.experimental" value ="1"/>
         <Value name="getSuite" source ="ParallelComputer.java" package ="org.junit.experimental" value ="1"/>
         <Value name="methods" source ="ParallelComputer.java" package ="org.junit.experimental" value ="1"/>
         <Value name="AllDefaultPossibilitiesBuilder" source ="AllDefaultPossibilitiesBuilder.java" package ="org.junit.internal.builders" value ="1"/>
         <Value name="annotatedBuilder" source ="AllDefaultPossibilitiesBuilder.java" package ="org.junit.internal.builders" value ="1"/>
         <Value name="ignoredBuilder" source ="AllDefaultPossibilitiesBuilder.java" package ="org.junit.internal.builders" value ="1"/>
         <Value name="junit3Builder" source ="AllDefaultPossibilitiesBuilder.java" package ="org.junit.internal.builders" value ="1"/>
         <Value name="junit4Builder" source ="AllDefaultPossibilitiesBuilder.java" package ="org.junit.internal.builders" value ="1"/>
         <Value name="runnerForClass" source ="AllDefaultPossibilitiesBuilder.java" package ="org.junit.internal.builders" value ="1"/>
         <Value name="suiteMethodBuilder" source ="AllDefaultPossibilitiesBuilder.java" package ="org.junit.internal.builders" value ="1"/>
         <Value name="AnnotatedBuilder" source ="AnnotatedBuilder.java" package ="org.junit.internal.builders" value ="1"/>
         <Value name="runnerForClass" source ="AnnotatedBuilder.java" package ="org.junit.internal.builders" value ="1"/>
         <Value name="runnerForClass" source ="IgnoredBuilder.java" package ="org.junit.internal.builders" value ="1"/>
         <Value name="IgnoredClassRunner" source ="IgnoredClassRunner.java" package ="org.junit.internal.builders" value ="1"/>
         <Value name="getDescription" source ="IgnoredClassRunner.java" package ="org.junit.internal.builders" value ="1"/>
         <Value name="run" source ="IgnoredClassRunner.java" package ="org.junit.internal.builders" value ="1"/>
         <Value name="isPre4Test" source ="JUnit3Builder.java" package ="org.junit.internal.builders" value ="1"/>
         <Value name="runnerForClass" source ="JUnit3Builder.java" package ="org.junit.internal.builders" value ="1"/>
         <Value name="runnerForClass" source ="JUnit4Builder.java" package ="org.junit.internal.builders" value ="1"/>
         <Value name="runnerForClass" source ="NullBuilder.java" package ="org.junit.internal.builders" value ="1"/>
         <Value name="runnerForClass" source ="SuiteMethodBuilder.java" package ="org.junit.internal.builders" value ="1"/>
         <Value name="CombinableMatcher" source ="CombinableMatcher.java" package ="org.junit.internal.matchers" value ="1"/>
         <Value name="and" source ="CombinableMatcher.java" package ="org.junit.internal.matchers" value ="1"/>
         <Value name="describeTo" source ="CombinableMatcher.java" package ="org.junit.internal.matchers" value ="1"/>
         <Value name="matches" source ="CombinableMatcher.java" package ="org.junit.internal.matchers" value ="1"/>
         <Value name="or" source ="CombinableMatcher.java" package ="org.junit.internal.matchers" value ="1"/>
         <Value name="IsCollectionContaining" source ="IsCollectionContaining.java" package ="org.junit.internal.matchers" value ="1"/>
         <Value name="describeTo" source ="IsCollectionContaining.java" package ="org.junit.internal.matchers" value ="1"/>
         <Value name="hasItems" source ="IsCollectionContaining.java" package ="org.junit.internal.matchers" value ="1"/>
         <Value name="hasItems" source ="IsCollectionContaining.java" package ="org.junit.internal.matchers" value ="1"/>
         <Value name="hasItem" source ="IsCollectionContaining.java" package ="org.junit.internal.matchers" value ="1"/>
         <Value name="hasItem" source ="IsCollectionContaining.java" package ="org.junit.internal.matchers" value ="1"/>
         <Value name="matchesSafely" source ="IsCollectionContaining.java" package ="org.junit.internal.matchers" value ="1"/>
         <Value name="StringContains" source ="StringContains.java" package ="org.junit.internal.matchers" value ="1"/>
         <Value name="containsString" source ="StringContains.java" package ="org.junit.internal.matchers" value ="1"/>
         <Value name="evalSubstringOf" source ="StringContains.java" package ="org.junit.internal.matchers" value ="1"/>
         <Value name="relationship" source ="StringContains.java" package ="org.junit.internal.matchers" value ="1"/>
         <Value name="SubstringMatcher" source ="SubstringMatcher.java" package ="org.junit.internal.matchers" value ="1"/>
         <Value name="describeTo" source ="SubstringMatcher.java" package ="org.junit.internal.matchers" value ="1"/>
         <Value name="matchesSafely" source ="SubstringMatcher.java" package ="org.junit.internal.matchers" value ="1"/>
         <Value name="TypeSafeMatcher" source ="TypeSafeMatcher.java" package ="org.junit.internal.matchers" value ="1"/>
         <Value name="TypeSafeMatcher" source ="TypeSafeMatcher.java" package ="org.junit.internal.matchers" value ="1"/>
         <Value name="isMatchesSafelyMethod" source ="TypeSafeMatcher.java" package ="org.junit.internal.matchers" value ="1"/>
         <Value name="matches" source ="TypeSafeMatcher.java" package ="org.junit.internal.matchers" value ="1"/>
         <Value name="ClassRequest" source ="ClassRequest.java" package ="org.junit.internal.requests" value ="1"/>
         <Value name="ClassRequest" source ="ClassRequest.java" package ="org.junit.internal.requests" value ="1"/>
         <Value name="getRunner" source ="ClassRequest.java" package ="org.junit.internal.requests" value ="1"/>
         <Value name="FilterRequest" source ="FilterRequest.java" package ="org.junit.internal.requests" value ="1"/>
         <Value name="SortingRequest" source ="SortingRequest.java" package ="org.junit.internal.requests" value ="1"/>
         <Value name="getRunner" source ="SortingRequest.java" package ="org.junit.internal.requests" value ="1"/>
         <Value name="EachTestNotifier" source ="EachTestNotifier.java" package ="org.junit.internal.runners.model" value ="1"/>
         <Value name="addFailedAssumption" source ="EachTestNotifier.java" package ="org.junit.internal.runners.model" value ="1"/>
         <Value name="addMultipleFailureException" source ="EachTestNotifier.java" package ="org.junit.internal.runners.model" value ="1"/>
         <Value name="fireTestFinished" source ="EachTestNotifier.java" package ="org.junit.internal.runners.model" value ="1"/>
         <Value name="fireTestIgnored" source ="EachTestNotifier.java" package ="org.junit.internal.runners.model" value ="1"/>
         <Value name="fireTestStarted" source ="EachTestNotifier.java" package ="org.junit.internal.runners.model" value ="1"/>
         <Value name="MultipleFailureException" source ="MultipleFailureException.java" package ="org.junit.internal.runners.model" value ="1"/>
         <Value name="assertEmpty" source ="MultipleFailureException.java" package ="org.junit.internal.runners.model" value ="1"/>
         <Value name="getFailures" source ="MultipleFailureException.java" package ="org.junit.internal.runners.model" value ="1"/>
         <Value name="ExpectException" source ="ExpectException.java" package ="org.junit.internal.runners.statements" value ="1"/>
         <Value name="Fail" source ="Fail.java" package ="org.junit.internal.runners.statements" value ="1"/>
         <Value name="evaluate" source ="Fail.java" package ="org.junit.internal.runners.statements" value ="1"/>
         <Value name="FailOnTimeout" source ="FailOnTimeout.java" package ="org.junit.internal.runners.statements" value ="1"/>
         <Value name="InvokeMethod" source ="InvokeMethod.java" package ="org.junit.internal.runners.statements" value ="1"/>
         <Value name="evaluate" source ="InvokeMethod.java" package ="org.junit.internal.runners.statements" value ="1"/>
         <Value name="RunAfters" source ="RunAfters.java" package ="org.junit.internal.runners.statements" value ="1"/>
         <Value name="RunBefores" source ="RunBefores.java" package ="org.junit.internal.runners.statements" value ="1"/>
         <Value name="evaluate" source ="RunBefores.java" package ="org.junit.internal.runners.statements" value ="1"/>
         <Value name="ClassRoadie" source ="ClassRoadie.java" package ="org.junit.internal.runners" value ="1"/>
         <Value name="addFailure" source ="ClassRoadie.java" package ="org.junit.internal.runners" value ="1"/>
         <Value name="runAfters" source ="ClassRoadie.java" package ="org.junit.internal.runners" value ="1"/>
         <Value name="runUnprotected" source ="ClassRoadie.java" package ="org.junit.internal.runners" value ="1"/>
         <Value name="ErrorReportingRunner" source ="ErrorReportingRunner.java" package ="org.junit.internal.runners" value ="1"/>
         <Value name="describeCause" source ="ErrorReportingRunner.java" package ="org.junit.internal.runners" value ="1"/>
         <Value name="getCauses" source ="ErrorReportingRunner.java" package ="org.junit.internal.runners" value ="1"/>
         <Value name="getDescription" source ="ErrorReportingRunner.java" package ="org.junit.internal.runners" value ="1"/>
         <Value name="runCause" source ="ErrorReportingRunner.java" package ="org.junit.internal.runners" value ="1"/>
         <Value name="run" source ="ErrorReportingRunner.java" package ="org.junit.internal.runners" value ="1"/>
         <Value name="InitializationError" source ="InitializationError.java" package ="org.junit.internal.runners" value ="1"/>
         <Value name="InitializationError" source ="InitializationError.java" package ="org.junit.internal.runners" value ="1"/>
         <Value name="InitializationError" source ="InitializationError.java" package ="org.junit.internal.runners" value ="1"/>
         <Value name="getCauses" source ="InitializationError.java" package ="org.junit.internal.runners" value ="1"/>
         <Value name="OldTestClassAdaptingListener" source ="JUnit38ClassRunner.java" package ="org.junit.internal.runners" value ="1"/>
         <Value name="addError" source ="JUnit38ClassRunner.java" package ="org.junit.internal.runners" value ="1"/>
         <Value name="addFailure" source ="JUnit38ClassRunner.java" package ="org.junit.internal.runners" value ="1"/>
         <Value name="endTest" source ="JUnit38ClassRunner.java" package ="org.junit.internal.runners" value ="1"/>
         <Value name="getEffectiveClass" source ="JUnit38ClassRunner.java" package ="org.junit.internal.runners" value ="1"/>
         <Value name="getName" source ="JUnit38ClassRunner.java" package ="org.junit.internal.runners" value ="1"/>
         <Value name="startTest" source ="JUnit38ClassRunner.java" package ="org.junit.internal.runners" value ="1"/>
         <Value name="JUnit38ClassRunner" source ="JUnit38ClassRunner.java" package ="org.junit.internal.runners" value ="1"/>
         <Value name="JUnit38ClassRunner" source ="JUnit38ClassRunner.java" package ="org.junit.internal.runners" value ="1"/>
         <Value name="createAdaptingListener" source ="JUnit38ClassRunner.java" package ="org.junit.internal.runners" value ="1"/>
         <Value name="createSuiteDescription" source ="JUnit38ClassRunner.java" package ="org.junit.internal.runners" value ="1"/>
         <Value name="getDescription" source ="JUnit38ClassRunner.java" package ="org.junit.internal.runners" value ="1"/>
         <Value name="getTest" source ="JUnit38ClassRunner.java" package ="org.junit.internal.runners" value ="1"/>
         <Value name="run" source ="JUnit38ClassRunner.java" package ="org.junit.internal.runners" value ="1"/>
         <Value name="setTest" source ="JUnit38ClassRunner.java" package ="org.junit.internal.runners" value ="1"/>
         <Value name="JUnit4ClassRunner" source ="JUnit4ClassRunner.java" package ="org.junit.internal.runners" value ="1"/>
         <Value name="classAnnotations" source ="JUnit4ClassRunner.java" package ="org.junit.internal.runners" value ="1"/>
         <Value name="createTest" source ="JUnit4ClassRunner.java" package ="org.junit.internal.runners" value ="1"/>
         <Value name="getDescription" source ="JUnit4ClassRunner.java" package ="org.junit.internal.runners" value ="1"/>
         <Value name="getName" source ="JUnit4ClassRunner.java" package ="org.junit.internal.runners" value ="1"/>
         <Value name="getTestClass" source ="JUnit4ClassRunner.java" package ="org.junit.internal.runners" value ="1"/>
         <Value name="getTestMethods" source ="JUnit4ClassRunner.java" package ="org.junit.internal.runners" value ="1"/>
         <Value name="methodDescription" source ="JUnit4ClassRunner.java" package ="org.junit.internal.runners" value ="1"/>
         <Value name="runMethods" source ="JUnit4ClassRunner.java" package ="org.junit.internal.runners" value ="1"/>
         <Value name="testAborted" source ="JUnit4ClassRunner.java" package ="org.junit.internal.runners" value ="1"/>
         <Value name="testAnnotations" source ="JUnit4ClassRunner.java" package ="org.junit.internal.runners" value ="1"/>
         <Value name="testName" source ="JUnit4ClassRunner.java" package ="org.junit.internal.runners" value ="1"/>
         <Value name="validate" source ="JUnit4ClassRunner.java" package ="org.junit.internal.runners" value ="1"/>
         <Value name="wrapMethod" source ="JUnit4ClassRunner.java" package ="org.junit.internal.runners" value ="1"/>
         <Value name="MethodRoadie" source ="MethodRoadie.java" package ="org.junit.internal.runners" value ="1"/>
         <Value name="addFailure" source ="MethodRoadie.java" package ="org.junit.internal.runners" value ="1"/>
         <Value name="runAfters" source ="MethodRoadie.java" package ="org.junit.internal.runners" value ="1"/>
         <Value name="MethodValidator" source ="MethodValidator.java" package ="org.junit.internal.runners" value ="1"/>
         <Value name="assertValid" source ="MethodValidator.java" package ="org.junit.internal.runners" value ="1"/>
         <Value name="validateInstanceMethods" source ="MethodValidator.java" package ="org.junit.internal.runners" value ="1"/>
         <Value name="validateMethodsForDefaultRunner" source ="MethodValidator.java" package ="org.junit.internal.runners" value ="1"/>
         <Value name="validateStaticMethods" source ="MethodValidator.java" package ="org.junit.internal.runners" value ="1"/>
         <Value name="validateTestMethods" source ="MethodValidator.java" package ="org.junit.internal.runners" value ="1"/>
         <Value name="SuiteMethod" source ="SuiteMethod.java" package ="org.junit.internal.runners" value ="1"/>
         <Value name="TestClass" source ="TestClass.java" package ="org.junit.internal.runners" value ="1"/>
         <Value name="getAfters" source ="TestClass.java" package ="org.junit.internal.runners" value ="1"/>
         <Value name="getAnnotatedMethods" source ="TestClass.java" package ="org.junit.internal.runners" value ="1"/>
         <Value name="getBefores" source ="TestClass.java" package ="org.junit.internal.runners" value ="1"/>
         <Value name="getConstructor" source ="TestClass.java" package ="org.junit.internal.runners" value ="1"/>
         <Value name="getJavaClass" source ="TestClass.java" package ="org.junit.internal.runners" value ="1"/>
         <Value name="getName" source ="TestClass.java" package ="org.junit.internal.runners" value ="1"/>
         <Value name="getTestMethods" source ="TestClass.java" package ="org.junit.internal.runners" value ="1"/>
         <Value name="isShadowed" source ="TestClass.java" package ="org.junit.internal.runners" value ="1"/>
         <Value name="runsTopToBottom" source ="TestClass.java" package ="org.junit.internal.runners" value ="1"/>
         <Value name="TestMethod" source ="TestMethod.java" package ="org.junit.internal.runners" value ="1"/>
         <Value name="expectsException" source ="TestMethod.java" package ="org.junit.internal.runners" value ="1"/>
         <Value name="getAfters" source ="TestMethod.java" package ="org.junit.internal.runners" value ="1"/>
         <Value name="getBefores" source ="TestMethod.java" package ="org.junit.internal.runners" value ="1"/>
         <Value name="getExpectedException" source ="TestMethod.java" package ="org.junit.internal.runners" value ="1"/>
         <Value name="getTimeout" source ="TestMethod.java" package ="org.junit.internal.runners" value ="1"/>
         <Value name="invoke" source ="TestMethod.java" package ="org.junit.internal.runners" value ="1"/>
         <Value name="isIgnored" source ="TestMethod.java" package ="org.junit.internal.runners" value ="1"/>
         <Value name="isUnexpected" source ="TestMethod.java" package ="org.junit.internal.runners" value ="1"/>
         <Value name="ArrayComparisonFailure" source ="ArrayComparisonFailure.java" package ="org.junit.internal" value ="1"/>
         <Value name="addDimension" source ="ArrayComparisonFailure.java" package ="org.junit.internal" value ="1"/>
         <Value name="getMessage" source ="ArrayComparisonFailure.java" package ="org.junit.internal" value ="1"/>
         <Value name="toString" source ="ArrayComparisonFailure.java" package ="org.junit.internal" value ="1"/>
         <Value name="AssumptionViolatedException" source ="AssumptionViolatedException.java" package ="org.junit.internal" value ="1"/>
         <Value name="AssumptionViolatedException" source ="AssumptionViolatedException.java" package ="org.junit.internal" value ="1"/>
         <Value name="getMessage" source ="AssumptionViolatedException.java" package ="org.junit.internal" value ="1"/>
         <Value name="assertArraysAreSameLength" source ="ComparisonCriteria.java" package ="org.junit.internal" value ="1"/>
         <Value name="isArray" source ="ComparisonCriteria.java" package ="org.junit.internal" value ="1"/>
         <Value name="assertElementsEqual" source ="ExactComparisonCriteria.java" package ="org.junit.internal" value ="1"/>
         <Value name="InexactComparisonCriteria" source ="InexactComparisonCriteria.java" package ="org.junit.internal" value ="1"/>
         <Value name="assertElementsEqual" source ="InexactComparisonCriteria.java" package ="org.junit.internal" value ="1"/>
         <Value name="exit" source ="RealSystem.java" package ="org.junit.internal" value ="1"/>
         <Value name="out" source ="RealSystem.java" package ="org.junit.internal" value ="1"/>
         <Value name="TextListener" source ="TextListener.java" package ="org.junit.internal" value ="1"/>
         <Value name="TextListener" source ="TextListener.java" package ="org.junit.internal" value ="1"/>
         <Value name="elapsedTimeAsString" source ="TextListener.java" package ="org.junit.internal" value ="1"/>
         <Value name="getWriter" source ="TextListener.java" package ="org.junit.internal" value ="1"/>
         <Value name="printFailures" source ="TextListener.java" package ="org.junit.internal" value ="1"/>
         <Value name="printFailure" source ="TextListener.java" package ="org.junit.internal" value ="1"/>
         <Value name="printHeader" source ="TextListener.java" package ="org.junit.internal" value ="1"/>
         <Value name="testFailure" source ="TextListener.java" package ="org.junit.internal" value ="1"/>
         <Value name="testIgnored" source ="TextListener.java" package ="org.junit.internal" value ="1"/>
         <Value name="testRunFinished" source ="TextListener.java" package ="org.junit.internal" value ="1"/>
         <Value name="testStarted" source ="TextListener.java" package ="org.junit.internal" value ="1"/>
         <Value name="both" source ="JUnitMatchers.java" package ="org.junit.matchers" value ="1"/>
         <Value name="containsString" source ="JUnitMatchers.java" package ="org.junit.matchers" value ="1"/>
         <Value name="either" source ="JUnitMatchers.java" package ="org.junit.matchers" value ="1"/>
         <Value name="everyItem" source ="JUnitMatchers.java" package ="org.junit.matchers" value ="1"/>
         <Value name="hasItems" source ="JUnitMatchers.java" package ="org.junit.matchers" value ="1"/>
         <Value name="hasItems" source ="JUnitMatchers.java" package ="org.junit.matchers" value ="1"/>
         <Value name="hasItem" source ="JUnitMatchers.java" package ="org.junit.matchers" value ="1"/>
         <Value name="hasItem" source ="JUnitMatchers.java" package ="org.junit.matchers" value ="1"/>
         <Value name="addError" source ="ErrorCollector.java" package ="org.junit.rules" value ="1"/>
         <Value name="verify" source ="ErrorCollector.java" package ="org.junit.rules" value ="1"/>
         <Value name="ExpectedExceptionStatement" source ="ExpectedException.java" package ="org.junit.rules" value ="1"/>
         <Value name="ExpectedException" source ="ExpectedException.java" package ="org.junit.rules" value ="1"/>
         <Value name="apply" source ="ExpectedException.java" package ="org.junit.rules" value ="1"/>
         <Value name="expectMessage" source ="ExpectedException.java" package ="org.junit.rules" value ="1"/>
         <Value name="expectMessage" source ="ExpectedException.java" package ="org.junit.rules" value ="1"/>
         <Value name="expect" source ="ExpectedException.java" package ="org.junit.rules" value ="1"/>
         <Value name="expect" source ="ExpectedException.java" package ="org.junit.rules" value ="1"/>
         <Value name="none" source ="ExpectedException.java" package ="org.junit.rules" value ="1"/>
         <Value name="after" source ="ExternalResource.java" package ="org.junit.rules" value ="1"/>
         <Value name="apply" source ="ExternalResource.java" package ="org.junit.rules" value ="1"/>
         <Value name="before" source ="ExternalResource.java" package ="org.junit.rules" value ="1"/>
         <Value name="after" source ="TemporaryFolder.java" package ="org.junit.rules" value ="1"/>
         <Value name="before" source ="TemporaryFolder.java" package ="org.junit.rules" value ="1"/>
         <Value name="create" source ="TemporaryFolder.java" package ="org.junit.rules" value ="1"/>
         <Value name="delete" source ="TemporaryFolder.java" package ="org.junit.rules" value ="1"/>
         <Value name="getRoot" source ="TemporaryFolder.java" package ="org.junit.rules" value ="1"/>
         <Value name="newFile" source ="TemporaryFolder.java" package ="org.junit.rules" value ="1"/>
         <Value name="newFolder" source ="TemporaryFolder.java" package ="org.junit.rules" value ="1"/>
         <Value name="recursiveDelete" source ="TemporaryFolder.java" package ="org.junit.rules" value ="1"/>
         <Value name="getMethodName" source ="TestName.java" package ="org.junit.rules" value ="1"/>
         <Value name="starting" source ="TestName.java" package ="org.junit.rules" value ="1"/>
         <Value name="failed" source ="TestWatcher.java" package ="org.junit.rules" value ="1"/>
         <Value name="finished" source ="TestWatcher.java" package ="org.junit.rules" value ="1"/>
         <Value name="starting" source ="TestWatcher.java" package ="org.junit.rules" value ="1"/>
         <Value name="succeeded" source ="TestWatcher.java" package ="org.junit.rules" value ="1"/>
         <Value name="failed" source ="TestWatchman.java" package ="org.junit.rules" value ="1"/>
         <Value name="finished" source ="TestWatchman.java" package ="org.junit.rules" value ="1"/>
         <Value name="starting" source ="TestWatchman.java" package ="org.junit.rules" value ="1"/>
         <Value name="succeeded" source ="TestWatchman.java" package ="org.junit.rules" value ="1"/>
         <Value name="Timeout" source ="Timeout.java" package ="org.junit.rules" value ="1"/>
         <Value name="apply" source ="Timeout.java" package ="org.junit.rules" value ="1"/>
         <Value name="verify" source ="Verifier.java" package ="org.junit.rules" value ="1"/>
         <Value name="apply" source ="Filter.java" package ="org.junit.runner.manipulation" value ="1"/>
         <Value name="Sorter" source ="Sorter.java" package ="org.junit.runner.manipulation" value ="1"/>
         <Value name="compare" source ="Sorter.java" package ="org.junit.runner.manipulation" value ="1"/>
         <Value name="Failure" source ="Failure.java" package ="org.junit.runner.notification" value ="1"/>
         <Value name="getDescription" source ="Failure.java" package ="org.junit.runner.notification" value ="1"/>
         <Value name="getException" source ="Failure.java" package ="org.junit.runner.notification" value ="1"/>
         <Value name="getMessage" source ="Failure.java" package ="org.junit.runner.notification" value ="1"/>
         <Value name="getTestHeader" source ="Failure.java" package ="org.junit.runner.notification" value ="1"/>
         <Value name="getTrace" source ="Failure.java" package ="org.junit.runner.notification" value ="1"/>
         <Value name="toString" source ="Failure.java" package ="org.junit.runner.notification" value ="1"/>
         <Value name="testAssumptionFailure" source ="RunListener.java" package ="org.junit.runner.notification" value ="1"/>
         <Value name="testFailure" source ="RunListener.java" package ="org.junit.runner.notification" value ="1"/>
         <Value name="testFinished" source ="RunListener.java" package ="org.junit.runner.notification" value ="1"/>
         <Value name="testIgnored" source ="RunListener.java" package ="org.junit.runner.notification" value ="1"/>
         <Value name="testRunFinished" source ="RunListener.java" package ="org.junit.runner.notification" value ="1"/>
         <Value name="testRunStarted" source ="RunListener.java" package ="org.junit.runner.notification" value ="1"/>
         <Value name="testStarted" source ="RunListener.java" package ="org.junit.runner.notification" value ="1"/>
         <Value name="addFirstListener" source ="RunNotifier.java" package ="org.junit.runner.notification" value ="1"/>
         <Value name="addListener" source ="RunNotifier.java" package ="org.junit.runner.notification" value ="1"/>
         <Value name="pleaseStop" source ="RunNotifier.java" package ="org.junit.runner.notification" value ="1"/>
         <Value name="removeListener" source ="RunNotifier.java" package ="org.junit.runner.notification" value ="1"/>
         <Value name="FrameworkField" source ="FrameworkField.java" package ="org.junit.runners.model" value ="1"/>
         <Value name="getAnnotations" source ="FrameworkField.java" package ="org.junit.runners.model" value ="1"/>
         <Value name="getField" source ="FrameworkField.java" package ="org.junit.runners.model" value ="1"/>
         <Value name="getType" source ="FrameworkField.java" package ="org.junit.runners.model" value ="1"/>
         <Value name="get" source ="FrameworkField.java" package ="org.junit.runners.model" value ="1"/>
         <Value name="isShadowedBy" source ="FrameworkField.java" package ="org.junit.runners.model" value ="1"/>
         <Value name="isShadowedBy" source ="FrameworkMember.java" package ="org.junit.runners.model" value ="1"/>
         <Value name="FrameworkMethod" source ="FrameworkMethod.java" package ="org.junit.runners.model" value ="1"/>
         <Value name="equals" source ="FrameworkMethod.java" package ="org.junit.runners.model" value ="1"/>
         <Value name="getAnnotations" source ="FrameworkMethod.java" package ="org.junit.runners.model" value ="1"/>
         <Value name="getAnnotation" source ="FrameworkMethod.java" package ="org.junit.runners.model" value ="1"/>
         <Value name="getMethod" source ="FrameworkMethod.java" package ="org.junit.runners.model" value ="1"/>
         <Value name="getName" source ="FrameworkMethod.java" package ="org.junit.runners.model" value ="1"/>
         <Value name="getParameterTypes" source ="FrameworkMethod.java" package ="org.junit.runners.model" value ="1"/>
         <Value name="hashCode" source ="FrameworkMethod.java" package ="org.junit.runners.model" value ="1"/>
         <Value name="isShadowedBy" source ="FrameworkMethod.java" package ="org.junit.runners.model" value ="1"/>
         <Value name="producesType" source ="FrameworkMethod.java" package ="org.junit.runners.model" value ="1"/>
         <Value name="validatePublicVoidNoArg" source ="FrameworkMethod.java" package ="org.junit.runners.model" value ="1"/>
         <Value name="InitializationError" source ="InitializationError.java" package ="org.junit.runners.model" value ="1"/>
         <Value name="InitializationError" source ="InitializationError.java" package ="org.junit.runners.model" value ="1"/>
         <Value name="InitializationError" source ="InitializationError.java" package ="org.junit.runners.model" value ="1"/>
         <Value name="getCauses" source ="InitializationError.java" package ="org.junit.runners.model" value ="1"/>
         <Value name="addParent" source ="RunnerBuilder.java" package ="org.junit.runners.model" value ="1"/>
         <Value name="removeParent" source ="RunnerBuilder.java" package ="org.junit.runners.model" value ="1"/>
         <Value name="runners" source ="RunnerBuilder.java" package ="org.junit.runners.model" value ="1"/>
         <Value name="runners" source ="RunnerBuilder.java" package ="org.junit.runners.model" value ="1"/>
         <Value name="TestClass" source ="TestClass.java" package ="org.junit.runners.model" value ="1"/>
         <Value name="addToAnnotationLists" source ="TestClass.java" package ="org.junit.runners.model" value ="1"/>
         <Value name="getAnnotatedFieldValues" source ="TestClass.java" package ="org.junit.runners.model" value ="1"/>
         <Value name="getAnnotatedFields" source ="TestClass.java" package ="org.junit.runners.model" value ="1"/>
         <Value name="getAnnotatedMembers" source ="TestClass.java" package ="org.junit.runners.model" value ="1"/>
         <Value name="getAnnotatedMethods" source ="TestClass.java" package ="org.junit.runners.model" value ="1"/>
         <Value name="getAnnotations" source ="TestClass.java" package ="org.junit.runners.model" value ="1"/>
         <Value name="getJavaClass" source ="TestClass.java" package ="org.junit.runners.model" value ="1"/>
         <Value name="getName" source ="TestClass.java" package ="org.junit.runners.model" value ="1"/>
         <Value name="getOnlyConstructor" source ="TestClass.java" package ="org.junit.runners.model" value ="1"/>
         <Value name="runsTopToBottom" source ="TestClass.java" package ="org.junit.runners.model" value ="1"/>
         <Value name="AllTests" source ="AllTests.java" package ="org.junit.runners" value ="1"/>
         <Value name="BlockJUnit4ClassRunner" source ="BlockJUnit4ClassRunner.java" package ="org.junit.runners" value ="1"/>
         <Value name="collectInitializationErrors" source ="BlockJUnit4ClassRunner.java" package ="org.junit.runners" value ="1"/>
         <Value name="computeTestMethods" source ="BlockJUnit4ClassRunner.java" package ="org.junit.runners" value ="1"/>
         <Value name="createTest" source ="BlockJUnit4ClassRunner.java" package ="org.junit.runners" value ="1"/>
         <Value name="describeChild" source ="BlockJUnit4ClassRunner.java" package ="org.junit.runners" value ="1"/>
         <Value name="expectsException" source ="BlockJUnit4ClassRunner.java" package ="org.junit.runners" value ="1"/>
         <Value name="getChildren" source ="BlockJUnit4ClassRunner.java" package ="org.junit.runners" value ="1"/>
         <Value name="getExpectedException" source ="BlockJUnit4ClassRunner.java" package ="org.junit.runners" value ="1"/>
         <Value name="getMethodRules" source ="BlockJUnit4ClassRunner.java" package ="org.junit.runners" value ="1"/>
         <Value name="getTestRules" source ="BlockJUnit4ClassRunner.java" package ="org.junit.runners" value ="1"/>
         <Value name="getTimeout" source ="BlockJUnit4ClassRunner.java" package ="org.junit.runners" value ="1"/>
         <Value name="hasOneConstructor" source ="BlockJUnit4ClassRunner.java" package ="org.junit.runners" value ="1"/>
         <Value name="isMethodRule" source ="BlockJUnit4ClassRunner.java" package ="org.junit.runners" value ="1"/>
         <Value name="isTestRule" source ="BlockJUnit4ClassRunner.java" package ="org.junit.runners" value ="1"/>
         <Value name="makeNotifier" source ="BlockJUnit4ClassRunner.java" package ="org.junit.runners" value ="1"/>
         <Value name="methodInvoker" source ="BlockJUnit4ClassRunner.java" package ="org.junit.runners" value ="1"/>
         <Value name="possiblyExpectingExceptions" source ="BlockJUnit4ClassRunner.java" package ="org.junit.runners" value ="1"/>
         <Value name="runIgnored" source ="BlockJUnit4ClassRunner.java" package ="org.junit.runners" value ="1"/>
         <Value name="testName" source ="BlockJUnit4ClassRunner.java" package ="org.junit.runners" value ="1"/>
         <Value name="validateConstructor" source ="BlockJUnit4ClassRunner.java" package ="org.junit.runners" value ="1"/>
         <Value name="validateFields" source ="BlockJUnit4ClassRunner.java" package ="org.junit.runners" value ="1"/>
         <Value name="validateInstanceMethods" source ="BlockJUnit4ClassRunner.java" package ="org.junit.runners" value ="1"/>
         <Value name="validateRuleField" source ="BlockJUnit4ClassRunner.java" package ="org.junit.runners" value ="1"/>
         <Value name="validateTestMethods" source ="BlockJUnit4ClassRunner.java" package ="org.junit.runners" value ="1"/>
         <Value name="withAfters" source ="BlockJUnit4ClassRunner.java" package ="org.junit.runners" value ="1"/>
         <Value name="withBefores" source ="BlockJUnit4ClassRunner.java" package ="org.junit.runners" value ="1"/>
         <Value name="withMethodRules" source ="BlockJUnit4ClassRunner.java" package ="org.junit.runners" value ="1"/>
         <Value name="withPotentialTimeout" source ="BlockJUnit4ClassRunner.java" package ="org.junit.runners" value ="1"/>
         <Value name="withRules" source ="BlockJUnit4ClassRunner.java" package ="org.junit.runners" value ="1"/>
         <Value name="withTestRules" source ="BlockJUnit4ClassRunner.java" package ="org.junit.runners" value ="1"/>
         <Value name="JUnit4" source ="JUnit4.java" package ="org.junit.runners" value ="1"/>
         <Value name="TestClassRunnerForParameters" source ="Parameterized.java" package ="org.junit.runners" value ="1"/>
         <Value name="classBlock" source ="Parameterized.java" package ="org.junit.runners" value ="1"/>
         <Value name="createTest" source ="Parameterized.java" package ="org.junit.runners" value ="1"/>
         <Value name="getName" source ="Parameterized.java" package ="org.junit.runners" value ="1"/>
         <Value name="testName" source ="Parameterized.java" package ="org.junit.runners" value ="1"/>
         <Value name="validateConstructor" source ="Parameterized.java" package ="org.junit.runners" value ="1"/>
         <Value name="Parameterized" source ="Parameterized.java" package ="org.junit.runners" value ="1"/>
         <Value name="getChildren" source ="Parameterized.java" package ="org.junit.runners" value ="1"/>
         <Value name="getParametersList" source ="Parameterized.java" package ="org.junit.runners" value ="1"/>
         <Value name="getParametersMethod" source ="Parameterized.java" package ="org.junit.runners" value ="1"/>
         <Value name="ParentRunner" source ="ParentRunner.java" package ="org.junit.runners" value ="1"/>
         <Value name="classBlock" source ="ParentRunner.java" package ="org.junit.runners" value ="1"/>
         <Value name="classRuleFields" source ="ParentRunner.java" package ="org.junit.runners" value ="1"/>
         <Value name="classRules" source ="ParentRunner.java" package ="org.junit.runners" value ="1"/>
         <Value name="collectInitializationErrors" source ="ParentRunner.java" package ="org.junit.runners" value ="1"/>
         <Value name="filterChild" source ="ParentRunner.java" package ="org.junit.runners" value ="1"/>
         <Value name="filter" source ="ParentRunner.java" package ="org.junit.runners" value ="1"/>
         <Value name="getDescription" source ="ParentRunner.java" package ="org.junit.runners" value ="1"/>
         <Value name="getFilteredChildren" source ="ParentRunner.java" package ="org.junit.runners" value ="1"/>
         <Value name="getName" source ="ParentRunner.java" package ="org.junit.runners" value ="1"/>
         <Value name="getTestClass" source ="ParentRunner.java" package ="org.junit.runners" value ="1"/>
         <Value name="runChildren" source ="ParentRunner.java" package ="org.junit.runners" value ="1"/>
         <Value name="setScheduler" source ="ParentRunner.java" package ="org.junit.runners" value ="1"/>
         <Value name="shouldRun" source ="ParentRunner.java" package ="org.junit.runners" value ="1"/>
         <Value name="sortChild" source ="ParentRunner.java" package ="org.junit.runners" value ="1"/>
         <Value name="sort" source ="ParentRunner.java" package ="org.junit.runners" value ="1"/>
         <Value name="validate" source ="ParentRunner.java" package ="org.junit.runners" value ="1"/>
         <Value name="validatePublicVoidNoArgMethods" source ="ParentRunner.java" package ="org.junit.runners" value ="1"/>
         <Value name="withAfterClasses" source ="ParentRunner.java" package ="org.junit.runners" value ="1"/>
         <Value name="withBeforeClasses" source ="ParentRunner.java" package ="org.junit.runners" value ="1"/>
         <Value name="Suite" source ="Suite.java" package ="org.junit.runners" value ="1"/>
         <Value name="Suite" source ="Suite.java" package ="org.junit.runners" value ="1"/>
         <Value name="Suite" source ="Suite.java" package ="org.junit.runners" value ="1"/>
         <Value name="Suite" source ="Suite.java" package ="org.junit.runners" value ="1"/>
         <Value name="Suite" source ="Suite.java" package ="org.junit.runners" value ="1"/>
         <Value name="describeChild" source ="Suite.java" package ="org.junit.runners" value ="1"/>
         <Value name="getAnnotatedClasses" source ="Suite.java" package ="org.junit.runners" value ="1"/>
         <Value name="getChildren" source ="Suite.java" package ="org.junit.runners" value ="1"/>
         <Value name="runChild" source ="Suite.java" package ="org.junit.runners" value ="1"/>
         <Value name="getRunner" source ="Computer.java" package ="org.junit.runner" value ="1"/>
         <Value name="serial" source ="Computer.java" package ="org.junit.runner" value ="1"/>
         <Value name="Description" source ="Description.java" package ="org.junit.runner" value ="1"/>
         <Value name="addChild" source ="Description.java" package ="org.junit.runner" value ="1"/>
         <Value name="childlessCopy" source ="Description.java" package ="org.junit.runner" value ="1"/>
         <Value name="createSuiteDescription" source ="Description.java" package ="org.junit.runner" value ="1"/>
         <Value name="createSuiteDescription" source ="Description.java" package ="org.junit.runner" value ="1"/>
         <Value name="createTestDescription" source ="Description.java" package ="org.junit.runner" value ="1"/>
         <Value name="createTestDescription" source ="Description.java" package ="org.junit.runner" value ="1"/>
         <Value name="equals" source ="Description.java" package ="org.junit.runner" value ="1"/>
         <Value name="getAnnotations" source ="Description.java" package ="org.junit.runner" value ="1"/>
         <Value name="getAnnotation" source ="Description.java" package ="org.junit.runner" value ="1"/>
         <Value name="getChildren" source ="Description.java" package ="org.junit.runner" value ="1"/>
         <Value name="getClassName" source ="Description.java" package ="org.junit.runner" value ="1"/>
         <Value name="getDisplayName" source ="Description.java" package ="org.junit.runner" value ="1"/>
         <Value name="getMethodName" source ="Description.java" package ="org.junit.runner" value ="1"/>
         <Value name="hashCode" source ="Description.java" package ="org.junit.runner" value ="1"/>
         <Value name="isEmpty" source ="Description.java" package ="org.junit.runner" value ="1"/>
         <Value name="isSuite" source ="Description.java" package ="org.junit.runner" value ="1"/>
         <Value name="isTest" source ="Description.java" package ="org.junit.runner" value ="1"/>
         <Value name="methodStringMatcher" source ="Description.java" package ="org.junit.runner" value ="1"/>
         <Value name="parseMethod" source ="Description.java" package ="org.junit.runner" value ="1"/>
         <Value name="testCount" source ="Description.java" package ="org.junit.runner" value ="1"/>
         <Value name="toString" source ="Description.java" package ="org.junit.runner" value ="1"/>
         <Value name="JUnitCore" source ="JUnitCore.java" package ="org.junit.runner" value ="1"/>
         <Value name="addListener" source ="JUnitCore.java" package ="org.junit.runner" value ="1"/>
         <Value name="defaultComputer" source ="JUnitCore.java" package ="org.junit.runner" value ="1"/>
         <Value name="getVersion" source ="JUnitCore.java" package ="org.junit.runner" value ="1"/>
         <Value name="main" source ="JUnitCore.java" package ="org.junit.runner" value ="1"/>
         <Value name="removeListener" source ="JUnitCore.java" package ="org.junit.runner" value ="1"/>
         <Value name="runClasses" source ="JUnitCore.java" package ="org.junit.runner" value ="1"/>
         <Value name="runClasses" source ="JUnitCore.java" package ="org.junit.runner" value ="1"/>
         <Value name="runMainAndExit" source ="JUnitCore.java" package ="org.junit.runner" value ="1"/>
         <Value name="runMain" source ="JUnitCore.java" package ="org.junit.runner" value ="1"/>
         <Value name="run" source ="JUnitCore.java" package ="org.junit.runner" value ="1"/>
         <Value name="run" source ="JUnitCore.java" package ="org.junit.runner" value ="1"/>
         <Value name="run" source ="JUnitCore.java" package ="org.junit.runner" value ="1"/>
         <Value name="run" source ="JUnitCore.java" package ="org.junit.runner" value ="1"/>
         <Value name="aClass" source ="Request.java" package ="org.junit.runner" value ="1"/>
         <Value name="classWithoutSuiteMethod" source ="Request.java" package ="org.junit.runner" value ="1"/>
         <Value name="classes" source ="Request.java" package ="org.junit.runner" value ="1"/>
         <Value name="errorReport" source ="Request.java" package ="org.junit.runner" value ="1"/>
         <Value name="filterWith" source ="Request.java" package ="org.junit.runner" value ="1"/>
         <Value name="filterWith" source ="Request.java" package ="org.junit.runner" value ="1"/>
         <Value name="method" source ="Request.java" package ="org.junit.runner" value ="1"/>
         <Value name="sortWith" source ="Request.java" package ="org.junit.runner" value ="1"/>
         <Value name="testAssumptionFailure" source ="Result.java" package ="org.junit.runner" value ="1"/>
         <Value name="testFailure" source ="Result.java" package ="org.junit.runner" value ="1"/>
         <Value name="testFinished" source ="Result.java" package ="org.junit.runner" value ="1"/>
         <Value name="testIgnored" source ="Result.java" package ="org.junit.runner" value ="1"/>
         <Value name="testRunFinished" source ="Result.java" package ="org.junit.runner" value ="1"/>
         <Value name="testRunStarted" source ="Result.java" package ="org.junit.runner" value ="1"/>
         <Value name="createListener" source ="Result.java" package ="org.junit.runner" value ="1"/>
         <Value name="getFailureCount" source ="Result.java" package ="org.junit.runner" value ="1"/>
         <Value name="getFailures" source ="Result.java" package ="org.junit.runner" value ="1"/>
         <Value name="getIgnoreCount" source ="Result.java" package ="org.junit.runner" value ="1"/>
         <Value name="getRunCount" source ="Result.java" package ="org.junit.runner" value ="1"/>
         <Value name="getRunTime" source ="Result.java" package ="org.junit.runner" value ="1"/>
         <Value name="wasSuccessful" source ="Result.java" package ="org.junit.runner" value ="1"/>
         <Value name="testCount" source ="Runner.java" package ="org.junit.runner" value ="1"/>
         <Value name="Assert" source ="Assert.java" package ="org.junit" value ="1"/>
         <Value name="assertArrayEquals" source ="Assert.java" package ="org.junit" value ="1"/>
         <Value name="assertArrayEquals" source ="Assert.java" package ="org.junit" value ="1"/>
         <Value name="assertArrayEquals" source ="Assert.java" package ="org.junit" value ="1"/>
         <Value name="assertArrayEquals" source ="Assert.java" package ="org.junit" value ="1"/>
         <Value name="assertArrayEquals" source ="Assert.java" package ="org.junit" value ="1"/>
         <Value name="assertArrayEquals" source ="Assert.java" package ="org.junit" value ="1"/>
         <Value name="assertArrayEquals" source ="Assert.java" package ="org.junit" value ="1"/>
         <Value name="assertArrayEquals" source ="Assert.java" package ="org.junit" value ="1"/>
         <Value name="assertArrayEquals" source ="Assert.java" package ="org.junit" value ="1"/>
         <Value name="assertArrayEquals" source ="Assert.java" package ="org.junit" value ="1"/>
         <Value name="assertArrayEquals" source ="Assert.java" package ="org.junit" value ="1"/>
         <Value name="assertArrayEquals" source ="Assert.java" package ="org.junit" value ="1"/>
         <Value name="assertArrayEquals" source ="Assert.java" package ="org.junit" value ="1"/>
         <Value name="assertArrayEquals" source ="Assert.java" package ="org.junit" value ="1"/>
         <Value name="assertArrayEquals" source ="Assert.java" package ="org.junit" value ="1"/>
         <Value name="assertArrayEquals" source ="Assert.java" package ="org.junit" value ="1"/>
         <Value name="assertEquals" source ="Assert.java" package ="org.junit" value ="1"/>
         <Value name="assertEquals" source ="Assert.java" package ="org.junit" value ="1"/>
         <Value name="assertEquals" source ="Assert.java" package ="org.junit" value ="1"/>
         <Value name="assertEquals" source ="Assert.java" package ="org.junit" value ="1"/>
         <Value name="assertEquals" source ="Assert.java" package ="org.junit" value ="1"/>
         <Value name="assertEquals" source ="Assert.java" package ="org.junit" value ="1"/>
         <Value name="assertEquals" source ="Assert.java" package ="org.junit" value ="1"/>
         <Value name="assertEquals" source ="Assert.java" package ="org.junit" value ="1"/>
         <Value name="assertEquals" source ="Assert.java" package ="org.junit" value ="1"/>
         <Value name="assertFalse" source ="Assert.java" package ="org.junit" value ="1"/>
         <Value name="assertFalse" source ="Assert.java" package ="org.junit" value ="1"/>
         <Value name="assertNotNull" source ="Assert.java" package ="org.junit" value ="1"/>
         <Value name="assertNotNull" source ="Assert.java" package ="org.junit" value ="1"/>
         <Value name="assertNotSame" source ="Assert.java" package ="org.junit" value ="1"/>
         <Value name="assertNotSame" source ="Assert.java" package ="org.junit" value ="1"/>
         <Value name="assertNull" source ="Assert.java" package ="org.junit" value ="1"/>
         <Value name="assertNull" source ="Assert.java" package ="org.junit" value ="1"/>
         <Value name="assertSame" source ="Assert.java" package ="org.junit" value ="1"/>
         <Value name="assertSame" source ="Assert.java" package ="org.junit" value ="1"/>
         <Value name="assertThat" source ="Assert.java" package ="org.junit" value ="1"/>
         <Value name="assertTrue" source ="Assert.java" package ="org.junit" value ="1"/>
         <Value name="assertTrue" source ="Assert.java" package ="org.junit" value ="1"/>
         <Value name="fail" source ="Assert.java" package ="org.junit" value ="1"/>
         <Value name="failNotEquals" source ="Assert.java" package ="org.junit" value ="1"/>
         <Value name="failNotSame" source ="Assert.java" package ="org.junit" value ="1"/>
         <Value name="failSame" source ="Assert.java" package ="org.junit" value ="1"/>
         <Value name="fail" source ="Assert.java" package ="org.junit" value ="1"/>
         <Value name="formatClassAndValue" source ="Assert.java" package ="org.junit" value ="1"/>
         <Value name="format" source ="Assert.java" package ="org.junit" value ="1"/>
         <Value name="internalArrayEquals" source ="Assert.java" package ="org.junit" value ="1"/>
         <Value name="isEquals" source ="Assert.java" package ="org.junit" value ="1"/>
         <Value name="assumeNoException" source ="Assume.java" package ="org.junit" value ="1"/>
         <Value name="assumeNotNull" source ="Assume.java" package ="org.junit" value ="1"/>
         <Value name="assumeThat" source ="Assume.java" package ="org.junit" value ="1"/>
         <Value name="assumeTrue" source ="Assume.java" package ="org.junit" value ="1"/>
         <Value name="ComparisonCompactor" source ="ComparisonFailure.java" package ="org.junit" value ="1"/>
         <Value name="areStringsEqual" source ="ComparisonFailure.java" package ="org.junit" value ="1"/>
         <Value name="compactString" source ="ComparisonFailure.java" package ="org.junit" value ="1"/>
         <Value name="compact" source ="ComparisonFailure.java" package ="org.junit" value ="1"/>
         <Value name="computeCommonPrefix" source ="ComparisonFailure.java" package ="org.junit" value ="1"/>
         <Value name="computeCommonSuffix" source ="ComparisonFailure.java" package ="org.junit" value ="1"/>
         <Value name="ComparisonFailure" source ="ComparisonFailure.java" package ="org.junit" value ="1"/>
         <Value name="getActual" source ="ComparisonFailure.java" package ="org.junit" value ="1"/>
         <Value name="getExpected" source ="ComparisonFailure.java" package ="org.junit" value ="1"/>
         <Value name="getMessage" source ="ComparisonFailure.java" package ="org.junit" value ="1"/>
         <Value name="Money" source ="Money.java" package ="junit.samples.money" value ="1"/>
         <Value name="addMoneyBag" source ="Money.java" package ="junit.samples.money" value ="1"/>
         <Value name="addMoney" source ="Money.java" package ="junit.samples.money" value ="1"/>
         <Value name="add" source ="Money.java" package ="junit.samples.money" value ="1"/>
         <Value name="amount" source ="Money.java" package ="junit.samples.money" value ="1"/>
         <Value name="appendTo" source ="Money.java" package ="junit.samples.money" value ="1"/>
         <Value name="currency" source ="Money.java" package ="junit.samples.money" value ="1"/>
         <Value name="hashCode" source ="Money.java" package ="junit.samples.money" value ="1"/>
         <Value name="isZero" source ="Money.java" package ="junit.samples.money" value ="1"/>
         <Value name="multiply" source ="Money.java" package ="junit.samples.money" value ="1"/>
         <Value name="negate" source ="Money.java" package ="junit.samples.money" value ="1"/>
         <Value name="subtract" source ="Money.java" package ="junit.samples.money" value ="1"/>
         <Value name="toString" source ="Money.java" package ="junit.samples.money" value ="1"/>
         <Value name="addMoneyBag" source ="MoneyBag.java" package ="junit.samples.money" value ="1"/>
         <Value name="addMoney" source ="MoneyBag.java" package ="junit.samples.money" value ="1"/>
         <Value name="add" source ="MoneyBag.java" package ="junit.samples.money" value ="1"/>
         <Value name="appendBag" source ="MoneyBag.java" package ="junit.samples.money" value ="1"/>
         <Value name="appendTo" source ="MoneyBag.java" package ="junit.samples.money" value ="1"/>
         <Value name="contains" source ="MoneyBag.java" package ="junit.samples.money" value ="1"/>
         <Value name="create" source ="MoneyBag.java" package ="junit.samples.money" value ="1"/>
         <Value name="findMoney" source ="MoneyBag.java" package ="junit.samples.money" value ="1"/>
         <Value name="hashCode" source ="MoneyBag.java" package ="junit.samples.money" value ="1"/>
         <Value name="isZero" source ="MoneyBag.java" package ="junit.samples.money" value ="1"/>
         <Value name="multiply" source ="MoneyBag.java" package ="junit.samples.money" value ="1"/>
         <Value name="negate" source ="MoneyBag.java" package ="junit.samples.money" value ="1"/>
         <Value name="simplify" source ="MoneyBag.java" package ="junit.samples.money" value ="1"/>
         <Value name="subtract" source ="MoneyBag.java" package ="junit.samples.money" value ="1"/>
         <Value name="toString" source ="MoneyBag.java" package ="junit.samples.money" value ="1"/>
         <Value name="main" source ="MoneyTest.java" package ="junit.samples.money" value ="1"/>
         <Value name="setUp" source ="MoneyTest.java" package ="junit.samples.money" value ="1"/>
         <Value name="testBagMultiply" source ="MoneyTest.java" package ="junit.samples.money" value ="1"/>
         <Value name="testBagNegate" source ="MoneyTest.java" package ="junit.samples.money" value ="1"/>
         <Value name="testBagNotEquals" source ="MoneyTest.java" package ="junit.samples.money" value ="1"/>
         <Value name="testBagSimpleAdd" source ="MoneyTest.java" package ="junit.samples.money" value ="1"/>
         <Value name="testBagSubtract" source ="MoneyTest.java" package ="junit.samples.money" value ="1"/>
         <Value name="testBagSumAdd" source ="MoneyTest.java" package ="junit.samples.money" value ="1"/>
         <Value name="testIsZero" source ="MoneyTest.java" package ="junit.samples.money" value ="1"/>
         <Value name="testMixedSimpleAdd" source ="MoneyTest.java" package ="junit.samples.money" value ="1"/>
         <Value name="testMoneyBagEquals" source ="MoneyTest.java" package ="junit.samples.money" value ="1"/>
         <Value name="testMoneyBagHash" source ="MoneyTest.java" package ="junit.samples.money" value ="1"/>
         <Value name="testMoneyEquals" source ="MoneyTest.java" package ="junit.samples.money" value ="1"/>
         <Value name="testMoneyHash" source ="MoneyTest.java" package ="junit.samples.money" value ="1"/>
         <Value name="testNormalize2" source ="MoneyTest.java" package ="junit.samples.money" value ="1"/>
         <Value name="testNormalize3" source ="MoneyTest.java" package ="junit.samples.money" value ="1"/>
         <Value name="testNormalize4" source ="MoneyTest.java" package ="junit.samples.money" value ="1"/>
         <Value name="testPrint" source ="MoneyTest.java" package ="junit.samples.money" value ="1"/>
         <Value name="testSimpleAdd" source ="MoneyTest.java" package ="junit.samples.money" value ="1"/>
         <Value name="testSimpleBagAdd" source ="MoneyTest.java" package ="junit.samples.money" value ="1"/>
         <Value name="testSimpleMultiply" source ="MoneyTest.java" package ="junit.samples.money" value ="1"/>
         <Value name="testSimpleNegate" source ="MoneyTest.java" package ="junit.samples.money" value ="1"/>
         <Value name="testSimpleSubtract" source ="MoneyTest.java" package ="junit.samples.money" value ="1"/>
         <Value name="testSimplify" source ="MoneyTest.java" package ="junit.samples.money" value ="1"/>
         <Value name="main" source ="AllTests.java" package ="junit.samples" value ="1"/>
         <Value name="suite" source ="AllTests.java" package ="junit.samples" value ="1"/>
         <Value name="main" source ="ListTest.java" package ="junit.samples" value ="1"/>
         <Value name="setUp" source ="ListTest.java" package ="junit.samples" value ="1"/>
         <Value name="suite" source ="ListTest.java" package ="junit.samples" value ="1"/>
         <Value name="testCapacity" source ="ListTest.java" package ="junit.samples" value ="1"/>
         <Value name="testContains" source ="ListTest.java" package ="junit.samples" value ="1"/>
         <Value name="testRemoveAll" source ="ListTest.java" package ="junit.samples" value ="1"/>
         <Value name="testRemoveElement" source ="ListTest.java" package ="junit.samples" value ="1"/>
         <Value name="main" source ="SimpleTest.java" package ="junit.samples" value ="1"/>
         <Value name="setUp" source ="SimpleTest.java" package ="junit.samples" value ="1"/>
         <Value name="suite" source ="SimpleTest.java" package ="junit.samples" value ="1"/>
         <Value name="testAdd" source ="SimpleTest.java" package ="junit.samples" value ="1"/>
         <Value name="testDivideByZero" source ="SimpleTest.java" package ="junit.samples" value ="1"/>
         <Value name="testEquals" source ="SimpleTest.java" package ="junit.samples" value ="1"/>
         <Value name="runTest" source ="ActiveTestTest.java" package ="junit.tests.extensions" value ="1"/>
         <Value name="createActiveTestSuite" source ="ActiveTestTest.java" package ="junit.tests.extensions" value ="1"/>
         <Value name="testActiveRepeatedTest" source ="ActiveTestTest.java" package ="junit.tests.extensions" value ="1"/>
         <Value name="testActiveRepeatedTest0" source ="ActiveTestTest.java" package ="junit.tests.extensions" value ="1"/>
         <Value name="testActiveRepeatedTest1" source ="ActiveTestTest.java" package ="junit.tests.extensions" value ="1"/>
         <Value name="testActiveTest" source ="ActiveTestTest.java" package ="junit.tests.extensions" value ="1"/>
         <Value name="main" source ="AllTests.java" package ="junit.tests.extensions" value ="1"/>
         <Value name="suite" source ="AllTests.java" package ="junit.tests.extensions" value ="1"/>
         <Value name="TornDown" source ="ExtensionTest.java" package ="junit.tests.extensions" value ="1"/>
         <Value name="tearDown" source ="ExtensionTest.java" package ="junit.tests.extensions" value ="1"/>
         <Value name="runTest" source ="RepeatedTestTest.java" package ="junit.tests.extensions" value ="1"/>
         <Value name="RepeatedTestTest" source ="RepeatedTestTest.java" package ="junit.tests.extensions" value ="1"/>
         <Value name="testRepeatedMoreThanOnce" source ="RepeatedTestTest.java" package ="junit.tests.extensions" value ="1"/>
         <Value name="testRepeatedOnce" source ="RepeatedTestTest.java" package ="junit.tests.extensions" value ="1"/>
         <Value name="testRepeatedZero" source ="RepeatedTestTest.java" package ="junit.tests.extensions" value ="1"/>
         <Value name="main" source ="AllTests.java" package ="junit.tests.framework" value ="1"/>
         <Value name="suite" source ="AllTests.java" package ="junit.tests.framework" value ="1"/>
         <Value name="testAssertEqualsNull" source ="AssertTest.java" package ="junit.tests.framework" value ="1"/>
         <Value name="testAssertStringEquals" source ="AssertTest.java" package ="junit.tests.framework" value ="1"/>
         <Value name="testBug609972" source ="ComparisonCompactorTest.java" package ="junit.tests.framework" value ="1"/>
         <Value name="testComparisonErrorEndSameComplete" source ="ComparisonCompactorTest.java" package ="junit.tests.framework" value ="1"/>
         <Value name="testComparisonErrorEndSameCompleteContext" source ="ComparisonCompactorTest.java" package ="junit.tests.framework" value ="1"/>
         <Value name="testComparisonErrorOverlapingMatches" source ="ComparisonCompactorTest.java" package ="junit.tests.framework" value ="1"/>
         <Value name="testComparisonErrorOverlapingMatches2" source ="ComparisonCompactorTest.java" package ="junit.tests.framework" value ="1"/>
         <Value name="testComparisonErrorOverlapingMatches2Context" source ="ComparisonCompactorTest.java" package ="junit.tests.framework" value ="1"/>
         <Value name="testComparisonErrorOverlapingMatchesContext" source ="ComparisonCompactorTest.java" package ="junit.tests.framework" value ="1"/>
         <Value name="testComparisonErrorStartSameComplete" source ="ComparisonCompactorTest.java" package ="junit.tests.framework" value ="1"/>
         <Value name="testComparisonErrorWithActualNull" source ="ComparisonCompactorTest.java" package ="junit.tests.framework" value ="1"/>
         <Value name="testComparisonErrorWithActualNullContext" source ="ComparisonCompactorTest.java" package ="junit.tests.framework" value ="1"/>
         <Value name="testComparisonErrorWithExpectedNull" source ="ComparisonCompactorTest.java" package ="junit.tests.framework" value ="1"/>
         <Value name="testComparisonErrorWithExpectedNullContext" source ="ComparisonCompactorTest.java" package ="junit.tests.framework" value ="1"/>
         <Value name="testEndSame" source ="ComparisonCompactorTest.java" package ="junit.tests.framework" value ="1"/>
         <Value name="testMessage" source ="ComparisonCompactorTest.java" package ="junit.tests.framework" value ="1"/>
         <Value name="testNoContextStartAndEndSame" source ="ComparisonCompactorTest.java" package ="junit.tests.framework" value ="1"/>
         <Value name="testSame" source ="ComparisonCompactorTest.java" package ="junit.tests.framework" value ="1"/>
         <Value name="testStartAndEndContext" source ="ComparisonCompactorTest.java" package ="junit.tests.framework" value ="1"/>
         <Value name="testStartAndEndContextWithEllipses" source ="ComparisonCompactorTest.java" package ="junit.tests.framework" value ="1"/>
         <Value name="testStartSame" source ="ComparisonCompactorTest.java" package ="junit.tests.framework" value ="1"/>
         <Value name="testConnection" source ="ComparisonFailureTest.java" package ="junit.tests.framework" value ="1"/>
         <Value name="testAssertNaNEqualsNaN" source ="DoublePrecisionAssertTest.java" package ="junit.tests.framework" value ="1"/>
         <Value name="testAssertNegInfinityEqualsInfinity" source ="DoublePrecisionAssertTest.java" package ="junit.tests.framework" value ="1"/>
         <Value name="testAssertPosInfinityEqualsInfinity" source ="DoublePrecisionAssertTest.java" package ="junit.tests.framework" value ="1"/>
         <Value name="runTest" source ="Failure.java" package ="junit.tests.framework" value ="1"/>
         <Value name="testAssertNaNEqualsNaN" source ="FloatAssertTest.java" package ="junit.tests.framework" value ="1"/>
         <Value name="testAssertNegInfinityEqualsInfinity" source ="FloatAssertTest.java" package ="junit.tests.framework" value ="1"/>
         <Value name="testAssertPosInfinityEqualsInfinity" source ="FloatAssertTest.java" package ="junit.tests.framework" value ="1"/>
         <Value name="test2" source ="InheritedTestCase.java" package ="junit.tests.framework" value ="1"/>
         <Value name="testNothing" source ="NoArgTestCaseTest.java" package ="junit.tests.framework" value ="1"/>
         <Value name="testSuccess" source ="NoTestCaseClass.java" package ="junit.tests.framework" value ="1"/>
         <Value name="noTestCase" source ="NoTestCases.java" package ="junit.tests.framework" value ="1"/>
         <Value name="testNotPublic" source ="NotPublicTestCase.java" package ="junit.tests.framework" value ="1"/>
         <Value name="testPublic" source ="NotPublicTestCase.java" package ="junit.tests.framework" value ="1"/>
         <Value name="testNotVoid" source ="NotVoidTestCase.java" package ="junit.tests.framework" value ="1"/>
         <Value name="testVoid" source ="NotVoidTestCase.java" package ="junit.tests.framework" value ="1"/>
         <Value name="noTestCase" source ="OneTestCase.java" package ="junit.tests.framework" value ="1"/>
         <Value name="testCase" source ="OneTestCase.java" package ="junit.tests.framework" value ="1"/>
         <Value name="testCase" source ="OneTestCase.java" package ="junit.tests.framework" value ="1"/>
         <Value name="testCase" source ="OverrideTestCase.java" package ="junit.tests.framework" value ="1"/>
         <Value name="runTest" source ="Success.java" package ="junit.tests.framework" value ="1"/>
         <Value name="testSuccess" source ="Success.java" package ="junit.tests.framework" value ="1"/>
         <Value name="SuiteTest" source ="SuiteTest.java" package ="junit.tests.framework" value ="1"/>
         <Value name="setUp" source ="SuiteTest.java" package ="junit.tests.framework" value ="1"/>
         <Value name="suite" source ="SuiteTest.java" package ="junit.tests.framework" value ="1"/>
         <Value name="testAddTestSuite" source ="SuiteTest.java" package ="junit.tests.framework" value ="1"/>
         <Value name="testCreateSuiteFromArray" source ="SuiteTest.java" package ="junit.tests.framework" value ="1"/>
         <Value name="testInheritedTests" source ="SuiteTest.java" package ="junit.tests.framework" value ="1"/>
         <Value name="testNoTestCaseClass" source ="SuiteTest.java" package ="junit.tests.framework" value ="1"/>
         <Value name="testNoTestCases" source ="SuiteTest.java" package ="junit.tests.framework" value ="1"/>
         <Value name="testNotExistingTestCase" source ="SuiteTest.java" package ="junit.tests.framework" value ="1"/>
         <Value name="testNotPublicTestCase" source ="SuiteTest.java" package ="junit.tests.framework" value ="1"/>
         <Value name="testNotVoidTestCase" source ="SuiteTest.java" package ="junit.tests.framework" value ="1"/>
         <Value name="testOneTestCase" source ="SuiteTest.java" package ="junit.tests.framework" value ="1"/>
         <Value name="testOneTestCaseEclipseSeesSameStructureAs381" source ="SuiteTest.java" package ="junit.tests.framework" value ="1"/>
         <Value name="testShadowedTests" source ="SuiteTest.java" package ="junit.tests.framework" value ="1"/>
         <Value name="runTest" source ="TestCaseTest.java" package ="junit.tests.framework" value ="1"/>
         <Value name="tearDown" source ="TestCaseTest.java" package ="junit.tests.framework" value ="1"/>
         <Value name="testCaseToString" source ="TestCaseTest.java" package ="junit.tests.framework" value ="1"/>
         <Value name="testNamelessTestCase" source ="TestCaseTest.java" package ="junit.tests.framework" value ="1"/>
         <Value name="testNoArgTestCasePasses" source ="TestCaseTest.java" package ="junit.tests.framework" value ="1"/>
         <Value name="testTearDownAfterError" source ="TestCaseTest.java" package ="junit.tests.framework" value ="1"/>
         <Value name="testWasRun" source ="TestCaseTest.java" package ="junit.tests.framework" value ="1"/>
         <Value name="verifyError" source ="TestCaseTest.java" package ="junit.tests.framework" value ="1"/>
         <Value name="verifyFailure" source ="TestCaseTest.java" package ="junit.tests.framework" value ="1"/>
         <Value name="verifySuccess" source ="TestCaseTest.java" package ="junit.tests.framework" value ="1"/>
         <Value name="DoubleTestCase" source ="TestImplementorTest.java" package ="junit.tests.framework" value ="1"/>
         <Value name="countTestCases" source ="TestImplementorTest.java" package ="junit.tests.framework" value ="1"/>
         <Value name="testSuccessfulRun" source ="TestImplementorTest.java" package ="junit.tests.framework" value ="1"/>
         <Value name="addError" source ="TestListenerTest.java" package ="junit.tests.framework" value ="1"/>
         <Value name="addFailure" source ="TestListenerTest.java" package ="junit.tests.framework" value ="1"/>
         <Value name="endTest" source ="TestListenerTest.java" package ="junit.tests.framework" value ="1"/>
         <Value name="setUp" source ="TestListenerTest.java" package ="junit.tests.framework" value ="1"/>
         <Value name="startTest" source ="TestListenerTest.java" package ="junit.tests.framework" value ="1"/>
         <Value name="testCase" source ="ThreeTestCases.java" package ="junit.tests.framework" value ="1"/>
         <Value name="testCase2" source ="ThreeTestCases.java" package ="junit.tests.framework" value ="1"/>
         <Value name="testCase3thisTimeItsPersonal" source ="ThreeTestCases.java" package ="junit.tests.framework" value ="1"/>
         <Value name="isJDK11" source ="AllTests.java" package ="junit.tests.runner" value ="1"/>
         <Value name="main" source ="AllTests.java" package ="junit.tests.runner" value ="1"/>
         <Value name="suite" source ="AllTests.java" package ="junit.tests.runner" value ="1"/>
         <Value name="suite" source ="BaseTestRunnerTest.java" package ="junit.tests.runner" value ="1"/>
         <Value name="runFailed" source ="BaseTestRunnerTest.java" package ="junit.tests.runner" value ="1"/>
         <Value name="testEnded" source ="BaseTestRunnerTest.java" package ="junit.tests.runner" value ="1"/>
         <Value name="testFailed" source ="BaseTestRunnerTest.java" package ="junit.tests.runner" value ="1"/>
         <Value name="testStarted" source ="BaseTestRunnerTest.java" package ="junit.tests.runner" value ="1"/>
         <Value name="suite" source ="BaseTestRunnerTest.java" package ="junit.tests.runner" value ="1"/>
         <Value name="testInvokeNonStaticSuite" source ="BaseTestRunnerTest.java" package ="junit.tests.runner" value ="1"/>
         <Value name="testInvokeSuiteOnNonSubclassOfTestCase" source ="BaseTestRunnerTest.java" package ="junit.tests.runner" value ="1"/>
         <Value name="setUp" source ="StackFilterTest.java" package ="junit.tests.runner" value ="1"/>
         <Value name="testFilter" source ="StackFilterTest.java" package ="junit.tests.runner" value ="1"/>
         <Value name="TestResultPrinter" source ="TextFeedbackTest.java" package ="junit.tests.runner" value ="1"/>
         <Value name="elapsedTimeAsString" source ="TextFeedbackTest.java" package ="junit.tests.runner" value ="1"/>
         <Value name="expected" source ="TextFeedbackTest.java" package ="junit.tests.runner" value ="1"/>
         <Value name="main" source ="TextFeedbackTest.java" package ="junit.tests.runner" value ="1"/>
         <Value name="setUp" source ="TextFeedbackTest.java" package ="junit.tests.runner" value ="1"/>
         <Value name="testEmptySuite" source ="TextFeedbackTest.java" package ="junit.tests.runner" value ="1"/>
         <Value name="testNotInvoked" source ="TextRunnerSingleMethodTest.java" package ="junit.tests.runner" value ="1"/>
         <Value name="testWasInvoked" source ="TextRunnerSingleMethodTest.java" package ="junit.tests.runner" value ="1"/>
         <Value name="testSingle" source ="TextRunnerSingleMethodTest.java" package ="junit.tests.runner" value ="1"/>
         <Value name="execTest" source ="TextRunnerTest.java" package ="junit.tests.runner" value ="1"/>
         <Value name="testError" source ="TextRunnerTest.java" package ="junit.tests.runner" value ="1"/>
         <Value name="testFailure" source ="TextRunnerTest.java" package ="junit.tests.runner" value ="1"/>
         <Value name="testSuccess" source ="TextRunnerTest.java" package ="junit.tests.runner" value ="1"/>
         <Value name="main" source ="AllTests.java" package ="junit.tests" value ="1"/>
         <Value name="suite" source ="AllTests.java" package ="junit.tests" value ="1"/>
         <Value name="runTest" source ="WasRun.java" package ="junit.tests" value ="1"/>
         <Value name="setUp" source ="MoneyTest.java" package ="org.junit.samples.money" value ="1"/>
         <Value name="suite" source ="MoneyTest.java" package ="org.junit.samples.money" value ="1"/>
         <Value name="testBagMultiply" source ="MoneyTest.java" package ="org.junit.samples.money" value ="1"/>
         <Value name="testBagNegate" source ="MoneyTest.java" package ="org.junit.samples.money" value ="1"/>
         <Value name="testBagNotEquals" source ="MoneyTest.java" package ="org.junit.samples.money" value ="1"/>
         <Value name="testBagSimpleAdd" source ="MoneyTest.java" package ="org.junit.samples.money" value ="1"/>
         <Value name="testBagSubtract" source ="MoneyTest.java" package ="org.junit.samples.money" value ="1"/>
         <Value name="testBagSumAdd" source ="MoneyTest.java" package ="org.junit.samples.money" value ="1"/>
         <Value name="testIsZero" source ="MoneyTest.java" package ="org.junit.samples.money" value ="1"/>
         <Value name="testMixedSimpleAdd" source ="MoneyTest.java" package ="org.junit.samples.money" value ="1"/>
         <Value name="testMoneyBagEquals" source ="MoneyTest.java" package ="org.junit.samples.money" value ="1"/>
         <Value name="testMoneyBagHash" source ="MoneyTest.java" package ="org.junit.samples.money" value ="1"/>
         <Value name="testMoneyEquals" source ="MoneyTest.java" package ="org.junit.samples.money" value ="1"/>
         <Value name="testMoneyHash" source ="MoneyTest.java" package ="org.junit.samples.money" value ="1"/>
         <Value name="testNormalize2" source ="MoneyTest.java" package ="org.junit.samples.money" value ="1"/>
         <Value name="testNormalize3" source ="MoneyTest.java" package ="org.junit.samples.money" value ="1"/>
         <Value name="testNormalize4" source ="MoneyTest.java" package ="org.junit.samples.money" value ="1"/>
         <Value name="testPrint" source ="MoneyTest.java" package ="org.junit.samples.money" value ="1"/>
         <Value name="testSimpleAdd" source ="MoneyTest.java" package ="org.junit.samples.money" value ="1"/>
         <Value name="testSimpleBagAdd" source ="MoneyTest.java" package ="org.junit.samples.money" value ="1"/>
         <Value name="testSimpleMultiply" source ="MoneyTest.java" package ="org.junit.samples.money" value ="1"/>
         <Value name="testSimpleNegate" source ="MoneyTest.java" package ="org.junit.samples.money" value ="1"/>
         <Value name="testSimpleSubtract" source ="MoneyTest.java" package ="org.junit.samples.money" value ="1"/>
         <Value name="testSimplify" source ="MoneyTest.java" package ="org.junit.samples.money" value ="1"/>
         <Value name="zeroMoniesAreEqualRegardlessOfCurrency" source ="MoneyTest.java" package ="org.junit.samples.money" value ="1"/>
         <Value name="capacity" source ="ListTest.java" package ="org.junit.samples" value ="1"/>
         <Value name="contains" source ="ListTest.java" package ="org.junit.samples" value ="1"/>
         <Value name="elementAt" source ="ListTest.java" package ="org.junit.samples" value ="1"/>
         <Value name="main" source ="ListTest.java" package ="org.junit.samples" value ="1"/>
         <Value name="removeAll" source ="ListTest.java" package ="org.junit.samples" value ="1"/>
         <Value name="removeElement" source ="ListTest.java" package ="org.junit.samples" value ="1"/>
         <Value name="setUp" source ="ListTest.java" package ="org.junit.samples" value ="1"/>
         <Value name="setUpOnce" source ="ListTest.java" package ="org.junit.samples" value ="1"/>
         <Value name="suite" source ="ListTest.java" package ="org.junit.samples" value ="1"/>
         <Value name="testCopy" source ="ListTest.java" package ="org.junit.samples" value ="1"/>
         <Value name="divideByZero" source ="SimpleTest.java" package ="org.junit.samples" value ="1"/>
         <Value name="setUp" source ="SimpleTest.java" package ="org.junit.samples" value ="1"/>
         <Value name="suite" source ="SimpleTest.java" package ="org.junit.samples" value ="1"/>
         <Value name="testEquals" source ="SimpleTest.java" package ="org.junit.samples" value ="1"/>
         <Value name="IntegerDoesNotEqualLong" source ="AssertionTest.java" package ="org.junit.tests.assertion" value ="1"/>
         <Value name="arraysDeclaredAsObjectAreComparedAsObjects" source ="AssertionTest.java" package ="org.junit.tests.assertion" value ="1"/>
         <Value name="arraysElementsDiffer" source ="AssertionTest.java" package ="org.junit.tests.assertion" value ="1"/>
         <Value name="arraysEqual" source ="AssertionTest.java" package ="org.junit.tests.assertion" value ="1"/>
         <Value name="arraysEqualWithMessage" source ="AssertionTest.java" package ="org.junit.tests.assertion" value ="1"/>
         <Value name="arraysNotEqual" source ="AssertionTest.java" package ="org.junit.tests.assertion" value ="1"/>
         <Value name="arraysNotEqualWithMessage" source ="AssertionTest.java" package ="org.junit.tests.assertion" value ="1"/>
         <Value name="arraysWithNullElementEqual" source ="AssertionTest.java" package ="org.junit.tests.assertion" value ="1"/>
         <Value name="bigDecimalsNotEqual" source ="AssertionTest.java" package ="org.junit.tests.assertion" value ="1"/>
         <Value name="booleansNotEqual" source ="AssertionTest.java" package ="org.junit.tests.assertion" value ="1"/>
         <Value name="bytesNotEqual" source ="AssertionTest.java" package ="org.junit.tests.assertion" value ="1"/>
         <Value name="charsNotEqual" source ="AssertionTest.java" package ="org.junit.tests.assertion" value ="1"/>
         <Value name="compareBigDecimalAndInteger" source ="AssertionTest.java" package ="org.junit.tests.assertion" value ="1"/>
         <Value name="doublesNotEqual" source ="AssertionTest.java" package ="org.junit.tests.assertion" value ="1"/>
         <Value name="equals" source ="AssertionTest.java" package ="org.junit.tests.assertion" value ="1"/>
         <Value name="fails" source ="AssertionTest.java" package ="org.junit.tests.assertion" value ="1"/>
         <Value name="floatsNotEqual" source ="AssertionTest.java" package ="org.junit.tests.assertion" value ="1"/>
         <Value name="floatsNotEqualWithoutDelta" source ="AssertionTest.java" package ="org.junit.tests.assertion" value ="1"/>
         <Value name="implicitTypecastEquality" source ="AssertionTest.java" package ="org.junit.tests.assertion" value ="1"/>
         <Value name="intsEqualLongs" source ="AssertionTest.java" package ="org.junit.tests.assertion" value ="1"/>
         <Value name="intsNotEqual" source ="AssertionTest.java" package ="org.junit.tests.assertion" value ="1"/>
         <Value name="longsNotEqual" source ="AssertionTest.java" package ="org.junit.tests.assertion" value ="1"/>
         <Value name="multiDimensionalArraysAreEqual" source ="AssertionTest.java" package ="org.junit.tests.assertion" value ="1"/>
         <Value name="multiDimensionalArraysDeclaredAsOneDimensionalAreEqual" source ="AssertionTest.java" package ="org.junit.tests.assertion" value ="1"/>
         <Value name="multiDimensionalIntArraysAreEqual" source ="AssertionTest.java" package ="org.junit.tests.assertion" value ="1"/>
         <Value name="naNsAreEqual" source ="AssertionTest.java" package ="org.junit.tests.assertion" value ="1"/>
         <Value name="notEqualsNullWithObject" source ="AssertionTest.java" package ="org.junit.tests.assertion" value ="1"/>
         <Value name="notEqualsObjectWithNull" source ="AssertionTest.java" package ="org.junit.tests.assertion" value ="1"/>
         <Value name="notSame" source ="AssertionTest.java" package ="org.junit.tests.assertion" value ="1"/>
         <Value name="objectsAreSame" source ="AssertionTest.java" package ="org.junit.tests.assertion" value ="1"/>
         <Value name="objectsNotEquals" source ="AssertionTest.java" package ="org.junit.tests.assertion" value ="1"/>
         <Value name="objectsNotSame" source ="AssertionTest.java" package ="org.junit.tests.assertion" value ="1"/>
         <Value name="oneDimensionalDoubleArraysAreNotEqual" source ="AssertionTest.java" package ="org.junit.tests.assertion" value ="1"/>
         <Value name="oneDimensionalFloatArraysAreNotEqual" source ="AssertionTest.java" package ="org.junit.tests.assertion" value ="1"/>
         <Value name="oneDimensionalPrimitiveArraysAreEqual" source ="AssertionTest.java" package ="org.junit.tests.assertion" value ="1"/>
         <Value name="same" source ="AssertionTest.java" package ="org.junit.tests.assertion" value ="1"/>
         <Value name="shortsNotEqual" source ="AssertionTest.java" package ="org.junit.tests.assertion" value ="1"/>
         <Value name="stringNullAndNullWorksToo" source ="AssertionTest.java" package ="org.junit.tests.assertion" value ="1"/>
         <Value name="stringsNotEqual" source ="AssertionTest.java" package ="org.junit.tests.assertion" value ="1"/>
         <Value name="bothFails" source ="BothTest.java" package ="org.junit.tests.assertion" value ="1"/>
         <Value name="bothPasses" source ="BothTest.java" package ="org.junit.tests.assertion" value ="1"/>
         <Value name="descriptionIsSensible" source ="BothTest.java" package ="org.junit.tests.assertion" value ="1"/>
         <Value name="eitherPasses" source ="BothTest.java" package ="org.junit.tests.assertion" value ="1"/>
         <Value name="subclassesAreOkInSecondPositionOnly" source ="BothTest.java" package ="org.junit.tests.assertion" value ="1"/>
         <Value name="threeAndsWork" source ="BothTest.java" package ="org.junit.tests.assertion" value ="1"/>
         <Value name="threeOrsWork" source ="BothTest.java" package ="org.junit.tests.assertion" value ="1"/>
         <Value name="eachDescription" source ="EachTest.java" package ="org.junit.tests.assertion" value ="1"/>
         <Value name="failure" source ="JUnit4ClassRunnerTest.java" package ="org.junit.tests.deprecated" value ="1"/>
         <Value name="success" source ="JUnit4ClassRunnerTest.java" package ="org.junit.tests.deprecated" value ="1"/>
         <Value name="UnconstructableExample" source ="JUnit4ClassRunnerTest.java" package ="org.junit.tests.deprecated" value ="1"/>
         <Value name="failure" source ="JUnit4ClassRunnerTest.java" package ="org.junit.tests.deprecated" value ="1"/>
         <Value name="success" source ="JUnit4ClassRunnerTest.java" package ="org.junit.tests.deprecated" value ="1"/>
         <Value name="runWithOldJUnit4ClassRunner" source ="JUnit4ClassRunnerTest.java" package ="org.junit.tests.deprecated" value ="1"/>
         <Value name="runWithOldJUnit4ClassRunnerAndBadConstructor" source ="JUnit4ClassRunnerTest.java" package ="org.junit.tests.deprecated" value ="1"/>
         <Value name="a" source ="AnnotatedDescriptionTest.java" package ="org.junit.tests.description" value ="1"/>
         <Value name="a" source ="AnnotatedDescriptionTest.java" package ="org.junit.tests.description" value ="1"/>
         <Value name="a" source ="AnnotatedDescriptionTest.java" package ="org.junit.tests.description" value ="1"/>
         <Value name="annotationsExistOnDescriptionsOfClasses" source ="AnnotatedDescriptionTest.java" package ="org.junit.tests.description" value ="1"/>
         <Value name="annotationsExistOnDescriptionsOfIgnoredClass" source ="AnnotatedDescriptionTest.java" package ="org.junit.tests.description" value ="1"/>
         <Value name="childlessCopyOfDescriptionStillHasAnnotations" source ="AnnotatedDescriptionTest.java" package ="org.junit.tests.description" value ="1"/>
         <Value name="describe" source ="AnnotatedDescriptionTest.java" package ="org.junit.tests.description" value ="1"/>
         <Value name="descriptionOfTestClassHasValuedAnnotation" source ="AnnotatedDescriptionTest.java" package ="org.junit.tests.description" value ="1"/>
         <Value name="getAnnotationsReturnsAllAnnotations" source ="AnnotatedDescriptionTest.java" package ="org.junit.tests.description" value ="1"/>
         <Value name="descriptionWithTwoKids" source ="SuiteDescriptionTest.java" package ="org.junit.tests.description" value ="1"/>
         <Value name="equalsIsCorrect" source ="SuiteDescriptionTest.java" package ="org.junit.tests.description" value ="1"/>
         <Value name="hashCodeIsReasonable" source ="SuiteDescriptionTest.java" package ="org.junit.tests.description" value ="1"/>
         <Value name="equalsIsFalseForNonTestDescription" source ="TestDescriptionTest.java" package ="org.junit.tests.description" value ="1"/>
         <Value name="ParameterizedTestWithAttemptedMethodCategory" source ="CategoriesAndParameterizedTest.java" package ="org.junit.tests.experimental.categories" value ="1"/>
         <Value name="getParameters" source ="CategoriesAndParameterizedTest.java" package ="org.junit.tests.experimental.categories" value ="1"/>
         <Value name="testSomething" source ="CategoriesAndParameterizedTest.java" package ="org.junit.tests.experimental.categories" value ="1"/>
         <Value name="testSomething" source ="CategoriesAndParameterizedTest.java" package ="org.junit.tests.experimental.categories" value ="1"/>
         <Value name="WellBehavedParameterizedTest" source ="CategoriesAndParameterizedTest.java" package ="org.junit.tests.experimental.categories" value ="1"/>
         <Value name="getParameters" source ="CategoriesAndParameterizedTest.java" package ="org.junit.tests.experimental.categories" value ="1"/>
         <Value name="testSomething" source ="CategoriesAndParameterizedTest.java" package ="org.junit.tests.experimental.categories" value ="1"/>
         <Value name="shouldFailWithMethodLevelCategoryAnnotation" source ="CategoriesAndParameterizedTest.java" package ="org.junit.tests.experimental.categories" value ="1"/>
         <Value name="shouldFailWithMethodLevelCategoryAnnotationSwapped" source ="CategoriesAndParameterizedTest.java" package ="org.junit.tests.experimental.categories" value ="1"/>
         <Value name="shouldSucceedWithAParameterizedClassSomewhere" source ="CategoriesAndParameterizedTest.java" package ="org.junit.tests.experimental.categories" value ="1"/>
         <Value name="a" source ="CategoryTest.java" package ="org.junit.tests.experimental.categories" value ="1"/>
         <Value name="b" source ="CategoryTest.java" package ="org.junit.tests.experimental.categories" value ="1"/>
         <Value name="c" source ="CategoryTest.java" package ="org.junit.tests.experimental.categories" value ="1"/>
         <Value name="d" source ="CategoryTest.java" package ="org.junit.tests.experimental.categories" value ="1"/>
         <Value name="a" source ="CategoryTest.java" package ="org.junit.tests.experimental.categories" value ="1"/>
         <Value name="b" source ="CategoryTest.java" package ="org.junit.tests.experimental.categories" value ="1"/>
         <Value name="a" source ="CategoryTest.java" package ="org.junit.tests.experimental.categories" value ="1"/>
         <Value name="a" source ="CategoryTest.java" package ="org.junit.tests.experimental.categories" value ="1"/>
         <Value name="a" source ="CategoryTest.java" package ="org.junit.tests.experimental.categories" value ="1"/>
         <Value name="a" source ="CategoryTest.java" package ="org.junit.tests.experimental.categories" value ="1"/>
         <Value name="both" source ="CategoryTest.java" package ="org.junit.tests.experimental.categories" value ="1"/>
         <Value name="bothReversed" source ="CategoryTest.java" package ="org.junit.tests.experimental.categories" value ="1"/>
         <Value name="justCategory1" source ="CategoryTest.java" package ="org.junit.tests.experimental.categories" value ="1"/>
         <Value name="justCategory2" source ="CategoryTest.java" package ="org.junit.tests.experimental.categories" value ="1"/>
         <Value name="noCategory" source ="CategoryTest.java" package ="org.junit.tests.experimental.categories" value ="1"/>
         <Value name="categoryFilterLeavesOnlyMatchingMethods" source ="CategoryTest.java" package ="org.junit.tests.experimental.categories" value ="1"/>
         <Value name="categoryFilterRejectsIncompatibleCategory" source ="CategoryTest.java" package ="org.junit.tests.experimental.categories" value ="1"/>
         <Value name="classesCanBeCategories" source ="CategoryTest.java" package ="org.junit.tests.experimental.categories" value ="1"/>
         <Value name="describeACategoryFilter" source ="CategoryTest.java" package ="org.junit.tests.experimental.categories" value ="1"/>
         <Value name="ifNoTestsToRunUseErrorRunner" source ="CategoryTest.java" package ="org.junit.tests.experimental.categories" value ="1"/>
         <Value name="runMethodWithTwoCategories" source ="CategoryTest.java" package ="org.junit.tests.experimental.categories" value ="1"/>
         <Value name="subclassesOfIncludedCategoriesAreRun" source ="CategoryTest.java" package ="org.junit.tests.experimental.categories" value ="1"/>
         <Value name="testCount" source ="CategoryTest.java" package ="org.junit.tests.experimental.categories" value ="1"/>
         <Value name="testCountOnAWithoutSlowTests" source ="CategoryTest.java" package ="org.junit.tests.experimental.categories" value ="1"/>
         <Value name="testCountOnJustA" source ="CategoryTest.java" package ="org.junit.tests.experimental.categories" value ="1"/>
         <Value name="testCountWithExplicitFilter" source ="CategoryTest.java" package ="org.junit.tests.experimental.categories" value ="1"/>
         <Value name="testsThatAreBothIncludedAndExcludedAreExcluded" source ="CategoryTest.java" package ="org.junit.tests.experimental.categories" value ="1"/>
         <Value name="createSuiteDescription_whenZeroLength" source ="DescriptionTest.java" package ="org.junit.tests.experimental.max" value ="1"/>
         <Value name="parseClass_whenCantParse" source ="DescriptionTest.java" package ="org.junit.tests.experimental.max" value ="1"/>
         <Value name="parseMethod_whenCantParse" source ="DescriptionTest.java" package ="org.junit.tests.experimental.max" value ="1"/>
         <Value name="testFails" source ="JUnit38SortingTest.java" package ="org.junit.tests.experimental.max" value ="1"/>
         <Value name="testSucceeds" source ="JUnit38SortingTest.java" package ="org.junit.tests.experimental.max" value ="1"/>
         <Value name="testSucceedsToo" source ="JUnit38SortingTest.java" package ="org.junit.tests.experimental.max" value ="1"/>
         <Value name="pass" source ="JUnit38SortingTest.java" package ="org.junit.tests.experimental.max" value ="1"/>
         <Value name="createMax" source ="JUnit38SortingTest.java" package ="org.junit.tests.experimental.max" value ="1"/>
         <Value name="forgetMax" source ="JUnit38SortingTest.java" package ="org.junit.tests.experimental.max" value ="1"/>
         <Value name="preferRecentlyFailed38Test" source ="JUnit38SortingTest.java" package ="org.junit.tests.experimental.max" value ="1"/>
         <Value name="testNothing" source ="MaxStarterTest.java" package ="org.junit.tests.experimental.max" value ="1"/>
         <Value name="testSomething" source ="MaxStarterTest.java" package ="org.junit.tests.experimental.max" value ="1"/>
         <Value name="testNothing" source ="MaxStarterTest.java" package ="org.junit.tests.experimental.max" value ="1"/>
         <Value name="MalformedJUnit38Test" source ="MaxStarterTest.java" package ="org.junit.tests.experimental.max" value ="1"/>
         <Value name="testSucceeds" source ="MaxStarterTest.java" package ="org.junit.tests.experimental.max" value ="1"/>
         <Value name="testOne" source ="MaxStarterTest.java" package ="org.junit.tests.experimental.max" value ="1"/>
         <Value name="testTwo" source ="MaxStarterTest.java" package ="org.junit.tests.experimental.max" value ="1"/>
         <Value name="dontSucceed" source ="MaxStarterTest.java" package ="org.junit.tests.experimental.max" value ="1"/>
         <Value name="succeed" source ="MaxStarterTest.java" package ="org.junit.tests.experimental.max" value ="1"/>
         <Value name="fast" source ="MaxStarterTest.java" package ="org.junit.tests.experimental.max" value ="1"/>
         <Value name="slow" source ="MaxStarterTest.java" package ="org.junit.tests.experimental.max" value ="1"/>
         <Value name="correctErrorFromHalfMalformedTest" source ="MaxStarterTest.java" package ="org.junit.tests.experimental.max" value ="1"/>
         <Value name="correctErrorFromMalformedTest" source ="MaxStarterTest.java" package ="org.junit.tests.experimental.max" value ="1"/>
         <Value name="createMax" source ="MaxStarterTest.java" package ="org.junit.tests.experimental.max" value ="1"/>
         <Value name="filterSingleMethodFromOldTestClass" source ="MaxStarterTest.java" package ="org.junit.tests.experimental.max" value ="1"/>
         <Value name="forgetMax" source ="MaxStarterTest.java" package ="org.junit.tests.experimental.max" value ="1"/>
         <Value name="halfMalformed" source ="MaxStarterTest.java" package ="org.junit.tests.experimental.max" value ="1"/>
         <Value name="junit3TestsAreRunOnce" source ="MaxStarterTest.java" package ="org.junit.tests.experimental.max" value ="1"/>
         <Value name="maxShouldSkipMalformedJUnit38Classes" source ="MaxStarterTest.java" package ="org.junit.tests.experimental.max" value ="1"/>
         <Value name="preferFast" source ="MaxStarterTest.java" package ="org.junit.tests.experimental.max" value ="1"/>
         <Value name="preferNewTests" source ="MaxStarterTest.java" package ="org.junit.tests.experimental.max" value ="1"/>
         <Value name="preferNewTestsOverTestsThatFailed" source ="MaxStarterTest.java" package ="org.junit.tests.experimental.max" value ="1"/>
         <Value name="preferRecentlyFailed" source ="MaxStarterTest.java" package ="org.junit.tests.experimental.max" value ="1"/>
         <Value name="rememberOldRuns" source ="MaxStarterTest.java" package ="org.junit.tests.experimental.max" value ="1"/>
         <Value name="sortTestsInMultipleClasses" source ="MaxStarterTest.java" package ="org.junit.tests.experimental.max" value ="1"/>
         <Value name="testCountsStandUpToFiltration" source ="MaxStarterTest.java" package ="org.junit.tests.experimental.max" value ="1"/>
         <Value name="testsAreOnlyIncludedOnceWhenExpandingForSorting" source ="MaxStarterTest.java" package ="org.junit.tests.experimental.max" value ="1"/>
         <Value name="twoTestsNotRunComeBackInRandomOrder" source ="MaxStarterTest.java" package ="org.junit.tests.experimental.max" value ="1"/>
         <Value name="one" source ="ParallelClassTest.java" package ="org.junit.tests.experimental.parallel" value ="1"/>
         <Value name="one" source ="ParallelClassTest.java" package ="org.junit.tests.experimental.parallel" value ="1"/>
         <Value name="testsRunInParallel" source ="ParallelClassTest.java" package ="org.junit.tests.experimental.parallel" value ="1"/>
         <Value name="one" source ="ParallelMethodTest.java" package ="org.junit.tests.experimental.parallel" value ="1"/>
         <Value name="two" source ="ParallelMethodTest.java" package ="org.junit.tests.experimental.parallel" value ="1"/>
         <Value name="testsRunInParallel" source ="ParallelMethodTest.java" package ="org.junit.tests.experimental.parallel" value ="1"/>
         <Value name="includeMultipleFailures" source ="PrintableResultTest.java" package ="org.junit.tests.experimental.results" value ="1"/>
         <Value name="hasFailuresDescriptionReflectsInput" source ="ResultMatchersTest.java" package ="org.junit.tests.experimental.results" value ="1"/>
         <Value name="hasFailuresHasGoodDescription" source ="ResultMatchersTest.java" package ="org.junit.tests.experimental.results" value ="1"/>
         <Value name="before" source ="ClassRulesTest.java" package ="org.junit.tests.experimental.rules" value ="1"/>
         <Value name="firstTest" source ="ClassRulesTest.java" package ="org.junit.tests.experimental.rules" value ="1"/>
         <Value name="secondTest" source ="ClassRulesTest.java" package ="org.junit.tests.experimental.rules" value ="1"/>
         <Value name="firstTest" source ="ClassRulesTest.java" package ="org.junit.tests.experimental.rules" value ="1"/>
         <Value name="secondTest" source ="ClassRulesTest.java" package ="org.junit.tests.experimental.rules" value ="1"/>
         <Value name="customRuleIsAppliedOnce" source ="ClassRulesTest.java" package ="org.junit.tests.experimental.rules" value ="1"/>
         <Value name="ruleIsAppliedOnce" source ="ClassRulesTest.java" package ="org.junit.tests.experimental.rules" value ="1"/>
         <Value name="ruleIsIntroducedAndEvaluatedOnSubclass" source ="ClassRulesTest.java" package ="org.junit.tests.experimental.rules" value ="1"/>
         <Value name="throwsMore" source ="ExpectedExceptionRuleTest.java" package ="org.junit.tests.experimental.rules" value ="1"/>
         <Value name="throwsMore" source ="ExpectedExceptionRuleTest.java" package ="org.junit.tests.experimental.rules" value ="1"/>
         <Value name="throwsMore" source ="ExpectedExceptionRuleTest.java" package ="org.junit.tests.experimental.rules" value ="1"/>
         <Value name="throwsMore" source ="ExpectedExceptionRuleTest.java" package ="org.junit.tests.experimental.rules" value ="1"/>
         <Value name="throwsMore" source ="ExpectedExceptionRuleTest.java" package ="org.junit.tests.experimental.rules" value ="1"/>
         <Value name="throwsMore" source ="ExpectedExceptionRuleTest.java" package ="org.junit.tests.experimental.rules" value ="1"/>
         <Value name="throwsNothing" source ="ExpectedExceptionRuleTest.java" package ="org.junit.tests.experimental.rules" value ="1"/>
         <Value name="throwsNullPointerException" source ="ExpectedExceptionRuleTest.java" package ="org.junit.tests.experimental.rules" value ="1"/>
         <Value name="throwsNullPointerExceptionWithMessage" source ="ExpectedExceptionRuleTest.java" package ="org.junit.tests.experimental.rules" value ="1"/>
         <Value name="throwsNullPointerException" source ="ExpectedExceptionRuleTest.java" package ="org.junit.tests.experimental.rules" value ="1"/>
         <Value name="throwsNullPointerException" source ="ExpectedExceptionRuleTest.java" package ="org.junit.tests.experimental.rules" value ="1"/>
         <Value name="doesntThrowAnything" source ="ExpectedExceptionRuleTest.java" package ="org.junit.tests.experimental.rules" value ="1"/>
         <Value name="doesntThrowNullPointerException" source ="ExpectedExceptionRuleTest.java" package ="org.junit.tests.experimental.rules" value ="1"/>
         <Value name="expectedExceptionPasses" source ="ExpectedExceptionRuleTest.java" package ="org.junit.tests.experimental.rules" value ="1"/>
         <Value name="failsIfExceptionMessageNeverComes" source ="ExpectedExceptionRuleTest.java" package ="org.junit.tests.experimental.rules" value ="1"/>
         <Value name="failsIfExceptionNeverComes" source ="ExpectedExceptionRuleTest.java" package ="org.junit.tests.experimental.rules" value ="1"/>
         <Value name="failsWithMatcher" source ="ExpectedExceptionRuleTest.java" package ="org.junit.tests.experimental.rules" value ="1"/>
         <Value name="failsWithMultipleMatchers" source ="ExpectedExceptionRuleTest.java" package ="org.junit.tests.experimental.rules" value ="1"/>
         <Value name="failsWithNullExceptionMessage" source ="ExpectedExceptionRuleTest.java" package ="org.junit.tests.experimental.rules" value ="1"/>
         <Value name="passesWithSubstringMethod" source ="ExpectedExceptionRuleTest.java" package ="org.junit.tests.experimental.rules" value ="1"/>
         <Value name="succeedsWithMatcher" source ="ExpectedExceptionRuleTest.java" package ="org.junit.tests.experimental.rules" value ="1"/>
         <Value name="succeedsWithMessageMatcher" source ="ExpectedExceptionRuleTest.java" package ="org.junit.tests.experimental.rules" value ="1"/>
         <Value name="unExpectedExceptionFails" source ="ExpectedExceptionRuleTest.java" package ="org.junit.tests.experimental.rules" value ="1"/>
         <Value name="wrongMessageFails" source ="ExpectedExceptionRuleTest.java" package ="org.junit.tests.experimental.rules" value ="1"/>
         <Value name="testFoo" source ="ExternalResourceRuleTest.java" package ="org.junit.tests.experimental.rules" value ="1"/>
         <Value name="externalResourceGeneratesCorrectSequence" source ="ExternalResourceRuleTest.java" package ="org.junit.tests.experimental.rules" value ="1"/>
         <Value name="after" source ="MethodRulesTest.java" package ="org.junit.tests.experimental.rules" value ="1"/>
         <Value name="before" source ="MethodRulesTest.java" package ="org.junit.tests.experimental.rules" value ="1"/>
         <Value name="succeeds" source ="MethodRulesTest.java" package ="org.junit.tests.experimental.rules" value ="1"/>
         <Value name="nothing" source ="MethodRulesTest.java" package ="org.junit.tests.experimental.rules" value ="1"/>
         <Value name="nothing" source ="MethodRulesTest.java" package ="org.junit.tests.experimental.rules" value ="1"/>
         <Value name="nothing" source ="MethodRulesTest.java" package ="org.junit.tests.experimental.rules" value ="1"/>
         <Value name="nothing" source ="MethodRulesTest.java" package ="org.junit.tests.experimental.rules" value ="1"/>
         <Value name="foo" source ="MethodRulesTest.java" package ="org.junit.tests.experimental.rules" value ="1"/>
         <Value name="foo" source ="MethodRulesTest.java" package ="org.junit.tests.experimental.rules" value ="1"/>
         <Value name="fails" source ="MethodRulesTest.java" package ="org.junit.tests.experimental.rules" value ="1"/>
         <Value name="succeeds" source ="MethodRulesTest.java" package ="org.junit.tests.experimental.rules" value ="1"/>
         <Value name="foo" source ="MethodRulesTest.java" package ="org.junit.tests.experimental.rules" value ="1"/>
         <Value name="beforesAndAfters" source ="MethodRulesTest.java" package ="org.junit.tests.experimental.rules" value ="1"/>
         <Value name="ignoreNonRules" source ="MethodRulesTest.java" package ="org.junit.tests.experimental.rules" value ="1"/>
         <Value name="multipleRulesAreRun" source ="MethodRulesTest.java" package ="org.junit.tests.experimental.rules" value ="1"/>
         <Value name="onFailure" source ="MethodRulesTest.java" package ="org.junit.tests.experimental.rules" value ="1"/>
         <Value name="ruleIsIntroducedAndEvaluated" source ="MethodRulesTest.java" package ="org.junit.tests.experimental.rules" value ="1"/>
         <Value name="ruleIsIntroducedAndEvaluatedOnSubclass" source ="MethodRulesTest.java" package ="org.junit.tests.experimental.rules" value ="1"/>
         <Value name="succeeded" source ="MethodRulesTest.java" package ="org.junit.tests.experimental.rules" value ="1"/>
         <Value name="useCustomMethodRule" source ="MethodRulesTest.java" package ="org.junit.tests.experimental.rules" value ="1"/>
         <Value name="validatePrivateRule" source ="MethodRulesTest.java" package ="org.junit.tests.experimental.rules" value ="1"/>
         <Value name="validateWrongTypedField" source ="MethodRulesTest.java" package ="org.junit.tests.experimental.rules" value ="1"/>
         <Value name="validateWrongTypedFieldInSuperclass" source ="MethodRulesTest.java" package ="org.junit.tests.experimental.rules" value ="1"/>
         <Value name="setUp" source ="NameRulesTest.java" package ="org.junit.tests.experimental.rules" value ="1"/>
         <Value name="tearDown" source ="NameRulesTest.java" package ="org.junit.tests.experimental.rules" value ="1"/>
         <Value name="x" source ="NameRulesTest.java" package ="org.junit.tests.experimental.rules" value ="1"/>
         <Value name="testA" source ="NameRulesTest.java" package ="org.junit.tests.experimental.rules" value ="1"/>
         <Value name="testB" source ="NameRulesTest.java" package ="org.junit.tests.experimental.rules" value ="1"/>
         <Value name="testUsingTempFolder" source ="TempFolderRuleTest.java" package ="org.junit.tests.experimental.rules" value ="1"/>
         <Value name="testUsingTempFolder" source ="TempFolderRuleTest.java" package ="org.junit.tests.experimental.rules" value ="1"/>
         <Value name="recursiveDeleteFolderWithOneElement" source ="TempFolderRuleTest.java" package ="org.junit.tests.experimental.rules" value ="1"/>
         <Value name="recursiveDeleteFolderWithZeroElements" source ="TempFolderRuleTest.java" package ="org.junit.tests.experimental.rules" value ="1"/>
         <Value name="subFolderIsDeleted" source ="TempFolderRuleTest.java" package ="org.junit.tests.experimental.rules" value ="1"/>
         <Value name="tempFolderIsDeleted" source ="TempFolderRuleTest.java" package ="org.junit.tests.experimental.rules" value ="1"/>
         <Value name="after" source ="TestRuleTest.java" package ="org.junit.tests.experimental.rules" value ="1"/>
         <Value name="before" source ="TestRuleTest.java" package ="org.junit.tests.experimental.rules" value ="1"/>
         <Value name="succeeds" source ="TestRuleTest.java" package ="org.junit.tests.experimental.rules" value ="1"/>
         <Value name="apply" source ="TestRuleTest.java" package ="org.junit.tests.experimental.rules" value ="1"/>
         <Value name="apply" source ="TestRuleTest.java" package ="org.junit.tests.experimental.rules" value ="1"/>
         <Value name="nothing" source ="TestRuleTest.java" package ="org.junit.tests.experimental.rules" value ="1"/>
         <Value name="nothing" source ="TestRuleTest.java" package ="org.junit.tests.experimental.rules" value ="1"/>
         <Value name="nothing" source ="TestRuleTest.java" package ="org.junit.tests.experimental.rules" value ="1"/>
         <Value name="nothing" source ="TestRuleTest.java" package ="org.junit.tests.experimental.rules" value ="1"/>
         <Value name="onlyOnce" source ="TestRuleTest.java" package ="org.junit.tests.experimental.rules" value ="1"/>
         <Value name="foo" source ="TestRuleTest.java" package ="org.junit.tests.experimental.rules" value ="1"/>
         <Value name="foo" source ="TestRuleTest.java" package ="org.junit.tests.experimental.rules" value ="1"/>
         <Value name="fails" source ="TestRuleTest.java" package ="org.junit.tests.experimental.rules" value ="1"/>
         <Value name="succeeds" source ="TestRuleTest.java" package ="org.junit.tests.experimental.rules" value ="1"/>
         <Value name="foo" source ="TestRuleTest.java" package ="org.junit.tests.experimental.rules" value ="1"/>
         <Value name="beforesAndAfters" source ="TestRuleTest.java" package ="org.junit.tests.experimental.rules" value ="1"/>
         <Value name="ignoreNonRules" source ="TestRuleTest.java" package ="org.junit.tests.experimental.rules" value ="1"/>
         <Value name="multipleRulesAreRun" source ="TestRuleTest.java" package ="org.junit.tests.experimental.rules" value ="1"/>
         <Value name="onFailure" source ="TestRuleTest.java" package ="org.junit.tests.experimental.rules" value ="1"/>
         <Value name="onlyApplyOnceEvenIfImplementsBothInterfaces" source ="TestRuleTest.java" package ="org.junit.tests.experimental.rules" value ="1"/>
         <Value name="ruleIsIntroducedAndEvaluated" source ="TestRuleTest.java" package ="org.junit.tests.experimental.rules" value ="1"/>
         <Value name="ruleIsIntroducedAndEvaluatedOnSubclass" source ="TestRuleTest.java" package ="org.junit.tests.experimental.rules" value ="1"/>
         <Value name="succeeded" source ="TestRuleTest.java" package ="org.junit.tests.experimental.rules" value ="1"/>
         <Value name="useCustomMethodRule" source ="TestRuleTest.java" package ="org.junit.tests.experimental.rules" value ="1"/>
         <Value name="validatePrivateRule" source ="TestRuleTest.java" package ="org.junit.tests.experimental.rules" value ="1"/>
         <Value name="validateWrongTypedField" source ="TestRuleTest.java" package ="org.junit.tests.experimental.rules" value ="1"/>
         <Value name="validateWrongTypedFieldInSuperclass" source ="TestRuleTest.java" package ="org.junit.tests.experimental.rules" value ="1"/>
         <Value name="globalTimeoutAvoidsInfiniteLoop" source ="TimeoutRuleTest.java" package ="org.junit.tests.experimental.rules" value ="1"/>
         <Value name="example" source ="VerifierRuleTest.java" package ="org.junit.tests.experimental.rules" value ="1"/>
         <Value name="example" source ="VerifierRuleTest.java" package ="org.junit.tests.experimental.rules" value ="1"/>
         <Value name="example" source ="VerifierRuleTest.java" package ="org.junit.tests.experimental.rules" value ="1"/>
         <Value name="example" source ="VerifierRuleTest.java" package ="org.junit.tests.experimental.rules" value ="1"/>
         <Value name="usedErrorCollectorCheckSucceedsShouldFail" source ="VerifierRuleTest.java" package ="org.junit.tests.experimental.rules" value ="1"/>
         <Value name="usedErrorCollectorCheckSucceedsShouldPass" source ="VerifierRuleTest.java" package ="org.junit.tests.experimental.rules" value ="1"/>
         <Value name="usedErrorCollectorCheckThatShouldFail" source ="VerifierRuleTest.java" package ="org.junit.tests.experimental.rules" value ="1"/>
         <Value name="usedErrorCollectorShouldFail" source ="VerifierRuleTest.java" package ="org.junit.tests.experimental.rules" value ="1"/>
         <Value name="usedErrorCollectorTwiceShouldFail" source ="VerifierRuleTest.java" package ="org.junit.tests.experimental.rules" value ="1"/>
         <Value name="verifierRunsAfterTest" source ="VerifierRuleTest.java" package ="org.junit.tests.experimental.rules" value ="1"/>
         <Value name="GuessMap" source ="Guesser.java" package ="org.junit.tests.experimental.theories.extendingwithstubs" value ="1"/>
         <Value name="GuessMap" source ="Guesser.java" package ="org.junit.tests.experimental.theories.extendingwithstubs" value ="1"/>
         <Value name="generateGuess" source ="Guesser.java" package ="org.junit.tests.experimental.theories.extendingwithstubs" value ="1"/>
         <Value name="getGuess" source ="Guesser.java" package ="org.junit.tests.experimental.theories.extendingwithstubs" value ="1"/>
         <Value name="invoke" source ="Guesser.java" package ="org.junit.tests.experimental.theories.extendingwithstubs" value ="1"/>
         <Value name="replaceGuess" source ="Guesser.java" package ="org.junit.tests.experimental.theories.extendingwithstubs" value ="1"/>
         <Value name="Guesser" source ="Guesser.java" package ="org.junit.tests.experimental.theories.extendingwithstubs" value ="1"/>
         <Value name="Guesser" source ="Guesser.java" package ="org.junit.tests.experimental.theories.extendingwithstubs" value ="1"/>
         <Value name="getDescription" source ="Guesser.java" package ="org.junit.tests.experimental.theories.extendingwithstubs" value ="1"/>
         <Value name="getProxy" source ="Guesser.java" package ="org.junit.tests.experimental.theories.extendingwithstubs" value ="1"/>
         <Value name="getType" source ="Guesser.java" package ="org.junit.tests.experimental.theories.extendingwithstubs" value ="1"/>
         <Value name="getValue" source ="Guesser.java" package ="org.junit.tests.experimental.theories.extendingwithstubs" value ="1"/>
         <Value name="ReguessableDecorator" source ="GuesserQueue.java" package ="org.junit.tests.experimental.theories.extendingwithstubs" value ="1"/>
         <Value name="getDescription" source ="GuesserQueue.java" package ="org.junit.tests.experimental.theories.extendingwithstubs" value ="1"/>
         <Value name="getValue" source ="GuesserQueue.java" package ="org.junit.tests.experimental.theories.extendingwithstubs" value ="1"/>
         <Value name="reguesses" source ="GuesserQueue.java" package ="org.junit.tests.experimental.theories.extendingwithstubs" value ="1"/>
         <Value name="forSingleValues" source ="GuesserQueue.java" package ="org.junit.tests.experimental.theories.extendingwithstubs" value ="1"/>
         <Value name="remove" source ="GuesserQueue.java" package ="org.junit.tests.experimental.theories.extendingwithstubs" value ="1"/>
         <Value name="update" source ="GuesserQueue.java" package ="org.junit.tests.experimental.theories.extendingwithstubs" value ="1"/>
         <Value name="MethodCall" source ="MethodCall.java" package ="org.junit.tests.experimental.theories.extendingwithstubs" value ="1"/>
         <Value name="argList" source ="MethodCall.java" package ="org.junit.tests.experimental.theories.extendingwithstubs" value ="1"/>
         <Value name="argListString" source ="MethodCall.java" package ="org.junit.tests.experimental.theories.extendingwithstubs" value ="1"/>
         <Value name="equals" source ="MethodCall.java" package ="org.junit.tests.experimental.theories.extendingwithstubs" value ="1"/>
         <Value name="getReturnType" source ="MethodCall.java" package ="org.junit.tests.experimental.theories.extendingwithstubs" value ="1"/>
         <Value name="hashCode" source ="MethodCall.java" package ="org.junit.tests.experimental.theories.extendingwithstubs" value ="1"/>
         <Value name="stringableObject" source ="MethodCall.java" package ="org.junit.tests.experimental.theories.extendingwithstubs" value ="1"/>
         <Value name="toString" source ="MethodCall.java" package ="org.junit.tests.experimental.theories.extendingwithstubs" value ="1"/>
         <Value name="ReguessableValue" source ="ReguessableValue.java" package ="org.junit.tests.experimental.theories.extendingwithstubs" value ="1"/>
         <Value name="StringableObject" source ="StringableObject.java" package ="org.junit.tests.experimental.theories.extendingwithstubs" value ="1"/>
         <Value name="isListableArray" source ="StringableObject.java" package ="org.junit.tests.experimental.theories.extendingwithstubs" value ="1"/>
         <Value name="stringableObject" source ="StringableObject.java" package ="org.junit.tests.experimental.theories.extendingwithstubs" value ="1"/>
         <Value name="toString" source ="StringableObject.java" package ="org.junit.tests.experimental.theories.extendingwithstubs" value ="1"/>
         <Value name="StubbedTheoryAnchor" source ="StubbedTheories.java" package ="org.junit.tests.experimental.theories.extendingwithstubs" value ="1"/>
         <Value name="handleAssumptionViolation" source ="StubbedTheories.java" package ="org.junit.tests.experimental.theories.extendingwithstubs" value ="1"/>
         <Value name="runWithIncompleteAssignment" source ="StubbedTheories.java" package ="org.junit.tests.experimental.theories.extendingwithstubs" value ="1"/>
         <Value name="StubbedTheories" source ="StubbedTheories.java" package ="org.junit.tests.experimental.theories.extendingwithstubs" value ="1"/>
         <Value name="methodBlock" source ="StubbedTheories.java" package ="org.junit.tests.experimental.theories.extendingwithstubs" value ="1"/>
         <Value name="ask" source ="StubbedTheoriesTest.java" package ="org.junit.tests.experimental.theories.extendingwithstubs" value ="1"/>
         <Value name="calledTwice" source ="SuccessfulWithDataPointFields.java" package ="org.junit.tests.experimental.theories.runner" value ="1"/>
         <Value name="incrementBefore" source ="SuccessfulWithDataPointFields.java" package ="org.junit.tests.experimental.theories.runner" value ="1"/>
         <Value name="resetCalls" source ="SuccessfulWithDataPointFields.java" package ="org.junit.tests.experimental.theories.runner" value ="1"/>
         <Value name="stringsAreOK" source ="SuccessfulWithDataPointFields.java" package ="org.junit.tests.experimental.theories.runner" value ="1"/>
         <Value name="incrementBefore" source ="SuccessfulWithDataPointFields.java" package ="org.junit.tests.experimental.theories.runner" value ="1"/>
         <Value name="stringsAreOK" source ="SuccessfulWithDataPointFields.java" package ="org.junit.tests.experimental.theories.runner" value ="1"/>
         <Value name="DifferentTypesInConstructor" source ="SuccessfulWithDataPointFields.java" package ="org.junit.tests.experimental.theories.runner" value ="1"/>
         <Value name="yesIndeed" source ="SuccessfulWithDataPointFields.java" package ="org.junit.tests.experimental.theories.runner" value ="1"/>
         <Value name="allIntsAreEqual" source ="SuccessfulWithDataPointFields.java" package ="org.junit.tests.experimental.theories.runner" value ="1"/>
         <Value name="addToEmptyList" source ="SuccessfulWithDataPointFields.java" package ="org.junit.tests.experimental.theories.runner" value ="1"/>
         <Value name="calledTwice" source ="SuccessfulWithDataPointFields.java" package ="org.junit.tests.experimental.theories.runner" value ="1"/>
         <Value name="resetCalls" source ="SuccessfulWithDataPointFields.java" package ="org.junit.tests.experimental.theories.runner" value ="1"/>
         <Value name="stringsAreOK" source ="SuccessfulWithDataPointFields.java" package ="org.junit.tests.experimental.theories.runner" value ="1"/>
         <Value name="PositiveIntsWithMethodParams" source ="SuccessfulWithDataPointFields.java" package ="org.junit.tests.experimental.theories.runner" value ="1"/>
         <Value name="haveAPostiveSquare" source ="SuccessfulWithDataPointFields.java" package ="org.junit.tests.experimental.theories.runner" value ="1"/>
         <Value name="PositiveIntsWithNegativeField" source ="SuccessfulWithDataPointFields.java" package ="org.junit.tests.experimental.theories.runner" value ="1"/>
         <Value name="haveAPostiveSquare" source ="SuccessfulWithDataPointFields.java" package ="org.junit.tests.experimental.theories.runner" value ="1"/>
         <Value name="PositiveInts" source ="SuccessfulWithDataPointFields.java" package ="org.junit.tests.experimental.theories.runner" value ="1"/>
         <Value name="haveAPostiveSquare" source ="SuccessfulWithDataPointFields.java" package ="org.junit.tests.experimental.theories.runner" value ="1"/>
         <Value name="onlyAnnotatedFields" source ="SuccessfulWithDataPointFields.java" package ="org.junit.tests.experimental.theories.runner" value ="1"/>
         <Value name="threeInts" source ="TheoriesPerformanceTest.java" package ="org.junit.tests.experimental.theories.runner" value ="1"/>
         <Value name="tryCombinationsQuickly" source ="TheoriesPerformanceTest.java" package ="org.junit.tests.experimental.theories.runner" value ="1"/>
         <Value name="numbers" source ="UnsuccessfulWithDataPointFields.java" package ="org.junit.tests.experimental.theories.runner" value ="1"/>
         <Value name="everythingIsZero" source ="UnsuccessfulWithDataPointFields.java" package ="org.junit.tests.experimental.theories.runner" value ="1"/>
         <Value name="everythingIsZero" source ="UnsuccessfulWithDataPointFields.java" package ="org.junit.tests.experimental.theories.runner" value ="1"/>
         <Value name="everythingIsA" source ="UnsuccessfulWithDataPointFields.java" package ="org.junit.tests.experimental.theories.runner" value ="1"/>
         <Value name="numbers" source ="UnsuccessfulWithDataPointFields.java" package ="org.junit.tests.experimental.theories.runner" value ="1"/>
         <Value name="canRunTheories" source ="UnsuccessfulWithDataPointFields.java" package ="org.junit.tests.experimental.theories.runner" value ="1"/>
         <Value name="dataPointsMustBeStatic" source ="UnsuccessfulWithDataPointFields.java" package ="org.junit.tests.experimental.theories.runner" value ="1"/>
         <Value name="nullsUsedUnlessProhibited" source ="UnsuccessfulWithDataPointFields.java" package ="org.junit.tests.experimental.theories.runner" value ="1"/>
         <Value name="reportBadParams" source ="UnsuccessfulWithDataPointFields.java" package ="org.junit.tests.experimental.theories.runner" value ="1"/>
         <Value name="theoriesMustBePublic" source ="UnsuccessfulWithDataPointFields.java" package ="org.junit.tests.experimental.theories.runner" value ="1"/>
         <Value name="theoryAnnotationsAreRetained" source ="UnsuccessfulWithDataPointFields.java" package ="org.junit.tests.experimental.theories.runner" value ="1"/>
         <Value name="theoryClassMethodsShowUp" source ="UnsuccessfulWithDataPointFields.java" package ="org.junit.tests.experimental.theories.runner" value ="1"/>
         <Value name="nonZeroIntsAreFun" source ="WhenNoParametersMatch.java" package ="org.junit.tests.experimental.theories.runner" value ="1"/>
         <Value name="showFailedAssumptionsWhenNoParametersFound" source ="WhenNoParametersMatch.java" package ="org.junit.tests.experimental.theories.runner" value ="1"/>
         <Value name="empty" source ="WithDataPointMethod.java" package ="org.junit.tests.experimental.theories.runner" value ="1"/>
         <Value name="everythingsEmpty" source ="WithDataPointMethod.java" package ="org.junit.tests.experimental.theories.runner" value ="1"/>
         <Value name="allIntsOk" source ="WithDataPointMethod.java" package ="org.junit.tests.experimental.theories.runner" value ="1"/>
         <Value name="oneHundred" source ="WithDataPointMethod.java" package ="org.junit.tests.experimental.theories.runner" value ="1"/>
         <Value name="allIntsOk" source ="WithDataPointMethod.java" package ="org.junit.tests.experimental.theories.runner" value ="1"/>
         <Value name="notADataPoint" source ="WithDataPointMethod.java" package ="org.junit.tests.experimental.theories.runner" value ="1"/>
         <Value name="oneHundred" source ="WithDataPointMethod.java" package ="org.junit.tests.experimental.theories.runner" value ="1"/>
         <Value name="onlyDatesOk" source ="WithDataPointMethod.java" package ="org.junit.tests.experimental.theories.runner" value ="1"/>
         <Value name="onlyStringsOk" source ="WithDataPointMethod.java" package ="org.junit.tests.experimental.theories.runner" value ="1"/>
         <Value name="allIntsOk" source ="WithDataPointMethod.java" package ="org.junit.tests.experimental.theories.runner" value ="1"/>
         <Value name="oneHundred" source ="WithDataPointMethod.java" package ="org.junit.tests.experimental.theories.runner" value ="1"/>
         <Value name="oneUglyHundred" source ="WithDataPointMethod.java" package ="org.junit.tests.experimental.theories.runner" value ="1"/>
         <Value name="empty" source ="WithDataPointMethod.java" package ="org.junit.tests.experimental.theories.runner" value ="1"/>
         <Value name="failures" source ="WithDataPointMethod.java" package ="org.junit.tests.experimental.theories.runner" value ="1"/>
         <Value name="ignoreDataPointMethodsWithWrongTypes" source ="WithDataPointMethod.java" package ="org.junit.tests.experimental.theories.runner" value ="1"/>
         <Value name="ignoreDataPointMethodsWithoutAnnotation" source ="WithDataPointMethod.java" package ="org.junit.tests.experimental.theories.runner" value ="1"/>
         <Value name="ignoreExceptionsFromDataPointMethods" source ="WithDataPointMethod.java" package ="org.junit.tests.experimental.theories.runner" value ="1"/>
         <Value name="mutableObjectsAreCreatedAfresh" source ="WithDataPointMethod.java" package ="org.junit.tests.experimental.theories.runner" value ="1"/>
         <Value name="pickUpDataPointMethods" source ="WithDataPointMethod.java" package ="org.junit.tests.experimental.theories.runner" value ="1"/>
         <Value name="potentialValues" source ="WithDataPointMethod.java" package ="org.junit.tests.experimental.theories.runner" value ="1"/>
         <Value name="STRINGS" source ="WithExtendedParameterSources.java" package ="org.junit.tests.experimental.theories.runner" value ="1"/>
         <Value name="addToLog" source ="WithExtendedParameterSources.java" package ="org.junit.tests.experimental.theories.runner" value ="1"/>
         <Value name="addToLog" source ="WithExtendedParameterSources.java" package ="org.junit.tests.experimental.theories.runner" value ="1"/>
         <Value name="addToLog" source ="WithExtendedParameterSources.java" package ="org.junit.tests.experimental.theories.runner" value ="1"/>
         <Value name="INTS" source ="WithExtendedParameterSources.java" package ="org.junit.tests.experimental.theories.runner" value ="1"/>
         <Value name="STRING" source ="WithExtendedParameterSources.java" package ="org.junit.tests.experimental.theories.runner" value ="1"/>
         <Value name="STRINGS" source ="WithExtendedParameterSources.java" package ="org.junit.tests.experimental.theories.runner" value ="1"/>
         <Value name="addToLog" source ="WithExtendedParameterSources.java" package ="org.junit.tests.experimental.theories.runner" value ="1"/>
         <Value name="everythingIsOne" source ="WithExtendedParameterSources.java" package ="org.junit.tests.experimental.theories.runner" value ="1"/>
         <Value name="allStringsAreNonNull" source ="WithExtendedParameterSources.java" package ="org.junit.tests.experimental.theories.runner" value ="1"/>
         <Value name="dataPointCanBeArray" source ="WithExtendedParameterSources.java" package ="org.junit.tests.experimental.theories.runner" value ="1"/>
         <Value name="getDataPointsFromArray" source ="WithExtendedParameterSources.java" package ="org.junit.tests.experimental.theories.runner" value ="1"/>
         <Value name="getDataPointsFromArrayMethod" source ="WithExtendedParameterSources.java" package ="org.junit.tests.experimental.theories.runner" value ="1"/>
         <Value name="getDataPointsFromArrayMethodInSpiteOfMalformedness" source ="WithExtendedParameterSources.java" package ="org.junit.tests.experimental.theories.runner" value ="1"/>
         <Value name="shouldFilterNull" source ="WithExtendedParameterSources.java" package ="org.junit.tests.experimental.theories.runner" value ="1"/>
         <Value name="testedOnLimitsParameters" source ="WithExtendedParameterSources.java" package ="org.junit.tests.experimental.theories.runner" value ="1"/>
         <Value name="testMethod" source ="WithOnlyTestAnnotations.java" package ="org.junit.tests.experimental.theories.runner" value ="1"/>
         <Value name="shouldThrow" source ="WithOnlyTestAnnotations.java" package ="org.junit.tests.experimental.theories.runner" value ="1"/>
         <Value name="shouldThrow" source ="WithOnlyTestAnnotations.java" package ="org.junit.tests.experimental.theories.runner" value ="1"/>
         <Value name="honorExpected" source ="WithOnlyTestAnnotations.java" package ="org.junit.tests.experimental.theories.runner" value ="1"/>
         <Value name="honorExpectedPassing" source ="WithOnlyTestAnnotations.java" package ="org.junit.tests.experimental.theories.runner" value ="1"/>
         <Value name="honorTimeout" source ="WithOnlyTestAnnotations.java" package ="org.junit.tests.experimental.theories.runner" value ="1"/>
         <Value name="testErrorWhenTestHasParametersDespiteTheories" source ="WithOnlyTestAnnotations.java" package ="org.junit.tests.experimental.theories.runner" value ="1"/>
         <Value name="HasDataPoints" source ="AllMembersSupplierTest.java" package ="org.junit.tests.experimental.theories" value ="1"/>
         <Value name="dataPointsAnnotationMeansTreatAsArrayOnly" source ="AllMembersSupplierTest.java" package ="org.junit.tests.experimental.theories" value ="1"/>
         <Value name="foo" source ="ParameterSignatureTest.java" package ="org.junit.tests.experimental.theories" value ="1"/>
         <Value name="getAnnotations" source ="ParameterSignatureTest.java" package ="org.junit.tests.experimental.theories" value ="1"/>
         <Value name="getType" source ="ParameterSignatureTest.java" package ="org.junit.tests.experimental.theories" value ="1"/>
         <Value name="getType" source ="ParameterSignatureTest.java" package ="org.junit.tests.experimental.theories" value ="1"/>
         <Value name="buildParameterizedAssertionError" source ="ParameterizedAssertionErrorTest.java" package ="org.junit.tests.experimental.theories" value ="1"/>
         <Value name="differentParameterizedAssertionErrorsHaveDifferentToStrings" source ="ParameterizedAssertionErrorTest.java" package ="org.junit.tests.experimental.theories" value ="1"/>
         <Value name="equalParameterizedAssertionErrorsHaveSameToString" source ="ParameterizedAssertionErrorTest.java" package ="org.junit.tests.experimental.theories" value ="1"/>
         <Value name="equalsReturnsTrue" source ="ParameterizedAssertionErrorTest.java" package ="org.junit.tests.experimental.theories" value ="1"/>
         <Value name="AssumptionFailureInConstructor" source ="AssumptionTest.java" package ="org.junit.tests.experimental" value ="1"/>
         <Value name="shouldFail" source ="AssumptionTest.java" package ="org.junit.tests.experimental" value ="1"/>
         <Value name="checkForSomethingThatIsntThere" source ="AssumptionTest.java" package ="org.junit.tests.experimental" value ="1"/>
         <Value name="failing" source ="AssumptionTest.java" package ="org.junit.tests.experimental" value ="1"/>
         <Value name="checkForSomethingThatIsntThere" source ="AssumptionTest.java" package ="org.junit.tests.experimental" value ="1"/>
         <Value name="failing" source ="AssumptionTest.java" package ="org.junit.tests.experimental" value ="1"/>
         <Value name="assumptionsFail" source ="AssumptionTest.java" package ="org.junit.tests.experimental" value ="1"/>
         <Value name="assumptionsFail" source ="AssumptionTest.java" package ="org.junit.tests.experimental" value ="1"/>
         <Value name="assertCompletesNormally" source ="AssumptionTest.java" package ="org.junit.tests.experimental" value ="1"/>
         <Value name="assumeNotNullPasses" source ="AssumptionTest.java" package ="org.junit.tests.experimental" value ="1"/>
         <Value name="assumeNotNullThrowsException" source ="AssumptionTest.java" package ="org.junit.tests.experimental" value ="1"/>
         <Value name="assumeThatPasses" source ="AssumptionTest.java" package ="org.junit.tests.experimental" value ="1"/>
         <Value name="assumeThatPassesOnStrings" source ="AssumptionTest.java" package ="org.junit.tests.experimental" value ="1"/>
         <Value name="assumeThatWorks" source ="AssumptionTest.java" package ="org.junit.tests.experimental" value ="1"/>
         <Value name="assumeTrueWorks" source ="AssumptionTest.java" package ="org.junit.tests.experimental" value ="1"/>
         <Value name="assumeWithExpectedException" source ="AssumptionTest.java" package ="org.junit.tests.experimental" value ="1"/>
         <Value name="failedAssumptionsMeanPassing" source ="AssumptionTest.java" package ="org.junit.tests.experimental" value ="1"/>
         <Value name="failingAssumptionInBeforeClassIgnoresClass" source ="AssumptionTest.java" package ="org.junit.tests.experimental" value ="1"/>
         <Value name="failingAssumptionInBeforePreventsTestRun" source ="AssumptionTest.java" package ="org.junit.tests.experimental" value ="1"/>
         <Value name="failingAssumptionInConstructorIgnoresClass" source ="AssumptionTest.java" package ="org.junit.tests.experimental" value ="1"/>
         <Value name="passingAssumptionsScootThrough" source ="AssumptionTest.java" package ="org.junit.tests.experimental" value ="1"/>
         <Value name="AssumptionViolatedExceptionDescribesItself" source ="AssumptionViolatedExceptionTest.java" package ="org.junit.tests.experimental" value ="1"/>
         <Value name="simpleAssumptionViolatedExceptionDescribesItself" source ="AssumptionViolatedExceptionTest.java" package ="org.junit.tests.experimental" value ="1"/>
         <Value name="toStringReportsMatcher" source ="AssumptionViolatedExceptionTest.java" package ="org.junit.tests.experimental" value ="1"/>
         <Value name="toStringReportsValue" source ="AssumptionViolatedExceptionTest.java" package ="org.junit.tests.experimental" value ="1"/>
         <Value name="differentMatchersHaveDifferentDescriptions" source ="MatcherTest.java" package ="org.junit.tests.experimental" value ="1"/>
         <Value name="failure" source ="MatcherTest.java" package ="org.junit.tests.experimental" value ="1"/>
         <Value name="suite" source ="AllTestsTest.java" package ="org.junit.tests.junit3compatibility" value ="1"/>
         <Value name="suite" source ="AllTestsTest.java" package ="org.junit.tests.junit3compatibility" value ="1"/>
         <Value name="suite" source ="AllTestsTest.java" package ="org.junit.tests.junit3compatibility" value ="1"/>
         <Value name="testSomething" source ="AllTestsTest.java" package ="org.junit.tests.junit3compatibility" value ="1"/>
         <Value name="testSomething" source ="AllTestsTest.java" package ="org.junit.tests.junit3compatibility" value ="1"/>
         <Value name="correctTestCount" source ="AllTestsTest.java" package ="org.junit.tests.junit3compatibility" value ="1"/>
         <Value name="correctTestCountAdapted" source ="AllTestsTest.java" package ="org.junit.tests.junit3compatibility" value ="1"/>
         <Value name="ensureTestIsRun" source ="AllTestsTest.java" package ="org.junit.tests.junit3compatibility" value ="1"/>
         <Value name="exceptionThrownWhenSuiteIsBad" source ="AllTestsTest.java" package ="org.junit.tests.junit3compatibility" value ="1"/>
         <Value name="someUsefulDescription" source ="AllTestsTest.java" package ="org.junit.tests.junit3compatibility" value ="1"/>
         <Value name="suite" source ="ClassRequestTest.java" package ="org.junit.tests.junit3compatibility" value ="1"/>
         <Value name="noSuiteMethodIfMethodPrivate" source ="ClassRequestTest.java" package ="org.junit.tests.junit3compatibility" value ="1"/>
         <Value name="error" source ="ForwardCompatibilityPrintingTest.java" package ="org.junit.tests.junit3compatibility" value ="1"/>
         <Value name="TestResultPrinter" source ="ForwardCompatibilityPrintingTest.java" package ="org.junit.tests.junit3compatibility" value ="1"/>
         <Value name="elapsedTimeAsString" source ="ForwardCompatibilityPrintingTest.java" package ="org.junit.tests.junit3compatibility" value ="1"/>
         <Value name="expected" source ="ForwardCompatibilityPrintingTest.java" package ="org.junit.tests.junit3compatibility" value ="1"/>
         <Value name="after" source ="ForwardCompatibilityTest.java" package ="org.junit.tests.junit3compatibility" value ="1"/>
         <Value name="afterClass" source ="ForwardCompatibilityTest.java" package ="org.junit.tests.junit3compatibility" value ="1"/>
         <Value name="before" source ="ForwardCompatibilityTest.java" package ="org.junit.tests.junit3compatibility" value ="1"/>
         <Value name="beforeClass" source ="ForwardCompatibilityTest.java" package ="org.junit.tests.junit3compatibility" value ="1"/>
         <Value name="one" source ="ForwardCompatibilityTest.java" package ="org.junit.tests.junit3compatibility" value ="1"/>
         <Value name="two" source ="ForwardCompatibilityTest.java" package ="org.junit.tests.junit3compatibility" value ="1"/>
         <Value name="error" source ="ForwardCompatibilityTest.java" package ="org.junit.tests.junit3compatibility" value ="1"/>
         <Value name="error" source ="ForwardCompatibilityTest.java" package ="org.junit.tests.junit3compatibility" value ="1"/>
         <Value name="nothing" source ="ForwardCompatibilityTest.java" package ="org.junit.tests.junit3compatibility" value ="1"/>
         <Value name="expected" source ="ForwardCompatibilityTest.java" package ="org.junit.tests.junit3compatibility" value ="1"/>
         <Value name="aTest" source ="ForwardCompatibilityTest.java" package ="org.junit.tests.junit3compatibility" value ="1"/>
         <Value name="shouldBeStatic" source ="ForwardCompatibilityTest.java" package ="org.junit.tests.junit3compatibility" value ="1"/>
         <Value name="MarkerRunner" source ="ForwardCompatibilityTest.java" package ="org.junit.tests.junit3compatibility" value ="1"/>
         <Value name="getDescription" source ="ForwardCompatibilityTest.java" package ="org.junit.tests.junit3compatibility" value ="1"/>
         <Value name="run" source ="ForwardCompatibilityTest.java" package ="org.junit.tests.junit3compatibility" value ="1"/>
         <Value name="testCount" source ="ForwardCompatibilityTest.java" package ="org.junit.tests.junit3compatibility" value ="1"/>
         <Value name="after" source ="ForwardCompatibilityTest.java" package ="org.junit.tests.junit3compatibility" value ="1"/>
         <Value name="before" source ="ForwardCompatibilityTest.java" package ="org.junit.tests.junit3compatibility" value ="1"/>
         <Value name="test" source ="ForwardCompatibilityTest.java" package ="org.junit.tests.junit3compatibility" value ="1"/>
         <Value name="succeed" source ="ForwardCompatibilityTest.java" package ="org.junit.tests.junit3compatibility" value ="1"/>
         <Value name="expected" source ="ForwardCompatibilityTest.java" package ="org.junit.tests.junit3compatibility" value ="1"/>
         <Value name="testBeforeAndAfterClass" source ="ForwardCompatibilityTest.java" package ="org.junit.tests.junit3compatibility" value ="1"/>
         <Value name="testCompatibility" source ="ForwardCompatibilityTest.java" package ="org.junit.tests.junit3compatibility" value ="1"/>
         <Value name="testException" source ="ForwardCompatibilityTest.java" package ="org.junit.tests.junit3compatibility" value ="1"/>
         <Value name="testExceptionInBefore" source ="ForwardCompatibilityTest.java" package ="org.junit.tests.junit3compatibility" value ="1"/>
         <Value name="testExpected" source ="ForwardCompatibilityTest.java" package ="org.junit.tests.junit3compatibility" value ="1"/>
         <Value name="testInvalidMethod" source ="ForwardCompatibilityTest.java" package ="org.junit.tests.junit3compatibility" value ="1"/>
         <Value name="testNoException" source ="ForwardCompatibilityTest.java" package ="org.junit.tests.junit3compatibility" value ="1"/>
         <Value name="testRunWithClass" source ="ForwardCompatibilityTest.java" package ="org.junit.tests.junit3compatibility" value ="1"/>
         <Value name="testToString" source ="ForwardCompatibilityTest.java" package ="org.junit.tests.junit3compatibility" value ="1"/>
         <Value name="testToStringSuite" source ="ForwardCompatibilityTest.java" package ="org.junit.tests.junit3compatibility" value ="1"/>
         <Value name="testUseGlobalCache" source ="ForwardCompatibilityTest.java" package ="org.junit.tests.junit3compatibility" value ="1"/>
         <Value name="CantInitialize" source ="InitializationErrorForwardCompatibilityTest.java" package ="org.junit.tests.junit3compatibility" value ="1"/>
         <Value name="getDescription" source ="InitializationErrorForwardCompatibilityTest.java" package ="org.junit.tests.junit3compatibility" value ="1"/>
         <Value name="run" source ="InitializationErrorForwardCompatibilityTest.java" package ="org.junit.tests.junit3compatibility" value ="1"/>
         <Value name="addError" source ="InitializationErrorForwardCompatibilityTest.java" package ="org.junit.tests.junit3compatibility" value ="1"/>
         <Value name="addFailure" source ="InitializationErrorForwardCompatibilityTest.java" package ="org.junit.tests.junit3compatibility" value ="1"/>
         <Value name="endTest" source ="InitializationErrorForwardCompatibilityTest.java" package ="org.junit.tests.junit3compatibility" value ="1"/>
         <Value name="getError" source ="InitializationErrorForwardCompatibilityTest.java" package ="org.junit.tests.junit3compatibility" value ="1"/>
         <Value name="startTest" source ="InitializationErrorForwardCompatibilityTest.java" package ="org.junit.tests.junit3compatibility" value ="1"/>
         <Value name="InitializesWithError" source ="InitializationErrorForwardCompatibilityTest.java" package ="org.junit.tests.junit3compatibility" value ="1"/>
         <Value name="createAdapter" source ="InitializationErrorForwardCompatibilityTest.java" package ="org.junit.tests.junit3compatibility" value ="1"/>
         <Value name="generatedErrorTestsMatchUp" source ="InitializationErrorForwardCompatibilityTest.java" package ="org.junit.tests.junit3compatibility" value ="1"/>
         <Value name="initializationErrorsAreThrownAtRuntime" source ="InitializationErrorForwardCompatibilityTest.java" package ="org.junit.tests.junit3compatibility" value ="1"/>
         <Value name="initializationErrorsShowUpAsWarnings" source ="InitializationErrorForwardCompatibilityTest.java" package ="org.junit.tests.junit3compatibility" value ="1"/>
         <Value name="foo" source ="JUnit38ClassRunnerTest.java" package ="org.junit.tests.junit3compatibility" value ="1"/>
         <Value name="testInvalid" source ="JUnit38ClassRunnerTest.java" package ="org.junit.tests.junit3compatibility" value ="1"/>
         <Value name="testA" source ="JUnit38ClassRunnerTest.java" package ="org.junit.tests.junit3compatibility" value ="1"/>
         <Value name="testOne" source ="JUnit38ClassRunnerTest.java" package ="org.junit.tests.junit3compatibility" value ="1"/>
         <Value name="canUnadaptAnAdapter" source ="JUnit38ClassRunnerTest.java" package ="org.junit.tests.junit3compatibility" value ="1"/>
         <Value name="invalidTestMethodReportedCorrectly" source ="JUnit38ClassRunnerTest.java" package ="org.junit.tests.junit3compatibility" value ="1"/>
         <Value name="plansDecoratorCorrectly" source ="JUnit38ClassRunnerTest.java" package ="org.junit.tests.junit3compatibility" value ="1"/>
         <Value name="addFailureDelegatesToNotifier" source ="OldTestClassAdaptingListenerTest.java" package ="org.junit.tests.junit3compatibility" value ="1"/>
         <Value name="suite" source ="OldTests.java" package ="org.junit.tests.junit3compatibility" value ="1"/>
         <Value name="ignored" source ="SuiteMethodTest.java" package ="org.junit.tests.junit3compatibility" value ="1"/>
         <Value name="suite" source ="SuiteMethodTest.java" package ="org.junit.tests.junit3compatibility" value ="1"/>
         <Value name="sample" source ="SuiteMethodTest.java" package ="org.junit.tests.junit3compatibility" value ="1"/>
         <Value name="suite" source ="SuiteMethodTest.java" package ="org.junit.tests.junit3compatibility" value ="1"/>
         <Value name="ignore" source ="SuiteMethodTest.java" package ="org.junit.tests.junit3compatibility" value ="1"/>
         <Value name="sample" source ="SuiteMethodTest.java" package ="org.junit.tests.junit3compatibility" value ="1"/>
         <Value name="suite" source ="SuiteMethodTest.java" package ="org.junit.tests.junit3compatibility" value ="1"/>
         <Value name="sample" source ="SuiteMethodTest.java" package ="org.junit.tests.junit3compatibility" value ="1"/>
         <Value name="suite" source ="SuiteMethodTest.java" package ="org.junit.tests.junit3compatibility" value ="1"/>
         <Value name="OldTest" source ="SuiteMethodTest.java" package ="org.junit.tests.junit3compatibility" value ="1"/>
         <Value name="notObviouslyATest" source ="SuiteMethodTest.java" package ="org.junit.tests.junit3compatibility" value ="1"/>
         <Value name="suite" source ="SuiteMethodTest.java" package ="org.junit.tests.junit3compatibility" value ="1"/>
         <Value name="descriptionAndRunNotificationsAreConsistent" source ="SuiteMethodTest.java" package ="org.junit.tests.junit3compatibility" value ="1"/>
         <Value name="makeSureSuiteIsCalled" source ="SuiteMethodTest.java" package ="org.junit.tests.junit3compatibility" value ="1"/>
         <Value name="makeSureSuiteNotUsedWithJUnit4Classes2" source ="SuiteMethodTest.java" package ="org.junit.tests.junit3compatibility" value ="1"/>
         <Value name="makeSureSuiteWorksWithJUnit4Classes" source ="SuiteMethodTest.java" package ="org.junit.tests.junit3compatibility" value ="1"/>
         <Value name="suiteIsUsedWithJUnit4Classes" source ="SuiteMethodTest.java" package ="org.junit.tests.junit3compatibility" value ="1"/>
         <Value name="nothing" source ="ListenerTest.java" package ="org.junit.tests.listening" value ="1"/>
         <Value name="testEmpty" source ="RunnerTest.java" package ="org.junit.tests.listening" value ="1"/>
         <Value name="empty" source ="RunnerTest.java" package ="org.junit.tests.listening" value ="1"/>
         <Value name="testRunStarted" source ="RunnerTest.java" package ="org.junit.tests.listening" value ="1"/>
         <Value name="empty" source ="RunnerTest.java" package ="org.junit.tests.listening" value ="1"/>
         <Value name="newTestCount" source ="RunnerTest.java" package ="org.junit.tests.listening" value ="1"/>
         <Value name="oldTestCount" source ="RunnerTest.java" package ="org.junit.tests.listening" value ="1"/>
         <Value name="testRunStarted" source ="TestListenerTest.java" package ="org.junit.tests.listening" value ="1"/>
         <Value name="testRunStarted" source ="TestListenerTest.java" package ="org.junit.tests.listening" value ="1"/>
         <Value name="nothing" source ="TestListenerTest.java" package ="org.junit.tests.listening" value ="1"/>
         <Value name="failingListener" source ="TestListenerTest.java" package ="org.junit.tests.listening" value ="1"/>
         <Value name="freshResultEachTime" source ="TestListenerTest.java" package ="org.junit.tests.listening" value ="1"/>
         <Value name="removeFailingListeners" source ="TestListenerTest.java" package ="org.junit.tests.listening" value ="1"/>
         <Value name="error" source ="TextListenerTest.java" package ="org.junit.tests.listening" value ="1"/>
         <Value name="one" source ="TextListenerTest.java" package ="org.junit.tests.listening" value ="1"/>
         <Value name="pause" source ="TextListenerTest.java" package ="org.junit.tests.listening" value ="1"/>
         <Value name="convert" source ="TextListenerTest.java" package ="org.junit.tests.listening" value ="1"/>
         <Value name="setUp" source ="TextListenerTest.java" package ="org.junit.tests.listening" value ="1"/>
         <Value name="testError" source ="TextListenerTest.java" package ="org.junit.tests.listening" value ="1"/>
         <Value name="testSuccess" source ="TextListenerTest.java" package ="org.junit.tests.listening" value ="1"/>
         <Value name="testTime" source ="TextListenerTest.java" package ="org.junit.tests.listening" value ="1"/>
         <Value name="foo" source ="UserStopTest.java" package ="org.junit.tests.listening" value ="1"/>
         <Value name="createNotifier" source ="UserStopTest.java" package ="org.junit.tests.listening" value ="1"/>
         <Value name="stopClassRunner" source ="UserStopTest.java" package ="org.junit.tests.listening" value ="1"/>
         <Value name="userStop" source ="UserStopTest.java" package ="org.junit.tests.listening" value ="1"/>
         <Value name="FilteredTest" source ="FilterableTest.java" package ="org.junit.tests.manipulation" value ="1"/>
         <Value name="parameters" source ="FilterableTest.java" package ="org.junit.tests.manipulation" value ="1"/>
         <Value name="runThis" source ="FilterableTest.java" package ="org.junit.tests.manipulation" value ="1"/>
         <Value name="skipThis" source ="FilterableTest.java" package ="org.junit.tests.manipulation" value ="1"/>
         <Value name="testFilterInRunnerConstructor" source ="FilterableTest.java" package ="org.junit.tests.manipulation" value ="1"/>
         <Value name="a" source ="SingleMethodTest.java" package ="org.junit.tests.manipulation" value ="1"/>
         <Value name="b" source ="SingleMethodTest.java" package ="org.junit.tests.manipulation" value ="1"/>
         <Value name="suite" source ="SingleMethodTest.java" package ="org.junit.tests.manipulation" value ="1"/>
         <Value name="once" source ="SingleMethodTest.java" package ="org.junit.tests.manipulation" value ="1"/>
         <Value name="one" source ="SingleMethodTest.java" package ="org.junit.tests.manipulation" value ="1"/>
         <Value name="two" source ="SingleMethodTest.java" package ="org.junit.tests.manipulation" value ="1"/>
         <Value name="ParameterizedOneTimeBeforeClass" source ="SingleMethodTest.java" package ="org.junit.tests.manipulation" value ="1"/>
         <Value name="once" source ="SingleMethodTest.java" package ="org.junit.tests.manipulation" value ="1"/>
         <Value name="one" source ="SingleMethodTest.java" package ="org.junit.tests.manipulation" value ="1"/>
         <Value name="params" source ="SingleMethodTest.java" package ="org.junit.tests.manipulation" value ="1"/>
         <Value name="ParameterizedOneTimeSetup" source ="SingleMethodTest.java" package ="org.junit.tests.manipulation" value ="1"/>
         <Value name="one" source ="SingleMethodTest.java" package ="org.junit.tests.manipulation" value ="1"/>
         <Value name="params" source ="SingleMethodTest.java" package ="org.junit.tests.manipulation" value ="1"/>
         <Value name="a" source ="SingleMethodTest.java" package ="org.junit.tests.manipulation" value ="1"/>
         <Value name="b" source ="SingleMethodTest.java" package ="org.junit.tests.manipulation" value ="1"/>
         <Value name="a" source ="SingleMethodTest.java" package ="org.junit.tests.manipulation" value ="1"/>
         <Value name="b" source ="SingleMethodTest.java" package ="org.junit.tests.manipulation" value ="1"/>
         <Value name="classesWithSuiteMethodsAreFiltered" source ="SingleMethodTest.java" package ="org.junit.tests.manipulation" value ="1"/>
         <Value name="eliminateUnnecessaryTreeBranches" source ="SingleMethodTest.java" package ="org.junit.tests.manipulation" value ="1"/>
         <Value name="filteringAffectsPlan" source ="SingleMethodTest.java" package ="org.junit.tests.manipulation" value ="1"/>
         <Value name="nonexistentMethodCreatesFailure" source ="SingleMethodTest.java" package ="org.junit.tests.manipulation" value ="1"/>
         <Value name="oneTimeSetup" source ="SingleMethodTest.java" package ="org.junit.tests.manipulation" value ="1"/>
         <Value name="parameterizedBeforeClass" source ="SingleMethodTest.java" package ="org.junit.tests.manipulation" value ="1"/>
         <Value name="parameterizedFilterToSingleMethod" source ="SingleMethodTest.java" package ="org.junit.tests.manipulation" value ="1"/>
         <Value name="resetLog" source ="SortableTest.java" package ="org.junit.tests.manipulation" value ="1"/>
         <Value name="sortingBackwardWorksOnTestClassRunner" source ="SortableTest.java" package ="org.junit.tests.manipulation" value ="1"/>
         <Value name="sortingForwardWorksOnTestClassRunner" source ="SortableTest.java" package ="org.junit.tests.manipulation" value ="1"/>
         <Value name="resetLog" source ="SortableTest.java" package ="org.junit.tests.manipulation" value ="1"/>
         <Value name="sortingBackwardWorksOnSuite" source ="SortableTest.java" package ="org.junit.tests.manipulation" value ="1"/>
         <Value name="sortingBackwardWorksOnTestClassRunner" source ="SortableTest.java" package ="org.junit.tests.manipulation" value ="1"/>
         <Value name="sortingForwardWorksOnSuite" source ="SortableTest.java" package ="org.junit.tests.manipulation" value ="1"/>
         <Value name="sortingForwardWorksOnTestClassRunner" source ="SortableTest.java" package ="org.junit.tests.manipulation" value ="1"/>
         <Value name="unsortablesAreHandledWithoutCrashing" source ="SortableTest.java" package ="org.junit.tests.manipulation" value ="1"/>
         <Value name="enclosedRunnerIsNamedForEnclosingClass" source ="EnclosedTest.java" package ="org.junit.tests.running.classes" value ="1"/>
         <Value name="enclosedRunnerPlansEnclosedClasses" source ="EnclosedTest.java" package ="org.junit.tests.running.classes" value ="1"/>
         <Value name="enclosedRunnerRunsEnclosedClasses" source ="EnclosedTest.java" package ="org.junit.tests.running.classes" value ="1"/>
         <Value name="iFail" source ="IgnoreClassTest.java" package ="org.junit.tests.running.classes" value ="1"/>
         <Value name="iFailToo" source ="IgnoreClassTest.java" package ="org.junit.tests.running.classes" value ="1"/>
         <Value name="ignoreClass" source ="IgnoreClassTest.java" package ="org.junit.tests.running.classes" value ="1"/>
         <Value name="BeforeAndAfter" source ="ParameterizedTestTest.java" package ="org.junit.tests.running.classes" value ="1"/>
         <Value name="aTest" source ="ParameterizedTestTest.java" package ="org.junit.tests.running.classes" value ="1"/>
         <Value name="after" source ="ParameterizedTestTest.java" package ="org.junit.tests.running.classes" value ="1"/>
         <Value name="before" source ="ParameterizedTestTest.java" package ="org.junit.tests.running.classes" value ="1"/>
         <Value name="data" source ="ParameterizedTestTest.java" package ="org.junit.tests.running.classes" value ="1"/>
         <Value name="after" source ="ParameterizedTestTest.java" package ="org.junit.tests.running.classes" value ="1"/>
         <Value name="before" source ="ParameterizedTestTest.java" package ="org.junit.tests.running.classes" value ="1"/>
         <Value name="FibonacciTest" source ="ParameterizedTestTest.java" package ="org.junit.tests.running.classes" value ="1"/>
         <Value name="data" source ="ParameterizedTestTest.java" package ="org.junit.tests.running.classes" value ="1"/>
         <Value name="fib" source ="ParameterizedTestTest.java" package ="org.junit.tests.running.classes" value ="1"/>
         <Value name="test" source ="ParameterizedTestTest.java" package ="org.junit.tests.running.classes" value ="1"/>
         <Value name="data" source ="ParameterizedTestTest.java" package ="org.junit.tests.running.classes" value ="1"/>
         <Value name="test" source ="ParameterizedTestTest.java" package ="org.junit.tests.running.classes" value ="1"/>
         <Value name="PrivateConstructor" source ="ParameterizedTestTest.java" package ="org.junit.tests.running.classes" value ="1"/>
         <Value name="aTest" source ="ParameterizedTestTest.java" package ="org.junit.tests.running.classes" value ="1"/>
         <Value name="data" source ="ParameterizedTestTest.java" package ="org.junit.tests.running.classes" value ="1"/>
         <Value name="aTest" source ="ParameterizedTestTest.java" package ="org.junit.tests.running.classes" value ="1"/>
         <Value name="data" source ="ParameterizedTestTest.java" package ="org.junit.tests.running.classes" value ="1"/>
         <Value name="aTest" source ="ParameterizedTestTest.java" package ="org.junit.tests.running.classes" value ="1"/>
         <Value name="data" source ="ParameterizedTestTest.java" package ="org.junit.tests.running.classes" value ="1"/>
         <Value name="beforeAndAfterClassAreRun" source ="ParameterizedTestTest.java" package ="org.junit.tests.running.classes" value ="1"/>
         <Value name="count" source ="ParameterizedTestTest.java" package ="org.junit.tests.running.classes" value ="1"/>
         <Value name="countBeforeRun" source ="ParameterizedTestTest.java" package ="org.junit.tests.running.classes" value ="1"/>
         <Value name="exceptionWhenPrivateConstructor" source ="ParameterizedTestTest.java" package ="org.junit.tests.running.classes" value ="1"/>
         <Value name="failuresAddedForBadTestMethod" source ="ParameterizedTestTest.java" package ="org.junit.tests.running.classes" value ="1"/>
         <Value name="failuresNamedCorrectly" source ="ParameterizedTestTest.java" package ="org.junit.tests.running.classes" value ="1"/>
         <Value name="meaningfulFailureWhenParameterListsAreNotArrays" source ="ParameterizedTestTest.java" package ="org.junit.tests.running.classes" value ="1"/>
         <Value name="meaningfulFailureWhenParametersNotPublic" source ="ParameterizedTestTest.java" package ="org.junit.tests.running.classes" value ="1"/>
         <Value name="plansNamedCorrectly" source ="ParameterizedTestTest.java" package ="org.junit.tests.running.classes" value ="1"/>
         <Value name="validateClassCatchesNoParameters" source ="ParameterizedTestTest.java" package ="org.junit.tests.running.classes" value ="1"/>
         <Value name="getDescription" source ="RunWithTest.java" package ="org.junit.tests.running.classes" value ="1"/>
         <Value name="run" source ="RunWithTest.java" package ="org.junit.tests.running.classes" value ="1"/>
         <Value name="ExampleRunner" source ="RunWithTest.java" package ="org.junit.tests.running.classes" value ="1"/>
         <Value name="getDescription" source ="RunWithTest.java" package ="org.junit.tests.running.classes" value ="1"/>
         <Value name="run" source ="RunWithTest.java" package ="org.junit.tests.running.classes" value ="1"/>
         <Value name="testCount" source ="RunWithTest.java" package ="org.junit.tests.running.classes" value ="1"/>
         <Value name="characterizeErrorMessageFromBadRunner" source ="RunWithTest.java" package ="org.junit.tests.running.classes" value ="1"/>
         <Value name="run" source ="RunWithTest.java" package ="org.junit.tests.running.classes" value ="1"/>
         <Value name="runWithExtendsToSubclasses" source ="RunWithTest.java" package ="org.junit.tests.running.classes" value ="1"/>
         <Value name="after" source ="SuiteTest.java" package ="org.junit.tests.running.classes" value ="1"/>
         <Value name="before" source ="SuiteTest.java" package ="org.junit.tests.running.classes" value ="1"/>
         <Value name="pass" source ="SuiteTest.java" package ="org.junit.tests.running.classes" value ="1"/>
         <Value name="fail" source ="SuiteTest.java" package ="org.junit.tests.running.classes" value ="1"/>
         <Value name="WithoutDefaultConstructor" source ="SuiteTest.java" package ="org.junit.tests.running.classes" value ="1"/>
         <Value name="beforeAndAfterClassRunOnSuite" source ="SuiteTest.java" package ="org.junit.tests.running.classes" value ="1"/>
         <Value name="ensureInheritedTestIsRun" source ="SuiteTest.java" package ="org.junit.tests.running.classes" value ="1"/>
         <Value name="ensureSuitesWorkWithForwardCompatibility" source ="SuiteTest.java" package ="org.junit.tests.running.classes" value ="1"/>
         <Value name="ensureTestIsRun" source ="SuiteTest.java" package ="org.junit.tests.running.classes" value ="1"/>
         <Value name="forwardCompatibilityWorksWithGetTests" source ="SuiteTest.java" package ="org.junit.tests.running.classes" value ="1"/>
         <Value name="forwardCompatibilityWorksWithTestCount" source ="SuiteTest.java" package ="org.junit.tests.running.classes" value ="1"/>
         <Value name="suiteShouldBeOKwithNonDefaultConstructor" source ="SuiteTest.java" package ="org.junit.tests.running.classes" value ="1"/>
         <Value name="suiteShouldComplainAboutNoSuiteClassesAnnotation" source ="SuiteTest.java" package ="org.junit.tests.running.classes" value ="1"/>
         <Value name="suiteTestCountIsCorrect" source ="SuiteTest.java" package ="org.junit.tests.running.classes" value ="1"/>
         <Value name="whatHappensWhenASuiteContainsItselfIndirectly" source ="SuiteTest.java" package ="org.junit.tests.running.classes" value ="1"/>
         <Value name="whatHappensWhenASuiteHasACycle" source ="SuiteTest.java" package ="org.junit.tests.running.classes" value ="1"/>
         <Value name="whatHappensWhenASuiteHasAForkingCycle" source ="SuiteTest.java" package ="org.junit.tests.running.classes" value ="1"/>
         <Value name="withoutSuiteClassAnnotationProducesFailure" source ="SuiteTest.java" package ="org.junit.tests.running.classes" value ="1"/>
         <Value name="a" source ="TestClassTest.java" package ="org.junit.tests.running.classes" value ="1"/>
         <Value name="b" source ="TestClassTest.java" package ="org.junit.tests.running.classes" value ="1"/>
         <Value name="c" source ="TestClassTest.java" package ="org.junit.tests.running.classes" value ="1"/>
         <Value name="d" source ="TestClassTest.java" package ="org.junit.tests.running.classes" value ="1"/>
         <Value name="e" source ="TestClassTest.java" package ="org.junit.tests.running.classes" value ="1"/>
         <Value name="f" source ="TestClassTest.java" package ="org.junit.tests.running.classes" value ="1"/>
         <Value name="g" source ="TestClassTest.java" package ="org.junit.tests.running.classes" value ="1"/>
         <Value name="h" source ="TestClassTest.java" package ="org.junit.tests.running.classes" value ="1"/>
         <Value name="i" source ="TestClassTest.java" package ="org.junit.tests.running.classes" value ="1"/>
         <Value name="j" source ="TestClassTest.java" package ="org.junit.tests.running.classes" value ="1"/>
         <Value name="TwoConstructors" source ="TestClassTest.java" package ="org.junit.tests.running.classes" value ="1"/>
         <Value name="TwoConstructors" source ="TestClassTest.java" package ="org.junit.tests.running.classes" value ="1"/>
         <Value name="complainIfMultipleConstructors" source ="TestClassTest.java" package ="org.junit.tests.running.classes" value ="1"/>
         <Value name="fieldsOnSubclassesShadowSuperclasses" source ="TestClassTest.java" package ="org.junit.tests.running.classes" value ="1"/>
         <Value name="MySuite" source ="UseSuiteAsASuperclassTest.java" package ="org.junit.tests.running.classes" value ="1"/>
         <Value name="pass" source ="UseSuiteAsASuperclassTest.java" package ="org.junit.tests.running.classes" value ="1"/>
         <Value name="dontPass" source ="UseSuiteAsASuperclassTest.java" package ="org.junit.tests.running.classes" value ="1"/>
         <Value name="ensureTestsAreRun" source ="UseSuiteAsASuperclassTest.java" package ="org.junit.tests.running.classes" value ="1"/>
         <Value name="increment" source ="CommandLineTest.java" package ="org.junit.tests.running.core" value ="1"/>
         <Value name="test" source ="CommandLineTest.java" package ="org.junit.tests.running.core" value ="1"/>
         <Value name="after" source ="CommandLineTest.java" package ="org.junit.tests.running.core" value ="1"/>
         <Value name="before" source ="CommandLineTest.java" package ="org.junit.tests.running.core" value ="1"/>
         <Value name="runAClass" source ="CommandLineTest.java" package ="org.junit.tests.running.core" value ="1"/>
         <Value name="runATest" source ="CommandLineTest.java" package ="org.junit.tests.running.core" value ="1"/>
         <Value name="runTwoClasses" source ="CommandLineTest.java" package ="org.junit.tests.running.core" value ="1"/>
         <Value name="runTwoClassesAsArray" source ="CommandLineTest.java" package ="org.junit.tests.running.core" value ="1"/>
         <Value name="kaboom" source ="JUnitCoreReturnsCorrectExitCodeTest.java" package ="org.junit.tests.running.core" value ="1"/>
         <Value name="peacefulSilence" source ="JUnitCoreReturnsCorrectExitCodeTest.java" package ="org.junit.tests.running.core" value ="1"/>
         <Value name="failureCausesExitCodeOf1" source ="JUnitCoreReturnsCorrectExitCodeTest.java" package ="org.junit.tests.running.core" value ="1"/>
         <Value name="missingClassCausesExitCodeOf1" source ="JUnitCoreReturnsCorrectExitCodeTest.java" package ="org.junit.tests.running.core" value ="1"/>
         <Value name="runClass" source ="JUnitCoreReturnsCorrectExitCodeTest.java" package ="org.junit.tests.running.core" value ="1"/>
         <Value name="successCausesExitCodeOf0" source ="JUnitCoreReturnsCorrectExitCodeTest.java" package ="org.junit.tests.running.core" value ="1"/>
         <Value name="main" source ="SystemExitTest.java" package ="org.junit.tests.running.core" value ="1"/>
         <Value name="failureCausesExitCodeOf1" source ="SystemExitTest.java" package ="org.junit.tests.running.core" value ="1"/>
         <Value name="after" source ="AnnotationTest.java" package ="org.junit.tests.running.methods" value ="1"/>
         <Value name="test" source ="AnnotationTest.java" package ="org.junit.tests.running.methods" value ="1"/>
         <Value name="before" source ="AnnotationTest.java" package ="org.junit.tests.running.methods" value ="1"/>
         <Value name="test" source ="AnnotationTest.java" package ="org.junit.tests.running.methods" value ="1"/>
         <Value name="expectedException" source ="AnnotationTest.java" package ="org.junit.tests.running.methods" value ="1"/>
         <Value name="error" source ="AnnotationTest.java" package ="org.junit.tests.running.methods" value ="1"/>
         <Value name="expectedException" source ="AnnotationTest.java" package ="org.junit.tests.running.methods" value ="1"/>
         <Value name="aTest" source ="AnnotationTest.java" package ="org.junit.tests.running.methods" value ="1"/>
         <Value name="once" source ="AnnotationTest.java" package ="org.junit.tests.running.methods" value ="1"/>
         <Value name="testOne" source ="AnnotationTest.java" package ="org.junit.tests.running.methods" value ="1"/>
         <Value name="test" source ="AnnotationTest.java" package ="org.junit.tests.running.methods" value ="1"/>
         <Value name="once" source ="AnnotationTest.java" package ="org.junit.tests.running.methods" value ="1"/>
         <Value name="one" source ="AnnotationTest.java" package ="org.junit.tests.running.methods" value ="1"/>
         <Value name="two" source ="AnnotationTest.java" package ="org.junit.tests.running.methods" value ="1"/>
         <Value name="once" source ="AnnotationTest.java" package ="org.junit.tests.running.methods" value ="1"/>
         <Value name="one" source ="AnnotationTest.java" package ="org.junit.tests.running.methods" value ="1"/>
         <Value name="two" source ="AnnotationTest.java" package ="org.junit.tests.running.methods" value ="1"/>
         <Value name="after" source ="AnnotationTest.java" package ="org.junit.tests.running.methods" value ="1"/>
         <Value name="before" source ="AnnotationTest.java" package ="org.junit.tests.running.methods" value ="1"/>
         <Value name="onceAfter" source ="AnnotationTest.java" package ="org.junit.tests.running.methods" value ="1"/>
         <Value name="onceBefore" source ="AnnotationTest.java" package ="org.junit.tests.running.methods" value ="1"/>
         <Value name="test" source ="AnnotationTest.java" package ="org.junit.tests.running.methods" value ="1"/>
         <Value name="empty" source ="AnnotationTest.java" package ="org.junit.tests.running.methods" value ="1"/>
         <Value name="one" source ="AnnotationTest.java" package ="org.junit.tests.running.methods" value ="1"/>
         <Value name="two" source ="AnnotationTest.java" package ="org.junit.tests.running.methods" value ="1"/>
         <Value name="bad" source ="AnnotationTest.java" package ="org.junit.tests.running.methods" value ="1"/>
         <Value name="empty" source ="AnnotationTest.java" package ="org.junit.tests.running.methods" value ="1"/>
         <Value name="good" source ="AnnotationTest.java" package ="org.junit.tests.running.methods" value ="1"/>
         <Value name="one" source ="AnnotationTest.java" package ="org.junit.tests.running.methods" value ="1"/>
         <Value name="two" source ="AnnotationTest.java" package ="org.junit.tests.running.methods" value ="1"/>
         <Value name="empty" source ="AnnotationTest.java" package ="org.junit.tests.running.methods" value ="1"/>
         <Value name="one" source ="AnnotationTest.java" package ="org.junit.tests.running.methods" value ="1"/>
         <Value name="two" source ="AnnotationTest.java" package ="org.junit.tests.running.methods" value ="1"/>
         <Value name="bad" source ="AnnotationTest.java" package ="org.junit.tests.running.methods" value ="1"/>
         <Value name="empty" source ="AnnotationTest.java" package ="org.junit.tests.running.methods" value ="1"/>
         <Value name="good" source ="AnnotationTest.java" package ="org.junit.tests.running.methods" value ="1"/>
         <Value name="one" source ="AnnotationTest.java" package ="org.junit.tests.running.methods" value ="1"/>
         <Value name="two" source ="AnnotationTest.java" package ="org.junit.tests.running.methods" value ="1"/>
         <Value name="before" source ="AnnotationTest.java" package ="org.junit.tests.running.methods" value ="1"/>
         <Value name="test" source ="AnnotationTest.java" package ="org.junit.tests.running.methods" value ="1"/>
         <Value name="before" source ="AnnotationTest.java" package ="org.junit.tests.running.methods" value ="1"/>
         <Value name="success" source ="AnnotationTest.java" package ="org.junit.tests.running.methods" value ="1"/>
         <Value name="success" source ="AnnotationTest.java" package ="org.junit.tests.running.methods" value ="1"/>
         <Value name="success" source ="AnnotationTest.java" package ="org.junit.tests.running.methods" value ="1"/>
         <Value name="afterClassSub" source ="AnnotationTest.java" package ="org.junit.tests.running.methods" value ="1"/>
         <Value name="afterSub" source ="AnnotationTest.java" package ="org.junit.tests.running.methods" value ="1"/>
         <Value name="beforeClassSub" source ="AnnotationTest.java" package ="org.junit.tests.running.methods" value ="1"/>
         <Value name="beforeSub" source ="AnnotationTest.java" package ="org.junit.tests.running.methods" value ="1"/>
         <Value name="test" source ="AnnotationTest.java" package ="org.junit.tests.running.methods" value ="1"/>
         <Value name="after" source ="AnnotationTest.java" package ="org.junit.tests.running.methods" value ="1"/>
         <Value name="before" source ="AnnotationTest.java" package ="org.junit.tests.running.methods" value ="1"/>
         <Value name="test" source ="AnnotationTest.java" package ="org.junit.tests.running.methods" value ="1"/>
         <Value name="one" source ="AnnotationTest.java" package ="org.junit.tests.running.methods" value ="1"/>
         <Value name="afterClassSuper" source ="AnnotationTest.java" package ="org.junit.tests.running.methods" value ="1"/>
         <Value name="afterSuper" source ="AnnotationTest.java" package ="org.junit.tests.running.methods" value ="1"/>
         <Value name="beforeClassSuper" source ="AnnotationTest.java" package ="org.junit.tests.running.methods" value ="1"/>
         <Value name="beforeSuper" source ="AnnotationTest.java" package ="org.junit.tests.running.methods" value ="1"/>
         <Value name="after" source ="AnnotationTest.java" package ="org.junit.tests.running.methods" value ="1"/>
         <Value name="before" source ="AnnotationTest.java" package ="org.junit.tests.running.methods" value ="1"/>
         <Value name="one" source ="AnnotationTest.java" package ="org.junit.tests.running.methods" value ="1"/>
         <Value name="two" source ="AnnotationTest.java" package ="org.junit.tests.running.methods" value ="1"/>
         <Value name="after" source ="AnnotationTest.java" package ="org.junit.tests.running.methods" value ="1"/>
         <Value name="test" source ="AnnotationTest.java" package ="org.junit.tests.running.methods" value ="1"/>
         <Value name="after" source ="AnnotationTest.java" package ="org.junit.tests.running.methods" value ="1"/>
         <Value name="test" source ="AnnotationTest.java" package ="org.junit.tests.running.methods" value ="1"/>
         <Value name="after" source ="AnnotationTest.java" package ="org.junit.tests.running.methods" value ="1"/>
         <Value name="success" source ="AnnotationTest.java" package ="org.junit.tests.running.methods" value ="1"/>
         <Value name="after" source ="AnnotationTest.java" package ="org.junit.tests.running.methods" value ="1"/>
         <Value name="test" source ="AnnotationTest.java" package ="org.junit.tests.running.methods" value ="1"/>
         <Value name="one" source ="AnnotationTest.java" package ="org.junit.tests.running.methods" value ="1"/>
         <Value name="two" source ="AnnotationTest.java" package ="org.junit.tests.running.methods" value ="1"/>
         <Value name="setUp" source ="AnnotationTest.java" package ="org.junit.tests.running.methods" value ="1"/>
         <Value name="testAnnotatedMethod" source ="AnnotationTest.java" package ="org.junit.tests.running.methods" value ="1"/>
         <Value name="testAnnotatedMethodWithFutureProofExplicitRunner" source ="AnnotationTest.java" package ="org.junit.tests.running.methods" value ="1"/>
         <Value name="testErrorInAfterClass" source ="AnnotationTest.java" package ="org.junit.tests.running.methods" value ="1"/>
         <Value name="testErrorInBeforeClass" source ="AnnotationTest.java" package ="org.junit.tests.running.methods" value ="1"/>
         <Value name="testException" source ="AnnotationTest.java" package ="org.junit.tests.running.methods" value ="1"/>
         <Value name="testExceptionNotThrown" source ="AnnotationTest.java" package ="org.junit.tests.running.methods" value ="1"/>
         <Value name="testNonStaticOneTimeSetup" source ="AnnotationTest.java" package ="org.junit.tests.running.methods" value ="1"/>
         <Value name="testOldSuiteTest" source ="AnnotationTest.java" package ="org.junit.tests.running.methods" value ="1"/>
         <Value name="testOldTest" source ="AnnotationTest.java" package ="org.junit.tests.running.methods" value ="1"/>
         <Value name="testOneTimeSetup" source ="AnnotationTest.java" package ="org.junit.tests.running.methods" value ="1"/>
         <Value name="testOneTimeTeardown" source ="AnnotationTest.java" package ="org.junit.tests.running.methods" value ="1"/>
         <Value name="testOrder" source ="AnnotationTest.java" package ="org.junit.tests.running.methods" value ="1"/>
         <Value name="testOrderingOfInheritance" source ="AnnotationTest.java" package ="org.junit.tests.running.methods" value ="1"/>
         <Value name="testRunAllAfterClasses" source ="AnnotationTest.java" package ="org.junit.tests.running.methods" value ="1"/>
         <Value name="testRunAllAfterClassesRegardless" source ="AnnotationTest.java" package ="org.junit.tests.running.methods" value ="1"/>
         <Value name="testRunAllAfters" source ="AnnotationTest.java" package ="org.junit.tests.running.methods" value ="1"/>
         <Value name="testRunAllAftersRegardless" source ="AnnotationTest.java" package ="org.junit.tests.running.methods" value ="1"/>
         <Value name="testRunFailure" source ="AnnotationTest.java" package ="org.junit.tests.running.methods" value ="1"/>
         <Value name="testSetup" source ="AnnotationTest.java" package ="org.junit.tests.running.methods" value ="1"/>
         <Value name="testSetupFailure" source ="AnnotationTest.java" package ="org.junit.tests.running.methods" value ="1"/>
         <Value name="testShadowing" source ="AnnotationTest.java" package ="org.junit.tests.running.methods" value ="1"/>
         <Value name="testTeardown" source ="AnnotationTest.java" package ="org.junit.tests.running.methods" value ="1"/>
         <Value name="testTeardownAfterFailure" source ="AnnotationTest.java" package ="org.junit.tests.running.methods" value ="1"/>
         <Value name="testTeardownFailure" source ="AnnotationTest.java" package ="org.junit.tests.running.methods" value ="1"/>
         <Value name="testTestAndTeardownFailure" source ="AnnotationTest.java" package ="org.junit.tests.running.methods" value ="1"/>
         <Value name="testTestInheritance" source ="AnnotationTest.java" package ="org.junit.tests.running.methods" value ="1"/>
         <Value name="testTwoTests" source ="AnnotationTest.java" package ="org.junit.tests.running.methods" value ="1"/>
         <Value name="throwsSubclass" source ="ExpectedTest.java" package ="org.junit.tests.running.methods" value ="1"/>
         <Value name="expected" source ="ExpectedTest.java" package ="org.junit.tests.running.methods" value ="1"/>
         <Value name="nothing" source ="ExpectedTest.java" package ="org.junit.tests.running.methods" value ="1"/>
         <Value name="expected" source ="ExpectedTest.java" package ="org.junit.tests.running.methods" value ="1"/>
         <Value name="expected" source ="ExpectedTest.java" package ="org.junit.tests.running.methods" value ="1"/>
         <Value name="expectsSuperclass" source ="ExpectedTest.java" package ="org.junit.tests.running.methods" value ="1"/>
         <Value name="noneThrown" source ="ExpectedTest.java" package ="org.junit.tests.running.methods" value ="1"/>
         <Value name="unexpected" source ="ExpectedTest.java" package ="org.junit.tests.running.methods" value ="1"/>
         <Value name="gack" source ="InheritedTestTest.java" package ="org.junit.tests.running.methods" value ="1"/>
         <Value name="nothing" source ="InheritedTestTest.java" package ="org.junit.tests.running.methods" value ="1"/>
         <Value name="subclassWithInheritedTestAndOwnBeforeRunsBefore" source ="InheritedTestTest.java" package ="org.junit.tests.running.methods" value ="1"/>
         <Value name="subclassWithOnlyInheritedTestsRuns" source ="InheritedTestTest.java" package ="org.junit.tests.running.methods" value ="1"/>
         <Value name="EverythingWrong" source ="ParameterizedTestMethodTest.java" package ="org.junit.tests.running.methods" value ="1"/>
         <Value name="argumentsAC" source ="ParameterizedTestMethodTest.java" package ="org.junit.tests.running.methods" value ="1"/>
         <Value name="argumentsA" source ="ParameterizedTestMethodTest.java" package ="org.junit.tests.running.methods" value ="1"/>
         <Value name="argumentsBC" source ="ParameterizedTestMethodTest.java" package ="org.junit.tests.running.methods" value ="1"/>
         <Value name="argumentsB" source ="ParameterizedTestMethodTest.java" package ="org.junit.tests.running.methods" value ="1"/>
         <Value name="argumentsT" source ="ParameterizedTestMethodTest.java" package ="org.junit.tests.running.methods" value ="1"/>
         <Value name="fineA" source ="ParameterizedTestMethodTest.java" package ="org.junit.tests.running.methods" value ="1"/>
         <Value name="fineAC" source ="ParameterizedTestMethodTest.java" package ="org.junit.tests.running.methods" value ="1"/>
         <Value name="fineB" source ="ParameterizedTestMethodTest.java" package ="org.junit.tests.running.methods" value ="1"/>
         <Value name="fineBC" source ="ParameterizedTestMethodTest.java" package ="org.junit.tests.running.methods" value ="1"/>
         <Value name="fineT" source ="ParameterizedTestMethodTest.java" package ="org.junit.tests.running.methods" value ="1"/>
         <Value name="nonVoidA" source ="ParameterizedTestMethodTest.java" package ="org.junit.tests.running.methods" value ="1"/>
         <Value name="nonVoidAC" source ="ParameterizedTestMethodTest.java" package ="org.junit.tests.running.methods" value ="1"/>
         <Value name="nonVoidB" source ="ParameterizedTestMethodTest.java" package ="org.junit.tests.running.methods" value ="1"/>
         <Value name="nonVoidBC" source ="ParameterizedTestMethodTest.java" package ="org.junit.tests.running.methods" value ="1"/>
         <Value name="nonVoidT" source ="ParameterizedTestMethodTest.java" package ="org.junit.tests.running.methods" value ="1"/>
         <Value name="notPublicA" source ="ParameterizedTestMethodTest.java" package ="org.junit.tests.running.methods" value ="1"/>
         <Value name="notPublicAC" source ="ParameterizedTestMethodTest.java" package ="org.junit.tests.running.methods" value ="1"/>
         <Value name="notPublicB" source ="ParameterizedTestMethodTest.java" package ="org.junit.tests.running.methods" value ="1"/>
         <Value name="notPublicBC" source ="ParameterizedTestMethodTest.java" package ="org.junit.tests.running.methods" value ="1"/>
         <Value name="notPublicT" source ="ParameterizedTestMethodTest.java" package ="org.junit.tests.running.methods" value ="1"/>
         <Value name="notStaticAC" source ="ParameterizedTestMethodTest.java" package ="org.junit.tests.running.methods" value ="1"/>
         <Value name="notStaticBC" source ="ParameterizedTestMethodTest.java" package ="org.junit.tests.running.methods" value ="1"/>
         <Value name="staticA" source ="ParameterizedTestMethodTest.java" package ="org.junit.tests.running.methods" value ="1"/>
         <Value name="staticB" source ="ParameterizedTestMethodTest.java" package ="org.junit.tests.running.methods" value ="1"/>
         <Value name="staticT" source ="ParameterizedTestMethodTest.java" package ="org.junit.tests.running.methods" value ="1"/>
         <Value name="notPublic" source ="ParameterizedTestMethodTest.java" package ="org.junit.tests.running.methods" value ="1"/>
         <Value name="justFine" source ="ParameterizedTestMethodTest.java" package ="org.junit.tests.running.methods" value ="1"/>
         <Value name="notPublic" source ="ParameterizedTestMethodTest.java" package ="org.junit.tests.running.methods" value ="1"/>
         <Value name="ParameterizedTestMethodTest" source ="ParameterizedTestMethodTest.java" package ="org.junit.tests.running.methods" value ="1"/>
         <Value name="params" source ="ParameterizedTestMethodTest.java" package ="org.junit.tests.running.methods" value ="1"/>
         <Value name="suite" source ="ParameterizedTestMethodTest.java" package ="org.junit.tests.running.methods" value ="1"/>
         <Value name="testFailures" source ="ParameterizedTestMethodTest.java" package ="org.junit.tests.running.methods" value ="1"/>
         <Value name="a" source ="TestMethodTest.java" package ="org.junit.tests.running.methods" value ="1"/>
         <Value name="a" source ="TestMethodTest.java" package ="org.junit.tests.running.methods" value ="1"/>
         <Value name="ConstructorParameter" source ="TestMethodTest.java" package ="org.junit.tests.running.methods" value ="1"/>
         <Value name="a" source ="TestMethodTest.java" package ="org.junit.tests.running.methods" value ="1"/>
         <Value name="EverythingWrong" source ="TestMethodTest.java" package ="org.junit.tests.running.methods" value ="1"/>
         <Value name="argumentsAC" source ="TestMethodTest.java" package ="org.junit.tests.running.methods" value ="1"/>
         <Value name="argumentsA" source ="TestMethodTest.java" package ="org.junit.tests.running.methods" value ="1"/>
         <Value name="argumentsBC" source ="TestMethodTest.java" package ="org.junit.tests.running.methods" value ="1"/>
         <Value name="argumentsB" source ="TestMethodTest.java" package ="org.junit.tests.running.methods" value ="1"/>
         <Value name="argumentsT" source ="TestMethodTest.java" package ="org.junit.tests.running.methods" value ="1"/>
         <Value name="fineA" source ="TestMethodTest.java" package ="org.junit.tests.running.methods" value ="1"/>
         <Value name="fineAC" source ="TestMethodTest.java" package ="org.junit.tests.running.methods" value ="1"/>
         <Value name="fineB" source ="TestMethodTest.java" package ="org.junit.tests.running.methods" value ="1"/>
         <Value name="fineBC" source ="TestMethodTest.java" package ="org.junit.tests.running.methods" value ="1"/>
         <Value name="fineT" source ="TestMethodTest.java" package ="org.junit.tests.running.methods" value ="1"/>
         <Value name="nonVoidA" source ="TestMethodTest.java" package ="org.junit.tests.running.methods" value ="1"/>
         <Value name="nonVoidAC" source ="TestMethodTest.java" package ="org.junit.tests.running.methods" value ="1"/>
         <Value name="nonVoidB" source ="TestMethodTest.java" package ="org.junit.tests.running.methods" value ="1"/>
         <Value name="nonVoidBC" source ="TestMethodTest.java" package ="org.junit.tests.running.methods" value ="1"/>
         <Value name="nonVoidT" source ="TestMethodTest.java" package ="org.junit.tests.running.methods" value ="1"/>
         <Value name="notPublicA" source ="TestMethodTest.java" package ="org.junit.tests.running.methods" value ="1"/>
         <Value name="notPublicAC" source ="TestMethodTest.java" package ="org.junit.tests.running.methods" value ="1"/>
         <Value name="notPublicB" source ="TestMethodTest.java" package ="org.junit.tests.running.methods" value ="1"/>
         <Value name="notPublicBC" source ="TestMethodTest.java" package ="org.junit.tests.running.methods" value ="1"/>
         <Value name="notPublicT" source ="TestMethodTest.java" package ="org.junit.tests.running.methods" value ="1"/>
         <Value name="notStaticAC" source ="TestMethodTest.java" package ="org.junit.tests.running.methods" value ="1"/>
         <Value name="notStaticBC" source ="TestMethodTest.java" package ="org.junit.tests.running.methods" value ="1"/>
         <Value name="staticA" source ="TestMethodTest.java" package ="org.junit.tests.running.methods" value ="1"/>
         <Value name="staticB" source ="TestMethodTest.java" package ="org.junit.tests.running.methods" value ="1"/>
         <Value name="staticT" source ="TestMethodTest.java" package ="org.junit.tests.running.methods" value ="1"/>
         <Value name="ignored" source ="TestMethodTest.java" package ="org.junit.tests.running.methods" value ="1"/>
         <Value name="valid" source ="TestMethodTest.java" package ="org.junit.tests.running.methods" value ="1"/>
         <Value name="withReason" source ="TestMethodTest.java" package ="org.junit.tests.running.methods" value ="1"/>
         <Value name="ignored" source ="TestMethodTest.java" package ="org.junit.tests.running.methods" value ="1"/>
         <Value name="notPublic" source ="TestMethodTest.java" package ="org.junit.tests.running.methods" value ="1"/>
         <Value name="justFine" source ="TestMethodTest.java" package ="org.junit.tests.running.methods" value ="1"/>
         <Value name="notPublic" source ="TestMethodTest.java" package ="org.junit.tests.running.methods" value ="1"/>
         <Value name="compatibility" source ="TestMethodTest.java" package ="org.junit.tests.running.methods" value ="1"/>
         <Value name="constructorParameter" source ="TestMethodTest.java" package ="org.junit.tests.running.methods" value ="1"/>
         <Value name="dontValidateShadowedMethods" source ="TestMethodTest.java" package ="org.junit.tests.running.methods" value ="1"/>
         <Value name="ignoreRunner" source ="TestMethodTest.java" package ="org.junit.tests.running.methods" value ="1"/>
         <Value name="onlyIgnoredMethodsIsStillFineTestClass" source ="TestMethodTest.java" package ="org.junit.tests.running.methods" value ="1"/>
         <Value name="overloaded" source ="TestMethodTest.java" package ="org.junit.tests.running.methods" value ="1"/>
         <Value name="testFailures" source ="TestMethodTest.java" package ="org.junit.tests.running.methods" value ="1"/>
         <Value name="validateInheritedMethods" source ="TestMethodTest.java" package ="org.junit.tests.running.methods" value ="1"/>
         <Value name="failure" source ="TimeoutTest.java" package ="org.junit.tests.running.methods" value ="1"/>
         <Value name="failure" source ="TimeoutTest.java" package ="org.junit.tests.running.methods" value ="1"/>
         <Value name="failure" source ="TimeoutTest.java" package ="org.junit.tests.running.methods" value ="1"/>
         <Value name="infiniteLoop" source ="TimeoutTest.java" package ="org.junit.tests.running.methods" value ="1"/>
         <Value name="failure" source ="TimeoutTest.java" package ="org.junit.tests.running.methods" value ="1"/>
         <Value name="success" source ="TimeoutTest.java" package ="org.junit.tests.running.methods" value ="1"/>
         <Value name="success" source ="TimeoutTest.java" package ="org.junit.tests.running.methods" value ="1"/>
         <Value name="after" source ="TimeoutTest.java" package ="org.junit.tests.running.methods" value ="1"/>
         <Value name="compatibility" source ="TimeoutTest.java" package ="org.junit.tests.running.methods" value ="1"/>
         <Value name="failureWithTimeout" source ="TimeoutTest.java" package ="org.junit.tests.running.methods" value ="1"/>
         <Value name="failureWithTimeoutRunTimeException" source ="TimeoutTest.java" package ="org.junit.tests.running.methods" value ="1"/>
         <Value name="infiniteLoop" source ="TimeoutTest.java" package ="org.junit.tests.running.methods" value ="1"/>
         <Value name="infiniteLoopRunsForApproximatelyLengthOfTimeout" source ="TimeoutTest.java" package ="org.junit.tests.running.methods" value ="1"/>
         <Value name="makeSureAfterIsCalledAfterATimeout" source ="TimeoutTest.java" package ="org.junit.tests.running.methods" value ="1"/>
         <Value name="runAndTime" source ="TimeoutTest.java" package ="org.junit.tests.running.methods" value ="1"/>
         <Value name="stalledThreadAppearsInStackTrace" source ="TimeoutTest.java" package ="org.junit.tests.running.methods" value ="1"/>
         <Value name="successWithTimeout" source ="TimeoutTest.java" package ="org.junit.tests.running.methods" value ="1"/>
         <Value name="timeoutFailure" source ="TimeoutTest.java" package ="org.junit.tests.running.methods" value ="1"/>
         <Value name="a" source ="Super.java" package ="org.junit.tests.validation.anotherpackage" value ="1"/>
         <Value name="before" source ="BadlyFormedClassesTest.java" package ="org.junit.tests.validation" value ="1"/>
         <Value name="someTest" source ="BadlyFormedClassesTest.java" package ="org.junit.tests.validation" value ="1"/>
         <Value name="FaultyConstructor" source ="BadlyFormedClassesTest.java" package ="org.junit.tests.validation" value ="1"/>
         <Value name="someTest" source ="BadlyFormedClassesTest.java" package ="org.junit.tests.validation" value ="1"/>
         <Value name="badBeforeMethodWithLegacyRunner" source ="BadlyFormedClassesTest.java" package ="org.junit.tests.validation" value ="1"/>
         <Value name="constructorException" source ="BadlyFormedClassesTest.java" package ="org.junit.tests.validation" value ="1"/>
         <Value name="exceptionMessageFrom" source ="BadlyFormedClassesTest.java" package ="org.junit.tests.validation" value ="1"/>
         <Value name="noRunnableMethods" source ="BadlyFormedClassesTest.java" package ="org.junit.tests.validation" value ="1"/>
         <Value name="CantConstruct" source ="FailedConstructionTest.java" package ="org.junit.tests.validation" value ="1"/>
         <Value name="foo" source ="FailedConstructionTest.java" package ="org.junit.tests.validation" value ="1"/>
         <Value name="failedConstructionIsTestFailure" source ="FailedConstructionTest.java" package ="org.junit.tests.validation" value ="1"/>
         <Value name="inaccessibleBaseClassIsCaughtAtValidation" source ="InaccessibleBaseClassTest.java" package ="org.junit.tests.validation" value ="1"/>
         <Value name="before" source ="ValidationTest.java" package ="org.junit.tests.validation" value ="1"/>
         <Value name="hereBecauseEveryTestClassNeedsATest" source ="ValidationTest.java" package ="org.junit.tests.validation" value ="1"/>
         <Value name="a" source ="ValidationTest.java" package ="org.junit.tests.validation" value ="1"/>
         <Value name="initializationErrorIsOnCorrectClass" source ="ValidationTest.java" package ="org.junit.tests.validation" value ="1"/>
         <Value name="nonStaticBeforeClass" source ="ValidationTest.java" package ="org.junit.tests.validation" value ="1"/>
         <Value name="suite" source ="AllTests.java" package ="org.junit.tests" value ="1"/>
         <Value name="equalsMeansEqualHashCodes" source ="ObjectContractTest.java" package ="org.junit.tests" value ="1"/>
         <Value name="equalsThrowsNoException" source ="ObjectContractTest.java" package ="org.junit.tests" value ="1"/>
         <Value name="apple" source ="ParentRunnerTest.java" package ="org.junit.tests" value ="1"/>
         <Value name="banana" source ="ParentRunnerTest.java" package ="org.junit.tests" value ="1"/>
         <Value name="TestSystem" source ="TestSystem.java" package ="org.junit.tests" value ="1"/>
         <Value name="exit" source ="TestSystem.java" package ="org.junit.tests" value ="1"/>
         <Value name="out" source ="TestSystem.java" package ="org.junit.tests" value ="1"/>
         <Value name="outContents" source ="TestSystem.java" package ="org.junit.tests" value ="1"/>
         <Value name="runFailed" source ="BaseTestRunner.java" package ="junit.runner" value ="0"/>
         <Value name="testEnded" source ="BaseTestRunner.java" package ="junit.runner" value ="0"/>
         <Value name="testFailed" source ="BaseTestRunner.java" package ="junit.runner" value ="0"/>
         <Value name="testStarted" source ="BaseTestRunner.java" package ="junit.runner" value ="0"/>
         <Value name="getValueSources" source ="ParameterSupplier.java" package ="org.junit.experimental.theories" value ="0"/>
         <Value name="getDescription" source ="PotentialAssignment.java" package ="org.junit.experimental.theories" value ="0"/>
         <Value name="getValue" source ="PotentialAssignment.java" package ="org.junit.experimental.theories" value ="0"/>
         <Value name="evalSubstringOf" source ="SubstringMatcher.java" package ="org.junit.internal.matchers" value ="0"/>
         <Value name="relationship" source ="SubstringMatcher.java" package ="org.junit.internal.matchers" value ="0"/>
         <Value name="matchesSafely" source ="TypeSafeMatcher.java" package ="org.junit.internal.matchers" value ="0"/>
         <Value name="runReflectiveCall" source ="ReflectiveCallable.java" package ="org.junit.internal.runners.model" value ="0"/>
         <Value name="assertElementsEqual" source ="ComparisonCriteria.java" package ="org.junit.internal" value ="0"/>
         <Value name="describe" source ="Filter.java" package ="org.junit.runner.manipulation" value ="0"/>
         <Value name="shouldRun" source ="Filter.java" package ="org.junit.runner.manipulation" value ="0"/>
         <Value name="notifyListener" source ="RunNotifier.java" package ="org.junit.runner.notification" value ="0"/>
         <Value name="getAnnotations" source ="FrameworkMember.java" package ="org.junit.runners.model" value ="0"/>
         <Value name="isShadowedBy" source ="FrameworkMember.java" package ="org.junit.runners.model" value ="0"/>
         <Value name="runnerForClass" source ="RunnerBuilder.java" package ="org.junit.runners.model" value ="0"/>
         <Value name="evaluate" source ="Statement.java" package ="org.junit.runners.model" value ="0"/>
         <Value name="describeChild" source ="ParentRunner.java" package ="org.junit.runners" value ="0"/>
         <Value name="getChildren" source ="ParentRunner.java" package ="org.junit.runners" value ="0"/>
         <Value name="runChild" source ="ParentRunner.java" package ="org.junit.runners" value ="0"/>
         <Value name="getRunner" source ="Request.java" package ="org.junit.runner" value ="0"/>
         <Value name="getDescription" source ="Runner.java" package ="org.junit.runner" value ="0"/>
         <Value name="run" source ="Runner.java" package ="org.junit.runner" value ="0"/>
         <Value name="reguesses" source ="ReguessableValue.java" package ="org.junit.tests.experimental.theories.extendingwithstubs" value ="0"/>
      </Values>
   </Metric>
   <Metric id = "DIT" description ="Depth of Inheritance Tree">
      <Values per = "type" avg = "1.486" stddev = "0.875" max = "5">
         <Value name="ComparisonFailure" source ="ComparisonFailure.java" package ="junit.framework" value ="5"/>
         <Value name="StubbedTheories" source ="StubbedTheories.java" package ="org.junit.tests.experimental.theories.extendingwithstubs" value ="5"/>
         <Value name="FilteredRunner" source ="FilterableTest.java" package ="org.junit.tests.manipulation" value ="5"/>
         <Value name="AssertionFailedError" source ="AssertionFailedError.java" package ="junit.framework" value ="4"/>
         <Value name="Categories" source ="Categories.java" package ="org.junit.experimental.categories" value ="4"/>
         <Value name="Enclosed" source ="Enclosed.java" package ="org.junit.experimental.runners" value ="4"/>
         <Value name="ParameterizedAssertionError" source ="ParameterizedAssertionError.java" package ="org.junit.experimental.theories.internal" value ="4"/>
         <Value name="Theories" source ="Theories.java" package ="org.junit.experimental.theories" value ="4"/>
         <Value name="StringContains" source ="StringContains.java" package ="org.junit.internal.matchers" value ="4"/>
         <Value name="ArrayComparisonFailure" source ="ArrayComparisonFailure.java" package ="org.junit.internal" value ="4"/>
         <Value name="AssumptionViolatedException" source ="AssumptionViolatedException.java" package ="org.junit.internal" value ="4"/>
         <Value name="StoppedByUserException" source ="StoppedByUserException.java" package ="org.junit.runner.notification" value ="4"/>
         <Value name="AllTests" source ="AllTests.java" package ="org.junit.runners" value ="4"/>
         <Value name="JUnit4" source ="JUnit4.java" package ="org.junit.runners" value ="4"/>
         <Value name="Parameterized" source ="Parameterized.java" package ="org.junit.runners" value ="4"/>
         <Value name="ComparisonFailure" source ="ComparisonFailure.java" package ="org.junit" value ="4"/>
         <Value name="TornDown" source ="ExtensionTest.java" package ="junit.tests.extensions" value ="4"/>
         <Value name="InheritedTestCase" source ="InheritedTestCase.java" package ="junit.tests.framework" value ="4"/>
         <Value name="OverrideTestCase" source ="OverrideTestCase.java" package ="junit.tests.framework" value ="4"/>
         <Value name="GuesserQueue" source ="GuesserQueue.java" package ="org.junit.tests.experimental.theories.extendingwithstubs" value ="4"/>
         <Value name="InitializesWithError" source ="InitializationErrorForwardCompatibilityTest.java" package ="org.junit.tests.junit3compatibility" value ="4"/>
         <Value name="MySuite" source ="UseSuiteAsASuperclassTest.java" package ="org.junit.tests.running.classes" value ="4"/>
         <Value name="RepeatedTest" source ="RepeatedTest.java" package ="junit.extensions" value ="3"/>
         <Value name="TestSetup" source ="TestSetup.java" package ="junit.extensions" value ="3"/>
         <Value name="JUnit4TestAdapterCache" source ="JUnit4TestAdapterCache.java" package ="junit.framework" value ="3"/>
         <Value name="CouldNotReadCoreException" source ="CouldNotReadCoreException.java" package ="org.junit.experimental.max" value ="3"/>
         <Value name="CouldNotGenerateValueException" source ="PotentialAssignment.java" package ="org.junit.experimental.theories" value ="3"/>
         <Value name="IsCollectionContaining" source ="IsCollectionContaining.java" package ="org.junit.internal.matchers" value ="3"/>
         <Value name="SubstringMatcher" source ="SubstringMatcher.java" package ="org.junit.internal.matchers" value ="3"/>
         <Value name="MultipleFailureException" source ="MultipleFailureException.java" package ="org.junit.internal.runners.model" value ="3"/>
         <Value name="FailedBefore" source ="FailedBefore.java" package ="org.junit.internal.runners" value ="3"/>
         <Value name="InitializationError" source ="InitializationError.java" package ="org.junit.internal.runners" value ="3"/>
         <Value name="SuiteMethod" source ="SuiteMethod.java" package ="org.junit.internal.runners" value ="3"/>
         <Value name="NoTestsRemainException" source ="NoTestsRemainException.java" package ="org.junit.runner.manipulation" value ="3"/>
         <Value name="InitializationError" source ="InitializationError.java" package ="org.junit.runners.model" value ="3"/>
         <Value name="BlockJUnit4ClassRunner" source ="BlockJUnit4ClassRunner.java" package ="org.junit.runners" value ="3"/>
         <Value name="Suite" source ="Suite.java" package ="org.junit.runners" value ="3"/>
         <Value name="MoneyTest" source ="MoneyTest.java" package ="junit.samples.money" value ="3"/>
         <Value name="ListTest" source ="ListTest.java" package ="junit.samples" value ="3"/>
         <Value name="SimpleTest" source ="SimpleTest.java" package ="junit.samples" value ="3"/>
         <Value name="ActiveTestTest" source ="ActiveTestTest.java" package ="junit.tests.extensions" value ="3"/>
         <Value name="SuccessTest" source ="ActiveTestTest.java" package ="junit.tests.extensions" value ="3"/>
         <Value name="ExtensionTest" source ="ExtensionTest.java" package ="junit.tests.extensions" value ="3"/>
         <Value name="RepeatedTestTest" source ="RepeatedTestTest.java" package ="junit.tests.extensions" value ="3"/>
         <Value name="SuccessTest" source ="RepeatedTestTest.java" package ="junit.tests.extensions" value ="3"/>
         <Value name="AssertTest" source ="AssertTest.java" package ="junit.tests.framework" value ="3"/>
         <Value name="ComparisonCompactorTest" source ="ComparisonCompactorTest.java" package ="junit.tests.framework" value ="3"/>
         <Value name="ComparisonFailureTest" source ="ComparisonFailureTest.java" package ="junit.tests.framework" value ="3"/>
         <Value name="DoublePrecisionAssertTest" source ="DoublePrecisionAssertTest.java" package ="junit.tests.framework" value ="3"/>
         <Value name="Failure" source ="Failure.java" package ="junit.tests.framework" value ="3"/>
         <Value name="FloatAssertTest" source ="FloatAssertTest.java" package ="junit.tests.framework" value ="3"/>
         <Value name="NoArgTestCaseTest" source ="NoArgTestCaseTest.java" package ="junit.tests.framework" value ="3"/>
         <Value name="NoTestCases" source ="NoTestCases.java" package ="junit.tests.framework" value ="3"/>
         <Value name="NotPublicTestCase" source ="NotPublicTestCase.java" package ="junit.tests.framework" value ="3"/>
         <Value name="NotVoidTestCase" source ="NotVoidTestCase.java" package ="junit.tests.framework" value ="3"/>
         <Value name="OneTestCase" source ="OneTestCase.java" package ="junit.tests.framework" value ="3"/>
         <Value name="Success" source ="Success.java" package ="junit.tests.framework" value ="3"/>
         <Value name="SuiteTest" source ="SuiteTest.java" package ="junit.tests.framework" value ="3"/>
         <Value name="TestCaseTest" source ="TestCaseTest.java" package ="junit.tests.framework" value ="3"/>
         <Value name="TornDown" source ="TestCaseTest.java" package ="junit.tests.framework" value ="3"/>
         <Value name="TestImplementorTest" source ="TestImplementorTest.java" package ="junit.tests.framework" value ="3"/>
         <Value name="TestListenerTest" source ="TestListenerTest.java" package ="junit.tests.framework" value ="3"/>
         <Value name="ThreeTestCases" source ="ThreeTestCases.java" package ="junit.tests.framework" value ="3"/>
         <Value name="BaseTestRunnerTest" source ="BaseTestRunnerTest.java" package ="junit.tests.runner" value ="3"/>
         <Value name="StackFilterTest" source ="StackFilterTest.java" package ="junit.tests.runner" value ="3"/>
         <Value name="TextFeedbackTest" source ="TextFeedbackTest.java" package ="junit.tests.runner" value ="3"/>
         <Value name="TextRunnerSingleMethodTest" source ="TextRunnerSingleMethodTest.java" package ="junit.tests.runner" value ="3"/>
         <Value name="InvocationTest" source ="TextRunnerSingleMethodTest.java" package ="junit.tests.runner" value ="3"/>
         <Value name="TextRunnerTest" source ="TextRunnerTest.java" package ="junit.tests.runner" value ="3"/>
         <Value name="WasRun" source ="WasRun.java" package ="junit.tests" value ="3"/>
         <Value name="JUnit38Test" source ="JUnit38SortingTest.java" package ="org.junit.tests.experimental.max" value ="3"/>
         <Value name="HalfMalformedJUnit38TestMethod" source ="MaxStarterTest.java" package ="org.junit.tests.experimental.max" value ="3"/>
         <Value name="MalformedJUnit38TestMethod" source ="MaxStarterTest.java" package ="org.junit.tests.experimental.max" value ="3"/>
         <Value name="TwoOldTests" source ="MaxStarterTest.java" package ="org.junit.tests.experimental.max" value ="3"/>
         <Value name="Guesser" source ="Guesser.java" package ="org.junit.tests.experimental.theories.extendingwithstubs" value ="3"/>
         <Value name="GuessMap" source ="Guesser.java" package ="org.junit.tests.experimental.theories.extendingwithstubs" value ="3"/>
         <Value name="ReguessableDecorator" source ="GuesserQueue.java" package ="org.junit.tests.experimental.theories.extendingwithstubs" value ="3"/>
         <Value name="StubbedTheoryAnchor" source ="StubbedTheories.java" package ="org.junit.tests.experimental.theories.extendingwithstubs" value ="3"/>
         <Value name="OneTest" source ="AllTestsTest.java" package ="org.junit.tests.junit3compatibility" value ="3"/>
         <Value name="ForwardCompatibilityPrintingTest" source ="ForwardCompatibilityPrintingTest.java" package ="org.junit.tests.junit3compatibility" value ="3"/>
         <Value name="ForwardCompatibilityTest" source ="ForwardCompatibilityTest.java" package ="org.junit.tests.junit3compatibility" value ="3"/>
         <Value name="ClassWithInvalidMethod" source ="JUnit38ClassRunnerTest.java" package ="org.junit.tests.junit3compatibility" value ="3"/>
         <Value name="MyTest" source ="JUnit38ClassRunnerTest.java" package ="org.junit.tests.junit3compatibility" value ="3"/>
         <Value name="OneTest" source ="JUnit38ClassRunnerTest.java" package ="org.junit.tests.junit3compatibility" value ="3"/>
         <Value name="OldTest" source ="SuiteMethodTest.java" package ="org.junit.tests.junit3compatibility" value ="3"/>
         <Value name="ExampleTest" source ="RunnerTest.java" package ="org.junit.tests.listening" value ="3"/>
         <Value name="ExceptionListener" source ="TestListenerTest.java" package ="org.junit.tests.listening" value ="3"/>
         <Value name="TextListenerTest" source ="TextListenerTest.java" package ="org.junit.tests.listening" value ="3"/>
         <Value name="AnnotationTest" source ="AnnotationTest.java" package ="org.junit.tests.running.methods" value ="3"/>
         <Value name="OldSuiteTest" source ="AnnotationTest.java" package ="org.junit.tests.running.methods" value ="3"/>
         <Value name="OldTest" source ="AnnotationTest.java" package ="org.junit.tests.running.methods" value ="3"/>
         <Value name="ActiveTestSuite" source ="ActiveTestSuite.java" package ="junit.extensions" value ="2"/>
         <Value name="TestDecorator" source ="TestDecorator.java" package ="junit.extensions" value ="2"/>
         <Value name="TestCase" source ="TestCase.java" package ="junit.framework" value ="2"/>
         <Value name="TestRunner" source ="TestRunner.java" package ="junit.textui" value ="2"/>
         <Value name="RememberingListener" source ="MaxHistory.java" package ="org.junit.experimental.max" value ="2"/>
         <Value name="SuiteBuilder" source ="SuiteBuilder.java" package ="org.junit.experimental.runners" value ="2"/>
         <Value name="AllMembersSupplier" source ="AllMembersSupplier.java" package ="org.junit.experimental.theories.internal" value ="2"/>
         <Value name="MethodParameterValue" source ="AllMembersSupplier.java" package ="org.junit.experimental.theories.internal" value ="2"/>
         <Value name="TestedOnSupplier" source ="TestedOnSupplier.java" package ="org.junit.experimental.theories.suppliers" value ="2"/>
         <Value name="TheoryAnchor" source ="Theories.java" package ="org.junit.experimental.theories" value ="2"/>
         <Value name="ParallelComputer" source ="ParallelComputer.java" package ="org.junit.experimental" value ="2"/>
         <Value name="AllDefaultPossibilitiesBuilder" source ="AllDefaultPossibilitiesBuilder.java" package ="org.junit.internal.builders" value ="2"/>
         <Value name="AnnotatedBuilder" source ="AnnotatedBuilder.java" package ="org.junit.internal.builders" value ="2"/>
         <Value name="IgnoredBuilder" source ="IgnoredBuilder.java" package ="org.junit.internal.builders" value ="2"/>
         <Value name="IgnoredClassRunner" source ="IgnoredClassRunner.java" package ="org.junit.internal.builders" value ="2"/>
         <Value name="JUnit3Builder" source ="JUnit3Builder.java" package ="org.junit.internal.builders" value ="2"/>
         <Value name="JUnit4Builder" source ="JUnit4Builder.java" package ="org.junit.internal.builders" value ="2"/>
         <Value name="NullBuilder" source ="NullBuilder.java" package ="org.junit.internal.builders" value ="2"/>
         <Value name="SuiteMethodBuilder" source ="SuiteMethodBuilder.java" package ="org.junit.internal.builders" value ="2"/>
         <Value name="CombinableMatcher" source ="CombinableMatcher.java" package ="org.junit.internal.matchers" value ="2"/>
         <Value name="TypeSafeMatcher" source ="TypeSafeMatcher.java" package ="org.junit.internal.matchers" value ="2"/>
         <Value name="ClassRequest" source ="ClassRequest.java" package ="org.junit.internal.requests" value ="2"/>
         <Value name="FilterRequest" source ="FilterRequest.java" package ="org.junit.internal.requests" value ="2"/>
         <Value name="SortingRequest" source ="SortingRequest.java" package ="org.junit.internal.requests" value ="2"/>
         <Value name="ExpectException" source ="ExpectException.java" package ="org.junit.internal.runners.statements" value ="2"/>
         <Value name="Fail" source ="Fail.java" package ="org.junit.internal.runners.statements" value ="2"/>
         <Value name="FailOnTimeout" source ="FailOnTimeout.java" package ="org.junit.internal.runners.statements" value ="2"/>
         <Value name="InvokeMethod" source ="InvokeMethod.java" package ="org.junit.internal.runners.statements" value ="2"/>
         <Value name="RunAfters" source ="RunAfters.java" package ="org.junit.internal.runners.statements" value ="2"/>
         <Value name="RunBefores" source ="RunBefores.java" package ="org.junit.internal.runners.statements" value ="2"/>
         <Value name="ErrorReportingRunner" source ="ErrorReportingRunner.java" package ="org.junit.internal.runners" value ="2"/>
         <Value name="JUnit38ClassRunner" source ="JUnit38ClassRunner.java" package ="org.junit.internal.runners" value ="2"/>
         <Value name="JUnit4ClassRunner" source ="JUnit4ClassRunner.java" package ="org.junit.internal.runners" value ="2"/>
         <Value name="ExactComparisonCriteria" source ="ExactComparisonCriteria.java" package ="org.junit.internal" value ="2"/>
         <Value name="InexactComparisonCriteria" source ="InexactComparisonCriteria.java" package ="org.junit.internal" value ="2"/>
         <Value name="TextListener" source ="TextListener.java" package ="org.junit.internal" value ="2"/>
         <Value name="ErrorCollector" source ="ErrorCollector.java" package ="org.junit.rules" value ="2"/>
         <Value name="ExpectedExceptionStatement" source ="ExpectedException.java" package ="org.junit.rules" value ="2"/>
         <Value name="TemporaryFolder" source ="TemporaryFolder.java" package ="org.junit.rules" value ="2"/>
         <Value name="TestName" source ="TestName.java" package ="org.junit.rules" value ="2"/>
         <Value name="FrameworkField" source ="FrameworkField.java" package ="org.junit.runners.model" value ="2"/>
         <Value name="FrameworkMethod" source ="FrameworkMethod.java" package ="org.junit.runners.model" value ="2"/>
         <Value name="ParentRunner" source ="ParentRunner.java" package ="org.junit.runners" value ="2"/>
         <Value name="Listener" source ="Result.java" package ="org.junit.runner" value ="2"/>
         <Value name="MockRunner" source ="BaseTestRunnerTest.java" package ="junit.tests.runner" value ="2"/>
         <Value name="TestResultPrinter" source ="TextFeedbackTest.java" package ="junit.tests.runner" value ="2"/>
         <Value name="Counter" source ="ClassRulesTest.java" package ="org.junit.tests.experimental.rules" value ="2"/>
         <Value name="SubclassOfTestWithClassRule" source ="ClassRulesTest.java" package ="org.junit.tests.experimental.rules" value ="2"/>
         <Value name="SonOfExampleTest" source ="MethodRulesTest.java" package ="org.junit.tests.experimental.rules" value ="2"/>
         <Value name="SonOfWrongTypedField" source ="MethodRulesTest.java" package ="org.junit.tests.experimental.rules" value ="2"/>
         <Value name="SonOfExampleTest" source ="TestRuleTest.java" package ="org.junit.tests.experimental.rules" value ="2"/>
         <Value name="SonOfWrongTypedField" source ="TestRuleTest.java" package ="org.junit.tests.experimental.rules" value ="2"/>
         <Value name="ReguessableValue" source ="ReguessableValue.java" package ="org.junit.tests.experimental.theories.extendingwithstubs" value ="2"/>
         <Value name="TestResultPrinter" source ="ForwardCompatibilityPrintingTest.java" package ="org.junit.tests.junit3compatibility" value ="2"/>
         <Value name="MarkerRunner" source ="ForwardCompatibilityTest.java" package ="org.junit.tests.junit3compatibility" value ="2"/>
         <Value name="CantInitialize" source ="InitializationErrorForwardCompatibilityTest.java" package ="org.junit.tests.junit3compatibility" value ="2"/>
         <Value name="MyListener" source ="RunnerTest.java" package ="org.junit.tests.listening" value ="2"/>
         <Value name="ErrorListener" source ="TestListenerTest.java" package ="org.junit.tests.listening" value ="2"/>
         <Value name="BadRunner" source ="RunWithTest.java" package ="org.junit.tests.running.classes" value ="2"/>
         <Value name="ExampleRunner" source ="RunWithTest.java" package ="org.junit.tests.running.classes" value ="2"/>
         <Value name="SubExampleTest" source ="RunWithTest.java" package ="org.junit.tests.running.classes" value ="2"/>
         <Value name="InheritsAll" source ="SuiteTest.java" package ="org.junit.tests.running.classes" value ="2"/>
         <Value name="SubclassWithField" source ="TestClassTest.java" package ="org.junit.tests.running.classes" value ="2"/>
         <Value name="SubInheritance" source ="AnnotationTest.java" package ="org.junit.tests.running.methods" value ="2"/>
         <Value name="SubShadowing" source ="AnnotationTest.java" package ="org.junit.tests.running.methods" value ="2"/>
         <Value name="SubTest" source ="AnnotationTest.java" package ="org.junit.tests.running.methods" value ="2"/>
         <Value name="Sub" source ="InheritedTestTest.java" package ="org.junit.tests.running.methods" value ="2"/>
         <Value name="SubWithBefore" source ="InheritedTestTest.java" package ="org.junit.tests.running.methods" value ="2"/>
         <Value name="SubShadows" source ="ParameterizedTestMethodTest.java" package ="org.junit.tests.running.methods" value ="2"/>
         <Value name="SubWrong" source ="ParameterizedTestMethodTest.java" package ="org.junit.tests.running.methods" value ="2"/>
         <Value name="SubShadows" source ="TestMethodTest.java" package ="org.junit.tests.running.methods" value ="2"/>
         <Value name="SubWrong" source ="TestMethodTest.java" package ="org.junit.tests.running.methods" value ="2"/>
         <Value name="Sub" source ="Sub.java" package ="org.junit.tests.validation.anotherpackage" value ="2"/>
         <Value name="Assert" source ="Assert.java" package ="junit.framework" value ="1"/>
         <Value name="ComparisonCompactor" source ="ComparisonCompactor.java" package ="junit.framework" value ="1"/>
         <Value name="JUnit4TestAdapter" source ="JUnit4TestAdapter.java" package ="junit.framework" value ="1"/>
         <Value name="JUnit4TestCaseFacade" source ="JUnit4TestCaseFacade.java" package ="junit.framework" value ="1"/>
         <Value name="TestFailure" source ="TestFailure.java" package ="junit.framework" value ="1"/>
         <Value name="TestResult" source ="TestResult.java" package ="junit.framework" value ="1"/>
         <Value name="TestSuite" source ="TestSuite.java" package ="junit.framework" value ="1"/>
         <Value name="BaseTestRunner" source ="BaseTestRunner.java" package ="junit.runner" value ="1"/>
         <Value name="Version" source ="Version.java" package ="junit.runner" value ="1"/>
         <Value name="ResultPrinter" source ="ResultPrinter.java" package ="junit.textui" value ="1"/>
         <Value name="MaxCore" source ="MaxCore.java" package ="org.junit.experimental.max" value ="1"/>
         <Value name="MaxHistory" source ="MaxHistory.java" package ="org.junit.experimental.max" value ="1"/>
         <Value name="TestComparator" source ="MaxHistory.java" package ="org.junit.experimental.max" value ="1"/>
         <Value name="FailureList" source ="FailureList.java" package ="org.junit.experimental.results" value ="1"/>
         <Value name="PrintableResult" source ="PrintableResult.java" package ="org.junit.experimental.results" value ="1"/>
         <Value name="ResultMatchers" source ="ResultMatchers.java" package ="org.junit.experimental.results" value ="1"/>
         <Value name="Listed" source ="Listed.java" package ="org.junit.experimental.runners" value ="1"/>
         <Value name="Assignments" source ="Assignments.java" package ="org.junit.experimental.theories.internal" value ="1"/>
         <Value name="ParameterSignature" source ="ParameterSignature.java" package ="org.junit.experimental.theories" value ="1"/>
         <Value name="ParameterSupplier" source ="ParameterSupplier.java" package ="org.junit.experimental.theories" value ="1"/>
         <Value name="PotentialAssignment" source ="PotentialAssignment.java" package ="org.junit.experimental.theories" value ="1"/>
         <Value name="Each" source ="Each.java" package ="org.junit.internal.matchers" value ="1"/>
         <Value name="EachTestNotifier" source ="EachTestNotifier.java" package ="org.junit.internal.runners.model" value ="1"/>
         <Value name="ReflectiveCallable" source ="ReflectiveCallable.java" package ="org.junit.internal.runners.model" value ="1"/>
         <Value name="ClassRoadie" source ="ClassRoadie.java" package ="org.junit.internal.runners" value ="1"/>
         <Value name="OldTestClassAdaptingListener" source ="JUnit38ClassRunner.java" package ="org.junit.internal.runners" value ="1"/>
         <Value name="MethodRoadie" source ="MethodRoadie.java" package ="org.junit.internal.runners" value ="1"/>
         <Value name="MethodValidator" source ="MethodValidator.java" package ="org.junit.internal.runners" value ="1"/>
         <Value name="TestClass" source ="TestClass.java" package ="org.junit.internal.runners" value ="1"/>
         <Value name="TestMethod" source ="TestMethod.java" package ="org.junit.internal.runners" value ="1"/>
         <Value name="ComparisonCriteria" source ="ComparisonCriteria.java" package ="org.junit.internal" value ="1"/>
         <Value name="RealSystem" source ="RealSystem.java" package ="org.junit.internal" value ="1"/>
         <Value name="JUnitMatchers" source ="JUnitMatchers.java" package ="org.junit.matchers" value ="1"/>
         <Value name="ExpectedException" source ="ExpectedException.java" package ="org.junit.rules" value ="1"/>
         <Value name="ExternalResource" source ="ExternalResource.java" package ="org.junit.rules" value ="1"/>
         <Value name="TestWatcher" source ="TestWatcher.java" package ="org.junit.rules" value ="1"/>
         <Value name="TestWatchman" source ="TestWatchman.java" package ="org.junit.rules" value ="1"/>
         <Value name="Timeout" source ="Timeout.java" package ="org.junit.rules" value ="1"/>
         <Value name="Verifier" source ="Verifier.java" package ="org.junit.rules" value ="1"/>
         <Value name="Filter" source ="Filter.java" package ="org.junit.runner.manipulation" value ="1"/>
         <Value name="Sorter" source ="Sorter.java" package ="org.junit.runner.manipulation" value ="1"/>
         <Value name="Failure" source ="Failure.java" package ="org.junit.runner.notification" value ="1"/>
         <Value name="RunListener" source ="RunListener.java" package ="org.junit.runner.notification" value ="1"/>
         <Value name="RunNotifier" source ="RunNotifier.java" package ="org.junit.runner.notification" value ="1"/>
         <Value name="SafeNotifier" source ="RunNotifier.java" package ="org.junit.runner.notification" value ="1"/>
         <Value name="FrameworkMember" source ="FrameworkMember.java" package ="org.junit.runners.model" value ="1"/>
         <Value name="RunnerBuilder" source ="RunnerBuilder.java" package ="org.junit.runners.model" value ="1"/>
         <Value name="Statement" source ="Statement.java" package ="org.junit.runners.model" value ="1"/>
         <Value name="TestClass" source ="TestClass.java" package ="org.junit.runners.model" value ="1"/>
         <Value name="Computer" source ="Computer.java" package ="org.junit.runner" value ="1"/>
         <Value name="Description" source ="Description.java" package ="org.junit.runner" value ="1"/>
         <Value name="JUnitCore" source ="JUnitCore.java" package ="org.junit.runner" value ="1"/>
         <Value name="Request" source ="Request.java" package ="org.junit.runner" value ="1"/>
         <Value name="Result" source ="Result.java" package ="org.junit.runner" value ="1"/>
         <Value name="Runner" source ="Runner.java" package ="org.junit.runner" value ="1"/>
         <Value name="Assert" source ="Assert.java" package ="org.junit" value ="1"/>
         <Value name="Assume" source ="Assume.java" package ="org.junit" value ="1"/>
         <Value name="ComparisonCompactor" source ="ComparisonFailure.java" package ="org.junit" value ="1"/>
         <Value name="Money" source ="Money.java" package ="junit.samples.money" value ="1"/>
         <Value name="MoneyBag" source ="MoneyBag.java" package ="junit.samples.money" value ="1"/>
         <Value name="AllTests" source ="AllTests.java" package ="junit.samples" value ="1"/>
         <Value name="AllTests" source ="AllTests.java" package ="junit.tests.extensions" value ="1"/>
         <Value name="AllTests" source ="AllTests.java" package ="junit.tests.framework" value ="1"/>
         <Value name="NoTestCaseClass" source ="NoTestCaseClass.java" package ="junit.tests.framework" value ="1"/>
         <Value name="DoubleTestCase" source ="TestImplementorTest.java" package ="junit.tests.framework" value ="1"/>
         <Value name="AllTests" source ="AllTests.java" package ="junit.tests.runner" value ="1"/>
         <Value name="DoesntExtendTestCase" source ="BaseTestRunnerTest.java" package ="junit.tests.runner" value ="1"/>
         <Value name="NonStatic" source ="BaseTestRunnerTest.java" package ="junit.tests.runner" value ="1"/>
         <Value name="AllTests" source ="AllTests.java" package ="junit.tests" value ="1"/>
         <Value name="MoneyTest" source ="MoneyTest.java" package ="org.junit.samples.money" value ="1"/>
         <Value name="ListTest" source ="ListTest.java" package ="org.junit.samples" value ="1"/>
         <Value name="SimpleTest" source ="SimpleTest.java" package ="org.junit.samples" value ="1"/>
         <Value name="AssertionTest" source ="AssertionTest.java" package ="org.junit.tests.assertion" value ="1"/>
         <Value name="BothTest" source ="BothTest.java" package ="org.junit.tests.assertion" value ="1"/>
         <Value name="EachTest" source ="EachTest.java" package ="org.junit.tests.assertion" value ="1"/>
         <Value name="JUnit4ClassRunnerTest" source ="JUnit4ClassRunnerTest.java" package ="org.junit.tests.deprecated" value ="1"/>
         <Value name="Example" source ="JUnit4ClassRunnerTest.java" package ="org.junit.tests.deprecated" value ="1"/>
         <Value name="UnconstructableExample" source ="JUnit4ClassRunnerTest.java" package ="org.junit.tests.deprecated" value ="1"/>
         <Value name="AnnotatedDescriptionTest" source ="AnnotatedDescriptionTest.java" package ="org.junit.tests.description" value ="1"/>
         <Value name="AnnotatedClass" source ="AnnotatedDescriptionTest.java" package ="org.junit.tests.description" value ="1"/>
         <Value name="IgnoredClass" source ="AnnotatedDescriptionTest.java" package ="org.junit.tests.description" value ="1"/>
         <Value name="SuiteDescriptionTest" source ="SuiteDescriptionTest.java" package ="org.junit.tests.description" value ="1"/>
         <Value name="TestDescriptionTest" source ="TestDescriptionTest.java" package ="org.junit.tests.description" value ="1"/>
         <Value name="CategoriesAndParameterizedTest" source ="CategoriesAndParameterizedTest.java" package ="org.junit.tests.experimental.categories" value ="1"/>
         <Value name="ParameterTokenSuiteMalformed" source ="CategoriesAndParameterizedTest.java" package ="org.junit.tests.experimental.categories" value ="1"/>
         <Value name="ParameterTokenSuiteMalformedAndSwapped" source ="CategoriesAndParameterizedTest.java" package ="org.junit.tests.experimental.categories" value ="1"/>
         <Value name="ParameterTokenSuiteWellFormed" source ="CategoriesAndParameterizedTest.java" package ="org.junit.tests.experimental.categories" value ="1"/>
         <Value name="ParameterizedTestWithAttemptedMethodCategory" source ="CategoriesAndParameterizedTest.java" package ="org.junit.tests.experimental.categories" value ="1"/>
         <Value name="Token" source ="CategoriesAndParameterizedTest.java" package ="org.junit.tests.experimental.categories" value ="1"/>
         <Value name="VanillaCategorizedJUnitTest" source ="CategoriesAndParameterizedTest.java" package ="org.junit.tests.experimental.categories" value ="1"/>
         <Value name="WellBehavedParameterizedTest" source ="CategoriesAndParameterizedTest.java" package ="org.junit.tests.experimental.categories" value ="1"/>
         <Value name="CategoryTest" source ="CategoryTest.java" package ="org.junit.tests.experimental.categories" value ="1"/>
         <Value name="A" source ="CategoryTest.java" package ="org.junit.tests.experimental.categories" value ="1"/>
         <Value name="B" source ="CategoryTest.java" package ="org.junit.tests.experimental.categories" value ="1"/>
         <Value name="C" source ="CategoryTest.java" package ="org.junit.tests.experimental.categories" value ="1"/>
         <Value name="Category1" source ="CategoryTest.java" package ="org.junit.tests.experimental.categories" value ="1"/>
         <Value name="Category2" source ="CategoryTest.java" package ="org.junit.tests.experimental.categories" value ="1"/>
         <Value name="ChooseSlowFromBoth" source ="CategoryTest.java" package ="org.junit.tests.experimental.categories" value ="1"/>
         <Value name="ClassAsCategory" source ="CategoryTest.java" package ="org.junit.tests.experimental.categories" value ="1"/>
         <Value name="IncludeAndExcludeSuite" source ="CategoryTest.java" package ="org.junit.tests.experimental.categories" value ="1"/>
         <Value name="JustA" source ="CategoryTest.java" package ="org.junit.tests.experimental.categories" value ="1"/>
         <Value name="OneFast" source ="CategoryTest.java" package ="org.junit.tests.experimental.categories" value ="1"/>
         <Value name="OneFastOneSlow" source ="CategoryTest.java" package ="org.junit.tests.experimental.categories" value ="1"/>
         <Value name="OneFastSuite" source ="CategoryTest.java" package ="org.junit.tests.experimental.categories" value ="1"/>
         <Value name="OneMoreTest" source ="CategoryTest.java" package ="org.junit.tests.experimental.categories" value ="1"/>
         <Value name="OneThatIsBothFastAndSlow" source ="CategoryTest.java" package ="org.junit.tests.experimental.categories" value ="1"/>
         <Value name="OneVerySlowTest" source ="CategoryTest.java" package ="org.junit.tests.experimental.categories" value ="1"/>
         <Value name="RunClassAsCategory" source ="CategoryTest.java" package ="org.junit.tests.experimental.categories" value ="1"/>
         <Value name="RunSlowFromVerySlow" source ="CategoryTest.java" package ="org.junit.tests.experimental.categories" value ="1"/>
         <Value name="SlowTestSuite" source ="CategoryTest.java" package ="org.junit.tests.experimental.categories" value ="1"/>
         <Value name="SomeAreSlow" source ="CategoryTest.java" package ="org.junit.tests.experimental.categories" value ="1"/>
         <Value name="SomeAreSlowSuite" source ="CategoryTest.java" package ="org.junit.tests.experimental.categories" value ="1"/>
         <Value name="TestSuiteWithNoCategories" source ="CategoryTest.java" package ="org.junit.tests.experimental.categories" value ="1"/>
         <Value name="DescriptionTest" source ="DescriptionTest.java" package ="org.junit.tests.experimental.max" value ="1"/>
         <Value name="JUnit38SortingTest" source ="JUnit38SortingTest.java" package ="org.junit.tests.experimental.max" value ="1"/>
         <Value name="JUnit4Test" source ="JUnit38SortingTest.java" package ="org.junit.tests.experimental.max" value ="1"/>
         <Value name="MaxStarterTest" source ="MaxStarterTest.java" package ="org.junit.tests.experimental.max" value ="1"/>
         <Value name="MalformedJUnit38Test" source ="MaxStarterTest.java" package ="org.junit.tests.experimental.max" value ="1"/>
         <Value name="TwoTests" source ="MaxStarterTest.java" package ="org.junit.tests.experimental.max" value ="1"/>
         <Value name="TwoUnEqualTests" source ="MaxStarterTest.java" package ="org.junit.tests.experimental.max" value ="1"/>
         <Value name="ParallelClassTest" source ="ParallelClassTest.java" package ="org.junit.tests.experimental.parallel" value ="1"/>
         <Value name="Example1" source ="ParallelClassTest.java" package ="org.junit.tests.experimental.parallel" value ="1"/>
         <Value name="Example2" source ="ParallelClassTest.java" package ="org.junit.tests.experimental.parallel" value ="1"/>
         <Value name="ExampleSuite" source ="ParallelClassTest.java" package ="org.junit.tests.experimental.parallel" value ="1"/>
         <Value name="ParallelMethodTest" source ="ParallelMethodTest.java" package ="org.junit.tests.experimental.parallel" value ="1"/>
         <Value name="Example" source ="ParallelMethodTest.java" package ="org.junit.tests.experimental.parallel" value ="1"/>
         <Value name="PrintableResultTest" source ="PrintableResultTest.java" package ="org.junit.tests.experimental.results" value ="1"/>
         <Value name="ResultMatchersTest" source ="ResultMatchersTest.java" package ="org.junit.tests.experimental.results" value ="1"/>
         <Value name="ClassRulesTest" source ="ClassRulesTest.java" package ="org.junit.tests.experimental.rules" value ="1"/>
         <Value name="CustomCounter" source ="ClassRulesTest.java" package ="org.junit.tests.experimental.rules" value ="1"/>
         <Value name="ExampleTestWithClassRule" source ="ClassRulesTest.java" package ="org.junit.tests.experimental.rules" value ="1"/>
         <Value name="ExampleTestWithCustomClassRule" source ="ClassRulesTest.java" package ="org.junit.tests.experimental.rules" value ="1"/>
         <Value name="ExpectedExceptionRuleTest" source ="ExpectedExceptionRuleTest.java" package ="org.junit.tests.experimental.rules" value ="1"/>
         <Value name="ExpectedMessageMatcherFails" source ="ExpectedExceptionRuleTest.java" package ="org.junit.tests.experimental.rules" value ="1"/>
         <Value name="ExpectsMatcher" source ="ExpectedExceptionRuleTest.java" package ="org.junit.tests.experimental.rules" value ="1"/>
         <Value name="ExpectsMessageMatcher" source ="ExpectedExceptionRuleTest.java" package ="org.junit.tests.experimental.rules" value ="1"/>
         <Value name="ExpectsMultipleMatchers" source ="ExpectedExceptionRuleTest.java" package ="org.junit.tests.experimental.rules" value ="1"/>
         <Value name="ExpectsSubstring" source ="ExpectedExceptionRuleTest.java" package ="org.junit.tests.experimental.rules" value ="1"/>
         <Value name="ExpectsSubstringNullMessage" source ="ExpectedExceptionRuleTest.java" package ="org.junit.tests.experimental.rules" value ="1"/>
         <Value name="HasExpectedException" source ="ExpectedExceptionRuleTest.java" package ="org.junit.tests.experimental.rules" value ="1"/>
         <Value name="HasWrongExpectedException" source ="ExpectedExceptionRuleTest.java" package ="org.junit.tests.experimental.rules" value ="1"/>
         <Value name="HasWrongMessage" source ="ExpectedExceptionRuleTest.java" package ="org.junit.tests.experimental.rules" value ="1"/>
         <Value name="WronglyExpectsException" source ="ExpectedExceptionRuleTest.java" package ="org.junit.tests.experimental.rules" value ="1"/>
         <Value name="WronglyExpectsExceptionMessage" source ="ExpectedExceptionRuleTest.java" package ="org.junit.tests.experimental.rules" value ="1"/>
         <Value name="ExternalResourceRuleTest" source ="ExternalResourceRuleTest.java" package ="org.junit.tests.experimental.rules" value ="1"/>
         <Value name="UsesExternalResource" source ="ExternalResourceRuleTest.java" package ="org.junit.tests.experimental.rules" value ="1"/>
         <Value name="MethodRulesTest" source ="MethodRulesTest.java" package ="org.junit.tests.experimental.rules" value ="1"/>
         <Value name="BeforesAndAfters" source ="MethodRulesTest.java" package ="org.junit.tests.experimental.rules" value ="1"/>
         <Value name="CustomTestName" source ="MethodRulesTest.java" package ="org.junit.tests.experimental.rules" value ="1"/>
         <Value name="ExampleTest" source ="MethodRulesTest.java" package ="org.junit.tests.experimental.rules" value ="1"/>
         <Value name="MultipleRuleTest" source ="MethodRulesTest.java" package ="org.junit.tests.experimental.rules" value ="1"/>
         <Value name="NoRulesTest" source ="MethodRulesTest.java" package ="org.junit.tests.experimental.rules" value ="1"/>
         <Value name="OnFailureTest" source ="MethodRulesTest.java" package ="org.junit.tests.experimental.rules" value ="1"/>
         <Value name="PrivateRule" source ="MethodRulesTest.java" package ="org.junit.tests.experimental.rules" value ="1"/>
         <Value name="UsesCustomMethodRule" source ="MethodRulesTest.java" package ="org.junit.tests.experimental.rules" value ="1"/>
         <Value name="WatchmanTest" source ="MethodRulesTest.java" package ="org.junit.tests.experimental.rules" value ="1"/>
         <Value name="WrongTypedField" source ="MethodRulesTest.java" package ="org.junit.tests.experimental.rules" value ="1"/>
         <Value name="NameRulesTest" source ="NameRulesTest.java" package ="org.junit.tests.experimental.rules" value ="1"/>
         <Value name="BeforeAndAfterTest" source ="NameRulesTest.java" package ="org.junit.tests.experimental.rules" value ="1"/>
         <Value name="TestNames" source ="NameRulesTest.java" package ="org.junit.tests.experimental.rules" value ="1"/>
         <Value name="TempFolderRuleTest" source ="TempFolderRuleTest.java" package ="org.junit.tests.experimental.rules" value ="1"/>
         <Value name="CreatesSubFolder" source ="TempFolderRuleTest.java" package ="org.junit.tests.experimental.rules" value ="1"/>
         <Value name="HasTempFolder" source ="TempFolderRuleTest.java" package ="org.junit.tests.experimental.rules" value ="1"/>
         <Value name="TestRuleTest" source ="TestRuleTest.java" package ="org.junit.tests.experimental.rules" value ="1"/>
         <Value name="BeforesAndAfters" source ="TestRuleTest.java" package ="org.junit.tests.experimental.rules" value ="1"/>
         <Value name="BothKindsOfRule" source ="TestRuleTest.java" package ="org.junit.tests.experimental.rules" value ="1"/>
         <Value name="CustomTestName" source ="TestRuleTest.java" package ="org.junit.tests.experimental.rules" value ="1"/>
         <Value name="ExampleTest" source ="TestRuleTest.java" package ="org.junit.tests.experimental.rules" value ="1"/>
         <Value name="MultipleRuleTest" source ="TestRuleTest.java" package ="org.junit.tests.experimental.rules" value ="1"/>
         <Value name="NoRulesTest" source ="TestRuleTest.java" package ="org.junit.tests.experimental.rules" value ="1"/>
         <Value name="OnFailureTest" source ="TestRuleTest.java" package ="org.junit.tests.experimental.rules" value ="1"/>
         <Value name="OneFieldTwoKindsOfRule" source ="TestRuleTest.java" package ="org.junit.tests.experimental.rules" value ="1"/>
         <Value name="PrivateRule" source ="TestRuleTest.java" package ="org.junit.tests.experimental.rules" value ="1"/>
         <Value name="UsesCustomMethodRule" source ="TestRuleTest.java" package ="org.junit.tests.experimental.rules" value ="1"/>
         <Value name="WatchmanTest" source ="TestRuleTest.java" package ="org.junit.tests.experimental.rules" value ="1"/>
         <Value name="WrongTypedField" source ="TestRuleTest.java" package ="org.junit.tests.experimental.rules" value ="1"/>
         <Value name="TimeoutRuleTest" source ="TimeoutRuleTest.java" package ="org.junit.tests.experimental.rules" value ="1"/>
         <Value name="HasGlobalTimeout" source ="TimeoutRuleTest.java" package ="org.junit.tests.experimental.rules" value ="1"/>
         <Value name="VerifierRuleTest" source ="VerifierRuleTest.java" package ="org.junit.tests.experimental.rules" value ="1"/>
         <Value name="UsesErrorCollector" source ="VerifierRuleTest.java" package ="org.junit.tests.experimental.rules" value ="1"/>
         <Value name="UsesErrorCollectorCheckSucceeds" source ="VerifierRuleTest.java" package ="org.junit.tests.experimental.rules" value ="1"/>
         <Value name="UsesErrorCollectorCheckSucceedsPasses" source ="VerifierRuleTest.java" package ="org.junit.tests.experimental.rules" value ="1"/>
         <Value name="UsesErrorCollectorCheckThat" source ="VerifierRuleTest.java" package ="org.junit.tests.experimental.rules" value ="1"/>
         <Value name="UsesErrorCollectorTwice" source ="VerifierRuleTest.java" package ="org.junit.tests.experimental.rules" value ="1"/>
         <Value name="UsesVerifier" source ="VerifierRuleTest.java" package ="org.junit.tests.experimental.rules" value ="1"/>
         <Value name="MethodCall" source ="MethodCall.java" package ="org.junit.tests.experimental.theories.extendingwithstubs" value ="1"/>
         <Value name="StringableObject" source ="StringableObject.java" package ="org.junit.tests.experimental.theories.extendingwithstubs" value ="1"/>
         <Value name="StubbedTheoriesTest" source ="StubbedTheoriesTest.java" package ="org.junit.tests.experimental.theories.extendingwithstubs" value ="1"/>
         <Value name="SuccessfulWithDataPointFields" source ="SuccessfulWithDataPointFields.java" package ="org.junit.tests.experimental.theories.runner" value ="1"/>
         <Value name="BeforeAndAfterEachTime" source ="SuccessfulWithDataPointFields.java" package ="org.junit.tests.experimental.theories.runner" value ="1"/>
         <Value name="BeforeAndAfterOnSameInstance" source ="SuccessfulWithDataPointFields.java" package ="org.junit.tests.experimental.theories.runner" value ="1"/>
         <Value name="DifferentTypesInConstructor" source ="SuccessfulWithDataPointFields.java" package ="org.junit.tests.experimental.theories.runner" value ="1"/>
         <Value name="HasATwoParameterTheory" source ="SuccessfulWithDataPointFields.java" package ="org.junit.tests.experimental.theories.runner" value ="1"/>
         <Value name="NewObjectEachTime" source ="SuccessfulWithDataPointFields.java" package ="org.junit.tests.experimental.theories.runner" value ="1"/>
         <Value name="OneTestTwoAnnotations" source ="SuccessfulWithDataPointFields.java" package ="org.junit.tests.experimental.theories.runner" value ="1"/>
         <Value name="PositiveInts" source ="SuccessfulWithDataPointFields.java" package ="org.junit.tests.experimental.theories.runner" value ="1"/>
         <Value name="PositiveIntsWithMethodParams" source ="SuccessfulWithDataPointFields.java" package ="org.junit.tests.experimental.theories.runner" value ="1"/>
         <Value name="PositiveIntsWithNegativeField" source ="SuccessfulWithDataPointFields.java" package ="org.junit.tests.experimental.theories.runner" value ="1"/>
         <Value name="StaticPublicNonDataPoints" source ="SuccessfulWithDataPointFields.java" package ="org.junit.tests.experimental.theories.runner" value ="1"/>
         <Value name="TheoriesPerformanceTest" source ="TheoriesPerformanceTest.java" package ="org.junit.tests.experimental.theories.runner" value ="1"/>
         <Value name="UpToTen" source ="TheoriesPerformanceTest.java" package ="org.junit.tests.experimental.theories.runner" value ="1"/>
         <Value name="UnsuccessfulWithDataPointFields" source ="UnsuccessfulWithDataPointFields.java" package ="org.junit.tests.experimental.theories.runner" value ="1"/>
         <Value name="DataPointsMustBeStatic" source ="UnsuccessfulWithDataPointFields.java" package ="org.junit.tests.experimental.theories.runner" value ="1"/>
         <Value name="DoesntUseParams" source ="UnsuccessfulWithDataPointFields.java" package ="org.junit.tests.experimental.theories.runner" value ="1"/>
         <Value name="HasATheory" source ="UnsuccessfulWithDataPointFields.java" package ="org.junit.tests.experimental.theories.runner" value ="1"/>
         <Value name="NullsOK" source ="UnsuccessfulWithDataPointFields.java" package ="org.junit.tests.experimental.theories.runner" value ="1"/>
         <Value name="TheoriesMustBePublic" source ="UnsuccessfulWithDataPointFields.java" package ="org.junit.tests.experimental.theories.runner" value ="1"/>
         <Value name="WhenNoParametersMatch" source ="WhenNoParametersMatch.java" package ="org.junit.tests.experimental.theories.runner" value ="1"/>
         <Value name="AssumptionsFail" source ="WhenNoParametersMatch.java" package ="org.junit.tests.experimental.theories.runner" value ="1"/>
         <Value name="WithDataPointMethod" source ="WithDataPointMethod.java" package ="org.junit.tests.experimental.theories.runner" value ="1"/>
         <Value name="DataPointMethodReturnsMutableObject" source ="WithDataPointMethod.java" package ="org.junit.tests.experimental.theories.runner" value ="1"/>
         <Value name="HasDataPointMethod" source ="WithDataPointMethod.java" package ="org.junit.tests.experimental.theories.runner" value ="1"/>
         <Value name="HasDateMethod" source ="WithDataPointMethod.java" package ="org.junit.tests.experimental.theories.runner" value ="1"/>
         <Value name="HasUglyDataPointMethod" source ="WithDataPointMethod.java" package ="org.junit.tests.experimental.theories.runner" value ="1"/>
         <Value name="WithExtendedParameterSources" source ="WithExtendedParameterSources.java" package ="org.junit.tests.experimental.theories.runner" value ="1"/>
         <Value name="DataPointArrayMethod" source ="WithExtendedParameterSources.java" package ="org.junit.tests.experimental.theories.runner" value ="1"/>
         <Value name="DataPointArrayToBeUsedForWholeParameter" source ="WithExtendedParameterSources.java" package ="org.junit.tests.experimental.theories.runner" value ="1"/>
         <Value name="DataPointArrays" source ="WithExtendedParameterSources.java" package ="org.junit.tests.experimental.theories.runner" value ="1"/>
         <Value name="DataPointMalformedArrayMethods" source ="WithExtendedParameterSources.java" package ="org.junit.tests.experimental.theories.runner" value ="1"/>
         <Value name="ParameterAnnotations" source ="WithExtendedParameterSources.java" package ="org.junit.tests.experimental.theories.runner" value ="1"/>
         <Value name="ShouldFilterNull" source ="WithExtendedParameterSources.java" package ="org.junit.tests.experimental.theories.runner" value ="1"/>
         <Value name="WithOnlyTestAnnotations" source ="WithOnlyTestAnnotations.java" package ="org.junit.tests.experimental.theories.runner" value ="1"/>
         <Value name="ErrorWhenTestHasParametersDespiteTheories" source ="WithOnlyTestAnnotations.java" package ="org.junit.tests.experimental.theories.runner" value ="1"/>
         <Value name="HonorExpectedException" source ="WithOnlyTestAnnotations.java" package ="org.junit.tests.experimental.theories.runner" value ="1"/>
         <Value name="HonorExpectedExceptionPasses" source ="WithOnlyTestAnnotations.java" package ="org.junit.tests.experimental.theories.runner" value ="1"/>
         <Value name="HonorTimeout" source ="WithOnlyTestAnnotations.java" package ="org.junit.tests.experimental.theories.runner" value ="1"/>
         <Value name="AllMembersSupplierTest" source ="AllMembersSupplierTest.java" package ="org.junit.tests.experimental.theories" value ="1"/>
         <Value name="HasDataPoints" source ="AllMembersSupplierTest.java" package ="org.junit.tests.experimental.theories" value ="1"/>
         <Value name="ParameterSignatureTest" source ="ParameterSignatureTest.java" package ="org.junit.tests.experimental.theories" value ="1"/>
         <Value name="ParameterizedAssertionErrorTest" source ="ParameterizedAssertionErrorTest.java" package ="org.junit.tests.experimental.theories" value ="1"/>
         <Value name="AssumptionTest" source ="AssumptionTest.java" package ="org.junit.tests.experimental" value ="1"/>
         <Value name="AssumptionFailureInConstructor" source ="AssumptionTest.java" package ="org.junit.tests.experimental" value ="1"/>
         <Value name="HasFailingAssumeInBefore" source ="AssumptionTest.java" package ="org.junit.tests.experimental" value ="1"/>
         <Value name="HasFailingAssumeInBeforeClass" source ="AssumptionTest.java" package ="org.junit.tests.experimental" value ="1"/>
         <Value name="HasFailingAssumption" source ="AssumptionTest.java" package ="org.junit.tests.experimental" value ="1"/>
         <Value name="HasPassingAssumption" source ="AssumptionTest.java" package ="org.junit.tests.experimental" value ="1"/>
         <Value name="AssumptionViolatedExceptionTest" source ="AssumptionViolatedExceptionTest.java" package ="org.junit.tests.experimental" value ="1"/>
         <Value name="ExperimentalTests" source ="ExperimentalTests.java" package ="org.junit.tests.experimental" value ="1"/>
         <Value name="MatcherTest" source ="MatcherTest.java" package ="org.junit.tests.experimental" value ="1"/>
         <Value name="AllTestsTest" source ="AllTestsTest.java" package ="org.junit.tests.junit3compatibility" value ="1"/>
         <Value name="All" source ="AllTestsTest.java" package ="org.junit.tests.junit3compatibility" value ="1"/>
         <Value name="AllJUnit4" source ="AllTestsTest.java" package ="org.junit.tests.junit3compatibility" value ="1"/>
         <Value name="BadSuiteMethod" source ="AllTestsTest.java" package ="org.junit.tests.junit3compatibility" value ="1"/>
         <Value name="JUnit4Test" source ="AllTestsTest.java" package ="org.junit.tests.junit3compatibility" value ="1"/>
         <Value name="ClassRequestTest" source ="ClassRequestTest.java" package ="org.junit.tests.junit3compatibility" value ="1"/>
         <Value name="PrivateSuiteMethod" source ="ClassRequestTest.java" package ="org.junit.tests.junit3compatibility" value ="1"/>
         <Value name="ATest" source ="ForwardCompatibilityPrintingTest.java" package ="org.junit.tests.junit3compatibility" value ="1"/>
         <Value name="BeforeClassTest" source ="ForwardCompatibilityTest.java" package ="org.junit.tests.junit3compatibility" value ="1"/>
         <Value name="ErrorTest" source ="ForwardCompatibilityTest.java" package ="org.junit.tests.junit3compatibility" value ="1"/>
         <Value name="ExceptionInBeforeTest" source ="ForwardCompatibilityTest.java" package ="org.junit.tests.junit3compatibility" value ="1"/>
         <Value name="ExpectedTest" source ="ForwardCompatibilityTest.java" package ="org.junit.tests.junit3compatibility" value ="1"/>
         <Value name="InvalidMethodTest" source ="ForwardCompatibilityTest.java" package ="org.junit.tests.junit3compatibility" value ="1"/>
         <Value name="NewTest" source ="ForwardCompatibilityTest.java" package ="org.junit.tests.junit3compatibility" value ="1"/>
         <Value name="NoExceptionTest" source ="ForwardCompatibilityTest.java" package ="org.junit.tests.junit3compatibility" value ="1"/>
         <Value name="NoTests" source ="ForwardCompatibilityTest.java" package ="org.junit.tests.junit3compatibility" value ="1"/>
         <Value name="UnExpectedExceptionTest" source ="ForwardCompatibilityTest.java" package ="org.junit.tests.junit3compatibility" value ="1"/>
         <Value name="InitializationErrorForwardCompatibilityTest" source ="InitializationErrorForwardCompatibilityTest.java" package ="org.junit.tests.junit3compatibility" value ="1"/>
         <Value name="CantInitializeTests" source ="InitializationErrorForwardCompatibilityTest.java" package ="org.junit.tests.junit3compatibility" value ="1"/>
         <Value name="ErrorRememberingListener" source ="InitializationErrorForwardCompatibilityTest.java" package ="org.junit.tests.junit3compatibility" value ="1"/>
         <Value name="JUnit38ClassRunnerTest" source ="JUnit38ClassRunnerTest.java" package ="org.junit.tests.junit3compatibility" value ="1"/>
         <Value name="AnnotatedTest" source ="JUnit38ClassRunnerTest.java" package ="org.junit.tests.junit3compatibility" value ="1"/>
         <Value name="OldTestClassAdaptingListenerTest" source ="OldTestClassAdaptingListenerTest.java" package ="org.junit.tests.junit3compatibility" value ="1"/>
         <Value name="OldTests" source ="OldTests.java" package ="org.junit.tests.junit3compatibility" value ="1"/>
         <Value name="SuiteMethodTest" source ="SuiteMethodTest.java" package ="org.junit.tests.junit3compatibility" value ="1"/>
         <Value name="CompatibilityTest" source ="SuiteMethodTest.java" package ="org.junit.tests.junit3compatibility" value ="1"/>
         <Value name="NewTest" source ="SuiteMethodTest.java" package ="org.junit.tests.junit3compatibility" value ="1"/>
         <Value name="NewTestSuiteFails" source ="SuiteMethodTest.java" package ="org.junit.tests.junit3compatibility" value ="1"/>
         <Value name="NewTestSuiteNotUsed" source ="SuiteMethodTest.java" package ="org.junit.tests.junit3compatibility" value ="1"/>
         <Value name="ListenerTest" source ="ListenerTest.java" package ="org.junit.tests.listening" value ="1"/>
         <Value name="OneTest" source ="ListenerTest.java" package ="org.junit.tests.listening" value ="1"/>
         <Value name="RunnerTest" source ="RunnerTest.java" package ="org.junit.tests.listening" value ="1"/>
         <Value name="Example" source ="RunnerTest.java" package ="org.junit.tests.listening" value ="1"/>
         <Value name="NewExample" source ="RunnerTest.java" package ="org.junit.tests.listening" value ="1"/>
         <Value name="TestListenerTest" source ="TestListenerTest.java" package ="org.junit.tests.listening" value ="1"/>
         <Value name="OneTest" source ="TestListenerTest.java" package ="org.junit.tests.listening" value ="1"/>
         <Value name="ErrorTest" source ="TextListenerTest.java" package ="org.junit.tests.listening" value ="1"/>
         <Value name="OneTest" source ="TextListenerTest.java" package ="org.junit.tests.listening" value ="1"/>
         <Value name="Slow" source ="TextListenerTest.java" package ="org.junit.tests.listening" value ="1"/>
         <Value name="UserStopTest" source ="UserStopTest.java" package ="org.junit.tests.listening" value ="1"/>
         <Value name="OneTest" source ="UserStopTest.java" package ="org.junit.tests.listening" value ="1"/>
         <Value name="FilterableTest" source ="FilterableTest.java" package ="org.junit.tests.manipulation" value ="1"/>
         <Value name="FilteredTest" source ="FilterableTest.java" package ="org.junit.tests.manipulation" value ="1"/>
         <Value name="SingleMethodTest" source ="SingleMethodTest.java" package ="org.junit.tests.manipulation" value ="1"/>
         <Value name="HasSuiteMethod" source ="SingleMethodTest.java" package ="org.junit.tests.manipulation" value ="1"/>
         <Value name="OneTimeSetup" source ="SingleMethodTest.java" package ="org.junit.tests.manipulation" value ="1"/>
         <Value name="OneTwoSuite" source ="SingleMethodTest.java" package ="org.junit.tests.manipulation" value ="1"/>
         <Value name="ParameterizedOneTimeBeforeClass" source ="SingleMethodTest.java" package ="org.junit.tests.manipulation" value ="1"/>
         <Value name="ParameterizedOneTimeSetup" source ="SingleMethodTest.java" package ="org.junit.tests.manipulation" value ="1"/>
         <Value name="TestOne" source ="SingleMethodTest.java" package ="org.junit.tests.manipulation" value ="1"/>
         <Value name="TestTwo" source ="SingleMethodTest.java" package ="org.junit.tests.manipulation" value ="1"/>
         <Value name="SortableTest" source ="SortableTest.java" package ="org.junit.tests.manipulation" value ="1"/>
         <Value name="TestClassRunnerIsSortable" source ="SortableTest.java" package ="org.junit.tests.manipulation" value ="1"/>
         <Value name="TestClassRunnerIsSortableWithSuiteMethod" source ="SortableTest.java" package ="org.junit.tests.manipulation" value ="1"/>
         <Value name="UnsortableRunnersAreHandledWithoutCrashing" source ="SortableTest.java" package ="org.junit.tests.manipulation" value ="1"/>
         <Value name="EnclosedTest" source ="EnclosedTest.java" package ="org.junit.tests.running.classes" value ="1"/>
         <Value name="Enclosing" source ="EnclosedTest.java" package ="org.junit.tests.running.classes" value ="1"/>
         <Value name="IgnoreClassTest" source ="IgnoreClassTest.java" package ="org.junit.tests.running.classes" value ="1"/>
         <Value name="IgnoreMe" source ="IgnoreClassTest.java" package ="org.junit.tests.running.classes" value ="1"/>
         <Value name="ParameterizedTestTest" source ="ParameterizedTestTest.java" package ="org.junit.tests.running.classes" value ="1"/>
         <Value name="BeforeAndAfter" source ="ParameterizedTestTest.java" package ="org.junit.tests.running.classes" value ="1"/>
         <Value name="EmptyTest" source ="ParameterizedTestTest.java" package ="org.junit.tests.running.classes" value ="1"/>
         <Value name="FibonacciTest" source ="ParameterizedTestTest.java" package ="org.junit.tests.running.classes" value ="1"/>
         <Value name="IncorrectTest" source ="ParameterizedTestTest.java" package ="org.junit.tests.running.classes" value ="1"/>
         <Value name="PrivateConstructor" source ="ParameterizedTestTest.java" package ="org.junit.tests.running.classes" value ="1"/>
         <Value name="ProtectedParametersTest" source ="ParameterizedTestTest.java" package ="org.junit.tests.running.classes" value ="1"/>
         <Value name="WrongElementType" source ="ParameterizedTestTest.java" package ="org.junit.tests.running.classes" value ="1"/>
         <Value name="RunWithTest" source ="RunWithTest.java" package ="org.junit.tests.running.classes" value ="1"/>
         <Value name="Empty" source ="RunWithTest.java" package ="org.junit.tests.running.classes" value ="1"/>
         <Value name="ExampleTest" source ="RunWithTest.java" package ="org.junit.tests.running.classes" value ="1"/>
         <Value name="SuiteTest" source ="SuiteTest.java" package ="org.junit.tests.running.classes" value ="1"/>
         <Value name="All" source ="SuiteTest.java" package ="org.junit.tests.running.classes" value ="1"/>
         <Value name="AllWithBeforeAndAfterClass" source ="SuiteTest.java" package ="org.junit.tests.running.classes" value ="1"/>
         <Value name="AllWithOutAnnotation" source ="SuiteTest.java" package ="org.junit.tests.running.classes" value ="1"/>
         <Value name="BiInfiniteLoop" source ="SuiteTest.java" package ="org.junit.tests.running.classes" value ="1"/>
         <Value name="Hercules" source ="SuiteTest.java" package ="org.junit.tests.running.classes" value ="1"/>
         <Value name="Hydra" source ="SuiteTest.java" package ="org.junit.tests.running.classes" value ="1"/>
         <Value name="InfiniteLoop" source ="SuiteTest.java" package ="org.junit.tests.running.classes" value ="1"/>
         <Value name="NoSuiteClassesAnnotation" source ="SuiteTest.java" package ="org.junit.tests.running.classes" value ="1"/>
         <Value name="TestA" source ="SuiteTest.java" package ="org.junit.tests.running.classes" value ="1"/>
         <Value name="TestB" source ="SuiteTest.java" package ="org.junit.tests.running.classes" value ="1"/>
         <Value name="WithoutDefaultConstructor" source ="SuiteTest.java" package ="org.junit.tests.running.classes" value ="1"/>
         <Value name="TestClassTest" source ="TestClassTest.java" package ="org.junit.tests.running.classes" value ="1"/>
         <Value name="ManyMethods" source ="TestClassTest.java" package ="org.junit.tests.running.classes" value ="1"/>
         <Value name="SuperclassWithField" source ="TestClassTest.java" package ="org.junit.tests.running.classes" value ="1"/>
         <Value name="TwoConstructors" source ="TestClassTest.java" package ="org.junit.tests.running.classes" value ="1"/>
         <Value name="UseSuiteAsASuperclassTest" source ="UseSuiteAsASuperclassTest.java" package ="org.junit.tests.running.classes" value ="1"/>
         <Value name="AllWithMySuite" source ="UseSuiteAsASuperclassTest.java" package ="org.junit.tests.running.classes" value ="1"/>
         <Value name="TestA" source ="UseSuiteAsASuperclassTest.java" package ="org.junit.tests.running.classes" value ="1"/>
         <Value name="TestB" source ="UseSuiteAsASuperclassTest.java" package ="org.junit.tests.running.classes" value ="1"/>
         <Value name="CommandLineTest" source ="CommandLineTest.java" package ="org.junit.tests.running.core" value ="1"/>
         <Value name="Count" source ="CommandLineTest.java" package ="org.junit.tests.running.core" value ="1"/>
         <Value name="Example" source ="CommandLineTest.java" package ="org.junit.tests.running.core" value ="1"/>
         <Value name="JUnitCoreReturnsCorrectExitCodeTest" source ="JUnitCoreReturnsCorrectExitCodeTest.java" package ="org.junit.tests.running.core" value ="1"/>
         <Value name="Fail" source ="JUnitCoreReturnsCorrectExitCodeTest.java" package ="org.junit.tests.running.core" value ="1"/>
         <Value name="Succeed" source ="JUnitCoreReturnsCorrectExitCodeTest.java" package ="org.junit.tests.running.core" value ="1"/>
         <Value name="SystemExitTest" source ="SystemExitTest.java" package ="org.junit.tests.running.core" value ="1"/>
         <Value name="Exit" source ="SystemExitTest.java" package ="org.junit.tests.running.core" value ="1"/>
         <Value name="ErrorInAfterClass" source ="AnnotationTest.java" package ="org.junit.tests.running.methods" value ="1"/>
         <Value name="ErrorInBeforeClass" source ="AnnotationTest.java" package ="org.junit.tests.running.methods" value ="1"/>
         <Value name="ExceptionTest" source ="AnnotationTest.java" package ="org.junit.tests.running.methods" value ="1"/>
         <Value name="FailureTest" source ="AnnotationTest.java" package ="org.junit.tests.running.methods" value ="1"/>
         <Value name="NoExceptionTest" source ="AnnotationTest.java" package ="org.junit.tests.running.methods" value ="1"/>
         <Value name="NonStaticOneTimeSetup" source ="AnnotationTest.java" package ="org.junit.tests.running.methods" value ="1"/>
         <Value name="OneTimeSetup" source ="AnnotationTest.java" package ="org.junit.tests.running.methods" value ="1"/>
         <Value name="OneTimeTeardown" source ="AnnotationTest.java" package ="org.junit.tests.running.methods" value ="1"/>
         <Value name="OrderTest" source ="AnnotationTest.java" package ="org.junit.tests.running.methods" value ="1"/>
         <Value name="RunAllAfterClasses" source ="AnnotationTest.java" package ="org.junit.tests.running.methods" value ="1"/>
         <Value name="RunAllAfterClassesRegardless" source ="AnnotationTest.java" package ="org.junit.tests.running.methods" value ="1"/>
         <Value name="RunAllAfters" source ="AnnotationTest.java" package ="org.junit.tests.running.methods" value ="1"/>
         <Value name="RunAllAftersRegardless" source ="AnnotationTest.java" package ="org.junit.tests.running.methods" value ="1"/>
         <Value name="SetupFailureTest" source ="AnnotationTest.java" package ="org.junit.tests.running.methods" value ="1"/>
         <Value name="SetupTest" source ="AnnotationTest.java" package ="org.junit.tests.running.methods" value ="1"/>
         <Value name="SimpleTest" source ="AnnotationTest.java" package ="org.junit.tests.running.methods" value ="1"/>
         <Value name="SimpleTestWithFutureProofExplicitRunner" source ="AnnotationTest.java" package ="org.junit.tests.running.methods" value ="1"/>
         <Value name="SuperInheritance" source ="AnnotationTest.java" package ="org.junit.tests.running.methods" value ="1"/>
         <Value name="SuperShadowing" source ="AnnotationTest.java" package ="org.junit.tests.running.methods" value ="1"/>
         <Value name="SuperTest" source ="AnnotationTest.java" package ="org.junit.tests.running.methods" value ="1"/>
         <Value name="TeardownAfterFailureTest" source ="AnnotationTest.java" package ="org.junit.tests.running.methods" value ="1"/>
         <Value name="TeardownFailureTest" source ="AnnotationTest.java" package ="org.junit.tests.running.methods" value ="1"/>
         <Value name="TeardownTest" source ="AnnotationTest.java" package ="org.junit.tests.running.methods" value ="1"/>
         <Value name="TestAndTeardownFailureTest" source ="AnnotationTest.java" package ="org.junit.tests.running.methods" value ="1"/>
         <Value name="TwoTests" source ="AnnotationTest.java" package ="org.junit.tests.running.methods" value ="1"/>
         <Value name="ExpectedTest" source ="ExpectedTest.java" package ="org.junit.tests.running.methods" value ="1"/>
         <Value name="ExpectSuperclass" source ="ExpectedTest.java" package ="org.junit.tests.running.methods" value ="1"/>
         <Value name="Expected" source ="ExpectedTest.java" package ="org.junit.tests.running.methods" value ="1"/>
         <Value name="NoneThrown" source ="ExpectedTest.java" package ="org.junit.tests.running.methods" value ="1"/>
         <Value name="Unexpected" source ="ExpectedTest.java" package ="org.junit.tests.running.methods" value ="1"/>
         <Value name="InheritedTestTest" source ="InheritedTestTest.java" package ="org.junit.tests.running.methods" value ="1"/>
         <Value name="Super" source ="InheritedTestTest.java" package ="org.junit.tests.running.methods" value ="1"/>
         <Value name="ParameterizedTestMethodTest" source ="ParameterizedTestMethodTest.java" package ="org.junit.tests.running.methods" value ="1"/>
         <Value name="EverythingWrong" source ="ParameterizedTestMethodTest.java" package ="org.junit.tests.running.methods" value ="1"/>
         <Value name="SuperWrong" source ="ParameterizedTestMethodTest.java" package ="org.junit.tests.running.methods" value ="1"/>
         <Value name="TestMethodTest" source ="TestMethodTest.java" package ="org.junit.tests.running.methods" value ="1"/>
         <Value name="Confused" source ="TestMethodTest.java" package ="org.junit.tests.running.methods" value ="1"/>
         <Value name="ConstructorParameter" source ="TestMethodTest.java" package ="org.junit.tests.running.methods" value ="1"/>
         <Value name="EverythingWrong" source ="TestMethodTest.java" package ="org.junit.tests.running.methods" value ="1"/>
         <Value name="IgnoredTest" source ="TestMethodTest.java" package ="org.junit.tests.running.methods" value ="1"/>
         <Value name="OnlyTestIsIgnored" source ="TestMethodTest.java" package ="org.junit.tests.running.methods" value ="1"/>
         <Value name="SuperWrong" source ="TestMethodTest.java" package ="org.junit.tests.running.methods" value ="1"/>
         <Value name="TimeoutTest" source ="TimeoutTest.java" package ="org.junit.tests.running.methods" value ="1"/>
         <Value name="FailureWithTimeoutRunTimeExceptionTest" source ="TimeoutTest.java" package ="org.junit.tests.running.methods" value ="1"/>
         <Value name="FailureWithTimeoutTest" source ="TimeoutTest.java" package ="org.junit.tests.running.methods" value ="1"/>
         <Value name="ImpatientLoopTest" source ="TimeoutTest.java" package ="org.junit.tests.running.methods" value ="1"/>
         <Value name="InfiniteLoopTest" source ="TimeoutTest.java" package ="org.junit.tests.running.methods" value ="1"/>
         <Value name="SuccessWithTimeoutTest" source ="TimeoutTest.java" package ="org.junit.tests.running.methods" value ="1"/>
         <Value name="TimeoutFailureTest" source ="TimeoutTest.java" package ="org.junit.tests.running.methods" value ="1"/>
         <Value name="WillTimeOut" source ="TimeoutTest.java" package ="org.junit.tests.running.methods" value ="1"/>
         <Value name="Super" source ="Super.java" package ="org.junit.tests.validation.anotherpackage" value ="1"/>
         <Value name="BadlyFormedClassesTest" source ="BadlyFormedClassesTest.java" package ="org.junit.tests.validation" value ="1"/>
         <Value name="BadBeforeMethodWithLegacyRunner" source ="BadlyFormedClassesTest.java" package ="org.junit.tests.validation" value ="1"/>
         <Value name="FaultyConstructor" source ="BadlyFormedClassesTest.java" package ="org.junit.tests.validation" value ="1"/>
         <Value name="NoTests" source ="BadlyFormedClassesTest.java" package ="org.junit.tests.validation" value ="1"/>
         <Value name="FailedConstructionTest" source ="FailedConstructionTest.java" package ="org.junit.tests.validation" value ="1"/>
         <Value name="CantConstruct" source ="FailedConstructionTest.java" package ="org.junit.tests.validation" value ="1"/>
         <Value name="InaccessibleBaseClassTest" source ="InaccessibleBaseClassTest.java" package ="org.junit.tests.validation" value ="1"/>
         <Value name="ValidationTest" source ="ValidationTest.java" package ="org.junit.tests.validation" value ="1"/>
         <Value name="NonStaticBeforeClass" source ="ValidationTest.java" package ="org.junit.tests.validation" value ="1"/>
         <Value name="WrongBeforeClass" source ="ValidationTest.java" package ="org.junit.tests.validation" value ="1"/>
         <Value name="AllTests" source ="AllTests.java" package ="org.junit.tests" value ="1"/>
         <Value name="ObjectContractTest" source ="ObjectContractTest.java" package ="org.junit.tests" value ="1"/>
         <Value name="ParentRunnerTest" source ="ParentRunnerTest.java" package ="org.junit.tests" value ="1"/>
         <Value name="FruitTest" source ="ParentRunnerTest.java" package ="org.junit.tests" value ="1"/>
         <Value name="TestSystem" source ="TestSystem.java" package ="org.junit.tests" value ="1"/>
         <Value name="IncludeCategory" source ="Categories.java" package ="org.junit.experimental.categories" value ="0"/>
         <Value name="Parameters" source ="Parameterized.java" package ="org.junit.runners" value ="0"/>
         <Value name="MyOwnAnnotation" source ="AnnotatedDescriptionTest.java" package ="org.junit.tests.description" value ="0"/>
      </Values>
   </Metric>
   <Metric id = "NOP" description ="Number of Packages">
      <Value value="56"/>
   </Metric>
   <Metric id = "CA" description ="Afferent Coupling">
      <Values per = "packageFragment" avg = "11.482" stddev = "23.06" max = "113">
         <Value name="org.junit.runner" package ="org.junit.runner" value ="113"/>
         <Value name="org.junit" package ="org.junit" value ="104"/>
         <Value name="junit.framework" package ="junit.framework" value ="72"/>
         <Value name="org.junit.runners.model" package ="org.junit.runners.model" value ="53"/>
         <Value name="org.junit.runner.notification" package ="org.junit.runner.notification" value ="39"/>
         <Value name="org.junit.runners" package ="org.junit.runners" value ="34"/>
         <Value name="org.junit.experimental.theories" package ="org.junit.experimental.theories" value ="24"/>
         <Value name="org.junit.internal" package ="org.junit.internal" value ="23"/>
         <Value name="org.junit.experimental.results" package ="org.junit.experimental.results" value ="20"/>
         <Value name="org.junit.matchers" package ="org.junit.matchers" value ="16"/>
         <Value name="org.junit.internal.matchers" package ="org.junit.internal.matchers" value ="15"/>
         <Value name="org.junit.rules" package ="org.junit.rules" value ="14"/>
         <Value name="junit.textui" package ="junit.textui" value ="13"/>
         <Value name="org.junit.internal.runners" package ="org.junit.internal.runners" value ="13"/>
         <Value name="org.junit.runner.manipulation" package ="org.junit.runner.manipulation" value ="12"/>
         <Value name="junit.extensions" package ="junit.extensions" value ="5"/>
         <Value name="junit.runner" package ="junit.runner" value ="5"/>
         <Value name="org.junit.experimental.theories.internal" package ="org.junit.experimental.theories.internal" value ="5"/>
         <Value name="org.junit.internal.builders" package ="org.junit.internal.builders" value ="5"/>
         <Value name="org.junit.internal.runners.model" package ="org.junit.internal.runners.model" value ="5"/>
         <Value name="junit.tests" package ="junit.tests" value ="5"/>
         <Value name="org.junit.experimental.runners" package ="org.junit.experimental.runners" value ="4"/>
         <Value name="org.junit.internal.runners.statements" package ="org.junit.internal.runners.statements" value ="3"/>
         <Value name="junit.samples.money" package ="junit.samples.money" value ="3"/>
         <Value name="org.junit.tests" package ="org.junit.tests" value ="3"/>
         <Value name="org.junit.experimental" package ="org.junit.experimental" value ="2"/>
         <Value name="org.junit.experimental.categories" package ="org.junit.experimental.categories" value ="2"/>
         <Value name="org.junit.experimental.max" package ="org.junit.experimental.max" value ="2"/>
         <Value name="org.junit.experimental.theories.suppliers" package ="org.junit.experimental.theories.suppliers" value ="2"/>
         <Value name="org.junit.internal.requests" package ="org.junit.internal.requests" value ="2"/>
         <Value name="org.junit.tests.experimental.theories" package ="org.junit.tests.experimental.theories" value ="2"/>
         <Value name="org.junit.tests.experimental.theories.runner" package ="org.junit.tests.experimental.theories.runner" value ="2"/>
         <Value name="junit.tests.extensions" package ="junit.tests.extensions" value ="1"/>
         <Value name="junit.tests.framework" package ="junit.tests.framework" value ="1"/>
         <Value name="junit.tests.runner" package ="junit.tests.runner" value ="1"/>
         <Value name="org.junit.tests.assertion" package ="org.junit.tests.assertion" value ="1"/>
         <Value name="org.junit.tests.deprecated" package ="org.junit.tests.deprecated" value ="1"/>
         <Value name="org.junit.tests.description" package ="org.junit.tests.description" value ="1"/>
         <Value name="org.junit.tests.experimental" package ="org.junit.tests.experimental" value ="1"/>
         <Value name="org.junit.tests.experimental.categories" package ="org.junit.tests.experimental.categories" value ="1"/>
         <Value name="org.junit.tests.experimental.max" package ="org.junit.tests.experimental.max" value ="1"/>
         <Value name="org.junit.tests.experimental.parallel" package ="org.junit.tests.experimental.parallel" value ="1"/>
         <Value name="org.junit.tests.experimental.results" package ="org.junit.tests.experimental.results" value ="1"/>
         <Value name="org.junit.tests.experimental.rules" package ="org.junit.tests.experimental.rules" value ="1"/>
         <Value name="org.junit.tests.experimental.theories.extendingwithstubs" package ="org.junit.tests.experimental.theories.extendingwithstubs" value ="1"/>
         <Value name="org.junit.tests.junit3compatibility" package ="org.junit.tests.junit3compatibility" value ="1"/>
         <Value name="org.junit.tests.listening" package ="org.junit.tests.listening" value ="1"/>
         <Value name="org.junit.tests.manipulation" package ="org.junit.tests.manipulation" value ="1"/>
         <Value name="org.junit.tests.running.classes" package ="org.junit.tests.running.classes" value ="1"/>
         <Value name="org.junit.tests.running.core" package ="org.junit.tests.running.core" value ="1"/>
         <Value name="org.junit.tests.running.methods" package ="org.junit.tests.running.methods" value ="1"/>
         <Value name="org.junit.tests.validation" package ="org.junit.tests.validation" value ="1"/>
         <Value name="org.junit.tests.validation.anotherpackage" package ="org.junit.tests.validation.anotherpackage" value ="1"/>
         <Value name="junit.samples" package ="junit.samples" value ="0"/>
         <Value name="org.junit.samples" package ="org.junit.samples" value ="0"/>
         <Value name="org.junit.samples.money" package ="org.junit.samples.money" value ="0"/>
      </Values>
   </Metric>
   <Metric id = "NOI" description ="Number of Interfaces">
      <Values per = "packageFragment" total = "16" avg = "0.286" stddev = "0.7" max = "3">
         <Value name="junit.framework" package ="junit.framework" value ="3"/>
         <Value name="org.junit.tests.experimental.categories" package ="org.junit.tests.experimental.categories" value ="3"/>
         <Value name="org.junit.rules" package ="org.junit.rules" value ="2"/>
         <Value name="org.junit.runner.manipulation" package ="org.junit.runner.manipulation" value ="2"/>
         <Value name="junit.runner" package ="junit.runner" value ="1"/>
         <Value name="org.junit.internal" package ="org.junit.internal" value ="1"/>
         <Value name="org.junit.runner" package ="org.junit.runner" value ="1"/>
         <Value name="org.junit.runners.model" package ="org.junit.runners.model" value ="1"/>
         <Value name="junit.samples.money" package ="junit.samples.money" value ="1"/>
         <Value name="org.junit.tests.experimental.theories.extendingwithstubs" package ="org.junit.tests.experimental.theories.extendingwithstubs" value ="1"/>
         <Value name="junit.extensions" package ="junit.extensions" value ="0"/>
         <Value name="junit.textui" package ="junit.textui" value ="0"/>
         <Value name="org.junit" package ="org.junit" value ="0"/>
         <Value name="org.junit.experimental" package ="org.junit.experimental" value ="0"/>
         <Value name="org.junit.experimental.categories" package ="org.junit.experimental.categories" value ="0"/>
         <Value name="org.junit.experimental.max" package ="org.junit.experimental.max" value ="0"/>
         <Value name="org.junit.experimental.results" package ="org.junit.experimental.results" value ="0"/>
         <Value name="org.junit.experimental.runners" package ="org.junit.experimental.runners" value ="0"/>
         <Value name="org.junit.experimental.theories" package ="org.junit.experimental.theories" value ="0"/>
         <Value name="org.junit.experimental.theories.internal" package ="org.junit.experimental.theories.internal" value ="0"/>
         <Value name="org.junit.experimental.theories.suppliers" package ="org.junit.experimental.theories.suppliers" value ="0"/>
         <Value name="org.junit.internal.builders" package ="org.junit.internal.builders" value ="0"/>
         <Value name="org.junit.internal.matchers" package ="org.junit.internal.matchers" value ="0"/>
         <Value name="org.junit.internal.requests" package ="org.junit.internal.requests" value ="0"/>
         <Value name="org.junit.internal.runners" package ="org.junit.internal.runners" value ="0"/>
         <Value name="org.junit.internal.runners.model" package ="org.junit.internal.runners.model" value ="0"/>
         <Value name="org.junit.internal.runners.statements" package ="org.junit.internal.runners.statements" value ="0"/>
         <Value name="org.junit.matchers" package ="org.junit.matchers" value ="0"/>
         <Value name="org.junit.runner.notification" package ="org.junit.runner.notification" value ="0"/>
         <Value name="org.junit.runners" package ="org.junit.runners" value ="0"/>
         <Value name="junit.samples" package ="junit.samples" value ="0"/>
         <Value name="junit.tests" package ="junit.tests" value ="0"/>
         <Value name="junit.tests.extensions" package ="junit.tests.extensions" value ="0"/>
         <Value name="junit.tests.framework" package ="junit.tests.framework" value ="0"/>
         <Value name="junit.tests.runner" package ="junit.tests.runner" value ="0"/>
         <Value name="org.junit.samples" package ="org.junit.samples" value ="0"/>
         <Value name="org.junit.samples.money" package ="org.junit.samples.money" value ="0"/>
         <Value name="org.junit.tests" package ="org.junit.tests" value ="0"/>
         <Value name="org.junit.tests.assertion" package ="org.junit.tests.assertion" value ="0"/>
         <Value name="org.junit.tests.deprecated" package ="org.junit.tests.deprecated" value ="0"/>
         <Value name="org.junit.tests.description" package ="org.junit.tests.description" value ="0"/>
         <Value name="org.junit.tests.experimental" package ="org.junit.tests.experimental" value ="0"/>
         <Value name="org.junit.tests.experimental.max" package ="org.junit.tests.experimental.max" value ="0"/>
         <Value name="org.junit.tests.experimental.parallel" package ="org.junit.tests.experimental.parallel" value ="0"/>
         <Value name="org.junit.tests.experimental.results" package ="org.junit.tests.experimental.results" value ="0"/>
         <Value name="org.junit.tests.experimental.rules" package ="org.junit.tests.experimental.rules" value ="0"/>
         <Value name="org.junit.tests.experimental.theories" package ="org.junit.tests.experimental.theories" value ="0"/>
         <Value name="org.junit.tests.experimental.theories.runner" package ="org.junit.tests.experimental.theories.runner" value ="0"/>
         <Value name="org.junit.tests.junit3compatibility" package ="org.junit.tests.junit3compatibility" value ="0"/>
         <Value name="org.junit.tests.listening" package ="org.junit.tests.listening" value ="0"/>
         <Value name="org.junit.tests.manipulation" package ="org.junit.tests.manipulation" value ="0"/>
         <Value name="org.junit.tests.running.classes" package ="org.junit.tests.running.classes" value ="0"/>
         <Value name="org.junit.tests.running.core" package ="org.junit.tests.running.core" value ="0"/>
         <Value name="org.junit.tests.running.methods" package ="org.junit.tests.running.methods" value ="0"/>
         <Value name="org.junit.tests.validation" package ="org.junit.tests.validation" value ="0"/>
         <Value name="org.junit.tests.validation.anotherpackage" package ="org.junit.tests.validation.anotherpackage" value ="0"/>
      </Values>
   </Metric>
   <Metric id = "VG" description ="McCabe Cyclomatic Complexity" max ="10" hint ="use Extract-method to split the method up">
      <Values per = "method" avg = "1.217" stddev = "0.708" max = "10">
         <Value name="getTest" source ="BaseTestRunner.java" package ="junit.runner" value ="10"/>
         <Value name="start" source ="TestRunner.java" package ="junit.textui" value ="9"/>
         <Value name="arrayEquals" source ="ComparisonCriteria.java" package ="org.junit.internal" value ="8"/>
         <Value name="assertEquals" source ="Assert.java" package ="org.junit" value ="8"/>
         <Value name="createTest" source ="TestSuite.java" package ="junit.framework" value ="7"/>
         <Value name="makeDescription" source ="JUnit38ClassRunner.java" package ="org.junit.internal.runners" value ="7"/>
         <Value name="runTestMethod" source ="MethodRoadie.java" package ="org.junit.internal.runners" value ="7"/>
         <Value name="processArguments" source ="BaseTestRunner.java" package ="junit.runner" value ="6"/>
         <Value name="validatePublicVoid" source ="FrameworkMethod.java" package ="org.junit.runners.model" value ="6"/>
         <Value name="assertEquals" source ="Assert.java" package ="junit.framework" value ="5"/>
         <Value name="assertEquals" source ="Assert.java" package ="junit.framework" value ="5"/>
         <Value name="runBare" source ="TestCase.java" package ="junit.framework" value ="5"/>
         <Value name="runTest" source ="TestCase.java" package ="junit.framework" value ="5"/>
         <Value name="addTestsFromTestCase" source ="TestSuite.java" package ="junit.framework" value ="5"/>
         <Value name="getFilteredTrace" source ="BaseTestRunner.java" package ="junit.runner" value ="5"/>
         <Value name="buildRunner" source ="MaxCore.java" package ="org.junit.experimental.max" value ="5"/>
         <Value name="evaluate" source ="ExpectException.java" package ="org.junit.internal.runners.statements" value ="5"/>
         <Value name="filter" source ="JUnit38ClassRunner.java" package ="org.junit.internal.runners" value ="5"/>
         <Value name="isShadowed" source ="TestClass.java" package ="org.junit.internal.runners" value ="5"/>
         <Value name="isShadowedBy" source ="FrameworkMethod.java" package ="org.junit.runners.model" value ="5"/>
         <Value name="equals" source ="MoneyBag.java" package ="junit.samples.money" value ="5"/>
         <Value name="compact" source ="ComparisonCompactor.java" package ="junit.framework" value ="4"/>
         <Value name="findCommonSuffix" source ="ComparisonCompactor.java" package ="junit.framework" value ="4"/>
         <Value name="runProtected" source ="TestResult.java" package ="junit.framework" value ="4"/>
         <Value name="addTestMethod" source ="TestSuite.java" package ="junit.framework" value ="4"/>
         <Value name="readPreferences" source ="BaseTestRunner.java" package ="junit.runner" value ="4"/>
         <Value name="printDefects" source ="ResultPrinter.java" package ="junit.textui" value ="4"/>
         <Value name="compare" source ="MaxHistory.java" package ="org.junit.experimental.max" value ="4"/>
         <Value name="getValue" source ="AllMembersSupplier.java" package ="org.junit.experimental.theories.internal" value ="4"/>
         <Value name="getActualValues" source ="Assignments.java" package ="org.junit.experimental.theories.internal" value ="4"/>
         <Value name="evaluate" source ="FailOnTimeout.java" package ="org.junit.internal.runners.statements" value ="4"/>
         <Value name="runBefores" source ="ClassRoadie.java" package ="org.junit.internal.runners" value ="4"/>
         <Value name="getCauses" source ="ErrorReportingRunner.java" package ="org.junit.internal.runners" value ="4"/>
         <Value name="filter" source ="JUnit4ClassRunner.java" package ="org.junit.internal.runners" value ="4"/>
         <Value name="runBefores" source ="MethodRoadie.java" package ="org.junit.internal.runners" value ="4"/>
         <Value name="assertArraysAreSameLength" source ="ComparisonCriteria.java" package ="org.junit.internal" value ="4"/>
         <Value name="evaluate" source ="ExpectedException.java" package ="org.junit.rules" value ="4"/>
         <Value name="validateRuleField" source ="BlockJUnit4ClassRunner.java" package ="org.junit.runners" value ="4"/>
         <Value name="run" source ="ParentRunner.java" package ="org.junit.runners" value ="4"/>
         <Value name="format" source ="Assert.java" package ="org.junit" value ="4"/>
         <Value name="compact" source ="ComparisonFailure.java" package ="org.junit" value ="4"/>
         <Value name="findCommonSuffix" source ="ComparisonFailure.java" package ="org.junit" value ="4"/>
         <Value name="equals" source ="Money.java" package ="junit.samples.money" value ="4"/>
         <Value name="appendMoney" source ="MoneyBag.java" package ="junit.samples.money" value ="4"/>
         <Value name="generateGuess" source ="Guesser.java" package ="org.junit.tests.experimental.theories.extendingwithstubs" value ="4"/>
         <Value name="waitUntilFinished" source ="ActiveTestSuite.java" package ="junit.extensions" value ="3"/>
         <Value name="run" source ="RepeatedTest.java" package ="junit.extensions" value ="3"/>
         <Value name="assertEquals" source ="Assert.java" package ="junit.framework" value ="3"/>
         <Value name="assertEquals" source ="Assert.java" package ="junit.framework" value ="3"/>
         <Value name="compactString" source ="ComparisonCompactor.java" package ="junit.framework" value ="3"/>
         <Value name="findCommonPrefix" source ="ComparisonCompactor.java" package ="junit.framework" value ="3"/>
         <Value name="asTest" source ="JUnit4TestAdapterCache.java" package ="junit.framework" value ="3"/>
         <Value name="filterLine" source ="BaseTestRunner.java" package ="junit.runner" value ="3"/>
         <Value name="getPreference" source ="BaseTestRunner.java" package ="junit.runner" value ="3"/>
         <Value name="truncate" source ="BaseTestRunner.java" package ="junit.runner" value ="3"/>
         <Value name="main" source ="TestRunner.java" package ="junit.textui" value ="3"/>
         <Value name="pause" source ="TestRunner.java" package ="junit.textui" value ="3"/>
         <Value name="directCategories" source ="Categories.java" package ="org.junit.experimental.categories" value ="3"/>
         <Value name="findLeaves" source ="MaxCore.java" package ="org.junit.experimental.max" value ="3"/>
         <Value name="forFolder" source ="MaxHistory.java" package ="org.junit.experimental.max" value ="3"/>
         <Value name="getStaticFieldValue" source ="AllMembersSupplier.java" package ="org.junit.experimental.theories.internal" value ="3"/>
         <Value name="join" source ="ParameterizedAssertionError.java" package ="org.junit.experimental.theories.internal" value ="3"/>
         <Value name="buildRunner" source ="AnnotatedBuilder.java" package ="org.junit.internal.builders" value ="3"/>
         <Value name="assertEmpty" source ="MultipleFailureException.java" package ="org.junit.internal.runners.model" value ="3"/>
         <Value name="invokeTestMethod" source ="JUnit4ClassRunner.java" package ="org.junit.internal.runners" value ="3"/>
         <Value name="run" source ="MethodRoadie.java" package ="org.junit.internal.runners" value ="3"/>
         <Value name="runBeforesThenTestThenAfters" source ="MethodRoadie.java" package ="org.junit.internal.runners" value ="3"/>
         <Value name="testFromSuiteMethod" source ="SuiteMethod.java" package ="org.junit.internal.runners" value ="3"/>
         <Value name="getExpectedException" source ="TestMethod.java" package ="org.junit.internal.runners" value ="3"/>
         <Value name="printFailures" source ="TextListener.java" package ="org.junit.internal" value ="3"/>
         <Value name="run" source ="RunNotifier.java" package ="org.junit.runner.notification" value ="3"/>
         <Value name="TestClass" source ="TestClass.java" package ="org.junit.runners.model" value ="3"/>
         <Value name="getExpectedException" source ="BlockJUnit4ClassRunner.java" package ="org.junit.runners" value ="3"/>
         <Value name="runNotIgnored" source ="BlockJUnit4ClassRunner.java" package ="org.junit.runners" value ="3"/>
         <Value name="validateZeroArgConstructor" source ="BlockJUnit4ClassRunner.java" package ="org.junit.runners" value ="3"/>
         <Value name="getTestClass" source ="Description.java" package ="org.junit.runner" value ="3"/>
         <Value name="assertEquals" source ="Assert.java" package ="org.junit" value ="3"/>
         <Value name="compactString" source ="ComparisonFailure.java" package ="org.junit" value ="3"/>
         <Value name="findCommonPrefix" source ="ComparisonFailure.java" package ="org.junit" value ="3"/>
         <Value name="execTest" source ="TextRunnerTest.java" package ="junit.tests.runner" value ="3"/>
         <Value name="threeAndsWork" source ="BothTest.java" package ="org.junit.tests.assertion" value ="3"/>
         <Value name="threeOrsWork" source ="BothTest.java" package ="org.junit.tests.assertion" value ="3"/>
         <Value name="shouldStop" source ="WithOnlyTestAnnotations.java" package ="org.junit.tests.experimental.theories.runner" value ="3"/>
         <Value name="assumeNotNullIncludesParameterList" source ="AssumptionTest.java" package ="org.junit.tests.experimental" value ="3"/>
         <Value name="infiniteLoop" source ="TimeoutTest.java" package ="org.junit.tests.running.methods" value ="3"/>
         <Value name="test" source ="TimeoutTest.java" package ="org.junit.tests.running.methods" value ="3"/>
         <Value name="toStringMethod" source ="ObjectContractTest.java" package ="org.junit.tests" value ="3"/>
         <Value name="RepeatedTest" source ="RepeatedTest.java" package ="junit.extensions" value ="2"/>
         <Value name="assertNotSame" source ="Assert.java" package ="junit.framework" value ="2"/>
         <Value name="assertSame" source ="Assert.java" package ="junit.framework" value ="2"/>
         <Value name="assertTrue" source ="Assert.java" package ="junit.framework" value ="2"/>
         <Value name="failNotSame" source ="Assert.java" package ="junit.framework" value ="2"/>
         <Value name="failSame" source ="Assert.java" package ="junit.framework" value ="2"/>
         <Value name="format" source ="Assert.java" package ="junit.framework" value ="2"/>
         <Value name="computeCommonPrefix" source ="ComparisonCompactor.java" package ="junit.framework" value ="2"/>
         <Value name="computeCommonSuffix" source ="ComparisonCompactor.java" package ="junit.framework" value ="2"/>
         <Value name="removeIgnored" source ="JUnit4TestAdapter.java" package ="junit.framework" value ="2"/>
         <Value name="asTestList" source ="JUnit4TestAdapterCache.java" package ="junit.framework" value ="2"/>
         <Value name="createTest" source ="JUnit4TestAdapterCache.java" package ="junit.framework" value ="2"/>
         <Value name="getTestConstructor" source ="TestSuite.java" package ="junit.framework" value ="2"/>
         <Value name="testCaseForClass" source ="TestSuite.java" package ="junit.framework" value ="2"/>
         <Value name="toString" source ="TestSuite.java" package ="junit.framework" value ="2"/>
         <Value name="extractClassName" source ="BaseTestRunner.java" package ="junit.runner" value ="2"/>
         <Value name="getPreferences" source ="BaseTestRunner.java" package ="junit.runner" value ="2"/>
         <Value name="printFooter" source ="ResultPrinter.java" package ="junit.textui" value ="2"/>
         <Value name="startTest" source ="ResultPrinter.java" package ="junit.textui" value ="2"/>
         <Value name="hasCorrectCategoryAnnotation" source ="Categories.java" package ="org.junit.experimental.categories" value ="2"/>
         <Value name="parentDescription" source ="Categories.java" package ="org.junit.experimental.categories" value ="2"/>
         <Value name="shouldRun" source ="Categories.java" package ="org.junit.experimental.categories" value ="2"/>
         <Value name="Categories" source ="Categories.java" package ="org.junit.experimental.categories" value ="2"/>
         <Value name="assertNoCategorizedDescendentsOfUncategorizeableParents" source ="Categories.java" package ="org.junit.experimental.categories" value ="2"/>
         <Value name="getExcludedCategory" source ="Categories.java" package ="org.junit.experimental.categories" value ="2"/>
         <Value name="getIncludedCategory" source ="Categories.java" package ="org.junit.experimental.categories" value ="2"/>
         <Value name="constructLeafRequest" source ="MaxCore.java" package ="org.junit.experimental.max" value ="2"/>
         <Value name="getMalformedTestClass" source ="MaxCore.java" package ="org.junit.experimental.max" value ="2"/>
         <Value name="sortRequest" source ="MaxCore.java" package ="org.junit.experimental.max" value ="2"/>
         <Value name="getFailure" source ="MaxHistory.java" package ="org.junit.experimental.max" value ="2"/>
         <Value name="readHistory" source ="MaxHistory.java" package ="org.junit.experimental.max" value ="2"/>
         <Value name="createInstance" source ="SuiteBuilder.java" package ="org.junit.experimental.runners" value ="2"/>
         <Value name="addArrayValues" source ="AllMembersSupplier.java" package ="org.junit.experimental.theories.internal" value ="2"/>
         <Value name="getAnnotatedSupplier" source ="Assignments.java" package ="org.junit.experimental.theories.internal" value ="2"/>
         <Value name="getArgumentStrings" source ="Assignments.java" package ="org.junit.experimental.theories.internal" value ="2"/>
         <Value name="getSupplier" source ="Assignments.java" package ="org.junit.experimental.theories.internal" value ="2"/>
         <Value name="stringValueOf" source ="ParameterizedAssertionError.java" package ="org.junit.experimental.theories.internal" value ="2"/>
         <Value name="findDeepAnnotation" source ="ParameterSignature.java" package ="org.junit.experimental.theories" value ="2"/>
         <Value name="signatures" source ="ParameterSignature.java" package ="org.junit.experimental.theories" value ="2"/>
         <Value name="evaluate" source ="Theories.java" package ="org.junit.experimental.theories" value ="2"/>
         <Value name="methodCompletesWithParameters" source ="Theories.java" package ="org.junit.experimental.theories" value ="2"/>
         <Value name="nullsOk" source ="Theories.java" package ="org.junit.experimental.theories" value ="2"/>
         <Value name="reportParameterizedError" source ="Theories.java" package ="org.junit.experimental.theories" value ="2"/>
         <Value name="runWithAssignment" source ="Theories.java" package ="org.junit.experimental.theories" value ="2"/>
         <Value name="getRunner" source ="ParallelComputer.java" package ="org.junit.experimental" value ="2"/>
         <Value name="getSuite" source ="ParallelComputer.java" package ="org.junit.experimental" value ="2"/>
         <Value name="parallelize" source ="ParallelComputer.java" package ="org.junit.experimental" value ="2"/>
         <Value name="suiteMethodBuilder" source ="AllDefaultPossibilitiesBuilder.java" package ="org.junit.internal.builders" value ="2"/>
         <Value name="runnerForClass" source ="AnnotatedBuilder.java" package ="org.junit.internal.builders" value ="2"/>
         <Value name="runnerForClass" source ="IgnoredBuilder.java" package ="org.junit.internal.builders" value ="2"/>
         <Value name="runnerForClass" source ="JUnit3Builder.java" package ="org.junit.internal.builders" value ="2"/>
         <Value name="hasSuiteMethod" source ="SuiteMethodBuilder.java" package ="org.junit.internal.builders" value ="2"/>
         <Value name="runnerForClass" source ="SuiteMethodBuilder.java" package ="org.junit.internal.builders" value ="2"/>
         <Value name="findExpectedType" source ="TypeSafeMatcher.java" package ="org.junit.internal.matchers" value ="2"/>
         <Value name="getRunner" source ="FilterRequest.java" package ="org.junit.internal.requests" value ="2"/>
         <Value name="addFailure" source ="EachTestNotifier.java" package ="org.junit.internal.runners.model" value ="2"/>
         <Value name="run" source ="ReflectiveCallable.java" package ="org.junit.internal.runners.model" value ="2"/>
         <Value name="evaluate" source ="RunAfters.java" package ="org.junit.internal.runners.statements" value ="2"/>
         <Value name="runProtected" source ="ClassRoadie.java" package ="org.junit.internal.runners" value ="2"/>
         <Value name="asDescription" source ="JUnit38ClassRunner.java" package ="org.junit.internal.runners" value ="2"/>
         <Value name="getName" source ="JUnit38ClassRunner.java" package ="org.junit.internal.runners" value ="2"/>
         <Value name="createSuiteDescription" source ="JUnit38ClassRunner.java" package ="org.junit.internal.runners" value ="2"/>
         <Value name="sort" source ="JUnit38ClassRunner.java" package ="org.junit.internal.runners" value ="2"/>
         <Value name="assertValid" source ="MethodValidator.java" package ="org.junit.internal.runners" value ="2"/>
         <Value name="validateInstanceMethods" source ="MethodValidator.java" package ="org.junit.internal.runners" value ="2"/>
         <Value name="validateNoArgConstructor" source ="MethodValidator.java" package ="org.junit.internal.runners" value ="2"/>
         <Value name="getAnnotatedMethods" source ="TestClass.java" package ="org.junit.internal.runners" value ="2"/>
         <Value name="getSuperClasses" source ="TestClass.java" package ="org.junit.internal.runners" value ="2"/>
         <Value name="getTimeout" source ="TestMethod.java" package ="org.junit.internal.runners" value ="2"/>
         <Value name="getMessage" source ="ArrayComparisonFailure.java" package ="org.junit.internal" value ="2"/>
         <Value name="AssumptionViolatedException" source ="AssumptionViolatedException.java" package ="org.junit.internal" value ="2"/>
         <Value name="describeTo" source ="AssumptionViolatedException.java" package ="org.junit.internal" value ="2"/>
         <Value name="assertElementsEqual" source ="InexactComparisonCriteria.java" package ="org.junit.internal" value ="2"/>
         <Value name="printFooter" source ="TextListener.java" package ="org.junit.internal" value ="2"/>
         <Value name="checkSucceeds" source ="ErrorCollector.java" package ="org.junit.rules" value ="2"/>
         <Value name="expect" source ="ExpectedException.java" package ="org.junit.rules" value ="2"/>
         <Value name="recursiveDelete" source ="TemporaryFolder.java" package ="org.junit.rules" value ="2"/>
         <Value name="apply" source ="TestWatcher.java" package ="org.junit.rules" value ="2"/>
         <Value name="apply" source ="TestWatchman.java" package ="org.junit.rules" value ="2"/>
         <Value name="apply" source ="Filter.java" package ="org.junit.runner.manipulation" value ="2"/>
         <Value name="matchMethodDescription" source ="Filter.java" package ="org.junit.runner.manipulation" value ="2"/>
         <Value name="apply" source ="Sorter.java" package ="org.junit.runner.manipulation" value ="2"/>
         <Value name="fireTestStarted" source ="RunNotifier.java" package ="org.junit.runner.notification" value ="2"/>
         <Value name="equals" source ="FrameworkMethod.java" package ="org.junit.runners.model" value ="2"/>
         <Value name="validatePublicVoidNoArg" source ="FrameworkMethod.java" package ="org.junit.runners.model" value ="2"/>
         <Value name="addParent" source ="RunnerBuilder.java" package ="org.junit.runners.model" value ="2"/>
         <Value name="safeRunnerForClass" source ="RunnerBuilder.java" package ="org.junit.runners.model" value ="2"/>
         <Value name="getAnnotatedMembers" source ="TestClass.java" package ="org.junit.runners.model" value ="2"/>
         <Value name="getAnnotations" source ="TestClass.java" package ="org.junit.runners.model" value ="2"/>
         <Value name="getName" source ="TestClass.java" package ="org.junit.runners.model" value ="2"/>
         <Value name="getSuperClasses" source ="TestClass.java" package ="org.junit.runners.model" value ="2"/>
         <Value name="getTimeout" source ="BlockJUnit4ClassRunner.java" package ="org.junit.runners" value ="2"/>
         <Value name="methodBlock" source ="BlockJUnit4ClassRunner.java" package ="org.junit.runners" value ="2"/>
         <Value name="possiblyExpectingExceptions" source ="BlockJUnit4ClassRunner.java" package ="org.junit.runners" value ="2"/>
         <Value name="runChild" source ="BlockJUnit4ClassRunner.java" package ="org.junit.runners" value ="2"/>
         <Value name="validateInstanceMethods" source ="BlockJUnit4ClassRunner.java" package ="org.junit.runners" value ="2"/>
         <Value name="validateOnlyOneConstructor" source ="BlockJUnit4ClassRunner.java" package ="org.junit.runners" value ="2"/>
         <Value name="withAfters" source ="BlockJUnit4ClassRunner.java" package ="org.junit.runners" value ="2"/>
         <Value name="withBefores" source ="BlockJUnit4ClassRunner.java" package ="org.junit.runners" value ="2"/>
         <Value name="withPotentialTimeout" source ="BlockJUnit4ClassRunner.java" package ="org.junit.runners" value ="2"/>
         <Value name="computeParams" source ="Parameterized.java" package ="org.junit.runners" value ="2"/>
         <Value name="Parameterized" source ="Parameterized.java" package ="org.junit.runners" value ="2"/>
         <Value name="filterChild" source ="ParentRunner.java" package ="org.junit.runners" value ="2"/>
         <Value name="getClassRule" source ="ParentRunner.java" package ="org.junit.runners" value ="2"/>
         <Value name="validate" source ="ParentRunner.java" package ="org.junit.runners" value ="2"/>
         <Value name="withAfterClasses" source ="ParentRunner.java" package ="org.junit.runners" value ="2"/>
         <Value name="withBeforeClasses" source ="ParentRunner.java" package ="org.junit.runners" value ="2"/>
         <Value name="withClassRules" source ="ParentRunner.java" package ="org.junit.runners" value ="2"/>
         <Value name="emptySuite" source ="Suite.java" package ="org.junit.runners" value ="2"/>
         <Value name="getAnnotatedClasses" source ="Suite.java" package ="org.junit.runners" value ="2"/>
         <Value name="createSuiteDescription" source ="Description.java" package ="org.junit.runner" value ="2"/>
         <Value name="equals" source ="Description.java" package ="org.junit.runner" value ="2"/>
         <Value name="getClassName" source ="Description.java" package ="org.junit.runner" value ="2"/>
         <Value name="parseMethod" source ="Description.java" package ="org.junit.runner" value ="2"/>
         <Value name="testCount" source ="Description.java" package ="org.junit.runner" value ="2"/>
         <Value name="classes" source ="Request.java" package ="org.junit.runner" value ="2"/>
         <Value name="assertNotSame" source ="Assert.java" package ="org.junit" value ="2"/>
         <Value name="assertSame" source ="Assert.java" package ="org.junit" value ="2"/>
         <Value name="assertThat" source ="Assert.java" package ="org.junit" value ="2"/>
         <Value name="assertTrue" source ="Assert.java" package ="org.junit" value ="2"/>
         <Value name="failNotSame" source ="Assert.java" package ="org.junit" value ="2"/>
         <Value name="failSame" source ="Assert.java" package ="org.junit" value ="2"/>
         <Value name="fail" source ="Assert.java" package ="org.junit" value ="2"/>
         <Value name="formatClassAndValue" source ="Assert.java" package ="org.junit" value ="2"/>
         <Value name="assumeThat" source ="Assume.java" package ="org.junit" value ="2"/>
         <Value name="computeCommonPrefix" source ="ComparisonFailure.java" package ="org.junit" value ="2"/>
         <Value name="computeCommonSuffix" source ="ComparisonFailure.java" package ="org.junit" value ="2"/>
         <Value name="addMoney" source ="Money.java" package ="junit.samples.money" value ="2"/>
         <Value name="hashCode" source ="Money.java" package ="junit.samples.money" value ="2"/>
         <Value name="contains" source ="MoneyBag.java" package ="junit.samples.money" value ="2"/>
         <Value name="multiply" source ="MoneyBag.java" package ="junit.samples.money" value ="2"/>
         <Value name="simplify" source ="MoneyBag.java" package ="junit.samples.money" value ="2"/>
         <Value name="testCapacity" source ="ListTest.java" package ="junit.samples" value ="2"/>
         <Value name="testElementAt" source ="ListTest.java" package ="junit.samples" value ="2"/>
         <Value name="createActiveTestSuite" source ="ActiveTestTest.java" package ="junit.tests.extensions" value ="2"/>
         <Value name="testRepeatedNegative" source ="RepeatedTestTest.java" package ="junit.tests.extensions" value ="2"/>
         <Value name="testAssertEquals" source ="AssertTest.java" package ="junit.tests.framework" value ="2"/>
         <Value name="testAssertFalse" source ="AssertTest.java" package ="junit.tests.framework" value ="2"/>
         <Value name="testAssertNotNull" source ="AssertTest.java" package ="junit.tests.framework" value ="2"/>
         <Value name="testAssertNotSame" source ="AssertTest.java" package ="junit.tests.framework" value ="2"/>
         <Value name="testAssertNotSameFailsNull" source ="AssertTest.java" package ="junit.tests.framework" value ="2"/>
         <Value name="testAssertNull" source ="AssertTest.java" package ="junit.tests.framework" value ="2"/>
         <Value name="testAssertNullNotEqualsNull" source ="AssertTest.java" package ="junit.tests.framework" value ="2"/>
         <Value name="testAssertNullNotEqualsString" source ="AssertTest.java" package ="junit.tests.framework" value ="2"/>
         <Value name="testAssertSame" source ="AssertTest.java" package ="junit.tests.framework" value ="2"/>
         <Value name="testAssertStringNotEqualsNull" source ="AssertTest.java" package ="junit.tests.framework" value ="2"/>
         <Value name="testAssertTrue" source ="AssertTest.java" package ="junit.tests.framework" value ="2"/>
         <Value name="testFail" source ="AssertTest.java" package ="junit.tests.framework" value ="2"/>
         <Value name="testThrowing" source ="ComparisonFailureTest.java" package ="junit.tests.framework" value ="2"/>
         <Value name="testAssertEqualsNaNFails" source ="DoublePrecisionAssertTest.java" package ="junit.tests.framework" value ="2"/>
         <Value name="testAssertNaNEqualsFails" source ="DoublePrecisionAssertTest.java" package ="junit.tests.framework" value ="2"/>
         <Value name="testAssertPosInfinityNotEquals" source ="DoublePrecisionAssertTest.java" package ="junit.tests.framework" value ="2"/>
         <Value name="testAssertPosInfinityNotEqualsNegInfinity" source ="DoublePrecisionAssertTest.java" package ="junit.tests.framework" value ="2"/>
         <Value name="testAllInfinities" source ="FloatAssertTest.java" package ="junit.tests.framework" value ="2"/>
         <Value name="testAssertEqualsNaNFails" source ="FloatAssertTest.java" package ="junit.tests.framework" value ="2"/>
         <Value name="testAssertNaNEqualsFails" source ="FloatAssertTest.java" package ="junit.tests.framework" value ="2"/>
         <Value name="testAssertPosInfinityNotEquals" source ="FloatAssertTest.java" package ="junit.tests.framework" value ="2"/>
         <Value name="testAssertPosInfinityNotEqualsNegInfinity" source ="FloatAssertTest.java" package ="junit.tests.framework" value ="2"/>
         <Value name="testErrorTearingDownDoesntMaskErrorRunning" source ="TestCaseTest.java" package ="junit.tests.framework" value ="2"/>
         <Value name="expected" source ="TextFeedbackTest.java" package ="junit.tests.runner" value ="2"/>
         <Value name="capacity" source ="ListTest.java" package ="org.junit.samples" value ="2"/>
         <Value name="setUpOnce" source ="ListTest.java" package ="org.junit.samples" value ="2"/>
         <Value name="arraysActualNullMessage" source ="AssertionTest.java" package ="org.junit.tests.assertion" value ="2"/>
         <Value name="arraysDifferAtElement0nullMessage" source ="AssertionTest.java" package ="org.junit.tests.assertion" value ="2"/>
         <Value name="arraysDifferAtElement0withMessage" source ="AssertionTest.java" package ="org.junit.tests.assertion" value ="2"/>
         <Value name="arraysDifferAtElement1nullMessage" source ="AssertionTest.java" package ="org.junit.tests.assertion" value ="2"/>
         <Value name="arraysDifferAtElement1withMessage" source ="AssertionTest.java" package ="org.junit.tests.assertion" value ="2"/>
         <Value name="arraysDifferentLengthMessage" source ="AssertionTest.java" package ="org.junit.tests.assertion" value ="2"/>
         <Value name="arraysExpectedNullMessage" source ="AssertionTest.java" package ="org.junit.tests.assertion" value ="2"/>
         <Value name="assertThatDescriptionCanBeElided" source ="AssertionTest.java" package ="org.junit.tests.assertion" value ="2"/>
         <Value name="assertThatIncludesAdvancedMismatch" source ="AssertionTest.java" package ="org.junit.tests.assertion" value ="2"/>
         <Value name="assertThatIncludesDescriptionOfTestedValueInErrorMessage" source ="AssertionTest.java" package ="org.junit.tests.assertion" value ="2"/>
         <Value name="errorMessageDistinguishesDifferentValuesWithSameToString" source ="AssertionTest.java" package ="org.junit.tests.assertion" value ="2"/>
         <Value name="multiDimensionalArraysAreNotEqual" source ="AssertionTest.java" package ="org.junit.tests.assertion" value ="2"/>
         <Value name="multiDimensionalArraysAreNotEqualNoMessage" source ="AssertionTest.java" package ="org.junit.tests.assertion" value ="2"/>
         <Value name="notEqualsNullWithObjectWithMessage" source ="AssertionTest.java" package ="org.junit.tests.assertion" value ="2"/>
         <Value name="notEqualsObjectWithNullWithMessage" source ="AssertionTest.java" package ="org.junit.tests.assertion" value ="2"/>
         <Value name="notSameNullMessage" source ="AssertionTest.java" package ="org.junit.tests.assertion" value ="2"/>
         <Value name="notSameWithMessage" source ="AssertionTest.java" package ="org.junit.tests.assertion" value ="2"/>
         <Value name="nullAndStringNullPrintCorrectError" source ="AssertionTest.java" package ="org.junit.tests.assertion" value ="2"/>
         <Value name="nullMessage" source ="AssertionTest.java" package ="org.junit.tests.assertion" value ="2"/>
         <Value name="nullMessageDisappearsWithAssertEquals" source ="AssertionTest.java" package ="org.junit.tests.assertion" value ="2"/>
         <Value name="nullMessageDisappearsWithStringAssertEquals" source ="AssertionTest.java" package ="org.junit.tests.assertion" value ="2"/>
         <Value name="sameNullMessage" source ="AssertionTest.java" package ="org.junit.tests.assertion" value ="2"/>
         <Value name="sameWithMessage" source ="AssertionTest.java" package ="org.junit.tests.assertion" value ="2"/>
         <Value name="stringsDifferWithUserMessage" source ="AssertionTest.java" package ="org.junit.tests.assertion" value ="2"/>
         <Value name="bothFails" source ="BothTest.java" package ="org.junit.tests.assertion" value ="2"/>
         <Value name="createMax" source ="JUnit38SortingTest.java" package ="org.junit.tests.experimental.max" value ="2"/>
         <Value name="createMax" source ="MaxStarterTest.java" package ="org.junit.tests.experimental.max" value ="2"/>
         <Value name="testInfiniteLoop1" source ="TimeoutRuleTest.java" package ="org.junit.tests.experimental.rules" value ="2"/>
         <Value name="testInfiniteLoop2" source ="TimeoutRuleTest.java" package ="org.junit.tests.experimental.rules" value ="2"/>
         <Value name="getGuess" source ="Guesser.java" package ="org.junit.tests.experimental.theories.extendingwithstubs" value ="2"/>
         <Value name="update" source ="GuesserQueue.java" package ="org.junit.tests.experimental.theories.extendingwithstubs" value ="2"/>
         <Value name="argListString" source ="MethodCall.java" package ="org.junit.tests.experimental.theories.extendingwithstubs" value ="2"/>
         <Value name="stringableObject" source ="StringableObject.java" package ="org.junit.tests.experimental.theories.extendingwithstubs" value ="2"/>
         <Value name="createGuesserQueue" source ="StubbedTheories.java" package ="org.junit.tests.experimental.theories.extendingwithstubs" value ="2"/>
         <Value name="runWithIncompleteAssignment" source ="StubbedTheories.java" package ="org.junit.tests.experimental.theories.extendingwithstubs" value ="2"/>
         <Value name="assumeNoExceptionThrows" source ="AssumptionTest.java" package ="org.junit.tests.experimental" value ="2"/>
         <Value name="expected" source ="ForwardCompatibilityPrintingTest.java" package ="org.junit.tests.junit3compatibility" value ="2"/>
         <Value name="failureCausesExitCodeOf1" source ="SystemExitTest.java" package ="org.junit.tests.running.core" value ="2"/>
         <Value name="validateAllMethods" source ="ParameterizedTestMethodTest.java" package ="org.junit.tests.running.methods" value ="2"/>
         <Value name="validateAllMethods" source ="TestMethodTest.java" package ="org.junit.tests.running.methods" value ="2"/>
         <Value name="infiniteLoop" source ="TimeoutTest.java" package ="org.junit.tests.running.methods" value ="2"/>
         <Value name="ActiveTestSuite" source ="ActiveTestSuite.java" package ="junit.extensions" value ="1"/>
         <Value name="ActiveTestSuite" source ="ActiveTestSuite.java" package ="junit.extensions" value ="1"/>
         <Value name="ActiveTestSuite" source ="ActiveTestSuite.java" package ="junit.extensions" value ="1"/>
         <Value name="ActiveTestSuite" source ="ActiveTestSuite.java" package ="junit.extensions" value ="1"/>
         <Value name="runFinished" source ="ActiveTestSuite.java" package ="junit.extensions" value ="1"/>
         <Value name="runTest" source ="ActiveTestSuite.java" package ="junit.extensions" value ="1"/>
         <Value name="run" source ="ActiveTestSuite.java" package ="junit.extensions" value ="1"/>
         <Value name="countTestCases" source ="RepeatedTest.java" package ="junit.extensions" value ="1"/>
         <Value name="toString" source ="RepeatedTest.java" package ="junit.extensions" value ="1"/>
         <Value name="TestDecorator" source ="TestDecorator.java" package ="junit.extensions" value ="1"/>
         <Value name="basicRun" source ="TestDecorator.java" package ="junit.extensions" value ="1"/>
         <Value name="countTestCases" source ="TestDecorator.java" package ="junit.extensions" value ="1"/>
         <Value name="getTest" source ="TestDecorator.java" package ="junit.extensions" value ="1"/>
         <Value name="run" source ="TestDecorator.java" package ="junit.extensions" value ="1"/>
         <Value name="toString" source ="TestDecorator.java" package ="junit.extensions" value ="1"/>
         <Value name="TestSetup" source ="TestSetup.java" package ="junit.extensions" value ="1"/>
         <Value name="run" source ="TestSetup.java" package ="junit.extensions" value ="1"/>
         <Value name="setUp" source ="TestSetup.java" package ="junit.extensions" value ="1"/>
         <Value name="tearDown" source ="TestSetup.java" package ="junit.extensions" value ="1"/>
         <Value name="Assert" source ="Assert.java" package ="junit.framework" value ="1"/>
         <Value name="assertEquals" source ="Assert.java" package ="junit.framework" value ="1"/>
         <Value name="assertEquals" source ="Assert.java" package ="junit.framework" value ="1"/>
         <Value name="assertEquals" source ="Assert.java" package ="junit.framework" value ="1"/>
         <Value name="assertEquals" source ="Assert.java" package ="junit.framework" value ="1"/>
         <Value name="assertEquals" source ="Assert.java" package ="junit.framework" value ="1"/>
         <Value name="assertEquals" source ="Assert.java" package ="junit.framework" value ="1"/>
         <Value name="assertEquals" source ="Assert.java" package ="junit.framework" value ="1"/>
         <Value name="assertEquals" source ="Assert.java" package ="junit.framework" value ="1"/>
         <Value name="assertEquals" source ="Assert.java" package ="junit.framework" value ="1"/>
         <Value name="assertEquals" source ="Assert.java" package ="junit.framework" value ="1"/>
         <Value name="assertEquals" source ="Assert.java" package ="junit.framework" value ="1"/>
         <Value name="assertEquals" source ="Assert.java" package ="junit.framework" value ="1"/>
         <Value name="assertEquals" source ="Assert.java" package ="junit.framework" value ="1"/>
         <Value name="assertEquals" source ="Assert.java" package ="junit.framework" value ="1"/>
         <Value name="assertEquals" source ="Assert.java" package ="junit.framework" value ="1"/>
         <Value name="assertEquals" source ="Assert.java" package ="junit.framework" value ="1"/>
         <Value name="assertFalse" source ="Assert.java" package ="junit.framework" value ="1"/>
         <Value name="assertFalse" source ="Assert.java" package ="junit.framework" value ="1"/>
         <Value name="assertNotNull" source ="Assert.java" package ="junit.framework" value ="1"/>
         <Value name="assertNotNull" source ="Assert.java" package ="junit.framework" value ="1"/>
         <Value name="assertNotSame" source ="Assert.java" package ="junit.framework" value ="1"/>
         <Value name="assertNull" source ="Assert.java" package ="junit.framework" value ="1"/>
         <Value name="assertNull" source ="Assert.java" package ="junit.framework" value ="1"/>
         <Value name="assertSame" source ="Assert.java" package ="junit.framework" value ="1"/>
         <Value name="assertTrue" source ="Assert.java" package ="junit.framework" value ="1"/>
         <Value name="fail" source ="Assert.java" package ="junit.framework" value ="1"/>
         <Value name="failNotEquals" source ="Assert.java" package ="junit.framework" value ="1"/>
         <Value name="fail" source ="Assert.java" package ="junit.framework" value ="1"/>
         <Value name="AssertionFailedError" source ="AssertionFailedError.java" package ="junit.framework" value ="1"/>
         <Value name="AssertionFailedError" source ="AssertionFailedError.java" package ="junit.framework" value ="1"/>
         <Value name="ComparisonCompactor" source ="ComparisonCompactor.java" package ="junit.framework" value ="1"/>
         <Value name="areStringsEqual" source ="ComparisonCompactor.java" package ="junit.framework" value ="1"/>
         <Value name="ComparisonFailure" source ="ComparisonFailure.java" package ="junit.framework" value ="1"/>
         <Value name="getActual" source ="ComparisonFailure.java" package ="junit.framework" value ="1"/>
         <Value name="getExpected" source ="ComparisonFailure.java" package ="junit.framework" value ="1"/>
         <Value name="getMessage" source ="ComparisonFailure.java" package ="junit.framework" value ="1"/>
         <Value name="JUnit4TestAdapter" source ="JUnit4TestAdapter.java" package ="junit.framework" value ="1"/>
         <Value name="JUnit4TestAdapter" source ="JUnit4TestAdapter.java" package ="junit.framework" value ="1"/>
         <Value name="countTestCases" source ="JUnit4TestAdapter.java" package ="junit.framework" value ="1"/>
         <Value name="filter" source ="JUnit4TestAdapter.java" package ="junit.framework" value ="1"/>
         <Value name="getDescription" source ="JUnit4TestAdapter.java" package ="junit.framework" value ="1"/>
         <Value name="getTestClass" source ="JUnit4TestAdapter.java" package ="junit.framework" value ="1"/>
         <Value name="getTests" source ="JUnit4TestAdapter.java" package ="junit.framework" value ="1"/>
         <Value name="isIgnored" source ="JUnit4TestAdapter.java" package ="junit.framework" value ="1"/>
         <Value name="run" source ="JUnit4TestAdapter.java" package ="junit.framework" value ="1"/>
         <Value name="sort" source ="JUnit4TestAdapter.java" package ="junit.framework" value ="1"/>
         <Value name="toString" source ="JUnit4TestAdapter.java" package ="junit.framework" value ="1"/>
         <Value name="getDefault" source ="JUnit4TestAdapterCache.java" package ="junit.framework" value ="1"/>
         <Value name="getNotifier" source ="JUnit4TestAdapterCache.java" package ="junit.framework" value ="1"/>
         <Value name="JUnit4TestCaseFacade" source ="JUnit4TestCaseFacade.java" package ="junit.framework" value ="1"/>
         <Value name="countTestCases" source ="JUnit4TestCaseFacade.java" package ="junit.framework" value ="1"/>
         <Value name="getDescription" source ="JUnit4TestCaseFacade.java" package ="junit.framework" value ="1"/>
         <Value name="run" source ="JUnit4TestCaseFacade.java" package ="junit.framework" value ="1"/>
         <Value name="toString" source ="JUnit4TestCaseFacade.java" package ="junit.framework" value ="1"/>
         <Value name="TestCase" source ="TestCase.java" package ="junit.framework" value ="1"/>
         <Value name="TestCase" source ="TestCase.java" package ="junit.framework" value ="1"/>
         <Value name="countTestCases" source ="TestCase.java" package ="junit.framework" value ="1"/>
         <Value name="createResult" source ="TestCase.java" package ="junit.framework" value ="1"/>
         <Value name="getName" source ="TestCase.java" package ="junit.framework" value ="1"/>
         <Value name="run" source ="TestCase.java" package ="junit.framework" value ="1"/>
         <Value name="run" source ="TestCase.java" package ="junit.framework" value ="1"/>
         <Value name="setName" source ="TestCase.java" package ="junit.framework" value ="1"/>
         <Value name="setUp" source ="TestCase.java" package ="junit.framework" value ="1"/>
         <Value name="tearDown" source ="TestCase.java" package ="junit.framework" value ="1"/>
         <Value name="toString" source ="TestCase.java" package ="junit.framework" value ="1"/>
         <Value name="TestFailure" source ="TestFailure.java" package ="junit.framework" value ="1"/>
         <Value name="exceptionMessage" source ="TestFailure.java" package ="junit.framework" value ="1"/>
         <Value name="failedTest" source ="TestFailure.java" package ="junit.framework" value ="1"/>
         <Value name="isFailure" source ="TestFailure.java" package ="junit.framework" value ="1"/>
         <Value name="thrownException" source ="TestFailure.java" package ="junit.framework" value ="1"/>
         <Value name="toString" source ="TestFailure.java" package ="junit.framework" value ="1"/>
         <Value name="trace" source ="TestFailure.java" package ="junit.framework" value ="1"/>
         <Value name="TestResult" source ="TestResult.java" package ="junit.framework" value ="1"/>
         <Value name="addError" source ="TestResult.java" package ="junit.framework" value ="1"/>
         <Value name="addFailure" source ="TestResult.java" package ="junit.framework" value ="1"/>
         <Value name="addListener" source ="TestResult.java" package ="junit.framework" value ="1"/>
         <Value name="cloneListeners" source ="TestResult.java" package ="junit.framework" value ="1"/>
         <Value name="endTest" source ="TestResult.java" package ="junit.framework" value ="1"/>
         <Value name="errorCount" source ="TestResult.java" package ="junit.framework" value ="1"/>
         <Value name="errors" source ="TestResult.java" package ="junit.framework" value ="1"/>
         <Value name="failureCount" source ="TestResult.java" package ="junit.framework" value ="1"/>
         <Value name="failures" source ="TestResult.java" package ="junit.framework" value ="1"/>
         <Value name="removeListener" source ="TestResult.java" package ="junit.framework" value ="1"/>
         <Value name="runCount" source ="TestResult.java" package ="junit.framework" value ="1"/>
         <Value name="run" source ="TestResult.java" package ="junit.framework" value ="1"/>
         <Value name="shouldStop" source ="TestResult.java" package ="junit.framework" value ="1"/>
         <Value name="startTest" source ="TestResult.java" package ="junit.framework" value ="1"/>
         <Value name="stop" source ="TestResult.java" package ="junit.framework" value ="1"/>
         <Value name="wasSuccessful" source ="TestResult.java" package ="junit.framework" value ="1"/>
         <Value name="TestSuite" source ="TestSuite.java" package ="junit.framework" value ="1"/>
         <Value name="TestSuite" source ="TestSuite.java" package ="junit.framework" value ="1"/>
         <Value name="TestSuite" source ="TestSuite.java" package ="junit.framework" value ="1"/>
         <Value name="TestSuite" source ="TestSuite.java" package ="junit.framework" value ="1"/>
         <Value name="TestSuite" source ="TestSuite.java" package ="junit.framework" value ="1"/>
         <Value name="addTestSuite" source ="TestSuite.java" package ="junit.framework" value ="1"/>
         <Value name="addTest" source ="TestSuite.java" package ="junit.framework" value ="1"/>
         <Value name="countTestCases" source ="TestSuite.java" package ="junit.framework" value ="1"/>
         <Value name="exceptionToString" source ="TestSuite.java" package ="junit.framework" value ="1"/>
         <Value name="getName" source ="TestSuite.java" package ="junit.framework" value ="1"/>
         <Value name="isPublicTestMethod" source ="TestSuite.java" package ="junit.framework" value ="1"/>
         <Value name="isTestMethod" source ="TestSuite.java" package ="junit.framework" value ="1"/>
         <Value name="runTest" source ="TestSuite.java" package ="junit.framework" value ="1"/>
         <Value name="run" source ="TestSuite.java" package ="junit.framework" value ="1"/>
         <Value name="setName" source ="TestSuite.java" package ="junit.framework" value ="1"/>
         <Value name="testAt" source ="TestSuite.java" package ="junit.framework" value ="1"/>
         <Value name="testCount" source ="TestSuite.java" package ="junit.framework" value ="1"/>
         <Value name="tests" source ="TestSuite.java" package ="junit.framework" value ="1"/>
         <Value name="warning" source ="TestSuite.java" package ="junit.framework" value ="1"/>
         <Value name="addError" source ="BaseTestRunner.java" package ="junit.runner" value ="1"/>
         <Value name="addFailure" source ="BaseTestRunner.java" package ="junit.runner" value ="1"/>
         <Value name="clearStatus" source ="BaseTestRunner.java" package ="junit.runner" value ="1"/>
         <Value name="elapsedTimeAsString" source ="BaseTestRunner.java" package ="junit.runner" value ="1"/>
         <Value name="endTest" source ="BaseTestRunner.java" package ="junit.runner" value ="1"/>
         <Value name="getFilteredTrace" source ="BaseTestRunner.java" package ="junit.runner" value ="1"/>
         <Value name="getPreferencesFile" source ="BaseTestRunner.java" package ="junit.runner" value ="1"/>
         <Value name="getPreference" source ="BaseTestRunner.java" package ="junit.runner" value ="1"/>
         <Value name="loadSuiteClass" source ="BaseTestRunner.java" package ="junit.runner" value ="1"/>
         <Value name="runFailed" source ="BaseTestRunner.java" package ="junit.runner" value ="1"/>
         <Value name="savePreferences" source ="BaseTestRunner.java" package ="junit.runner" value ="1"/>
         <Value name="setLoading" source ="BaseTestRunner.java" package ="junit.runner" value ="1"/>
         <Value name="setPreferences" source ="BaseTestRunner.java" package ="junit.runner" value ="1"/>
         <Value name="setPreference" source ="BaseTestRunner.java" package ="junit.runner" value ="1"/>
         <Value name="showStackRaw" source ="BaseTestRunner.java" package ="junit.runner" value ="1"/>
         <Value name="startTest" source ="BaseTestRunner.java" package ="junit.runner" value ="1"/>
         <Value name="testEnded" source ="BaseTestRunner.java" package ="junit.runner" value ="1"/>
         <Value name="testFailed" source ="BaseTestRunner.java" package ="junit.runner" value ="1"/>
         <Value name="testStarted" source ="BaseTestRunner.java" package ="junit.runner" value ="1"/>
         <Value name="useReloadingTestSuiteLoader" source ="BaseTestRunner.java" package ="junit.runner" value ="1"/>
         <Value name="Version" source ="Version.java" package ="junit.runner" value ="1"/>
         <Value name="id" source ="Version.java" package ="junit.runner" value ="1"/>
         <Value name="main" source ="Version.java" package ="junit.runner" value ="1"/>
         <Value name="ResultPrinter" source ="ResultPrinter.java" package ="junit.textui" value ="1"/>
         <Value name="addError" source ="ResultPrinter.java" package ="junit.textui" value ="1"/>
         <Value name="addFailure" source ="ResultPrinter.java" package ="junit.textui" value ="1"/>
         <Value name="elapsedTimeAsString" source ="ResultPrinter.java" package ="junit.textui" value ="1"/>
         <Value name="endTest" source ="ResultPrinter.java" package ="junit.textui" value ="1"/>
         <Value name="getWriter" source ="ResultPrinter.java" package ="junit.textui" value ="1"/>
         <Value name="printDefectHeader" source ="ResultPrinter.java" package ="junit.textui" value ="1"/>
         <Value name="printDefectTrace" source ="ResultPrinter.java" package ="junit.textui" value ="1"/>
         <Value name="printDefect" source ="ResultPrinter.java" package ="junit.textui" value ="1"/>
         <Value name="printErrors" source ="ResultPrinter.java" package ="junit.textui" value ="1"/>
         <Value name="printFailures" source ="ResultPrinter.java" package ="junit.textui" value ="1"/>
         <Value name="printHeader" source ="ResultPrinter.java" package ="junit.textui" value ="1"/>
         <Value name="printWaitPrompt" source ="ResultPrinter.java" package ="junit.textui" value ="1"/>
         <Value name="print" source ="ResultPrinter.java" package ="junit.textui" value ="1"/>
         <Value name="TestRunner" source ="TestRunner.java" package ="junit.textui" value ="1"/>
         <Value name="TestRunner" source ="TestRunner.java" package ="junit.textui" value ="1"/>
         <Value name="TestRunner" source ="TestRunner.java" package ="junit.textui" value ="1"/>
         <Value name="createTestResult" source ="TestRunner.java" package ="junit.textui" value ="1"/>
         <Value name="doRun" source ="TestRunner.java" package ="junit.textui" value ="1"/>
         <Value name="doRun" source ="TestRunner.java" package ="junit.textui" value ="1"/>
         <Value name="runAndWait" source ="TestRunner.java" package ="junit.textui" value ="1"/>
         <Value name="runFailed" source ="TestRunner.java" package ="junit.textui" value ="1"/>
         <Value name="runSingleMethod" source ="TestRunner.java" package ="junit.textui" value ="1"/>
         <Value name="run" source ="TestRunner.java" package ="junit.textui" value ="1"/>
         <Value name="run" source ="TestRunner.java" package ="junit.textui" value ="1"/>
         <Value name="setPrinter" source ="TestRunner.java" package ="junit.textui" value ="1"/>
         <Value name="testEnded" source ="TestRunner.java" package ="junit.textui" value ="1"/>
         <Value name="testFailed" source ="TestRunner.java" package ="junit.textui" value ="1"/>
         <Value name="testStarted" source ="TestRunner.java" package ="junit.textui" value ="1"/>
         <Value name="CategoryFilter" source ="Categories.java" package ="org.junit.experimental.categories" value ="1"/>
         <Value name="categories" source ="Categories.java" package ="org.junit.experimental.categories" value ="1"/>
         <Value name="describe" source ="Categories.java" package ="org.junit.experimental.categories" value ="1"/>
         <Value name="include" source ="Categories.java" package ="org.junit.experimental.categories" value ="1"/>
         <Value name="assertNoDescendantsHaveCategoryAnnotations" source ="Categories.java" package ="org.junit.experimental.categories" value ="1"/>
         <Value name="canHaveCategorizedChildren" source ="Categories.java" package ="org.junit.experimental.categories" value ="1"/>
         <Value name="CouldNotReadCoreException" source ="CouldNotReadCoreException.java" package ="org.junit.experimental.max" value ="1"/>
         <Value name="MaxCore" source ="MaxCore.java" package ="org.junit.experimental.max" value ="1"/>
         <Value name="findLeaves" source ="MaxCore.java" package ="org.junit.experimental.max" value ="1"/>
         <Value name="forFolder" source ="MaxCore.java" package ="org.junit.experimental.max" value ="1"/>
         <Value name="run" source ="MaxCore.java" package ="org.junit.experimental.max" value ="1"/>
         <Value name="run" source ="MaxCore.java" package ="org.junit.experimental.max" value ="1"/>
         <Value name="run" source ="MaxCore.java" package ="org.junit.experimental.max" value ="1"/>
         <Value name="sortedLeavesForTest" source ="MaxCore.java" package ="org.junit.experimental.max" value ="1"/>
         <Value name="storedLocally" source ="MaxCore.java" package ="org.junit.experimental.max" value ="1"/>
         <Value name="testFailure" source ="MaxHistory.java" package ="org.junit.experimental.max" value ="1"/>
         <Value name="testFinished" source ="MaxHistory.java" package ="org.junit.experimental.max" value ="1"/>
         <Value name="testRunFinished" source ="MaxHistory.java" package ="org.junit.experimental.max" value ="1"/>
         <Value name="testStarted" source ="MaxHistory.java" package ="org.junit.experimental.max" value ="1"/>
         <Value name="MaxHistory" source ="MaxHistory.java" package ="org.junit.experimental.max" value ="1"/>
         <Value name="getFailureTimestamp" source ="MaxHistory.java" package ="org.junit.experimental.max" value ="1"/>
         <Value name="getTestDuration" source ="MaxHistory.java" package ="org.junit.experimental.max" value ="1"/>
         <Value name="isNewTest" source ="MaxHistory.java" package ="org.junit.experimental.max" value ="1"/>
         <Value name="listener" source ="MaxHistory.java" package ="org.junit.experimental.max" value ="1"/>
         <Value name="putTestDuration" source ="MaxHistory.java" package ="org.junit.experimental.max" value ="1"/>
         <Value name="putTestFailureTimestamp" source ="MaxHistory.java" package ="org.junit.experimental.max" value ="1"/>
         <Value name="save" source ="MaxHistory.java" package ="org.junit.experimental.max" value ="1"/>
         <Value name="testComparator" source ="MaxHistory.java" package ="org.junit.experimental.max" value ="1"/>
         <Value name="FailureList" source ="FailureList.java" package ="org.junit.experimental.results" value ="1"/>
         <Value name="result" source ="FailureList.java" package ="org.junit.experimental.results" value ="1"/>
         <Value name="PrintableResult" source ="PrintableResult.java" package ="org.junit.experimental.results" value ="1"/>
         <Value name="PrintableResult" source ="PrintableResult.java" package ="org.junit.experimental.results" value ="1"/>
         <Value name="PrintableResult" source ="PrintableResult.java" package ="org.junit.experimental.results" value ="1"/>
         <Value name="failureCount" source ="PrintableResult.java" package ="org.junit.experimental.results" value ="1"/>
         <Value name="testResult" source ="PrintableResult.java" package ="org.junit.experimental.results" value ="1"/>
         <Value name="toString" source ="PrintableResult.java" package ="org.junit.experimental.results" value ="1"/>
         <Value name="failureCountIs" source ="ResultMatchers.java" package ="org.junit.experimental.results" value ="1"/>
         <Value name="hasFailureContaining" source ="ResultMatchers.java" package ="org.junit.experimental.results" value ="1"/>
         <Value name="hasSingleFailureContaining" source ="ResultMatchers.java" package ="org.junit.experimental.results" value ="1"/>
         <Value name="isSuccessful" source ="ResultMatchers.java" package ="org.junit.experimental.results" value ="1"/>
         <Value name="Enclosed" source ="Enclosed.java" package ="org.junit.experimental.runners" value ="1"/>
         <Value name="Listed" source ="Listed.java" package ="org.junit.experimental.runners" value ="1"/>
         <Value name="get" source ="Listed.java" package ="org.junit.experimental.runners" value ="1"/>
         <Value name="SuiteBuilder" source ="SuiteBuilder.java" package ="org.junit.experimental.runners" value ="1"/>
         <Value name="computeRunners" source ="SuiteBuilder.java" package ="org.junit.experimental.runners" value ="1"/>
         <Value name="filterRunners" source ="SuiteBuilder.java" package ="org.junit.experimental.runners" value ="1"/>
         <Value name="gatherClasses" source ="SuiteBuilder.java" package ="org.junit.experimental.runners" value ="1"/>
         <Value name="getDescription" source ="SuiteBuilder.java" package ="org.junit.experimental.runners" value ="1"/>
         <Value name="getFilters" source ="SuiteBuilder.java" package ="org.junit.experimental.runners" value ="1"/>
         <Value name="runnersForClasses" source ="SuiteBuilder.java" package ="org.junit.experimental.runners" value ="1"/>
         <Value name="run" source ="SuiteBuilder.java" package ="org.junit.experimental.runners" value ="1"/>
         <Value name="MethodParameterValue" source ="AllMembersSupplier.java" package ="org.junit.experimental.theories.internal" value ="1"/>
         <Value name="getDescription" source ="AllMembersSupplier.java" package ="org.junit.experimental.theories.internal" value ="1"/>
         <Value name="AllMembersSupplier" source ="AllMembersSupplier.java" package ="org.junit.experimental.theories.internal" value ="1"/>
         <Value name="addFields" source ="AllMembersSupplier.java" package ="org.junit.experimental.theories.internal" value ="1"/>
         <Value name="addMultiPointMethods" source ="AllMembersSupplier.java" package ="org.junit.experimental.theories.internal" value ="1"/>
         <Value name="addSinglePointMethods" source ="AllMembersSupplier.java" package ="org.junit.experimental.theories.internal" value ="1"/>
         <Value name="getValueSources" source ="AllMembersSupplier.java" package ="org.junit.experimental.theories.internal" value ="1"/>
         <Value name="Assignments" source ="Assignments.java" package ="org.junit.experimental.theories.internal" value ="1"/>
         <Value name="allUnassigned" source ="Assignments.java" package ="org.junit.experimental.theories.internal" value ="1"/>
         <Value name="assignNext" source ="Assignments.java" package ="org.junit.experimental.theories.internal" value ="1"/>
         <Value name="getAllArguments" source ="Assignments.java" package ="org.junit.experimental.theories.internal" value ="1"/>
         <Value name="getConstructorArguments" source ="Assignments.java" package ="org.junit.experimental.theories.internal" value ="1"/>
         <Value name="getConstructorParameterCount" source ="Assignments.java" package ="org.junit.experimental.theories.internal" value ="1"/>
         <Value name="getMethodArguments" source ="Assignments.java" package ="org.junit.experimental.theories.internal" value ="1"/>
         <Value name="isComplete" source ="Assignments.java" package ="org.junit.experimental.theories.internal" value ="1"/>
         <Value name="nextUnassigned" source ="Assignments.java" package ="org.junit.experimental.theories.internal" value ="1"/>
         <Value name="potentialsForNextUnassigned" source ="Assignments.java" package ="org.junit.experimental.theories.internal" value ="1"/>
         <Value name="ParameterizedAssertionError" source ="ParameterizedAssertionError.java" package ="org.junit.experimental.theories.internal" value ="1"/>
         <Value name="equals" source ="ParameterizedAssertionError.java" package ="org.junit.experimental.theories.internal" value ="1"/>
         <Value name="join" source ="ParameterizedAssertionError.java" package ="org.junit.experimental.theories.internal" value ="1"/>
         <Value name="getValueSources" source ="TestedOnSupplier.java" package ="org.junit.experimental.theories.suppliers" value ="1"/>
         <Value name="ParameterSignature" source ="ParameterSignature.java" package ="org.junit.experimental.theories" value ="1"/>
         <Value name="canAcceptArrayType" source ="ParameterSignature.java" package ="org.junit.experimental.theories" value ="1"/>
         <Value name="canAcceptType" source ="ParameterSignature.java" package ="org.junit.experimental.theories" value ="1"/>
         <Value name="findDeepAnnotation" source ="ParameterSignature.java" package ="org.junit.experimental.theories" value ="1"/>
         <Value name="getAnnotations" source ="ParameterSignature.java" package ="org.junit.experimental.theories" value ="1"/>
         <Value name="getAnnotation" source ="ParameterSignature.java" package ="org.junit.experimental.theories" value ="1"/>
         <Value name="getType" source ="ParameterSignature.java" package ="org.junit.experimental.theories" value ="1"/>
         <Value name="hasAnnotation" source ="ParameterSignature.java" package ="org.junit.experimental.theories" value ="1"/>
         <Value name="signatures" source ="ParameterSignature.java" package ="org.junit.experimental.theories" value ="1"/>
         <Value name="signatures" source ="ParameterSignature.java" package ="org.junit.experimental.theories" value ="1"/>
         <Value name="getValueSources" source ="ParameterSupplier.java" package ="org.junit.experimental.theories" value ="1"/>
         <Value name="forValue" source ="PotentialAssignment.java" package ="org.junit.experimental.theories" value ="1"/>
         <Value name="getDescription" source ="PotentialAssignment.java" package ="org.junit.experimental.theories" value ="1"/>
         <Value name="getValue" source ="PotentialAssignment.java" package ="org.junit.experimental.theories" value ="1"/>
         <Value name="TheoryAnchor" source ="Theories.java" package ="org.junit.experimental.theories" value ="1"/>
         <Value name="getTestClass" source ="Theories.java" package ="org.junit.experimental.theories" value ="1"/>
         <Value name="handleAssumptionViolation" source ="Theories.java" package ="org.junit.experimental.theories" value ="1"/>
         <Value name="handleDataPointSuccess" source ="Theories.java" package ="org.junit.experimental.theories" value ="1"/>
         <Value name="runWithCompleteAssignment" source ="Theories.java" package ="org.junit.experimental.theories" value ="1"/>
         <Value name="runWithIncompleteAssignment" source ="Theories.java" package ="org.junit.experimental.theories" value ="1"/>
         <Value name="Theories" source ="Theories.java" package ="org.junit.experimental.theories" value ="1"/>
         <Value name="collectInitializationErrors" source ="Theories.java" package ="org.junit.experimental.theories" value ="1"/>
         <Value name="computeTestMethods" source ="Theories.java" package ="org.junit.experimental.theories" value ="1"/>
         <Value name="methodBlock" source ="Theories.java" package ="org.junit.experimental.theories" value ="1"/>
         <Value name="validateConstructor" source ="Theories.java" package ="org.junit.experimental.theories" value ="1"/>
         <Value name="validateDataPointFields" source ="Theories.java" package ="org.junit.experimental.theories" value ="1"/>
         <Value name="validateTestMethods" source ="Theories.java" package ="org.junit.experimental.theories" value ="1"/>
         <Value name="ParallelComputer" source ="ParallelComputer.java" package ="org.junit.experimental" value ="1"/>
         <Value name="classes" source ="ParallelComputer.java" package ="org.junit.experimental" value ="1"/>
         <Value name="methods" source ="ParallelComputer.java" package ="org.junit.experimental" value ="1"/>
         <Value name="AllDefaultPossibilitiesBuilder" source ="AllDefaultPossibilitiesBuilder.java" package ="org.junit.internal.builders" value ="1"/>
         <Value name="annotatedBuilder" source ="AllDefaultPossibilitiesBuilder.java" package ="org.junit.internal.builders" value ="1"/>
         <Value name="ignoredBuilder" source ="AllDefaultPossibilitiesBuilder.java" package ="org.junit.internal.builders" value ="1"/>
         <Value name="junit3Builder" source ="AllDefaultPossibilitiesBuilder.java" package ="org.junit.internal.builders" value ="1"/>
         <Value name="junit4Builder" source ="AllDefaultPossibilitiesBuilder.java" package ="org.junit.internal.builders" value ="1"/>
         <Value name="runnerForClass" source ="AllDefaultPossibilitiesBuilder.java" package ="org.junit.internal.builders" value ="1"/>
         <Value name="AnnotatedBuilder" source ="AnnotatedBuilder.java" package ="org.junit.internal.builders" value ="1"/>
         <Value name="IgnoredClassRunner" source ="IgnoredClassRunner.java" package ="org.junit.internal.builders" value ="1"/>
         <Value name="getDescription" source ="IgnoredClassRunner.java" package ="org.junit.internal.builders" value ="1"/>
         <Value name="run" source ="IgnoredClassRunner.java" package ="org.junit.internal.builders" value ="1"/>
         <Value name="isPre4Test" source ="JUnit3Builder.java" package ="org.junit.internal.builders" value ="1"/>
         <Value name="runnerForClass" source ="JUnit4Builder.java" package ="org.junit.internal.builders" value ="1"/>
         <Value name="runnerForClass" source ="NullBuilder.java" package ="org.junit.internal.builders" value ="1"/>
         <Value name="CombinableMatcher" source ="CombinableMatcher.java" package ="org.junit.internal.matchers" value ="1"/>
         <Value name="and" source ="CombinableMatcher.java" package ="org.junit.internal.matchers" value ="1"/>
         <Value name="describeTo" source ="CombinableMatcher.java" package ="org.junit.internal.matchers" value ="1"/>
         <Value name="matches" source ="CombinableMatcher.java" package ="org.junit.internal.matchers" value ="1"/>
         <Value name="or" source ="CombinableMatcher.java" package ="org.junit.internal.matchers" value ="1"/>
         <Value name="each" source ="Each.java" package ="org.junit.internal.matchers" value ="1"/>
         <Value name="IsCollectionContaining" source ="IsCollectionContaining.java" package ="org.junit.internal.matchers" value ="1"/>
         <Value name="describeTo" source ="IsCollectionContaining.java" package ="org.junit.internal.matchers" value ="1"/>
         <Value name="hasItems" source ="IsCollectionContaining.java" package ="org.junit.internal.matchers" value ="1"/>
         <Value name="hasItems" source ="IsCollectionContaining.java" package ="org.junit.internal.matchers" value ="1"/>
         <Value name="hasItem" source ="IsCollectionContaining.java" package ="org.junit.internal.matchers" value ="1"/>
         <Value name="hasItem" source ="IsCollectionContaining.java" package ="org.junit.internal.matchers" value ="1"/>
         <Value name="matchesSafely" source ="IsCollectionContaining.java" package ="org.junit.internal.matchers" value ="1"/>
         <Value name="StringContains" source ="StringContains.java" package ="org.junit.internal.matchers" value ="1"/>
         <Value name="containsString" source ="StringContains.java" package ="org.junit.internal.matchers" value ="1"/>
         <Value name="evalSubstringOf" source ="StringContains.java" package ="org.junit.internal.matchers" value ="1"/>
         <Value name="relationship" source ="StringContains.java" package ="org.junit.internal.matchers" value ="1"/>
         <Value name="SubstringMatcher" source ="SubstringMatcher.java" package ="org.junit.internal.matchers" value ="1"/>
         <Value name="describeTo" source ="SubstringMatcher.java" package ="org.junit.internal.matchers" value ="1"/>
         <Value name="evalSubstringOf" source ="SubstringMatcher.java" package ="org.junit.internal.matchers" value ="1"/>
         <Value name="matchesSafely" source ="SubstringMatcher.java" package ="org.junit.internal.matchers" value ="1"/>
         <Value name="relationship" source ="SubstringMatcher.java" package ="org.junit.internal.matchers" value ="1"/>
         <Value name="TypeSafeMatcher" source ="TypeSafeMatcher.java" package ="org.junit.internal.matchers" value ="1"/>
         <Value name="TypeSafeMatcher" source ="TypeSafeMatcher.java" package ="org.junit.internal.matchers" value ="1"/>
         <Value name="isMatchesSafelyMethod" source ="TypeSafeMatcher.java" package ="org.junit.internal.matchers" value ="1"/>
         <Value name="matchesSafely" source ="TypeSafeMatcher.java" package ="org.junit.internal.matchers" value ="1"/>
         <Value name="matches" source ="TypeSafeMatcher.java" package ="org.junit.internal.matchers" value ="1"/>
         <Value name="ClassRequest" source ="ClassRequest.java" package ="org.junit.internal.requests" value ="1"/>
         <Value name="ClassRequest" source ="ClassRequest.java" package ="org.junit.internal.requests" value ="1"/>
         <Value name="getRunner" source ="ClassRequest.java" package ="org.junit.internal.requests" value ="1"/>
         <Value name="FilterRequest" source ="FilterRequest.java" package ="org.junit.internal.requests" value ="1"/>
         <Value name="SortingRequest" source ="SortingRequest.java" package ="org.junit.internal.requests" value ="1"/>
         <Value name="getRunner" source ="SortingRequest.java" package ="org.junit.internal.requests" value ="1"/>
         <Value name="EachTestNotifier" source ="EachTestNotifier.java" package ="org.junit.internal.runners.model" value ="1"/>
         <Value name="addFailedAssumption" source ="EachTestNotifier.java" package ="org.junit.internal.runners.model" value ="1"/>
         <Value name="addMultipleFailureException" source ="EachTestNotifier.java" package ="org.junit.internal.runners.model" value ="1"/>
         <Value name="fireTestFinished" source ="EachTestNotifier.java" package ="org.junit.internal.runners.model" value ="1"/>
         <Value name="fireTestIgnored" source ="EachTestNotifier.java" package ="org.junit.internal.runners.model" value ="1"/>
         <Value name="fireTestStarted" source ="EachTestNotifier.java" package ="org.junit.internal.runners.model" value ="1"/>
         <Value name="MultipleFailureException" source ="MultipleFailureException.java" package ="org.junit.internal.runners.model" value ="1"/>
         <Value name="getFailures" source ="MultipleFailureException.java" package ="org.junit.internal.runners.model" value ="1"/>
         <Value name="runReflectiveCall" source ="ReflectiveCallable.java" package ="org.junit.internal.runners.model" value ="1"/>
         <Value name="ExpectException" source ="ExpectException.java" package ="org.junit.internal.runners.statements" value ="1"/>
         <Value name="Fail" source ="Fail.java" package ="org.junit.internal.runners.statements" value ="1"/>
         <Value name="evaluate" source ="Fail.java" package ="org.junit.internal.runners.statements" value ="1"/>
         <Value name="FailOnTimeout" source ="FailOnTimeout.java" package ="org.junit.internal.runners.statements" value ="1"/>
         <Value name="InvokeMethod" source ="InvokeMethod.java" package ="org.junit.internal.runners.statements" value ="1"/>
         <Value name="evaluate" source ="InvokeMethod.java" package ="org.junit.internal.runners.statements" value ="1"/>
         <Value name="RunAfters" source ="RunAfters.java" package ="org.junit.internal.runners.statements" value ="1"/>
         <Value name="RunBefores" source ="RunBefores.java" package ="org.junit.internal.runners.statements" value ="1"/>
         <Value name="evaluate" source ="RunBefores.java" package ="org.junit.internal.runners.statements" value ="1"/>
         <Value name="ClassRoadie" source ="ClassRoadie.java" package ="org.junit.internal.runners" value ="1"/>
         <Value name="addFailure" source ="ClassRoadie.java" package ="org.junit.internal.runners" value ="1"/>
         <Value name="runAfters" source ="ClassRoadie.java" package ="org.junit.internal.runners" value ="1"/>
         <Value name="runUnprotected" source ="ClassRoadie.java" package ="org.junit.internal.runners" value ="1"/>
         <Value name="ErrorReportingRunner" source ="ErrorReportingRunner.java" package ="org.junit.internal.runners" value ="1"/>
         <Value name="describeCause" source ="ErrorReportingRunner.java" package ="org.junit.internal.runners" value ="1"/>
         <Value name="getDescription" source ="ErrorReportingRunner.java" package ="org.junit.internal.runners" value ="1"/>
         <Value name="runCause" source ="ErrorReportingRunner.java" package ="org.junit.internal.runners" value ="1"/>
         <Value name="run" source ="ErrorReportingRunner.java" package ="org.junit.internal.runners" value ="1"/>
         <Value name="InitializationError" source ="InitializationError.java" package ="org.junit.internal.runners" value ="1"/>
         <Value name="InitializationError" source ="InitializationError.java" package ="org.junit.internal.runners" value ="1"/>
         <Value name="InitializationError" source ="InitializationError.java" package ="org.junit.internal.runners" value ="1"/>
         <Value name="getCauses" source ="InitializationError.java" package ="org.junit.internal.runners" value ="1"/>
         <Value name="OldTestClassAdaptingListener" source ="JUnit38ClassRunner.java" package ="org.junit.internal.runners" value ="1"/>
         <Value name="addError" source ="JUnit38ClassRunner.java" package ="org.junit.internal.runners" value ="1"/>
         <Value name="addFailure" source ="JUnit38ClassRunner.java" package ="org.junit.internal.runners" value ="1"/>
         <Value name="endTest" source ="JUnit38ClassRunner.java" package ="org.junit.internal.runners" value ="1"/>
         <Value name="getEffectiveClass" source ="JUnit38ClassRunner.java" package ="org.junit.internal.runners" value ="1"/>
         <Value name="startTest" source ="JUnit38ClassRunner.java" package ="org.junit.internal.runners" value ="1"/>
         <Value name="JUnit38ClassRunner" source ="JUnit38ClassRunner.java" package ="org.junit.internal.runners" value ="1"/>
         <Value name="JUnit38ClassRunner" source ="JUnit38ClassRunner.java" package ="org.junit.internal.runners" value ="1"/>
         <Value name="createAdaptingListener" source ="JUnit38ClassRunner.java" package ="org.junit.internal.runners" value ="1"/>
         <Value name="getDescription" source ="JUnit38ClassRunner.java" package ="org.junit.internal.runners" value ="1"/>
         <Value name="getTest" source ="JUnit38ClassRunner.java" package ="org.junit.internal.runners" value ="1"/>
         <Value name="run" source ="JUnit38ClassRunner.java" package ="org.junit.internal.runners" value ="1"/>
         <Value name="setTest" source ="JUnit38ClassRunner.java" package ="org.junit.internal.runners" value ="1"/>
         <Value name="JUnit4ClassRunner" source ="JUnit4ClassRunner.java" package ="org.junit.internal.runners" value ="1"/>
         <Value name="classAnnotations" source ="JUnit4ClassRunner.java" package ="org.junit.internal.runners" value ="1"/>
         <Value name="createTest" source ="JUnit4ClassRunner.java" package ="org.junit.internal.runners" value ="1"/>
         <Value name="getDescription" source ="JUnit4ClassRunner.java" package ="org.junit.internal.runners" value ="1"/>
         <Value name="getName" source ="JUnit4ClassRunner.java" package ="org.junit.internal.runners" value ="1"/>
         <Value name="getTestClass" source ="JUnit4ClassRunner.java" package ="org.junit.internal.runners" value ="1"/>
         <Value name="getTestMethods" source ="JUnit4ClassRunner.java" package ="org.junit.internal.runners" value ="1"/>
         <Value name="methodDescription" source ="JUnit4ClassRunner.java" package ="org.junit.internal.runners" value ="1"/>
         <Value name="runMethods" source ="JUnit4ClassRunner.java" package ="org.junit.internal.runners" value ="1"/>
         <Value name="run" source ="JUnit4ClassRunner.java" package ="org.junit.internal.runners" value ="1"/>
         <Value name="sort" source ="JUnit4ClassRunner.java" package ="org.junit.internal.runners" value ="1"/>
         <Value name="testAborted" source ="JUnit4ClassRunner.java" package ="org.junit.internal.runners" value ="1"/>
         <Value name="testAnnotations" source ="JUnit4ClassRunner.java" package ="org.junit.internal.runners" value ="1"/>
         <Value name="testName" source ="JUnit4ClassRunner.java" package ="org.junit.internal.runners" value ="1"/>
         <Value name="validate" source ="JUnit4ClassRunner.java" package ="org.junit.internal.runners" value ="1"/>
         <Value name="wrapMethod" source ="JUnit4ClassRunner.java" package ="org.junit.internal.runners" value ="1"/>
         <Value name="MethodRoadie" source ="MethodRoadie.java" package ="org.junit.internal.runners" value ="1"/>
         <Value name="addFailure" source ="MethodRoadie.java" package ="org.junit.internal.runners" value ="1"/>
         <Value name="runAfters" source ="MethodRoadie.java" package ="org.junit.internal.runners" value ="1"/>
         <Value name="runTest" source ="MethodRoadie.java" package ="org.junit.internal.runners" value ="1"/>
         <Value name="runWithTimeout" source ="MethodRoadie.java" package ="org.junit.internal.runners" value ="1"/>
         <Value name="MethodValidator" source ="MethodValidator.java" package ="org.junit.internal.runners" value ="1"/>
         <Value name="validateMethodsForDefaultRunner" source ="MethodValidator.java" package ="org.junit.internal.runners" value ="1"/>
         <Value name="validateStaticMethods" source ="MethodValidator.java" package ="org.junit.internal.runners" value ="1"/>
         <Value name="validateTestMethods" source ="MethodValidator.java" package ="org.junit.internal.runners" value ="1"/>
         <Value name="SuiteMethod" source ="SuiteMethod.java" package ="org.junit.internal.runners" value ="1"/>
         <Value name="TestClass" source ="TestClass.java" package ="org.junit.internal.runners" value ="1"/>
         <Value name="getAfters" source ="TestClass.java" package ="org.junit.internal.runners" value ="1"/>
         <Value name="getBefores" source ="TestClass.java" package ="org.junit.internal.runners" value ="1"/>
         <Value name="getConstructor" source ="TestClass.java" package ="org.junit.internal.runners" value ="1"/>
         <Value name="getJavaClass" source ="TestClass.java" package ="org.junit.internal.runners" value ="1"/>
         <Value name="getName" source ="TestClass.java" package ="org.junit.internal.runners" value ="1"/>
         <Value name="getTestMethods" source ="TestClass.java" package ="org.junit.internal.runners" value ="1"/>
         <Value name="isShadowed" source ="TestClass.java" package ="org.junit.internal.runners" value ="1"/>
         <Value name="runsTopToBottom" source ="TestClass.java" package ="org.junit.internal.runners" value ="1"/>
         <Value name="TestMethod" source ="TestMethod.java" package ="org.junit.internal.runners" value ="1"/>
         <Value name="expectsException" source ="TestMethod.java" package ="org.junit.internal.runners" value ="1"/>
         <Value name="getAfters" source ="TestMethod.java" package ="org.junit.internal.runners" value ="1"/>
         <Value name="getBefores" source ="TestMethod.java" package ="org.junit.internal.runners" value ="1"/>
         <Value name="invoke" source ="TestMethod.java" package ="org.junit.internal.runners" value ="1"/>
         <Value name="isIgnored" source ="TestMethod.java" package ="org.junit.internal.runners" value ="1"/>
         <Value name="isUnexpected" source ="TestMethod.java" package ="org.junit.internal.runners" value ="1"/>
         <Value name="ArrayComparisonFailure" source ="ArrayComparisonFailure.java" package ="org.junit.internal" value ="1"/>
         <Value name="addDimension" source ="ArrayComparisonFailure.java" package ="org.junit.internal" value ="1"/>
         <Value name="toString" source ="ArrayComparisonFailure.java" package ="org.junit.internal" value ="1"/>
         <Value name="AssumptionViolatedException" source ="AssumptionViolatedException.java" package ="org.junit.internal" value ="1"/>
         <Value name="getMessage" source ="AssumptionViolatedException.java" package ="org.junit.internal" value ="1"/>
         <Value name="assertElementsEqual" source ="ComparisonCriteria.java" package ="org.junit.internal" value ="1"/>
         <Value name="isArray" source ="ComparisonCriteria.java" package ="org.junit.internal" value ="1"/>
         <Value name="assertElementsEqual" source ="ExactComparisonCriteria.java" package ="org.junit.internal" value ="1"/>
         <Value name="InexactComparisonCriteria" source ="InexactComparisonCriteria.java" package ="org.junit.internal" value ="1"/>
         <Value name="exit" source ="RealSystem.java" package ="org.junit.internal" value ="1"/>
         <Value name="out" source ="RealSystem.java" package ="org.junit.internal" value ="1"/>
         <Value name="TextListener" source ="TextListener.java" package ="org.junit.internal" value ="1"/>
         <Value name="TextListener" source ="TextListener.java" package ="org.junit.internal" value ="1"/>
         <Value name="elapsedTimeAsString" source ="TextListener.java" package ="org.junit.internal" value ="1"/>
         <Value name="getWriter" source ="TextListener.java" package ="org.junit.internal" value ="1"/>
         <Value name="printFailure" source ="TextListener.java" package ="org.junit.internal" value ="1"/>
         <Value name="printHeader" source ="TextListener.java" package ="org.junit.internal" value ="1"/>
         <Value name="testFailure" source ="TextListener.java" package ="org.junit.internal" value ="1"/>
         <Value name="testIgnored" source ="TextListener.java" package ="org.junit.internal" value ="1"/>
         <Value name="testRunFinished" source ="TextListener.java" package ="org.junit.internal" value ="1"/>
         <Value name="testStarted" source ="TextListener.java" package ="org.junit.internal" value ="1"/>
         <Value name="both" source ="JUnitMatchers.java" package ="org.junit.matchers" value ="1"/>
         <Value name="containsString" source ="JUnitMatchers.java" package ="org.junit.matchers" value ="1"/>
         <Value name="either" source ="JUnitMatchers.java" package ="org.junit.matchers" value ="1"/>
         <Value name="everyItem" source ="JUnitMatchers.java" package ="org.junit.matchers" value ="1"/>
         <Value name="hasItems" source ="JUnitMatchers.java" package ="org.junit.matchers" value ="1"/>
         <Value name="hasItems" source ="JUnitMatchers.java" package ="org.junit.matchers" value ="1"/>
         <Value name="hasItem" source ="JUnitMatchers.java" package ="org.junit.matchers" value ="1"/>
         <Value name="hasItem" source ="JUnitMatchers.java" package ="org.junit.matchers" value ="1"/>
         <Value name="addError" source ="ErrorCollector.java" package ="org.junit.rules" value ="1"/>
         <Value name="checkThat" source ="ErrorCollector.java" package ="org.junit.rules" value ="1"/>
         <Value name="verify" source ="ErrorCollector.java" package ="org.junit.rules" value ="1"/>
         <Value name="ExpectedExceptionStatement" source ="ExpectedException.java" package ="org.junit.rules" value ="1"/>
         <Value name="ExpectedException" source ="ExpectedException.java" package ="org.junit.rules" value ="1"/>
         <Value name="apply" source ="ExpectedException.java" package ="org.junit.rules" value ="1"/>
         <Value name="expectMessage" source ="ExpectedException.java" package ="org.junit.rules" value ="1"/>
         <Value name="expectMessage" source ="ExpectedException.java" package ="org.junit.rules" value ="1"/>
         <Value name="expect" source ="ExpectedException.java" package ="org.junit.rules" value ="1"/>
         <Value name="hasMessage" source ="ExpectedException.java" package ="org.junit.rules" value ="1"/>
         <Value name="none" source ="ExpectedException.java" package ="org.junit.rules" value ="1"/>
         <Value name="after" source ="ExternalResource.java" package ="org.junit.rules" value ="1"/>
         <Value name="apply" source ="ExternalResource.java" package ="org.junit.rules" value ="1"/>
         <Value name="before" source ="ExternalResource.java" package ="org.junit.rules" value ="1"/>
         <Value name="statement" source ="ExternalResource.java" package ="org.junit.rules" value ="1"/>
         <Value name="after" source ="TemporaryFolder.java" package ="org.junit.rules" value ="1"/>
         <Value name="before" source ="TemporaryFolder.java" package ="org.junit.rules" value ="1"/>
         <Value name="create" source ="TemporaryFolder.java" package ="org.junit.rules" value ="1"/>
         <Value name="delete" source ="TemporaryFolder.java" package ="org.junit.rules" value ="1"/>
         <Value name="getRoot" source ="TemporaryFolder.java" package ="org.junit.rules" value ="1"/>
         <Value name="newFile" source ="TemporaryFolder.java" package ="org.junit.rules" value ="1"/>
         <Value name="newFolder" source ="TemporaryFolder.java" package ="org.junit.rules" value ="1"/>
         <Value name="getMethodName" source ="TestName.java" package ="org.junit.rules" value ="1"/>
         <Value name="starting" source ="TestName.java" package ="org.junit.rules" value ="1"/>
         <Value name="failed" source ="TestWatcher.java" package ="org.junit.rules" value ="1"/>
         <Value name="finished" source ="TestWatcher.java" package ="org.junit.rules" value ="1"/>
         <Value name="starting" source ="TestWatcher.java" package ="org.junit.rules" value ="1"/>
         <Value name="succeeded" source ="TestWatcher.java" package ="org.junit.rules" value ="1"/>
         <Value name="failed" source ="TestWatchman.java" package ="org.junit.rules" value ="1"/>
         <Value name="finished" source ="TestWatchman.java" package ="org.junit.rules" value ="1"/>
         <Value name="starting" source ="TestWatchman.java" package ="org.junit.rules" value ="1"/>
         <Value name="succeeded" source ="TestWatchman.java" package ="org.junit.rules" value ="1"/>
         <Value name="Timeout" source ="Timeout.java" package ="org.junit.rules" value ="1"/>
         <Value name="apply" source ="Timeout.java" package ="org.junit.rules" value ="1"/>
         <Value name="apply" source ="Verifier.java" package ="org.junit.rules" value ="1"/>
         <Value name="verify" source ="Verifier.java" package ="org.junit.rules" value ="1"/>
         <Value name="describe" source ="Filter.java" package ="org.junit.runner.manipulation" value ="1"/>
         <Value name="shouldRun" source ="Filter.java" package ="org.junit.runner.manipulation" value ="1"/>
         <Value name="Sorter" source ="Sorter.java" package ="org.junit.runner.manipulation" value ="1"/>
         <Value name="compare" source ="Sorter.java" package ="org.junit.runner.manipulation" value ="1"/>
         <Value name="Failure" source ="Failure.java" package ="org.junit.runner.notification" value ="1"/>
         <Value name="getDescription" source ="Failure.java" package ="org.junit.runner.notification" value ="1"/>
         <Value name="getException" source ="Failure.java" package ="org.junit.runner.notification" value ="1"/>
         <Value name="getMessage" source ="Failure.java" package ="org.junit.runner.notification" value ="1"/>
         <Value name="getTestHeader" source ="Failure.java" package ="org.junit.runner.notification" value ="1"/>
         <Value name="getTrace" source ="Failure.java" package ="org.junit.runner.notification" value ="1"/>
         <Value name="toString" source ="Failure.java" package ="org.junit.runner.notification" value ="1"/>
         <Value name="testAssumptionFailure" source ="RunListener.java" package ="org.junit.runner.notification" value ="1"/>
         <Value name="testFailure" source ="RunListener.java" package ="org.junit.runner.notification" value ="1"/>
         <Value name="testFinished" source ="RunListener.java" package ="org.junit.runner.notification" value ="1"/>
         <Value name="testIgnored" source ="RunListener.java" package ="org.junit.runner.notification" value ="1"/>
         <Value name="testRunFinished" source ="RunListener.java" package ="org.junit.runner.notification" value ="1"/>
         <Value name="testRunStarted" source ="RunListener.java" package ="org.junit.runner.notification" value ="1"/>
         <Value name="testStarted" source ="RunListener.java" package ="org.junit.runner.notification" value ="1"/>
         <Value name="notifyListener" source ="RunNotifier.java" package ="org.junit.runner.notification" value ="1"/>
         <Value name="addFirstListener" source ="RunNotifier.java" package ="org.junit.runner.notification" value ="1"/>
         <Value name="addListener" source ="RunNotifier.java" package ="org.junit.runner.notification" value ="1"/>
         <Value name="fireTestAssumptionFailed" source ="RunNotifier.java" package ="org.junit.runner.notification" value ="1"/>
         <Value name="fireTestFailure" source ="RunNotifier.java" package ="org.junit.runner.notification" value ="1"/>
         <Value name="fireTestFinished" source ="RunNotifier.java" package ="org.junit.runner.notification" value ="1"/>
         <Value name="fireTestIgnored" source ="RunNotifier.java" package ="org.junit.runner.notification" value ="1"/>
         <Value name="fireTestRunFinished" source ="RunNotifier.java" package ="org.junit.runner.notification" value ="1"/>
         <Value name="fireTestRunStarted" source ="RunNotifier.java" package ="org.junit.runner.notification" value ="1"/>
         <Value name="pleaseStop" source ="RunNotifier.java" package ="org.junit.runner.notification" value ="1"/>
         <Value name="removeListener" source ="RunNotifier.java" package ="org.junit.runner.notification" value ="1"/>
         <Value name="FrameworkField" source ="FrameworkField.java" package ="org.junit.runners.model" value ="1"/>
         <Value name="getAnnotations" source ="FrameworkField.java" package ="org.junit.runners.model" value ="1"/>
         <Value name="getField" source ="FrameworkField.java" package ="org.junit.runners.model" value ="1"/>
         <Value name="getType" source ="FrameworkField.java" package ="org.junit.runners.model" value ="1"/>
         <Value name="get" source ="FrameworkField.java" package ="org.junit.runners.model" value ="1"/>
         <Value name="isShadowedBy" source ="FrameworkField.java" package ="org.junit.runners.model" value ="1"/>
         <Value name="getAnnotations" source ="FrameworkMember.java" package ="org.junit.runners.model" value ="1"/>
         <Value name="isShadowedBy" source ="FrameworkMember.java" package ="org.junit.runners.model" value ="1"/>
         <Value name="isShadowedBy" source ="FrameworkMember.java" package ="org.junit.runners.model" value ="1"/>
         <Value name="FrameworkMethod" source ="FrameworkMethod.java" package ="org.junit.runners.model" value ="1"/>
         <Value name="getAnnotations" source ="FrameworkMethod.java" package ="org.junit.runners.model" value ="1"/>
         <Value name="getAnnotation" source ="FrameworkMethod.java" package ="org.junit.runners.model" value ="1"/>
         <Value name="getMethod" source ="FrameworkMethod.java" package ="org.junit.runners.model" value ="1"/>
         <Value name="getName" source ="FrameworkMethod.java" package ="org.junit.runners.model" value ="1"/>
         <Value name="getParameterTypes" source ="FrameworkMethod.java" package ="org.junit.runners.model" value ="1"/>
         <Value name="hashCode" source ="FrameworkMethod.java" package ="org.junit.runners.model" value ="1"/>
         <Value name="invokeExplosively" source ="FrameworkMethod.java" package ="org.junit.runners.model" value ="1"/>
         <Value name="producesType" source ="FrameworkMethod.java" package ="org.junit.runners.model" value ="1"/>
         <Value name="InitializationError" source ="InitializationError.java" package ="org.junit.runners.model" value ="1"/>
         <Value name="InitializationError" source ="InitializationError.java" package ="org.junit.runners.model" value ="1"/>
         <Value name="InitializationError" source ="InitializationError.java" package ="org.junit.runners.model" value ="1"/>
         <Value name="getCauses" source ="InitializationError.java" package ="org.junit.runners.model" value ="1"/>
         <Value name="removeParent" source ="RunnerBuilder.java" package ="org.junit.runners.model" value ="1"/>
         <Value name="runnerForClass" source ="RunnerBuilder.java" package ="org.junit.runners.model" value ="1"/>
         <Value name="runners" source ="RunnerBuilder.java" package ="org.junit.runners.model" value ="1"/>
         <Value name="runners" source ="RunnerBuilder.java" package ="org.junit.runners.model" value ="1"/>
         <Value name="runners" source ="RunnerBuilder.java" package ="org.junit.runners.model" value ="1"/>
         <Value name="evaluate" source ="Statement.java" package ="org.junit.runners.model" value ="1"/>
         <Value name="addToAnnotationLists" source ="TestClass.java" package ="org.junit.runners.model" value ="1"/>
         <Value name="getAnnotatedFieldValues" source ="TestClass.java" package ="org.junit.runners.model" value ="1"/>
         <Value name="getAnnotatedFields" source ="TestClass.java" package ="org.junit.runners.model" value ="1"/>
         <Value name="getAnnotatedMethods" source ="TestClass.java" package ="org.junit.runners.model" value ="1"/>
         <Value name="getJavaClass" source ="TestClass.java" package ="org.junit.runners.model" value ="1"/>
         <Value name="getOnlyConstructor" source ="TestClass.java" package ="org.junit.runners.model" value ="1"/>
         <Value name="runsTopToBottom" source ="TestClass.java" package ="org.junit.runners.model" value ="1"/>
         <Value name="AllTests" source ="AllTests.java" package ="org.junit.runners" value ="1"/>
         <Value name="BlockJUnit4ClassRunner" source ="BlockJUnit4ClassRunner.java" package ="org.junit.runners" value ="1"/>
         <Value name="collectInitializationErrors" source ="BlockJUnit4ClassRunner.java" package ="org.junit.runners" value ="1"/>
         <Value name="computeTestMethods" source ="BlockJUnit4ClassRunner.java" package ="org.junit.runners" value ="1"/>
         <Value name="createTest" source ="BlockJUnit4ClassRunner.java" package ="org.junit.runners" value ="1"/>
         <Value name="describeChild" source ="BlockJUnit4ClassRunner.java" package ="org.junit.runners" value ="1"/>
         <Value name="expectsException" source ="BlockJUnit4ClassRunner.java" package ="org.junit.runners" value ="1"/>
         <Value name="getChildren" source ="BlockJUnit4ClassRunner.java" package ="org.junit.runners" value ="1"/>
         <Value name="getMethodRules" source ="BlockJUnit4ClassRunner.java" package ="org.junit.runners" value ="1"/>
         <Value name="getTestRules" source ="BlockJUnit4ClassRunner.java" package ="org.junit.runners" value ="1"/>
         <Value name="hasOneConstructor" source ="BlockJUnit4ClassRunner.java" package ="org.junit.runners" value ="1"/>
         <Value name="isMethodRule" source ="BlockJUnit4ClassRunner.java" package ="org.junit.runners" value ="1"/>
         <Value name="isTestRule" source ="BlockJUnit4ClassRunner.java" package ="org.junit.runners" value ="1"/>
         <Value name="makeNotifier" source ="BlockJUnit4ClassRunner.java" package ="org.junit.runners" value ="1"/>
         <Value name="methodInvoker" source ="BlockJUnit4ClassRunner.java" package ="org.junit.runners" value ="1"/>
         <Value name="runIgnored" source ="BlockJUnit4ClassRunner.java" package ="org.junit.runners" value ="1"/>
         <Value name="testName" source ="BlockJUnit4ClassRunner.java" package ="org.junit.runners" value ="1"/>
         <Value name="validateConstructor" source ="BlockJUnit4ClassRunner.java" package ="org.junit.runners" value ="1"/>
         <Value name="validateFields" source ="BlockJUnit4ClassRunner.java" package ="org.junit.runners" value ="1"/>
         <Value name="validateTestMethods" source ="BlockJUnit4ClassRunner.java" package ="org.junit.runners" value ="1"/>
         <Value name="withMethodRules" source ="BlockJUnit4ClassRunner.java" package ="org.junit.runners" value ="1"/>
         <Value name="withRules" source ="BlockJUnit4ClassRunner.java" package ="org.junit.runners" value ="1"/>
         <Value name="withTestRules" source ="BlockJUnit4ClassRunner.java" package ="org.junit.runners" value ="1"/>
         <Value name="JUnit4" source ="JUnit4.java" package ="org.junit.runners" value ="1"/>
         <Value name="TestClassRunnerForParameters" source ="Parameterized.java" package ="org.junit.runners" value ="1"/>
         <Value name="classBlock" source ="Parameterized.java" package ="org.junit.runners" value ="1"/>
         <Value name="createTest" source ="Parameterized.java" package ="org.junit.runners" value ="1"/>
         <Value name="getName" source ="Parameterized.java" package ="org.junit.runners" value ="1"/>
         <Value name="testName" source ="Parameterized.java" package ="org.junit.runners" value ="1"/>
         <Value name="validateConstructor" source ="Parameterized.java" package ="org.junit.runners" value ="1"/>
         <Value name="getChildren" source ="Parameterized.java" package ="org.junit.runners" value ="1"/>
         <Value name="getParametersList" source ="Parameterized.java" package ="org.junit.runners" value ="1"/>
         <Value name="getParametersMethod" source ="Parameterized.java" package ="org.junit.runners" value ="1"/>
         <Value name="ParentRunner" source ="ParentRunner.java" package ="org.junit.runners" value ="1"/>
         <Value name="childrenInvoker" source ="ParentRunner.java" package ="org.junit.runners" value ="1"/>
         <Value name="classBlock" source ="ParentRunner.java" package ="org.junit.runners" value ="1"/>
         <Value name="classRuleFields" source ="ParentRunner.java" package ="org.junit.runners" value ="1"/>
         <Value name="classRules" source ="ParentRunner.java" package ="org.junit.runners" value ="1"/>
         <Value name="collectInitializationErrors" source ="ParentRunner.java" package ="org.junit.runners" value ="1"/>
         <Value name="comparator" source ="ParentRunner.java" package ="org.junit.runners" value ="1"/>
         <Value name="describeChild" source ="ParentRunner.java" package ="org.junit.runners" value ="1"/>
         <Value name="filter" source ="ParentRunner.java" package ="org.junit.runners" value ="1"/>
         <Value name="getChildren" source ="ParentRunner.java" package ="org.junit.runners" value ="1"/>
         <Value name="getDescription" source ="ParentRunner.java" package ="org.junit.runners" value ="1"/>
         <Value name="getFilteredChildren" source ="ParentRunner.java" package ="org.junit.runners" value ="1"/>
         <Value name="getName" source ="ParentRunner.java" package ="org.junit.runners" value ="1"/>
         <Value name="getTestClass" source ="ParentRunner.java" package ="org.junit.runners" value ="1"/>
         <Value name="runChildren" source ="ParentRunner.java" package ="org.junit.runners" value ="1"/>
         <Value name="runChild" source ="ParentRunner.java" package ="org.junit.runners" value ="1"/>
         <Value name="setScheduler" source ="ParentRunner.java" package ="org.junit.runners" value ="1"/>
         <Value name="shouldRun" source ="ParentRunner.java" package ="org.junit.runners" value ="1"/>
         <Value name="sortChild" source ="ParentRunner.java" package ="org.junit.runners" value ="1"/>
         <Value name="sort" source ="ParentRunner.java" package ="org.junit.runners" value ="1"/>
         <Value name="validatePublicVoidNoArgMethods" source ="ParentRunner.java" package ="org.junit.runners" value ="1"/>
         <Value name="Suite" source ="Suite.java" package ="org.junit.runners" value ="1"/>
         <Value name="Suite" source ="Suite.java" package ="org.junit.runners" value ="1"/>
         <Value name="Suite" source ="Suite.java" package ="org.junit.runners" value ="1"/>
         <Value name="Suite" source ="Suite.java" package ="org.junit.runners" value ="1"/>
         <Value name="Suite" source ="Suite.java" package ="org.junit.runners" value ="1"/>
         <Value name="describeChild" source ="Suite.java" package ="org.junit.runners" value ="1"/>
         <Value name="getChildren" source ="Suite.java" package ="org.junit.runners" value ="1"/>
         <Value name="runChild" source ="Suite.java" package ="org.junit.runners" value ="1"/>
         <Value name="getRunner" source ="Computer.java" package ="org.junit.runner" value ="1"/>
         <Value name="getSuite" source ="Computer.java" package ="org.junit.runner" value ="1"/>
         <Value name="serial" source ="Computer.java" package ="org.junit.runner" value ="1"/>
         <Value name="Description" source ="Description.java" package ="org.junit.runner" value ="1"/>
         <Value name="addChild" source ="Description.java" package ="org.junit.runner" value ="1"/>
         <Value name="childlessCopy" source ="Description.java" package ="org.junit.runner" value ="1"/>
         <Value name="createSuiteDescription" source ="Description.java" package ="org.junit.runner" value ="1"/>
         <Value name="createTestDescription" source ="Description.java" package ="org.junit.runner" value ="1"/>
         <Value name="createTestDescription" source ="Description.java" package ="org.junit.runner" value ="1"/>
         <Value name="getAnnotations" source ="Description.java" package ="org.junit.runner" value ="1"/>
         <Value name="getAnnotation" source ="Description.java" package ="org.junit.runner" value ="1"/>
         <Value name="getChildren" source ="Description.java" package ="org.junit.runner" value ="1"/>
         <Value name="getDisplayName" source ="Description.java" package ="org.junit.runner" value ="1"/>
         <Value name="getMethodName" source ="Description.java" package ="org.junit.runner" value ="1"/>
         <Value name="hashCode" source ="Description.java" package ="org.junit.runner" value ="1"/>
         <Value name="isEmpty" source ="Description.java" package ="org.junit.runner" value ="1"/>
         <Value name="isSuite" source ="Description.java" package ="org.junit.runner" value ="1"/>
         <Value name="isTest" source ="Description.java" package ="org.junit.runner" value ="1"/>
         <Value name="methodStringMatcher" source ="Description.java" package ="org.junit.runner" value ="1"/>
         <Value name="toString" source ="Description.java" package ="org.junit.runner" value ="1"/>
         <Value name="JUnitCore" source ="JUnitCore.java" package ="org.junit.runner" value ="1"/>
         <Value name="addListener" source ="JUnitCore.java" package ="org.junit.runner" value ="1"/>
         <Value name="defaultComputer" source ="JUnitCore.java" package ="org.junit.runner" value ="1"/>
         <Value name="getVersion" source ="JUnitCore.java" package ="org.junit.runner" value ="1"/>
         <Value name="main" source ="JUnitCore.java" package ="org.junit.runner" value ="1"/>
         <Value name="removeListener" source ="JUnitCore.java" package ="org.junit.runner" value ="1"/>
         <Value name="runClasses" source ="JUnitCore.java" package ="org.junit.runner" value ="1"/>
         <Value name="runClasses" source ="JUnitCore.java" package ="org.junit.runner" value ="1"/>
         <Value name="runMainAndExit" source ="JUnitCore.java" package ="org.junit.runner" value ="1"/>
         <Value name="runMain" source ="JUnitCore.java" package ="org.junit.runner" value ="1"/>
         <Value name="run" source ="JUnitCore.java" package ="org.junit.runner" value ="1"/>
         <Value name="run" source ="JUnitCore.java" package ="org.junit.runner" value ="1"/>
         <Value name="run" source ="JUnitCore.java" package ="org.junit.runner" value ="1"/>
         <Value name="run" source ="JUnitCore.java" package ="org.junit.runner" value ="1"/>
         <Value name="run" source ="JUnitCore.java" package ="org.junit.runner" value ="1"/>
         <Value name="aClass" source ="Request.java" package ="org.junit.runner" value ="1"/>
         <Value name="classWithoutSuiteMethod" source ="Request.java" package ="org.junit.runner" value ="1"/>
         <Value name="classes" source ="Request.java" package ="org.junit.runner" value ="1"/>
         <Value name="errorReport" source ="Request.java" package ="org.junit.runner" value ="1"/>
         <Value name="filterWith" source ="Request.java" package ="org.junit.runner" value ="1"/>
         <Value name="filterWith" source ="Request.java" package ="org.junit.runner" value ="1"/>
         <Value name="getRunner" source ="Request.java" package ="org.junit.runner" value ="1"/>
         <Value name="method" source ="Request.java" package ="org.junit.runner" value ="1"/>
         <Value name="runner" source ="Request.java" package ="org.junit.runner" value ="1"/>
         <Value name="sortWith" source ="Request.java" package ="org.junit.runner" value ="1"/>
         <Value name="testAssumptionFailure" source ="Result.java" package ="org.junit.runner" value ="1"/>
         <Value name="testFailure" source ="Result.java" package ="org.junit.runner" value ="1"/>
         <Value name="testFinished" source ="Result.java" package ="org.junit.runner" value ="1"/>
         <Value name="testIgnored" source ="Result.java" package ="org.junit.runner" value ="1"/>
         <Value name="testRunFinished" source ="Result.java" package ="org.junit.runner" value ="1"/>
         <Value name="testRunStarted" source ="Result.java" package ="org.junit.runner" value ="1"/>
         <Value name="createListener" source ="Result.java" package ="org.junit.runner" value ="1"/>
         <Value name="getFailureCount" source ="Result.java" package ="org.junit.runner" value ="1"/>
         <Value name="getFailures" source ="Result.java" package ="org.junit.runner" value ="1"/>
         <Value name="getIgnoreCount" source ="Result.java" package ="org.junit.runner" value ="1"/>
         <Value name="getRunCount" source ="Result.java" package ="org.junit.runner" value ="1"/>
         <Value name="getRunTime" source ="Result.java" package ="org.junit.runner" value ="1"/>
         <Value name="wasSuccessful" source ="Result.java" package ="org.junit.runner" value ="1"/>
         <Value name="getDescription" source ="Runner.java" package ="org.junit.runner" value ="1"/>
         <Value name="run" source ="Runner.java" package ="org.junit.runner" value ="1"/>
         <Value name="testCount" source ="Runner.java" package ="org.junit.runner" value ="1"/>
         <Value name="Assert" source ="Assert.java" package ="org.junit" value ="1"/>
         <Value name="assertArrayEquals" source ="Assert.java" package ="org.junit" value ="1"/>
         <Value name="assertArrayEquals" source ="Assert.java" package ="org.junit" value ="1"/>
         <Value name="assertArrayEquals" source ="Assert.java" package ="org.junit" value ="1"/>
         <Value name="assertArrayEquals" source ="Assert.java" package ="org.junit" value ="1"/>
         <Value name="assertArrayEquals" source ="Assert.java" package ="org.junit" value ="1"/>
         <Value name="assertArrayEquals" source ="Assert.java" package ="org.junit" value ="1"/>
         <Value name="assertArrayEquals" source ="Assert.java" package ="org.junit" value ="1"/>
         <Value name="assertArrayEquals" source ="Assert.java" package ="org.junit" value ="1"/>
         <Value name="assertArrayEquals" source ="Assert.java" package ="org.junit" value ="1"/>
         <Value name="assertArrayEquals" source ="Assert.java" package ="org.junit" value ="1"/>
         <Value name="assertArrayEquals" source ="Assert.java" package ="org.junit" value ="1"/>
         <Value name="assertArrayEquals" source ="Assert.java" package ="org.junit" value ="1"/>
         <Value name="assertArrayEquals" source ="Assert.java" package ="org.junit" value ="1"/>
         <Value name="assertArrayEquals" source ="Assert.java" package ="org.junit" value ="1"/>
         <Value name="assertArrayEquals" source ="Assert.java" package ="org.junit" value ="1"/>
         <Value name="assertArrayEquals" source ="Assert.java" package ="org.junit" value ="1"/>
         <Value name="assertEquals" source ="Assert.java" package ="org.junit" value ="1"/>
         <Value name="assertEquals" source ="Assert.java" package ="org.junit" value ="1"/>
         <Value name="assertEquals" source ="Assert.java" package ="org.junit" value ="1"/>
         <Value name="assertEquals" source ="Assert.java" package ="org.junit" value ="1"/>
         <Value name="assertEquals" source ="Assert.java" package ="org.junit" value ="1"/>
         <Value name="assertEquals" source ="Assert.java" package ="org.junit" value ="1"/>
         <Value name="assertEquals" source ="Assert.java" package ="org.junit" value ="1"/>
         <Value name="assertEquals" source ="Assert.java" package ="org.junit" value ="1"/>
         <Value name="assertFalse" source ="Assert.java" package ="org.junit" value ="1"/>
         <Value name="assertFalse" source ="Assert.java" package ="org.junit" value ="1"/>
         <Value name="assertNotNull" source ="Assert.java" package ="org.junit" value ="1"/>
         <Value name="assertNotNull" source ="Assert.java" package ="org.junit" value ="1"/>
         <Value name="assertNotSame" source ="Assert.java" package ="org.junit" value ="1"/>
         <Value name="assertNull" source ="Assert.java" package ="org.junit" value ="1"/>
         <Value name="assertNull" source ="Assert.java" package ="org.junit" value ="1"/>
         <Value name="assertSame" source ="Assert.java" package ="org.junit" value ="1"/>
         <Value name="assertThat" source ="Assert.java" package ="org.junit" value ="1"/>
         <Value name="assertTrue" source ="Assert.java" package ="org.junit" value ="1"/>
         <Value name="fail" source ="Assert.java" package ="org.junit" value ="1"/>
         <Value name="failNotEquals" source ="Assert.java" package ="org.junit" value ="1"/>
         <Value name="internalArrayEquals" source ="Assert.java" package ="org.junit" value ="1"/>
         <Value name="isEquals" source ="Assert.java" package ="org.junit" value ="1"/>
         <Value name="assumeNoException" source ="Assume.java" package ="org.junit" value ="1"/>
         <Value name="assumeNotNull" source ="Assume.java" package ="org.junit" value ="1"/>
         <Value name="assumeTrue" source ="Assume.java" package ="org.junit" value ="1"/>
         <Value name="ComparisonCompactor" source ="ComparisonFailure.java" package ="org.junit" value ="1"/>
         <Value name="areStringsEqual" source ="ComparisonFailure.java" package ="org.junit" value ="1"/>
         <Value name="ComparisonFailure" source ="ComparisonFailure.java" package ="org.junit" value ="1"/>
         <Value name="getActual" source ="ComparisonFailure.java" package ="org.junit" value ="1"/>
         <Value name="getExpected" source ="ComparisonFailure.java" package ="org.junit" value ="1"/>
         <Value name="getMessage" source ="ComparisonFailure.java" package ="org.junit" value ="1"/>
         <Value name="Money" source ="Money.java" package ="junit.samples.money" value ="1"/>
         <Value name="addMoneyBag" source ="Money.java" package ="junit.samples.money" value ="1"/>
         <Value name="add" source ="Money.java" package ="junit.samples.money" value ="1"/>
         <Value name="amount" source ="Money.java" package ="junit.samples.money" value ="1"/>
         <Value name="appendTo" source ="Money.java" package ="junit.samples.money" value ="1"/>
         <Value name="currency" source ="Money.java" package ="junit.samples.money" value ="1"/>
         <Value name="isZero" source ="Money.java" package ="junit.samples.money" value ="1"/>
         <Value name="multiply" source ="Money.java" package ="junit.samples.money" value ="1"/>
         <Value name="negate" source ="Money.java" package ="junit.samples.money" value ="1"/>
         <Value name="subtract" source ="Money.java" package ="junit.samples.money" value ="1"/>
         <Value name="toString" source ="Money.java" package ="junit.samples.money" value ="1"/>
         <Value name="addMoneyBag" source ="MoneyBag.java" package ="junit.samples.money" value ="1"/>
         <Value name="addMoney" source ="MoneyBag.java" package ="junit.samples.money" value ="1"/>
         <Value name="add" source ="MoneyBag.java" package ="junit.samples.money" value ="1"/>
         <Value name="appendBag" source ="MoneyBag.java" package ="junit.samples.money" value ="1"/>
         <Value name="appendTo" source ="MoneyBag.java" package ="junit.samples.money" value ="1"/>
         <Value name="create" source ="MoneyBag.java" package ="junit.samples.money" value ="1"/>
         <Value name="findMoney" source ="MoneyBag.java" package ="junit.samples.money" value ="1"/>
         <Value name="hashCode" source ="MoneyBag.java" package ="junit.samples.money" value ="1"/>
         <Value name="isZero" source ="MoneyBag.java" package ="junit.samples.money" value ="1"/>
         <Value name="negate" source ="MoneyBag.java" package ="junit.samples.money" value ="1"/>
         <Value name="subtract" source ="MoneyBag.java" package ="junit.samples.money" value ="1"/>
         <Value name="toString" source ="MoneyBag.java" package ="junit.samples.money" value ="1"/>
         <Value name="main" source ="MoneyTest.java" package ="junit.samples.money" value ="1"/>
         <Value name="setUp" source ="MoneyTest.java" package ="junit.samples.money" value ="1"/>
         <Value name="testBagMultiply" source ="MoneyTest.java" package ="junit.samples.money" value ="1"/>
         <Value name="testBagNegate" source ="MoneyTest.java" package ="junit.samples.money" value ="1"/>
         <Value name="testBagNotEquals" source ="MoneyTest.java" package ="junit.samples.money" value ="1"/>
         <Value name="testBagSimpleAdd" source ="MoneyTest.java" package ="junit.samples.money" value ="1"/>
         <Value name="testBagSubtract" source ="MoneyTest.java" package ="junit.samples.money" value ="1"/>
         <Value name="testBagSumAdd" source ="MoneyTest.java" package ="junit.samples.money" value ="1"/>
         <Value name="testIsZero" source ="MoneyTest.java" package ="junit.samples.money" value ="1"/>
         <Value name="testMixedSimpleAdd" source ="MoneyTest.java" package ="junit.samples.money" value ="1"/>
         <Value name="testMoneyBagEquals" source ="MoneyTest.java" package ="junit.samples.money" value ="1"/>
         <Value name="testMoneyBagHash" source ="MoneyTest.java" package ="junit.samples.money" value ="1"/>
         <Value name="testMoneyEquals" source ="MoneyTest.java" package ="junit.samples.money" value ="1"/>
         <Value name="testMoneyHash" source ="MoneyTest.java" package ="junit.samples.money" value ="1"/>
         <Value name="testNormalize2" source ="MoneyTest.java" package ="junit.samples.money" value ="1"/>
         <Value name="testNormalize3" source ="MoneyTest.java" package ="junit.samples.money" value ="1"/>
         <Value name="testNormalize4" source ="MoneyTest.java" package ="junit.samples.money" value ="1"/>
         <Value name="testPrint" source ="MoneyTest.java" package ="junit.samples.money" value ="1"/>
         <Value name="testSimpleAdd" source ="MoneyTest.java" package ="junit.samples.money" value ="1"/>
         <Value name="testSimpleBagAdd" source ="MoneyTest.java" package ="junit.samples.money" value ="1"/>
         <Value name="testSimpleMultiply" source ="MoneyTest.java" package ="junit.samples.money" value ="1"/>
         <Value name="testSimpleNegate" source ="MoneyTest.java" package ="junit.samples.money" value ="1"/>
         <Value name="testSimpleSubtract" source ="MoneyTest.java" package ="junit.samples.money" value ="1"/>
         <Value name="testSimplify" source ="MoneyTest.java" package ="junit.samples.money" value ="1"/>
         <Value name="main" source ="AllTests.java" package ="junit.samples" value ="1"/>
         <Value name="suite" source ="AllTests.java" package ="junit.samples" value ="1"/>
         <Value name="main" source ="ListTest.java" package ="junit.samples" value ="1"/>
         <Value name="setUp" source ="ListTest.java" package ="junit.samples" value ="1"/>
         <Value name="suite" source ="ListTest.java" package ="junit.samples" value ="1"/>
         <Value name="testContains" source ="ListTest.java" package ="junit.samples" value ="1"/>
         <Value name="testRemoveAll" source ="ListTest.java" package ="junit.samples" value ="1"/>
         <Value name="testRemoveElement" source ="ListTest.java" package ="junit.samples" value ="1"/>
         <Value name="main" source ="SimpleTest.java" package ="junit.samples" value ="1"/>
         <Value name="setUp" source ="SimpleTest.java" package ="junit.samples" value ="1"/>
         <Value name="suite" source ="SimpleTest.java" package ="junit.samples" value ="1"/>
         <Value name="testAdd" source ="SimpleTest.java" package ="junit.samples" value ="1"/>
         <Value name="testDivideByZero" source ="SimpleTest.java" package ="junit.samples" value ="1"/>
         <Value name="testEquals" source ="SimpleTest.java" package ="junit.samples" value ="1"/>
         <Value name="runTest" source ="ActiveTestTest.java" package ="junit.tests.extensions" value ="1"/>
         <Value name="testActiveRepeatedTest" source ="ActiveTestTest.java" package ="junit.tests.extensions" value ="1"/>
         <Value name="testActiveRepeatedTest0" source ="ActiveTestTest.java" package ="junit.tests.extensions" value ="1"/>
         <Value name="testActiveRepeatedTest1" source ="ActiveTestTest.java" package ="junit.tests.extensions" value ="1"/>
         <Value name="testActiveTest" source ="ActiveTestTest.java" package ="junit.tests.extensions" value ="1"/>
         <Value name="main" source ="AllTests.java" package ="junit.tests.extensions" value ="1"/>
         <Value name="suite" source ="AllTests.java" package ="junit.tests.extensions" value ="1"/>
         <Value name="TornDown" source ="ExtensionTest.java" package ="junit.tests.extensions" value ="1"/>
         <Value name="tearDown" source ="ExtensionTest.java" package ="junit.tests.extensions" value ="1"/>
         <Value name="testRunningErrorInTestSetup" source ="ExtensionTest.java" package ="junit.tests.extensions" value ="1"/>
         <Value name="testRunningErrorsInTestSetup" source ="ExtensionTest.java" package ="junit.tests.extensions" value ="1"/>
         <Value name="testSetupErrorDontTearDown" source ="ExtensionTest.java" package ="junit.tests.extensions" value ="1"/>
         <Value name="testSetupErrorInTestSetup" source ="ExtensionTest.java" package ="junit.tests.extensions" value ="1"/>
         <Value name="runTest" source ="RepeatedTestTest.java" package ="junit.tests.extensions" value ="1"/>
         <Value name="RepeatedTestTest" source ="RepeatedTestTest.java" package ="junit.tests.extensions" value ="1"/>
         <Value name="testRepeatedMoreThanOnce" source ="RepeatedTestTest.java" package ="junit.tests.extensions" value ="1"/>
         <Value name="testRepeatedOnce" source ="RepeatedTestTest.java" package ="junit.tests.extensions" value ="1"/>
         <Value name="testRepeatedZero" source ="RepeatedTestTest.java" package ="junit.tests.extensions" value ="1"/>
         <Value name="main" source ="AllTests.java" package ="junit.tests.framework" value ="1"/>
         <Value name="suite" source ="AllTests.java" package ="junit.tests.framework" value ="1"/>
         <Value name="testAssertEqualsNull" source ="AssertTest.java" package ="junit.tests.framework" value ="1"/>
         <Value name="testAssertStringEquals" source ="AssertTest.java" package ="junit.tests.framework" value ="1"/>
         <Value name="testBug609972" source ="ComparisonCompactorTest.java" package ="junit.tests.framework" value ="1"/>
         <Value name="testComparisonErrorEndSameComplete" source ="ComparisonCompactorTest.java" package ="junit.tests.framework" value ="1"/>
         <Value name="testComparisonErrorEndSameCompleteContext" source ="ComparisonCompactorTest.java" package ="junit.tests.framework" value ="1"/>
         <Value name="testComparisonErrorOverlapingMatches" source ="ComparisonCompactorTest.java" package ="junit.tests.framework" value ="1"/>
         <Value name="testComparisonErrorOverlapingMatches2" source ="ComparisonCompactorTest.java" package ="junit.tests.framework" value ="1"/>
         <Value name="testComparisonErrorOverlapingMatches2Context" source ="ComparisonCompactorTest.java" package ="junit.tests.framework" value ="1"/>
         <Value name="testComparisonErrorOverlapingMatchesContext" source ="ComparisonCompactorTest.java" package ="junit.tests.framework" value ="1"/>
         <Value name="testComparisonErrorStartSameComplete" source ="ComparisonCompactorTest.java" package ="junit.tests.framework" value ="1"/>
         <Value name="testComparisonErrorWithActualNull" source ="ComparisonCompactorTest.java" package ="junit.tests.framework" value ="1"/>
         <Value name="testComparisonErrorWithActualNullContext" source ="ComparisonCompactorTest.java" package ="junit.tests.framework" value ="1"/>
         <Value name="testComparisonErrorWithExpectedNull" source ="ComparisonCompactorTest.java" package ="junit.tests.framework" value ="1"/>
         <Value name="testComparisonErrorWithExpectedNullContext" source ="ComparisonCompactorTest.java" package ="junit.tests.framework" value ="1"/>
         <Value name="testEndSame" source ="ComparisonCompactorTest.java" package ="junit.tests.framework" value ="1"/>
         <Value name="testMessage" source ="ComparisonCompactorTest.java" package ="junit.tests.framework" value ="1"/>
         <Value name="testNoContextStartAndEndSame" source ="ComparisonCompactorTest.java" package ="junit.tests.framework" value ="1"/>
         <Value name="testSame" source ="ComparisonCompactorTest.java" package ="junit.tests.framework" value ="1"/>
         <Value name="testStartAndEndContext" source ="ComparisonCompactorTest.java" package ="junit.tests.framework" value ="1"/>
         <Value name="testStartAndEndContextWithEllipses" source ="ComparisonCompactorTest.java" package ="junit.tests.framework" value ="1"/>
         <Value name="testStartSame" source ="ComparisonCompactorTest.java" package ="junit.tests.framework" value ="1"/>
         <Value name="testConnection" source ="ComparisonFailureTest.java" package ="junit.tests.framework" value ="1"/>
         <Value name="testAssertNaNEqualsNaN" source ="DoublePrecisionAssertTest.java" package ="junit.tests.framework" value ="1"/>
         <Value name="testAssertNegInfinityEqualsInfinity" source ="DoublePrecisionAssertTest.java" package ="junit.tests.framework" value ="1"/>
         <Value name="testAssertPosInfinityEqualsInfinity" source ="DoublePrecisionAssertTest.java" package ="junit.tests.framework" value ="1"/>
         <Value name="runTest" source ="Failure.java" package ="junit.tests.framework" value ="1"/>
         <Value name="testAssertNaNEqualsNaN" source ="FloatAssertTest.java" package ="junit.tests.framework" value ="1"/>
         <Value name="testAssertNegInfinityEqualsInfinity" source ="FloatAssertTest.java" package ="junit.tests.framework" value ="1"/>
         <Value name="testAssertPosInfinityEqualsInfinity" source ="FloatAssertTest.java" package ="junit.tests.framework" value ="1"/>
         <Value name="test2" source ="InheritedTestCase.java" package ="junit.tests.framework" value ="1"/>
         <Value name="testNothing" source ="NoArgTestCaseTest.java" package ="junit.tests.framework" value ="1"/>
         <Value name="testSuccess" source ="NoTestCaseClass.java" package ="junit.tests.framework" value ="1"/>
         <Value name="noTestCase" source ="NoTestCases.java" package ="junit.tests.framework" value ="1"/>
         <Value name="testNotPublic" source ="NotPublicTestCase.java" package ="junit.tests.framework" value ="1"/>
         <Value name="testPublic" source ="NotPublicTestCase.java" package ="junit.tests.framework" value ="1"/>
         <Value name="testNotVoid" source ="NotVoidTestCase.java" package ="junit.tests.framework" value ="1"/>
         <Value name="testVoid" source ="NotVoidTestCase.java" package ="junit.tests.framework" value ="1"/>
         <Value name="noTestCase" source ="OneTestCase.java" package ="junit.tests.framework" value ="1"/>
         <Value name="testCase" source ="OneTestCase.java" package ="junit.tests.framework" value ="1"/>
         <Value name="testCase" source ="OneTestCase.java" package ="junit.tests.framework" value ="1"/>
         <Value name="testCase" source ="OverrideTestCase.java" package ="junit.tests.framework" value ="1"/>
         <Value name="runTest" source ="Success.java" package ="junit.tests.framework" value ="1"/>
         <Value name="testSuccess" source ="Success.java" package ="junit.tests.framework" value ="1"/>
         <Value name="SuiteTest" source ="SuiteTest.java" package ="junit.tests.framework" value ="1"/>
         <Value name="setUp" source ="SuiteTest.java" package ="junit.tests.framework" value ="1"/>
         <Value name="suite" source ="SuiteTest.java" package ="junit.tests.framework" value ="1"/>
         <Value name="testAddTestSuite" source ="SuiteTest.java" package ="junit.tests.framework" value ="1"/>
         <Value name="testCreateSuiteFromArray" source ="SuiteTest.java" package ="junit.tests.framework" value ="1"/>
         <Value name="testInheritedTests" source ="SuiteTest.java" package ="junit.tests.framework" value ="1"/>
         <Value name="testNoTestCaseClass" source ="SuiteTest.java" package ="junit.tests.framework" value ="1"/>
         <Value name="testNoTestCases" source ="SuiteTest.java" package ="junit.tests.framework" value ="1"/>
         <Value name="testNotExistingTestCase" source ="SuiteTest.java" package ="junit.tests.framework" value ="1"/>
         <Value name="testNotPublicTestCase" source ="SuiteTest.java" package ="junit.tests.framework" value ="1"/>
         <Value name="testNotVoidTestCase" source ="SuiteTest.java" package ="junit.tests.framework" value ="1"/>
         <Value name="testOneTestCase" source ="SuiteTest.java" package ="junit.tests.framework" value ="1"/>
         <Value name="testOneTestCaseEclipseSeesSameStructureAs381" source ="SuiteTest.java" package ="junit.tests.framework" value ="1"/>
         <Value name="testShadowedTests" source ="SuiteTest.java" package ="junit.tests.framework" value ="1"/>
         <Value name="runTest" source ="TestCaseTest.java" package ="junit.tests.framework" value ="1"/>
         <Value name="tearDown" source ="TestCaseTest.java" package ="junit.tests.framework" value ="1"/>
         <Value name="testCaseToString" source ="TestCaseTest.java" package ="junit.tests.framework" value ="1"/>
         <Value name="testError" source ="TestCaseTest.java" package ="junit.tests.framework" value ="1"/>
         <Value name="testExceptionRunningAndTearDown" source ="TestCaseTest.java" package ="junit.tests.framework" value ="1"/>
         <Value name="testFailure" source ="TestCaseTest.java" package ="junit.tests.framework" value ="1"/>
         <Value name="testNamelessTestCase" source ="TestCaseTest.java" package ="junit.tests.framework" value ="1"/>
         <Value name="testNoArgTestCasePasses" source ="TestCaseTest.java" package ="junit.tests.framework" value ="1"/>
         <Value name="testRunAndTearDownFails" source ="TestCaseTest.java" package ="junit.tests.framework" value ="1"/>
         <Value name="testSetupFails" source ="TestCaseTest.java" package ="junit.tests.framework" value ="1"/>
         <Value name="testSuccess" source ="TestCaseTest.java" package ="junit.tests.framework" value ="1"/>
         <Value name="testTearDownAfterError" source ="TestCaseTest.java" package ="junit.tests.framework" value ="1"/>
         <Value name="testTearDownFails" source ="TestCaseTest.java" package ="junit.tests.framework" value ="1"/>
         <Value name="testTearDownSetupFails" source ="TestCaseTest.java" package ="junit.tests.framework" value ="1"/>
         <Value name="testWasRun" source ="TestCaseTest.java" package ="junit.tests.framework" value ="1"/>
         <Value name="verifyError" source ="TestCaseTest.java" package ="junit.tests.framework" value ="1"/>
         <Value name="verifyFailure" source ="TestCaseTest.java" package ="junit.tests.framework" value ="1"/>
         <Value name="verifySuccess" source ="TestCaseTest.java" package ="junit.tests.framework" value ="1"/>
         <Value name="DoubleTestCase" source ="TestImplementorTest.java" package ="junit.tests.framework" value ="1"/>
         <Value name="countTestCases" source ="TestImplementorTest.java" package ="junit.tests.framework" value ="1"/>
         <Value name="run" source ="TestImplementorTest.java" package ="junit.tests.framework" value ="1"/>
         <Value name="TestImplementorTest" source ="TestImplementorTest.java" package ="junit.tests.framework" value ="1"/>
         <Value name="testSuccessfulRun" source ="TestImplementorTest.java" package ="junit.tests.framework" value ="1"/>
         <Value name="addError" source ="TestListenerTest.java" package ="junit.tests.framework" value ="1"/>
         <Value name="addFailure" source ="TestListenerTest.java" package ="junit.tests.framework" value ="1"/>
         <Value name="endTest" source ="TestListenerTest.java" package ="junit.tests.framework" value ="1"/>
         <Value name="setUp" source ="TestListenerTest.java" package ="junit.tests.framework" value ="1"/>
         <Value name="startTest" source ="TestListenerTest.java" package ="junit.tests.framework" value ="1"/>
         <Value name="testError" source ="TestListenerTest.java" package ="junit.tests.framework" value ="1"/>
         <Value name="testFailure" source ="TestListenerTest.java" package ="junit.tests.framework" value ="1"/>
         <Value name="testStartStop" source ="TestListenerTest.java" package ="junit.tests.framework" value ="1"/>
         <Value name="testCase" source ="ThreeTestCases.java" package ="junit.tests.framework" value ="1"/>
         <Value name="testCase2" source ="ThreeTestCases.java" package ="junit.tests.framework" value ="1"/>
         <Value name="testCase3thisTimeItsPersonal" source ="ThreeTestCases.java" package ="junit.tests.framework" value ="1"/>
         <Value name="isJDK11" source ="AllTests.java" package ="junit.tests.runner" value ="1"/>
         <Value name="main" source ="AllTests.java" package ="junit.tests.runner" value ="1"/>
         <Value name="suite" source ="AllTests.java" package ="junit.tests.runner" value ="1"/>
         <Value name="suite" source ="BaseTestRunnerTest.java" package ="junit.tests.runner" value ="1"/>
         <Value name="runFailed" source ="BaseTestRunnerTest.java" package ="junit.tests.runner" value ="1"/>
         <Value name="testEnded" source ="BaseTestRunnerTest.java" package ="junit.tests.runner" value ="1"/>
         <Value name="testFailed" source ="BaseTestRunnerTest.java" package ="junit.tests.runner" value ="1"/>
         <Value name="testStarted" source ="BaseTestRunnerTest.java" package ="junit.tests.runner" value ="1"/>
         <Value name="suite" source ="BaseTestRunnerTest.java" package ="junit.tests.runner" value ="1"/>
         <Value name="testInvokeNonStaticSuite" source ="BaseTestRunnerTest.java" package ="junit.tests.runner" value ="1"/>
         <Value name="testInvokeSuiteOnNonSubclassOfTestCase" source ="BaseTestRunnerTest.java" package ="junit.tests.runner" value ="1"/>
         <Value name="setUp" source ="StackFilterTest.java" package ="junit.tests.runner" value ="1"/>
         <Value name="testFilter" source ="StackFilterTest.java" package ="junit.tests.runner" value ="1"/>
         <Value name="TestResultPrinter" source ="TextFeedbackTest.java" package ="junit.tests.runner" value ="1"/>
         <Value name="elapsedTimeAsString" source ="TextFeedbackTest.java" package ="junit.tests.runner" value ="1"/>
         <Value name="main" source ="TextFeedbackTest.java" package ="junit.tests.runner" value ="1"/>
         <Value name="setUp" source ="TextFeedbackTest.java" package ="junit.tests.runner" value ="1"/>
         <Value name="testEmptySuite" source ="TextFeedbackTest.java" package ="junit.tests.runner" value ="1"/>
         <Value name="testError" source ="TextFeedbackTest.java" package ="junit.tests.runner" value ="1"/>
         <Value name="testFailure" source ="TextFeedbackTest.java" package ="junit.tests.runner" value ="1"/>
         <Value name="testOneTest" source ="TextFeedbackTest.java" package ="junit.tests.runner" value ="1"/>
         <Value name="testTwoTests" source ="TextFeedbackTest.java" package ="junit.tests.runner" value ="1"/>
         <Value name="testNotInvoked" source ="TextRunnerSingleMethodTest.java" package ="junit.tests.runner" value ="1"/>
         <Value name="testWasInvoked" source ="TextRunnerSingleMethodTest.java" package ="junit.tests.runner" value ="1"/>
         <Value name="testSingle" source ="TextRunnerSingleMethodTest.java" package ="junit.tests.runner" value ="1"/>
         <Value name="testError" source ="TextRunnerTest.java" package ="junit.tests.runner" value ="1"/>
         <Value name="testFailure" source ="TextRunnerTest.java" package ="junit.tests.runner" value ="1"/>
         <Value name="testRunReturnsResult" source ="TextRunnerTest.java" package ="junit.tests.runner" value ="1"/>
         <Value name="testSuccess" source ="TextRunnerTest.java" package ="junit.tests.runner" value ="1"/>
         <Value name="main" source ="AllTests.java" package ="junit.tests" value ="1"/>
         <Value name="suite" source ="AllTests.java" package ="junit.tests" value ="1"/>
         <Value name="runTest" source ="WasRun.java" package ="junit.tests" value ="1"/>
         <Value name="setUp" source ="MoneyTest.java" package ="org.junit.samples.money" value ="1"/>
         <Value name="suite" source ="MoneyTest.java" package ="org.junit.samples.money" value ="1"/>
         <Value name="testBagMultiply" source ="MoneyTest.java" package ="org.junit.samples.money" value ="1"/>
         <Value name="testBagNegate" source ="MoneyTest.java" package ="org.junit.samples.money" value ="1"/>
         <Value name="testBagNotEquals" source ="MoneyTest.java" package ="org.junit.samples.money" value ="1"/>
         <Value name="testBagSimpleAdd" source ="MoneyTest.java" package ="org.junit.samples.money" value ="1"/>
         <Value name="testBagSubtract" source ="MoneyTest.java" package ="org.junit.samples.money" value ="1"/>
         <Value name="testBagSumAdd" source ="MoneyTest.java" package ="org.junit.samples.money" value ="1"/>
         <Value name="testIsZero" source ="MoneyTest.java" package ="org.junit.samples.money" value ="1"/>
         <Value name="testMixedSimpleAdd" source ="MoneyTest.java" package ="org.junit.samples.money" value ="1"/>
         <Value name="testMoneyBagEquals" source ="MoneyTest.java" package ="org.junit.samples.money" value ="1"/>
         <Value name="testMoneyBagHash" source ="MoneyTest.java" package ="org.junit.samples.money" value ="1"/>
         <Value name="testMoneyEquals" source ="MoneyTest.java" package ="org.junit.samples.money" value ="1"/>
         <Value name="testMoneyHash" source ="MoneyTest.java" package ="org.junit.samples.money" value ="1"/>
         <Value name="testNormalize2" source ="MoneyTest.java" package ="org.junit.samples.money" value ="1"/>
         <Value name="testNormalize3" source ="MoneyTest.java" package ="org.junit.samples.money" value ="1"/>
         <Value name="testNormalize4" source ="MoneyTest.java" package ="org.junit.samples.money" value ="1"/>
         <Value name="testPrint" source ="MoneyTest.java" package ="org.junit.samples.money" value ="1"/>
         <Value name="testSimpleAdd" source ="MoneyTest.java" package ="org.junit.samples.money" value ="1"/>
         <Value name="testSimpleBagAdd" source ="MoneyTest.java" package ="org.junit.samples.money" value ="1"/>
         <Value name="testSimpleMultiply" source ="MoneyTest.java" package ="org.junit.samples.money" value ="1"/>
         <Value name="testSimpleNegate" source ="MoneyTest.java" package ="org.junit.samples.money" value ="1"/>
         <Value name="testSimpleSubtract" source ="MoneyTest.java" package ="org.junit.samples.money" value ="1"/>
         <Value name="testSimplify" source ="MoneyTest.java" package ="org.junit.samples.money" value ="1"/>
         <Value name="zeroMoniesAreEqualRegardlessOfCurrency" source ="MoneyTest.java" package ="org.junit.samples.money" value ="1"/>
         <Value name="contains" source ="ListTest.java" package ="org.junit.samples" value ="1"/>
         <Value name="elementAt" source ="ListTest.java" package ="org.junit.samples" value ="1"/>
         <Value name="main" source ="ListTest.java" package ="org.junit.samples" value ="1"/>
         <Value name="removeAll" source ="ListTest.java" package ="org.junit.samples" value ="1"/>
         <Value name="removeElement" source ="ListTest.java" package ="org.junit.samples" value ="1"/>
         <Value name="setUp" source ="ListTest.java" package ="org.junit.samples" value ="1"/>
         <Value name="suite" source ="ListTest.java" package ="org.junit.samples" value ="1"/>
         <Value name="testCopy" source ="ListTest.java" package ="org.junit.samples" value ="1"/>
         <Value name="divideByZero" source ="SimpleTest.java" package ="org.junit.samples" value ="1"/>
         <Value name="setUp" source ="SimpleTest.java" package ="org.junit.samples" value ="1"/>
         <Value name="suite" source ="SimpleTest.java" package ="org.junit.samples" value ="1"/>
         <Value name="testEquals" source ="SimpleTest.java" package ="org.junit.samples" value ="1"/>
         <Value name="IntegerDoesNotEqualLong" source ="AssertionTest.java" package ="org.junit.tests.assertion" value ="1"/>
         <Value name="arraysDeclaredAsObjectAreComparedAsObjects" source ="AssertionTest.java" package ="org.junit.tests.assertion" value ="1"/>
         <Value name="arraysElementsDiffer" source ="AssertionTest.java" package ="org.junit.tests.assertion" value ="1"/>
         <Value name="arraysEqual" source ="AssertionTest.java" package ="org.junit.tests.assertion" value ="1"/>
         <Value name="arraysEqualWithMessage" source ="AssertionTest.java" package ="org.junit.tests.assertion" value ="1"/>
         <Value name="arraysNotEqual" source ="AssertionTest.java" package ="org.junit.tests.assertion" value ="1"/>
         <Value name="arraysNotEqualWithMessage" source ="AssertionTest.java" package ="org.junit.tests.assertion" value ="1"/>
         <Value name="arraysWithNullElementEqual" source ="AssertionTest.java" package ="org.junit.tests.assertion" value ="1"/>
         <Value name="bigDecimalsNotEqual" source ="AssertionTest.java" package ="org.junit.tests.assertion" value ="1"/>
         <Value name="booleansNotEqual" source ="AssertionTest.java" package ="org.junit.tests.assertion" value ="1"/>
         <Value name="bytesNotEqual" source ="AssertionTest.java" package ="org.junit.tests.assertion" value ="1"/>
         <Value name="charsNotEqual" source ="AssertionTest.java" package ="org.junit.tests.assertion" value ="1"/>
         <Value name="compareBigDecimalAndInteger" source ="AssertionTest.java" package ="org.junit.tests.assertion" value ="1"/>
         <Value name="doublesNotEqual" source ="AssertionTest.java" package ="org.junit.tests.assertion" value ="1"/>
         <Value name="equals" source ="AssertionTest.java" package ="org.junit.tests.assertion" value ="1"/>
         <Value name="fails" source ="AssertionTest.java" package ="org.junit.tests.assertion" value ="1"/>
         <Value name="floatsNotEqual" source ="AssertionTest.java" package ="org.junit.tests.assertion" value ="1"/>
         <Value name="floatsNotEqualWithoutDelta" source ="AssertionTest.java" package ="org.junit.tests.assertion" value ="1"/>
         <Value name="implicitTypecastEquality" source ="AssertionTest.java" package ="org.junit.tests.assertion" value ="1"/>
         <Value name="intsEqualLongs" source ="AssertionTest.java" package ="org.junit.tests.assertion" value ="1"/>
         <Value name="intsNotEqual" source ="AssertionTest.java" package ="org.junit.tests.assertion" value ="1"/>
         <Value name="longsNotEqual" source ="AssertionTest.java" package ="org.junit.tests.assertion" value ="1"/>
         <Value name="multiDimensionalArraysAreEqual" source ="AssertionTest.java" package ="org.junit.tests.assertion" value ="1"/>
         <Value name="multiDimensionalArraysDeclaredAsOneDimensionalAreEqual" source ="AssertionTest.java" package ="org.junit.tests.assertion" value ="1"/>
         <Value name="multiDimensionalIntArraysAreEqual" source ="AssertionTest.java" package ="org.junit.tests.assertion" value ="1"/>
         <Value name="naNsAreEqual" source ="AssertionTest.java" package ="org.junit.tests.assertion" value ="1"/>
         <Value name="notEqualsNullWithObject" source ="AssertionTest.java" package ="org.junit.tests.assertion" value ="1"/>
         <Value name="notEqualsObjectWithNull" source ="AssertionTest.java" package ="org.junit.tests.assertion" value ="1"/>
         <Value name="notSame" source ="AssertionTest.java" package ="org.junit.tests.assertion" value ="1"/>
         <Value name="objectsAreSame" source ="AssertionTest.java" package ="org.junit.tests.assertion" value ="1"/>
         <Value name="objectsNotEquals" source ="AssertionTest.java" package ="org.junit.tests.assertion" value ="1"/>
         <Value name="objectsNotSame" source ="AssertionTest.java" package ="org.junit.tests.assertion" value ="1"/>
         <Value name="oneDimensionalDoubleArraysAreNotEqual" source ="AssertionTest.java" package ="org.junit.tests.assertion" value ="1"/>
         <Value name="oneDimensionalFloatArraysAreNotEqual" source ="AssertionTest.java" package ="org.junit.tests.assertion" value ="1"/>
         <Value name="oneDimensionalPrimitiveArraysAreEqual" source ="AssertionTest.java" package ="org.junit.tests.assertion" value ="1"/>
         <Value name="same" source ="AssertionTest.java" package ="org.junit.tests.assertion" value ="1"/>
         <Value name="shortsNotEqual" source ="AssertionTest.java" package ="org.junit.tests.assertion" value ="1"/>
         <Value name="stringNullAndNullWorksToo" source ="AssertionTest.java" package ="org.junit.tests.assertion" value ="1"/>
         <Value name="stringsNotEqual" source ="AssertionTest.java" package ="org.junit.tests.assertion" value ="1"/>
         <Value name="bothPasses" source ="BothTest.java" package ="org.junit.tests.assertion" value ="1"/>
         <Value name="descriptionIsSensible" source ="BothTest.java" package ="org.junit.tests.assertion" value ="1"/>
         <Value name="eitherPasses" source ="BothTest.java" package ="org.junit.tests.assertion" value ="1"/>
         <Value name="subclassesAreOkInSecondPositionOnly" source ="BothTest.java" package ="org.junit.tests.assertion" value ="1"/>
         <Value name="eachDescription" source ="EachTest.java" package ="org.junit.tests.assertion" value ="1"/>
         <Value name="failure" source ="JUnit4ClassRunnerTest.java" package ="org.junit.tests.deprecated" value ="1"/>
         <Value name="success" source ="JUnit4ClassRunnerTest.java" package ="org.junit.tests.deprecated" value ="1"/>
         <Value name="UnconstructableExample" source ="JUnit4ClassRunnerTest.java" package ="org.junit.tests.deprecated" value ="1"/>
         <Value name="failure" source ="JUnit4ClassRunnerTest.java" package ="org.junit.tests.deprecated" value ="1"/>
         <Value name="success" source ="JUnit4ClassRunnerTest.java" package ="org.junit.tests.deprecated" value ="1"/>
         <Value name="runWithOldJUnit4ClassRunner" source ="JUnit4ClassRunnerTest.java" package ="org.junit.tests.deprecated" value ="1"/>
         <Value name="runWithOldJUnit4ClassRunnerAndBadConstructor" source ="JUnit4ClassRunnerTest.java" package ="org.junit.tests.deprecated" value ="1"/>
         <Value name="a" source ="AnnotatedDescriptionTest.java" package ="org.junit.tests.description" value ="1"/>
         <Value name="a" source ="AnnotatedDescriptionTest.java" package ="org.junit.tests.description" value ="1"/>
         <Value name="a" source ="AnnotatedDescriptionTest.java" package ="org.junit.tests.description" value ="1"/>
         <Value name="annotationsExistOnDescriptionsOfClasses" source ="AnnotatedDescriptionTest.java" package ="org.junit.tests.description" value ="1"/>
         <Value name="annotationsExistOnDescriptionsOfIgnoredClass" source ="AnnotatedDescriptionTest.java" package ="org.junit.tests.description" value ="1"/>
         <Value name="characterizeCreatingMyOwnAnnotation" source ="AnnotatedDescriptionTest.java" package ="org.junit.tests.description" value ="1"/>
         <Value name="childlessCopyOfDescriptionStillHasAnnotations" source ="AnnotatedDescriptionTest.java" package ="org.junit.tests.description" value ="1"/>
         <Value name="describe" source ="AnnotatedDescriptionTest.java" package ="org.junit.tests.description" value ="1"/>
         <Value name="descriptionOfTestClassHasValuedAnnotation" source ="AnnotatedDescriptionTest.java" package ="org.junit.tests.description" value ="1"/>
         <Value name="getAnnotationsReturnsAllAnnotations" source ="AnnotatedDescriptionTest.java" package ="org.junit.tests.description" value ="1"/>
         <Value name="descriptionWithTwoKids" source ="SuiteDescriptionTest.java" package ="org.junit.tests.description" value ="1"/>
         <Value name="equalsIsCorrect" source ="SuiteDescriptionTest.java" package ="org.junit.tests.description" value ="1"/>
         <Value name="hashCodeIsReasonable" source ="SuiteDescriptionTest.java" package ="org.junit.tests.description" value ="1"/>
         <Value name="equalsIsFalseForNonTestDescription" source ="TestDescriptionTest.java" package ="org.junit.tests.description" value ="1"/>
         <Value name="ParameterizedTestWithAttemptedMethodCategory" source ="CategoriesAndParameterizedTest.java" package ="org.junit.tests.experimental.categories" value ="1"/>
         <Value name="getParameters" source ="CategoriesAndParameterizedTest.java" package ="org.junit.tests.experimental.categories" value ="1"/>
         <Value name="testSomething" source ="CategoriesAndParameterizedTest.java" package ="org.junit.tests.experimental.categories" value ="1"/>
         <Value name="testSomething" source ="CategoriesAndParameterizedTest.java" package ="org.junit.tests.experimental.categories" value ="1"/>
         <Value name="WellBehavedParameterizedTest" source ="CategoriesAndParameterizedTest.java" package ="org.junit.tests.experimental.categories" value ="1"/>
         <Value name="getParameters" source ="CategoriesAndParameterizedTest.java" package ="org.junit.tests.experimental.categories" value ="1"/>
         <Value name="testSomething" source ="CategoriesAndParameterizedTest.java" package ="org.junit.tests.experimental.categories" value ="1"/>
         <Value name="shouldFailWithMethodLevelCategoryAnnotation" source ="CategoriesAndParameterizedTest.java" package ="org.junit.tests.experimental.categories" value ="1"/>
         <Value name="shouldFailWithMethodLevelCategoryAnnotationSwapped" source ="CategoriesAndParameterizedTest.java" package ="org.junit.tests.experimental.categories" value ="1"/>
         <Value name="shouldSucceedWithAParameterizedClassSomewhere" source ="CategoriesAndParameterizedTest.java" package ="org.junit.tests.experimental.categories" value ="1"/>
         <Value name="a" source ="CategoryTest.java" package ="org.junit.tests.experimental.categories" value ="1"/>
         <Value name="b" source ="CategoryTest.java" package ="org.junit.tests.experimental.categories" value ="1"/>
         <Value name="c" source ="CategoryTest.java" package ="org.junit.tests.experimental.categories" value ="1"/>
         <Value name="d" source ="CategoryTest.java" package ="org.junit.tests.experimental.categories" value ="1"/>
         <Value name="a" source ="CategoryTest.java" package ="org.junit.tests.experimental.categories" value ="1"/>
         <Value name="b" source ="CategoryTest.java" package ="org.junit.tests.experimental.categories" value ="1"/>
         <Value name="a" source ="CategoryTest.java" package ="org.junit.tests.experimental.categories" value ="1"/>
         <Value name="a" source ="CategoryTest.java" package ="org.junit.tests.experimental.categories" value ="1"/>
         <Value name="a" source ="CategoryTest.java" package ="org.junit.tests.experimental.categories" value ="1"/>
         <Value name="a" source ="CategoryTest.java" package ="org.junit.tests.experimental.categories" value ="1"/>
         <Value name="both" source ="CategoryTest.java" package ="org.junit.tests.experimental.categories" value ="1"/>
         <Value name="bothReversed" source ="CategoryTest.java" package ="org.junit.tests.experimental.categories" value ="1"/>
         <Value name="justCategory1" source ="CategoryTest.java" package ="org.junit.tests.experimental.categories" value ="1"/>
         <Value name="justCategory2" source ="CategoryTest.java" package ="org.junit.tests.experimental.categories" value ="1"/>
         <Value name="noCategory" source ="CategoryTest.java" package ="org.junit.tests.experimental.categories" value ="1"/>
         <Value name="categoryFilterLeavesOnlyMatchingMethods" source ="CategoryTest.java" package ="org.junit.tests.experimental.categories" value ="1"/>
         <Value name="categoryFilterRejectsIncompatibleCategory" source ="CategoryTest.java" package ="org.junit.tests.experimental.categories" value ="1"/>
         <Value name="classesCanBeCategories" source ="CategoryTest.java" package ="org.junit.tests.experimental.categories" value ="1"/>
         <Value name="describeACategoryFilter" source ="CategoryTest.java" package ="org.junit.tests.experimental.categories" value ="1"/>
         <Value name="ifNoTestsToRunUseErrorRunner" source ="CategoryTest.java" package ="org.junit.tests.experimental.categories" value ="1"/>
         <Value name="runMethodWithTwoCategories" source ="CategoryTest.java" package ="org.junit.tests.experimental.categories" value ="1"/>
         <Value name="subclassesOfIncludedCategoriesAreRun" source ="CategoryTest.java" package ="org.junit.tests.experimental.categories" value ="1"/>
         <Value name="testCount" source ="CategoryTest.java" package ="org.junit.tests.experimental.categories" value ="1"/>
         <Value name="testCountOnAWithoutSlowTests" source ="CategoryTest.java" package ="org.junit.tests.experimental.categories" value ="1"/>
         <Value name="testCountOnJustA" source ="CategoryTest.java" package ="org.junit.tests.experimental.categories" value ="1"/>
         <Value name="testCountWithExplicitFilter" source ="CategoryTest.java" package ="org.junit.tests.experimental.categories" value ="1"/>
         <Value name="testsThatAreBothIncludedAndExcludedAreExcluded" source ="CategoryTest.java" package ="org.junit.tests.experimental.categories" value ="1"/>
         <Value name="createSuiteDescription_whenZeroLength" source ="DescriptionTest.java" package ="org.junit.tests.experimental.max" value ="1"/>
         <Value name="parseClass_whenCantParse" source ="DescriptionTest.java" package ="org.junit.tests.experimental.max" value ="1"/>
         <Value name="parseMethod_whenCantParse" source ="DescriptionTest.java" package ="org.junit.tests.experimental.max" value ="1"/>
         <Value name="testFails" source ="JUnit38SortingTest.java" package ="org.junit.tests.experimental.max" value ="1"/>
         <Value name="testSucceeds" source ="JUnit38SortingTest.java" package ="org.junit.tests.experimental.max" value ="1"/>
         <Value name="testSucceedsToo" source ="JUnit38SortingTest.java" package ="org.junit.tests.experimental.max" value ="1"/>
         <Value name="pass" source ="JUnit38SortingTest.java" package ="org.junit.tests.experimental.max" value ="1"/>
         <Value name="forgetMax" source ="JUnit38SortingTest.java" package ="org.junit.tests.experimental.max" value ="1"/>
         <Value name="preferRecentlyFailed38Test" source ="JUnit38SortingTest.java" package ="org.junit.tests.experimental.max" value ="1"/>
         <Value name="testNothing" source ="MaxStarterTest.java" package ="org.junit.tests.experimental.max" value ="1"/>
         <Value name="testSomething" source ="MaxStarterTest.java" package ="org.junit.tests.experimental.max" value ="1"/>
         <Value name="testNothing" source ="MaxStarterTest.java" package ="org.junit.tests.experimental.max" value ="1"/>
         <Value name="MalformedJUnit38Test" source ="MaxStarterTest.java" package ="org.junit.tests.experimental.max" value ="1"/>
         <Value name="testSucceeds" source ="MaxStarterTest.java" package ="org.junit.tests.experimental.max" value ="1"/>
         <Value name="testOne" source ="MaxStarterTest.java" package ="org.junit.tests.experimental.max" value ="1"/>
         <Value name="testTwo" source ="MaxStarterTest.java" package ="org.junit.tests.experimental.max" value ="1"/>
         <Value name="dontSucceed" source ="MaxStarterTest.java" package ="org.junit.tests.experimental.max" value ="1"/>
         <Value name="succeed" source ="MaxStarterTest.java" package ="org.junit.tests.experimental.max" value ="1"/>
         <Value name="fast" source ="MaxStarterTest.java" package ="org.junit.tests.experimental.max" value ="1"/>
         <Value name="slow" source ="MaxStarterTest.java" package ="org.junit.tests.experimental.max" value ="1"/>
         <Value name="assertFilterLeavesTestUnscathed" source ="MaxStarterTest.java" package ="org.junit.tests.experimental.max" value ="1"/>
         <Value name="correctErrorFromHalfMalformedTest" source ="MaxStarterTest.java" package ="org.junit.tests.experimental.max" value ="1"/>
         <Value name="correctErrorFromMalformedTest" source ="MaxStarterTest.java" package ="org.junit.tests.experimental.max" value ="1"/>
         <Value name="filterSingleMethodFromOldTestClass" source ="MaxStarterTest.java" package ="org.junit.tests.experimental.max" value ="1"/>
         <Value name="forgetMax" source ="MaxStarterTest.java" package ="org.junit.tests.experimental.max" value ="1"/>
         <Value name="halfMalformed" source ="MaxStarterTest.java" package ="org.junit.tests.experimental.max" value ="1"/>
         <Value name="junit3TestsAreRunOnce" source ="MaxStarterTest.java" package ="org.junit.tests.experimental.max" value ="1"/>
         <Value name="listenersAreCalledCorrectlyInTheFaceOfFailures" source ="MaxStarterTest.java" package ="org.junit.tests.experimental.max" value ="1"/>
         <Value name="maxShouldSkipMalformedJUnit38Classes" source ="MaxStarterTest.java" package ="org.junit.tests.experimental.max" value ="1"/>
         <Value name="preferFast" source ="MaxStarterTest.java" package ="org.junit.tests.experimental.max" value ="1"/>
         <Value name="preferNewTests" source ="MaxStarterTest.java" package ="org.junit.tests.experimental.max" value ="1"/>
         <Value name="preferNewTestsOverTestsThatFailed" source ="MaxStarterTest.java" package ="org.junit.tests.experimental.max" value ="1"/>
         <Value name="preferRecentlyFailed" source ="MaxStarterTest.java" package ="org.junit.tests.experimental.max" value ="1"/>
         <Value name="rememberOldRuns" source ="MaxStarterTest.java" package ="org.junit.tests.experimental.max" value ="1"/>
         <Value name="sortTestsInMultipleClasses" source ="MaxStarterTest.java" package ="org.junit.tests.experimental.max" value ="1"/>
         <Value name="testCountsStandUpToFiltration" source ="MaxStarterTest.java" package ="org.junit.tests.experimental.max" value ="1"/>
         <Value name="testsAreOnlyIncludedOnceWhenExpandingForSorting" source ="MaxStarterTest.java" package ="org.junit.tests.experimental.max" value ="1"/>
         <Value name="twoTestsNotRunComeBackInRandomOrder" source ="MaxStarterTest.java" package ="org.junit.tests.experimental.max" value ="1"/>
         <Value name="one" source ="ParallelClassTest.java" package ="org.junit.tests.experimental.parallel" value ="1"/>
         <Value name="one" source ="ParallelClassTest.java" package ="org.junit.tests.experimental.parallel" value ="1"/>
         <Value name="greaterThan" source ="ParallelClassTest.java" package ="org.junit.tests.experimental.parallel" value ="1"/>
         <Value name="testsRunInParallel" source ="ParallelClassTest.java" package ="org.junit.tests.experimental.parallel" value ="1"/>
         <Value name="one" source ="ParallelMethodTest.java" package ="org.junit.tests.experimental.parallel" value ="1"/>
         <Value name="two" source ="ParallelMethodTest.java" package ="org.junit.tests.experimental.parallel" value ="1"/>
         <Value name="betweenInclusive" source ="ParallelMethodTest.java" package ="org.junit.tests.experimental.parallel" value ="1"/>
         <Value name="testsRunInParallel" source ="ParallelMethodTest.java" package ="org.junit.tests.experimental.parallel" value ="1"/>
         <Value name="backTraceHasGoodToString" source ="PrintableResultTest.java" package ="org.junit.tests.experimental.results" value ="1"/>
         <Value name="includeMultipleFailures" source ="PrintableResultTest.java" package ="org.junit.tests.experimental.results" value ="1"/>
         <Value name="hasFailuresDescriptionReflectsInput" source ="ResultMatchersTest.java" package ="org.junit.tests.experimental.results" value ="1"/>
         <Value name="hasFailuresHasGoodDescription" source ="ResultMatchersTest.java" package ="org.junit.tests.experimental.results" value ="1"/>
         <Value name="before" source ="ClassRulesTest.java" package ="org.junit.tests.experimental.rules" value ="1"/>
         <Value name="apply" source ="ClassRulesTest.java" package ="org.junit.tests.experimental.rules" value ="1"/>
         <Value name="firstTest" source ="ClassRulesTest.java" package ="org.junit.tests.experimental.rules" value ="1"/>
         <Value name="secondTest" source ="ClassRulesTest.java" package ="org.junit.tests.experimental.rules" value ="1"/>
         <Value name="firstTest" source ="ClassRulesTest.java" package ="org.junit.tests.experimental.rules" value ="1"/>
         <Value name="secondTest" source ="ClassRulesTest.java" package ="org.junit.tests.experimental.rules" value ="1"/>
         <Value name="customRuleIsAppliedOnce" source ="ClassRulesTest.java" package ="org.junit.tests.experimental.rules" value ="1"/>
         <Value name="ruleIsAppliedOnce" source ="ClassRulesTest.java" package ="org.junit.tests.experimental.rules" value ="1"/>
         <Value name="ruleIsIntroducedAndEvaluatedOnSubclass" source ="ClassRulesTest.java" package ="org.junit.tests.experimental.rules" value ="1"/>
         <Value name="throwsMore" source ="ExpectedExceptionRuleTest.java" package ="org.junit.tests.experimental.rules" value ="1"/>
         <Value name="throwsMore" source ="ExpectedExceptionRuleTest.java" package ="org.junit.tests.experimental.rules" value ="1"/>
         <Value name="throwsMore" source ="ExpectedExceptionRuleTest.java" package ="org.junit.tests.experimental.rules" value ="1"/>
         <Value name="throwsMore" source ="ExpectedExceptionRuleTest.java" package ="org.junit.tests.experimental.rules" value ="1"/>
         <Value name="throwsMore" source ="ExpectedExceptionRuleTest.java" package ="org.junit.tests.experimental.rules" value ="1"/>
         <Value name="throwsMore" source ="ExpectedExceptionRuleTest.java" package ="org.junit.tests.experimental.rules" value ="1"/>
         <Value name="throwsNothing" source ="ExpectedExceptionRuleTest.java" package ="org.junit.tests.experimental.rules" value ="1"/>
         <Value name="throwsNullPointerException" source ="ExpectedExceptionRuleTest.java" package ="org.junit.tests.experimental.rules" value ="1"/>
         <Value name="throwsNullPointerExceptionWithMessage" source ="ExpectedExceptionRuleTest.java" package ="org.junit.tests.experimental.rules" value ="1"/>
         <Value name="throwsNullPointerException" source ="ExpectedExceptionRuleTest.java" package ="org.junit.tests.experimental.rules" value ="1"/>
         <Value name="throwsNullPointerException" source ="ExpectedExceptionRuleTest.java" package ="org.junit.tests.experimental.rules" value ="1"/>
         <Value name="doesntThrowAnything" source ="ExpectedExceptionRuleTest.java" package ="org.junit.tests.experimental.rules" value ="1"/>
         <Value name="doesntThrowNullPointerException" source ="ExpectedExceptionRuleTest.java" package ="org.junit.tests.experimental.rules" value ="1"/>
         <Value name="expectedExceptionPasses" source ="ExpectedExceptionRuleTest.java" package ="org.junit.tests.experimental.rules" value ="1"/>
         <Value name="failsIfExceptionMessageNeverComes" source ="ExpectedExceptionRuleTest.java" package ="org.junit.tests.experimental.rules" value ="1"/>
         <Value name="failsIfExceptionNeverComes" source ="ExpectedExceptionRuleTest.java" package ="org.junit.tests.experimental.rules" value ="1"/>
         <Value name="failsWithMatcher" source ="ExpectedExceptionRuleTest.java" package ="org.junit.tests.experimental.rules" value ="1"/>
         <Value name="failsWithMultipleMatchers" source ="ExpectedExceptionRuleTest.java" package ="org.junit.tests.experimental.rules" value ="1"/>
         <Value name="failsWithNullExceptionMessage" source ="ExpectedExceptionRuleTest.java" package ="org.junit.tests.experimental.rules" value ="1"/>
         <Value name="passesWithSubstringMethod" source ="ExpectedExceptionRuleTest.java" package ="org.junit.tests.experimental.rules" value ="1"/>
         <Value name="startsWith" source ="ExpectedExceptionRuleTest.java" package ="org.junit.tests.experimental.rules" value ="1"/>
         <Value name="succeedsWithMatcher" source ="ExpectedExceptionRuleTest.java" package ="org.junit.tests.experimental.rules" value ="1"/>
         <Value name="succeedsWithMessageMatcher" source ="ExpectedExceptionRuleTest.java" package ="org.junit.tests.experimental.rules" value ="1"/>
         <Value name="unExpectedExceptionFails" source ="ExpectedExceptionRuleTest.java" package ="org.junit.tests.experimental.rules" value ="1"/>
         <Value name="wrongMessageFails" source ="ExpectedExceptionRuleTest.java" package ="org.junit.tests.experimental.rules" value ="1"/>
         <Value name="testFoo" source ="ExternalResourceRuleTest.java" package ="org.junit.tests.experimental.rules" value ="1"/>
         <Value name="externalResourceGeneratesCorrectSequence" source ="ExternalResourceRuleTest.java" package ="org.junit.tests.experimental.rules" value ="1"/>
         <Value name="after" source ="MethodRulesTest.java" package ="org.junit.tests.experimental.rules" value ="1"/>
         <Value name="before" source ="MethodRulesTest.java" package ="org.junit.tests.experimental.rules" value ="1"/>
         <Value name="succeeds" source ="MethodRulesTest.java" package ="org.junit.tests.experimental.rules" value ="1"/>
         <Value name="apply" source ="MethodRulesTest.java" package ="org.junit.tests.experimental.rules" value ="1"/>
         <Value name="nothing" source ="MethodRulesTest.java" package ="org.junit.tests.experimental.rules" value ="1"/>
         <Value name="nothing" source ="MethodRulesTest.java" package ="org.junit.tests.experimental.rules" value ="1"/>
         <Value name="nothing" source ="MethodRulesTest.java" package ="org.junit.tests.experimental.rules" value ="1"/>
         <Value name="nothing" source ="MethodRulesTest.java" package ="org.junit.tests.experimental.rules" value ="1"/>
         <Value name="foo" source ="MethodRulesTest.java" package ="org.junit.tests.experimental.rules" value ="1"/>
         <Value name="foo" source ="MethodRulesTest.java" package ="org.junit.tests.experimental.rules" value ="1"/>
         <Value name="fails" source ="MethodRulesTest.java" package ="org.junit.tests.experimental.rules" value ="1"/>
         <Value name="succeeds" source ="MethodRulesTest.java" package ="org.junit.tests.experimental.rules" value ="1"/>
         <Value name="foo" source ="MethodRulesTest.java" package ="org.junit.tests.experimental.rules" value ="1"/>
         <Value name="beforesAndAfters" source ="MethodRulesTest.java" package ="org.junit.tests.experimental.rules" value ="1"/>
         <Value name="ignoreNonRules" source ="MethodRulesTest.java" package ="org.junit.tests.experimental.rules" value ="1"/>
         <Value name="multipleRulesAreRun" source ="MethodRulesTest.java" package ="org.junit.tests.experimental.rules" value ="1"/>
         <Value name="onFailure" source ="MethodRulesTest.java" package ="org.junit.tests.experimental.rules" value ="1"/>
         <Value name="ruleIsIntroducedAndEvaluated" source ="MethodRulesTest.java" package ="org.junit.tests.experimental.rules" value ="1"/>
         <Value name="ruleIsIntroducedAndEvaluatedOnSubclass" source ="MethodRulesTest.java" package ="org.junit.tests.experimental.rules" value ="1"/>
         <Value name="succeeded" source ="MethodRulesTest.java" package ="org.junit.tests.experimental.rules" value ="1"/>
         <Value name="useCustomMethodRule" source ="MethodRulesTest.java" package ="org.junit.tests.experimental.rules" value ="1"/>
         <Value name="validatePrivateRule" source ="MethodRulesTest.java" package ="org.junit.tests.experimental.rules" value ="1"/>
         <Value name="validateWrongTypedField" source ="MethodRulesTest.java" package ="org.junit.tests.experimental.rules" value ="1"/>
         <Value name="validateWrongTypedFieldInSuperclass" source ="MethodRulesTest.java" package ="org.junit.tests.experimental.rules" value ="1"/>
         <Value name="setUp" source ="NameRulesTest.java" package ="org.junit.tests.experimental.rules" value ="1"/>
         <Value name="tearDown" source ="NameRulesTest.java" package ="org.junit.tests.experimental.rules" value ="1"/>
         <Value name="x" source ="NameRulesTest.java" package ="org.junit.tests.experimental.rules" value ="1"/>
         <Value name="testA" source ="NameRulesTest.java" package ="org.junit.tests.experimental.rules" value ="1"/>
         <Value name="testB" source ="NameRulesTest.java" package ="org.junit.tests.experimental.rules" value ="1"/>
         <Value name="testUsingTempFolder" source ="TempFolderRuleTest.java" package ="org.junit.tests.experimental.rules" value ="1"/>
         <Value name="testUsingTempFolder" source ="TempFolderRuleTest.java" package ="org.junit.tests.experimental.rules" value ="1"/>
         <Value name="recursiveDeleteFolderWithOneElement" source ="TempFolderRuleTest.java" package ="org.junit.tests.experimental.rules" value ="1"/>
         <Value name="recursiveDeleteFolderWithZeroElements" source ="TempFolderRuleTest.java" package ="org.junit.tests.experimental.rules" value ="1"/>
         <Value name="subFolderIsDeleted" source ="TempFolderRuleTest.java" package ="org.junit.tests.experimental.rules" value ="1"/>
         <Value name="tempFolderIsDeleted" source ="TempFolderRuleTest.java" package ="org.junit.tests.experimental.rules" value ="1"/>
         <Value name="after" source ="TestRuleTest.java" package ="org.junit.tests.experimental.rules" value ="1"/>
         <Value name="before" source ="TestRuleTest.java" package ="org.junit.tests.experimental.rules" value ="1"/>
         <Value name="succeeds" source ="TestRuleTest.java" package ="org.junit.tests.experimental.rules" value ="1"/>
         <Value name="apply" source ="TestRuleTest.java" package ="org.junit.tests.experimental.rules" value ="1"/>
         <Value name="apply" source ="TestRuleTest.java" package ="org.junit.tests.experimental.rules" value ="1"/>
         <Value name="apply" source ="TestRuleTest.java" package ="org.junit.tests.experimental.rules" value ="1"/>
         <Value name="nothing" source ="TestRuleTest.java" package ="org.junit.tests.experimental.rules" value ="1"/>
         <Value name="nothing" source ="TestRuleTest.java" package ="org.junit.tests.experimental.rules" value ="1"/>
         <Value name="nothing" source ="TestRuleTest.java" package ="org.junit.tests.experimental.rules" value ="1"/>
         <Value name="nothing" source ="TestRuleTest.java" package ="org.junit.tests.experimental.rules" value ="1"/>
         <Value name="onlyOnce" source ="TestRuleTest.java" package ="org.junit.tests.experimental.rules" value ="1"/>
         <Value name="foo" source ="TestRuleTest.java" package ="org.junit.tests.experimental.rules" value ="1"/>
         <Value name="foo" source ="TestRuleTest.java" package ="org.junit.tests.experimental.rules" value ="1"/>
         <Value name="fails" source ="TestRuleTest.java" package ="org.junit.tests.experimental.rules" value ="1"/>
         <Value name="succeeds" source ="TestRuleTest.java" package ="org.junit.tests.experimental.rules" value ="1"/>
         <Value name="foo" source ="TestRuleTest.java" package ="org.junit.tests.experimental.rules" value ="1"/>
         <Value name="beforesAndAfters" source ="TestRuleTest.java" package ="org.junit.tests.experimental.rules" value ="1"/>
         <Value name="ignoreNonRules" source ="TestRuleTest.java" package ="org.junit.tests.experimental.rules" value ="1"/>
         <Value name="multipleRulesAreRun" source ="TestRuleTest.java" package ="org.junit.tests.experimental.rules" value ="1"/>
         <Value name="onFailure" source ="TestRuleTest.java" package ="org.junit.tests.experimental.rules" value ="1"/>
         <Value name="onlyApplyOnceEvenIfImplementsBothInterfaces" source ="TestRuleTest.java" package ="org.junit.tests.experimental.rules" value ="1"/>
         <Value name="ruleIsIntroducedAndEvaluated" source ="TestRuleTest.java" package ="org.junit.tests.experimental.rules" value ="1"/>
         <Value name="ruleIsIntroducedAndEvaluatedOnSubclass" source ="TestRuleTest.java" package ="org.junit.tests.experimental.rules" value ="1"/>
         <Value name="succeeded" source ="TestRuleTest.java" package ="org.junit.tests.experimental.rules" value ="1"/>
         <Value name="useCustomMethodRule" source ="TestRuleTest.java" package ="org.junit.tests.experimental.rules" value ="1"/>
         <Value name="validatePrivateRule" source ="TestRuleTest.java" package ="org.junit.tests.experimental.rules" value ="1"/>
         <Value name="validateWrongTypedField" source ="TestRuleTest.java" package ="org.junit.tests.experimental.rules" value ="1"/>
         <Value name="validateWrongTypedFieldInSuperclass" source ="TestRuleTest.java" package ="org.junit.tests.experimental.rules" value ="1"/>
         <Value name="globalTimeoutAvoidsInfiniteLoop" source ="TimeoutRuleTest.java" package ="org.junit.tests.experimental.rules" value ="1"/>
         <Value name="example" source ="VerifierRuleTest.java" package ="org.junit.tests.experimental.rules" value ="1"/>
         <Value name="example" source ="VerifierRuleTest.java" package ="org.junit.tests.experimental.rules" value ="1"/>
         <Value name="example" source ="VerifierRuleTest.java" package ="org.junit.tests.experimental.rules" value ="1"/>
         <Value name="example" source ="VerifierRuleTest.java" package ="org.junit.tests.experimental.rules" value ="1"/>
         <Value name="example" source ="VerifierRuleTest.java" package ="org.junit.tests.experimental.rules" value ="1"/>
         <Value name="example" source ="VerifierRuleTest.java" package ="org.junit.tests.experimental.rules" value ="1"/>
         <Value name="usedErrorCollectorCheckSucceedsShouldFail" source ="VerifierRuleTest.java" package ="org.junit.tests.experimental.rules" value ="1"/>
         <Value name="usedErrorCollectorCheckSucceedsShouldPass" source ="VerifierRuleTest.java" package ="org.junit.tests.experimental.rules" value ="1"/>
         <Value name="usedErrorCollectorCheckThatShouldFail" source ="VerifierRuleTest.java" package ="org.junit.tests.experimental.rules" value ="1"/>
         <Value name="usedErrorCollectorShouldFail" source ="VerifierRuleTest.java" package ="org.junit.tests.experimental.rules" value ="1"/>
         <Value name="usedErrorCollectorTwiceShouldFail" source ="VerifierRuleTest.java" package ="org.junit.tests.experimental.rules" value ="1"/>
         <Value name="verifierRunsAfterTest" source ="VerifierRuleTest.java" package ="org.junit.tests.experimental.rules" value ="1"/>
         <Value name="GuessMap" source ="Guesser.java" package ="org.junit.tests.experimental.theories.extendingwithstubs" value ="1"/>
         <Value name="GuessMap" source ="Guesser.java" package ="org.junit.tests.experimental.theories.extendingwithstubs" value ="1"/>
         <Value name="invoke" source ="Guesser.java" package ="org.junit.tests.experimental.theories.extendingwithstubs" value ="1"/>
         <Value name="replaceGuess" source ="Guesser.java" package ="org.junit.tests.experimental.theories.extendingwithstubs" value ="1"/>
         <Value name="Guesser" source ="Guesser.java" package ="org.junit.tests.experimental.theories.extendingwithstubs" value ="1"/>
         <Value name="Guesser" source ="Guesser.java" package ="org.junit.tests.experimental.theories.extendingwithstubs" value ="1"/>
         <Value name="getDescription" source ="Guesser.java" package ="org.junit.tests.experimental.theories.extendingwithstubs" value ="1"/>
         <Value name="getProxy" source ="Guesser.java" package ="org.junit.tests.experimental.theories.extendingwithstubs" value ="1"/>
         <Value name="getType" source ="Guesser.java" package ="org.junit.tests.experimental.theories.extendingwithstubs" value ="1"/>
         <Value name="getValue" source ="Guesser.java" package ="org.junit.tests.experimental.theories.extendingwithstubs" value ="1"/>
         <Value name="reguesses" source ="Guesser.java" package ="org.junit.tests.experimental.theories.extendingwithstubs" value ="1"/>
         <Value name="ReguessableDecorator" source ="GuesserQueue.java" package ="org.junit.tests.experimental.theories.extendingwithstubs" value ="1"/>
         <Value name="getDescription" source ="GuesserQueue.java" package ="org.junit.tests.experimental.theories.extendingwithstubs" value ="1"/>
         <Value name="getValue" source ="GuesserQueue.java" package ="org.junit.tests.experimental.theories.extendingwithstubs" value ="1"/>
         <Value name="reguesses" source ="GuesserQueue.java" package ="org.junit.tests.experimental.theories.extendingwithstubs" value ="1"/>
         <Value name="forSingleValues" source ="GuesserQueue.java" package ="org.junit.tests.experimental.theories.extendingwithstubs" value ="1"/>
         <Value name="remove" source ="GuesserQueue.java" package ="org.junit.tests.experimental.theories.extendingwithstubs" value ="1"/>
         <Value name="MethodCall" source ="MethodCall.java" package ="org.junit.tests.experimental.theories.extendingwithstubs" value ="1"/>
         <Value name="argList" source ="MethodCall.java" package ="org.junit.tests.experimental.theories.extendingwithstubs" value ="1"/>
         <Value name="equals" source ="MethodCall.java" package ="org.junit.tests.experimental.theories.extendingwithstubs" value ="1"/>
         <Value name="getReturnType" source ="MethodCall.java" package ="org.junit.tests.experimental.theories.extendingwithstubs" value ="1"/>
         <Value name="hashCode" source ="MethodCall.java" package ="org.junit.tests.experimental.theories.extendingwithstubs" value ="1"/>
         <Value name="stringableObject" source ="MethodCall.java" package ="org.junit.tests.experimental.theories.extendingwithstubs" value ="1"/>
         <Value name="toString" source ="MethodCall.java" package ="org.junit.tests.experimental.theories.extendingwithstubs" value ="1"/>
         <Value name="ReguessableValue" source ="ReguessableValue.java" package ="org.junit.tests.experimental.theories.extendingwithstubs" value ="1"/>
         <Value name="reguesses" source ="ReguessableValue.java" package ="org.junit.tests.experimental.theories.extendingwithstubs" value ="1"/>
         <Value name="StringableObject" source ="StringableObject.java" package ="org.junit.tests.experimental.theories.extendingwithstubs" value ="1"/>
         <Value name="isListableArray" source ="StringableObject.java" package ="org.junit.tests.experimental.theories.extendingwithstubs" value ="1"/>
         <Value name="toString" source ="StringableObject.java" package ="org.junit.tests.experimental.theories.extendingwithstubs" value ="1"/>
         <Value name="StubbedTheoryAnchor" source ="StubbedTheories.java" package ="org.junit.tests.experimental.theories.extendingwithstubs" value ="1"/>
         <Value name="handleAssumptionViolation" source ="StubbedTheories.java" package ="org.junit.tests.experimental.theories.extendingwithstubs" value ="1"/>
         <Value name="StubbedTheories" source ="StubbedTheories.java" package ="org.junit.tests.experimental.theories.extendingwithstubs" value ="1"/>
         <Value name="methodBlock" source ="StubbedTheories.java" package ="org.junit.tests.experimental.theories.extendingwithstubs" value ="1"/>
         <Value name="ask" source ="StubbedTheoriesTest.java" package ="org.junit.tests.experimental.theories.extendingwithstubs" value ="1"/>
         <Value name="calledTwice" source ="SuccessfulWithDataPointFields.java" package ="org.junit.tests.experimental.theories.runner" value ="1"/>
         <Value name="incrementBefore" source ="SuccessfulWithDataPointFields.java" package ="org.junit.tests.experimental.theories.runner" value ="1"/>
         <Value name="resetCalls" source ="SuccessfulWithDataPointFields.java" package ="org.junit.tests.experimental.theories.runner" value ="1"/>
         <Value name="stringsAreOK" source ="SuccessfulWithDataPointFields.java" package ="org.junit.tests.experimental.theories.runner" value ="1"/>
         <Value name="incrementBefore" source ="SuccessfulWithDataPointFields.java" package ="org.junit.tests.experimental.theories.runner" value ="1"/>
         <Value name="stringsAreOK" source ="SuccessfulWithDataPointFields.java" package ="org.junit.tests.experimental.theories.runner" value ="1"/>
         <Value name="DifferentTypesInConstructor" source ="SuccessfulWithDataPointFields.java" package ="org.junit.tests.experimental.theories.runner" value ="1"/>
         <Value name="yesIndeed" source ="SuccessfulWithDataPointFields.java" package ="org.junit.tests.experimental.theories.runner" value ="1"/>
         <Value name="allIntsAreEqual" source ="SuccessfulWithDataPointFields.java" package ="org.junit.tests.experimental.theories.runner" value ="1"/>
         <Value name="addToEmptyList" source ="SuccessfulWithDataPointFields.java" package ="org.junit.tests.experimental.theories.runner" value ="1"/>
         <Value name="calledTwice" source ="SuccessfulWithDataPointFields.java" package ="org.junit.tests.experimental.theories.runner" value ="1"/>
         <Value name="resetCalls" source ="SuccessfulWithDataPointFields.java" package ="org.junit.tests.experimental.theories.runner" value ="1"/>
         <Value name="stringsAreOK" source ="SuccessfulWithDataPointFields.java" package ="org.junit.tests.experimental.theories.runner" value ="1"/>
         <Value name="PositiveIntsWithMethodParams" source ="SuccessfulWithDataPointFields.java" package ="org.junit.tests.experimental.theories.runner" value ="1"/>
         <Value name="haveAPostiveSquare" source ="SuccessfulWithDataPointFields.java" package ="org.junit.tests.experimental.theories.runner" value ="1"/>
         <Value name="PositiveIntsWithNegativeField" source ="SuccessfulWithDataPointFields.java" package ="org.junit.tests.experimental.theories.runner" value ="1"/>
         <Value name="haveAPostiveSquare" source ="SuccessfulWithDataPointFields.java" package ="org.junit.tests.experimental.theories.runner" value ="1"/>
         <Value name="PositiveInts" source ="SuccessfulWithDataPointFields.java" package ="org.junit.tests.experimental.theories.runner" value ="1"/>
         <Value name="haveAPostiveSquare" source ="SuccessfulWithDataPointFields.java" package ="org.junit.tests.experimental.theories.runner" value ="1"/>
         <Value name="onlyAnnotatedFields" source ="SuccessfulWithDataPointFields.java" package ="org.junit.tests.experimental.theories.runner" value ="1"/>
         <Value name="threeInts" source ="TheoriesPerformanceTest.java" package ="org.junit.tests.experimental.theories.runner" value ="1"/>
         <Value name="tryCombinationsQuickly" source ="TheoriesPerformanceTest.java" package ="org.junit.tests.experimental.theories.runner" value ="1"/>
         <Value name="numbers" source ="UnsuccessfulWithDataPointFields.java" package ="org.junit.tests.experimental.theories.runner" value ="1"/>
         <Value name="everythingIsZero" source ="UnsuccessfulWithDataPointFields.java" package ="org.junit.tests.experimental.theories.runner" value ="1"/>
         <Value name="everythingIsZero" source ="UnsuccessfulWithDataPointFields.java" package ="org.junit.tests.experimental.theories.runner" value ="1"/>
         <Value name="everythingIsA" source ="UnsuccessfulWithDataPointFields.java" package ="org.junit.tests.experimental.theories.runner" value ="1"/>
         <Value name="numbers" source ="UnsuccessfulWithDataPointFields.java" package ="org.junit.tests.experimental.theories.runner" value ="1"/>
         <Value name="canRunTheories" source ="UnsuccessfulWithDataPointFields.java" package ="org.junit.tests.experimental.theories.runner" value ="1"/>
         <Value name="dataPointsMustBeStatic" source ="UnsuccessfulWithDataPointFields.java" package ="org.junit.tests.experimental.theories.runner" value ="1"/>
         <Value name="nullsUsedUnlessProhibited" source ="UnsuccessfulWithDataPointFields.java" package ="org.junit.tests.experimental.theories.runner" value ="1"/>
         <Value name="reportBadParams" source ="UnsuccessfulWithDataPointFields.java" package ="org.junit.tests.experimental.theories.runner" value ="1"/>
         <Value name="theoriesMustBePublic" source ="UnsuccessfulWithDataPointFields.java" package ="org.junit.tests.experimental.theories.runner" value ="1"/>
         <Value name="theoryAnnotationsAreRetained" source ="UnsuccessfulWithDataPointFields.java" package ="org.junit.tests.experimental.theories.runner" value ="1"/>
         <Value name="theoryClassMethodsShowUp" source ="UnsuccessfulWithDataPointFields.java" package ="org.junit.tests.experimental.theories.runner" value ="1"/>
         <Value name="nonZeroIntsAreFun" source ="WhenNoParametersMatch.java" package ="org.junit.tests.experimental.theories.runner" value ="1"/>
         <Value name="showFailedAssumptionsWhenNoParametersFound" source ="WhenNoParametersMatch.java" package ="org.junit.tests.experimental.theories.runner" value ="1"/>
         <Value name="empty" source ="WithDataPointMethod.java" package ="org.junit.tests.experimental.theories.runner" value ="1"/>
         <Value name="everythingsEmpty" source ="WithDataPointMethod.java" package ="org.junit.tests.experimental.theories.runner" value ="1"/>
         <Value name="allIntsOk" source ="WithDataPointMethod.java" package ="org.junit.tests.experimental.theories.runner" value ="1"/>
         <Value name="oneHundred" source ="WithDataPointMethod.java" package ="org.junit.tests.experimental.theories.runner" value ="1"/>
         <Value name="allIntsOk" source ="WithDataPointMethod.java" package ="org.junit.tests.experimental.theories.runner" value ="1"/>
         <Value name="notADataPoint" source ="WithDataPointMethod.java" package ="org.junit.tests.experimental.theories.runner" value ="1"/>
         <Value name="oneHundred" source ="WithDataPointMethod.java" package ="org.junit.tests.experimental.theories.runner" value ="1"/>
         <Value name="onlyDatesOk" source ="WithDataPointMethod.java" package ="org.junit.tests.experimental.theories.runner" value ="1"/>
         <Value name="onlyStringsOk" source ="WithDataPointMethod.java" package ="org.junit.tests.experimental.theories.runner" value ="1"/>
         <Value name="allIntsOk" source ="WithDataPointMethod.java" package ="org.junit.tests.experimental.theories.runner" value ="1"/>
         <Value name="oneHundred" source ="WithDataPointMethod.java" package ="org.junit.tests.experimental.theories.runner" value ="1"/>
         <Value name="oneUglyHundred" source ="WithDataPointMethod.java" package ="org.junit.tests.experimental.theories.runner" value ="1"/>
         <Value name="empty" source ="WithDataPointMethod.java" package ="org.junit.tests.experimental.theories.runner" value ="1"/>
         <Value name="failures" source ="WithDataPointMethod.java" package ="org.junit.tests.experimental.theories.runner" value ="1"/>
         <Value name="ignoreDataPointMethodsWithWrongTypes" source ="WithDataPointMethod.java" package ="org.junit.tests.experimental.theories.runner" value ="1"/>
         <Value name="ignoreDataPointMethodsWithoutAnnotation" source ="WithDataPointMethod.java" package ="org.junit.tests.experimental.theories.runner" value ="1"/>
         <Value name="ignoreExceptionsFromDataPointMethods" source ="WithDataPointMethod.java" package ="org.junit.tests.experimental.theories.runner" value ="1"/>
         <Value name="mutableObjectsAreCreatedAfresh" source ="WithDataPointMethod.java" package ="org.junit.tests.experimental.theories.runner" value ="1"/>
         <Value name="pickUpDataPointMethods" source ="WithDataPointMethod.java" package ="org.junit.tests.experimental.theories.runner" value ="1"/>
         <Value name="potentialValues" source ="WithDataPointMethod.java" package ="org.junit.tests.experimental.theories.runner" value ="1"/>
         <Value name="STRINGS" source ="WithExtendedParameterSources.java" package ="org.junit.tests.experimental.theories.runner" value ="1"/>
         <Value name="addToLog" source ="WithExtendedParameterSources.java" package ="org.junit.tests.experimental.theories.runner" value ="1"/>
         <Value name="addToLog" source ="WithExtendedParameterSources.java" package ="org.junit.tests.experimental.theories.runner" value ="1"/>
         <Value name="addToLog" source ="WithExtendedParameterSources.java" package ="org.junit.tests.experimental.theories.runner" value ="1"/>
         <Value name="INTS" source ="WithExtendedParameterSources.java" package ="org.junit.tests.experimental.theories.runner" value ="1"/>
         <Value name="STRING" source ="WithExtendedParameterSources.java" package ="org.junit.tests.experimental.theories.runner" value ="1"/>
         <Value name="STRINGS" source ="WithExtendedParameterSources.java" package ="org.junit.tests.experimental.theories.runner" value ="1"/>
         <Value name="addToLog" source ="WithExtendedParameterSources.java" package ="org.junit.tests.experimental.theories.runner" value ="1"/>
         <Value name="everythingIsOne" source ="WithExtendedParameterSources.java" package ="org.junit.tests.experimental.theories.runner" value ="1"/>
         <Value name="allStringsAreNonNull" source ="WithExtendedParameterSources.java" package ="org.junit.tests.experimental.theories.runner" value ="1"/>
         <Value name="dataPointCanBeArray" source ="WithExtendedParameterSources.java" package ="org.junit.tests.experimental.theories.runner" value ="1"/>
         <Value name="getDataPointsFromArray" source ="WithExtendedParameterSources.java" package ="org.junit.tests.experimental.theories.runner" value ="1"/>
         <Value name="getDataPointsFromArrayMethod" source ="WithExtendedParameterSources.java" package ="org.junit.tests.experimental.theories.runner" value ="1"/>
         <Value name="getDataPointsFromArrayMethodInSpiteOfMalformedness" source ="WithExtendedParameterSources.java" package ="org.junit.tests.experimental.theories.runner" value ="1"/>
         <Value name="shouldFilterNull" source ="WithExtendedParameterSources.java" package ="org.junit.tests.experimental.theories.runner" value ="1"/>
         <Value name="testedOnLimitsParameters" source ="WithExtendedParameterSources.java" package ="org.junit.tests.experimental.theories.runner" value ="1"/>
         <Value name="testMethod" source ="WithOnlyTestAnnotations.java" package ="org.junit.tests.experimental.theories.runner" value ="1"/>
         <Value name="shouldThrow" source ="WithOnlyTestAnnotations.java" package ="org.junit.tests.experimental.theories.runner" value ="1"/>
         <Value name="shouldThrow" source ="WithOnlyTestAnnotations.java" package ="org.junit.tests.experimental.theories.runner" value ="1"/>
         <Value name="honorExpected" source ="WithOnlyTestAnnotations.java" package ="org.junit.tests.experimental.theories.runner" value ="1"/>
         <Value name="honorExpectedPassing" source ="WithOnlyTestAnnotations.java" package ="org.junit.tests.experimental.theories.runner" value ="1"/>
         <Value name="honorTimeout" source ="WithOnlyTestAnnotations.java" package ="org.junit.tests.experimental.theories.runner" value ="1"/>
         <Value name="testErrorWhenTestHasParametersDespiteTheories" source ="WithOnlyTestAnnotations.java" package ="org.junit.tests.experimental.theories.runner" value ="1"/>
         <Value name="HasDataPoints" source ="AllMembersSupplierTest.java" package ="org.junit.tests.experimental.theories" value ="1"/>
         <Value name="dataPointsAnnotationMeansTreatAsArrayOnly" source ="AllMembersSupplierTest.java" package ="org.junit.tests.experimental.theories" value ="1"/>
         <Value name="foo" source ="ParameterSignatureTest.java" package ="org.junit.tests.experimental.theories" value ="1"/>
         <Value name="getAnnotations" source ="ParameterSignatureTest.java" package ="org.junit.tests.experimental.theories" value ="1"/>
         <Value name="getType" source ="ParameterSignatureTest.java" package ="org.junit.tests.experimental.theories" value ="1"/>
         <Value name="getType" source ="ParameterSignatureTest.java" package ="org.junit.tests.experimental.theories" value ="1"/>
         <Value name="buildParameterizedAssertionError" source ="ParameterizedAssertionErrorTest.java" package ="org.junit.tests.experimental.theories" value ="1"/>
         <Value name="canJoinWhenToStringFails" source ="ParameterizedAssertionErrorTest.java" package ="org.junit.tests.experimental.theories" value ="1"/>
         <Value name="differentParameterizedAssertionErrorsHaveDifferentToStrings" source ="ParameterizedAssertionErrorTest.java" package ="org.junit.tests.experimental.theories" value ="1"/>
         <Value name="equalParameterizedAssertionErrorsHaveSameToString" source ="ParameterizedAssertionErrorTest.java" package ="org.junit.tests.experimental.theories" value ="1"/>
         <Value name="equalsReturnsTrue" source ="ParameterizedAssertionErrorTest.java" package ="org.junit.tests.experimental.theories" value ="1"/>
         <Value name="AssumptionFailureInConstructor" source ="AssumptionTest.java" package ="org.junit.tests.experimental" value ="1"/>
         <Value name="shouldFail" source ="AssumptionTest.java" package ="org.junit.tests.experimental" value ="1"/>
         <Value name="checkForSomethingThatIsntThere" source ="AssumptionTest.java" package ="org.junit.tests.experimental" value ="1"/>
         <Value name="failing" source ="AssumptionTest.java" package ="org.junit.tests.experimental" value ="1"/>
         <Value name="checkForSomethingThatIsntThere" source ="AssumptionTest.java" package ="org.junit.tests.experimental" value ="1"/>
         <Value name="failing" source ="AssumptionTest.java" package ="org.junit.tests.experimental" value ="1"/>
         <Value name="assumptionsFail" source ="AssumptionTest.java" package ="org.junit.tests.experimental" value ="1"/>
         <Value name="assumptionsFail" source ="AssumptionTest.java" package ="org.junit.tests.experimental" value ="1"/>
         <Value name="assertCompletesNormally" source ="AssumptionTest.java" package ="org.junit.tests.experimental" value ="1"/>
         <Value name="assumeNotNullPasses" source ="AssumptionTest.java" package ="org.junit.tests.experimental" value ="1"/>
         <Value name="assumeNotNullThrowsException" source ="AssumptionTest.java" package ="org.junit.tests.experimental" value ="1"/>
         <Value name="assumeThatPasses" source ="AssumptionTest.java" package ="org.junit.tests.experimental" value ="1"/>
         <Value name="assumeThatPassesOnStrings" source ="AssumptionTest.java" package ="org.junit.tests.experimental" value ="1"/>
         <Value name="assumeThatWorks" source ="AssumptionTest.java" package ="org.junit.tests.experimental" value ="1"/>
         <Value name="assumeTrueWorks" source ="AssumptionTest.java" package ="org.junit.tests.experimental" value ="1"/>
         <Value name="assumeWithExpectedException" source ="AssumptionTest.java" package ="org.junit.tests.experimental" value ="1"/>
         <Value name="failedAssumptionsCanBeDetectedByListeners" source ="AssumptionTest.java" package ="org.junit.tests.experimental" value ="1"/>
         <Value name="failedAssumptionsMeanPassing" source ="AssumptionTest.java" package ="org.junit.tests.experimental" value ="1"/>
         <Value name="failingAssumptionInBeforeClassIgnoresClass" source ="AssumptionTest.java" package ="org.junit.tests.experimental" value ="1"/>
         <Value name="failingAssumptionInBeforePreventsTestRun" source ="AssumptionTest.java" package ="org.junit.tests.experimental" value ="1"/>
         <Value name="failingAssumptionInConstructorIgnoresClass" source ="AssumptionTest.java" package ="org.junit.tests.experimental" value ="1"/>
         <Value name="passingAssumptionsScootThrough" source ="AssumptionTest.java" package ="org.junit.tests.experimental" value ="1"/>
         <Value name="AssumptionViolatedExceptionDescribesItself" source ="AssumptionViolatedExceptionTest.java" package ="org.junit.tests.experimental" value ="1"/>
         <Value name="simpleAssumptionViolatedExceptionDescribesItself" source ="AssumptionViolatedExceptionTest.java" package ="org.junit.tests.experimental" value ="1"/>
         <Value name="toStringReportsMatcher" source ="AssumptionViolatedExceptionTest.java" package ="org.junit.tests.experimental" value ="1"/>
         <Value name="toStringReportsValue" source ="AssumptionViolatedExceptionTest.java" package ="org.junit.tests.experimental" value ="1"/>
         <Value name="differentMatchersHaveDifferentDescriptions" source ="MatcherTest.java" package ="org.junit.tests.experimental" value ="1"/>
         <Value name="failure" source ="MatcherTest.java" package ="org.junit.tests.experimental" value ="1"/>
         <Value name="suite" source ="AllTestsTest.java" package ="org.junit.tests.junit3compatibility" value ="1"/>
         <Value name="suite" source ="AllTestsTest.java" package ="org.junit.tests.junit3compatibility" value ="1"/>
         <Value name="suite" source ="AllTestsTest.java" package ="org.junit.tests.junit3compatibility" value ="1"/>
         <Value name="testSomething" source ="AllTestsTest.java" package ="org.junit.tests.junit3compatibility" value ="1"/>
         <Value name="testSomething" source ="AllTestsTest.java" package ="org.junit.tests.junit3compatibility" value ="1"/>
         <Value name="correctTestCount" source ="AllTestsTest.java" package ="org.junit.tests.junit3compatibility" value ="1"/>
         <Value name="correctTestCountAdapted" source ="AllTestsTest.java" package ="org.junit.tests.junit3compatibility" value ="1"/>
         <Value name="ensureTestIsRun" source ="AllTestsTest.java" package ="org.junit.tests.junit3compatibility" value ="1"/>
         <Value name="exceptionThrownWhenSuiteIsBad" source ="AllTestsTest.java" package ="org.junit.tests.junit3compatibility" value ="1"/>
         <Value name="someUsefulDescription" source ="AllTestsTest.java" package ="org.junit.tests.junit3compatibility" value ="1"/>
         <Value name="suite" source ="ClassRequestTest.java" package ="org.junit.tests.junit3compatibility" value ="1"/>
         <Value name="noSuiteMethodIfMethodPrivate" source ="ClassRequestTest.java" package ="org.junit.tests.junit3compatibility" value ="1"/>
         <Value name="error" source ="ForwardCompatibilityPrintingTest.java" package ="org.junit.tests.junit3compatibility" value ="1"/>
         <Value name="TestResultPrinter" source ="ForwardCompatibilityPrintingTest.java" package ="org.junit.tests.junit3compatibility" value ="1"/>
         <Value name="elapsedTimeAsString" source ="ForwardCompatibilityPrintingTest.java" package ="org.junit.tests.junit3compatibility" value ="1"/>
         <Value name="testError" source ="ForwardCompatibilityPrintingTest.java" package ="org.junit.tests.junit3compatibility" value ="1"/>
         <Value name="testErrorAdapted" source ="ForwardCompatibilityPrintingTest.java" package ="org.junit.tests.junit3compatibility" value ="1"/>
         <Value name="after" source ="ForwardCompatibilityTest.java" package ="org.junit.tests.junit3compatibility" value ="1"/>
         <Value name="afterClass" source ="ForwardCompatibilityTest.java" package ="org.junit.tests.junit3compatibility" value ="1"/>
         <Value name="before" source ="ForwardCompatibilityTest.java" package ="org.junit.tests.junit3compatibility" value ="1"/>
         <Value name="beforeClass" source ="ForwardCompatibilityTest.java" package ="org.junit.tests.junit3compatibility" value ="1"/>
         <Value name="one" source ="ForwardCompatibilityTest.java" package ="org.junit.tests.junit3compatibility" value ="1"/>
         <Value name="two" source ="ForwardCompatibilityTest.java" package ="org.junit.tests.junit3compatibility" value ="1"/>
         <Value name="error" source ="ForwardCompatibilityTest.java" package ="org.junit.tests.junit3compatibility" value ="1"/>
         <Value name="error" source ="ForwardCompatibilityTest.java" package ="org.junit.tests.junit3compatibility" value ="1"/>
         <Value name="nothing" source ="ForwardCompatibilityTest.java" package ="org.junit.tests.junit3compatibility" value ="1"/>
         <Value name="expected" source ="ForwardCompatibilityTest.java" package ="org.junit.tests.junit3compatibility" value ="1"/>
         <Value name="aTest" source ="ForwardCompatibilityTest.java" package ="org.junit.tests.junit3compatibility" value ="1"/>
         <Value name="shouldBeStatic" source ="ForwardCompatibilityTest.java" package ="org.junit.tests.junit3compatibility" value ="1"/>
         <Value name="MarkerRunner" source ="ForwardCompatibilityTest.java" package ="org.junit.tests.junit3compatibility" value ="1"/>
         <Value name="getDescription" source ="ForwardCompatibilityTest.java" package ="org.junit.tests.junit3compatibility" value ="1"/>
         <Value name="run" source ="ForwardCompatibilityTest.java" package ="org.junit.tests.junit3compatibility" value ="1"/>
         <Value name="testCount" source ="ForwardCompatibilityTest.java" package ="org.junit.tests.junit3compatibility" value ="1"/>
         <Value name="after" source ="ForwardCompatibilityTest.java" package ="org.junit.tests.junit3compatibility" value ="1"/>
         <Value name="before" source ="ForwardCompatibilityTest.java" package ="org.junit.tests.junit3compatibility" value ="1"/>
         <Value name="test" source ="ForwardCompatibilityTest.java" package ="org.junit.tests.junit3compatibility" value ="1"/>
         <Value name="succeed" source ="ForwardCompatibilityTest.java" package ="org.junit.tests.junit3compatibility" value ="1"/>
         <Value name="expected" source ="ForwardCompatibilityTest.java" package ="org.junit.tests.junit3compatibility" value ="1"/>
         <Value name="testBeforeAndAfterClass" source ="ForwardCompatibilityTest.java" package ="org.junit.tests.junit3compatibility" value ="1"/>
         <Value name="testCompatibility" source ="ForwardCompatibilityTest.java" package ="org.junit.tests.junit3compatibility" value ="1"/>
         <Value name="testException" source ="ForwardCompatibilityTest.java" package ="org.junit.tests.junit3compatibility" value ="1"/>
         <Value name="testExceptionInBefore" source ="ForwardCompatibilityTest.java" package ="org.junit.tests.junit3compatibility" value ="1"/>
         <Value name="testExpected" source ="ForwardCompatibilityTest.java" package ="org.junit.tests.junit3compatibility" value ="1"/>
         <Value name="testInvalidMethod" source ="ForwardCompatibilityTest.java" package ="org.junit.tests.junit3compatibility" value ="1"/>
         <Value name="testNoException" source ="ForwardCompatibilityTest.java" package ="org.junit.tests.junit3compatibility" value ="1"/>
         <Value name="testNotifyResult" source ="ForwardCompatibilityTest.java" package ="org.junit.tests.junit3compatibility" value ="1"/>
         <Value name="testRunWithClass" source ="ForwardCompatibilityTest.java" package ="org.junit.tests.junit3compatibility" value ="1"/>
         <Value name="testToString" source ="ForwardCompatibilityTest.java" package ="org.junit.tests.junit3compatibility" value ="1"/>
         <Value name="testToStringSuite" source ="ForwardCompatibilityTest.java" package ="org.junit.tests.junit3compatibility" value ="1"/>
         <Value name="testUseGlobalCache" source ="ForwardCompatibilityTest.java" package ="org.junit.tests.junit3compatibility" value ="1"/>
         <Value name="CantInitialize" source ="InitializationErrorForwardCompatibilityTest.java" package ="org.junit.tests.junit3compatibility" value ="1"/>
         <Value name="getDescription" source ="InitializationErrorForwardCompatibilityTest.java" package ="org.junit.tests.junit3compatibility" value ="1"/>
         <Value name="run" source ="InitializationErrorForwardCompatibilityTest.java" package ="org.junit.tests.junit3compatibility" value ="1"/>
         <Value name="addError" source ="InitializationErrorForwardCompatibilityTest.java" package ="org.junit.tests.junit3compatibility" value ="1"/>
         <Value name="addFailure" source ="InitializationErrorForwardCompatibilityTest.java" package ="org.junit.tests.junit3compatibility" value ="1"/>
         <Value name="endTest" source ="InitializationErrorForwardCompatibilityTest.java" package ="org.junit.tests.junit3compatibility" value ="1"/>
         <Value name="getError" source ="InitializationErrorForwardCompatibilityTest.java" package ="org.junit.tests.junit3compatibility" value ="1"/>
         <Value name="startTest" source ="InitializationErrorForwardCompatibilityTest.java" package ="org.junit.tests.junit3compatibility" value ="1"/>
         <Value name="InitializesWithError" source ="InitializationErrorForwardCompatibilityTest.java" package ="org.junit.tests.junit3compatibility" value ="1"/>
         <Value name="createAdapter" source ="InitializationErrorForwardCompatibilityTest.java" package ="org.junit.tests.junit3compatibility" value ="1"/>
         <Value name="generatedErrorTestsMatchUp" source ="InitializationErrorForwardCompatibilityTest.java" package ="org.junit.tests.junit3compatibility" value ="1"/>
         <Value name="initializationErrorsAreThrownAtRuntime" source ="InitializationErrorForwardCompatibilityTest.java" package ="org.junit.tests.junit3compatibility" value ="1"/>
         <Value name="initializationErrorsShowUpAsWarnings" source ="InitializationErrorForwardCompatibilityTest.java" package ="org.junit.tests.junit3compatibility" value ="1"/>
         <Value name="foo" source ="JUnit38ClassRunnerTest.java" package ="org.junit.tests.junit3compatibility" value ="1"/>
         <Value name="testInvalid" source ="JUnit38ClassRunnerTest.java" package ="org.junit.tests.junit3compatibility" value ="1"/>
         <Value name="testA" source ="JUnit38ClassRunnerTest.java" package ="org.junit.tests.junit3compatibility" value ="1"/>
         <Value name="testOne" source ="JUnit38ClassRunnerTest.java" package ="org.junit.tests.junit3compatibility" value ="1"/>
         <Value name="canUnadaptAnAdapter" source ="JUnit38ClassRunnerTest.java" package ="org.junit.tests.junit3compatibility" value ="1"/>
         <Value name="invalidTestMethodReportedCorrectly" source ="JUnit38ClassRunnerTest.java" package ="org.junit.tests.junit3compatibility" value ="1"/>
         <Value name="plansDecoratorCorrectly" source ="JUnit38ClassRunnerTest.java" package ="org.junit.tests.junit3compatibility" value ="1"/>
         <Value name="testListener" source ="JUnit38ClassRunnerTest.java" package ="org.junit.tests.junit3compatibility" value ="1"/>
         <Value name="addFailureDelegatesToNotifier" source ="OldTestClassAdaptingListenerTest.java" package ="org.junit.tests.junit3compatibility" value ="1"/>
         <Value name="suite" source ="OldTests.java" package ="org.junit.tests.junit3compatibility" value ="1"/>
         <Value name="ignored" source ="SuiteMethodTest.java" package ="org.junit.tests.junit3compatibility" value ="1"/>
         <Value name="suite" source ="SuiteMethodTest.java" package ="org.junit.tests.junit3compatibility" value ="1"/>
         <Value name="sample" source ="SuiteMethodTest.java" package ="org.junit.tests.junit3compatibility" value ="1"/>
         <Value name="suite" source ="SuiteMethodTest.java" package ="org.junit.tests.junit3compatibility" value ="1"/>
         <Value name="ignore" source ="SuiteMethodTest.java" package ="org.junit.tests.junit3compatibility" value ="1"/>
         <Value name="sample" source ="SuiteMethodTest.java" package ="org.junit.tests.junit3compatibility" value ="1"/>
         <Value name="suite" source ="SuiteMethodTest.java" package ="org.junit.tests.junit3compatibility" value ="1"/>
         <Value name="sample" source ="SuiteMethodTest.java" package ="org.junit.tests.junit3compatibility" value ="1"/>
         <Value name="suite" source ="SuiteMethodTest.java" package ="org.junit.tests.junit3compatibility" value ="1"/>
         <Value name="OldTest" source ="SuiteMethodTest.java" package ="org.junit.tests.junit3compatibility" value ="1"/>
         <Value name="notObviouslyATest" source ="SuiteMethodTest.java" package ="org.junit.tests.junit3compatibility" value ="1"/>
         <Value name="suite" source ="SuiteMethodTest.java" package ="org.junit.tests.junit3compatibility" value ="1"/>
         <Value name="descriptionAndRunNotificationsAreConsistent" source ="SuiteMethodTest.java" package ="org.junit.tests.junit3compatibility" value ="1"/>
         <Value name="makeSureSuiteIsCalled" source ="SuiteMethodTest.java" package ="org.junit.tests.junit3compatibility" value ="1"/>
         <Value name="makeSureSuiteNotUsedWithJUnit4Classes2" source ="SuiteMethodTest.java" package ="org.junit.tests.junit3compatibility" value ="1"/>
         <Value name="makeSureSuiteWorksWithJUnit4Classes" source ="SuiteMethodTest.java" package ="org.junit.tests.junit3compatibility" value ="1"/>
         <Value name="suiteIsUsedWithJUnit4Classes" source ="SuiteMethodTest.java" package ="org.junit.tests.junit3compatibility" value ="1"/>
         <Value name="nothing" source ="ListenerTest.java" package ="org.junit.tests.listening" value ="1"/>
         <Value name="notifyListenersInTheOrderInWhichTheyAreAdded" source ="ListenerTest.java" package ="org.junit.tests.listening" value ="1"/>
         <Value name="testEmpty" source ="RunnerTest.java" package ="org.junit.tests.listening" value ="1"/>
         <Value name="empty" source ="RunnerTest.java" package ="org.junit.tests.listening" value ="1"/>
         <Value name="testRunStarted" source ="RunnerTest.java" package ="org.junit.tests.listening" value ="1"/>
         <Value name="empty" source ="RunnerTest.java" package ="org.junit.tests.listening" value ="1"/>
         <Value name="newTestCount" source ="RunnerTest.java" package ="org.junit.tests.listening" value ="1"/>
         <Value name="oldTestCount" source ="RunnerTest.java" package ="org.junit.tests.listening" value ="1"/>
         <Value name="testFinished" source ="RunnerTest.java" package ="org.junit.tests.listening" value ="1"/>
         <Value name="testRunStarted" source ="TestListenerTest.java" package ="org.junit.tests.listening" value ="1"/>
         <Value name="testRunStarted" source ="TestListenerTest.java" package ="org.junit.tests.listening" value ="1"/>
         <Value name="nothing" source ="TestListenerTest.java" package ="org.junit.tests.listening" value ="1"/>
         <Value name="failingListener" source ="TestListenerTest.java" package ="org.junit.tests.listening" value ="1"/>
         <Value name="freshResultEachTime" source ="TestListenerTest.java" package ="org.junit.tests.listening" value ="1"/>
         <Value name="removeFailingListeners" source ="TestListenerTest.java" package ="org.junit.tests.listening" value ="1"/>
         <Value name="error" source ="TextListenerTest.java" package ="org.junit.tests.listening" value ="1"/>
         <Value name="one" source ="TextListenerTest.java" package ="org.junit.tests.listening" value ="1"/>
         <Value name="pause" source ="TextListenerTest.java" package ="org.junit.tests.listening" value ="1"/>
         <Value name="convert" source ="TextListenerTest.java" package ="org.junit.tests.listening" value ="1"/>
         <Value name="setUp" source ="TextListenerTest.java" package ="org.junit.tests.listening" value ="1"/>
         <Value name="testError" source ="TextListenerTest.java" package ="org.junit.tests.listening" value ="1"/>
         <Value name="testSuccess" source ="TextListenerTest.java" package ="org.junit.tests.listening" value ="1"/>
         <Value name="testTime" source ="TextListenerTest.java" package ="org.junit.tests.listening" value ="1"/>
         <Value name="foo" source ="UserStopTest.java" package ="org.junit.tests.listening" value ="1"/>
         <Value name="createNotifier" source ="UserStopTest.java" package ="org.junit.tests.listening" value ="1"/>
         <Value name="stopClassRunner" source ="UserStopTest.java" package ="org.junit.tests.listening" value ="1"/>
         <Value name="userStop" source ="UserStopTest.java" package ="org.junit.tests.listening" value ="1"/>
         <Value name="FilteredRunner" source ="FilterableTest.java" package ="org.junit.tests.manipulation" value ="1"/>
         <Value name="FilteredTest" source ="FilterableTest.java" package ="org.junit.tests.manipulation" value ="1"/>
         <Value name="parameters" source ="FilterableTest.java" package ="org.junit.tests.manipulation" value ="1"/>
         <Value name="runThis" source ="FilterableTest.java" package ="org.junit.tests.manipulation" value ="1"/>
         <Value name="skipThis" source ="FilterableTest.java" package ="org.junit.tests.manipulation" value ="1"/>
         <Value name="testFilterInRunnerConstructor" source ="FilterableTest.java" package ="org.junit.tests.manipulation" value ="1"/>
         <Value name="a" source ="SingleMethodTest.java" package ="org.junit.tests.manipulation" value ="1"/>
         <Value name="b" source ="SingleMethodTest.java" package ="org.junit.tests.manipulation" value ="1"/>
         <Value name="suite" source ="SingleMethodTest.java" package ="org.junit.tests.manipulation" value ="1"/>
         <Value name="once" source ="SingleMethodTest.java" package ="org.junit.tests.manipulation" value ="1"/>
         <Value name="one" source ="SingleMethodTest.java" package ="org.junit.tests.manipulation" value ="1"/>
         <Value name="two" source ="SingleMethodTest.java" package ="org.junit.tests.manipulation" value ="1"/>
         <Value name="ParameterizedOneTimeBeforeClass" source ="SingleMethodTest.java" package ="org.junit.tests.manipulation" value ="1"/>
         <Value name="once" source ="SingleMethodTest.java" package ="org.junit.tests.manipulation" value ="1"/>
         <Value name="one" source ="SingleMethodTest.java" package ="org.junit.tests.manipulation" value ="1"/>
         <Value name="params" source ="SingleMethodTest.java" package ="org.junit.tests.manipulation" value ="1"/>
         <Value name="ParameterizedOneTimeSetup" source ="SingleMethodTest.java" package ="org.junit.tests.manipulation" value ="1"/>
         <Value name="one" source ="SingleMethodTest.java" package ="org.junit.tests.manipulation" value ="1"/>
         <Value name="params" source ="SingleMethodTest.java" package ="org.junit.tests.manipulation" value ="1"/>
         <Value name="a" source ="SingleMethodTest.java" package ="org.junit.tests.manipulation" value ="1"/>
         <Value name="b" source ="SingleMethodTest.java" package ="org.junit.tests.manipulation" value ="1"/>
         <Value name="a" source ="SingleMethodTest.java" package ="org.junit.tests.manipulation" value ="1"/>
         <Value name="b" source ="SingleMethodTest.java" package ="org.junit.tests.manipulation" value ="1"/>
         <Value name="classesWithSuiteMethodsAreFiltered" source ="SingleMethodTest.java" package ="org.junit.tests.manipulation" value ="1"/>
         <Value name="eliminateUnnecessaryTreeBranches" source ="SingleMethodTest.java" package ="org.junit.tests.manipulation" value ="1"/>
         <Value name="filteringAffectsPlan" source ="SingleMethodTest.java" package ="org.junit.tests.manipulation" value ="1"/>
         <Value name="filteringAwayEverythingThrowsException" source ="SingleMethodTest.java" package ="org.junit.tests.manipulation" value ="1"/>
         <Value name="nonexistentMethodCreatesFailure" source ="SingleMethodTest.java" package ="org.junit.tests.manipulation" value ="1"/>
         <Value name="oneTimeSetup" source ="SingleMethodTest.java" package ="org.junit.tests.manipulation" value ="1"/>
         <Value name="parameterizedBeforeClass" source ="SingleMethodTest.java" package ="org.junit.tests.manipulation" value ="1"/>
         <Value name="parameterizedFilterToSingleMethod" source ="SingleMethodTest.java" package ="org.junit.tests.manipulation" value ="1"/>
         <Value name="resetLog" source ="SortableTest.java" package ="org.junit.tests.manipulation" value ="1"/>
         <Value name="sortingBackwardWorksOnTestClassRunner" source ="SortableTest.java" package ="org.junit.tests.manipulation" value ="1"/>
         <Value name="sortingForwardWorksOnTestClassRunner" source ="SortableTest.java" package ="org.junit.tests.manipulation" value ="1"/>
         <Value name="resetLog" source ="SortableTest.java" package ="org.junit.tests.manipulation" value ="1"/>
         <Value name="sortingBackwardWorksOnSuite" source ="SortableTest.java" package ="org.junit.tests.manipulation" value ="1"/>
         <Value name="sortingBackwardWorksOnTestClassRunner" source ="SortableTest.java" package ="org.junit.tests.manipulation" value ="1"/>
         <Value name="sortingForwardWorksOnSuite" source ="SortableTest.java" package ="org.junit.tests.manipulation" value ="1"/>
         <Value name="sortingForwardWorksOnTestClassRunner" source ="SortableTest.java" package ="org.junit.tests.manipulation" value ="1"/>
         <Value name="unsortablesAreHandledWithoutCrashing" source ="SortableTest.java" package ="org.junit.tests.manipulation" value ="1"/>
         <Value name="backward" source ="SortableTest.java" package ="org.junit.tests.manipulation" value ="1"/>
         <Value name="forward" source ="SortableTest.java" package ="org.junit.tests.manipulation" value ="1"/>
         <Value name="enclosedRunnerIsNamedForEnclosingClass" source ="EnclosedTest.java" package ="org.junit.tests.running.classes" value ="1"/>
         <Value name="enclosedRunnerPlansEnclosedClasses" source ="EnclosedTest.java" package ="org.junit.tests.running.classes" value ="1"/>
         <Value name="enclosedRunnerRunsEnclosedClasses" source ="EnclosedTest.java" package ="org.junit.tests.running.classes" value ="1"/>
         <Value name="iFail" source ="IgnoreClassTest.java" package ="org.junit.tests.running.classes" value ="1"/>
         <Value name="iFailToo" source ="IgnoreClassTest.java" package ="org.junit.tests.running.classes" value ="1"/>
         <Value name="ignoreClass" source ="IgnoreClassTest.java" package ="org.junit.tests.running.classes" value ="1"/>
         <Value name="BeforeAndAfter" source ="ParameterizedTestTest.java" package ="org.junit.tests.running.classes" value ="1"/>
         <Value name="aTest" source ="ParameterizedTestTest.java" package ="org.junit.tests.running.classes" value ="1"/>
         <Value name="after" source ="ParameterizedTestTest.java" package ="org.junit.tests.running.classes" value ="1"/>
         <Value name="before" source ="ParameterizedTestTest.java" package ="org.junit.tests.running.classes" value ="1"/>
         <Value name="data" source ="ParameterizedTestTest.java" package ="org.junit.tests.running.classes" value ="1"/>
         <Value name="after" source ="ParameterizedTestTest.java" package ="org.junit.tests.running.classes" value ="1"/>
         <Value name="before" source ="ParameterizedTestTest.java" package ="org.junit.tests.running.classes" value ="1"/>
         <Value name="FibonacciTest" source ="ParameterizedTestTest.java" package ="org.junit.tests.running.classes" value ="1"/>
         <Value name="data" source ="ParameterizedTestTest.java" package ="org.junit.tests.running.classes" value ="1"/>
         <Value name="fib" source ="ParameterizedTestTest.java" package ="org.junit.tests.running.classes" value ="1"/>
         <Value name="test" source ="ParameterizedTestTest.java" package ="org.junit.tests.running.classes" value ="1"/>
         <Value name="data" source ="ParameterizedTestTest.java" package ="org.junit.tests.running.classes" value ="1"/>
         <Value name="test" source ="ParameterizedTestTest.java" package ="org.junit.tests.running.classes" value ="1"/>
         <Value name="PrivateConstructor" source ="ParameterizedTestTest.java" package ="org.junit.tests.running.classes" value ="1"/>
         <Value name="aTest" source ="ParameterizedTestTest.java" package ="org.junit.tests.running.classes" value ="1"/>
         <Value name="data" source ="ParameterizedTestTest.java" package ="org.junit.tests.running.classes" value ="1"/>
         <Value name="aTest" source ="ParameterizedTestTest.java" package ="org.junit.tests.running.classes" value ="1"/>
         <Value name="data" source ="ParameterizedTestTest.java" package ="org.junit.tests.running.classes" value ="1"/>
         <Value name="aTest" source ="ParameterizedTestTest.java" package ="org.junit.tests.running.classes" value ="1"/>
         <Value name="data" source ="ParameterizedTestTest.java" package ="org.junit.tests.running.classes" value ="1"/>
         <Value name="beforeAndAfterClassAreRun" source ="ParameterizedTestTest.java" package ="org.junit.tests.running.classes" value ="1"/>
         <Value name="count" source ="ParameterizedTestTest.java" package ="org.junit.tests.running.classes" value ="1"/>
         <Value name="countBeforeRun" source ="ParameterizedTestTest.java" package ="org.junit.tests.running.classes" value ="1"/>
         <Value name="exceptionWhenPrivateConstructor" source ="ParameterizedTestTest.java" package ="org.junit.tests.running.classes" value ="1"/>
         <Value name="failuresAddedForBadTestMethod" source ="ParameterizedTestTest.java" package ="org.junit.tests.running.classes" value ="1"/>
         <Value name="failuresNamedCorrectly" source ="ParameterizedTestTest.java" package ="org.junit.tests.running.classes" value ="1"/>
         <Value name="meaningfulFailureWhenParameterListsAreNotArrays" source ="ParameterizedTestTest.java" package ="org.junit.tests.running.classes" value ="1"/>
         <Value name="meaningfulFailureWhenParametersNotPublic" source ="ParameterizedTestTest.java" package ="org.junit.tests.running.classes" value ="1"/>
         <Value name="plansNamedCorrectly" source ="ParameterizedTestTest.java" package ="org.junit.tests.running.classes" value ="1"/>
         <Value name="validateClassCatchesNoParameters" source ="ParameterizedTestTest.java" package ="org.junit.tests.running.classes" value ="1"/>
         <Value name="getDescription" source ="RunWithTest.java" package ="org.junit.tests.running.classes" value ="1"/>
         <Value name="run" source ="RunWithTest.java" package ="org.junit.tests.running.classes" value ="1"/>
         <Value name="ExampleRunner" source ="RunWithTest.java" package ="org.junit.tests.running.classes" value ="1"/>
         <Value name="getDescription" source ="RunWithTest.java" package ="org.junit.tests.running.classes" value ="1"/>
         <Value name="run" source ="RunWithTest.java" package ="org.junit.tests.running.classes" value ="1"/>
         <Value name="testCount" source ="RunWithTest.java" package ="org.junit.tests.running.classes" value ="1"/>
         <Value name="characterizeErrorMessageFromBadRunner" source ="RunWithTest.java" package ="org.junit.tests.running.classes" value ="1"/>
         <Value name="run" source ="RunWithTest.java" package ="org.junit.tests.running.classes" value ="1"/>
         <Value name="runWithExtendsToSubclasses" source ="RunWithTest.java" package ="org.junit.tests.running.classes" value ="1"/>
         <Value name="after" source ="SuiteTest.java" package ="org.junit.tests.running.classes" value ="1"/>
         <Value name="before" source ="SuiteTest.java" package ="org.junit.tests.running.classes" value ="1"/>
         <Value name="pass" source ="SuiteTest.java" package ="org.junit.tests.running.classes" value ="1"/>
         <Value name="fail" source ="SuiteTest.java" package ="org.junit.tests.running.classes" value ="1"/>
         <Value name="WithoutDefaultConstructor" source ="SuiteTest.java" package ="org.junit.tests.running.classes" value ="1"/>
         <Value name="beforeAndAfterClassRunOnSuite" source ="SuiteTest.java" package ="org.junit.tests.running.classes" value ="1"/>
         <Value name="ensureInheritedTestIsRun" source ="SuiteTest.java" package ="org.junit.tests.running.classes" value ="1"/>
         <Value name="ensureSuitesWorkWithForwardCompatibility" source ="SuiteTest.java" package ="org.junit.tests.running.classes" value ="1"/>
         <Value name="ensureTestIsRun" source ="SuiteTest.java" package ="org.junit.tests.running.classes" value ="1"/>
         <Value name="forwardCompatibilityWorksWithGetTests" source ="SuiteTest.java" package ="org.junit.tests.running.classes" value ="1"/>
         <Value name="forwardCompatibilityWorksWithTestCount" source ="SuiteTest.java" package ="org.junit.tests.running.classes" value ="1"/>
         <Value name="suiteShouldBeOKwithNonDefaultConstructor" source ="SuiteTest.java" package ="org.junit.tests.running.classes" value ="1"/>
         <Value name="suiteShouldComplainAboutNoSuiteClassesAnnotation" source ="SuiteTest.java" package ="org.junit.tests.running.classes" value ="1"/>
         <Value name="suiteTestCountIsCorrect" source ="SuiteTest.java" package ="org.junit.tests.running.classes" value ="1"/>
         <Value name="whatHappensWhenASuiteContainsItselfIndirectly" source ="SuiteTest.java" package ="org.junit.tests.running.classes" value ="1"/>
         <Value name="whatHappensWhenASuiteHasACycle" source ="SuiteTest.java" package ="org.junit.tests.running.classes" value ="1"/>
         <Value name="whatHappensWhenASuiteHasAForkingCycle" source ="SuiteTest.java" package ="org.junit.tests.running.classes" value ="1"/>
         <Value name="withoutSuiteClassAnnotationProducesFailure" source ="SuiteTest.java" package ="org.junit.tests.running.classes" value ="1"/>
         <Value name="a" source ="TestClassTest.java" package ="org.junit.tests.running.classes" value ="1"/>
         <Value name="b" source ="TestClassTest.java" package ="org.junit.tests.running.classes" value ="1"/>
         <Value name="c" source ="TestClassTest.java" package ="org.junit.tests.running.classes" value ="1"/>
         <Value name="d" source ="TestClassTest.java" package ="org.junit.tests.running.classes" value ="1"/>
         <Value name="e" source ="TestClassTest.java" package ="org.junit.tests.running.classes" value ="1"/>
         <Value name="f" source ="TestClassTest.java" package ="org.junit.tests.running.classes" value ="1"/>
         <Value name="g" source ="TestClassTest.java" package ="org.junit.tests.running.classes" value ="1"/>
         <Value name="h" source ="TestClassTest.java" package ="org.junit.tests.running.classes" value ="1"/>
         <Value name="i" source ="TestClassTest.java" package ="org.junit.tests.running.classes" value ="1"/>
         <Value name="j" source ="TestClassTest.java" package ="org.junit.tests.running.classes" value ="1"/>
         <Value name="TwoConstructors" source ="TestClassTest.java" package ="org.junit.tests.running.classes" value ="1"/>
         <Value name="TwoConstructors" source ="TestClassTest.java" package ="org.junit.tests.running.classes" value ="1"/>
         <Value name="complainIfMultipleConstructors" source ="TestClassTest.java" package ="org.junit.tests.running.classes" value ="1"/>
         <Value name="fieldsOnSubclassesShadowSuperclasses" source ="TestClassTest.java" package ="org.junit.tests.running.classes" value ="1"/>
         <Value name="MySuite" source ="UseSuiteAsASuperclassTest.java" package ="org.junit.tests.running.classes" value ="1"/>
         <Value name="pass" source ="UseSuiteAsASuperclassTest.java" package ="org.junit.tests.running.classes" value ="1"/>
         <Value name="dontPass" source ="UseSuiteAsASuperclassTest.java" package ="org.junit.tests.running.classes" value ="1"/>
         <Value name="ensureTestsAreRun" source ="UseSuiteAsASuperclassTest.java" package ="org.junit.tests.running.classes" value ="1"/>
         <Value name="increment" source ="CommandLineTest.java" package ="org.junit.tests.running.core" value ="1"/>
         <Value name="test" source ="CommandLineTest.java" package ="org.junit.tests.running.core" value ="1"/>
         <Value name="after" source ="CommandLineTest.java" package ="org.junit.tests.running.core" value ="1"/>
         <Value name="before" source ="CommandLineTest.java" package ="org.junit.tests.running.core" value ="1"/>
         <Value name="runAClass" source ="CommandLineTest.java" package ="org.junit.tests.running.core" value ="1"/>
         <Value name="runATest" source ="CommandLineTest.java" package ="org.junit.tests.running.core" value ="1"/>
         <Value name="runTwoClasses" source ="CommandLineTest.java" package ="org.junit.tests.running.core" value ="1"/>
         <Value name="runTwoClassesAsArray" source ="CommandLineTest.java" package ="org.junit.tests.running.core" value ="1"/>
         <Value name="kaboom" source ="JUnitCoreReturnsCorrectExitCodeTest.java" package ="org.junit.tests.running.core" value ="1"/>
         <Value name="peacefulSilence" source ="JUnitCoreReturnsCorrectExitCodeTest.java" package ="org.junit.tests.running.core" value ="1"/>
         <Value name="failureCausesExitCodeOf1" source ="JUnitCoreReturnsCorrectExitCodeTest.java" package ="org.junit.tests.running.core" value ="1"/>
         <Value name="missingClassCausesExitCodeOf1" source ="JUnitCoreReturnsCorrectExitCodeTest.java" package ="org.junit.tests.running.core" value ="1"/>
         <Value name="runClass" source ="JUnitCoreReturnsCorrectExitCodeTest.java" package ="org.junit.tests.running.core" value ="1"/>
         <Value name="successCausesExitCodeOf0" source ="JUnitCoreReturnsCorrectExitCodeTest.java" package ="org.junit.tests.running.core" value ="1"/>
         <Value name="main" source ="SystemExitTest.java" package ="org.junit.tests.running.core" value ="1"/>
         <Value name="after" source ="AnnotationTest.java" package ="org.junit.tests.running.methods" value ="1"/>
         <Value name="test" source ="AnnotationTest.java" package ="org.junit.tests.running.methods" value ="1"/>
         <Value name="before" source ="AnnotationTest.java" package ="org.junit.tests.running.methods" value ="1"/>
         <Value name="test" source ="AnnotationTest.java" package ="org.junit.tests.running.methods" value ="1"/>
         <Value name="expectedException" source ="AnnotationTest.java" package ="org.junit.tests.running.methods" value ="1"/>
         <Value name="error" source ="AnnotationTest.java" package ="org.junit.tests.running.methods" value ="1"/>
         <Value name="expectedException" source ="AnnotationTest.java" package ="org.junit.tests.running.methods" value ="1"/>
         <Value name="aTest" source ="AnnotationTest.java" package ="org.junit.tests.running.methods" value ="1"/>
         <Value name="once" source ="AnnotationTest.java" package ="org.junit.tests.running.methods" value ="1"/>
         <Value name="testOne" source ="AnnotationTest.java" package ="org.junit.tests.running.methods" value ="1"/>
         <Value name="test" source ="AnnotationTest.java" package ="org.junit.tests.running.methods" value ="1"/>
         <Value name="once" source ="AnnotationTest.java" package ="org.junit.tests.running.methods" value ="1"/>
         <Value name="one" source ="AnnotationTest.java" package ="org.junit.tests.running.methods" value ="1"/>
         <Value name="two" source ="AnnotationTest.java" package ="org.junit.tests.running.methods" value ="1"/>
         <Value name="once" source ="AnnotationTest.java" package ="org.junit.tests.running.methods" value ="1"/>
         <Value name="one" source ="AnnotationTest.java" package ="org.junit.tests.running.methods" value ="1"/>
         <Value name="two" source ="AnnotationTest.java" package ="org.junit.tests.running.methods" value ="1"/>
         <Value name="after" source ="AnnotationTest.java" package ="org.junit.tests.running.methods" value ="1"/>
         <Value name="before" source ="AnnotationTest.java" package ="org.junit.tests.running.methods" value ="1"/>
         <Value name="onceAfter" source ="AnnotationTest.java" package ="org.junit.tests.running.methods" value ="1"/>
         <Value name="onceBefore" source ="AnnotationTest.java" package ="org.junit.tests.running.methods" value ="1"/>
         <Value name="test" source ="AnnotationTest.java" package ="org.junit.tests.running.methods" value ="1"/>
         <Value name="empty" source ="AnnotationTest.java" package ="org.junit.tests.running.methods" value ="1"/>
         <Value name="one" source ="AnnotationTest.java" package ="org.junit.tests.running.methods" value ="1"/>
         <Value name="two" source ="AnnotationTest.java" package ="org.junit.tests.running.methods" value ="1"/>
         <Value name="bad" source ="AnnotationTest.java" package ="org.junit.tests.running.methods" value ="1"/>
         <Value name="empty" source ="AnnotationTest.java" package ="org.junit.tests.running.methods" value ="1"/>
         <Value name="good" source ="AnnotationTest.java" package ="org.junit.tests.running.methods" value ="1"/>
         <Value name="one" source ="AnnotationTest.java" package ="org.junit.tests.running.methods" value ="1"/>
         <Value name="two" source ="AnnotationTest.java" package ="org.junit.tests.running.methods" value ="1"/>
         <Value name="empty" source ="AnnotationTest.java" package ="org.junit.tests.running.methods" value ="1"/>
         <Value name="one" source ="AnnotationTest.java" package ="org.junit.tests.running.methods" value ="1"/>
         <Value name="two" source ="AnnotationTest.java" package ="org.junit.tests.running.methods" value ="1"/>
         <Value name="bad" source ="AnnotationTest.java" package ="org.junit.tests.running.methods" value ="1"/>
         <Value name="empty" source ="AnnotationTest.java" package ="org.junit.tests.running.methods" value ="1"/>
         <Value name="good" source ="AnnotationTest.java" package ="org.junit.tests.running.methods" value ="1"/>
         <Value name="one" source ="AnnotationTest.java" package ="org.junit.tests.running.methods" value ="1"/>
         <Value name="two" source ="AnnotationTest.java" package ="org.junit.tests.running.methods" value ="1"/>
         <Value name="before" source ="AnnotationTest.java" package ="org.junit.tests.running.methods" value ="1"/>
         <Value name="test" source ="AnnotationTest.java" package ="org.junit.tests.running.methods" value ="1"/>
         <Value name="before" source ="AnnotationTest.java" package ="org.junit.tests.running.methods" value ="1"/>
         <Value name="success" source ="AnnotationTest.java" package ="org.junit.tests.running.methods" value ="1"/>
         <Value name="success" source ="AnnotationTest.java" package ="org.junit.tests.running.methods" value ="1"/>
         <Value name="success" source ="AnnotationTest.java" package ="org.junit.tests.running.methods" value ="1"/>
         <Value name="afterClassSub" source ="AnnotationTest.java" package ="org.junit.tests.running.methods" value ="1"/>
         <Value name="afterSub" source ="AnnotationTest.java" package ="org.junit.tests.running.methods" value ="1"/>
         <Value name="beforeClassSub" source ="AnnotationTest.java" package ="org.junit.tests.running.methods" value ="1"/>
         <Value name="beforeSub" source ="AnnotationTest.java" package ="org.junit.tests.running.methods" value ="1"/>
         <Value name="test" source ="AnnotationTest.java" package ="org.junit.tests.running.methods" value ="1"/>
         <Value name="after" source ="AnnotationTest.java" package ="org.junit.tests.running.methods" value ="1"/>
         <Value name="before" source ="AnnotationTest.java" package ="org.junit.tests.running.methods" value ="1"/>
         <Value name="test" source ="AnnotationTest.java" package ="org.junit.tests.running.methods" value ="1"/>
         <Value name="one" source ="AnnotationTest.java" package ="org.junit.tests.running.methods" value ="1"/>
         <Value name="afterClassSuper" source ="AnnotationTest.java" package ="org.junit.tests.running.methods" value ="1"/>
         <Value name="afterSuper" source ="AnnotationTest.java" package ="org.junit.tests.running.methods" value ="1"/>
         <Value name="beforeClassSuper" source ="AnnotationTest.java" package ="org.junit.tests.running.methods" value ="1"/>
         <Value name="beforeSuper" source ="AnnotationTest.java" package ="org.junit.tests.running.methods" value ="1"/>
         <Value name="after" source ="AnnotationTest.java" package ="org.junit.tests.running.methods" value ="1"/>
         <Value name="before" source ="AnnotationTest.java" package ="org.junit.tests.running.methods" value ="1"/>
         <Value name="one" source ="AnnotationTest.java" package ="org.junit.tests.running.methods" value ="1"/>
         <Value name="two" source ="AnnotationTest.java" package ="org.junit.tests.running.methods" value ="1"/>
         <Value name="after" source ="AnnotationTest.java" package ="org.junit.tests.running.methods" value ="1"/>
         <Value name="test" source ="AnnotationTest.java" package ="org.junit.tests.running.methods" value ="1"/>
         <Value name="after" source ="AnnotationTest.java" package ="org.junit.tests.running.methods" value ="1"/>
         <Value name="test" source ="AnnotationTest.java" package ="org.junit.tests.running.methods" value ="1"/>
         <Value name="after" source ="AnnotationTest.java" package ="org.junit.tests.running.methods" value ="1"/>
         <Value name="success" source ="AnnotationTest.java" package ="org.junit.tests.running.methods" value ="1"/>
         <Value name="after" source ="AnnotationTest.java" package ="org.junit.tests.running.methods" value ="1"/>
         <Value name="test" source ="AnnotationTest.java" package ="org.junit.tests.running.methods" value ="1"/>
         <Value name="one" source ="AnnotationTest.java" package ="org.junit.tests.running.methods" value ="1"/>
         <Value name="two" source ="AnnotationTest.java" package ="org.junit.tests.running.methods" value ="1"/>
         <Value name="setUp" source ="AnnotationTest.java" package ="org.junit.tests.running.methods" value ="1"/>
         <Value name="testAnnotatedMethod" source ="AnnotationTest.java" package ="org.junit.tests.running.methods" value ="1"/>
         <Value name="testAnnotatedMethodWithFutureProofExplicitRunner" source ="AnnotationTest.java" package ="org.junit.tests.running.methods" value ="1"/>
         <Value name="testErrorInAfterClass" source ="AnnotationTest.java" package ="org.junit.tests.running.methods" value ="1"/>
         <Value name="testErrorInBeforeClass" source ="AnnotationTest.java" package ="org.junit.tests.running.methods" value ="1"/>
         <Value name="testException" source ="AnnotationTest.java" package ="org.junit.tests.running.methods" value ="1"/>
         <Value name="testExceptionNotThrown" source ="AnnotationTest.java" package ="org.junit.tests.running.methods" value ="1"/>
         <Value name="testNonStaticOneTimeSetup" source ="AnnotationTest.java" package ="org.junit.tests.running.methods" value ="1"/>
         <Value name="testOldSuiteTest" source ="AnnotationTest.java" package ="org.junit.tests.running.methods" value ="1"/>
         <Value name="testOldTest" source ="AnnotationTest.java" package ="org.junit.tests.running.methods" value ="1"/>
         <Value name="testOneTimeSetup" source ="AnnotationTest.java" package ="org.junit.tests.running.methods" value ="1"/>
         <Value name="testOneTimeTeardown" source ="AnnotationTest.java" package ="org.junit.tests.running.methods" value ="1"/>
         <Value name="testOrder" source ="AnnotationTest.java" package ="org.junit.tests.running.methods" value ="1"/>
         <Value name="testOrderingOfInheritance" source ="AnnotationTest.java" package ="org.junit.tests.running.methods" value ="1"/>
         <Value name="testRunAllAfterClasses" source ="AnnotationTest.java" package ="org.junit.tests.running.methods" value ="1"/>
         <Value name="testRunAllAfterClassesRegardless" source ="AnnotationTest.java" package ="org.junit.tests.running.methods" value ="1"/>
         <Value name="testRunAllAfters" source ="AnnotationTest.java" package ="org.junit.tests.running.methods" value ="1"/>
         <Value name="testRunAllAftersRegardless" source ="AnnotationTest.java" package ="org.junit.tests.running.methods" value ="1"/>
         <Value name="testRunFailure" source ="AnnotationTest.java" package ="org.junit.tests.running.methods" value ="1"/>
         <Value name="testSetup" source ="AnnotationTest.java" package ="org.junit.tests.running.methods" value ="1"/>
         <Value name="testSetupFailure" source ="AnnotationTest.java" package ="org.junit.tests.running.methods" value ="1"/>
         <Value name="testShadowing" source ="AnnotationTest.java" package ="org.junit.tests.running.methods" value ="1"/>
         <Value name="testTeardown" source ="AnnotationTest.java" package ="org.junit.tests.running.methods" value ="1"/>
         <Value name="testTeardownAfterFailure" source ="AnnotationTest.java" package ="org.junit.tests.running.methods" value ="1"/>
         <Value name="testTeardownFailure" source ="AnnotationTest.java" package ="org.junit.tests.running.methods" value ="1"/>
         <Value name="testTestAndTeardownFailure" source ="AnnotationTest.java" package ="org.junit.tests.running.methods" value ="1"/>
         <Value name="testTestInheritance" source ="AnnotationTest.java" package ="org.junit.tests.running.methods" value ="1"/>
         <Value name="testTwoTests" source ="AnnotationTest.java" package ="org.junit.tests.running.methods" value ="1"/>
         <Value name="throwsSubclass" source ="ExpectedTest.java" package ="org.junit.tests.running.methods" value ="1"/>
         <Value name="expected" source ="ExpectedTest.java" package ="org.junit.tests.running.methods" value ="1"/>
         <Value name="nothing" source ="ExpectedTest.java" package ="org.junit.tests.running.methods" value ="1"/>
         <Value name="expected" source ="ExpectedTest.java" package ="org.junit.tests.running.methods" value ="1"/>
         <Value name="expected" source ="ExpectedTest.java" package ="org.junit.tests.running.methods" value ="1"/>
         <Value name="expectsSuperclass" source ="ExpectedTest.java" package ="org.junit.tests.running.methods" value ="1"/>
         <Value name="noneThrown" source ="ExpectedTest.java" package ="org.junit.tests.running.methods" value ="1"/>
         <Value name="unexpected" source ="ExpectedTest.java" package ="org.junit.tests.running.methods" value ="1"/>
         <Value name="gack" source ="InheritedTestTest.java" package ="org.junit.tests.running.methods" value ="1"/>
         <Value name="nothing" source ="InheritedTestTest.java" package ="org.junit.tests.running.methods" value ="1"/>
         <Value name="subclassWithInheritedTestAndOwnBeforeRunsBefore" source ="InheritedTestTest.java" package ="org.junit.tests.running.methods" value ="1"/>
         <Value name="subclassWithOnlyInheritedTestsRuns" source ="InheritedTestTest.java" package ="org.junit.tests.running.methods" value ="1"/>
         <Value name="EverythingWrong" source ="ParameterizedTestMethodTest.java" package ="org.junit.tests.running.methods" value ="1"/>
         <Value name="argumentsAC" source ="ParameterizedTestMethodTest.java" package ="org.junit.tests.running.methods" value ="1"/>
         <Value name="argumentsA" source ="ParameterizedTestMethodTest.java" package ="org.junit.tests.running.methods" value ="1"/>
         <Value name="argumentsBC" source ="ParameterizedTestMethodTest.java" package ="org.junit.tests.running.methods" value ="1"/>
         <Value name="argumentsB" source ="ParameterizedTestMethodTest.java" package ="org.junit.tests.running.methods" value ="1"/>
         <Value name="argumentsT" source ="ParameterizedTestMethodTest.java" package ="org.junit.tests.running.methods" value ="1"/>
         <Value name="fineA" source ="ParameterizedTestMethodTest.java" package ="org.junit.tests.running.methods" value ="1"/>
         <Value name="fineAC" source ="ParameterizedTestMethodTest.java" package ="org.junit.tests.running.methods" value ="1"/>
         <Value name="fineB" source ="ParameterizedTestMethodTest.java" package ="org.junit.tests.running.methods" value ="1"/>
         <Value name="fineBC" source ="ParameterizedTestMethodTest.java" package ="org.junit.tests.running.methods" value ="1"/>
         <Value name="fineT" source ="ParameterizedTestMethodTest.java" package ="org.junit.tests.running.methods" value ="1"/>
         <Value name="nonVoidA" source ="ParameterizedTestMethodTest.java" package ="org.junit.tests.running.methods" value ="1"/>
         <Value name="nonVoidAC" source ="ParameterizedTestMethodTest.java" package ="org.junit.tests.running.methods" value ="1"/>
         <Value name="nonVoidB" source ="ParameterizedTestMethodTest.java" package ="org.junit.tests.running.methods" value ="1"/>
         <Value name="nonVoidBC" source ="ParameterizedTestMethodTest.java" package ="org.junit.tests.running.methods" value ="1"/>
         <Value name="nonVoidT" source ="ParameterizedTestMethodTest.java" package ="org.junit.tests.running.methods" value ="1"/>
         <Value name="notPublicA" source ="ParameterizedTestMethodTest.java" package ="org.junit.tests.running.methods" value ="1"/>
         <Value name="notPublicAC" source ="ParameterizedTestMethodTest.java" package ="org.junit.tests.running.methods" value ="1"/>
         <Value name="notPublicB" source ="ParameterizedTestMethodTest.java" package ="org.junit.tests.running.methods" value ="1"/>
         <Value name="notPublicBC" source ="ParameterizedTestMethodTest.java" package ="org.junit.tests.running.methods" value ="1"/>
         <Value name="notPublicT" source ="ParameterizedTestMethodTest.java" package ="org.junit.tests.running.methods" value ="1"/>
         <Value name="notStaticAC" source ="ParameterizedTestMethodTest.java" package ="org.junit.tests.running.methods" value ="1"/>
         <Value name="notStaticBC" source ="ParameterizedTestMethodTest.java" package ="org.junit.tests.running.methods" value ="1"/>
         <Value name="staticA" source ="ParameterizedTestMethodTest.java" package ="org.junit.tests.running.methods" value ="1"/>
         <Value name="staticB" source ="ParameterizedTestMethodTest.java" package ="org.junit.tests.running.methods" value ="1"/>
         <Value name="staticT" source ="ParameterizedTestMethodTest.java" package ="org.junit.tests.running.methods" value ="1"/>
         <Value name="notPublic" source ="ParameterizedTestMethodTest.java" package ="org.junit.tests.running.methods" value ="1"/>
         <Value name="justFine" source ="ParameterizedTestMethodTest.java" package ="org.junit.tests.running.methods" value ="1"/>
         <Value name="notPublic" source ="ParameterizedTestMethodTest.java" package ="org.junit.tests.running.methods" value ="1"/>
         <Value name="ParameterizedTestMethodTest" source ="ParameterizedTestMethodTest.java" package ="org.junit.tests.running.methods" value ="1"/>
         <Value name="params" source ="ParameterizedTestMethodTest.java" package ="org.junit.tests.running.methods" value ="1"/>
         <Value name="suite" source ="ParameterizedTestMethodTest.java" package ="org.junit.tests.running.methods" value ="1"/>
         <Value name="testFailures" source ="ParameterizedTestMethodTest.java" package ="org.junit.tests.running.methods" value ="1"/>
         <Value name="a" source ="TestMethodTest.java" package ="org.junit.tests.running.methods" value ="1"/>
         <Value name="a" source ="TestMethodTest.java" package ="org.junit.tests.running.methods" value ="1"/>
         <Value name="ConstructorParameter" source ="TestMethodTest.java" package ="org.junit.tests.running.methods" value ="1"/>
         <Value name="a" source ="TestMethodTest.java" package ="org.junit.tests.running.methods" value ="1"/>
         <Value name="EverythingWrong" source ="TestMethodTest.java" package ="org.junit.tests.running.methods" value ="1"/>
         <Value name="argumentsAC" source ="TestMethodTest.java" package ="org.junit.tests.running.methods" value ="1"/>
         <Value name="argumentsA" source ="TestMethodTest.java" package ="org.junit.tests.running.methods" value ="1"/>
         <Value name="argumentsBC" source ="TestMethodTest.java" package ="org.junit.tests.running.methods" value ="1"/>
         <Value name="argumentsB" source ="TestMethodTest.java" package ="org.junit.tests.running.methods" value ="1"/>
         <Value name="argumentsT" source ="TestMethodTest.java" package ="org.junit.tests.running.methods" value ="1"/>
         <Value name="fineA" source ="TestMethodTest.java" package ="org.junit.tests.running.methods" value ="1"/>
         <Value name="fineAC" source ="TestMethodTest.java" package ="org.junit.tests.running.methods" value ="1"/>
         <Value name="fineB" source ="TestMethodTest.java" package ="org.junit.tests.running.methods" value ="1"/>
         <Value name="fineBC" source ="TestMethodTest.java" package ="org.junit.tests.running.methods" value ="1"/>
         <Value name="fineT" source ="TestMethodTest.java" package ="org.junit.tests.running.methods" value ="1"/>
         <Value name="nonVoidA" source ="TestMethodTest.java" package ="org.junit.tests.running.methods" value ="1"/>
         <Value name="nonVoidAC" source ="TestMethodTest.java" package ="org.junit.tests.running.methods" value ="1"/>
         <Value name="nonVoidB" source ="TestMethodTest.java" package ="org.junit.tests.running.methods" value ="1"/>
         <Value name="nonVoidBC" source ="TestMethodTest.java" package ="org.junit.tests.running.methods" value ="1"/>
         <Value name="nonVoidT" source ="TestMethodTest.java" package ="org.junit.tests.running.methods" value ="1"/>
         <Value name="notPublicA" source ="TestMethodTest.java" package ="org.junit.tests.running.methods" value ="1"/>
         <Value name="notPublicAC" source ="TestMethodTest.java" package ="org.junit.tests.running.methods" value ="1"/>
         <Value name="notPublicB" source ="TestMethodTest.java" package ="org.junit.tests.running.methods" value ="1"/>
         <Value name="notPublicBC" source ="TestMethodTest.java" package ="org.junit.tests.running.methods" value ="1"/>
         <Value name="notPublicT" source ="TestMethodTest.java" package ="org.junit.tests.running.methods" value ="1"/>
         <Value name="notStaticAC" source ="TestMethodTest.java" package ="org.junit.tests.running.methods" value ="1"/>
         <Value name="notStaticBC" source ="TestMethodTest.java" package ="org.junit.tests.running.methods" value ="1"/>
         <Value name="staticA" source ="TestMethodTest.java" package ="org.junit.tests.running.methods" value ="1"/>
         <Value name="staticB" source ="TestMethodTest.java" package ="org.junit.tests.running.methods" value ="1"/>
         <Value name="staticT" source ="TestMethodTest.java" package ="org.junit.tests.running.methods" value ="1"/>
         <Value name="ignored" source ="TestMethodTest.java" package ="org.junit.tests.running.methods" value ="1"/>
         <Value name="valid" source ="TestMethodTest.java" package ="org.junit.tests.running.methods" value ="1"/>
         <Value name="withReason" source ="TestMethodTest.java" package ="org.junit.tests.running.methods" value ="1"/>
         <Value name="ignored" source ="TestMethodTest.java" package ="org.junit.tests.running.methods" value ="1"/>
         <Value name="notPublic" source ="TestMethodTest.java" package ="org.junit.tests.running.methods" value ="1"/>
         <Value name="justFine" source ="TestMethodTest.java" package ="org.junit.tests.running.methods" value ="1"/>
         <Value name="notPublic" source ="TestMethodTest.java" package ="org.junit.tests.running.methods" value ="1"/>
         <Value name="compatibility" source ="TestMethodTest.java" package ="org.junit.tests.running.methods" value ="1"/>
         <Value name="constructorParameter" source ="TestMethodTest.java" package ="org.junit.tests.running.methods" value ="1"/>
         <Value name="dontValidateShadowedMethods" source ="TestMethodTest.java" package ="org.junit.tests.running.methods" value ="1"/>
         <Value name="ignoreRunner" source ="TestMethodTest.java" package ="org.junit.tests.running.methods" value ="1"/>
         <Value name="onlyIgnoredMethodsIsStillFineTestClass" source ="TestMethodTest.java" package ="org.junit.tests.running.methods" value ="1"/>
         <Value name="overloaded" source ="TestMethodTest.java" package ="org.junit.tests.running.methods" value ="1"/>
         <Value name="testFailures" source ="TestMethodTest.java" package ="org.junit.tests.running.methods" value ="1"/>
         <Value name="validateInheritedMethods" source ="TestMethodTest.java" package ="org.junit.tests.running.methods" value ="1"/>
         <Value name="failure" source ="TimeoutTest.java" package ="org.junit.tests.running.methods" value ="1"/>
         <Value name="failure" source ="TimeoutTest.java" package ="org.junit.tests.running.methods" value ="1"/>
         <Value name="failure" source ="TimeoutTest.java" package ="org.junit.tests.running.methods" value ="1"/>
         <Value name="failure" source ="TimeoutTest.java" package ="org.junit.tests.running.methods" value ="1"/>
         <Value name="success" source ="TimeoutTest.java" package ="org.junit.tests.running.methods" value ="1"/>
         <Value name="success" source ="TimeoutTest.java" package ="org.junit.tests.running.methods" value ="1"/>
         <Value name="after" source ="TimeoutTest.java" package ="org.junit.tests.running.methods" value ="1"/>
         <Value name="compatibility" source ="TimeoutTest.java" package ="org.junit.tests.running.methods" value ="1"/>
         <Value name="failureWithTimeout" source ="TimeoutTest.java" package ="org.junit.tests.running.methods" value ="1"/>
         <Value name="failureWithTimeoutRunTimeException" source ="TimeoutTest.java" package ="org.junit.tests.running.methods" value ="1"/>
         <Value name="infiniteLoop" source ="TimeoutTest.java" package ="org.junit.tests.running.methods" value ="1"/>
         <Value name="infiniteLoopRunsForApproximatelyLengthOfTimeout" source ="TimeoutTest.java" package ="org.junit.tests.running.methods" value ="1"/>
         <Value name="makeSureAfterIsCalledAfterATimeout" source ="TimeoutTest.java" package ="org.junit.tests.running.methods" value ="1"/>
         <Value name="runAndTime" source ="TimeoutTest.java" package ="org.junit.tests.running.methods" value ="1"/>
         <Value name="stalledThreadAppearsInStackTrace" source ="TimeoutTest.java" package ="org.junit.tests.running.methods" value ="1"/>
         <Value name="successWithTimeout" source ="TimeoutTest.java" package ="org.junit.tests.running.methods" value ="1"/>
         <Value name="timeoutFailure" source ="TimeoutTest.java" package ="org.junit.tests.running.methods" value ="1"/>
         <Value name="a" source ="Super.java" package ="org.junit.tests.validation.anotherpackage" value ="1"/>
         <Value name="before" source ="BadlyFormedClassesTest.java" package ="org.junit.tests.validation" value ="1"/>
         <Value name="someTest" source ="BadlyFormedClassesTest.java" package ="org.junit.tests.validation" value ="1"/>
         <Value name="FaultyConstructor" source ="BadlyFormedClassesTest.java" package ="org.junit.tests.validation" value ="1"/>
         <Value name="someTest" source ="BadlyFormedClassesTest.java" package ="org.junit.tests.validation" value ="1"/>
         <Value name="badBeforeMethodWithLegacyRunner" source ="BadlyFormedClassesTest.java" package ="org.junit.tests.validation" value ="1"/>
         <Value name="constructorException" source ="BadlyFormedClassesTest.java" package ="org.junit.tests.validation" value ="1"/>
         <Value name="exceptionMessageFrom" source ="BadlyFormedClassesTest.java" package ="org.junit.tests.validation" value ="1"/>
         <Value name="noRunnableMethods" source ="BadlyFormedClassesTest.java" package ="org.junit.tests.validation" value ="1"/>
         <Value name="CantConstruct" source ="FailedConstructionTest.java" package ="org.junit.tests.validation" value ="1"/>
         <Value name="foo" source ="FailedConstructionTest.java" package ="org.junit.tests.validation" value ="1"/>
         <Value name="failedConstructionIsTestFailure" source ="FailedConstructionTest.java" package ="org.junit.tests.validation" value ="1"/>
         <Value name="inaccessibleBaseClassIsCaughtAtValidation" source ="InaccessibleBaseClassTest.java" package ="org.junit.tests.validation" value ="1"/>
         <Value name="before" source ="ValidationTest.java" package ="org.junit.tests.validation" value ="1"/>
         <Value name="hereBecauseEveryTestClassNeedsATest" source ="ValidationTest.java" package ="org.junit.tests.validation" value ="1"/>
         <Value name="a" source ="ValidationTest.java" package ="org.junit.tests.validation" value ="1"/>
         <Value name="initializationErrorIsOnCorrectClass" source ="ValidationTest.java" package ="org.junit.tests.validation" value ="1"/>
         <Value name="nonStaticBeforeClass" source ="ValidationTest.java" package ="org.junit.tests.validation" value ="1"/>
         <Value name="suite" source ="AllTests.java" package ="org.junit.tests" value ="1"/>
         <Value name="equalsMeansEqualHashCodes" source ="ObjectContractTest.java" package ="org.junit.tests" value ="1"/>
         <Value name="equalsThrowsNoException" source ="ObjectContractTest.java" package ="org.junit.tests" value ="1"/>
         <Value name="apple" source ="ParentRunnerTest.java" package ="org.junit.tests" value ="1"/>
         <Value name="banana" source ="ParentRunnerTest.java" package ="org.junit.tests" value ="1"/>
         <Value name="useChildHarvester" source ="ParentRunnerTest.java" package ="org.junit.tests" value ="1"/>
         <Value name="TestSystem" source ="TestSystem.java" package ="org.junit.tests" value ="1"/>
         <Value name="exit" source ="TestSystem.java" package ="org.junit.tests" value ="1"/>
         <Value name="out" source ="TestSystem.java" package ="org.junit.tests" value ="1"/>
         <Value name="outContents" source ="TestSystem.java" package ="org.junit.tests" value ="1"/>
      </Values>
   </Metric>
   <Metric id = "TLOC" description ="Total Lines of Code">
      <Value value="15101"/>
   </Metric>
   <Metric id = "RMI" description ="Instability">
      <Values per = "packageFragment" avg = "0.52" stddev = "0.301" max = "1">
         <Value name="junit.samples" package ="junit.samples" value ="1"/>
         <Value name="org.junit.samples" package ="org.junit.samples" value ="1"/>
         <Value name="org.junit.samples.money" package ="org.junit.samples.money" value ="1"/>
         <Value name="junit.tests.framework" package ="junit.tests.framework" value ="0.947"/>
         <Value name="org.junit.tests.experimental.rules" package ="org.junit.tests.experimental.rules" value ="0.9"/>
         <Value name="org.junit.tests.junit3compatibility" package ="org.junit.tests.junit3compatibility" value ="0.9"/>
         <Value name="org.junit.tests.running.classes" package ="org.junit.tests.running.classes" value ="0.875"/>
         <Value name="junit.tests.runner" package ="junit.tests.runner" value ="0.857"/>
         <Value name="org.junit.tests.running.methods" package ="org.junit.tests.running.methods" value ="0.857"/>
         <Value name="org.junit.tests.experimental.theories.extendingwithstubs" package ="org.junit.tests.experimental.theories.extendingwithstubs" value ="0.833"/>
         <Value name="org.junit.tests.listening" package ="org.junit.tests.listening" value ="0.833"/>
         <Value name="junit.tests.extensions" package ="junit.tests.extensions" value ="0.8"/>
         <Value name="org.junit.tests.experimental" package ="org.junit.tests.experimental" value ="0.8"/>
         <Value name="org.junit.tests.validation" package ="org.junit.tests.validation" value ="0.8"/>
         <Value name="org.junit.tests.experimental.theories.runner" package ="org.junit.tests.experimental.theories.runner" value ="0.778"/>
         <Value name="org.junit.tests.assertion" package ="org.junit.tests.assertion" value ="0.75"/>
         <Value name="org.junit.tests.description" package ="org.junit.tests.description" value ="0.75"/>
         <Value name="org.junit.tests.experimental.max" package ="org.junit.tests.experimental.max" value ="0.75"/>
         <Value name="org.junit.tests.manipulation" package ="org.junit.tests.manipulation" value ="0.75"/>
         <Value name="org.junit.tests.running.core" package ="org.junit.tests.running.core" value ="0.75"/>
         <Value name="org.junit.internal.requests" package ="org.junit.internal.requests" value ="0.667"/>
         <Value name="org.junit.internal.runners.statements" package ="org.junit.internal.runners.statements" value ="0.667"/>
         <Value name="org.junit.tests.experimental.categories" package ="org.junit.tests.experimental.categories" value ="0.667"/>
         <Value name="org.junit.tests.experimental.parallel" package ="org.junit.tests.experimental.parallel" value ="0.667"/>
         <Value name="org.junit.tests.experimental.results" package ="org.junit.tests.experimental.results" value ="0.667"/>
         <Value name="org.junit.internal.builders" package ="org.junit.internal.builders" value ="0.615"/>
         <Value name="org.junit.tests.experimental.theories" package ="org.junit.tests.experimental.theories" value ="0.6"/>
         <Value name="org.junit.tests" package ="org.junit.tests" value ="0.571"/>
         <Value name="org.junit.experimental.max" package ="org.junit.experimental.max" value ="0.5"/>
         <Value name="org.junit.experimental.theories.suppliers" package ="org.junit.experimental.theories.suppliers" value ="0.5"/>
         <Value name="org.junit.tests.deprecated" package ="org.junit.tests.deprecated" value ="0.5"/>
         <Value name="org.junit.tests.validation.anotherpackage" package ="org.junit.tests.validation.anotherpackage" value ="0.5"/>
         <Value name="junit.extensions" package ="junit.extensions" value ="0.444"/>
         <Value name="org.junit.rules" package ="org.junit.rules" value ="0.44"/>
         <Value name="org.junit.internal.runners" package ="org.junit.internal.runners" value ="0.435"/>
         <Value name="org.junit.experimental" package ="org.junit.experimental" value ="0.333"/>
         <Value name="org.junit.experimental.categories" package ="org.junit.experimental.categories" value ="0.333"/>
         <Value name="org.junit.experimental.runners" package ="org.junit.experimental.runners" value ="0.333"/>
         <Value name="org.junit.experimental.theories.internal" package ="org.junit.experimental.theories.internal" value ="0.286"/>
         <Value name="org.junit.internal.matchers" package ="org.junit.internal.matchers" value ="0.286"/>
         <Value name="junit.tests" package ="junit.tests" value ="0.286"/>
         <Value name="junit.samples.money" package ="junit.samples.money" value ="0.25"/>
         <Value name="org.junit.internal" package ="org.junit.internal" value ="0.207"/>
         <Value name="org.junit.runner.manipulation" package ="org.junit.runner.manipulation" value ="0.2"/>
         <Value name="junit.runner" package ="junit.runner" value ="0.167"/>
         <Value name="org.junit.internal.runners.model" package ="org.junit.internal.runners.model" value ="0.167"/>
         <Value name="org.junit.runners" package ="org.junit.runners" value ="0.15"/>
         <Value name="junit.textui" package ="junit.textui" value ="0.133"/>
         <Value name="org.junit.experimental.results" package ="org.junit.experimental.results" value ="0.13"/>
         <Value name="org.junit.matchers" package ="org.junit.matchers" value ="0.111"/>
         <Value name="org.junit.runner.notification" package ="org.junit.runner.notification" value ="0.093"/>
         <Value name="org.junit" package ="org.junit" value ="0.088"/>
         <Value name="org.junit.runners.model" package ="org.junit.runners.model" value ="0.07"/>
         <Value name="junit.framework" package ="junit.framework" value ="0.053"/>
         <Value name="org.junit.runner" package ="org.junit.runner" value ="0.05"/>
         <Value name="org.junit.experimental.theories" package ="org.junit.experimental.theories" value ="0.04"/>
      </Values>
   </Metric>
   <Metric id = "PAR" description ="Number of Parameters" max ="5" hint ="Move invoked method or pass an object">
      <Values per = "method" avg = "0.557" stddev = "0.82" max = "4">
         <Value name="assertEquals" source ="Assert.java" package ="junit.framework" value ="4"/>
         <Value name="assertEquals" source ="Assert.java" package ="junit.framework" value ="4"/>
         <Value name="ClassRoadie" source ="ClassRoadie.java" package ="org.junit.internal.runners" value ="4"/>
         <Value name="MethodRoadie" source ="MethodRoadie.java" package ="org.junit.internal.runners" value ="4"/>
         <Value name="assertArrayEquals" source ="Assert.java" package ="org.junit" value ="4"/>
         <Value name="assertArrayEquals" source ="Assert.java" package ="org.junit" value ="4"/>
         <Value name="assertEquals" source ="Assert.java" package ="org.junit" value ="4"/>
         <Value name="threeAndsWork" source ="BothTest.java" package ="org.junit.tests.assertion" value ="4"/>
         <Value name="threeOrsWork" source ="BothTest.java" package ="org.junit.tests.assertion" value ="4"/>
         <Value name="assertEquals" source ="Assert.java" package ="junit.framework" value ="3"/>
         <Value name="assertEquals" source ="Assert.java" package ="junit.framework" value ="3"/>
         <Value name="assertEquals" source ="Assert.java" package ="junit.framework" value ="3"/>
         <Value name="assertEquals" source ="Assert.java" package ="junit.framework" value ="3"/>
         <Value name="assertEquals" source ="Assert.java" package ="junit.framework" value ="3"/>
         <Value name="assertEquals" source ="Assert.java" package ="junit.framework" value ="3"/>
         <Value name="assertEquals" source ="Assert.java" package ="junit.framework" value ="3"/>
         <Value name="assertEquals" source ="Assert.java" package ="junit.framework" value ="3"/>
         <Value name="assertEquals" source ="Assert.java" package ="junit.framework" value ="3"/>
         <Value name="assertEquals" source ="Assert.java" package ="junit.framework" value ="3"/>
         <Value name="assertNotSame" source ="Assert.java" package ="junit.framework" value ="3"/>
         <Value name="assertSame" source ="Assert.java" package ="junit.framework" value ="3"/>
         <Value name="failNotEquals" source ="Assert.java" package ="junit.framework" value ="3"/>
         <Value name="failNotSame" source ="Assert.java" package ="junit.framework" value ="3"/>
         <Value name="format" source ="Assert.java" package ="junit.framework" value ="3"/>
         <Value name="ComparisonCompactor" source ="ComparisonCompactor.java" package ="junit.framework" value ="3"/>
         <Value name="ComparisonFailure" source ="ComparisonFailure.java" package ="junit.framework" value ="3"/>
         <Value name="addTestMethod" source ="TestSuite.java" package ="junit.framework" value ="3"/>
         <Value name="testFailed" source ="BaseTestRunner.java" package ="junit.runner" value ="3"/>
         <Value name="printDefects" source ="ResultPrinter.java" package ="junit.textui" value ="3"/>
         <Value name="runSingleMethod" source ="TestRunner.java" package ="junit.textui" value ="3"/>
         <Value name="testFailed" source ="TestRunner.java" package ="junit.textui" value ="3"/>
         <Value name="findLeaves" source ="MaxCore.java" package ="org.junit.experimental.max" value ="3"/>
         <Value name="addArrayValues" source ="AllMembersSupplier.java" package ="org.junit.experimental.theories.internal" value ="3"/>
         <Value name="Assignments" source ="Assignments.java" package ="org.junit.experimental.theories.internal" value ="3"/>
         <Value name="getActualValues" source ="Assignments.java" package ="org.junit.experimental.theories.internal" value ="3"/>
         <Value name="ParameterizedAssertionError" source ="ParameterizedAssertionError.java" package ="org.junit.experimental.theories.internal" value ="3"/>
         <Value name="findDeepAnnotation" source ="ParameterSignature.java" package ="org.junit.experimental.theories" value ="3"/>
         <Value name="methodCompletesWithParameters" source ="Theories.java" package ="org.junit.experimental.theories" value ="3"/>
         <Value name="RunAfters" source ="RunAfters.java" package ="org.junit.internal.runners.statements" value ="3"/>
         <Value name="RunBefores" source ="RunBefores.java" package ="org.junit.internal.runners.statements" value ="3"/>
         <Value name="testAborted" source ="JUnit4ClassRunner.java" package ="org.junit.internal.runners" value ="3"/>
         <Value name="ArrayComparisonFailure" source ="ArrayComparisonFailure.java" package ="org.junit.internal" value ="3"/>
         <Value name="arrayEquals" source ="ComparisonCriteria.java" package ="org.junit.internal" value ="3"/>
         <Value name="assertArraysAreSameLength" source ="ComparisonCriteria.java" package ="org.junit.internal" value ="3"/>
         <Value name="apply" source ="TestWatchman.java" package ="org.junit.rules" value ="3"/>
         <Value name="getAnnotatedFieldValues" source ="TestClass.java" package ="org.junit.runners.model" value ="3"/>
         <Value name="possiblyExpectingExceptions" source ="BlockJUnit4ClassRunner.java" package ="org.junit.runners" value ="3"/>
         <Value name="withAfters" source ="BlockJUnit4ClassRunner.java" package ="org.junit.runners" value ="3"/>
         <Value name="withBefores" source ="BlockJUnit4ClassRunner.java" package ="org.junit.runners" value ="3"/>
         <Value name="withMethodRules" source ="BlockJUnit4ClassRunner.java" package ="org.junit.runners" value ="3"/>
         <Value name="withPotentialTimeout" source ="BlockJUnit4ClassRunner.java" package ="org.junit.runners" value ="3"/>
         <Value name="withRules" source ="BlockJUnit4ClassRunner.java" package ="org.junit.runners" value ="3"/>
         <Value name="withTestRules" source ="BlockJUnit4ClassRunner.java" package ="org.junit.runners" value ="3"/>
         <Value name="TestClassRunnerForParameters" source ="Parameterized.java" package ="org.junit.runners" value ="3"/>
         <Value name="validatePublicVoidNoArgMethods" source ="ParentRunner.java" package ="org.junit.runners" value ="3"/>
         <Value name="Suite" source ="Suite.java" package ="org.junit.runners" value ="3"/>
         <Value name="createTestDescription" source ="Description.java" package ="org.junit.runner" value ="3"/>
         <Value name="assertArrayEquals" source ="Assert.java" package ="org.junit" value ="3"/>
         <Value name="assertArrayEquals" source ="Assert.java" package ="org.junit" value ="3"/>
         <Value name="assertArrayEquals" source ="Assert.java" package ="org.junit" value ="3"/>
         <Value name="assertArrayEquals" source ="Assert.java" package ="org.junit" value ="3"/>
         <Value name="assertArrayEquals" source ="Assert.java" package ="org.junit" value ="3"/>
         <Value name="assertArrayEquals" source ="Assert.java" package ="org.junit" value ="3"/>
         <Value name="assertArrayEquals" source ="Assert.java" package ="org.junit" value ="3"/>
         <Value name="assertArrayEquals" source ="Assert.java" package ="org.junit" value ="3"/>
         <Value name="assertEquals" source ="Assert.java" package ="org.junit" value ="3"/>
         <Value name="assertEquals" source ="Assert.java" package ="org.junit" value ="3"/>
         <Value name="assertEquals" source ="Assert.java" package ="org.junit" value ="3"/>
         <Value name="assertEquals" source ="Assert.java" package ="org.junit" value ="3"/>
         <Value name="assertEquals" source ="Assert.java" package ="org.junit" value ="3"/>
         <Value name="assertNotSame" source ="Assert.java" package ="org.junit" value ="3"/>
         <Value name="assertSame" source ="Assert.java" package ="org.junit" value ="3"/>
         <Value name="assertThat" source ="Assert.java" package ="org.junit" value ="3"/>
         <Value name="failNotEquals" source ="Assert.java" package ="org.junit" value ="3"/>
         <Value name="failNotSame" source ="Assert.java" package ="org.junit" value ="3"/>
         <Value name="format" source ="Assert.java" package ="org.junit" value ="3"/>
         <Value name="internalArrayEquals" source ="Assert.java" package ="org.junit" value ="3"/>
         <Value name="ComparisonCompactor" source ="ComparisonFailure.java" package ="org.junit" value ="3"/>
         <Value name="ComparisonFailure" source ="ComparisonFailure.java" package ="org.junit" value ="3"/>
         <Value name="testFailed" source ="BaseTestRunnerTest.java" package ="junit.tests.runner" value ="3"/>
         <Value name="bothFails" source ="BothTest.java" package ="org.junit.tests.assertion" value ="3"/>
         <Value name="apply" source ="TestRuleTest.java" package ="org.junit.tests.experimental.rules" value ="3"/>
         <Value name="invoke" source ="Guesser.java" package ="org.junit.tests.experimental.theories.extendingwithstubs" value ="3"/>
         <Value name="threeInts" source ="TheoriesPerformanceTest.java" package ="org.junit.tests.experimental.theories.runner" value ="3"/>
         <Value name="equalsReturnsTrue" source ="ParameterizedAssertionErrorTest.java" package ="org.junit.tests.experimental.theories" value ="3"/>
         <Value name="differentMatchersHaveDifferentDescriptions" source ="MatcherTest.java" package ="org.junit.tests.experimental" value ="3"/>
         <Value name="ActiveTestSuite" source ="ActiveTestSuite.java" package ="junit.extensions" value ="2"/>
         <Value name="runTest" source ="ActiveTestSuite.java" package ="junit.extensions" value ="2"/>
         <Value name="RepeatedTest" source ="RepeatedTest.java" package ="junit.extensions" value ="2"/>
         <Value name="assertEquals" source ="Assert.java" package ="junit.framework" value ="2"/>
         <Value name="assertEquals" source ="Assert.java" package ="junit.framework" value ="2"/>
         <Value name="assertEquals" source ="Assert.java" package ="junit.framework" value ="2"/>
         <Value name="assertEquals" source ="Assert.java" package ="junit.framework" value ="2"/>
         <Value name="assertEquals" source ="Assert.java" package ="junit.framework" value ="2"/>
         <Value name="assertEquals" source ="Assert.java" package ="junit.framework" value ="2"/>
         <Value name="assertEquals" source ="Assert.java" package ="junit.framework" value ="2"/>
         <Value name="assertEquals" source ="Assert.java" package ="junit.framework" value ="2"/>
         <Value name="assertFalse" source ="Assert.java" package ="junit.framework" value ="2"/>
         <Value name="assertNotNull" source ="Assert.java" package ="junit.framework" value ="2"/>
         <Value name="assertNotSame" source ="Assert.java" package ="junit.framework" value ="2"/>
         <Value name="assertNull" source ="Assert.java" package ="junit.framework" value ="2"/>
         <Value name="assertSame" source ="Assert.java" package ="junit.framework" value ="2"/>
         <Value name="assertTrue" source ="Assert.java" package ="junit.framework" value ="2"/>
         <Value name="JUnit4TestAdapter" source ="JUnit4TestAdapter.java" package ="junit.framework" value ="2"/>
         <Value name="getNotifier" source ="JUnit4TestAdapterCache.java" package ="junit.framework" value ="2"/>
         <Value name="TestFailure" source ="TestFailure.java" package ="junit.framework" value ="2"/>
         <Value name="addError" source ="TestResult.java" package ="junit.framework" value ="2"/>
         <Value name="addFailure" source ="TestResult.java" package ="junit.framework" value ="2"/>
         <Value name="runProtected" source ="TestResult.java" package ="junit.framework" value ="2"/>
         <Value name="TestSuite" source ="TestSuite.java" package ="junit.framework" value ="2"/>
         <Value name="TestSuite" source ="TestSuite.java" package ="junit.framework" value ="2"/>
         <Value name="createTest" source ="TestSuite.java" package ="junit.framework" value ="2"/>
         <Value name="runTest" source ="TestSuite.java" package ="junit.framework" value ="2"/>
         <Value name="addError" source ="BaseTestRunner.java" package ="junit.runner" value ="2"/>
         <Value name="addFailure" source ="BaseTestRunner.java" package ="junit.runner" value ="2"/>
         <Value name="getPreference" source ="BaseTestRunner.java" package ="junit.runner" value ="2"/>
         <Value name="setPreference" source ="BaseTestRunner.java" package ="junit.runner" value ="2"/>
         <Value name="addError" source ="ResultPrinter.java" package ="junit.textui" value ="2"/>
         <Value name="addFailure" source ="ResultPrinter.java" package ="junit.textui" value ="2"/>
         <Value name="printDefectHeader" source ="ResultPrinter.java" package ="junit.textui" value ="2"/>
         <Value name="printDefect" source ="ResultPrinter.java" package ="junit.textui" value ="2"/>
         <Value name="print" source ="ResultPrinter.java" package ="junit.textui" value ="2"/>
         <Value name="doRun" source ="TestRunner.java" package ="junit.textui" value ="2"/>
         <Value name="CategoryFilter" source ="Categories.java" package ="org.junit.experimental.categories" value ="2"/>
         <Value name="Categories" source ="Categories.java" package ="org.junit.experimental.categories" value ="2"/>
         <Value name="run" source ="MaxCore.java" package ="org.junit.experimental.max" value ="2"/>
         <Value name="compare" source ="MaxHistory.java" package ="org.junit.experimental.max" value ="2"/>
         <Value name="putTestDuration" source ="MaxHistory.java" package ="org.junit.experimental.max" value ="2"/>
         <Value name="putTestFailureTimestamp" source ="MaxHistory.java" package ="org.junit.experimental.max" value ="2"/>
         <Value name="Enclosed" source ="Enclosed.java" package ="org.junit.experimental.runners" value ="2"/>
         <Value name="addFields" source ="AllMembersSupplier.java" package ="org.junit.experimental.theories.internal" value ="2"/>
         <Value name="addSinglePointMethods" source ="AllMembersSupplier.java" package ="org.junit.experimental.theories.internal" value ="2"/>
         <Value name="allUnassigned" source ="Assignments.java" package ="org.junit.experimental.theories.internal" value ="2"/>
         <Value name="join" source ="ParameterizedAssertionError.java" package ="org.junit.experimental.theories.internal" value ="2"/>
         <Value name="join" source ="ParameterizedAssertionError.java" package ="org.junit.experimental.theories.internal" value ="2"/>
         <Value name="ParameterSignature" source ="ParameterSignature.java" package ="org.junit.experimental.theories" value ="2"/>
         <Value name="signatures" source ="ParameterSignature.java" package ="org.junit.experimental.theories" value ="2"/>
         <Value name="forValue" source ="PotentialAssignment.java" package ="org.junit.experimental.theories" value ="2"/>
         <Value name="TheoryAnchor" source ="Theories.java" package ="org.junit.experimental.theories" value ="2"/>
         <Value name="reportParameterizedError" source ="Theories.java" package ="org.junit.experimental.theories" value ="2"/>
         <Value name="ParallelComputer" source ="ParallelComputer.java" package ="org.junit.experimental" value ="2"/>
         <Value name="getRunner" source ="ParallelComputer.java" package ="org.junit.experimental" value ="2"/>
         <Value name="getSuite" source ="ParallelComputer.java" package ="org.junit.experimental" value ="2"/>
         <Value name="buildRunner" source ="AnnotatedBuilder.java" package ="org.junit.internal.builders" value ="2"/>
         <Value name="ClassRequest" source ="ClassRequest.java" package ="org.junit.internal.requests" value ="2"/>
         <Value name="FilterRequest" source ="FilterRequest.java" package ="org.junit.internal.requests" value ="2"/>
         <Value name="SortingRequest" source ="SortingRequest.java" package ="org.junit.internal.requests" value ="2"/>
         <Value name="EachTestNotifier" source ="EachTestNotifier.java" package ="org.junit.internal.runners.model" value ="2"/>
         <Value name="ExpectException" source ="ExpectException.java" package ="org.junit.internal.runners.statements" value ="2"/>
         <Value name="FailOnTimeout" source ="FailOnTimeout.java" package ="org.junit.internal.runners.statements" value ="2"/>
         <Value name="InvokeMethod" source ="InvokeMethod.java" package ="org.junit.internal.runners.statements" value ="2"/>
         <Value name="ErrorReportingRunner" source ="ErrorReportingRunner.java" package ="org.junit.internal.runners" value ="2"/>
         <Value name="runCause" source ="ErrorReportingRunner.java" package ="org.junit.internal.runners" value ="2"/>
         <Value name="addError" source ="JUnit38ClassRunner.java" package ="org.junit.internal.runners" value ="2"/>
         <Value name="addFailure" source ="JUnit38ClassRunner.java" package ="org.junit.internal.runners" value ="2"/>
         <Value name="invokeTestMethod" source ="JUnit4ClassRunner.java" package ="org.junit.internal.runners" value ="2"/>
         <Value name="validateTestMethods" source ="MethodValidator.java" package ="org.junit.internal.runners" value ="2"/>
         <Value name="isShadowed" source ="TestClass.java" package ="org.junit.internal.runners" value ="2"/>
         <Value name="isShadowed" source ="TestClass.java" package ="org.junit.internal.runners" value ="2"/>
         <Value name="TestMethod" source ="TestMethod.java" package ="org.junit.internal.runners" value ="2"/>
         <Value name="AssumptionViolatedException" source ="AssumptionViolatedException.java" package ="org.junit.internal" value ="2"/>
         <Value name="assertElementsEqual" source ="ComparisonCriteria.java" package ="org.junit.internal" value ="2"/>
         <Value name="assertElementsEqual" source ="ExactComparisonCriteria.java" package ="org.junit.internal" value ="2"/>
         <Value name="assertElementsEqual" source ="InexactComparisonCriteria.java" package ="org.junit.internal" value ="2"/>
         <Value name="printFailure" source ="TextListener.java" package ="org.junit.internal" value ="2"/>
         <Value name="checkThat" source ="ErrorCollector.java" package ="org.junit.rules" value ="2"/>
         <Value name="apply" source ="ExpectedException.java" package ="org.junit.rules" value ="2"/>
         <Value name="apply" source ="ExternalResource.java" package ="org.junit.rules" value ="2"/>
         <Value name="apply" source ="TestWatcher.java" package ="org.junit.rules" value ="2"/>
         <Value name="failed" source ="TestWatcher.java" package ="org.junit.rules" value ="2"/>
         <Value name="failed" source ="TestWatchman.java" package ="org.junit.rules" value ="2"/>
         <Value name="apply" source ="Timeout.java" package ="org.junit.rules" value ="2"/>
         <Value name="apply" source ="Verifier.java" package ="org.junit.rules" value ="2"/>
         <Value name="compare" source ="Sorter.java" package ="org.junit.runner.manipulation" value ="2"/>
         <Value name="Failure" source ="Failure.java" package ="org.junit.runner.notification" value ="2"/>
         <Value name="invokeExplosively" source ="FrameworkMethod.java" package ="org.junit.runners.model" value ="2"/>
         <Value name="validatePublicVoidNoArg" source ="FrameworkMethod.java" package ="org.junit.runners.model" value ="2"/>
         <Value name="validatePublicVoid" source ="FrameworkMethod.java" package ="org.junit.runners.model" value ="2"/>
         <Value name="runners" source ="RunnerBuilder.java" package ="org.junit.runners.model" value ="2"/>
         <Value name="runners" source ="RunnerBuilder.java" package ="org.junit.runners.model" value ="2"/>
         <Value name="addToAnnotationLists" source ="TestClass.java" package ="org.junit.runners.model" value ="2"/>
         <Value name="getAnnotatedMembers" source ="TestClass.java" package ="org.junit.runners.model" value ="2"/>
         <Value name="makeNotifier" source ="BlockJUnit4ClassRunner.java" package ="org.junit.runners" value ="2"/>
         <Value name="methodInvoker" source ="BlockJUnit4ClassRunner.java" package ="org.junit.runners" value ="2"/>
         <Value name="runChild" source ="BlockJUnit4ClassRunner.java" package ="org.junit.runners" value ="2"/>
         <Value name="runNotIgnored" source ="BlockJUnit4ClassRunner.java" package ="org.junit.runners" value ="2"/>
         <Value name="validateRuleField" source ="BlockJUnit4ClassRunner.java" package ="org.junit.runners" value ="2"/>
         <Value name="runChild" source ="ParentRunner.java" package ="org.junit.runners" value ="2"/>
         <Value name="Suite" source ="Suite.java" package ="org.junit.runners" value ="2"/>
         <Value name="Suite" source ="Suite.java" package ="org.junit.runners" value ="2"/>
         <Value name="Suite" source ="Suite.java" package ="org.junit.runners" value ="2"/>
         <Value name="Suite" source ="Suite.java" package ="org.junit.runners" value ="2"/>
         <Value name="runChild" source ="Suite.java" package ="org.junit.runners" value ="2"/>
         <Value name="getRunner" source ="Computer.java" package ="org.junit.runner" value ="2"/>
         <Value name="getSuite" source ="Computer.java" package ="org.junit.runner" value ="2"/>
         <Value name="Description" source ="Description.java" package ="org.junit.runner" value ="2"/>
         <Value name="createSuiteDescription" source ="Description.java" package ="org.junit.runner" value ="2"/>
         <Value name="createTestDescription" source ="Description.java" package ="org.junit.runner" value ="2"/>
         <Value name="runClasses" source ="JUnitCore.java" package ="org.junit.runner" value ="2"/>
         <Value name="runMainAndExit" source ="JUnitCore.java" package ="org.junit.runner" value ="2"/>
         <Value name="runMain" source ="JUnitCore.java" package ="org.junit.runner" value ="2"/>
         <Value name="run" source ="JUnitCore.java" package ="org.junit.runner" value ="2"/>
         <Value name="classes" source ="Request.java" package ="org.junit.runner" value ="2"/>
         <Value name="errorReport" source ="Request.java" package ="org.junit.runner" value ="2"/>
         <Value name="method" source ="Request.java" package ="org.junit.runner" value ="2"/>
         <Value name="assertArrayEquals" source ="Assert.java" package ="org.junit" value ="2"/>
         <Value name="assertArrayEquals" source ="Assert.java" package ="org.junit" value ="2"/>
         <Value name="assertArrayEquals" source ="Assert.java" package ="org.junit" value ="2"/>
         <Value name="assertArrayEquals" source ="Assert.java" package ="org.junit" value ="2"/>
         <Value name="assertArrayEquals" source ="Assert.java" package ="org.junit" value ="2"/>
         <Value name="assertArrayEquals" source ="Assert.java" package ="org.junit" value ="2"/>
         <Value name="assertEquals" source ="Assert.java" package ="org.junit" value ="2"/>
         <Value name="assertEquals" source ="Assert.java" package ="org.junit" value ="2"/>
         <Value name="assertEquals" source ="Assert.java" package ="org.junit" value ="2"/>
         <Value name="assertEquals" source ="Assert.java" package ="org.junit" value ="2"/>
         <Value name="assertFalse" source ="Assert.java" package ="org.junit" value ="2"/>
         <Value name="assertNotNull" source ="Assert.java" package ="org.junit" value ="2"/>
         <Value name="assertNotSame" source ="Assert.java" package ="org.junit" value ="2"/>
         <Value name="assertNull" source ="Assert.java" package ="org.junit" value ="2"/>
         <Value name="assertSame" source ="Assert.java" package ="org.junit" value ="2"/>
         <Value name="assertThat" source ="Assert.java" package ="org.junit" value ="2"/>
         <Value name="assertTrue" source ="Assert.java" package ="org.junit" value ="2"/>
         <Value name="formatClassAndValue" source ="Assert.java" package ="org.junit" value ="2"/>
         <Value name="isEquals" source ="Assert.java" package ="org.junit" value ="2"/>
         <Value name="assumeThat" source ="Assume.java" package ="org.junit" value ="2"/>
         <Value name="Money" source ="Money.java" package ="junit.samples.money" value ="2"/>
         <Value name="create" source ="MoneyBag.java" package ="junit.samples.money" value ="2"/>
         <Value name="addError" source ="TestListenerTest.java" package ="junit.tests.framework" value ="2"/>
         <Value name="addFailure" source ="TestListenerTest.java" package ="junit.tests.framework" value ="2"/>
         <Value name="execTest" source ="TextRunnerTest.java" package ="junit.tests.runner" value ="2"/>
         <Value name="descriptionIsSensible" source ="BothTest.java" package ="org.junit.tests.assertion" value ="2"/>
         <Value name="descriptionWithTwoKids" source ="SuiteDescriptionTest.java" package ="org.junit.tests.description" value ="2"/>
         <Value name="betweenInclusive" source ="ParallelMethodTest.java" package ="org.junit.tests.experimental.parallel" value ="2"/>
         <Value name="backTraceHasGoodToString" source ="PrintableResultTest.java" package ="org.junit.tests.experimental.results" value ="2"/>
         <Value name="apply" source ="ClassRulesTest.java" package ="org.junit.tests.experimental.rules" value ="2"/>
         <Value name="apply" source ="MethodRulesTest.java" package ="org.junit.tests.experimental.rules" value ="2"/>
         <Value name="apply" source ="TestRuleTest.java" package ="org.junit.tests.experimental.rules" value ="2"/>
         <Value name="apply" source ="TestRuleTest.java" package ="org.junit.tests.experimental.rules" value ="2"/>
         <Value name="replaceGuess" source ="Guesser.java" package ="org.junit.tests.experimental.theories.extendingwithstubs" value ="2"/>
         <Value name="Guesser" source ="Guesser.java" package ="org.junit.tests.experimental.theories.extendingwithstubs" value ="2"/>
         <Value name="MethodCall" source ="MethodCall.java" package ="org.junit.tests.experimental.theories.extendingwithstubs" value ="2"/>
         <Value name="StubbedTheoryAnchor" source ="StubbedTheories.java" package ="org.junit.tests.experimental.theories.extendingwithstubs" value ="2"/>
         <Value name="allIntsAreEqual" source ="SuccessfulWithDataPointFields.java" package ="org.junit.tests.experimental.theories.runner" value ="2"/>
         <Value name="everythingIsZero" source ="UnsuccessfulWithDataPointFields.java" package ="org.junit.tests.experimental.theories.runner" value ="2"/>
         <Value name="showFailedAssumptionsWhenNoParametersFound" source ="WhenNoParametersMatch.java" package ="org.junit.tests.experimental.theories.runner" value ="2"/>
         <Value name="everythingsEmpty" source ="WithDataPointMethod.java" package ="org.junit.tests.experimental.theories.runner" value ="2"/>
         <Value name="getType" source ="ParameterSignatureTest.java" package ="org.junit.tests.experimental.theories" value ="2"/>
         <Value name="buildParameterizedAssertionError" source ="ParameterizedAssertionErrorTest.java" package ="org.junit.tests.experimental.theories" value ="2"/>
         <Value name="differentParameterizedAssertionErrorsHaveDifferentToStrings" source ="ParameterizedAssertionErrorTest.java" package ="org.junit.tests.experimental.theories" value ="2"/>
         <Value name="equalParameterizedAssertionErrorsHaveSameToString" source ="ParameterizedAssertionErrorTest.java" package ="org.junit.tests.experimental.theories" value ="2"/>
         <Value name="toStringReportsMatcher" source ="AssumptionViolatedExceptionTest.java" package ="org.junit.tests.experimental" value ="2"/>
         <Value name="toStringReportsValue" source ="AssumptionViolatedExceptionTest.java" package ="org.junit.tests.experimental" value ="2"/>
         <Value name="addError" source ="InitializationErrorForwardCompatibilityTest.java" package ="org.junit.tests.junit3compatibility" value ="2"/>
         <Value name="addFailure" source ="InitializationErrorForwardCompatibilityTest.java" package ="org.junit.tests.junit3compatibility" value ="2"/>
         <Value name="FibonacciTest" source ="ParameterizedTestTest.java" package ="org.junit.tests.running.classes" value ="2"/>
         <Value name="runClass" source ="JUnitCoreReturnsCorrectExitCodeTest.java" package ="org.junit.tests.running.core" value ="2"/>
         <Value name="ParameterizedTestMethodTest" source ="ParameterizedTestMethodTest.java" package ="org.junit.tests.running.methods" value ="2"/>
         <Value name="equalsMeansEqualHashCodes" source ="ObjectContractTest.java" package ="org.junit.tests" value ="2"/>
         <Value name="equalsThrowsNoException" source ="ObjectContractTest.java" package ="org.junit.tests" value ="2"/>
         <Value name="ActiveTestSuite" source ="ActiveTestSuite.java" package ="junit.extensions" value ="1"/>
         <Value name="ActiveTestSuite" source ="ActiveTestSuite.java" package ="junit.extensions" value ="1"/>
         <Value name="run" source ="ActiveTestSuite.java" package ="junit.extensions" value ="1"/>
         <Value name="run" source ="RepeatedTest.java" package ="junit.extensions" value ="1"/>
         <Value name="TestDecorator" source ="TestDecorator.java" package ="junit.extensions" value ="1"/>
         <Value name="basicRun" source ="TestDecorator.java" package ="junit.extensions" value ="1"/>
         <Value name="run" source ="TestDecorator.java" package ="junit.extensions" value ="1"/>
         <Value name="TestSetup" source ="TestSetup.java" package ="junit.extensions" value ="1"/>
         <Value name="run" source ="TestSetup.java" package ="junit.extensions" value ="1"/>
         <Value name="assertFalse" source ="Assert.java" package ="junit.framework" value ="1"/>
         <Value name="assertNotNull" source ="Assert.java" package ="junit.framework" value ="1"/>
         <Value name="assertNull" source ="Assert.java" package ="junit.framework" value ="1"/>
         <Value name="assertTrue" source ="Assert.java" package ="junit.framework" value ="1"/>
         <Value name="failSame" source ="Assert.java" package ="junit.framework" value ="1"/>
         <Value name="fail" source ="Assert.java" package ="junit.framework" value ="1"/>
         <Value name="AssertionFailedError" source ="AssertionFailedError.java" package ="junit.framework" value ="1"/>
         <Value name="compactString" source ="ComparisonCompactor.java" package ="junit.framework" value ="1"/>
         <Value name="compact" source ="ComparisonCompactor.java" package ="junit.framework" value ="1"/>
         <Value name="JUnit4TestAdapter" source ="JUnit4TestAdapter.java" package ="junit.framework" value ="1"/>
         <Value name="filter" source ="JUnit4TestAdapter.java" package ="junit.framework" value ="1"/>
         <Value name="isIgnored" source ="JUnit4TestAdapter.java" package ="junit.framework" value ="1"/>
         <Value name="removeIgnored" source ="JUnit4TestAdapter.java" package ="junit.framework" value ="1"/>
         <Value name="run" source ="JUnit4TestAdapter.java" package ="junit.framework" value ="1"/>
         <Value name="sort" source ="JUnit4TestAdapter.java" package ="junit.framework" value ="1"/>
         <Value name="asTestList" source ="JUnit4TestAdapterCache.java" package ="junit.framework" value ="1"/>
         <Value name="asTest" source ="JUnit4TestAdapterCache.java" package ="junit.framework" value ="1"/>
         <Value name="createTest" source ="JUnit4TestAdapterCache.java" package ="junit.framework" value ="1"/>
         <Value name="JUnit4TestCaseFacade" source ="JUnit4TestCaseFacade.java" package ="junit.framework" value ="1"/>
         <Value name="run" source ="JUnit4TestCaseFacade.java" package ="junit.framework" value ="1"/>
         <Value name="TestCase" source ="TestCase.java" package ="junit.framework" value ="1"/>
         <Value name="run" source ="TestCase.java" package ="junit.framework" value ="1"/>
         <Value name="setName" source ="TestCase.java" package ="junit.framework" value ="1"/>
         <Value name="addListener" source ="TestResult.java" package ="junit.framework" value ="1"/>
         <Value name="endTest" source ="TestResult.java" package ="junit.framework" value ="1"/>
         <Value name="removeListener" source ="TestResult.java" package ="junit.framework" value ="1"/>
         <Value name="run" source ="TestResult.java" package ="junit.framework" value ="1"/>
         <Value name="startTest" source ="TestResult.java" package ="junit.framework" value ="1"/>
         <Value name="TestSuite" source ="TestSuite.java" package ="junit.framework" value ="1"/>
         <Value name="TestSuite" source ="TestSuite.java" package ="junit.framework" value ="1"/>
         <Value name="addTestSuite" source ="TestSuite.java" package ="junit.framework" value ="1"/>
         <Value name="addTestsFromTestCase" source ="TestSuite.java" package ="junit.framework" value ="1"/>
         <Value name="addTest" source ="TestSuite.java" package ="junit.framework" value ="1"/>
         <Value name="exceptionToString" source ="TestSuite.java" package ="junit.framework" value ="1"/>
         <Value name="getTestConstructor" source ="TestSuite.java" package ="junit.framework" value ="1"/>
         <Value name="isPublicTestMethod" source ="TestSuite.java" package ="junit.framework" value ="1"/>
         <Value name="isTestMethod" source ="TestSuite.java" package ="junit.framework" value ="1"/>
         <Value name="run" source ="TestSuite.java" package ="junit.framework" value ="1"/>
         <Value name="setName" source ="TestSuite.java" package ="junit.framework" value ="1"/>
         <Value name="testAt" source ="TestSuite.java" package ="junit.framework" value ="1"/>
         <Value name="testCaseForClass" source ="TestSuite.java" package ="junit.framework" value ="1"/>
         <Value name="warning" source ="TestSuite.java" package ="junit.framework" value ="1"/>
         <Value name="elapsedTimeAsString" source ="BaseTestRunner.java" package ="junit.runner" value ="1"/>
         <Value name="endTest" source ="BaseTestRunner.java" package ="junit.runner" value ="1"/>
         <Value name="extractClassName" source ="BaseTestRunner.java" package ="junit.runner" value ="1"/>
         <Value name="filterLine" source ="BaseTestRunner.java" package ="junit.runner" value ="1"/>
         <Value name="getFilteredTrace" source ="BaseTestRunner.java" package ="junit.runner" value ="1"/>
         <Value name="getFilteredTrace" source ="BaseTestRunner.java" package ="junit.runner" value ="1"/>
         <Value name="getPreference" source ="BaseTestRunner.java" package ="junit.runner" value ="1"/>
         <Value name="getTest" source ="BaseTestRunner.java" package ="junit.runner" value ="1"/>
         <Value name="loadSuiteClass" source ="BaseTestRunner.java" package ="junit.runner" value ="1"/>
         <Value name="processArguments" source ="BaseTestRunner.java" package ="junit.runner" value ="1"/>
         <Value name="runFailed" source ="BaseTestRunner.java" package ="junit.runner" value ="1"/>
         <Value name="setLoading" source ="BaseTestRunner.java" package ="junit.runner" value ="1"/>
         <Value name="setPreferences" source ="BaseTestRunner.java" package ="junit.runner" value ="1"/>
         <Value name="startTest" source ="BaseTestRunner.java" package ="junit.runner" value ="1"/>
         <Value name="testEnded" source ="BaseTestRunner.java" package ="junit.runner" value ="1"/>
         <Value name="testStarted" source ="BaseTestRunner.java" package ="junit.runner" value ="1"/>
         <Value name="truncate" source ="BaseTestRunner.java" package ="junit.runner" value ="1"/>
         <Value name="main" source ="Version.java" package ="junit.runner" value ="1"/>
         <Value name="ResultPrinter" source ="ResultPrinter.java" package ="junit.textui" value ="1"/>
         <Value name="elapsedTimeAsString" source ="ResultPrinter.java" package ="junit.textui" value ="1"/>
         <Value name="endTest" source ="ResultPrinter.java" package ="junit.textui" value ="1"/>
         <Value name="printDefectTrace" source ="ResultPrinter.java" package ="junit.textui" value ="1"/>
         <Value name="printErrors" source ="ResultPrinter.java" package ="junit.textui" value ="1"/>
         <Value name="printFailures" source ="ResultPrinter.java" package ="junit.textui" value ="1"/>
         <Value name="printFooter" source ="ResultPrinter.java" package ="junit.textui" value ="1"/>
         <Value name="printHeader" source ="ResultPrinter.java" package ="junit.textui" value ="1"/>
         <Value name="startTest" source ="ResultPrinter.java" package ="junit.textui" value ="1"/>
         <Value name="TestRunner" source ="TestRunner.java" package ="junit.textui" value ="1"/>
         <Value name="TestRunner" source ="TestRunner.java" package ="junit.textui" value ="1"/>
         <Value name="doRun" source ="TestRunner.java" package ="junit.textui" value ="1"/>
         <Value name="main" source ="TestRunner.java" package ="junit.textui" value ="1"/>
         <Value name="pause" source ="TestRunner.java" package ="junit.textui" value ="1"/>
         <Value name="runAndWait" source ="TestRunner.java" package ="junit.textui" value ="1"/>
         <Value name="runFailed" source ="TestRunner.java" package ="junit.textui" value ="1"/>
         <Value name="run" source ="TestRunner.java" package ="junit.textui" value ="1"/>
         <Value name="run" source ="TestRunner.java" package ="junit.textui" value ="1"/>
         <Value name="setPrinter" source ="TestRunner.java" package ="junit.textui" value ="1"/>
         <Value name="start" source ="TestRunner.java" package ="junit.textui" value ="1"/>
         <Value name="testEnded" source ="TestRunner.java" package ="junit.textui" value ="1"/>
         <Value name="testStarted" source ="TestRunner.java" package ="junit.textui" value ="1"/>
         <Value name="categories" source ="Categories.java" package ="org.junit.experimental.categories" value ="1"/>
         <Value name="directCategories" source ="Categories.java" package ="org.junit.experimental.categories" value ="1"/>
         <Value name="hasCorrectCategoryAnnotation" source ="Categories.java" package ="org.junit.experimental.categories" value ="1"/>
         <Value name="include" source ="Categories.java" package ="org.junit.experimental.categories" value ="1"/>
         <Value name="parentDescription" source ="Categories.java" package ="org.junit.experimental.categories" value ="1"/>
         <Value name="shouldRun" source ="Categories.java" package ="org.junit.experimental.categories" value ="1"/>
         <Value name="assertNoCategorizedDescendentsOfUncategorizeableParents" source ="Categories.java" package ="org.junit.experimental.categories" value ="1"/>
         <Value name="assertNoDescendantsHaveCategoryAnnotations" source ="Categories.java" package ="org.junit.experimental.categories" value ="1"/>
         <Value name="canHaveCategorizedChildren" source ="Categories.java" package ="org.junit.experimental.categories" value ="1"/>
         <Value name="getExcludedCategory" source ="Categories.java" package ="org.junit.experimental.categories" value ="1"/>
         <Value name="getIncludedCategory" source ="Categories.java" package ="org.junit.experimental.categories" value ="1"/>
         <Value name="CouldNotReadCoreException" source ="CouldNotReadCoreException.java" package ="org.junit.experimental.max" value ="1"/>
         <Value name="MaxCore" source ="MaxCore.java" package ="org.junit.experimental.max" value ="1"/>
         <Value name="buildRunner" source ="MaxCore.java" package ="org.junit.experimental.max" value ="1"/>
         <Value name="constructLeafRequest" source ="MaxCore.java" package ="org.junit.experimental.max" value ="1"/>
         <Value name="findLeaves" source ="MaxCore.java" package ="org.junit.experimental.max" value ="1"/>
         <Value name="forFolder" source ="MaxCore.java" package ="org.junit.experimental.max" value ="1"/>
         <Value name="getMalformedTestClass" source ="MaxCore.java" package ="org.junit.experimental.max" value ="1"/>
         <Value name="run" source ="MaxCore.java" package ="org.junit.experimental.max" value ="1"/>
         <Value name="run" source ="MaxCore.java" package ="org.junit.experimental.max" value ="1"/>
         <Value name="sortRequest" source ="MaxCore.java" package ="org.junit.experimental.max" value ="1"/>
         <Value name="sortedLeavesForTest" source ="MaxCore.java" package ="org.junit.experimental.max" value ="1"/>
         <Value name="storedLocally" source ="MaxCore.java" package ="org.junit.experimental.max" value ="1"/>
         <Value name="testFailure" source ="MaxHistory.java" package ="org.junit.experimental.max" value ="1"/>
         <Value name="testFinished" source ="MaxHistory.java" package ="org.junit.experimental.max" value ="1"/>
         <Value name="testRunFinished" source ="MaxHistory.java" package ="org.junit.experimental.max" value ="1"/>
         <Value name="testStarted" source ="MaxHistory.java" package ="org.junit.experimental.max" value ="1"/>
         <Value name="getFailure" source ="MaxHistory.java" package ="org.junit.experimental.max" value ="1"/>
         <Value name="MaxHistory" source ="MaxHistory.java" package ="org.junit.experimental.max" value ="1"/>
         <Value name="forFolder" source ="MaxHistory.java" package ="org.junit.experimental.max" value ="1"/>
         <Value name="getFailureTimestamp" source ="MaxHistory.java" package ="org.junit.experimental.max" value ="1"/>
         <Value name="getTestDuration" source ="MaxHistory.java" package ="org.junit.experimental.max" value ="1"/>
         <Value name="isNewTest" source ="MaxHistory.java" package ="org.junit.experimental.max" value ="1"/>
         <Value name="readHistory" source ="MaxHistory.java" package ="org.junit.experimental.max" value ="1"/>
         <Value name="FailureList" source ="FailureList.java" package ="org.junit.experimental.results" value ="1"/>
         <Value name="PrintableResult" source ="PrintableResult.java" package ="org.junit.experimental.results" value ="1"/>
         <Value name="PrintableResult" source ="PrintableResult.java" package ="org.junit.experimental.results" value ="1"/>
         <Value name="PrintableResult" source ="PrintableResult.java" package ="org.junit.experimental.results" value ="1"/>
         <Value name="testResult" source ="PrintableResult.java" package ="org.junit.experimental.results" value ="1"/>
         <Value name="failureCountIs" source ="ResultMatchers.java" package ="org.junit.experimental.results" value ="1"/>
         <Value name="hasFailureContaining" source ="ResultMatchers.java" package ="org.junit.experimental.results" value ="1"/>
         <Value name="hasSingleFailureContaining" source ="ResultMatchers.java" package ="org.junit.experimental.results" value ="1"/>
         <Value name="Listed" source ="Listed.java" package ="org.junit.experimental.runners" value ="1"/>
         <Value name="SuiteBuilder" source ="SuiteBuilder.java" package ="org.junit.experimental.runners" value ="1"/>
         <Value name="filterRunners" source ="SuiteBuilder.java" package ="org.junit.experimental.runners" value ="1"/>
         <Value name="runnersForClasses" source ="SuiteBuilder.java" package ="org.junit.experimental.runners" value ="1"/>
         <Value name="run" source ="SuiteBuilder.java" package ="org.junit.experimental.runners" value ="1"/>
         <Value name="MethodParameterValue" source ="AllMembersSupplier.java" package ="org.junit.experimental.theories.internal" value ="1"/>
         <Value name="AllMembersSupplier" source ="AllMembersSupplier.java" package ="org.junit.experimental.theories.internal" value ="1"/>
         <Value name="addMultiPointMethods" source ="AllMembersSupplier.java" package ="org.junit.experimental.theories.internal" value ="1"/>
         <Value name="getStaticFieldValue" source ="AllMembersSupplier.java" package ="org.junit.experimental.theories.internal" value ="1"/>
         <Value name="getValueSources" source ="AllMembersSupplier.java" package ="org.junit.experimental.theories.internal" value ="1"/>
         <Value name="assignNext" source ="Assignments.java" package ="org.junit.experimental.theories.internal" value ="1"/>
         <Value name="getAllArguments" source ="Assignments.java" package ="org.junit.experimental.theories.internal" value ="1"/>
         <Value name="getAnnotatedSupplier" source ="Assignments.java" package ="org.junit.experimental.theories.internal" value ="1"/>
         <Value name="getArgumentStrings" source ="Assignments.java" package ="org.junit.experimental.theories.internal" value ="1"/>
         <Value name="getConstructorArguments" source ="Assignments.java" package ="org.junit.experimental.theories.internal" value ="1"/>
         <Value name="getMethodArguments" source ="Assignments.java" package ="org.junit.experimental.theories.internal" value ="1"/>
         <Value name="getSupplier" source ="Assignments.java" package ="org.junit.experimental.theories.internal" value ="1"/>
         <Value name="equals" source ="ParameterizedAssertionError.java" package ="org.junit.experimental.theories.internal" value ="1"/>
         <Value name="stringValueOf" source ="ParameterizedAssertionError.java" package ="org.junit.experimental.theories.internal" value ="1"/>
         <Value name="getValueSources" source ="TestedOnSupplier.java" package ="org.junit.experimental.theories.suppliers" value ="1"/>
         <Value name="canAcceptArrayType" source ="ParameterSignature.java" package ="org.junit.experimental.theories" value ="1"/>
         <Value name="canAcceptType" source ="ParameterSignature.java" package ="org.junit.experimental.theories" value ="1"/>
         <Value name="findDeepAnnotation" source ="ParameterSignature.java" package ="org.junit.experimental.theories" value ="1"/>
         <Value name="getAnnotation" source ="ParameterSignature.java" package ="org.junit.experimental.theories" value ="1"/>
         <Value name="hasAnnotation" source ="ParameterSignature.java" package ="org.junit.experimental.theories" value ="1"/>
         <Value name="signatures" source ="ParameterSignature.java" package ="org.junit.experimental.theories" value ="1"/>
         <Value name="signatures" source ="ParameterSignature.java" package ="org.junit.experimental.theories" value ="1"/>
         <Value name="getValueSources" source ="ParameterSupplier.java" package ="org.junit.experimental.theories" value ="1"/>
         <Value name="handleAssumptionViolation" source ="Theories.java" package ="org.junit.experimental.theories" value ="1"/>
         <Value name="runWithAssignment" source ="Theories.java" package ="org.junit.experimental.theories" value ="1"/>
         <Value name="runWithCompleteAssignment" source ="Theories.java" package ="org.junit.experimental.theories" value ="1"/>
         <Value name="runWithIncompleteAssignment" source ="Theories.java" package ="org.junit.experimental.theories" value ="1"/>
         <Value name="Theories" source ="Theories.java" package ="org.junit.experimental.theories" value ="1"/>
         <Value name="collectInitializationErrors" source ="Theories.java" package ="org.junit.experimental.theories" value ="1"/>
         <Value name="methodBlock" source ="Theories.java" package ="org.junit.experimental.theories" value ="1"/>
         <Value name="validateConstructor" source ="Theories.java" package ="org.junit.experimental.theories" value ="1"/>
         <Value name="validateDataPointFields" source ="Theories.java" package ="org.junit.experimental.theories" value ="1"/>
         <Value name="validateTestMethods" source ="Theories.java" package ="org.junit.experimental.theories" value ="1"/>
         <Value name="parallelize" source ="ParallelComputer.java" package ="org.junit.experimental" value ="1"/>
         <Value name="AllDefaultPossibilitiesBuilder" source ="AllDefaultPossibilitiesBuilder.java" package ="org.junit.internal.builders" value ="1"/>
         <Value name="runnerForClass" source ="AllDefaultPossibilitiesBuilder.java" package ="org.junit.internal.builders" value ="1"/>
         <Value name="AnnotatedBuilder" source ="AnnotatedBuilder.java" package ="org.junit.internal.builders" value ="1"/>
         <Value name="runnerForClass" source ="AnnotatedBuilder.java" package ="org.junit.internal.builders" value ="1"/>
         <Value name="runnerForClass" source ="IgnoredBuilder.java" package ="org.junit.internal.builders" value ="1"/>
         <Value name="IgnoredClassRunner" source ="IgnoredClassRunner.java" package ="org.junit.internal.builders" value ="1"/>
         <Value name="run" source ="IgnoredClassRunner.java" package ="org.junit.internal.builders" value ="1"/>
         <Value name="isPre4Test" source ="JUnit3Builder.java" package ="org.junit.internal.builders" value ="1"/>
         <Value name="runnerForClass" source ="JUnit3Builder.java" package ="org.junit.internal.builders" value ="1"/>
         <Value name="runnerForClass" source ="JUnit4Builder.java" package ="org.junit.internal.builders" value ="1"/>
         <Value name="runnerForClass" source ="NullBuilder.java" package ="org.junit.internal.builders" value ="1"/>
         <Value name="hasSuiteMethod" source ="SuiteMethodBuilder.java" package ="org.junit.internal.builders" value ="1"/>
         <Value name="runnerForClass" source ="SuiteMethodBuilder.java" package ="org.junit.internal.builders" value ="1"/>
         <Value name="CombinableMatcher" source ="CombinableMatcher.java" package ="org.junit.internal.matchers" value ="1"/>
         <Value name="and" source ="CombinableMatcher.java" package ="org.junit.internal.matchers" value ="1"/>
         <Value name="describeTo" source ="CombinableMatcher.java" package ="org.junit.internal.matchers" value ="1"/>
         <Value name="matches" source ="CombinableMatcher.java" package ="org.junit.internal.matchers" value ="1"/>
         <Value name="or" source ="CombinableMatcher.java" package ="org.junit.internal.matchers" value ="1"/>
         <Value name="each" source ="Each.java" package ="org.junit.internal.matchers" value ="1"/>
         <Value name="IsCollectionContaining" source ="IsCollectionContaining.java" package ="org.junit.internal.matchers" value ="1"/>
         <Value name="describeTo" source ="IsCollectionContaining.java" package ="org.junit.internal.matchers" value ="1"/>
         <Value name="hasItems" source ="IsCollectionContaining.java" package ="org.junit.internal.matchers" value ="1"/>
         <Value name="hasItems" source ="IsCollectionContaining.java" package ="org.junit.internal.matchers" value ="1"/>
         <Value name="hasItem" source ="IsCollectionContaining.java" package ="org.junit.internal.matchers" value ="1"/>
         <Value name="hasItem" source ="IsCollectionContaining.java" package ="org.junit.internal.matchers" value ="1"/>
         <Value name="matchesSafely" source ="IsCollectionContaining.java" package ="org.junit.internal.matchers" value ="1"/>
         <Value name="StringContains" source ="StringContains.java" package ="org.junit.internal.matchers" value ="1"/>
         <Value name="containsString" source ="StringContains.java" package ="org.junit.internal.matchers" value ="1"/>
         <Value name="evalSubstringOf" source ="StringContains.java" package ="org.junit.internal.matchers" value ="1"/>
         <Value name="SubstringMatcher" source ="SubstringMatcher.java" package ="org.junit.internal.matchers" value ="1"/>
         <Value name="describeTo" source ="SubstringMatcher.java" package ="org.junit.internal.matchers" value ="1"/>
         <Value name="evalSubstringOf" source ="SubstringMatcher.java" package ="org.junit.internal.matchers" value ="1"/>
         <Value name="matchesSafely" source ="SubstringMatcher.java" package ="org.junit.internal.matchers" value ="1"/>
         <Value name="TypeSafeMatcher" source ="TypeSafeMatcher.java" package ="org.junit.internal.matchers" value ="1"/>
         <Value name="findExpectedType" source ="TypeSafeMatcher.java" package ="org.junit.internal.matchers" value ="1"/>
         <Value name="isMatchesSafelyMethod" source ="TypeSafeMatcher.java" package ="org.junit.internal.matchers" value ="1"/>
         <Value name="matchesSafely" source ="TypeSafeMatcher.java" package ="org.junit.internal.matchers" value ="1"/>
         <Value name="matches" source ="TypeSafeMatcher.java" package ="org.junit.internal.matchers" value ="1"/>
         <Value name="ClassRequest" source ="ClassRequest.java" package ="org.junit.internal.requests" value ="1"/>
         <Value name="addFailedAssumption" source ="EachTestNotifier.java" package ="org.junit.internal.runners.model" value ="1"/>
         <Value name="addFailure" source ="EachTestNotifier.java" package ="org.junit.internal.runners.model" value ="1"/>
         <Value name="addMultipleFailureException" source ="EachTestNotifier.java" package ="org.junit.internal.runners.model" value ="1"/>
         <Value name="MultipleFailureException" source ="MultipleFailureException.java" package ="org.junit.internal.runners.model" value ="1"/>
         <Value name="assertEmpty" source ="MultipleFailureException.java" package ="org.junit.internal.runners.model" value ="1"/>
         <Value name="Fail" source ="Fail.java" package ="org.junit.internal.runners.statements" value ="1"/>
         <Value name="addFailure" source ="ClassRoadie.java" package ="org.junit.internal.runners" value ="1"/>
         <Value name="describeCause" source ="ErrorReportingRunner.java" package ="org.junit.internal.runners" value ="1"/>
         <Value name="getCauses" source ="ErrorReportingRunner.java" package ="org.junit.internal.runners" value ="1"/>
         <Value name="run" source ="ErrorReportingRunner.java" package ="org.junit.internal.runners" value ="1"/>
         <Value name="InitializationError" source ="InitializationError.java" package ="org.junit.internal.runners" value ="1"/>
         <Value name="InitializationError" source ="InitializationError.java" package ="org.junit.internal.runners" value ="1"/>
         <Value name="InitializationError" source ="InitializationError.java" package ="org.junit.internal.runners" value ="1"/>
         <Value name="OldTestClassAdaptingListener" source ="JUnit38ClassRunner.java" package ="org.junit.internal.runners" value ="1"/>
         <Value name="asDescription" source ="JUnit38ClassRunner.java" package ="org.junit.internal.runners" value ="1"/>
         <Value name="endTest" source ="JUnit38ClassRunner.java" package ="org.junit.internal.runners" value ="1"/>
         <Value name="getEffectiveClass" source ="JUnit38ClassRunner.java" package ="org.junit.internal.runners" value ="1"/>
         <Value name="getName" source ="JUnit38ClassRunner.java" package ="org.junit.internal.runners" value ="1"/>
         <Value name="startTest" source ="JUnit38ClassRunner.java" package ="org.junit.internal.runners" value ="1"/>
         <Value name="JUnit38ClassRunner" source ="JUnit38ClassRunner.java" package ="org.junit.internal.runners" value ="1"/>
         <Value name="JUnit38ClassRunner" source ="JUnit38ClassRunner.java" package ="org.junit.internal.runners" value ="1"/>
         <Value name="createAdaptingListener" source ="JUnit38ClassRunner.java" package ="org.junit.internal.runners" value ="1"/>
         <Value name="createSuiteDescription" source ="JUnit38ClassRunner.java" package ="org.junit.internal.runners" value ="1"/>
         <Value name="filter" source ="JUnit38ClassRunner.java" package ="org.junit.internal.runners" value ="1"/>
         <Value name="makeDescription" source ="JUnit38ClassRunner.java" package ="org.junit.internal.runners" value ="1"/>
         <Value name="run" source ="JUnit38ClassRunner.java" package ="org.junit.internal.runners" value ="1"/>
         <Value name="setTest" source ="JUnit38ClassRunner.java" package ="org.junit.internal.runners" value ="1"/>
         <Value name="sort" source ="JUnit38ClassRunner.java" package ="org.junit.internal.runners" value ="1"/>
         <Value name="JUnit4ClassRunner" source ="JUnit4ClassRunner.java" package ="org.junit.internal.runners" value ="1"/>
         <Value name="filter" source ="JUnit4ClassRunner.java" package ="org.junit.internal.runners" value ="1"/>
         <Value name="methodDescription" source ="JUnit4ClassRunner.java" package ="org.junit.internal.runners" value ="1"/>
         <Value name="runMethods" source ="JUnit4ClassRunner.java" package ="org.junit.internal.runners" value ="1"/>
         <Value name="run" source ="JUnit4ClassRunner.java" package ="org.junit.internal.runners" value ="1"/>
         <Value name="sort" source ="JUnit4ClassRunner.java" package ="org.junit.internal.runners" value ="1"/>
         <Value name="testAnnotations" source ="JUnit4ClassRunner.java" package ="org.junit.internal.runners" value ="1"/>
         <Value name="testName" source ="JUnit4ClassRunner.java" package ="org.junit.internal.runners" value ="1"/>
         <Value name="wrapMethod" source ="JUnit4ClassRunner.java" package ="org.junit.internal.runners" value ="1"/>
         <Value name="addFailure" source ="MethodRoadie.java" package ="org.junit.internal.runners" value ="1"/>
         <Value name="runBeforesThenTestThenAfters" source ="MethodRoadie.java" package ="org.junit.internal.runners" value ="1"/>
         <Value name="runWithTimeout" source ="MethodRoadie.java" package ="org.junit.internal.runners" value ="1"/>
         <Value name="MethodValidator" source ="MethodValidator.java" package ="org.junit.internal.runners" value ="1"/>
         <Value name="SuiteMethod" source ="SuiteMethod.java" package ="org.junit.internal.runners" value ="1"/>
         <Value name="testFromSuiteMethod" source ="SuiteMethod.java" package ="org.junit.internal.runners" value ="1"/>
         <Value name="TestClass" source ="TestClass.java" package ="org.junit.internal.runners" value ="1"/>
         <Value name="getAnnotatedMethods" source ="TestClass.java" package ="org.junit.internal.runners" value ="1"/>
         <Value name="getSuperClasses" source ="TestClass.java" package ="org.junit.internal.runners" value ="1"/>
         <Value name="runsTopToBottom" source ="TestClass.java" package ="org.junit.internal.runners" value ="1"/>
         <Value name="invoke" source ="TestMethod.java" package ="org.junit.internal.runners" value ="1"/>
         <Value name="isUnexpected" source ="TestMethod.java" package ="org.junit.internal.runners" value ="1"/>
         <Value name="addDimension" source ="ArrayComparisonFailure.java" package ="org.junit.internal" value ="1"/>
         <Value name="AssumptionViolatedException" source ="AssumptionViolatedException.java" package ="org.junit.internal" value ="1"/>
         <Value name="describeTo" source ="AssumptionViolatedException.java" package ="org.junit.internal" value ="1"/>
         <Value name="isArray" source ="ComparisonCriteria.java" package ="org.junit.internal" value ="1"/>
         <Value name="InexactComparisonCriteria" source ="InexactComparisonCriteria.java" package ="org.junit.internal" value ="1"/>
         <Value name="exit" source ="RealSystem.java" package ="org.junit.internal" value ="1"/>
         <Value name="TextListener" source ="TextListener.java" package ="org.junit.internal" value ="1"/>
         <Value name="TextListener" source ="TextListener.java" package ="org.junit.internal" value ="1"/>
         <Value name="elapsedTimeAsString" source ="TextListener.java" package ="org.junit.internal" value ="1"/>
         <Value name="printFailures" source ="TextListener.java" package ="org.junit.internal" value ="1"/>
         <Value name="printFooter" source ="TextListener.java" package ="org.junit.internal" value ="1"/>
         <Value name="printHeader" source ="TextListener.java" package ="org.junit.internal" value ="1"/>
         <Value name="testFailure" source ="TextListener.java" package ="org.junit.internal" value ="1"/>
         <Value name="testIgnored" source ="TextListener.java" package ="org.junit.internal" value ="1"/>
         <Value name="testRunFinished" source ="TextListener.java" package ="org.junit.internal" value ="1"/>
         <Value name="testStarted" source ="TextListener.java" package ="org.junit.internal" value ="1"/>
         <Value name="both" source ="JUnitMatchers.java" package ="org.junit.matchers" value ="1"/>
         <Value name="containsString" source ="JUnitMatchers.java" package ="org.junit.matchers" value ="1"/>
         <Value name="either" source ="JUnitMatchers.java" package ="org.junit.matchers" value ="1"/>
         <Value name="everyItem" source ="JUnitMatchers.java" package ="org.junit.matchers" value ="1"/>
         <Value name="hasItems" source ="JUnitMatchers.java" package ="org.junit.matchers" value ="1"/>
         <Value name="hasItems" source ="JUnitMatchers.java" package ="org.junit.matchers" value ="1"/>
         <Value name="hasItem" source ="JUnitMatchers.java" package ="org.junit.matchers" value ="1"/>
         <Value name="hasItem" source ="JUnitMatchers.java" package ="org.junit.matchers" value ="1"/>
         <Value name="addError" source ="ErrorCollector.java" package ="org.junit.rules" value ="1"/>
         <Value name="checkSucceeds" source ="ErrorCollector.java" package ="org.junit.rules" value ="1"/>
         <Value name="ExpectedExceptionStatement" source ="ExpectedException.java" package ="org.junit.rules" value ="1"/>
         <Value name="expectMessage" source ="ExpectedException.java" package ="org.junit.rules" value ="1"/>
         <Value name="expectMessage" source ="ExpectedException.java" package ="org.junit.rules" value ="1"/>
         <Value name="expect" source ="ExpectedException.java" package ="org.junit.rules" value ="1"/>
         <Value name="expect" source ="ExpectedException.java" package ="org.junit.rules" value ="1"/>
         <Value name="hasMessage" source ="ExpectedException.java" package ="org.junit.rules" value ="1"/>
         <Value name="statement" source ="ExternalResource.java" package ="org.junit.rules" value ="1"/>
         <Value name="newFile" source ="TemporaryFolder.java" package ="org.junit.rules" value ="1"/>
         <Value name="newFolder" source ="TemporaryFolder.java" package ="org.junit.rules" value ="1"/>
         <Value name="recursiveDelete" source ="TemporaryFolder.java" package ="org.junit.rules" value ="1"/>
         <Value name="starting" source ="TestName.java" package ="org.junit.rules" value ="1"/>
         <Value name="finished" source ="TestWatcher.java" package ="org.junit.rules" value ="1"/>
         <Value name="starting" source ="TestWatcher.java" package ="org.junit.rules" value ="1"/>
         <Value name="succeeded" source ="TestWatcher.java" package ="org.junit.rules" value ="1"/>
         <Value name="finished" source ="TestWatchman.java" package ="org.junit.rules" value ="1"/>
         <Value name="starting" source ="TestWatchman.java" package ="org.junit.rules" value ="1"/>
         <Value name="succeeded" source ="TestWatchman.java" package ="org.junit.rules" value ="1"/>
         <Value name="Timeout" source ="Timeout.java" package ="org.junit.rules" value ="1"/>
         <Value name="apply" source ="Filter.java" package ="org.junit.runner.manipulation" value ="1"/>
         <Value name="matchMethodDescription" source ="Filter.java" package ="org.junit.runner.manipulation" value ="1"/>
         <Value name="shouldRun" source ="Filter.java" package ="org.junit.runner.manipulation" value ="1"/>
         <Value name="Sorter" source ="Sorter.java" package ="org.junit.runner.manipulation" value ="1"/>
         <Value name="apply" source ="Sorter.java" package ="org.junit.runner.manipulation" value ="1"/>
         <Value name="testAssumptionFailure" source ="RunListener.java" package ="org.junit.runner.notification" value ="1"/>
         <Value name="testFailure" source ="RunListener.java" package ="org.junit.runner.notification" value ="1"/>
         <Value name="testFinished" source ="RunListener.java" package ="org.junit.runner.notification" value ="1"/>
         <Value name="testIgnored" source ="RunListener.java" package ="org.junit.runner.notification" value ="1"/>
         <Value name="testRunFinished" source ="RunListener.java" package ="org.junit.runner.notification" value ="1"/>
         <Value name="testRunStarted" source ="RunListener.java" package ="org.junit.runner.notification" value ="1"/>
         <Value name="testStarted" source ="RunListener.java" package ="org.junit.runner.notification" value ="1"/>
         <Value name="notifyListener" source ="RunNotifier.java" package ="org.junit.runner.notification" value ="1"/>
         <Value name="addFirstListener" source ="RunNotifier.java" package ="org.junit.runner.notification" value ="1"/>
         <Value name="addListener" source ="RunNotifier.java" package ="org.junit.runner.notification" value ="1"/>
         <Value name="fireTestAssumptionFailed" source ="RunNotifier.java" package ="org.junit.runner.notification" value ="1"/>
         <Value name="fireTestFailure" source ="RunNotifier.java" package ="org.junit.runner.notification" value ="1"/>
         <Value name="fireTestFinished" source ="RunNotifier.java" package ="org.junit.runner.notification" value ="1"/>
         <Value name="fireTestIgnored" source ="RunNotifier.java" package ="org.junit.runner.notification" value ="1"/>
         <Value name="fireTestRunFinished" source ="RunNotifier.java" package ="org.junit.runner.notification" value ="1"/>
         <Value name="fireTestRunStarted" source ="RunNotifier.java" package ="org.junit.runner.notification" value ="1"/>
         <Value name="fireTestStarted" source ="RunNotifier.java" package ="org.junit.runner.notification" value ="1"/>
         <Value name="removeListener" source ="RunNotifier.java" package ="org.junit.runner.notification" value ="1"/>
         <Value name="FrameworkField" source ="FrameworkField.java" package ="org.junit.runners.model" value ="1"/>
         <Value name="get" source ="FrameworkField.java" package ="org.junit.runners.model" value ="1"/>
         <Value name="isShadowedBy" source ="FrameworkField.java" package ="org.junit.runners.model" value ="1"/>
         <Value name="isShadowedBy" source ="FrameworkMember.java" package ="org.junit.runners.model" value ="1"/>
         <Value name="isShadowedBy" source ="FrameworkMember.java" package ="org.junit.runners.model" value ="1"/>
         <Value name="FrameworkMethod" source ="FrameworkMethod.java" package ="org.junit.runners.model" value ="1"/>
         <Value name="equals" source ="FrameworkMethod.java" package ="org.junit.runners.model" value ="1"/>
         <Value name="getAnnotation" source ="FrameworkMethod.java" package ="org.junit.runners.model" value ="1"/>
         <Value name="isShadowedBy" source ="FrameworkMethod.java" package ="org.junit.runners.model" value ="1"/>
         <Value name="producesType" source ="FrameworkMethod.java" package ="org.junit.runners.model" value ="1"/>
         <Value name="InitializationError" source ="InitializationError.java" package ="org.junit.runners.model" value ="1"/>
         <Value name="InitializationError" source ="InitializationError.java" package ="org.junit.runners.model" value ="1"/>
         <Value name="InitializationError" source ="InitializationError.java" package ="org.junit.runners.model" value ="1"/>
         <Value name="addParent" source ="RunnerBuilder.java" package ="org.junit.runners.model" value ="1"/>
         <Value name="removeParent" source ="RunnerBuilder.java" package ="org.junit.runners.model" value ="1"/>
         <Value name="runnerForClass" source ="RunnerBuilder.java" package ="org.junit.runners.model" value ="1"/>
         <Value name="runners" source ="RunnerBuilder.java" package ="org.junit.runners.model" value ="1"/>
         <Value name="safeRunnerForClass" source ="RunnerBuilder.java" package ="org.junit.runners.model" value ="1"/>
         <Value name="TestClass" source ="TestClass.java" package ="org.junit.runners.model" value ="1"/>
         <Value name="getAnnotatedFields" source ="TestClass.java" package ="org.junit.runners.model" value ="1"/>
         <Value name="getAnnotatedMethods" source ="TestClass.java" package ="org.junit.runners.model" value ="1"/>
         <Value name="getSuperClasses" source ="TestClass.java" package ="org.junit.runners.model" value ="1"/>
         <Value name="runsTopToBottom" source ="TestClass.java" package ="org.junit.runners.model" value ="1"/>
         <Value name="AllTests" source ="AllTests.java" package ="org.junit.runners" value ="1"/>
         <Value name="BlockJUnit4ClassRunner" source ="BlockJUnit4ClassRunner.java" package ="org.junit.runners" value ="1"/>
         <Value name="collectInitializationErrors" source ="BlockJUnit4ClassRunner.java" package ="org.junit.runners" value ="1"/>
         <Value name="describeChild" source ="BlockJUnit4ClassRunner.java" package ="org.junit.runners" value ="1"/>
         <Value name="expectsException" source ="BlockJUnit4ClassRunner.java" package ="org.junit.runners" value ="1"/>
         <Value name="getExpectedException" source ="BlockJUnit4ClassRunner.java" package ="org.junit.runners" value ="1"/>
         <Value name="getMethodRules" source ="BlockJUnit4ClassRunner.java" package ="org.junit.runners" value ="1"/>
         <Value name="getTestRules" source ="BlockJUnit4ClassRunner.java" package ="org.junit.runners" value ="1"/>
         <Value name="getTimeout" source ="BlockJUnit4ClassRunner.java" package ="org.junit.runners" value ="1"/>
         <Value name="isMethodRule" source ="BlockJUnit4ClassRunner.java" package ="org.junit.runners" value ="1"/>
         <Value name="isTestRule" source ="BlockJUnit4ClassRunner.java" package ="org.junit.runners" value ="1"/>
         <Value name="methodBlock" source ="BlockJUnit4ClassRunner.java" package ="org.junit.runners" value ="1"/>
         <Value name="runIgnored" source ="BlockJUnit4ClassRunner.java" package ="org.junit.runners" value ="1"/>
         <Value name="testName" source ="BlockJUnit4ClassRunner.java" package ="org.junit.runners" value ="1"/>
         <Value name="validateConstructor" source ="BlockJUnit4ClassRunner.java" package ="org.junit.runners" value ="1"/>
         <Value name="validateFields" source ="BlockJUnit4ClassRunner.java" package ="org.junit.runners" value ="1"/>
         <Value name="validateInstanceMethods" source ="BlockJUnit4ClassRunner.java" package ="org.junit.runners" value ="1"/>
         <Value name="validateOnlyOneConstructor" source ="BlockJUnit4ClassRunner.java" package ="org.junit.runners" value ="1"/>
         <Value name="validateTestMethods" source ="BlockJUnit4ClassRunner.java" package ="org.junit.runners" value ="1"/>
         <Value name="validateZeroArgConstructor" source ="BlockJUnit4ClassRunner.java" package ="org.junit.runners" value ="1"/>
         <Value name="JUnit4" source ="JUnit4.java" package ="org.junit.runners" value ="1"/>
         <Value name="classBlock" source ="Parameterized.java" package ="org.junit.runners" value ="1"/>
         <Value name="testName" source ="Parameterized.java" package ="org.junit.runners" value ="1"/>
         <Value name="validateConstructor" source ="Parameterized.java" package ="org.junit.runners" value ="1"/>
         <Value name="Parameterized" source ="Parameterized.java" package ="org.junit.runners" value ="1"/>
         <Value name="getParametersList" source ="Parameterized.java" package ="org.junit.runners" value ="1"/>
         <Value name="getParametersMethod" source ="Parameterized.java" package ="org.junit.runners" value ="1"/>
         <Value name="ParentRunner" source ="ParentRunner.java" package ="org.junit.runners" value ="1"/>
         <Value name="childrenInvoker" source ="ParentRunner.java" package ="org.junit.runners" value ="1"/>
         <Value name="classBlock" source ="ParentRunner.java" package ="org.junit.runners" value ="1"/>
         <Value name="collectInitializationErrors" source ="ParentRunner.java" package ="org.junit.runners" value ="1"/>
         <Value name="describeChild" source ="ParentRunner.java" package ="org.junit.runners" value ="1"/>
         <Value name="filterChild" source ="ParentRunner.java" package ="org.junit.runners" value ="1"/>
         <Value name="filter" source ="ParentRunner.java" package ="org.junit.runners" value ="1"/>
         <Value name="getClassRule" source ="ParentRunner.java" package ="org.junit.runners" value ="1"/>
         <Value name="runChildren" source ="ParentRunner.java" package ="org.junit.runners" value ="1"/>
         <Value name="run" source ="ParentRunner.java" package ="org.junit.runners" value ="1"/>
         <Value name="setScheduler" source ="ParentRunner.java" package ="org.junit.runners" value ="1"/>
         <Value name="shouldRun" source ="ParentRunner.java" package ="org.junit.runners" value ="1"/>
         <Value name="sortChild" source ="ParentRunner.java" package ="org.junit.runners" value ="1"/>
         <Value name="sort" source ="ParentRunner.java" package ="org.junit.runners" value ="1"/>
         <Value name="withAfterClasses" source ="ParentRunner.java" package ="org.junit.runners" value ="1"/>
         <Value name="withBeforeClasses" source ="ParentRunner.java" package ="org.junit.runners" value ="1"/>
         <Value name="withClassRules" source ="ParentRunner.java" package ="org.junit.runners" value ="1"/>
         <Value name="describeChild" source ="Suite.java" package ="org.junit.runners" value ="1"/>
         <Value name="getAnnotatedClasses" source ="Suite.java" package ="org.junit.runners" value ="1"/>
         <Value name="addChild" source ="Description.java" package ="org.junit.runner" value ="1"/>
         <Value name="createSuiteDescription" source ="Description.java" package ="org.junit.runner" value ="1"/>
         <Value name="equals" source ="Description.java" package ="org.junit.runner" value ="1"/>
         <Value name="getAnnotation" source ="Description.java" package ="org.junit.runner" value ="1"/>
         <Value name="addListener" source ="JUnitCore.java" package ="org.junit.runner" value ="1"/>
         <Value name="main" source ="JUnitCore.java" package ="org.junit.runner" value ="1"/>
         <Value name="removeListener" source ="JUnitCore.java" package ="org.junit.runner" value ="1"/>
         <Value name="runClasses" source ="JUnitCore.java" package ="org.junit.runner" value ="1"/>
         <Value name="run" source ="JUnitCore.java" package ="org.junit.runner" value ="1"/>
         <Value name="run" source ="JUnitCore.java" package ="org.junit.runner" value ="1"/>
         <Value name="run" source ="JUnitCore.java" package ="org.junit.runner" value ="1"/>
         <Value name="run" source ="JUnitCore.java" package ="org.junit.runner" value ="1"/>
         <Value name="aClass" source ="Request.java" package ="org.junit.runner" value ="1"/>
         <Value name="classWithoutSuiteMethod" source ="Request.java" package ="org.junit.runner" value ="1"/>
         <Value name="classes" source ="Request.java" package ="org.junit.runner" value ="1"/>
         <Value name="filterWith" source ="Request.java" package ="org.junit.runner" value ="1"/>
         <Value name="filterWith" source ="Request.java" package ="org.junit.runner" value ="1"/>
         <Value name="runner" source ="Request.java" package ="org.junit.runner" value ="1"/>
         <Value name="sortWith" source ="Request.java" package ="org.junit.runner" value ="1"/>
         <Value name="testAssumptionFailure" source ="Result.java" package ="org.junit.runner" value ="1"/>
         <Value name="testFailure" source ="Result.java" package ="org.junit.runner" value ="1"/>
         <Value name="testFinished" source ="Result.java" package ="org.junit.runner" value ="1"/>
         <Value name="testIgnored" source ="Result.java" package ="org.junit.runner" value ="1"/>
         <Value name="testRunFinished" source ="Result.java" package ="org.junit.runner" value ="1"/>
         <Value name="testRunStarted" source ="Result.java" package ="org.junit.runner" value ="1"/>
         <Value name="run" source ="Runner.java" package ="org.junit.runner" value ="1"/>
         <Value name="assertFalse" source ="Assert.java" package ="org.junit" value ="1"/>
         <Value name="assertNotNull" source ="Assert.java" package ="org.junit" value ="1"/>
         <Value name="assertNull" source ="Assert.java" package ="org.junit" value ="1"/>
         <Value name="assertTrue" source ="Assert.java" package ="org.junit" value ="1"/>
         <Value name="failSame" source ="Assert.java" package ="org.junit" value ="1"/>
         <Value name="fail" source ="Assert.java" package ="org.junit" value ="1"/>
         <Value name="assumeNoException" source ="Assume.java" package ="org.junit" value ="1"/>
         <Value name="assumeNotNull" source ="Assume.java" package ="org.junit" value ="1"/>
         <Value name="assumeTrue" source ="Assume.java" package ="org.junit" value ="1"/>
         <Value name="compactString" source ="ComparisonFailure.java" package ="org.junit" value ="1"/>
         <Value name="compact" source ="ComparisonFailure.java" package ="org.junit" value ="1"/>
         <Value name="addMoneyBag" source ="Money.java" package ="junit.samples.money" value ="1"/>
         <Value name="addMoney" source ="Money.java" package ="junit.samples.money" value ="1"/>
         <Value name="add" source ="Money.java" package ="junit.samples.money" value ="1"/>
         <Value name="appendTo" source ="Money.java" package ="junit.samples.money" value ="1"/>
         <Value name="equals" source ="Money.java" package ="junit.samples.money" value ="1"/>
         <Value name="multiply" source ="Money.java" package ="junit.samples.money" value ="1"/>
         <Value name="subtract" source ="Money.java" package ="junit.samples.money" value ="1"/>
         <Value name="addMoneyBag" source ="MoneyBag.java" package ="junit.samples.money" value ="1"/>
         <Value name="addMoney" source ="MoneyBag.java" package ="junit.samples.money" value ="1"/>
         <Value name="add" source ="MoneyBag.java" package ="junit.samples.money" value ="1"/>
         <Value name="appendBag" source ="MoneyBag.java" package ="junit.samples.money" value ="1"/>
         <Value name="appendMoney" source ="MoneyBag.java" package ="junit.samples.money" value ="1"/>
         <Value name="appendTo" source ="MoneyBag.java" package ="junit.samples.money" value ="1"/>
         <Value name="contains" source ="MoneyBag.java" package ="junit.samples.money" value ="1"/>
         <Value name="equals" source ="MoneyBag.java" package ="junit.samples.money" value ="1"/>
         <Value name="findMoney" source ="MoneyBag.java" package ="junit.samples.money" value ="1"/>
         <Value name="multiply" source ="MoneyBag.java" package ="junit.samples.money" value ="1"/>
         <Value name="subtract" source ="MoneyBag.java" package ="junit.samples.money" value ="1"/>
         <Value name="main" source ="MoneyTest.java" package ="junit.samples.money" value ="1"/>
         <Value name="main" source ="AllTests.java" package ="junit.samples" value ="1"/>
         <Value name="main" source ="ListTest.java" package ="junit.samples" value ="1"/>
         <Value name="main" source ="SimpleTest.java" package ="junit.samples" value ="1"/>
         <Value name="main" source ="AllTests.java" package ="junit.tests.extensions" value ="1"/>
         <Value name="TornDown" source ="ExtensionTest.java" package ="junit.tests.extensions" value ="1"/>
         <Value name="RepeatedTestTest" source ="RepeatedTestTest.java" package ="junit.tests.extensions" value ="1"/>
         <Value name="main" source ="AllTests.java" package ="junit.tests.framework" value ="1"/>
         <Value name="testCase" source ="OneTestCase.java" package ="junit.tests.framework" value ="1"/>
         <Value name="SuiteTest" source ="SuiteTest.java" package ="junit.tests.framework" value ="1"/>
         <Value name="verifyError" source ="TestCaseTest.java" package ="junit.tests.framework" value ="1"/>
         <Value name="verifyFailure" source ="TestCaseTest.java" package ="junit.tests.framework" value ="1"/>
         <Value name="verifySuccess" source ="TestCaseTest.java" package ="junit.tests.framework" value ="1"/>
         <Value name="DoubleTestCase" source ="TestImplementorTest.java" package ="junit.tests.framework" value ="1"/>
         <Value name="run" source ="TestImplementorTest.java" package ="junit.tests.framework" value ="1"/>
         <Value name="endTest" source ="TestListenerTest.java" package ="junit.tests.framework" value ="1"/>
         <Value name="startTest" source ="TestListenerTest.java" package ="junit.tests.framework" value ="1"/>
         <Value name="main" source ="AllTests.java" package ="junit.tests.runner" value ="1"/>
         <Value name="runFailed" source ="BaseTestRunnerTest.java" package ="junit.tests.runner" value ="1"/>
         <Value name="testEnded" source ="BaseTestRunnerTest.java" package ="junit.tests.runner" value ="1"/>
         <Value name="testStarted" source ="BaseTestRunnerTest.java" package ="junit.tests.runner" value ="1"/>
         <Value name="TestResultPrinter" source ="TextFeedbackTest.java" package ="junit.tests.runner" value ="1"/>
         <Value name="elapsedTimeAsString" source ="TextFeedbackTest.java" package ="junit.tests.runner" value ="1"/>
         <Value name="expected" source ="TextFeedbackTest.java" package ="junit.tests.runner" value ="1"/>
         <Value name="main" source ="TextFeedbackTest.java" package ="junit.tests.runner" value ="1"/>
         <Value name="main" source ="AllTests.java" package ="junit.tests" value ="1"/>
         <Value name="main" source ="ListTest.java" package ="org.junit.samples" value ="1"/>
         <Value name="describe" source ="AnnotatedDescriptionTest.java" package ="org.junit.tests.description" value ="1"/>
         <Value name="ParameterizedTestWithAttemptedMethodCategory" source ="CategoriesAndParameterizedTest.java" package ="org.junit.tests.experimental.categories" value ="1"/>
         <Value name="WellBehavedParameterizedTest" source ="CategoriesAndParameterizedTest.java" package ="org.junit.tests.experimental.categories" value ="1"/>
         <Value name="assertFilterLeavesTestUnscathed" source ="MaxStarterTest.java" package ="org.junit.tests.experimental.max" value ="1"/>
         <Value name="greaterThan" source ="ParallelClassTest.java" package ="org.junit.tests.experimental.parallel" value ="1"/>
         <Value name="includeMultipleFailures" source ="PrintableResultTest.java" package ="org.junit.tests.experimental.results" value ="1"/>
         <Value name="hasFailuresDescriptionReflectsInput" source ="ResultMatchersTest.java" package ="org.junit.tests.experimental.results" value ="1"/>
         <Value name="startsWith" source ="ExpectedExceptionRuleTest.java" package ="org.junit.tests.experimental.rules" value ="1"/>
         <Value name="GuessMap" source ="Guesser.java" package ="org.junit.tests.experimental.theories.extendingwithstubs" value ="1"/>
         <Value name="generateGuess" source ="Guesser.java" package ="org.junit.tests.experimental.theories.extendingwithstubs" value ="1"/>
         <Value name="getGuess" source ="Guesser.java" package ="org.junit.tests.experimental.theories.extendingwithstubs" value ="1"/>
         <Value name="Guesser" source ="Guesser.java" package ="org.junit.tests.experimental.theories.extendingwithstubs" value ="1"/>
         <Value name="reguesses" source ="Guesser.java" package ="org.junit.tests.experimental.theories.extendingwithstubs" value ="1"/>
         <Value name="ReguessableDecorator" source ="GuesserQueue.java" package ="org.junit.tests.experimental.theories.extendingwithstubs" value ="1"/>
         <Value name="reguesses" source ="GuesserQueue.java" package ="org.junit.tests.experimental.theories.extendingwithstubs" value ="1"/>
         <Value name="forSingleValues" source ="GuesserQueue.java" package ="org.junit.tests.experimental.theories.extendingwithstubs" value ="1"/>
         <Value name="remove" source ="GuesserQueue.java" package ="org.junit.tests.experimental.theories.extendingwithstubs" value ="1"/>
         <Value name="update" source ="GuesserQueue.java" package ="org.junit.tests.experimental.theories.extendingwithstubs" value ="1"/>
         <Value name="equals" source ="MethodCall.java" package ="org.junit.tests.experimental.theories.extendingwithstubs" value ="1"/>
         <Value name="stringableObject" source ="MethodCall.java" package ="org.junit.tests.experimental.theories.extendingwithstubs" value ="1"/>
         <Value name="reguesses" source ="ReguessableValue.java" package ="org.junit.tests.experimental.theories.extendingwithstubs" value ="1"/>
         <Value name="StringableObject" source ="StringableObject.java" package ="org.junit.tests.experimental.theories.extendingwithstubs" value ="1"/>
         <Value name="createGuesserQueue" source ="StubbedTheories.java" package ="org.junit.tests.experimental.theories.extendingwithstubs" value ="1"/>
         <Value name="handleAssumptionViolation" source ="StubbedTheories.java" package ="org.junit.tests.experimental.theories.extendingwithstubs" value ="1"/>
         <Value name="runWithIncompleteAssignment" source ="StubbedTheories.java" package ="org.junit.tests.experimental.theories.extendingwithstubs" value ="1"/>
         <Value name="StubbedTheories" source ="StubbedTheories.java" package ="org.junit.tests.experimental.theories.extendingwithstubs" value ="1"/>
         <Value name="methodBlock" source ="StubbedTheories.java" package ="org.junit.tests.experimental.theories.extendingwithstubs" value ="1"/>
         <Value name="ask" source ="StubbedTheoriesTest.java" package ="org.junit.tests.experimental.theories.extendingwithstubs" value ="1"/>
         <Value name="stringsAreOK" source ="SuccessfulWithDataPointFields.java" package ="org.junit.tests.experimental.theories.runner" value ="1"/>
         <Value name="stringsAreOK" source ="SuccessfulWithDataPointFields.java" package ="org.junit.tests.experimental.theories.runner" value ="1"/>
         <Value name="DifferentTypesInConstructor" source ="SuccessfulWithDataPointFields.java" package ="org.junit.tests.experimental.theories.runner" value ="1"/>
         <Value name="yesIndeed" source ="SuccessfulWithDataPointFields.java" package ="org.junit.tests.experimental.theories.runner" value ="1"/>
         <Value name="addToEmptyList" source ="SuccessfulWithDataPointFields.java" package ="org.junit.tests.experimental.theories.runner" value ="1"/>
         <Value name="stringsAreOK" source ="SuccessfulWithDataPointFields.java" package ="org.junit.tests.experimental.theories.runner" value ="1"/>
         <Value name="PositiveIntsWithMethodParams" source ="SuccessfulWithDataPointFields.java" package ="org.junit.tests.experimental.theories.runner" value ="1"/>
         <Value name="haveAPostiveSquare" source ="SuccessfulWithDataPointFields.java" package ="org.junit.tests.experimental.theories.runner" value ="1"/>
         <Value name="PositiveIntsWithNegativeField" source ="SuccessfulWithDataPointFields.java" package ="org.junit.tests.experimental.theories.runner" value ="1"/>
         <Value name="PositiveInts" source ="SuccessfulWithDataPointFields.java" package ="org.junit.tests.experimental.theories.runner" value ="1"/>
         <Value name="onlyAnnotatedFields" source ="SuccessfulWithDataPointFields.java" package ="org.junit.tests.experimental.theories.runner" value ="1"/>
         <Value name="numbers" source ="UnsuccessfulWithDataPointFields.java" package ="org.junit.tests.experimental.theories.runner" value ="1"/>
         <Value name="everythingIsZero" source ="UnsuccessfulWithDataPointFields.java" package ="org.junit.tests.experimental.theories.runner" value ="1"/>
         <Value name="everythingIsA" source ="UnsuccessfulWithDataPointFields.java" package ="org.junit.tests.experimental.theories.runner" value ="1"/>
         <Value name="numbers" source ="UnsuccessfulWithDataPointFields.java" package ="org.junit.tests.experimental.theories.runner" value ="1"/>
         <Value name="nonZeroIntsAreFun" source ="WhenNoParametersMatch.java" package ="org.junit.tests.experimental.theories.runner" value ="1"/>
         <Value name="allIntsOk" source ="WithDataPointMethod.java" package ="org.junit.tests.experimental.theories.runner" value ="1"/>
         <Value name="allIntsOk" source ="WithDataPointMethod.java" package ="org.junit.tests.experimental.theories.runner" value ="1"/>
         <Value name="onlyDatesOk" source ="WithDataPointMethod.java" package ="org.junit.tests.experimental.theories.runner" value ="1"/>
         <Value name="onlyStringsOk" source ="WithDataPointMethod.java" package ="org.junit.tests.experimental.theories.runner" value ="1"/>
         <Value name="allIntsOk" source ="WithDataPointMethod.java" package ="org.junit.tests.experimental.theories.runner" value ="1"/>
         <Value name="failures" source ="WithDataPointMethod.java" package ="org.junit.tests.experimental.theories.runner" value ="1"/>
         <Value name="potentialValues" source ="WithDataPointMethod.java" package ="org.junit.tests.experimental.theories.runner" value ="1"/>
         <Value name="addToLog" source ="WithExtendedParameterSources.java" package ="org.junit.tests.experimental.theories.runner" value ="1"/>
         <Value name="addToLog" source ="WithExtendedParameterSources.java" package ="org.junit.tests.experimental.theories.runner" value ="1"/>
         <Value name="addToLog" source ="WithExtendedParameterSources.java" package ="org.junit.tests.experimental.theories.runner" value ="1"/>
         <Value name="addToLog" source ="WithExtendedParameterSources.java" package ="org.junit.tests.experimental.theories.runner" value ="1"/>
         <Value name="everythingIsOne" source ="WithExtendedParameterSources.java" package ="org.junit.tests.experimental.theories.runner" value ="1"/>
         <Value name="allStringsAreNonNull" source ="WithExtendedParameterSources.java" package ="org.junit.tests.experimental.theories.runner" value ="1"/>
         <Value name="testMethod" source ="WithOnlyTestAnnotations.java" package ="org.junit.tests.experimental.theories.runner" value ="1"/>
         <Value name="HasDataPoints" source ="AllMembersSupplierTest.java" package ="org.junit.tests.experimental.theories" value ="1"/>
         <Value name="foo" source ="ParameterSignatureTest.java" package ="org.junit.tests.experimental.theories" value ="1"/>
         <Value name="failure" source ="MatcherTest.java" package ="org.junit.tests.experimental" value ="1"/>
         <Value name="TestResultPrinter" source ="ForwardCompatibilityPrintingTest.java" package ="org.junit.tests.junit3compatibility" value ="1"/>
         <Value name="elapsedTimeAsString" source ="ForwardCompatibilityPrintingTest.java" package ="org.junit.tests.junit3compatibility" value ="1"/>
         <Value name="expected" source ="ForwardCompatibilityPrintingTest.java" package ="org.junit.tests.junit3compatibility" value ="1"/>
         <Value name="MarkerRunner" source ="ForwardCompatibilityTest.java" package ="org.junit.tests.junit3compatibility" value ="1"/>
         <Value name="run" source ="ForwardCompatibilityTest.java" package ="org.junit.tests.junit3compatibility" value ="1"/>
         <Value name="CantInitialize" source ="InitializationErrorForwardCompatibilityTest.java" package ="org.junit.tests.junit3compatibility" value ="1"/>
         <Value name="run" source ="InitializationErrorForwardCompatibilityTest.java" package ="org.junit.tests.junit3compatibility" value ="1"/>
         <Value name="endTest" source ="InitializationErrorForwardCompatibilityTest.java" package ="org.junit.tests.junit3compatibility" value ="1"/>
         <Value name="startTest" source ="InitializationErrorForwardCompatibilityTest.java" package ="org.junit.tests.junit3compatibility" value ="1"/>
         <Value name="InitializesWithError" source ="InitializationErrorForwardCompatibilityTest.java" package ="org.junit.tests.junit3compatibility" value ="1"/>
         <Value name="OldTest" source ="SuiteMethodTest.java" package ="org.junit.tests.junit3compatibility" value ="1"/>
         <Value name="testRunStarted" source ="RunnerTest.java" package ="org.junit.tests.listening" value ="1"/>
         <Value name="testRunStarted" source ="TestListenerTest.java" package ="org.junit.tests.listening" value ="1"/>
         <Value name="testRunStarted" source ="TestListenerTest.java" package ="org.junit.tests.listening" value ="1"/>
         <Value name="convert" source ="TextListenerTest.java" package ="org.junit.tests.listening" value ="1"/>
         <Value name="FilteredRunner" source ="FilterableTest.java" package ="org.junit.tests.manipulation" value ="1"/>
         <Value name="FilteredTest" source ="FilterableTest.java" package ="org.junit.tests.manipulation" value ="1"/>
         <Value name="ParameterizedOneTimeBeforeClass" source ="SingleMethodTest.java" package ="org.junit.tests.manipulation" value ="1"/>
         <Value name="ParameterizedOneTimeSetup" source ="SingleMethodTest.java" package ="org.junit.tests.manipulation" value ="1"/>
         <Value name="BeforeAndAfter" source ="ParameterizedTestTest.java" package ="org.junit.tests.running.classes" value ="1"/>
         <Value name="fib" source ="ParameterizedTestTest.java" package ="org.junit.tests.running.classes" value ="1"/>
         <Value name="PrivateConstructor" source ="ParameterizedTestTest.java" package ="org.junit.tests.running.classes" value ="1"/>
         <Value name="run" source ="RunWithTest.java" package ="org.junit.tests.running.classes" value ="1"/>
         <Value name="ExampleRunner" source ="RunWithTest.java" package ="org.junit.tests.running.classes" value ="1"/>
         <Value name="run" source ="RunWithTest.java" package ="org.junit.tests.running.classes" value ="1"/>
         <Value name="WithoutDefaultConstructor" source ="SuiteTest.java" package ="org.junit.tests.running.classes" value ="1"/>
         <Value name="TwoConstructors" source ="TestClassTest.java" package ="org.junit.tests.running.classes" value ="1"/>
         <Value name="MySuite" source ="UseSuiteAsASuperclassTest.java" package ="org.junit.tests.running.classes" value ="1"/>
         <Value name="main" source ="SystemExitTest.java" package ="org.junit.tests.running.core" value ="1"/>
         <Value name="argumentsAC" source ="ParameterizedTestMethodTest.java" package ="org.junit.tests.running.methods" value ="1"/>
         <Value name="argumentsA" source ="ParameterizedTestMethodTest.java" package ="org.junit.tests.running.methods" value ="1"/>
         <Value name="argumentsBC" source ="ParameterizedTestMethodTest.java" package ="org.junit.tests.running.methods" value ="1"/>
         <Value name="argumentsB" source ="ParameterizedTestMethodTest.java" package ="org.junit.tests.running.methods" value ="1"/>
         <Value name="argumentsT" source ="ParameterizedTestMethodTest.java" package ="org.junit.tests.running.methods" value ="1"/>
         <Value name="validateAllMethods" source ="ParameterizedTestMethodTest.java" package ="org.junit.tests.running.methods" value ="1"/>
         <Value name="a" source ="TestMethodTest.java" package ="org.junit.tests.running.methods" value ="1"/>
         <Value name="ConstructorParameter" source ="TestMethodTest.java" package ="org.junit.tests.running.methods" value ="1"/>
         <Value name="argumentsAC" source ="TestMethodTest.java" package ="org.junit.tests.running.methods" value ="1"/>
         <Value name="argumentsA" source ="TestMethodTest.java" package ="org.junit.tests.running.methods" value ="1"/>
         <Value name="argumentsBC" source ="TestMethodTest.java" package ="org.junit.tests.running.methods" value ="1"/>
         <Value name="argumentsB" source ="TestMethodTest.java" package ="org.junit.tests.running.methods" value ="1"/>
         <Value name="argumentsT" source ="TestMethodTest.java" package ="org.junit.tests.running.methods" value ="1"/>
         <Value name="validateAllMethods" source ="TestMethodTest.java" package ="org.junit.tests.running.methods" value ="1"/>
         <Value name="runAndTime" source ="TimeoutTest.java" package ="org.junit.tests.running.methods" value ="1"/>
         <Value name="exceptionMessageFrom" source ="BadlyFormedClassesTest.java" package ="org.junit.tests.validation" value ="1"/>
         <Value name="exit" source ="TestSystem.java" package ="org.junit.tests" value ="1"/>
         <Value name="ActiveTestSuite" source ="ActiveTestSuite.java" package ="junit.extensions" value ="0"/>
         <Value name="runFinished" source ="ActiveTestSuite.java" package ="junit.extensions" value ="0"/>
         <Value name="waitUntilFinished" source ="ActiveTestSuite.java" package ="junit.extensions" value ="0"/>
         <Value name="countTestCases" source ="RepeatedTest.java" package ="junit.extensions" value ="0"/>
         <Value name="toString" source ="RepeatedTest.java" package ="junit.extensions" value ="0"/>
         <Value name="countTestCases" source ="TestDecorator.java" package ="junit.extensions" value ="0"/>
         <Value name="getTest" source ="TestDecorator.java" package ="junit.extensions" value ="0"/>
         <Value name="toString" source ="TestDecorator.java" package ="junit.extensions" value ="0"/>
         <Value name="setUp" source ="TestSetup.java" package ="junit.extensions" value ="0"/>
         <Value name="tearDown" source ="TestSetup.java" package ="junit.extensions" value ="0"/>
         <Value name="Assert" source ="Assert.java" package ="junit.framework" value ="0"/>
         <Value name="fail" source ="Assert.java" package ="junit.framework" value ="0"/>
         <Value name="AssertionFailedError" source ="AssertionFailedError.java" package ="junit.framework" value ="0"/>
         <Value name="areStringsEqual" source ="ComparisonCompactor.java" package ="junit.framework" value ="0"/>
         <Value name="computeCommonPrefix" source ="ComparisonCompactor.java" package ="junit.framework" value ="0"/>
         <Value name="computeCommonSuffix" source ="ComparisonCompactor.java" package ="junit.framework" value ="0"/>
         <Value name="findCommonPrefix" source ="ComparisonCompactor.java" package ="junit.framework" value ="0"/>
         <Value name="findCommonSuffix" source ="ComparisonCompactor.java" package ="junit.framework" value ="0"/>
         <Value name="getActual" source ="ComparisonFailure.java" package ="junit.framework" value ="0"/>
         <Value name="getExpected" source ="ComparisonFailure.java" package ="junit.framework" value ="0"/>
         <Value name="getMessage" source ="ComparisonFailure.java" package ="junit.framework" value ="0"/>
         <Value name="countTestCases" source ="JUnit4TestAdapter.java" package ="junit.framework" value ="0"/>
         <Value name="getDescription" source ="JUnit4TestAdapter.java" package ="junit.framework" value ="0"/>
         <Value name="getTestClass" source ="JUnit4TestAdapter.java" package ="junit.framework" value ="0"/>
         <Value name="getTests" source ="JUnit4TestAdapter.java" package ="junit.framework" value ="0"/>
         <Value name="toString" source ="JUnit4TestAdapter.java" package ="junit.framework" value ="0"/>
         <Value name="getDefault" source ="JUnit4TestAdapterCache.java" package ="junit.framework" value ="0"/>
         <Value name="countTestCases" source ="JUnit4TestCaseFacade.java" package ="junit.framework" value ="0"/>
         <Value name="getDescription" source ="JUnit4TestCaseFacade.java" package ="junit.framework" value ="0"/>
         <Value name="toString" source ="JUnit4TestCaseFacade.java" package ="junit.framework" value ="0"/>
         <Value name="TestCase" source ="TestCase.java" package ="junit.framework" value ="0"/>
         <Value name="countTestCases" source ="TestCase.java" package ="junit.framework" value ="0"/>
         <Value name="createResult" source ="TestCase.java" package ="junit.framework" value ="0"/>
         <Value name="getName" source ="TestCase.java" package ="junit.framework" value ="0"/>
         <Value name="run" source ="TestCase.java" package ="junit.framework" value ="0"/>
         <Value name="runBare" source ="TestCase.java" package ="junit.framework" value ="0"/>
         <Value name="runTest" source ="TestCase.java" package ="junit.framework" value ="0"/>
         <Value name="setUp" source ="TestCase.java" package ="junit.framework" value ="0"/>
         <Value name="tearDown" source ="TestCase.java" package ="junit.framework" value ="0"/>
         <Value name="toString" source ="TestCase.java" package ="junit.framework" value ="0"/>
         <Value name="exceptionMessage" source ="TestFailure.java" package ="junit.framework" value ="0"/>
         <Value name="failedTest" source ="TestFailure.java" package ="junit.framework" value ="0"/>
         <Value name="isFailure" source ="TestFailure.java" package ="junit.framework" value ="0"/>
         <Value name="thrownException" source ="TestFailure.java" package ="junit.framework" value ="0"/>
         <Value name="toString" source ="TestFailure.java" package ="junit.framework" value ="0"/>
         <Value name="trace" source ="TestFailure.java" package ="junit.framework" value ="0"/>
         <Value name="TestResult" source ="TestResult.java" package ="junit.framework" value ="0"/>
         <Value name="cloneListeners" source ="TestResult.java" package ="junit.framework" value ="0"/>
         <Value name="errorCount" source ="TestResult.java" package ="junit.framework" value ="0"/>
         <Value name="errors" source ="TestResult.java" package ="junit.framework" value ="0"/>
         <Value name="failureCount" source ="TestResult.java" package ="junit.framework" value ="0"/>
         <Value name="failures" source ="TestResult.java" package ="junit.framework" value ="0"/>
         <Value name="runCount" source ="TestResult.java" package ="junit.framework" value ="0"/>
         <Value name="shouldStop" source ="TestResult.java" package ="junit.framework" value ="0"/>
         <Value name="stop" source ="TestResult.java" package ="junit.framework" value ="0"/>
         <Value name="wasSuccessful" source ="TestResult.java" package ="junit.framework" value ="0"/>
         <Value name="TestSuite" source ="TestSuite.java" package ="junit.framework" value ="0"/>
         <Value name="countTestCases" source ="TestSuite.java" package ="junit.framework" value ="0"/>
         <Value name="getName" source ="TestSuite.java" package ="junit.framework" value ="0"/>
         <Value name="testCount" source ="TestSuite.java" package ="junit.framework" value ="0"/>
         <Value name="tests" source ="TestSuite.java" package ="junit.framework" value ="0"/>
         <Value name="toString" source ="TestSuite.java" package ="junit.framework" value ="0"/>
         <Value name="clearStatus" source ="BaseTestRunner.java" package ="junit.runner" value ="0"/>
         <Value name="getPreferences" source ="BaseTestRunner.java" package ="junit.runner" value ="0"/>
         <Value name="getPreferencesFile" source ="BaseTestRunner.java" package ="junit.runner" value ="0"/>
         <Value name="readPreferences" source ="BaseTestRunner.java" package ="junit.runner" value ="0"/>
         <Value name="savePreferences" source ="BaseTestRunner.java" package ="junit.runner" value ="0"/>
         <Value name="showStackRaw" source ="BaseTestRunner.java" package ="junit.runner" value ="0"/>
         <Value name="useReloadingTestSuiteLoader" source ="BaseTestRunner.java" package ="junit.runner" value ="0"/>
         <Value name="Version" source ="Version.java" package ="junit.runner" value ="0"/>
         <Value name="id" source ="Version.java" package ="junit.runner" value ="0"/>
         <Value name="getWriter" source ="ResultPrinter.java" package ="junit.textui" value ="0"/>
         <Value name="printWaitPrompt" source ="ResultPrinter.java" package ="junit.textui" value ="0"/>
         <Value name="TestRunner" source ="TestRunner.java" package ="junit.textui" value ="0"/>
         <Value name="createTestResult" source ="TestRunner.java" package ="junit.textui" value ="0"/>
         <Value name="describe" source ="Categories.java" package ="org.junit.experimental.categories" value ="0"/>
         <Value name="listener" source ="MaxHistory.java" package ="org.junit.experimental.max" value ="0"/>
         <Value name="save" source ="MaxHistory.java" package ="org.junit.experimental.max" value ="0"/>
         <Value name="testComparator" source ="MaxHistory.java" package ="org.junit.experimental.max" value ="0"/>
         <Value name="result" source ="FailureList.java" package ="org.junit.experimental.results" value ="0"/>
         <Value name="failureCount" source ="PrintableResult.java" package ="org.junit.experimental.results" value ="0"/>
         <Value name="toString" source ="PrintableResult.java" package ="org.junit.experimental.results" value ="0"/>
         <Value name="isSuccessful" source ="ResultMatchers.java" package ="org.junit.experimental.results" value ="0"/>
         <Value name="get" source ="Listed.java" package ="org.junit.experimental.runners" value ="0"/>
         <Value name="computeRunners" source ="SuiteBuilder.java" package ="org.junit.experimental.runners" value ="0"/>
         <Value name="createInstance" source ="SuiteBuilder.java" package ="org.junit.experimental.runners" value ="0"/>
         <Value name="gatherClasses" source ="SuiteBuilder.java" package ="org.junit.experimental.runners" value ="0"/>
         <Value name="getDescription" source ="SuiteBuilder.java" package ="org.junit.experimental.runners" value ="0"/>
         <Value name="getFilters" source ="SuiteBuilder.java" package ="org.junit.experimental.runners" value ="0"/>
         <Value name="getDescription" source ="AllMembersSupplier.java" package ="org.junit.experimental.theories.internal" value ="0"/>
         <Value name="getValue" source ="AllMembersSupplier.java" package ="org.junit.experimental.theories.internal" value ="0"/>
         <Value name="getConstructorParameterCount" source ="Assignments.java" package ="org.junit.experimental.theories.internal" value ="0"/>
         <Value name="isComplete" source ="Assignments.java" package ="org.junit.experimental.theories.internal" value ="0"/>
         <Value name="nextUnassigned" source ="Assignments.java" package ="org.junit.experimental.theories.internal" value ="0"/>
         <Value name="potentialsForNextUnassigned" source ="Assignments.java" package ="org.junit.experimental.theories.internal" value ="0"/>
         <Value name="getAnnotations" source ="ParameterSignature.java" package ="org.junit.experimental.theories" value ="0"/>
         <Value name="getType" source ="ParameterSignature.java" package ="org.junit.experimental.theories" value ="0"/>
         <Value name="getDescription" source ="PotentialAssignment.java" package ="org.junit.experimental.theories" value ="0"/>
         <Value name="getValue" source ="PotentialAssignment.java" package ="org.junit.experimental.theories" value ="0"/>
         <Value name="evaluate" source ="Theories.java" package ="org.junit.experimental.theories" value ="0"/>
         <Value name="getTestClass" source ="Theories.java" package ="org.junit.experimental.theories" value ="0"/>
         <Value name="handleDataPointSuccess" source ="Theories.java" package ="org.junit.experimental.theories" value ="0"/>
         <Value name="nullsOk" source ="Theories.java" package ="org.junit.experimental.theories" value ="0"/>
         <Value name="computeTestMethods" source ="Theories.java" package ="org.junit.experimental.theories" value ="0"/>
         <Value name="classes" source ="ParallelComputer.java" package ="org.junit.experimental" value ="0"/>
         <Value name="methods" source ="ParallelComputer.java" package ="org.junit.experimental" value ="0"/>
         <Value name="annotatedBuilder" source ="AllDefaultPossibilitiesBuilder.java" package ="org.junit.internal.builders" value ="0"/>
         <Value name="ignoredBuilder" source ="AllDefaultPossibilitiesBuilder.java" package ="org.junit.internal.builders" value ="0"/>
         <Value name="junit3Builder" source ="AllDefaultPossibilitiesBuilder.java" package ="org.junit.internal.builders" value ="0"/>
         <Value name="junit4Builder" source ="AllDefaultPossibilitiesBuilder.java" package ="org.junit.internal.builders" value ="0"/>
         <Value name="suiteMethodBuilder" source ="AllDefaultPossibilitiesBuilder.java" package ="org.junit.internal.builders" value ="0"/>
         <Value name="getDescription" source ="IgnoredClassRunner.java" package ="org.junit.internal.builders" value ="0"/>
         <Value name="relationship" source ="StringContains.java" package ="org.junit.internal.matchers" value ="0"/>
         <Value name="relationship" source ="SubstringMatcher.java" package ="org.junit.internal.matchers" value ="0"/>
         <Value name="TypeSafeMatcher" source ="TypeSafeMatcher.java" package ="org.junit.internal.matchers" value ="0"/>
         <Value name="getRunner" source ="ClassRequest.java" package ="org.junit.internal.requests" value ="0"/>
         <Value name="getRunner" source ="FilterRequest.java" package ="org.junit.internal.requests" value ="0"/>
         <Value name="getRunner" source ="SortingRequest.java" package ="org.junit.internal.requests" value ="0"/>
         <Value name="fireTestFinished" source ="EachTestNotifier.java" package ="org.junit.internal.runners.model" value ="0"/>
         <Value name="fireTestIgnored" source ="EachTestNotifier.java" package ="org.junit.internal.runners.model" value ="0"/>
         <Value name="fireTestStarted" source ="EachTestNotifier.java" package ="org.junit.internal.runners.model" value ="0"/>
         <Value name="getFailures" source ="MultipleFailureException.java" package ="org.junit.internal.runners.model" value ="0"/>
         <Value name="run" source ="ReflectiveCallable.java" package ="org.junit.internal.runners.model" value ="0"/>
         <Value name="runReflectiveCall" source ="ReflectiveCallable.java" package ="org.junit.internal.runners.model" value ="0"/>
         <Value name="evaluate" source ="ExpectException.java" package ="org.junit.internal.runners.statements" value ="0"/>
         <Value name="evaluate" source ="Fail.java" package ="org.junit.internal.runners.statements" value ="0"/>
         <Value name="evaluate" source ="FailOnTimeout.java" package ="org.junit.internal.runners.statements" value ="0"/>
         <Value name="evaluate" source ="InvokeMethod.java" package ="org.junit.internal.runners.statements" value ="0"/>
         <Value name="evaluate" source ="RunAfters.java" package ="org.junit.internal.runners.statements" value ="0"/>
         <Value name="evaluate" source ="RunBefores.java" package ="org.junit.internal.runners.statements" value ="0"/>
         <Value name="runAfters" source ="ClassRoadie.java" package ="org.junit.internal.runners" value ="0"/>
         <Value name="runBefores" source ="ClassRoadie.java" package ="org.junit.internal.runners" value ="0"/>
         <Value name="runProtected" source ="ClassRoadie.java" package ="org.junit.internal.runners" value ="0"/>
         <Value name="runUnprotected" source ="ClassRoadie.java" package ="org.junit.internal.runners" value ="0"/>
         <Value name="getDescription" source ="ErrorReportingRunner.java" package ="org.junit.internal.runners" value ="0"/>
         <Value name="getCauses" source ="InitializationError.java" package ="org.junit.internal.runners" value ="0"/>
         <Value name="getDescription" source ="JUnit38ClassRunner.java" package ="org.junit.internal.runners" value ="0"/>
         <Value name="getTest" source ="JUnit38ClassRunner.java" package ="org.junit.internal.runners" value ="0"/>
         <Value name="classAnnotations" source ="JUnit4ClassRunner.java" package ="org.junit.internal.runners" value ="0"/>
         <Value name="createTest" source ="JUnit4ClassRunner.java" package ="org.junit.internal.runners" value ="0"/>
         <Value name="getDescription" source ="JUnit4ClassRunner.java" package ="org.junit.internal.runners" value ="0"/>
         <Value name="getName" source ="JUnit4ClassRunner.java" package ="org.junit.internal.runners" value ="0"/>
         <Value name="getTestClass" source ="JUnit4ClassRunner.java" package ="org.junit.internal.runners" value ="0"/>
         <Value name="getTestMethods" source ="JUnit4ClassRunner.java" package ="org.junit.internal.runners" value ="0"/>
         <Value name="validate" source ="JUnit4ClassRunner.java" package ="org.junit.internal.runners" value ="0"/>
         <Value name="run" source ="MethodRoadie.java" package ="org.junit.internal.runners" value ="0"/>
         <Value name="runAfters" source ="MethodRoadie.java" package ="org.junit.internal.runners" value ="0"/>
         <Value name="runBefores" source ="MethodRoadie.java" package ="org.junit.internal.runners" value ="0"/>
         <Value name="runTest" source ="MethodRoadie.java" package ="org.junit.internal.runners" value ="0"/>
         <Value name="runTestMethod" source ="MethodRoadie.java" package ="org.junit.internal.runners" value ="0"/>
         <Value name="assertValid" source ="MethodValidator.java" package ="org.junit.internal.runners" value ="0"/>
         <Value name="validateInstanceMethods" source ="MethodValidator.java" package ="org.junit.internal.runners" value ="0"/>
         <Value name="validateMethodsForDefaultRunner" source ="MethodValidator.java" package ="org.junit.internal.runners" value ="0"/>
         <Value name="validateNoArgConstructor" source ="MethodValidator.java" package ="org.junit.internal.runners" value ="0"/>
         <Value name="validateStaticMethods" source ="MethodValidator.java" package ="org.junit.internal.runners" value ="0"/>
         <Value name="getAfters" source ="TestClass.java" package ="org.junit.internal.runners" value ="0"/>
         <Value name="getBefores" source ="TestClass.java" package ="org.junit.internal.runners" value ="0"/>
         <Value name="getConstructor" source ="TestClass.java" package ="org.junit.internal.runners" value ="0"/>
         <Value name="getJavaClass" source ="TestClass.java" package ="org.junit.internal.runners" value ="0"/>
         <Value name="getName" source ="TestClass.java" package ="org.junit.internal.runners" value ="0"/>
         <Value name="getTestMethods" source ="TestClass.java" package ="org.junit.internal.runners" value ="0"/>
         <Value name="expectsException" source ="TestMethod.java" package ="org.junit.internal.runners" value ="0"/>
         <Value name="getAfters" source ="TestMethod.java" package ="org.junit.internal.runners" value ="0"/>
         <Value name="getBefores" source ="TestMethod.java" package ="org.junit.internal.runners" value ="0"/>
         <Value name="getExpectedException" source ="TestMethod.java" package ="org.junit.internal.runners" value ="0"/>
         <Value name="getTimeout" source ="TestMethod.java" package ="org.junit.internal.runners" value ="0"/>
         <Value name="isIgnored" source ="TestMethod.java" package ="org.junit.internal.runners" value ="0"/>
         <Value name="getMessage" source ="ArrayComparisonFailure.java" package ="org.junit.internal" value ="0"/>
         <Value name="toString" source ="ArrayComparisonFailure.java" package ="org.junit.internal" value ="0"/>
         <Value name="getMessage" source ="AssumptionViolatedException.java" package ="org.junit.internal" value ="0"/>
         <Value name="out" source ="RealSystem.java" package ="org.junit.internal" value ="0"/>
         <Value name="getWriter" source ="TextListener.java" package ="org.junit.internal" value ="0"/>
         <Value name="verify" source ="ErrorCollector.java" package ="org.junit.rules" value ="0"/>
         <Value name="evaluate" source ="ExpectedException.java" package ="org.junit.rules" value ="0"/>
         <Value name="ExpectedException" source ="ExpectedException.java" package ="org.junit.rules" value ="0"/>
         <Value name="none" source ="ExpectedException.java" package ="org.junit.rules" value ="0"/>
         <Value name="after" source ="ExternalResource.java" package ="org.junit.rules" value ="0"/>
         <Value name="before" source ="ExternalResource.java" package ="org.junit.rules" value ="0"/>
         <Value name="after" source ="TemporaryFolder.java" package ="org.junit.rules" value ="0"/>
         <Value name="before" source ="TemporaryFolder.java" package ="org.junit.rules" value ="0"/>
         <Value name="create" source ="TemporaryFolder.java" package ="org.junit.rules" value ="0"/>
         <Value name="delete" source ="TemporaryFolder.java" package ="org.junit.rules" value ="0"/>
         <Value name="getRoot" source ="TemporaryFolder.java" package ="org.junit.rules" value ="0"/>
         <Value name="getMethodName" source ="TestName.java" package ="org.junit.rules" value ="0"/>
         <Value name="verify" source ="Verifier.java" package ="org.junit.rules" value ="0"/>
         <Value name="describe" source ="Filter.java" package ="org.junit.runner.manipulation" value ="0"/>
         <Value name="getDescription" source ="Failure.java" package ="org.junit.runner.notification" value ="0"/>
         <Value name="getException" source ="Failure.java" package ="org.junit.runner.notification" value ="0"/>
         <Value name="getMessage" source ="Failure.java" package ="org.junit.runner.notification" value ="0"/>
         <Value name="getTestHeader" source ="Failure.java" package ="org.junit.runner.notification" value ="0"/>
         <Value name="getTrace" source ="Failure.java" package ="org.junit.runner.notification" value ="0"/>
         <Value name="toString" source ="Failure.java" package ="org.junit.runner.notification" value ="0"/>
         <Value name="run" source ="RunNotifier.java" package ="org.junit.runner.notification" value ="0"/>
         <Value name="pleaseStop" source ="RunNotifier.java" package ="org.junit.runner.notification" value ="0"/>
         <Value name="getAnnotations" source ="FrameworkField.java" package ="org.junit.runners.model" value ="0"/>
         <Value name="getField" source ="FrameworkField.java" package ="org.junit.runners.model" value ="0"/>
         <Value name="getType" source ="FrameworkField.java" package ="org.junit.runners.model" value ="0"/>
         <Value name="getAnnotations" source ="FrameworkMember.java" package ="org.junit.runners.model" value ="0"/>
         <Value name="getAnnotations" source ="FrameworkMethod.java" package ="org.junit.runners.model" value ="0"/>
         <Value name="getMethod" source ="FrameworkMethod.java" package ="org.junit.runners.model" value ="0"/>
         <Value name="getName" source ="FrameworkMethod.java" package ="org.junit.runners.model" value ="0"/>
         <Value name="getParameterTypes" source ="FrameworkMethod.java" package ="org.junit.runners.model" value ="0"/>
         <Value name="hashCode" source ="FrameworkMethod.java" package ="org.junit.runners.model" value ="0"/>
         <Value name="getCauses" source ="InitializationError.java" package ="org.junit.runners.model" value ="0"/>
         <Value name="evaluate" source ="Statement.java" package ="org.junit.runners.model" value ="0"/>
         <Value name="getAnnotations" source ="TestClass.java" package ="org.junit.runners.model" value ="0"/>
         <Value name="getJavaClass" source ="TestClass.java" package ="org.junit.runners.model" value ="0"/>
         <Value name="getName" source ="TestClass.java" package ="org.junit.runners.model" value ="0"/>
         <Value name="getOnlyConstructor" source ="TestClass.java" package ="org.junit.runners.model" value ="0"/>
         <Value name="computeTestMethods" source ="BlockJUnit4ClassRunner.java" package ="org.junit.runners" value ="0"/>
         <Value name="createTest" source ="BlockJUnit4ClassRunner.java" package ="org.junit.runners" value ="0"/>
         <Value name="getChildren" source ="BlockJUnit4ClassRunner.java" package ="org.junit.runners" value ="0"/>
         <Value name="hasOneConstructor" source ="BlockJUnit4ClassRunner.java" package ="org.junit.runners" value ="0"/>
         <Value name="computeParams" source ="Parameterized.java" package ="org.junit.runners" value ="0"/>
         <Value name="createTest" source ="Parameterized.java" package ="org.junit.runners" value ="0"/>
         <Value name="getName" source ="Parameterized.java" package ="org.junit.runners" value ="0"/>
         <Value name="getChildren" source ="Parameterized.java" package ="org.junit.runners" value ="0"/>
         <Value name="classRuleFields" source ="ParentRunner.java" package ="org.junit.runners" value ="0"/>
         <Value name="classRules" source ="ParentRunner.java" package ="org.junit.runners" value ="0"/>
         <Value name="comparator" source ="ParentRunner.java" package ="org.junit.runners" value ="0"/>
         <Value name="getChildren" source ="ParentRunner.java" package ="org.junit.runners" value ="0"/>
         <Value name="getDescription" source ="ParentRunner.java" package ="org.junit.runners" value ="0"/>
         <Value name="getFilteredChildren" source ="ParentRunner.java" package ="org.junit.runners" value ="0"/>
         <Value name="getName" source ="ParentRunner.java" package ="org.junit.runners" value ="0"/>
         <Value name="getTestClass" source ="ParentRunner.java" package ="org.junit.runners" value ="0"/>
         <Value name="validate" source ="ParentRunner.java" package ="org.junit.runners" value ="0"/>
         <Value name="emptySuite" source ="Suite.java" package ="org.junit.runners" value ="0"/>
         <Value name="getChildren" source ="Suite.java" package ="org.junit.runners" value ="0"/>
         <Value name="serial" source ="Computer.java" package ="org.junit.runner" value ="0"/>
         <Value name="childlessCopy" source ="Description.java" package ="org.junit.runner" value ="0"/>
         <Value name="getAnnotations" source ="Description.java" package ="org.junit.runner" value ="0"/>
         <Value name="getChildren" source ="Description.java" package ="org.junit.runner" value ="0"/>
         <Value name="getClassName" source ="Description.java" package ="org.junit.runner" value ="0"/>
         <Value name="getDisplayName" source ="Description.java" package ="org.junit.runner" value ="0"/>
         <Value name="getMethodName" source ="Description.java" package ="org.junit.runner" value ="0"/>
         <Value name="getTestClass" source ="Description.java" package ="org.junit.runner" value ="0"/>
         <Value name="hashCode" source ="Description.java" package ="org.junit.runner" value ="0"/>
         <Value name="isEmpty" source ="Description.java" package ="org.junit.runner" value ="0"/>
         <Value name="isSuite" source ="Description.java" package ="org.junit.runner" value ="0"/>
         <Value name="isTest" source ="Description.java" package ="org.junit.runner" value ="0"/>
         <Value name="methodStringMatcher" source ="Description.java" package ="org.junit.runner" value ="0"/>
         <Value name="parseMethod" source ="Description.java" package ="org.junit.runner" value ="0"/>
         <Value name="testCount" source ="Description.java" package ="org.junit.runner" value ="0"/>
         <Value name="toString" source ="Description.java" package ="org.junit.runner" value ="0"/>
         <Value name="JUnitCore" source ="JUnitCore.java" package ="org.junit.runner" value ="0"/>
         <Value name="defaultComputer" source ="JUnitCore.java" package ="org.junit.runner" value ="0"/>
         <Value name="getVersion" source ="JUnitCore.java" package ="org.junit.runner" value ="0"/>
         <Value name="getRunner" source ="Request.java" package ="org.junit.runner" value ="0"/>
         <Value name="createListener" source ="Result.java" package ="org.junit.runner" value ="0"/>
         <Value name="getFailureCount" source ="Result.java" package ="org.junit.runner" value ="0"/>
         <Value name="getFailures" source ="Result.java" package ="org.junit.runner" value ="0"/>
         <Value name="getIgnoreCount" source ="Result.java" package ="org.junit.runner" value ="0"/>
         <Value name="getRunCount" source ="Result.java" package ="org.junit.runner" value ="0"/>
         <Value name="getRunTime" source ="Result.java" package ="org.junit.runner" value ="0"/>
         <Value name="wasSuccessful" source ="Result.java" package ="org.junit.runner" value ="0"/>
         <Value name="getDescription" source ="Runner.java" package ="org.junit.runner" value ="0"/>
         <Value name="testCount" source ="Runner.java" package ="org.junit.runner" value ="0"/>
         <Value name="Assert" source ="Assert.java" package ="org.junit" value ="0"/>
         <Value name="fail" source ="Assert.java" package ="org.junit" value ="0"/>
         <Value name="areStringsEqual" source ="ComparisonFailure.java" package ="org.junit" value ="0"/>
         <Value name="computeCommonPrefix" source ="ComparisonFailure.java" package ="org.junit" value ="0"/>
         <Value name="computeCommonSuffix" source ="ComparisonFailure.java" package ="org.junit" value ="0"/>
         <Value name="findCommonPrefix" source ="ComparisonFailure.java" package ="org.junit" value ="0"/>
         <Value name="findCommonSuffix" source ="ComparisonFailure.java" package ="org.junit" value ="0"/>
         <Value name="getActual" source ="ComparisonFailure.java" package ="org.junit" value ="0"/>
         <Value name="getExpected" source ="ComparisonFailure.java" package ="org.junit" value ="0"/>
         <Value name="getMessage" source ="ComparisonFailure.java" package ="org.junit" value ="0"/>
         <Value name="amount" source ="Money.java" package ="junit.samples.money" value ="0"/>
         <Value name="currency" source ="Money.java" package ="junit.samples.money" value ="0"/>
         <Value name="hashCode" source ="Money.java" package ="junit.samples.money" value ="0"/>
         <Value name="isZero" source ="Money.java" package ="junit.samples.money" value ="0"/>
         <Value name="negate" source ="Money.java" package ="junit.samples.money" value ="0"/>
         <Value name="toString" source ="Money.java" package ="junit.samples.money" value ="0"/>
         <Value name="hashCode" source ="MoneyBag.java" package ="junit.samples.money" value ="0"/>
         <Value name="isZero" source ="MoneyBag.java" package ="junit.samples.money" value ="0"/>
         <Value name="negate" source ="MoneyBag.java" package ="junit.samples.money" value ="0"/>
         <Value name="simplify" source ="MoneyBag.java" package ="junit.samples.money" value ="0"/>
         <Value name="toString" source ="MoneyBag.java" package ="junit.samples.money" value ="0"/>
         <Value name="setUp" source ="MoneyTest.java" package ="junit.samples.money" value ="0"/>
         <Value name="testBagMultiply" source ="MoneyTest.java" package ="junit.samples.money" value ="0"/>
         <Value name="testBagNegate" source ="MoneyTest.java" package ="junit.samples.money" value ="0"/>
         <Value name="testBagNotEquals" source ="MoneyTest.java" package ="junit.samples.money" value ="0"/>
         <Value name="testBagSimpleAdd" source ="MoneyTest.java" package ="junit.samples.money" value ="0"/>
         <Value name="testBagSubtract" source ="MoneyTest.java" package ="junit.samples.money" value ="0"/>
         <Value name="testBagSumAdd" source ="MoneyTest.java" package ="junit.samples.money" value ="0"/>
         <Value name="testIsZero" source ="MoneyTest.java" package ="junit.samples.money" value ="0"/>
         <Value name="testMixedSimpleAdd" source ="MoneyTest.java" package ="junit.samples.money" value ="0"/>
         <Value name="testMoneyBagEquals" source ="MoneyTest.java" package ="junit.samples.money" value ="0"/>
         <Value name="testMoneyBagHash" source ="MoneyTest.java" package ="junit.samples.money" value ="0"/>
         <Value name="testMoneyEquals" source ="MoneyTest.java" package ="junit.samples.money" value ="0"/>
         <Value name="testMoneyHash" source ="MoneyTest.java" package ="junit.samples.money" value ="0"/>
         <Value name="testNormalize2" source ="MoneyTest.java" package ="junit.samples.money" value ="0"/>
         <Value name="testNormalize3" source ="MoneyTest.java" package ="junit.samples.money" value ="0"/>
         <Value name="testNormalize4" source ="MoneyTest.java" package ="junit.samples.money" value ="0"/>
         <Value name="testPrint" source ="MoneyTest.java" package ="junit.samples.money" value ="0"/>
         <Value name="testSimpleAdd" source ="MoneyTest.java" package ="junit.samples.money" value ="0"/>
         <Value name="testSimpleBagAdd" source ="MoneyTest.java" package ="junit.samples.money" value ="0"/>
         <Value name="testSimpleMultiply" source ="MoneyTest.java" package ="junit.samples.money" value ="0"/>
         <Value name="testSimpleNegate" source ="MoneyTest.java" package ="junit.samples.money" value ="0"/>
         <Value name="testSimpleSubtract" source ="MoneyTest.java" package ="junit.samples.money" value ="0"/>
         <Value name="testSimplify" source ="MoneyTest.java" package ="junit.samples.money" value ="0"/>
         <Value name="suite" source ="AllTests.java" package ="junit.samples" value ="0"/>
         <Value name="setUp" source ="ListTest.java" package ="junit.samples" value ="0"/>
         <Value name="suite" source ="ListTest.java" package ="junit.samples" value ="0"/>
         <Value name="testCapacity" source ="ListTest.java" package ="junit.samples" value ="0"/>
         <Value name="testContains" source ="ListTest.java" package ="junit.samples" value ="0"/>
         <Value name="testElementAt" source ="ListTest.java" package ="junit.samples" value ="0"/>
         <Value name="testRemoveAll" source ="ListTest.java" package ="junit.samples" value ="0"/>
         <Value name="testRemoveElement" source ="ListTest.java" package ="junit.samples" value ="0"/>
         <Value name="setUp" source ="SimpleTest.java" package ="junit.samples" value ="0"/>
         <Value name="suite" source ="SimpleTest.java" package ="junit.samples" value ="0"/>
         <Value name="testAdd" source ="SimpleTest.java" package ="junit.samples" value ="0"/>
         <Value name="testDivideByZero" source ="SimpleTest.java" package ="junit.samples" value ="0"/>
         <Value name="testEquals" source ="SimpleTest.java" package ="junit.samples" value ="0"/>
         <Value name="runTest" source ="ActiveTestTest.java" package ="junit.tests.extensions" value ="0"/>
         <Value name="createActiveTestSuite" source ="ActiveTestTest.java" package ="junit.tests.extensions" value ="0"/>
         <Value name="testActiveRepeatedTest" source ="ActiveTestTest.java" package ="junit.tests.extensions" value ="0"/>
         <Value name="testActiveRepeatedTest0" source ="ActiveTestTest.java" package ="junit.tests.extensions" value ="0"/>
         <Value name="testActiveRepeatedTest1" source ="ActiveTestTest.java" package ="junit.tests.extensions" value ="0"/>
         <Value name="testActiveTest" source ="ActiveTestTest.java" package ="junit.tests.extensions" value ="0"/>
         <Value name="suite" source ="AllTests.java" package ="junit.tests.extensions" value ="0"/>
         <Value name="tearDown" source ="ExtensionTest.java" package ="junit.tests.extensions" value ="0"/>
         <Value name="testRunningErrorInTestSetup" source ="ExtensionTest.java" package ="junit.tests.extensions" value ="0"/>
         <Value name="testRunningErrorsInTestSetup" source ="ExtensionTest.java" package ="junit.tests.extensions" value ="0"/>
         <Value name="testSetupErrorDontTearDown" source ="ExtensionTest.java" package ="junit.tests.extensions" value ="0"/>
         <Value name="testSetupErrorInTestSetup" source ="ExtensionTest.java" package ="junit.tests.extensions" value ="0"/>
         <Value name="runTest" source ="RepeatedTestTest.java" package ="junit.tests.extensions" value ="0"/>
         <Value name="testRepeatedMoreThanOnce" source ="RepeatedTestTest.java" package ="junit.tests.extensions" value ="0"/>
         <Value name="testRepeatedNegative" source ="RepeatedTestTest.java" package ="junit.tests.extensions" value ="0"/>
         <Value name="testRepeatedOnce" source ="RepeatedTestTest.java" package ="junit.tests.extensions" value ="0"/>
         <Value name="testRepeatedZero" source ="RepeatedTestTest.java" package ="junit.tests.extensions" value ="0"/>
         <Value name="suite" source ="AllTests.java" package ="junit.tests.framework" value ="0"/>
         <Value name="testAssertEquals" source ="AssertTest.java" package ="junit.tests.framework" value ="0"/>
         <Value name="testAssertEqualsNull" source ="AssertTest.java" package ="junit.tests.framework" value ="0"/>
         <Value name="testAssertFalse" source ="AssertTest.java" package ="junit.tests.framework" value ="0"/>
         <Value name="testAssertNotNull" source ="AssertTest.java" package ="junit.tests.framework" value ="0"/>
         <Value name="testAssertNotSame" source ="AssertTest.java" package ="junit.tests.framework" value ="0"/>
         <Value name="testAssertNotSameFailsNull" source ="AssertTest.java" package ="junit.tests.framework" value ="0"/>
         <Value name="testAssertNull" source ="AssertTest.java" package ="junit.tests.framework" value ="0"/>
         <Value name="testAssertNullNotEqualsNull" source ="AssertTest.java" package ="junit.tests.framework" value ="0"/>
         <Value name="testAssertNullNotEqualsString" source ="AssertTest.java" package ="junit.tests.framework" value ="0"/>
         <Value name="testAssertSame" source ="AssertTest.java" package ="junit.tests.framework" value ="0"/>
         <Value name="testAssertStringEquals" source ="AssertTest.java" package ="junit.tests.framework" value ="0"/>
         <Value name="testAssertStringNotEqualsNull" source ="AssertTest.java" package ="junit.tests.framework" value ="0"/>
         <Value name="testAssertTrue" source ="AssertTest.java" package ="junit.tests.framework" value ="0"/>
         <Value name="testFail" source ="AssertTest.java" package ="junit.tests.framework" value ="0"/>
         <Value name="testBug609972" source ="ComparisonCompactorTest.java" package ="junit.tests.framework" value ="0"/>
         <Value name="testComparisonErrorEndSameComplete" source ="ComparisonCompactorTest.java" package ="junit.tests.framework" value ="0"/>
         <Value name="testComparisonErrorEndSameCompleteContext" source ="ComparisonCompactorTest.java" package ="junit.tests.framework" value ="0"/>
         <Value name="testComparisonErrorOverlapingMatches" source ="ComparisonCompactorTest.java" package ="junit.tests.framework" value ="0"/>
         <Value name="testComparisonErrorOverlapingMatches2" source ="ComparisonCompactorTest.java" package ="junit.tests.framework" value ="0"/>
         <Value name="testComparisonErrorOverlapingMatches2Context" source ="ComparisonCompactorTest.java" package ="junit.tests.framework" value ="0"/>
         <Value name="testComparisonErrorOverlapingMatchesContext" source ="ComparisonCompactorTest.java" package ="junit.tests.framework" value ="0"/>
         <Value name="testComparisonErrorStartSameComplete" source ="ComparisonCompactorTest.java" package ="junit.tests.framework" value ="0"/>
         <Value name="testComparisonErrorWithActualNull" source ="ComparisonCompactorTest.java" package ="junit.tests.framework" value ="0"/>
         <Value name="testComparisonErrorWithActualNullContext" source ="ComparisonCompactorTest.java" package ="junit.tests.framework" value ="0"/>
         <Value name="testComparisonErrorWithExpectedNull" source ="ComparisonCompactorTest.java" package ="junit.tests.framework" value ="0"/>
         <Value name="testComparisonErrorWithExpectedNullContext" source ="ComparisonCompactorTest.java" package ="junit.tests.framework" value ="0"/>
         <Value name="testEndSame" source ="ComparisonCompactorTest.java" package ="junit.tests.framework" value ="0"/>
         <Value name="testMessage" source ="ComparisonCompactorTest.java" package ="junit.tests.framework" value ="0"/>
         <Value name="testNoContextStartAndEndSame" source ="ComparisonCompactorTest.java" package ="junit.tests.framework" value ="0"/>
         <Value name="testSame" source ="ComparisonCompactorTest.java" package ="junit.tests.framework" value ="0"/>
         <Value name="testStartAndEndContext" source ="ComparisonCompactorTest.java" package ="junit.tests.framework" value ="0"/>
         <Value name="testStartAndEndContextWithEllipses" source ="ComparisonCompactorTest.java" package ="junit.tests.framework" value ="0"/>
         <Value name="testStartSame" source ="ComparisonCompactorTest.java" package ="junit.tests.framework" value ="0"/>
         <Value name="testConnection" source ="ComparisonFailureTest.java" package ="junit.tests.framework" value ="0"/>
         <Value name="testThrowing" source ="ComparisonFailureTest.java" package ="junit.tests.framework" value ="0"/>
         <Value name="testAssertEqualsNaNFails" source ="DoublePrecisionAssertTest.java" package ="junit.tests.framework" value ="0"/>
         <Value name="testAssertNaNEqualsFails" source ="DoublePrecisionAssertTest.java" package ="junit.tests.framework" value ="0"/>
         <Value name="testAssertNaNEqualsNaN" source ="DoublePrecisionAssertTest.java" package ="junit.tests.framework" value ="0"/>
         <Value name="testAssertNegInfinityEqualsInfinity" source ="DoublePrecisionAssertTest.java" package ="junit.tests.framework" value ="0"/>
         <Value name="testAssertPosInfinityEqualsInfinity" source ="DoublePrecisionAssertTest.java" package ="junit.tests.framework" value ="0"/>
         <Value name="testAssertPosInfinityNotEquals" source ="DoublePrecisionAssertTest.java" package ="junit.tests.framework" value ="0"/>
         <Value name="testAssertPosInfinityNotEqualsNegInfinity" source ="DoublePrecisionAssertTest.java" package ="junit.tests.framework" value ="0"/>
         <Value name="runTest" source ="Failure.java" package ="junit.tests.framework" value ="0"/>
         <Value name="testAllInfinities" source ="FloatAssertTest.java" package ="junit.tests.framework" value ="0"/>
         <Value name="testAssertEqualsNaNFails" source ="FloatAssertTest.java" package ="junit.tests.framework" value ="0"/>
         <Value name="testAssertNaNEqualsFails" source ="FloatAssertTest.java" package ="junit.tests.framework" value ="0"/>
         <Value name="testAssertNaNEqualsNaN" source ="FloatAssertTest.java" package ="junit.tests.framework" value ="0"/>
         <Value name="testAssertNegInfinityEqualsInfinity" source ="FloatAssertTest.java" package ="junit.tests.framework" value ="0"/>
         <Value name="testAssertPosInfinityEqualsInfinity" source ="FloatAssertTest.java" package ="junit.tests.framework" value ="0"/>
         <Value name="testAssertPosInfinityNotEquals" source ="FloatAssertTest.java" package ="junit.tests.framework" value ="0"/>
         <Value name="testAssertPosInfinityNotEqualsNegInfinity" source ="FloatAssertTest.java" package ="junit.tests.framework" value ="0"/>
         <Value name="test2" source ="InheritedTestCase.java" package ="junit.tests.framework" value ="0"/>
         <Value name="testNothing" source ="NoArgTestCaseTest.java" package ="junit.tests.framework" value ="0"/>
         <Value name="testSuccess" source ="NoTestCaseClass.java" package ="junit.tests.framework" value ="0"/>
         <Value name="noTestCase" source ="NoTestCases.java" package ="junit.tests.framework" value ="0"/>
         <Value name="testNotPublic" source ="NotPublicTestCase.java" package ="junit.tests.framework" value ="0"/>
         <Value name="testPublic" source ="NotPublicTestCase.java" package ="junit.tests.framework" value ="0"/>
         <Value name="testNotVoid" source ="NotVoidTestCase.java" package ="junit.tests.framework" value ="0"/>
         <Value name="testVoid" source ="NotVoidTestCase.java" package ="junit.tests.framework" value ="0"/>
         <Value name="noTestCase" source ="OneTestCase.java" package ="junit.tests.framework" value ="0"/>
         <Value name="testCase" source ="OneTestCase.java" package ="junit.tests.framework" value ="0"/>
         <Value name="testCase" source ="OverrideTestCase.java" package ="junit.tests.framework" value ="0"/>
         <Value name="runTest" source ="Success.java" package ="junit.tests.framework" value ="0"/>
         <Value name="testSuccess" source ="Success.java" package ="junit.tests.framework" value ="0"/>
         <Value name="setUp" source ="SuiteTest.java" package ="junit.tests.framework" value ="0"/>
         <Value name="suite" source ="SuiteTest.java" package ="junit.tests.framework" value ="0"/>
         <Value name="testAddTestSuite" source ="SuiteTest.java" package ="junit.tests.framework" value ="0"/>
         <Value name="testCreateSuiteFromArray" source ="SuiteTest.java" package ="junit.tests.framework" value ="0"/>
         <Value name="testInheritedTests" source ="SuiteTest.java" package ="junit.tests.framework" value ="0"/>
         <Value name="testNoTestCaseClass" source ="SuiteTest.java" package ="junit.tests.framework" value ="0"/>
         <Value name="testNoTestCases" source ="SuiteTest.java" package ="junit.tests.framework" value ="0"/>
         <Value name="testNotExistingTestCase" source ="SuiteTest.java" package ="junit.tests.framework" value ="0"/>
         <Value name="testNotPublicTestCase" source ="SuiteTest.java" package ="junit.tests.framework" value ="0"/>
         <Value name="testNotVoidTestCase" source ="SuiteTest.java" package ="junit.tests.framework" value ="0"/>
         <Value name="testOneTestCase" source ="SuiteTest.java" package ="junit.tests.framework" value ="0"/>
         <Value name="testOneTestCaseEclipseSeesSameStructureAs381" source ="SuiteTest.java" package ="junit.tests.framework" value ="0"/>
         <Value name="testShadowedTests" source ="SuiteTest.java" package ="junit.tests.framework" value ="0"/>
         <Value name="runTest" source ="TestCaseTest.java" package ="junit.tests.framework" value ="0"/>
         <Value name="tearDown" source ="TestCaseTest.java" package ="junit.tests.framework" value ="0"/>
         <Value name="testCaseToString" source ="TestCaseTest.java" package ="junit.tests.framework" value ="0"/>
         <Value name="testError" source ="TestCaseTest.java" package ="junit.tests.framework" value ="0"/>
         <Value name="testErrorTearingDownDoesntMaskErrorRunning" source ="TestCaseTest.java" package ="junit.tests.framework" value ="0"/>
         <Value name="testExceptionRunningAndTearDown" source ="TestCaseTest.java" package ="junit.tests.framework" value ="0"/>
         <Value name="testFailure" source ="TestCaseTest.java" package ="junit.tests.framework" value ="0"/>
         <Value name="testNamelessTestCase" source ="TestCaseTest.java" package ="junit.tests.framework" value ="0"/>
         <Value name="testNoArgTestCasePasses" source ="TestCaseTest.java" package ="junit.tests.framework" value ="0"/>
         <Value name="testRunAndTearDownFails" source ="TestCaseTest.java" package ="junit.tests.framework" value ="0"/>
         <Value name="testSetupFails" source ="TestCaseTest.java" package ="junit.tests.framework" value ="0"/>
         <Value name="testSuccess" source ="TestCaseTest.java" package ="junit.tests.framework" value ="0"/>
         <Value name="testTearDownAfterError" source ="TestCaseTest.java" package ="junit.tests.framework" value ="0"/>
         <Value name="testTearDownFails" source ="TestCaseTest.java" package ="junit.tests.framework" value ="0"/>
         <Value name="testTearDownSetupFails" source ="TestCaseTest.java" package ="junit.tests.framework" value ="0"/>
         <Value name="testWasRun" source ="TestCaseTest.java" package ="junit.tests.framework" value ="0"/>
         <Value name="countTestCases" source ="TestImplementorTest.java" package ="junit.tests.framework" value ="0"/>
         <Value name="TestImplementorTest" source ="TestImplementorTest.java" package ="junit.tests.framework" value ="0"/>
         <Value name="testSuccessfulRun" source ="TestImplementorTest.java" package ="junit.tests.framework" value ="0"/>
         <Value name="setUp" source ="TestListenerTest.java" package ="junit.tests.framework" value ="0"/>
         <Value name="testError" source ="TestListenerTest.java" package ="junit.tests.framework" value ="0"/>
         <Value name="testFailure" source ="TestListenerTest.java" package ="junit.tests.framework" value ="0"/>
         <Value name="testStartStop" source ="TestListenerTest.java" package ="junit.tests.framework" value ="0"/>
         <Value name="testCase" source ="ThreeTestCases.java" package ="junit.tests.framework" value ="0"/>
         <Value name="testCase2" source ="ThreeTestCases.java" package ="junit.tests.framework" value ="0"/>
         <Value name="testCase3thisTimeItsPersonal" source ="ThreeTestCases.java" package ="junit.tests.framework" value ="0"/>
         <Value name="isJDK11" source ="AllTests.java" package ="junit.tests.runner" value ="0"/>
         <Value name="suite" source ="AllTests.java" package ="junit.tests.runner" value ="0"/>
         <Value name="suite" source ="BaseTestRunnerTest.java" package ="junit.tests.runner" value ="0"/>
         <Value name="suite" source ="BaseTestRunnerTest.java" package ="junit.tests.runner" value ="0"/>
         <Value name="testInvokeNonStaticSuite" source ="BaseTestRunnerTest.java" package ="junit.tests.runner" value ="0"/>
         <Value name="testInvokeSuiteOnNonSubclassOfTestCase" source ="BaseTestRunnerTest.java" package ="junit.tests.runner" value ="0"/>
         <Value name="setUp" source ="StackFilterTest.java" package ="junit.tests.runner" value ="0"/>
         <Value name="testFilter" source ="StackFilterTest.java" package ="junit.tests.runner" value ="0"/>
         <Value name="setUp" source ="TextFeedbackTest.java" package ="junit.tests.runner" value ="0"/>
         <Value name="testEmptySuite" source ="TextFeedbackTest.java" package ="junit.tests.runner" value ="0"/>
         <Value name="testError" source ="TextFeedbackTest.java" package ="junit.tests.runner" value ="0"/>
         <Value name="testFailure" source ="TextFeedbackTest.java" package ="junit.tests.runner" value ="0"/>
         <Value name="testOneTest" source ="TextFeedbackTest.java" package ="junit.tests.runner" value ="0"/>
         <Value name="testTwoTests" source ="TextFeedbackTest.java" package ="junit.tests.runner" value ="0"/>
         <Value name="testNotInvoked" source ="TextRunnerSingleMethodTest.java" package ="junit.tests.runner" value ="0"/>
         <Value name="testWasInvoked" source ="TextRunnerSingleMethodTest.java" package ="junit.tests.runner" value ="0"/>
         <Value name="testSingle" source ="TextRunnerSingleMethodTest.java" package ="junit.tests.runner" value ="0"/>
         <Value name="testError" source ="TextRunnerTest.java" package ="junit.tests.runner" value ="0"/>
         <Value name="testFailure" source ="TextRunnerTest.java" package ="junit.tests.runner" value ="0"/>
         <Value name="testRunReturnsResult" source ="TextRunnerTest.java" package ="junit.tests.runner" value ="0"/>
         <Value name="testSuccess" source ="TextRunnerTest.java" package ="junit.tests.runner" value ="0"/>
         <Value name="suite" source ="AllTests.java" package ="junit.tests" value ="0"/>
         <Value name="runTest" source ="WasRun.java" package ="junit.tests" value ="0"/>
         <Value name="setUp" source ="MoneyTest.java" package ="org.junit.samples.money" value ="0"/>
         <Value name="suite" source ="MoneyTest.java" package ="org.junit.samples.money" value ="0"/>
         <Value name="testBagMultiply" source ="MoneyTest.java" package ="org.junit.samples.money" value ="0"/>
         <Value name="testBagNegate" source ="MoneyTest.java" package ="org.junit.samples.money" value ="0"/>
         <Value name="testBagNotEquals" source ="MoneyTest.java" package ="org.junit.samples.money" value ="0"/>
         <Value name="testBagSimpleAdd" source ="MoneyTest.java" package ="org.junit.samples.money" value ="0"/>
         <Value name="testBagSubtract" source ="MoneyTest.java" package ="org.junit.samples.money" value ="0"/>
         <Value name="testBagSumAdd" source ="MoneyTest.java" package ="org.junit.samples.money" value ="0"/>
         <Value name="testIsZero" source ="MoneyTest.java" package ="org.junit.samples.money" value ="0"/>
         <Value name="testMixedSimpleAdd" source ="MoneyTest.java" package ="org.junit.samples.money" value ="0"/>
         <Value name="testMoneyBagEquals" source ="MoneyTest.java" package ="org.junit.samples.money" value ="0"/>
         <Value name="testMoneyBagHash" source ="MoneyTest.java" package ="org.junit.samples.money" value ="0"/>
         <Value name="testMoneyEquals" source ="MoneyTest.java" package ="org.junit.samples.money" value ="0"/>
         <Value name="testMoneyHash" source ="MoneyTest.java" package ="org.junit.samples.money" value ="0"/>
         <Value name="testNormalize2" source ="MoneyTest.java" package ="org.junit.samples.money" value ="0"/>
         <Value name="testNormalize3" source ="MoneyTest.java" package ="org.junit.samples.money" value ="0"/>
         <Value name="testNormalize4" source ="MoneyTest.java" package ="org.junit.samples.money" value ="0"/>
         <Value name="testPrint" source ="MoneyTest.java" package ="org.junit.samples.money" value ="0"/>
         <Value name="testSimpleAdd" source ="MoneyTest.java" package ="org.junit.samples.money" value ="0"/>
         <Value name="testSimpleBagAdd" source ="MoneyTest.java" package ="org.junit.samples.money" value ="0"/>
         <Value name="testSimpleMultiply" source ="MoneyTest.java" package ="org.junit.samples.money" value ="0"/>
         <Value name="testSimpleNegate" source ="MoneyTest.java" package ="org.junit.samples.money" value ="0"/>
         <Value name="testSimpleSubtract" source ="MoneyTest.java" package ="org.junit.samples.money" value ="0"/>
         <Value name="testSimplify" source ="MoneyTest.java" package ="org.junit.samples.money" value ="0"/>
         <Value name="zeroMoniesAreEqualRegardlessOfCurrency" source ="MoneyTest.java" package ="org.junit.samples.money" value ="0"/>
         <Value name="capacity" source ="ListTest.java" package ="org.junit.samples" value ="0"/>
         <Value name="contains" source ="ListTest.java" package ="org.junit.samples" value ="0"/>
         <Value name="elementAt" source ="ListTest.java" package ="org.junit.samples" value ="0"/>
         <Value name="removeAll" source ="ListTest.java" package ="org.junit.samples" value ="0"/>
         <Value name="removeElement" source ="ListTest.java" package ="org.junit.samples" value ="0"/>
         <Value name="setUp" source ="ListTest.java" package ="org.junit.samples" value ="0"/>
         <Value name="setUpOnce" source ="ListTest.java" package ="org.junit.samples" value ="0"/>
         <Value name="suite" source ="ListTest.java" package ="org.junit.samples" value ="0"/>
         <Value name="testCopy" source ="ListTest.java" package ="org.junit.samples" value ="0"/>
         <Value name="divideByZero" source ="SimpleTest.java" package ="org.junit.samples" value ="0"/>
         <Value name="setUp" source ="SimpleTest.java" package ="org.junit.samples" value ="0"/>
         <Value name="suite" source ="SimpleTest.java" package ="org.junit.samples" value ="0"/>
         <Value name="testEquals" source ="SimpleTest.java" package ="org.junit.samples" value ="0"/>
         <Value name="IntegerDoesNotEqualLong" source ="AssertionTest.java" package ="org.junit.tests.assertion" value ="0"/>
         <Value name="arraysActualNullMessage" source ="AssertionTest.java" package ="org.junit.tests.assertion" value ="0"/>
         <Value name="arraysDeclaredAsObjectAreComparedAsObjects" source ="AssertionTest.java" package ="org.junit.tests.assertion" value ="0"/>
         <Value name="arraysDifferAtElement0nullMessage" source ="AssertionTest.java" package ="org.junit.tests.assertion" value ="0"/>
         <Value name="arraysDifferAtElement0withMessage" source ="AssertionTest.java" package ="org.junit.tests.assertion" value ="0"/>
         <Value name="arraysDifferAtElement1nullMessage" source ="AssertionTest.java" package ="org.junit.tests.assertion" value ="0"/>
         <Value name="arraysDifferAtElement1withMessage" source ="AssertionTest.java" package ="org.junit.tests.assertion" value ="0"/>
         <Value name="arraysDifferentLengthMessage" source ="AssertionTest.java" package ="org.junit.tests.assertion" value ="0"/>
         <Value name="arraysElementsDiffer" source ="AssertionTest.java" package ="org.junit.tests.assertion" value ="0"/>
         <Value name="arraysEqual" source ="AssertionTest.java" package ="org.junit.tests.assertion" value ="0"/>
         <Value name="arraysEqualWithMessage" source ="AssertionTest.java" package ="org.junit.tests.assertion" value ="0"/>
         <Value name="arraysExpectedNullMessage" source ="AssertionTest.java" package ="org.junit.tests.assertion" value ="0"/>
         <Value name="arraysNotEqual" source ="AssertionTest.java" package ="org.junit.tests.assertion" value ="0"/>
         <Value name="arraysNotEqualWithMessage" source ="AssertionTest.java" package ="org.junit.tests.assertion" value ="0"/>
         <Value name="arraysWithNullElementEqual" source ="AssertionTest.java" package ="org.junit.tests.assertion" value ="0"/>
         <Value name="assertThatDescriptionCanBeElided" source ="AssertionTest.java" package ="org.junit.tests.assertion" value ="0"/>
         <Value name="assertThatIncludesAdvancedMismatch" source ="AssertionTest.java" package ="org.junit.tests.assertion" value ="0"/>
         <Value name="assertThatIncludesDescriptionOfTestedValueInErrorMessage" source ="AssertionTest.java" package ="org.junit.tests.assertion" value ="0"/>
         <Value name="bigDecimalsNotEqual" source ="AssertionTest.java" package ="org.junit.tests.assertion" value ="0"/>
         <Value name="booleansNotEqual" source ="AssertionTest.java" package ="org.junit.tests.assertion" value ="0"/>
         <Value name="bytesNotEqual" source ="AssertionTest.java" package ="org.junit.tests.assertion" value ="0"/>
         <Value name="charsNotEqual" source ="AssertionTest.java" package ="org.junit.tests.assertion" value ="0"/>
         <Value name="compareBigDecimalAndInteger" source ="AssertionTest.java" package ="org.junit.tests.assertion" value ="0"/>
         <Value name="doublesNotEqual" source ="AssertionTest.java" package ="org.junit.tests.assertion" value ="0"/>
         <Value name="equals" source ="AssertionTest.java" package ="org.junit.tests.assertion" value ="0"/>
         <Value name="errorMessageDistinguishesDifferentValuesWithSameToString" source ="AssertionTest.java" package ="org.junit.tests.assertion" value ="0"/>
         <Value name="fails" source ="AssertionTest.java" package ="org.junit.tests.assertion" value ="0"/>
         <Value name="floatsNotEqual" source ="AssertionTest.java" package ="org.junit.tests.assertion" value ="0"/>
         <Value name="floatsNotEqualWithoutDelta" source ="AssertionTest.java" package ="org.junit.tests.assertion" value ="0"/>
         <Value name="implicitTypecastEquality" source ="AssertionTest.java" package ="org.junit.tests.assertion" value ="0"/>
         <Value name="intsEqualLongs" source ="AssertionTest.java" package ="org.junit.tests.assertion" value ="0"/>
         <Value name="intsNotEqual" source ="AssertionTest.java" package ="org.junit.tests.assertion" value ="0"/>
         <Value name="longsNotEqual" source ="AssertionTest.java" package ="org.junit.tests.assertion" value ="0"/>
         <Value name="multiDimensionalArraysAreEqual" source ="AssertionTest.java" package ="org.junit.tests.assertion" value ="0"/>
         <Value name="multiDimensionalArraysAreNotEqual" source ="AssertionTest.java" package ="org.junit.tests.assertion" value ="0"/>
         <Value name="multiDimensionalArraysAreNotEqualNoMessage" source ="AssertionTest.java" package ="org.junit.tests.assertion" value ="0"/>
         <Value name="multiDimensionalArraysDeclaredAsOneDimensionalAreEqual" source ="AssertionTest.java" package ="org.junit.tests.assertion" value ="0"/>
         <Value name="multiDimensionalIntArraysAreEqual" source ="AssertionTest.java" package ="org.junit.tests.assertion" value ="0"/>
         <Value name="naNsAreEqual" source ="AssertionTest.java" package ="org.junit.tests.assertion" value ="0"/>
         <Value name="notEqualsNullWithObject" source ="AssertionTest.java" package ="org.junit.tests.assertion" value ="0"/>
         <Value name="notEqualsNullWithObjectWithMessage" source ="AssertionTest.java" package ="org.junit.tests.assertion" value ="0"/>
         <Value name="notEqualsObjectWithNull" source ="AssertionTest.java" package ="org.junit.tests.assertion" value ="0"/>
         <Value name="notEqualsObjectWithNullWithMessage" source ="AssertionTest.java" package ="org.junit.tests.assertion" value ="0"/>
         <Value name="notSame" source ="AssertionTest.java" package ="org.junit.tests.assertion" value ="0"/>
         <Value name="notSameNullMessage" source ="AssertionTest.java" package ="org.junit.tests.assertion" value ="0"/>
         <Value name="notSameWithMessage" source ="AssertionTest.java" package ="org.junit.tests.assertion" value ="0"/>
         <Value name="nullAndStringNullPrintCorrectError" source ="AssertionTest.java" package ="org.junit.tests.assertion" value ="0"/>
         <Value name="nullMessage" source ="AssertionTest.java" package ="org.junit.tests.assertion" value ="0"/>
         <Value name="nullMessageDisappearsWithAssertEquals" source ="AssertionTest.java" package ="org.junit.tests.assertion" value ="0"/>
         <Value name="nullMessageDisappearsWithStringAssertEquals" source ="AssertionTest.java" package ="org.junit.tests.assertion" value ="0"/>
         <Value name="objectsAreSame" source ="AssertionTest.java" package ="org.junit.tests.assertion" value ="0"/>
         <Value name="objectsNotEquals" source ="AssertionTest.java" package ="org.junit.tests.assertion" value ="0"/>
         <Value name="objectsNotSame" source ="AssertionTest.java" package ="org.junit.tests.assertion" value ="0"/>
         <Value name="oneDimensionalDoubleArraysAreNotEqual" source ="AssertionTest.java" package ="org.junit.tests.assertion" value ="0"/>
         <Value name="oneDimensionalFloatArraysAreNotEqual" source ="AssertionTest.java" package ="org.junit.tests.assertion" value ="0"/>
         <Value name="oneDimensionalPrimitiveArraysAreEqual" source ="AssertionTest.java" package ="org.junit.tests.assertion" value ="0"/>
         <Value name="same" source ="AssertionTest.java" package ="org.junit.tests.assertion" value ="0"/>
         <Value name="sameNullMessage" source ="AssertionTest.java" package ="org.junit.tests.assertion" value ="0"/>
         <Value name="sameWithMessage" source ="AssertionTest.java" package ="org.junit.tests.assertion" value ="0"/>
         <Value name="shortsNotEqual" source ="AssertionTest.java" package ="org.junit.tests.assertion" value ="0"/>
         <Value name="stringNullAndNullWorksToo" source ="AssertionTest.java" package ="org.junit.tests.assertion" value ="0"/>
         <Value name="stringsDifferWithUserMessage" source ="AssertionTest.java" package ="org.junit.tests.assertion" value ="0"/>
         <Value name="stringsNotEqual" source ="AssertionTest.java" package ="org.junit.tests.assertion" value ="0"/>
         <Value name="bothPasses" source ="BothTest.java" package ="org.junit.tests.assertion" value ="0"/>
         <Value name="eitherPasses" source ="BothTest.java" package ="org.junit.tests.assertion" value ="0"/>
         <Value name="subclassesAreOkInSecondPositionOnly" source ="BothTest.java" package ="org.junit.tests.assertion" value ="0"/>
         <Value name="eachDescription" source ="EachTest.java" package ="org.junit.tests.assertion" value ="0"/>
         <Value name="failure" source ="JUnit4ClassRunnerTest.java" package ="org.junit.tests.deprecated" value ="0"/>
         <Value name="success" source ="JUnit4ClassRunnerTest.java" package ="org.junit.tests.deprecated" value ="0"/>
         <Value name="UnconstructableExample" source ="JUnit4ClassRunnerTest.java" package ="org.junit.tests.deprecated" value ="0"/>
         <Value name="failure" source ="JUnit4ClassRunnerTest.java" package ="org.junit.tests.deprecated" value ="0"/>
         <Value name="success" source ="JUnit4ClassRunnerTest.java" package ="org.junit.tests.deprecated" value ="0"/>
         <Value name="runWithOldJUnit4ClassRunner" source ="JUnit4ClassRunnerTest.java" package ="org.junit.tests.deprecated" value ="0"/>
         <Value name="runWithOldJUnit4ClassRunnerAndBadConstructor" source ="JUnit4ClassRunnerTest.java" package ="org.junit.tests.deprecated" value ="0"/>
         <Value name="a" source ="AnnotatedDescriptionTest.java" package ="org.junit.tests.description" value ="0"/>
         <Value name="a" source ="AnnotatedDescriptionTest.java" package ="org.junit.tests.description" value ="0"/>
         <Value name="a" source ="AnnotatedDescriptionTest.java" package ="org.junit.tests.description" value ="0"/>
         <Value name="annotationsExistOnDescriptionsOfClasses" source ="AnnotatedDescriptionTest.java" package ="org.junit.tests.description" value ="0"/>
         <Value name="annotationsExistOnDescriptionsOfIgnoredClass" source ="AnnotatedDescriptionTest.java" package ="org.junit.tests.description" value ="0"/>
         <Value name="characterizeCreatingMyOwnAnnotation" source ="AnnotatedDescriptionTest.java" package ="org.junit.tests.description" value ="0"/>
         <Value name="childlessCopyOfDescriptionStillHasAnnotations" source ="AnnotatedDescriptionTest.java" package ="org.junit.tests.description" value ="0"/>
         <Value name="descriptionOfTestClassHasValuedAnnotation" source ="AnnotatedDescriptionTest.java" package ="org.junit.tests.description" value ="0"/>
         <Value name="getAnnotationsReturnsAllAnnotations" source ="AnnotatedDescriptionTest.java" package ="org.junit.tests.description" value ="0"/>
         <Value name="equalsIsCorrect" source ="SuiteDescriptionTest.java" package ="org.junit.tests.description" value ="0"/>
         <Value name="hashCodeIsReasonable" source ="SuiteDescriptionTest.java" package ="org.junit.tests.description" value ="0"/>
         <Value name="equalsIsFalseForNonTestDescription" source ="TestDescriptionTest.java" package ="org.junit.tests.description" value ="0"/>
         <Value name="getParameters" source ="CategoriesAndParameterizedTest.java" package ="org.junit.tests.experimental.categories" value ="0"/>
         <Value name="testSomething" source ="CategoriesAndParameterizedTest.java" package ="org.junit.tests.experimental.categories" value ="0"/>
         <Value name="testSomething" source ="CategoriesAndParameterizedTest.java" package ="org.junit.tests.experimental.categories" value ="0"/>
         <Value name="getParameters" source ="CategoriesAndParameterizedTest.java" package ="org.junit.tests.experimental.categories" value ="0"/>
         <Value name="testSomething" source ="CategoriesAndParameterizedTest.java" package ="org.junit.tests.experimental.categories" value ="0"/>
         <Value name="shouldFailWithMethodLevelCategoryAnnotation" source ="CategoriesAndParameterizedTest.java" package ="org.junit.tests.experimental.categories" value ="0"/>
         <Value name="shouldFailWithMethodLevelCategoryAnnotationSwapped" source ="CategoriesAndParameterizedTest.java" package ="org.junit.tests.experimental.categories" value ="0"/>
         <Value name="shouldSucceedWithAParameterizedClassSomewhere" source ="CategoriesAndParameterizedTest.java" package ="org.junit.tests.experimental.categories" value ="0"/>
         <Value name="a" source ="CategoryTest.java" package ="org.junit.tests.experimental.categories" value ="0"/>
         <Value name="b" source ="CategoryTest.java" package ="org.junit.tests.experimental.categories" value ="0"/>
         <Value name="c" source ="CategoryTest.java" package ="org.junit.tests.experimental.categories" value ="0"/>
         <Value name="d" source ="CategoryTest.java" package ="org.junit.tests.experimental.categories" value ="0"/>
         <Value name="a" source ="CategoryTest.java" package ="org.junit.tests.experimental.categories" value ="0"/>
         <Value name="b" source ="CategoryTest.java" package ="org.junit.tests.experimental.categories" value ="0"/>
         <Value name="a" source ="CategoryTest.java" package ="org.junit.tests.experimental.categories" value ="0"/>
         <Value name="a" source ="CategoryTest.java" package ="org.junit.tests.experimental.categories" value ="0"/>
         <Value name="a" source ="CategoryTest.java" package ="org.junit.tests.experimental.categories" value ="0"/>
         <Value name="a" source ="CategoryTest.java" package ="org.junit.tests.experimental.categories" value ="0"/>
         <Value name="both" source ="CategoryTest.java" package ="org.junit.tests.experimental.categories" value ="0"/>
         <Value name="bothReversed" source ="CategoryTest.java" package ="org.junit.tests.experimental.categories" value ="0"/>
         <Value name="justCategory1" source ="CategoryTest.java" package ="org.junit.tests.experimental.categories" value ="0"/>
         <Value name="justCategory2" source ="CategoryTest.java" package ="org.junit.tests.experimental.categories" value ="0"/>
         <Value name="noCategory" source ="CategoryTest.java" package ="org.junit.tests.experimental.categories" value ="0"/>
         <Value name="categoryFilterLeavesOnlyMatchingMethods" source ="CategoryTest.java" package ="org.junit.tests.experimental.categories" value ="0"/>
         <Value name="categoryFilterRejectsIncompatibleCategory" source ="CategoryTest.java" package ="org.junit.tests.experimental.categories" value ="0"/>
         <Value name="classesCanBeCategories" source ="CategoryTest.java" package ="org.junit.tests.experimental.categories" value ="0"/>
         <Value name="describeACategoryFilter" source ="CategoryTest.java" package ="org.junit.tests.experimental.categories" value ="0"/>
         <Value name="ifNoTestsToRunUseErrorRunner" source ="CategoryTest.java" package ="org.junit.tests.experimental.categories" value ="0"/>
         <Value name="runMethodWithTwoCategories" source ="CategoryTest.java" package ="org.junit.tests.experimental.categories" value ="0"/>
         <Value name="subclassesOfIncludedCategoriesAreRun" source ="CategoryTest.java" package ="org.junit.tests.experimental.categories" value ="0"/>
         <Value name="testCount" source ="CategoryTest.java" package ="org.junit.tests.experimental.categories" value ="0"/>
         <Value name="testCountOnAWithoutSlowTests" source ="CategoryTest.java" package ="org.junit.tests.experimental.categories" value ="0"/>
         <Value name="testCountOnJustA" source ="CategoryTest.java" package ="org.junit.tests.experimental.categories" value ="0"/>
         <Value name="testCountWithExplicitFilter" source ="CategoryTest.java" package ="org.junit.tests.experimental.categories" value ="0"/>
         <Value name="testsThatAreBothIncludedAndExcludedAreExcluded" source ="CategoryTest.java" package ="org.junit.tests.experimental.categories" value ="0"/>
         <Value name="createSuiteDescription_whenZeroLength" source ="DescriptionTest.java" package ="org.junit.tests.experimental.max" value ="0"/>
         <Value name="parseClass_whenCantParse" source ="DescriptionTest.java" package ="org.junit.tests.experimental.max" value ="0"/>
         <Value name="parseMethod_whenCantParse" source ="DescriptionTest.java" package ="org.junit.tests.experimental.max" value ="0"/>
         <Value name="testFails" source ="JUnit38SortingTest.java" package ="org.junit.tests.experimental.max" value ="0"/>
         <Value name="testSucceeds" source ="JUnit38SortingTest.java" package ="org.junit.tests.experimental.max" value ="0"/>
         <Value name="testSucceedsToo" source ="JUnit38SortingTest.java" package ="org.junit.tests.experimental.max" value ="0"/>
         <Value name="pass" source ="JUnit38SortingTest.java" package ="org.junit.tests.experimental.max" value ="0"/>
         <Value name="createMax" source ="JUnit38SortingTest.java" package ="org.junit.tests.experimental.max" value ="0"/>
         <Value name="forgetMax" source ="JUnit38SortingTest.java" package ="org.junit.tests.experimental.max" value ="0"/>
         <Value name="preferRecentlyFailed38Test" source ="JUnit38SortingTest.java" package ="org.junit.tests.experimental.max" value ="0"/>
         <Value name="testNothing" source ="MaxStarterTest.java" package ="org.junit.tests.experimental.max" value ="0"/>
         <Value name="testSomething" source ="MaxStarterTest.java" package ="org.junit.tests.experimental.max" value ="0"/>
         <Value name="testNothing" source ="MaxStarterTest.java" package ="org.junit.tests.experimental.max" value ="0"/>
         <Value name="MalformedJUnit38Test" source ="MaxStarterTest.java" package ="org.junit.tests.experimental.max" value ="0"/>
         <Value name="testSucceeds" source ="MaxStarterTest.java" package ="org.junit.tests.experimental.max" value ="0"/>
         <Value name="testOne" source ="MaxStarterTest.java" package ="org.junit.tests.experimental.max" value ="0"/>
         <Value name="testTwo" source ="MaxStarterTest.java" package ="org.junit.tests.experimental.max" value ="0"/>
         <Value name="dontSucceed" source ="MaxStarterTest.java" package ="org.junit.tests.experimental.max" value ="0"/>
         <Value name="succeed" source ="MaxStarterTest.java" package ="org.junit.tests.experimental.max" value ="0"/>
         <Value name="fast" source ="MaxStarterTest.java" package ="org.junit.tests.experimental.max" value ="0"/>
         <Value name="slow" source ="MaxStarterTest.java" package ="org.junit.tests.experimental.max" value ="0"/>
         <Value name="correctErrorFromHalfMalformedTest" source ="MaxStarterTest.java" package ="org.junit.tests.experimental.max" value ="0"/>
         <Value name="correctErrorFromMalformedTest" source ="MaxStarterTest.java" package ="org.junit.tests.experimental.max" value ="0"/>
         <Value name="createMax" source ="MaxStarterTest.java" package ="org.junit.tests.experimental.max" value ="0"/>
         <Value name="filterSingleMethodFromOldTestClass" source ="MaxStarterTest.java" package ="org.junit.tests.experimental.max" value ="0"/>
         <Value name="forgetMax" source ="MaxStarterTest.java" package ="org.junit.tests.experimental.max" value ="0"/>
         <Value name="halfMalformed" source ="MaxStarterTest.java" package ="org.junit.tests.experimental.max" value ="0"/>
         <Value name="junit3TestsAreRunOnce" source ="MaxStarterTest.java" package ="org.junit.tests.experimental.max" value ="0"/>
         <Value name="listenersAreCalledCorrectlyInTheFaceOfFailures" source ="MaxStarterTest.java" package ="org.junit.tests.experimental.max" value ="0"/>
         <Value name="maxShouldSkipMalformedJUnit38Classes" source ="MaxStarterTest.java" package ="org.junit.tests.experimental.max" value ="0"/>
         <Value name="preferFast" source ="MaxStarterTest.java" package ="org.junit.tests.experimental.max" value ="0"/>
         <Value name="preferNewTests" source ="MaxStarterTest.java" package ="org.junit.tests.experimental.max" value ="0"/>
         <Value name="preferNewTestsOverTestsThatFailed" source ="MaxStarterTest.java" package ="org.junit.tests.experimental.max" value ="0"/>
         <Value name="preferRecentlyFailed" source ="MaxStarterTest.java" package ="org.junit.tests.experimental.max" value ="0"/>
         <Value name="rememberOldRuns" source ="MaxStarterTest.java" package ="org.junit.tests.experimental.max" value ="0"/>
         <Value name="sortTestsInMultipleClasses" source ="MaxStarterTest.java" package ="org.junit.tests.experimental.max" value ="0"/>
         <Value name="testCountsStandUpToFiltration" source ="MaxStarterTest.java" package ="org.junit.tests.experimental.max" value ="0"/>
         <Value name="testsAreOnlyIncludedOnceWhenExpandingForSorting" source ="MaxStarterTest.java" package ="org.junit.tests.experimental.max" value ="0"/>
         <Value name="twoTestsNotRunComeBackInRandomOrder" source ="MaxStarterTest.java" package ="org.junit.tests.experimental.max" value ="0"/>
         <Value name="one" source ="ParallelClassTest.java" package ="org.junit.tests.experimental.parallel" value ="0"/>
         <Value name="one" source ="ParallelClassTest.java" package ="org.junit.tests.experimental.parallel" value ="0"/>
         <Value name="testsRunInParallel" source ="ParallelClassTest.java" package ="org.junit.tests.experimental.parallel" value ="0"/>
         <Value name="one" source ="ParallelMethodTest.java" package ="org.junit.tests.experimental.parallel" value ="0"/>
         <Value name="two" source ="ParallelMethodTest.java" package ="org.junit.tests.experimental.parallel" value ="0"/>
         <Value name="testsRunInParallel" source ="ParallelMethodTest.java" package ="org.junit.tests.experimental.parallel" value ="0"/>
         <Value name="hasFailuresHasGoodDescription" source ="ResultMatchersTest.java" package ="org.junit.tests.experimental.results" value ="0"/>
         <Value name="before" source ="ClassRulesTest.java" package ="org.junit.tests.experimental.rules" value ="0"/>
         <Value name="firstTest" source ="ClassRulesTest.java" package ="org.junit.tests.experimental.rules" value ="0"/>
         <Value name="secondTest" source ="ClassRulesTest.java" package ="org.junit.tests.experimental.rules" value ="0"/>
         <Value name="firstTest" source ="ClassRulesTest.java" package ="org.junit.tests.experimental.rules" value ="0"/>
         <Value name="secondTest" source ="ClassRulesTest.java" package ="org.junit.tests.experimental.rules" value ="0"/>
         <Value name="customRuleIsAppliedOnce" source ="ClassRulesTest.java" package ="org.junit.tests.experimental.rules" value ="0"/>
         <Value name="ruleIsAppliedOnce" source ="ClassRulesTest.java" package ="org.junit.tests.experimental.rules" value ="0"/>
         <Value name="ruleIsIntroducedAndEvaluatedOnSubclass" source ="ClassRulesTest.java" package ="org.junit.tests.experimental.rules" value ="0"/>
         <Value name="throwsMore" source ="ExpectedExceptionRuleTest.java" package ="org.junit.tests.experimental.rules" value ="0"/>
         <Value name="throwsMore" source ="ExpectedExceptionRuleTest.java" package ="org.junit.tests.experimental.rules" value ="0"/>
         <Value name="throwsMore" source ="ExpectedExceptionRuleTest.java" package ="org.junit.tests.experimental.rules" value ="0"/>
         <Value name="throwsMore" source ="ExpectedExceptionRuleTest.java" package ="org.junit.tests.experimental.rules" value ="0"/>
         <Value name="throwsMore" source ="ExpectedExceptionRuleTest.java" package ="org.junit.tests.experimental.rules" value ="0"/>
         <Value name="throwsMore" source ="ExpectedExceptionRuleTest.java" package ="org.junit.tests.experimental.rules" value ="0"/>
         <Value name="throwsNothing" source ="ExpectedExceptionRuleTest.java" package ="org.junit.tests.experimental.rules" value ="0"/>
         <Value name="throwsNullPointerException" source ="ExpectedExceptionRuleTest.java" package ="org.junit.tests.experimental.rules" value ="0"/>
         <Value name="throwsNullPointerExceptionWithMessage" source ="ExpectedExceptionRuleTest.java" package ="org.junit.tests.experimental.rules" value ="0"/>
         <Value name="throwsNullPointerException" source ="ExpectedExceptionRuleTest.java" package ="org.junit.tests.experimental.rules" value ="0"/>
         <Value name="throwsNullPointerException" source ="ExpectedExceptionRuleTest.java" package ="org.junit.tests.experimental.rules" value ="0"/>
         <Value name="doesntThrowAnything" source ="ExpectedExceptionRuleTest.java" package ="org.junit.tests.experimental.rules" value ="0"/>
         <Value name="doesntThrowNullPointerException" source ="ExpectedExceptionRuleTest.java" package ="org.junit.tests.experimental.rules" value ="0"/>
         <Value name="expectedExceptionPasses" source ="ExpectedExceptionRuleTest.java" package ="org.junit.tests.experimental.rules" value ="0"/>
         <Value name="failsIfExceptionMessageNeverComes" source ="ExpectedExceptionRuleTest.java" package ="org.junit.tests.experimental.rules" value ="0"/>
         <Value name="failsIfExceptionNeverComes" source ="ExpectedExceptionRuleTest.java" package ="org.junit.tests.experimental.rules" value ="0"/>
         <Value name="failsWithMatcher" source ="ExpectedExceptionRuleTest.java" package ="org.junit.tests.experimental.rules" value ="0"/>
         <Value name="failsWithMultipleMatchers" source ="ExpectedExceptionRuleTest.java" package ="org.junit.tests.experimental.rules" value ="0"/>
         <Value name="failsWithNullExceptionMessage" source ="ExpectedExceptionRuleTest.java" package ="org.junit.tests.experimental.rules" value ="0"/>
         <Value name="passesWithSubstringMethod" source ="ExpectedExceptionRuleTest.java" package ="org.junit.tests.experimental.rules" value ="0"/>
         <Value name="succeedsWithMatcher" source ="ExpectedExceptionRuleTest.java" package ="org.junit.tests.experimental.rules" value ="0"/>
         <Value name="succeedsWithMessageMatcher" source ="ExpectedExceptionRuleTest.java" package ="org.junit.tests.experimental.rules" value ="0"/>
         <Value name="unExpectedExceptionFails" source ="ExpectedExceptionRuleTest.java" package ="org.junit.tests.experimental.rules" value ="0"/>
         <Value name="wrongMessageFails" source ="ExpectedExceptionRuleTest.java" package ="org.junit.tests.experimental.rules" value ="0"/>
         <Value name="testFoo" source ="ExternalResourceRuleTest.java" package ="org.junit.tests.experimental.rules" value ="0"/>
         <Value name="externalResourceGeneratesCorrectSequence" source ="ExternalResourceRuleTest.java" package ="org.junit.tests.experimental.rules" value ="0"/>
         <Value name="after" source ="MethodRulesTest.java" package ="org.junit.tests.experimental.rules" value ="0"/>
         <Value name="before" source ="MethodRulesTest.java" package ="org.junit.tests.experimental.rules" value ="0"/>
         <Value name="succeeds" source ="MethodRulesTest.java" package ="org.junit.tests.experimental.rules" value ="0"/>
         <Value name="nothing" source ="MethodRulesTest.java" package ="org.junit.tests.experimental.rules" value ="0"/>
         <Value name="nothing" source ="MethodRulesTest.java" package ="org.junit.tests.experimental.rules" value ="0"/>
         <Value name="nothing" source ="MethodRulesTest.java" package ="org.junit.tests.experimental.rules" value ="0"/>
         <Value name="nothing" source ="MethodRulesTest.java" package ="org.junit.tests.experimental.rules" value ="0"/>
         <Value name="foo" source ="MethodRulesTest.java" package ="org.junit.tests.experimental.rules" value ="0"/>
         <Value name="foo" source ="MethodRulesTest.java" package ="org.junit.tests.experimental.rules" value ="0"/>
         <Value name="fails" source ="MethodRulesTest.java" package ="org.junit.tests.experimental.rules" value ="0"/>
         <Value name="succeeds" source ="MethodRulesTest.java" package ="org.junit.tests.experimental.rules" value ="0"/>
         <Value name="foo" source ="MethodRulesTest.java" package ="org.junit.tests.experimental.rules" value ="0"/>
         <Value name="beforesAndAfters" source ="MethodRulesTest.java" package ="org.junit.tests.experimental.rules" value ="0"/>
         <Value name="ignoreNonRules" source ="MethodRulesTest.java" package ="org.junit.tests.experimental.rules" value ="0"/>
         <Value name="multipleRulesAreRun" source ="MethodRulesTest.java" package ="org.junit.tests.experimental.rules" value ="0"/>
         <Value name="onFailure" source ="MethodRulesTest.java" package ="org.junit.tests.experimental.rules" value ="0"/>
         <Value name="ruleIsIntroducedAndEvaluated" source ="MethodRulesTest.java" package ="org.junit.tests.experimental.rules" value ="0"/>
         <Value name="ruleIsIntroducedAndEvaluatedOnSubclass" source ="MethodRulesTest.java" package ="org.junit.tests.experimental.rules" value ="0"/>
         <Value name="succeeded" source ="MethodRulesTest.java" package ="org.junit.tests.experimental.rules" value ="0"/>
         <Value name="useCustomMethodRule" source ="MethodRulesTest.java" package ="org.junit.tests.experimental.rules" value ="0"/>
         <Value name="validatePrivateRule" source ="MethodRulesTest.java" package ="org.junit.tests.experimental.rules" value ="0"/>
         <Value name="validateWrongTypedField" source ="MethodRulesTest.java" package ="org.junit.tests.experimental.rules" value ="0"/>
         <Value name="validateWrongTypedFieldInSuperclass" source ="MethodRulesTest.java" package ="org.junit.tests.experimental.rules" value ="0"/>
         <Value name="setUp" source ="NameRulesTest.java" package ="org.junit.tests.experimental.rules" value ="0"/>
         <Value name="tearDown" source ="NameRulesTest.java" package ="org.junit.tests.experimental.rules" value ="0"/>
         <Value name="x" source ="NameRulesTest.java" package ="org.junit.tests.experimental.rules" value ="0"/>
         <Value name="testA" source ="NameRulesTest.java" package ="org.junit.tests.experimental.rules" value ="0"/>
         <Value name="testB" source ="NameRulesTest.java" package ="org.junit.tests.experimental.rules" value ="0"/>
         <Value name="testUsingTempFolder" source ="TempFolderRuleTest.java" package ="org.junit.tests.experimental.rules" value ="0"/>
         <Value name="testUsingTempFolder" source ="TempFolderRuleTest.java" package ="org.junit.tests.experimental.rules" value ="0"/>
         <Value name="recursiveDeleteFolderWithOneElement" source ="TempFolderRuleTest.java" package ="org.junit.tests.experimental.rules" value ="0"/>
         <Value name="recursiveDeleteFolderWithZeroElements" source ="TempFolderRuleTest.java" package ="org.junit.tests.experimental.rules" value ="0"/>
         <Value name="subFolderIsDeleted" source ="TempFolderRuleTest.java" package ="org.junit.tests.experimental.rules" value ="0"/>
         <Value name="tempFolderIsDeleted" source ="TempFolderRuleTest.java" package ="org.junit.tests.experimental.rules" value ="0"/>
         <Value name="after" source ="TestRuleTest.java" package ="org.junit.tests.experimental.rules" value ="0"/>
         <Value name="before" source ="TestRuleTest.java" package ="org.junit.tests.experimental.rules" value ="0"/>
         <Value name="succeeds" source ="TestRuleTest.java" package ="org.junit.tests.experimental.rules" value ="0"/>
         <Value name="nothing" source ="TestRuleTest.java" package ="org.junit.tests.experimental.rules" value ="0"/>
         <Value name="nothing" source ="TestRuleTest.java" package ="org.junit.tests.experimental.rules" value ="0"/>
         <Value name="nothing" source ="TestRuleTest.java" package ="org.junit.tests.experimental.rules" value ="0"/>
         <Value name="nothing" source ="TestRuleTest.java" package ="org.junit.tests.experimental.rules" value ="0"/>
         <Value name="onlyOnce" source ="TestRuleTest.java" package ="org.junit.tests.experimental.rules" value ="0"/>
         <Value name="foo" source ="TestRuleTest.java" package ="org.junit.tests.experimental.rules" value ="0"/>
         <Value name="foo" source ="TestRuleTest.java" package ="org.junit.tests.experimental.rules" value ="0"/>
         <Value name="fails" source ="TestRuleTest.java" package ="org.junit.tests.experimental.rules" value ="0"/>
         <Value name="succeeds" source ="TestRuleTest.java" package ="org.junit.tests.experimental.rules" value ="0"/>
         <Value name="foo" source ="TestRuleTest.java" package ="org.junit.tests.experimental.rules" value ="0"/>
         <Value name="beforesAndAfters" source ="TestRuleTest.java" package ="org.junit.tests.experimental.rules" value ="0"/>
         <Value name="ignoreNonRules" source ="TestRuleTest.java" package ="org.junit.tests.experimental.rules" value ="0"/>
         <Value name="multipleRulesAreRun" source ="TestRuleTest.java" package ="org.junit.tests.experimental.rules" value ="0"/>
         <Value name="onFailure" source ="TestRuleTest.java" package ="org.junit.tests.experimental.rules" value ="0"/>
         <Value name="onlyApplyOnceEvenIfImplementsBothInterfaces" source ="TestRuleTest.java" package ="org.junit.tests.experimental.rules" value ="0"/>
         <Value name="ruleIsIntroducedAndEvaluated" source ="TestRuleTest.java" package ="org.junit.tests.experimental.rules" value ="0"/>
         <Value name="ruleIsIntroducedAndEvaluatedOnSubclass" source ="TestRuleTest.java" package ="org.junit.tests.experimental.rules" value ="0"/>
         <Value name="succeeded" source ="TestRuleTest.java" package ="org.junit.tests.experimental.rules" value ="0"/>
         <Value name="useCustomMethodRule" source ="TestRuleTest.java" package ="org.junit.tests.experimental.rules" value ="0"/>
         <Value name="validatePrivateRule" source ="TestRuleTest.java" package ="org.junit.tests.experimental.rules" value ="0"/>
         <Value name="validateWrongTypedField" source ="TestRuleTest.java" package ="org.junit.tests.experimental.rules" value ="0"/>
         <Value name="validateWrongTypedFieldInSuperclass" source ="TestRuleTest.java" package ="org.junit.tests.experimental.rules" value ="0"/>
         <Value name="testInfiniteLoop1" source ="TimeoutRuleTest.java" package ="org.junit.tests.experimental.rules" value ="0"/>
         <Value name="testInfiniteLoop2" source ="TimeoutRuleTest.java" package ="org.junit.tests.experimental.rules" value ="0"/>
         <Value name="globalTimeoutAvoidsInfiniteLoop" source ="TimeoutRuleTest.java" package ="org.junit.tests.experimental.rules" value ="0"/>
         <Value name="example" source ="VerifierRuleTest.java" package ="org.junit.tests.experimental.rules" value ="0"/>
         <Value name="example" source ="VerifierRuleTest.java" package ="org.junit.tests.experimental.rules" value ="0"/>
         <Value name="example" source ="VerifierRuleTest.java" package ="org.junit.tests.experimental.rules" value ="0"/>
         <Value name="example" source ="VerifierRuleTest.java" package ="org.junit.tests.experimental.rules" value ="0"/>
         <Value name="example" source ="VerifierRuleTest.java" package ="org.junit.tests.experimental.rules" value ="0"/>
         <Value name="example" source ="VerifierRuleTest.java" package ="org.junit.tests.experimental.rules" value ="0"/>
         <Value name="usedErrorCollectorCheckSucceedsShouldFail" source ="VerifierRuleTest.java" package ="org.junit.tests.experimental.rules" value ="0"/>
         <Value name="usedErrorCollectorCheckSucceedsShouldPass" source ="VerifierRuleTest.java" package ="org.junit.tests.experimental.rules" value ="0"/>
         <Value name="usedErrorCollectorCheckThatShouldFail" source ="VerifierRuleTest.java" package ="org.junit.tests.experimental.rules" value ="0"/>
         <Value name="usedErrorCollectorShouldFail" source ="VerifierRuleTest.java" package ="org.junit.tests.experimental.rules" value ="0"/>
         <Value name="usedErrorCollectorTwiceShouldFail" source ="VerifierRuleTest.java" package ="org.junit.tests.experimental.rules" value ="0"/>
         <Value name="verifierRunsAfterTest" source ="VerifierRuleTest.java" package ="org.junit.tests.experimental.rules" value ="0"/>
         <Value name="GuessMap" source ="Guesser.java" package ="org.junit.tests.experimental.theories.extendingwithstubs" value ="0"/>
         <Value name="getDescription" source ="Guesser.java" package ="org.junit.tests.experimental.theories.extendingwithstubs" value ="0"/>
         <Value name="getProxy" source ="Guesser.java" package ="org.junit.tests.experimental.theories.extendingwithstubs" value ="0"/>
         <Value name="getType" source ="Guesser.java" package ="org.junit.tests.experimental.theories.extendingwithstubs" value ="0"/>
         <Value name="getValue" source ="Guesser.java" package ="org.junit.tests.experimental.theories.extendingwithstubs" value ="0"/>
         <Value name="getDescription" source ="GuesserQueue.java" package ="org.junit.tests.experimental.theories.extendingwithstubs" value ="0"/>
         <Value name="getValue" source ="GuesserQueue.java" package ="org.junit.tests.experimental.theories.extendingwithstubs" value ="0"/>
         <Value name="argList" source ="MethodCall.java" package ="org.junit.tests.experimental.theories.extendingwithstubs" value ="0"/>
         <Value name="argListString" source ="MethodCall.java" package ="org.junit.tests.experimental.theories.extendingwithstubs" value ="0"/>
         <Value name="getReturnType" source ="MethodCall.java" package ="org.junit.tests.experimental.theories.extendingwithstubs" value ="0"/>
         <Value name="hashCode" source ="MethodCall.java" package ="org.junit.tests.experimental.theories.extendingwithstubs" value ="0"/>
         <Value name="toString" source ="MethodCall.java" package ="org.junit.tests.experimental.theories.extendingwithstubs" value ="0"/>
         <Value name="ReguessableValue" source ="ReguessableValue.java" package ="org.junit.tests.experimental.theories.extendingwithstubs" value ="0"/>
         <Value name="isListableArray" source ="StringableObject.java" package ="org.junit.tests.experimental.theories.extendingwithstubs" value ="0"/>
         <Value name="stringableObject" source ="StringableObject.java" package ="org.junit.tests.experimental.theories.extendingwithstubs" value ="0"/>
         <Value name="toString" source ="StringableObject.java" package ="org.junit.tests.experimental.theories.extendingwithstubs" value ="0"/>
         <Value name="calledTwice" source ="SuccessfulWithDataPointFields.java" package ="org.junit.tests.experimental.theories.runner" value ="0"/>
         <Value name="incrementBefore" source ="SuccessfulWithDataPointFields.java" package ="org.junit.tests.experimental.theories.runner" value ="0"/>
         <Value name="resetCalls" source ="SuccessfulWithDataPointFields.java" package ="org.junit.tests.experimental.theories.runner" value ="0"/>
         <Value name="incrementBefore" source ="SuccessfulWithDataPointFields.java" package ="org.junit.tests.experimental.theories.runner" value ="0"/>
         <Value name="calledTwice" source ="SuccessfulWithDataPointFields.java" package ="org.junit.tests.experimental.theories.runner" value ="0"/>
         <Value name="resetCalls" source ="SuccessfulWithDataPointFields.java" package ="org.junit.tests.experimental.theories.runner" value ="0"/>
         <Value name="haveAPostiveSquare" source ="SuccessfulWithDataPointFields.java" package ="org.junit.tests.experimental.theories.runner" value ="0"/>
         <Value name="haveAPostiveSquare" source ="SuccessfulWithDataPointFields.java" package ="org.junit.tests.experimental.theories.runner" value ="0"/>
         <Value name="tryCombinationsQuickly" source ="TheoriesPerformanceTest.java" package ="org.junit.tests.experimental.theories.runner" value ="0"/>
         <Value name="canRunTheories" source ="UnsuccessfulWithDataPointFields.java" package ="org.junit.tests.experimental.theories.runner" value ="0"/>
         <Value name="dataPointsMustBeStatic" source ="UnsuccessfulWithDataPointFields.java" package ="org.junit.tests.experimental.theories.runner" value ="0"/>
         <Value name="nullsUsedUnlessProhibited" source ="UnsuccessfulWithDataPointFields.java" package ="org.junit.tests.experimental.theories.runner" value ="0"/>
         <Value name="reportBadParams" source ="UnsuccessfulWithDataPointFields.java" package ="org.junit.tests.experimental.theories.runner" value ="0"/>
         <Value name="theoriesMustBePublic" source ="UnsuccessfulWithDataPointFields.java" package ="org.junit.tests.experimental.theories.runner" value ="0"/>
         <Value name="theoryAnnotationsAreRetained" source ="UnsuccessfulWithDataPointFields.java" package ="org.junit.tests.experimental.theories.runner" value ="0"/>
         <Value name="theoryClassMethodsShowUp" source ="UnsuccessfulWithDataPointFields.java" package ="org.junit.tests.experimental.theories.runner" value ="0"/>
         <Value name="empty" source ="WithDataPointMethod.java" package ="org.junit.tests.experimental.theories.runner" value ="0"/>
         <Value name="oneHundred" source ="WithDataPointMethod.java" package ="org.junit.tests.experimental.theories.runner" value ="0"/>
         <Value name="notADataPoint" source ="WithDataPointMethod.java" package ="org.junit.tests.experimental.theories.runner" value ="0"/>
         <Value name="oneHundred" source ="WithDataPointMethod.java" package ="org.junit.tests.experimental.theories.runner" value ="0"/>
         <Value name="oneHundred" source ="WithDataPointMethod.java" package ="org.junit.tests.experimental.theories.runner" value ="0"/>
         <Value name="oneUglyHundred" source ="WithDataPointMethod.java" package ="org.junit.tests.experimental.theories.runner" value ="0"/>
         <Value name="empty" source ="WithDataPointMethod.java" package ="org.junit.tests.experimental.theories.runner" value ="0"/>
         <Value name="ignoreDataPointMethodsWithWrongTypes" source ="WithDataPointMethod.java" package ="org.junit.tests.experimental.theories.runner" value ="0"/>
         <Value name="ignoreDataPointMethodsWithoutAnnotation" source ="WithDataPointMethod.java" package ="org.junit.tests.experimental.theories.runner" value ="0"/>
         <Value name="ignoreExceptionsFromDataPointMethods" source ="WithDataPointMethod.java" package ="org.junit.tests.experimental.theories.runner" value ="0"/>
         <Value name="mutableObjectsAreCreatedAfresh" source ="WithDataPointMethod.java" package ="org.junit.tests.experimental.theories.runner" value ="0"/>
         <Value name="pickUpDataPointMethods" source ="WithDataPointMethod.java" package ="org.junit.tests.experimental.theories.runner" value ="0"/>
         <Value name="STRINGS" source ="WithExtendedParameterSources.java" package ="org.junit.tests.experimental.theories.runner" value ="0"/>
         <Value name="INTS" source ="WithExtendedParameterSources.java" package ="org.junit.tests.experimental.theories.runner" value ="0"/>
         <Value name="STRING" source ="WithExtendedParameterSources.java" package ="org.junit.tests.experimental.theories.runner" value ="0"/>
         <Value name="STRINGS" source ="WithExtendedParameterSources.java" package ="org.junit.tests.experimental.theories.runner" value ="0"/>
         <Value name="dataPointCanBeArray" source ="WithExtendedParameterSources.java" package ="org.junit.tests.experimental.theories.runner" value ="0"/>
         <Value name="getDataPointsFromArray" source ="WithExtendedParameterSources.java" package ="org.junit.tests.experimental.theories.runner" value ="0"/>
         <Value name="getDataPointsFromArrayMethod" source ="WithExtendedParameterSources.java" package ="org.junit.tests.experimental.theories.runner" value ="0"/>
         <Value name="getDataPointsFromArrayMethodInSpiteOfMalformedness" source ="WithExtendedParameterSources.java" package ="org.junit.tests.experimental.theories.runner" value ="0"/>
         <Value name="shouldFilterNull" source ="WithExtendedParameterSources.java" package ="org.junit.tests.experimental.theories.runner" value ="0"/>
         <Value name="testedOnLimitsParameters" source ="WithExtendedParameterSources.java" package ="org.junit.tests.experimental.theories.runner" value ="0"/>
         <Value name="shouldThrow" source ="WithOnlyTestAnnotations.java" package ="org.junit.tests.experimental.theories.runner" value ="0"/>
         <Value name="shouldThrow" source ="WithOnlyTestAnnotations.java" package ="org.junit.tests.experimental.theories.runner" value ="0"/>
         <Value name="shouldStop" source ="WithOnlyTestAnnotations.java" package ="org.junit.tests.experimental.theories.runner" value ="0"/>
         <Value name="honorExpected" source ="WithOnlyTestAnnotations.java" package ="org.junit.tests.experimental.theories.runner" value ="0"/>
         <Value name="honorExpectedPassing" source ="WithOnlyTestAnnotations.java" package ="org.junit.tests.experimental.theories.runner" value ="0"/>
         <Value name="honorTimeout" source ="WithOnlyTestAnnotations.java" package ="org.junit.tests.experimental.theories.runner" value ="0"/>
         <Value name="testErrorWhenTestHasParametersDespiteTheories" source ="WithOnlyTestAnnotations.java" package ="org.junit.tests.experimental.theories.runner" value ="0"/>
         <Value name="dataPointsAnnotationMeansTreatAsArrayOnly" source ="AllMembersSupplierTest.java" package ="org.junit.tests.experimental.theories" value ="0"/>
         <Value name="getAnnotations" source ="ParameterSignatureTest.java" package ="org.junit.tests.experimental.theories" value ="0"/>
         <Value name="getType" source ="ParameterSignatureTest.java" package ="org.junit.tests.experimental.theories" value ="0"/>
         <Value name="canJoinWhenToStringFails" source ="ParameterizedAssertionErrorTest.java" package ="org.junit.tests.experimental.theories" value ="0"/>
         <Value name="AssumptionFailureInConstructor" source ="AssumptionTest.java" package ="org.junit.tests.experimental" value ="0"/>
         <Value name="shouldFail" source ="AssumptionTest.java" package ="org.junit.tests.experimental" value ="0"/>
         <Value name="checkForSomethingThatIsntThere" source ="AssumptionTest.java" package ="org.junit.tests.experimental" value ="0"/>
         <Value name="failing" source ="AssumptionTest.java" package ="org.junit.tests.experimental" value ="0"/>
         <Value name="checkForSomethingThatIsntThere" source ="AssumptionTest.java" package ="org.junit.tests.experimental" value ="0"/>
         <Value name="failing" source ="AssumptionTest.java" package ="org.junit.tests.experimental" value ="0"/>
         <Value name="assumptionsFail" source ="AssumptionTest.java" package ="org.junit.tests.experimental" value ="0"/>
         <Value name="assumptionsFail" source ="AssumptionTest.java" package ="org.junit.tests.experimental" value ="0"/>
         <Value name="assertCompletesNormally" source ="AssumptionTest.java" package ="org.junit.tests.experimental" value ="0"/>
         <Value name="assumeNoExceptionThrows" source ="AssumptionTest.java" package ="org.junit.tests.experimental" value ="0"/>
         <Value name="assumeNotNullIncludesParameterList" source ="AssumptionTest.java" package ="org.junit.tests.experimental" value ="0"/>
         <Value name="assumeNotNullPasses" source ="AssumptionTest.java" package ="org.junit.tests.experimental" value ="0"/>
         <Value name="assumeNotNullThrowsException" source ="AssumptionTest.java" package ="org.junit.tests.experimental" value ="0"/>
         <Value name="assumeThatPasses" source ="AssumptionTest.java" package ="org.junit.tests.experimental" value ="0"/>
         <Value name="assumeThatPassesOnStrings" source ="AssumptionTest.java" package ="org.junit.tests.experimental" value ="0"/>
         <Value name="assumeThatWorks" source ="AssumptionTest.java" package ="org.junit.tests.experimental" value ="0"/>
         <Value name="assumeTrueWorks" source ="AssumptionTest.java" package ="org.junit.tests.experimental" value ="0"/>
         <Value name="assumeWithExpectedException" source ="AssumptionTest.java" package ="org.junit.tests.experimental" value ="0"/>
         <Value name="failedAssumptionsCanBeDetectedByListeners" source ="AssumptionTest.java" package ="org.junit.tests.experimental" value ="0"/>
         <Value name="failedAssumptionsMeanPassing" source ="AssumptionTest.java" package ="org.junit.tests.experimental" value ="0"/>
         <Value name="failingAssumptionInBeforeClassIgnoresClass" source ="AssumptionTest.java" package ="org.junit.tests.experimental" value ="0"/>
         <Value name="failingAssumptionInBeforePreventsTestRun" source ="AssumptionTest.java" package ="org.junit.tests.experimental" value ="0"/>
         <Value name="failingAssumptionInConstructorIgnoresClass" source ="AssumptionTest.java" package ="org.junit.tests.experimental" value ="0"/>
         <Value name="passingAssumptionsScootThrough" source ="AssumptionTest.java" package ="org.junit.tests.experimental" value ="0"/>
         <Value name="AssumptionViolatedExceptionDescribesItself" source ="AssumptionViolatedExceptionTest.java" package ="org.junit.tests.experimental" value ="0"/>
         <Value name="simpleAssumptionViolatedExceptionDescribesItself" source ="AssumptionViolatedExceptionTest.java" package ="org.junit.tests.experimental" value ="0"/>
         <Value name="suite" source ="AllTestsTest.java" package ="org.junit.tests.junit3compatibility" value ="0"/>
         <Value name="suite" source ="AllTestsTest.java" package ="org.junit.tests.junit3compatibility" value ="0"/>
         <Value name="suite" source ="AllTestsTest.java" package ="org.junit.tests.junit3compatibility" value ="0"/>
         <Value name="testSomething" source ="AllTestsTest.java" package ="org.junit.tests.junit3compatibility" value ="0"/>
         <Value name="testSomething" source ="AllTestsTest.java" package ="org.junit.tests.junit3compatibility" value ="0"/>
         <Value name="correctTestCount" source ="AllTestsTest.java" package ="org.junit.tests.junit3compatibility" value ="0"/>
         <Value name="correctTestCountAdapted" source ="AllTestsTest.java" package ="org.junit.tests.junit3compatibility" value ="0"/>
         <Value name="ensureTestIsRun" source ="AllTestsTest.java" package ="org.junit.tests.junit3compatibility" value ="0"/>
         <Value name="exceptionThrownWhenSuiteIsBad" source ="AllTestsTest.java" package ="org.junit.tests.junit3compatibility" value ="0"/>
         <Value name="someUsefulDescription" source ="AllTestsTest.java" package ="org.junit.tests.junit3compatibility" value ="0"/>
         <Value name="suite" source ="ClassRequestTest.java" package ="org.junit.tests.junit3compatibility" value ="0"/>
         <Value name="noSuiteMethodIfMethodPrivate" source ="ClassRequestTest.java" package ="org.junit.tests.junit3compatibility" value ="0"/>
         <Value name="error" source ="ForwardCompatibilityPrintingTest.java" package ="org.junit.tests.junit3compatibility" value ="0"/>
         <Value name="testError" source ="ForwardCompatibilityPrintingTest.java" package ="org.junit.tests.junit3compatibility" value ="0"/>
         <Value name="testErrorAdapted" source ="ForwardCompatibilityPrintingTest.java" package ="org.junit.tests.junit3compatibility" value ="0"/>
         <Value name="after" source ="ForwardCompatibilityTest.java" package ="org.junit.tests.junit3compatibility" value ="0"/>
         <Value name="afterClass" source ="ForwardCompatibilityTest.java" package ="org.junit.tests.junit3compatibility" value ="0"/>
         <Value name="before" source ="ForwardCompatibilityTest.java" package ="org.junit.tests.junit3compatibility" value ="0"/>
         <Value name="beforeClass" source ="ForwardCompatibilityTest.java" package ="org.junit.tests.junit3compatibility" value ="0"/>
         <Value name="one" source ="ForwardCompatibilityTest.java" package ="org.junit.tests.junit3compatibility" value ="0"/>
         <Value name="two" source ="ForwardCompatibilityTest.java" package ="org.junit.tests.junit3compatibility" value ="0"/>
         <Value name="error" source ="ForwardCompatibilityTest.java" package ="org.junit.tests.junit3compatibility" value ="0"/>
         <Value name="error" source ="ForwardCompatibilityTest.java" package ="org.junit.tests.junit3compatibility" value ="0"/>
         <Value name="nothing" source ="ForwardCompatibilityTest.java" package ="org.junit.tests.junit3compatibility" value ="0"/>
         <Value name="expected" source ="ForwardCompatibilityTest.java" package ="org.junit.tests.junit3compatibility" value ="0"/>
         <Value name="aTest" source ="ForwardCompatibilityTest.java" package ="org.junit.tests.junit3compatibility" value ="0"/>
         <Value name="shouldBeStatic" source ="ForwardCompatibilityTest.java" package ="org.junit.tests.junit3compatibility" value ="0"/>
         <Value name="getDescription" source ="ForwardCompatibilityTest.java" package ="org.junit.tests.junit3compatibility" value ="0"/>
         <Value name="testCount" source ="ForwardCompatibilityTest.java" package ="org.junit.tests.junit3compatibility" value ="0"/>
         <Value name="after" source ="ForwardCompatibilityTest.java" package ="org.junit.tests.junit3compatibility" value ="0"/>
         <Value name="before" source ="ForwardCompatibilityTest.java" package ="org.junit.tests.junit3compatibility" value ="0"/>
         <Value name="test" source ="ForwardCompatibilityTest.java" package ="org.junit.tests.junit3compatibility" value ="0"/>
         <Value name="succeed" source ="ForwardCompatibilityTest.java" package ="org.junit.tests.junit3compatibility" value ="0"/>
         <Value name="expected" source ="ForwardCompatibilityTest.java" package ="org.junit.tests.junit3compatibility" value ="0"/>
         <Value name="testBeforeAndAfterClass" source ="ForwardCompatibilityTest.java" package ="org.junit.tests.junit3compatibility" value ="0"/>
         <Value name="testCompatibility" source ="ForwardCompatibilityTest.java" package ="org.junit.tests.junit3compatibility" value ="0"/>
         <Value name="testException" source ="ForwardCompatibilityTest.java" package ="org.junit.tests.junit3compatibility" value ="0"/>
         <Value name="testExceptionInBefore" source ="ForwardCompatibilityTest.java" package ="org.junit.tests.junit3compatibility" value ="0"/>
         <Value name="testExpected" source ="ForwardCompatibilityTest.java" package ="org.junit.tests.junit3compatibility" value ="0"/>
         <Value name="testInvalidMethod" source ="ForwardCompatibilityTest.java" package ="org.junit.tests.junit3compatibility" value ="0"/>
         <Value name="testNoException" source ="ForwardCompatibilityTest.java" package ="org.junit.tests.junit3compatibility" value ="0"/>
         <Value name="testNotifyResult" source ="ForwardCompatibilityTest.java" package ="org.junit.tests.junit3compatibility" value ="0"/>
         <Value name="testRunWithClass" source ="ForwardCompatibilityTest.java" package ="org.junit.tests.junit3compatibility" value ="0"/>
         <Value name="testToString" source ="ForwardCompatibilityTest.java" package ="org.junit.tests.junit3compatibility" value ="0"/>
         <Value name="testToStringSuite" source ="ForwardCompatibilityTest.java" package ="org.junit.tests.junit3compatibility" value ="0"/>
         <Value name="testUseGlobalCache" source ="ForwardCompatibilityTest.java" package ="org.junit.tests.junit3compatibility" value ="0"/>
         <Value name="getDescription" source ="InitializationErrorForwardCompatibilityTest.java" package ="org.junit.tests.junit3compatibility" value ="0"/>
         <Value name="getError" source ="InitializationErrorForwardCompatibilityTest.java" package ="org.junit.tests.junit3compatibility" value ="0"/>
         <Value name="createAdapter" source ="InitializationErrorForwardCompatibilityTest.java" package ="org.junit.tests.junit3compatibility" value ="0"/>
         <Value name="generatedErrorTestsMatchUp" source ="InitializationErrorForwardCompatibilityTest.java" package ="org.junit.tests.junit3compatibility" value ="0"/>
         <Value name="initializationErrorsAreThrownAtRuntime" source ="InitializationErrorForwardCompatibilityTest.java" package ="org.junit.tests.junit3compatibility" value ="0"/>
         <Value name="initializationErrorsShowUpAsWarnings" source ="InitializationErrorForwardCompatibilityTest.java" package ="org.junit.tests.junit3compatibility" value ="0"/>
         <Value name="foo" source ="JUnit38ClassRunnerTest.java" package ="org.junit.tests.junit3compatibility" value ="0"/>
         <Value name="testInvalid" source ="JUnit38ClassRunnerTest.java" package ="org.junit.tests.junit3compatibility" value ="0"/>
         <Value name="testA" source ="JUnit38ClassRunnerTest.java" package ="org.junit.tests.junit3compatibility" value ="0"/>
         <Value name="testOne" source ="JUnit38ClassRunnerTest.java" package ="org.junit.tests.junit3compatibility" value ="0"/>
         <Value name="canUnadaptAnAdapter" source ="JUnit38ClassRunnerTest.java" package ="org.junit.tests.junit3compatibility" value ="0"/>
         <Value name="invalidTestMethodReportedCorrectly" source ="JUnit38ClassRunnerTest.java" package ="org.junit.tests.junit3compatibility" value ="0"/>
         <Value name="plansDecoratorCorrectly" source ="JUnit38ClassRunnerTest.java" package ="org.junit.tests.junit3compatibility" value ="0"/>
         <Value name="testListener" source ="JUnit38ClassRunnerTest.java" package ="org.junit.tests.junit3compatibility" value ="0"/>
         <Value name="addFailureDelegatesToNotifier" source ="OldTestClassAdaptingListenerTest.java" package ="org.junit.tests.junit3compatibility" value ="0"/>
         <Value name="suite" source ="OldTests.java" package ="org.junit.tests.junit3compatibility" value ="0"/>
         <Value name="ignored" source ="SuiteMethodTest.java" package ="org.junit.tests.junit3compatibility" value ="0"/>
         <Value name="suite" source ="SuiteMethodTest.java" package ="org.junit.tests.junit3compatibility" value ="0"/>
         <Value name="sample" source ="SuiteMethodTest.java" package ="org.junit.tests.junit3compatibility" value ="0"/>
         <Value name="suite" source ="SuiteMethodTest.java" package ="org.junit.tests.junit3compatibility" value ="0"/>
         <Value name="ignore" source ="SuiteMethodTest.java" package ="org.junit.tests.junit3compatibility" value ="0"/>
         <Value name="sample" source ="SuiteMethodTest.java" package ="org.junit.tests.junit3compatibility" value ="0"/>
         <Value name="suite" source ="SuiteMethodTest.java" package ="org.junit.tests.junit3compatibility" value ="0"/>
         <Value name="sample" source ="SuiteMethodTest.java" package ="org.junit.tests.junit3compatibility" value ="0"/>
         <Value name="suite" source ="SuiteMethodTest.java" package ="org.junit.tests.junit3compatibility" value ="0"/>
         <Value name="notObviouslyATest" source ="SuiteMethodTest.java" package ="org.junit.tests.junit3compatibility" value ="0"/>
         <Value name="suite" source ="SuiteMethodTest.java" package ="org.junit.tests.junit3compatibility" value ="0"/>
         <Value name="descriptionAndRunNotificationsAreConsistent" source ="SuiteMethodTest.java" package ="org.junit.tests.junit3compatibility" value ="0"/>
         <Value name="makeSureSuiteIsCalled" source ="SuiteMethodTest.java" package ="org.junit.tests.junit3compatibility" value ="0"/>
         <Value name="makeSureSuiteNotUsedWithJUnit4Classes2" source ="SuiteMethodTest.java" package ="org.junit.tests.junit3compatibility" value ="0"/>
         <Value name="makeSureSuiteWorksWithJUnit4Classes" source ="SuiteMethodTest.java" package ="org.junit.tests.junit3compatibility" value ="0"/>
         <Value name="suiteIsUsedWithJUnit4Classes" source ="SuiteMethodTest.java" package ="org.junit.tests.junit3compatibility" value ="0"/>
         <Value name="nothing" source ="ListenerTest.java" package ="org.junit.tests.listening" value ="0"/>
         <Value name="notifyListenersInTheOrderInWhichTheyAreAdded" source ="ListenerTest.java" package ="org.junit.tests.listening" value ="0"/>
         <Value name="testEmpty" source ="RunnerTest.java" package ="org.junit.tests.listening" value ="0"/>
         <Value name="empty" source ="RunnerTest.java" package ="org.junit.tests.listening" value ="0"/>
         <Value name="empty" source ="RunnerTest.java" package ="org.junit.tests.listening" value ="0"/>
         <Value name="newTestCount" source ="RunnerTest.java" package ="org.junit.tests.listening" value ="0"/>
         <Value name="oldTestCount" source ="RunnerTest.java" package ="org.junit.tests.listening" value ="0"/>
         <Value name="testFinished" source ="RunnerTest.java" package ="org.junit.tests.listening" value ="0"/>
         <Value name="nothing" source ="TestListenerTest.java" package ="org.junit.tests.listening" value ="0"/>
         <Value name="failingListener" source ="TestListenerTest.java" package ="org.junit.tests.listening" value ="0"/>
         <Value name="freshResultEachTime" source ="TestListenerTest.java" package ="org.junit.tests.listening" value ="0"/>
         <Value name="removeFailingListeners" source ="TestListenerTest.java" package ="org.junit.tests.listening" value ="0"/>
         <Value name="error" source ="TextListenerTest.java" package ="org.junit.tests.listening" value ="0"/>
         <Value name="one" source ="TextListenerTest.java" package ="org.junit.tests.listening" value ="0"/>
         <Value name="pause" source ="TextListenerTest.java" package ="org.junit.tests.listening" value ="0"/>
         <Value name="setUp" source ="TextListenerTest.java" package ="org.junit.tests.listening" value ="0"/>
         <Value name="testError" source ="TextListenerTest.java" package ="org.junit.tests.listening" value ="0"/>
         <Value name="testSuccess" source ="TextListenerTest.java" package ="org.junit.tests.listening" value ="0"/>
         <Value name="testTime" source ="TextListenerTest.java" package ="org.junit.tests.listening" value ="0"/>
         <Value name="foo" source ="UserStopTest.java" package ="org.junit.tests.listening" value ="0"/>
         <Value name="createNotifier" source ="UserStopTest.java" package ="org.junit.tests.listening" value ="0"/>
         <Value name="stopClassRunner" source ="UserStopTest.java" package ="org.junit.tests.listening" value ="0"/>
         <Value name="userStop" source ="UserStopTest.java" package ="org.junit.tests.listening" value ="0"/>
         <Value name="parameters" source ="FilterableTest.java" package ="org.junit.tests.manipulation" value ="0"/>
         <Value name="runThis" source ="FilterableTest.java" package ="org.junit.tests.manipulation" value ="0"/>
         <Value name="skipThis" source ="FilterableTest.java" package ="org.junit.tests.manipulation" value ="0"/>
         <Value name="testFilterInRunnerConstructor" source ="FilterableTest.java" package ="org.junit.tests.manipulation" value ="0"/>
         <Value name="a" source ="SingleMethodTest.java" package ="org.junit.tests.manipulation" value ="0"/>
         <Value name="b" source ="SingleMethodTest.java" package ="org.junit.tests.manipulation" value ="0"/>
         <Value name="suite" source ="SingleMethodTest.java" package ="org.junit.tests.manipulation" value ="0"/>
         <Value name="once" source ="SingleMethodTest.java" package ="org.junit.tests.manipulation" value ="0"/>
         <Value name="one" source ="SingleMethodTest.java" package ="org.junit.tests.manipulation" value ="0"/>
         <Value name="two" source ="SingleMethodTest.java" package ="org.junit.tests.manipulation" value ="0"/>
         <Value name="once" source ="SingleMethodTest.java" package ="org.junit.tests.manipulation" value ="0"/>
         <Value name="one" source ="SingleMethodTest.java" package ="org.junit.tests.manipulation" value ="0"/>
         <Value name="params" source ="SingleMethodTest.java" package ="org.junit.tests.manipulation" value ="0"/>
         <Value name="one" source ="SingleMethodTest.java" package ="org.junit.tests.manipulation" value ="0"/>
         <Value name="params" source ="SingleMethodTest.java" package ="org.junit.tests.manipulation" value ="0"/>
         <Value name="a" source ="SingleMethodTest.java" package ="org.junit.tests.manipulation" value ="0"/>
         <Value name="b" source ="SingleMethodTest.java" package ="org.junit.tests.manipulation" value ="0"/>
         <Value name="a" source ="SingleMethodTest.java" package ="org.junit.tests.manipulation" value ="0"/>
         <Value name="b" source ="SingleMethodTest.java" package ="org.junit.tests.manipulation" value ="0"/>
         <Value name="classesWithSuiteMethodsAreFiltered" source ="SingleMethodTest.java" package ="org.junit.tests.manipulation" value ="0"/>
         <Value name="eliminateUnnecessaryTreeBranches" source ="SingleMethodTest.java" package ="org.junit.tests.manipulation" value ="0"/>
         <Value name="filteringAffectsPlan" source ="SingleMethodTest.java" package ="org.junit.tests.manipulation" value ="0"/>
         <Value name="filteringAwayEverythingThrowsException" source ="SingleMethodTest.java" package ="org.junit.tests.manipulation" value ="0"/>
         <Value name="nonexistentMethodCreatesFailure" source ="SingleMethodTest.java" package ="org.junit.tests.manipulation" value ="0"/>
         <Value name="oneTimeSetup" source ="SingleMethodTest.java" package ="org.junit.tests.manipulation" value ="0"/>
         <Value name="parameterizedBeforeClass" source ="SingleMethodTest.java" package ="org.junit.tests.manipulation" value ="0"/>
         <Value name="parameterizedFilterToSingleMethod" source ="SingleMethodTest.java" package ="org.junit.tests.manipulation" value ="0"/>
         <Value name="resetLog" source ="SortableTest.java" package ="org.junit.tests.manipulation" value ="0"/>
         <Value name="sortingBackwardWorksOnTestClassRunner" source ="SortableTest.java" package ="org.junit.tests.manipulation" value ="0"/>
         <Value name="sortingForwardWorksOnTestClassRunner" source ="SortableTest.java" package ="org.junit.tests.manipulation" value ="0"/>
         <Value name="resetLog" source ="SortableTest.java" package ="org.junit.tests.manipulation" value ="0"/>
         <Value name="sortingBackwardWorksOnSuite" source ="SortableTest.java" package ="org.junit.tests.manipulation" value ="0"/>
         <Value name="sortingBackwardWorksOnTestClassRunner" source ="SortableTest.java" package ="org.junit.tests.manipulation" value ="0"/>
         <Value name="sortingForwardWorksOnSuite" source ="SortableTest.java" package ="org.junit.tests.manipulation" value ="0"/>
         <Value name="sortingForwardWorksOnTestClassRunner" source ="SortableTest.java" package ="org.junit.tests.manipulation" value ="0"/>
         <Value name="unsortablesAreHandledWithoutCrashing" source ="SortableTest.java" package ="org.junit.tests.manipulation" value ="0"/>
         <Value name="backward" source ="SortableTest.java" package ="org.junit.tests.manipulation" value ="0"/>
         <Value name="forward" source ="SortableTest.java" package ="org.junit.tests.manipulation" value ="0"/>
         <Value name="enclosedRunnerIsNamedForEnclosingClass" source ="EnclosedTest.java" package ="org.junit.tests.running.classes" value ="0"/>
         <Value name="enclosedRunnerPlansEnclosedClasses" source ="EnclosedTest.java" package ="org.junit.tests.running.classes" value ="0"/>
         <Value name="enclosedRunnerRunsEnclosedClasses" source ="EnclosedTest.java" package ="org.junit.tests.running.classes" value ="0"/>
         <Value name="iFail" source ="IgnoreClassTest.java" package ="org.junit.tests.running.classes" value ="0"/>
         <Value name="iFailToo" source ="IgnoreClassTest.java" package ="org.junit.tests.running.classes" value ="0"/>
         <Value name="ignoreClass" source ="IgnoreClassTest.java" package ="org.junit.tests.running.classes" value ="0"/>
         <Value name="aTest" source ="ParameterizedTestTest.java" package ="org.junit.tests.running.classes" value ="0"/>
         <Value name="after" source ="ParameterizedTestTest.java" package ="org.junit.tests.running.classes" value ="0"/>
         <Value name="before" source ="ParameterizedTestTest.java" package ="org.junit.tests.running.classes" value ="0"/>
         <Value name="data" source ="ParameterizedTestTest.java" package ="org.junit.tests.running.classes" value ="0"/>
         <Value name="after" source ="ParameterizedTestTest.java" package ="org.junit.tests.running.classes" value ="0"/>
         <Value name="before" source ="ParameterizedTestTest.java" package ="org.junit.tests.running.classes" value ="0"/>
         <Value name="data" source ="ParameterizedTestTest.java" package ="org.junit.tests.running.classes" value ="0"/>
         <Value name="test" source ="ParameterizedTestTest.java" package ="org.junit.tests.running.classes" value ="0"/>
         <Value name="data" source ="ParameterizedTestTest.java" package ="org.junit.tests.running.classes" value ="0"/>
         <Value name="test" source ="ParameterizedTestTest.java" package ="org.junit.tests.running.classes" value ="0"/>
         <Value name="aTest" source ="ParameterizedTestTest.java" package ="org.junit.tests.running.classes" value ="0"/>
         <Value name="data" source ="ParameterizedTestTest.java" package ="org.junit.tests.running.classes" value ="0"/>
         <Value name="aTest" source ="ParameterizedTestTest.java" package ="org.junit.tests.running.classes" value ="0"/>
         <Value name="data" source ="ParameterizedTestTest.java" package ="org.junit.tests.running.classes" value ="0"/>
         <Value name="aTest" source ="ParameterizedTestTest.java" package ="org.junit.tests.running.classes" value ="0"/>
         <Value name="data" source ="ParameterizedTestTest.java" package ="org.junit.tests.running.classes" value ="0"/>
         <Value name="beforeAndAfterClassAreRun" source ="ParameterizedTestTest.java" package ="org.junit.tests.running.classes" value ="0"/>
         <Value name="count" source ="ParameterizedTestTest.java" package ="org.junit.tests.running.classes" value ="0"/>
         <Value name="countBeforeRun" source ="ParameterizedTestTest.java" package ="org.junit.tests.running.classes" value ="0"/>
         <Value name="exceptionWhenPrivateConstructor" source ="ParameterizedTestTest.java" package ="org.junit.tests.running.classes" value ="0"/>
         <Value name="failuresAddedForBadTestMethod" source ="ParameterizedTestTest.java" package ="org.junit.tests.running.classes" value ="0"/>
         <Value name="failuresNamedCorrectly" source ="ParameterizedTestTest.java" package ="org.junit.tests.running.classes" value ="0"/>
         <Value name="meaningfulFailureWhenParameterListsAreNotArrays" source ="ParameterizedTestTest.java" package ="org.junit.tests.running.classes" value ="0"/>
         <Value name="meaningfulFailureWhenParametersNotPublic" source ="ParameterizedTestTest.java" package ="org.junit.tests.running.classes" value ="0"/>
         <Value name="plansNamedCorrectly" source ="ParameterizedTestTest.java" package ="org.junit.tests.running.classes" value ="0"/>
         <Value name="validateClassCatchesNoParameters" source ="ParameterizedTestTest.java" package ="org.junit.tests.running.classes" value ="0"/>
         <Value name="getDescription" source ="RunWithTest.java" package ="org.junit.tests.running.classes" value ="0"/>
         <Value name="getDescription" source ="RunWithTest.java" package ="org.junit.tests.running.classes" value ="0"/>
         <Value name="testCount" source ="RunWithTest.java" package ="org.junit.tests.running.classes" value ="0"/>
         <Value name="characterizeErrorMessageFromBadRunner" source ="RunWithTest.java" package ="org.junit.tests.running.classes" value ="0"/>
         <Value name="run" source ="RunWithTest.java" package ="org.junit.tests.running.classes" value ="0"/>
         <Value name="runWithExtendsToSubclasses" source ="RunWithTest.java" package ="org.junit.tests.running.classes" value ="0"/>
         <Value name="after" source ="SuiteTest.java" package ="org.junit.tests.running.classes" value ="0"/>
         <Value name="before" source ="SuiteTest.java" package ="org.junit.tests.running.classes" value ="0"/>
         <Value name="pass" source ="SuiteTest.java" package ="org.junit.tests.running.classes" value ="0"/>
         <Value name="fail" source ="SuiteTest.java" package ="org.junit.tests.running.classes" value ="0"/>
         <Value name="beforeAndAfterClassRunOnSuite" source ="SuiteTest.java" package ="org.junit.tests.running.classes" value ="0"/>
         <Value name="ensureInheritedTestIsRun" source ="SuiteTest.java" package ="org.junit.tests.running.classes" value ="0"/>
         <Value name="ensureSuitesWorkWithForwardCompatibility" source ="SuiteTest.java" package ="org.junit.tests.running.classes" value ="0"/>
         <Value name="ensureTestIsRun" source ="SuiteTest.java" package ="org.junit.tests.running.classes" value ="0"/>
         <Value name="forwardCompatibilityWorksWithGetTests" source ="SuiteTest.java" package ="org.junit.tests.running.classes" value ="0"/>
         <Value name="forwardCompatibilityWorksWithTestCount" source ="SuiteTest.java" package ="org.junit.tests.running.classes" value ="0"/>
         <Value name="suiteShouldBeOKwithNonDefaultConstructor" source ="SuiteTest.java" package ="org.junit.tests.running.classes" value ="0"/>
         <Value name="suiteShouldComplainAboutNoSuiteClassesAnnotation" source ="SuiteTest.java" package ="org.junit.tests.running.classes" value ="0"/>
         <Value name="suiteTestCountIsCorrect" source ="SuiteTest.java" package ="org.junit.tests.running.classes" value ="0"/>
         <Value name="whatHappensWhenASuiteContainsItselfIndirectly" source ="SuiteTest.java" package ="org.junit.tests.running.classes" value ="0"/>
         <Value name="whatHappensWhenASuiteHasACycle" source ="SuiteTest.java" package ="org.junit.tests.running.classes" value ="0"/>
         <Value name="whatHappensWhenASuiteHasAForkingCycle" source ="SuiteTest.java" package ="org.junit.tests.running.classes" value ="0"/>
         <Value name="withoutSuiteClassAnnotationProducesFailure" source ="SuiteTest.java" package ="org.junit.tests.running.classes" value ="0"/>
         <Value name="a" source ="TestClassTest.java" package ="org.junit.tests.running.classes" value ="0"/>
         <Value name="b" source ="TestClassTest.java" package ="org.junit.tests.running.classes" value ="0"/>
         <Value name="c" source ="TestClassTest.java" package ="org.junit.tests.running.classes" value ="0"/>
         <Value name="d" source ="TestClassTest.java" package ="org.junit.tests.running.classes" value ="0"/>
         <Value name="e" source ="TestClassTest.java" package ="org.junit.tests.running.classes" value ="0"/>
         <Value name="f" source ="TestClassTest.java" package ="org.junit.tests.running.classes" value ="0"/>
         <Value name="g" source ="TestClassTest.java" package ="org.junit.tests.running.classes" value ="0"/>
         <Value name="h" source ="TestClassTest.java" package ="org.junit.tests.running.classes" value ="0"/>
         <Value name="i" source ="TestClassTest.java" package ="org.junit.tests.running.classes" value ="0"/>
         <Value name="j" source ="TestClassTest.java" package ="org.junit.tests.running.classes" value ="0"/>
         <Value name="TwoConstructors" source ="TestClassTest.java" package ="org.junit.tests.running.classes" value ="0"/>
         <Value name="complainIfMultipleConstructors" source ="TestClassTest.java" package ="org.junit.tests.running.classes" value ="0"/>
         <Value name="fieldsOnSubclassesShadowSuperclasses" source ="TestClassTest.java" package ="org.junit.tests.running.classes" value ="0"/>
         <Value name="pass" source ="UseSuiteAsASuperclassTest.java" package ="org.junit.tests.running.classes" value ="0"/>
         <Value name="dontPass" source ="UseSuiteAsASuperclassTest.java" package ="org.junit.tests.running.classes" value ="0"/>
         <Value name="ensureTestsAreRun" source ="UseSuiteAsASuperclassTest.java" package ="org.junit.tests.running.classes" value ="0"/>
         <Value name="increment" source ="CommandLineTest.java" package ="org.junit.tests.running.core" value ="0"/>
         <Value name="test" source ="CommandLineTest.java" package ="org.junit.tests.running.core" value ="0"/>
         <Value name="after" source ="CommandLineTest.java" package ="org.junit.tests.running.core" value ="0"/>
         <Value name="before" source ="CommandLineTest.java" package ="org.junit.tests.running.core" value ="0"/>
         <Value name="runAClass" source ="CommandLineTest.java" package ="org.junit.tests.running.core" value ="0"/>
         <Value name="runATest" source ="CommandLineTest.java" package ="org.junit.tests.running.core" value ="0"/>
         <Value name="runTwoClasses" source ="CommandLineTest.java" package ="org.junit.tests.running.core" value ="0"/>
         <Value name="runTwoClassesAsArray" source ="CommandLineTest.java" package ="org.junit.tests.running.core" value ="0"/>
         <Value name="kaboom" source ="JUnitCoreReturnsCorrectExitCodeTest.java" package ="org.junit.tests.running.core" value ="0"/>
         <Value name="peacefulSilence" source ="JUnitCoreReturnsCorrectExitCodeTest.java" package ="org.junit.tests.running.core" value ="0"/>
         <Value name="failureCausesExitCodeOf1" source ="JUnitCoreReturnsCorrectExitCodeTest.java" package ="org.junit.tests.running.core" value ="0"/>
         <Value name="missingClassCausesExitCodeOf1" source ="JUnitCoreReturnsCorrectExitCodeTest.java" package ="org.junit.tests.running.core" value ="0"/>
         <Value name="successCausesExitCodeOf0" source ="JUnitCoreReturnsCorrectExitCodeTest.java" package ="org.junit.tests.running.core" value ="0"/>
         <Value name="failureCausesExitCodeOf1" source ="SystemExitTest.java" package ="org.junit.tests.running.core" value ="0"/>
         <Value name="after" source ="AnnotationTest.java" package ="org.junit.tests.running.methods" value ="0"/>
         <Value name="test" source ="AnnotationTest.java" package ="org.junit.tests.running.methods" value ="0"/>
         <Value name="before" source ="AnnotationTest.java" package ="org.junit.tests.running.methods" value ="0"/>
         <Value name="test" source ="AnnotationTest.java" package ="org.junit.tests.running.methods" value ="0"/>
         <Value name="expectedException" source ="AnnotationTest.java" package ="org.junit.tests.running.methods" value ="0"/>
         <Value name="error" source ="AnnotationTest.java" package ="org.junit.tests.running.methods" value ="0"/>
         <Value name="expectedException" source ="AnnotationTest.java" package ="org.junit.tests.running.methods" value ="0"/>
         <Value name="aTest" source ="AnnotationTest.java" package ="org.junit.tests.running.methods" value ="0"/>
         <Value name="once" source ="AnnotationTest.java" package ="org.junit.tests.running.methods" value ="0"/>
         <Value name="testOne" source ="AnnotationTest.java" package ="org.junit.tests.running.methods" value ="0"/>
         <Value name="test" source ="AnnotationTest.java" package ="org.junit.tests.running.methods" value ="0"/>
         <Value name="once" source ="AnnotationTest.java" package ="org.junit.tests.running.methods" value ="0"/>
         <Value name="one" source ="AnnotationTest.java" package ="org.junit.tests.running.methods" value ="0"/>
         <Value name="two" source ="AnnotationTest.java" package ="org.junit.tests.running.methods" value ="0"/>
         <Value name="once" source ="AnnotationTest.java" package ="org.junit.tests.running.methods" value ="0"/>
         <Value name="one" source ="AnnotationTest.java" package ="org.junit.tests.running.methods" value ="0"/>
         <Value name="two" source ="AnnotationTest.java" package ="org.junit.tests.running.methods" value ="0"/>
         <Value name="after" source ="AnnotationTest.java" package ="org.junit.tests.running.methods" value ="0"/>
         <Value name="before" source ="AnnotationTest.java" package ="org.junit.tests.running.methods" value ="0"/>
         <Value name="onceAfter" source ="AnnotationTest.java" package ="org.junit.tests.running.methods" value ="0"/>
         <Value name="onceBefore" source ="AnnotationTest.java" package ="org.junit.tests.running.methods" value ="0"/>
         <Value name="test" source ="AnnotationTest.java" package ="org.junit.tests.running.methods" value ="0"/>
         <Value name="empty" source ="AnnotationTest.java" package ="org.junit.tests.running.methods" value ="0"/>
         <Value name="one" source ="AnnotationTest.java" package ="org.junit.tests.running.methods" value ="0"/>
         <Value name="two" source ="AnnotationTest.java" package ="org.junit.tests.running.methods" value ="0"/>
         <Value name="bad" source ="AnnotationTest.java" package ="org.junit.tests.running.methods" value ="0"/>
         <Value name="empty" source ="AnnotationTest.java" package ="org.junit.tests.running.methods" value ="0"/>
         <Value name="good" source ="AnnotationTest.java" package ="org.junit.tests.running.methods" value ="0"/>
         <Value name="one" source ="AnnotationTest.java" package ="org.junit.tests.running.methods" value ="0"/>
         <Value name="two" source ="AnnotationTest.java" package ="org.junit.tests.running.methods" value ="0"/>
         <Value name="empty" source ="AnnotationTest.java" package ="org.junit.tests.running.methods" value ="0"/>
         <Value name="one" source ="AnnotationTest.java" package ="org.junit.tests.running.methods" value ="0"/>
         <Value name="two" source ="AnnotationTest.java" package ="org.junit.tests.running.methods" value ="0"/>
         <Value name="bad" source ="AnnotationTest.java" package ="org.junit.tests.running.methods" value ="0"/>
         <Value name="empty" source ="AnnotationTest.java" package ="org.junit.tests.running.methods" value ="0"/>
         <Value name="good" source ="AnnotationTest.java" package ="org.junit.tests.running.methods" value ="0"/>
         <Value name="one" source ="AnnotationTest.java" package ="org.junit.tests.running.methods" value ="0"/>
         <Value name="two" source ="AnnotationTest.java" package ="org.junit.tests.running.methods" value ="0"/>
         <Value name="before" source ="AnnotationTest.java" package ="org.junit.tests.running.methods" value ="0"/>
         <Value name="test" source ="AnnotationTest.java" package ="org.junit.tests.running.methods" value ="0"/>
         <Value name="before" source ="AnnotationTest.java" package ="org.junit.tests.running.methods" value ="0"/>
         <Value name="success" source ="AnnotationTest.java" package ="org.junit.tests.running.methods" value ="0"/>
         <Value name="success" source ="AnnotationTest.java" package ="org.junit.tests.running.methods" value ="0"/>
         <Value name="success" source ="AnnotationTest.java" package ="org.junit.tests.running.methods" value ="0"/>
         <Value name="afterClassSub" source ="AnnotationTest.java" package ="org.junit.tests.running.methods" value ="0"/>
         <Value name="afterSub" source ="AnnotationTest.java" package ="org.junit.tests.running.methods" value ="0"/>
         <Value name="beforeClassSub" source ="AnnotationTest.java" package ="org.junit.tests.running.methods" value ="0"/>
         <Value name="beforeSub" source ="AnnotationTest.java" package ="org.junit.tests.running.methods" value ="0"/>
         <Value name="test" source ="AnnotationTest.java" package ="org.junit.tests.running.methods" value ="0"/>
         <Value name="after" source ="AnnotationTest.java" package ="org.junit.tests.running.methods" value ="0"/>
         <Value name="before" source ="AnnotationTest.java" package ="org.junit.tests.running.methods" value ="0"/>
         <Value name="test" source ="AnnotationTest.java" package ="org.junit.tests.running.methods" value ="0"/>
         <Value name="one" source ="AnnotationTest.java" package ="org.junit.tests.running.methods" value ="0"/>
         <Value name="afterClassSuper" source ="AnnotationTest.java" package ="org.junit.tests.running.methods" value ="0"/>
         <Value name="afterSuper" source ="AnnotationTest.java" package ="org.junit.tests.running.methods" value ="0"/>
         <Value name="beforeClassSuper" source ="AnnotationTest.java" package ="org.junit.tests.running.methods" value ="0"/>
         <Value name="beforeSuper" source ="AnnotationTest.java" package ="org.junit.tests.running.methods" value ="0"/>
         <Value name="after" source ="AnnotationTest.java" package ="org.junit.tests.running.methods" value ="0"/>
         <Value name="before" source ="AnnotationTest.java" package ="org.junit.tests.running.methods" value ="0"/>
         <Value name="one" source ="AnnotationTest.java" package ="org.junit.tests.running.methods" value ="0"/>
         <Value name="two" source ="AnnotationTest.java" package ="org.junit.tests.running.methods" value ="0"/>
         <Value name="after" source ="AnnotationTest.java" package ="org.junit.tests.running.methods" value ="0"/>
         <Value name="test" source ="AnnotationTest.java" package ="org.junit.tests.running.methods" value ="0"/>
         <Value name="after" source ="AnnotationTest.java" package ="org.junit.tests.running.methods" value ="0"/>
         <Value name="test" source ="AnnotationTest.java" package ="org.junit.tests.running.methods" value ="0"/>
         <Value name="after" source ="AnnotationTest.java" package ="org.junit.tests.running.methods" value ="0"/>
         <Value name="success" source ="AnnotationTest.java" package ="org.junit.tests.running.methods" value ="0"/>
         <Value name="after" source ="AnnotationTest.java" package ="org.junit.tests.running.methods" value ="0"/>
         <Value name="test" source ="AnnotationTest.java" package ="org.junit.tests.running.methods" value ="0"/>
         <Value name="one" source ="AnnotationTest.java" package ="org.junit.tests.running.methods" value ="0"/>
         <Value name="two" source ="AnnotationTest.java" package ="org.junit.tests.running.methods" value ="0"/>
         <Value name="setUp" source ="AnnotationTest.java" package ="org.junit.tests.running.methods" value ="0"/>
         <Value name="testAnnotatedMethod" source ="AnnotationTest.java" package ="org.junit.tests.running.methods" value ="0"/>
         <Value name="testAnnotatedMethodWithFutureProofExplicitRunner" source ="AnnotationTest.java" package ="org.junit.tests.running.methods" value ="0"/>
         <Value name="testErrorInAfterClass" source ="AnnotationTest.java" package ="org.junit.tests.running.methods" value ="0"/>
         <Value name="testErrorInBeforeClass" source ="AnnotationTest.java" package ="org.junit.tests.running.methods" value ="0"/>
         <Value name="testException" source ="AnnotationTest.java" package ="org.junit.tests.running.methods" value ="0"/>
         <Value name="testExceptionNotThrown" source ="AnnotationTest.java" package ="org.junit.tests.running.methods" value ="0"/>
         <Value name="testNonStaticOneTimeSetup" source ="AnnotationTest.java" package ="org.junit.tests.running.methods" value ="0"/>
         <Value name="testOldSuiteTest" source ="AnnotationTest.java" package ="org.junit.tests.running.methods" value ="0"/>
         <Value name="testOldTest" source ="AnnotationTest.java" package ="org.junit.tests.running.methods" value ="0"/>
         <Value name="testOneTimeSetup" source ="AnnotationTest.java" package ="org.junit.tests.running.methods" value ="0"/>
         <Value name="testOneTimeTeardown" source ="AnnotationTest.java" package ="org.junit.tests.running.methods" value ="0"/>
         <Value name="testOrder" source ="AnnotationTest.java" package ="org.junit.tests.running.methods" value ="0"/>
         <Value name="testOrderingOfInheritance" source ="AnnotationTest.java" package ="org.junit.tests.running.methods" value ="0"/>
         <Value name="testRunAllAfterClasses" source ="AnnotationTest.java" package ="org.junit.tests.running.methods" value ="0"/>
         <Value name="testRunAllAfterClassesRegardless" source ="AnnotationTest.java" package ="org.junit.tests.running.methods" value ="0"/>
         <Value name="testRunAllAfters" source ="AnnotationTest.java" package ="org.junit.tests.running.methods" value ="0"/>
         <Value name="testRunAllAftersRegardless" source ="AnnotationTest.java" package ="org.junit.tests.running.methods" value ="0"/>
         <Value name="testRunFailure" source ="AnnotationTest.java" package ="org.junit.tests.running.methods" value ="0"/>
         <Value name="testSetup" source ="AnnotationTest.java" package ="org.junit.tests.running.methods" value ="0"/>
         <Value name="testSetupFailure" source ="AnnotationTest.java" package ="org.junit.tests.running.methods" value ="0"/>
         <Value name="testShadowing" source ="AnnotationTest.java" package ="org.junit.tests.running.methods" value ="0"/>
         <Value name="testTeardown" source ="AnnotationTest.java" package ="org.junit.tests.running.methods" value ="0"/>
         <Value name="testTeardownAfterFailure" source ="AnnotationTest.java" package ="org.junit.tests.running.methods" value ="0"/>
         <Value name="testTeardownFailure" source ="AnnotationTest.java" package ="org.junit.tests.running.methods" value ="0"/>
         <Value name="testTestAndTeardownFailure" source ="AnnotationTest.java" package ="org.junit.tests.running.methods" value ="0"/>
         <Value name="testTestInheritance" source ="AnnotationTest.java" package ="org.junit.tests.running.methods" value ="0"/>
         <Value name="testTwoTests" source ="AnnotationTest.java" package ="org.junit.tests.running.methods" value ="0"/>
         <Value name="throwsSubclass" source ="ExpectedTest.java" package ="org.junit.tests.running.methods" value ="0"/>
         <Value name="expected" source ="ExpectedTest.java" package ="org.junit.tests.running.methods" value ="0"/>
         <Value name="nothing" source ="ExpectedTest.java" package ="org.junit.tests.running.methods" value ="0"/>
         <Value name="expected" source ="ExpectedTest.java" package ="org.junit.tests.running.methods" value ="0"/>
         <Value name="expected" source ="ExpectedTest.java" package ="org.junit.tests.running.methods" value ="0"/>
         <Value name="expectsSuperclass" source ="ExpectedTest.java" package ="org.junit.tests.running.methods" value ="0"/>
         <Value name="noneThrown" source ="ExpectedTest.java" package ="org.junit.tests.running.methods" value ="0"/>
         <Value name="unexpected" source ="ExpectedTest.java" package ="org.junit.tests.running.methods" value ="0"/>
         <Value name="gack" source ="InheritedTestTest.java" package ="org.junit.tests.running.methods" value ="0"/>
         <Value name="nothing" source ="InheritedTestTest.java" package ="org.junit.tests.running.methods" value ="0"/>
         <Value name="subclassWithInheritedTestAndOwnBeforeRunsBefore" source ="InheritedTestTest.java" package ="org.junit.tests.running.methods" value ="0"/>
         <Value name="subclassWithOnlyInheritedTestsRuns" source ="InheritedTestTest.java" package ="org.junit.tests.running.methods" value ="0"/>
         <Value name="EverythingWrong" source ="ParameterizedTestMethodTest.java" package ="org.junit.tests.running.methods" value ="0"/>
         <Value name="fineA" source ="ParameterizedTestMethodTest.java" package ="org.junit.tests.running.methods" value ="0"/>
         <Value name="fineAC" source ="ParameterizedTestMethodTest.java" package ="org.junit.tests.running.methods" value ="0"/>
         <Value name="fineB" source ="ParameterizedTestMethodTest.java" package ="org.junit.tests.running.methods" value ="0"/>
         <Value name="fineBC" source ="ParameterizedTestMethodTest.java" package ="org.junit.tests.running.methods" value ="0"/>
         <Value name="fineT" source ="ParameterizedTestMethodTest.java" package ="org.junit.tests.running.methods" value ="0"/>
         <Value name="nonVoidA" source ="ParameterizedTestMethodTest.java" package ="org.junit.tests.running.methods" value ="0"/>
         <Value name="nonVoidAC" source ="ParameterizedTestMethodTest.java" package ="org.junit.tests.running.methods" value ="0"/>
         <Value name="nonVoidB" source ="ParameterizedTestMethodTest.java" package ="org.junit.tests.running.methods" value ="0"/>
         <Value name="nonVoidBC" source ="ParameterizedTestMethodTest.java" package ="org.junit.tests.running.methods" value ="0"/>
         <Value name="nonVoidT" source ="ParameterizedTestMethodTest.java" package ="org.junit.tests.running.methods" value ="0"/>
         <Value name="notPublicA" source ="ParameterizedTestMethodTest.java" package ="org.junit.tests.running.methods" value ="0"/>
         <Value name="notPublicAC" source ="ParameterizedTestMethodTest.java" package ="org.junit.tests.running.methods" value ="0"/>
         <Value name="notPublicB" source ="ParameterizedTestMethodTest.java" package ="org.junit.tests.running.methods" value ="0"/>
         <Value name="notPublicBC" source ="ParameterizedTestMethodTest.java" package ="org.junit.tests.running.methods" value ="0"/>
         <Value name="notPublicT" source ="ParameterizedTestMethodTest.java" package ="org.junit.tests.running.methods" value ="0"/>
         <Value name="notStaticAC" source ="ParameterizedTestMethodTest.java" package ="org.junit.tests.running.methods" value ="0"/>
         <Value name="notStaticBC" source ="ParameterizedTestMethodTest.java" package ="org.junit.tests.running.methods" value ="0"/>
         <Value name="staticA" source ="ParameterizedTestMethodTest.java" package ="org.junit.tests.running.methods" value ="0"/>
         <Value name="staticB" source ="ParameterizedTestMethodTest.java" package ="org.junit.tests.running.methods" value ="0"/>
         <Value name="staticT" source ="ParameterizedTestMethodTest.java" package ="org.junit.tests.running.methods" value ="0"/>
         <Value name="notPublic" source ="ParameterizedTestMethodTest.java" package ="org.junit.tests.running.methods" value ="0"/>
         <Value name="justFine" source ="ParameterizedTestMethodTest.java" package ="org.junit.tests.running.methods" value ="0"/>
         <Value name="notPublic" source ="ParameterizedTestMethodTest.java" package ="org.junit.tests.running.methods" value ="0"/>
         <Value name="params" source ="ParameterizedTestMethodTest.java" package ="org.junit.tests.running.methods" value ="0"/>
         <Value name="suite" source ="ParameterizedTestMethodTest.java" package ="org.junit.tests.running.methods" value ="0"/>
         <Value name="testFailures" source ="ParameterizedTestMethodTest.java" package ="org.junit.tests.running.methods" value ="0"/>
         <Value name="a" source ="TestMethodTest.java" package ="org.junit.tests.running.methods" value ="0"/>
         <Value name="a" source ="TestMethodTest.java" package ="org.junit.tests.running.methods" value ="0"/>
         <Value name="EverythingWrong" source ="TestMethodTest.java" package ="org.junit.tests.running.methods" value ="0"/>
         <Value name="fineA" source ="TestMethodTest.java" package ="org.junit.tests.running.methods" value ="0"/>
         <Value name="fineAC" source ="TestMethodTest.java" package ="org.junit.tests.running.methods" value ="0"/>
         <Value name="fineB" source ="TestMethodTest.java" package ="org.junit.tests.running.methods" value ="0"/>
         <Value name="fineBC" source ="TestMethodTest.java" package ="org.junit.tests.running.methods" value ="0"/>
         <Value name="fineT" source ="TestMethodTest.java" package ="org.junit.tests.running.methods" value ="0"/>
         <Value name="nonVoidA" source ="TestMethodTest.java" package ="org.junit.tests.running.methods" value ="0"/>
         <Value name="nonVoidAC" source ="TestMethodTest.java" package ="org.junit.tests.running.methods" value ="0"/>
         <Value name="nonVoidB" source ="TestMethodTest.java" package ="org.junit.tests.running.methods" value ="0"/>
         <Value name="nonVoidBC" source ="TestMethodTest.java" package ="org.junit.tests.running.methods" value ="0"/>
         <Value name="nonVoidT" source ="TestMethodTest.java" package ="org.junit.tests.running.methods" value ="0"/>
         <Value name="notPublicA" source ="TestMethodTest.java" package ="org.junit.tests.running.methods" value ="0"/>
         <Value name="notPublicAC" source ="TestMethodTest.java" package ="org.junit.tests.running.methods" value ="0"/>
         <Value name="notPublicB" source ="TestMethodTest.java" package ="org.junit.tests.running.methods" value ="0"/>
         <Value name="notPublicBC" source ="TestMethodTest.java" package ="org.junit.tests.running.methods" value ="0"/>
         <Value name="notPublicT" source ="TestMethodTest.java" package ="org.junit.tests.running.methods" value ="0"/>
         <Value name="notStaticAC" source ="TestMethodTest.java" package ="org.junit.tests.running.methods" value ="0"/>
         <Value name="notStaticBC" source ="TestMethodTest.java" package ="org.junit.tests.running.methods" value ="0"/>
         <Value name="staticA" source ="TestMethodTest.java" package ="org.junit.tests.running.methods" value ="0"/>
         <Value name="staticB" source ="TestMethodTest.java" package ="org.junit.tests.running.methods" value ="0"/>
         <Value name="staticT" source ="TestMethodTest.java" package ="org.junit.tests.running.methods" value ="0"/>
         <Value name="ignored" source ="TestMethodTest.java" package ="org.junit.tests.running.methods" value ="0"/>
         <Value name="valid" source ="TestMethodTest.java" package ="org.junit.tests.running.methods" value ="0"/>
         <Value name="withReason" source ="TestMethodTest.java" package ="org.junit.tests.running.methods" value ="0"/>
         <Value name="ignored" source ="TestMethodTest.java" package ="org.junit.tests.running.methods" value ="0"/>
         <Value name="notPublic" source ="TestMethodTest.java" package ="org.junit.tests.running.methods" value ="0"/>
         <Value name="justFine" source ="TestMethodTest.java" package ="org.junit.tests.running.methods" value ="0"/>
         <Value name="notPublic" source ="TestMethodTest.java" package ="org.junit.tests.running.methods" value ="0"/>
         <Value name="compatibility" source ="TestMethodTest.java" package ="org.junit.tests.running.methods" value ="0"/>
         <Value name="constructorParameter" source ="TestMethodTest.java" package ="org.junit.tests.running.methods" value ="0"/>
         <Value name="dontValidateShadowedMethods" source ="TestMethodTest.java" package ="org.junit.tests.running.methods" value ="0"/>
         <Value name="ignoreRunner" source ="TestMethodTest.java" package ="org.junit.tests.running.methods" value ="0"/>
         <Value name="onlyIgnoredMethodsIsStillFineTestClass" source ="TestMethodTest.java" package ="org.junit.tests.running.methods" value ="0"/>
         <Value name="overloaded" source ="TestMethodTest.java" package ="org.junit.tests.running.methods" value ="0"/>
         <Value name="testFailures" source ="TestMethodTest.java" package ="org.junit.tests.running.methods" value ="0"/>
         <Value name="validateInheritedMethods" source ="TestMethodTest.java" package ="org.junit.tests.running.methods" value ="0"/>
         <Value name="failure" source ="TimeoutTest.java" package ="org.junit.tests.running.methods" value ="0"/>
         <Value name="failure" source ="TimeoutTest.java" package ="org.junit.tests.running.methods" value ="0"/>
         <Value name="failure" source ="TimeoutTest.java" package ="org.junit.tests.running.methods" value ="0"/>
         <Value name="infiniteLoop" source ="TimeoutTest.java" package ="org.junit.tests.running.methods" value ="0"/>
         <Value name="failure" source ="TimeoutTest.java" package ="org.junit.tests.running.methods" value ="0"/>
         <Value name="infiniteLoop" source ="TimeoutTest.java" package ="org.junit.tests.running.methods" value ="0"/>
         <Value name="success" source ="TimeoutTest.java" package ="org.junit.tests.running.methods" value ="0"/>
         <Value name="success" source ="TimeoutTest.java" package ="org.junit.tests.running.methods" value ="0"/>
         <Value name="after" source ="TimeoutTest.java" package ="org.junit.tests.running.methods" value ="0"/>
         <Value name="test" source ="TimeoutTest.java" package ="org.junit.tests.running.methods" value ="0"/>
         <Value name="compatibility" source ="TimeoutTest.java" package ="org.junit.tests.running.methods" value ="0"/>
         <Value name="failureWithTimeout" source ="TimeoutTest.java" package ="org.junit.tests.running.methods" value ="0"/>
         <Value name="failureWithTimeoutRunTimeException" source ="TimeoutTest.java" package ="org.junit.tests.running.methods" value ="0"/>
         <Value name="infiniteLoop" source ="TimeoutTest.java" package ="org.junit.tests.running.methods" value ="0"/>
         <Value name="infiniteLoopRunsForApproximatelyLengthOfTimeout" source ="TimeoutTest.java" package ="org.junit.tests.running.methods" value ="0"/>
         <Value name="makeSureAfterIsCalledAfterATimeout" source ="TimeoutTest.java" package ="org.junit.tests.running.methods" value ="0"/>
         <Value name="stalledThreadAppearsInStackTrace" source ="TimeoutTest.java" package ="org.junit.tests.running.methods" value ="0"/>
         <Value name="successWithTimeout" source ="TimeoutTest.java" package ="org.junit.tests.running.methods" value ="0"/>
         <Value name="timeoutFailure" source ="TimeoutTest.java" package ="org.junit.tests.running.methods" value ="0"/>
         <Value name="a" source ="Super.java" package ="org.junit.tests.validation.anotherpackage" value ="0"/>
         <Value name="before" source ="BadlyFormedClassesTest.java" package ="org.junit.tests.validation" value ="0"/>
         <Value name="someTest" source ="BadlyFormedClassesTest.java" package ="org.junit.tests.validation" value ="0"/>
         <Value name="FaultyConstructor" source ="BadlyFormedClassesTest.java" package ="org.junit.tests.validation" value ="0"/>
         <Value name="someTest" source ="BadlyFormedClassesTest.java" package ="org.junit.tests.validation" value ="0"/>
         <Value name="badBeforeMethodWithLegacyRunner" source ="BadlyFormedClassesTest.java" package ="org.junit.tests.validation" value ="0"/>
         <Value name="constructorException" source ="BadlyFormedClassesTest.java" package ="org.junit.tests.validation" value ="0"/>
         <Value name="noRunnableMethods" source ="BadlyFormedClassesTest.java" package ="org.junit.tests.validation" value ="0"/>
         <Value name="CantConstruct" source ="FailedConstructionTest.java" package ="org.junit.tests.validation" value ="0"/>
         <Value name="foo" source ="FailedConstructionTest.java" package ="org.junit.tests.validation" value ="0"/>
         <Value name="failedConstructionIsTestFailure" source ="FailedConstructionTest.java" package ="org.junit.tests.validation" value ="0"/>
         <Value name="inaccessibleBaseClassIsCaughtAtValidation" source ="InaccessibleBaseClassTest.java" package ="org.junit.tests.validation" value ="0"/>
         <Value name="before" source ="ValidationTest.java" package ="org.junit.tests.validation" value ="0"/>
         <Value name="hereBecauseEveryTestClassNeedsATest" source ="ValidationTest.java" package ="org.junit.tests.validation" value ="0"/>
         <Value name="a" source ="ValidationTest.java" package ="org.junit.tests.validation" value ="0"/>
         <Value name="initializationErrorIsOnCorrectClass" source ="ValidationTest.java" package ="org.junit.tests.validation" value ="0"/>
         <Value name="nonStaticBeforeClass" source ="ValidationTest.java" package ="org.junit.tests.validation" value ="0"/>
         <Value name="suite" source ="AllTests.java" package ="org.junit.tests" value ="0"/>
         <Value name="toStringMethod" source ="ObjectContractTest.java" package ="org.junit.tests" value ="0"/>
         <Value name="apple" source ="ParentRunnerTest.java" package ="org.junit.tests" value ="0"/>
         <Value name="banana" source ="ParentRunnerTest.java" package ="org.junit.tests" value ="0"/>
         <Value name="useChildHarvester" source ="ParentRunnerTest.java" package ="org.junit.tests" value ="0"/>
         <Value name="TestSystem" source ="TestSystem.java" package ="org.junit.tests" value ="0"/>
         <Value name="out" source ="TestSystem.java" package ="org.junit.tests" value ="0"/>
         <Value name="outContents" source ="TestSystem.java" package ="org.junit.tests" value ="0"/>
      </Values>
   </Metric>
   <Metric id = "LCOM" description ="Lack of Cohesion of Methods">
      <Values per = "type" avg = "0.043" stddev = "0.156" max = "1">
         <Value name="Result" source ="Result.java" package ="org.junit.runner" value ="1"/>
         <Value name="ParentRunner" source ="ParentRunner.java" package ="org.junit.runners" value ="0.804"/>
         <Value name="TestResult" source ="TestResult.java" package ="junit.framework" value ="0.8"/>
         <Value name="MaxHistory" source ="MaxHistory.java" package ="org.junit.experimental.max" value ="0.778"/>
         <Value name="TestSystem" source ="TestSystem.java" package ="org.junit.tests" value ="0.778"/>
         <Value name="ResultPrinter" source ="ResultPrinter.java" package ="junit.textui" value ="0.75"/>
         <Value name="RememberingListener" source ="MaxHistory.java" package ="org.junit.experimental.max" value ="0.75"/>
         <Value name="TheoryAnchor" source ="Theories.java" package ="org.junit.experimental.theories" value ="0.75"/>
         <Value name="MoneyTest" source ="MoneyTest.java" package ="junit.samples.money" value ="0.738"/>
         <Value name="MoneyTest" source ="MoneyTest.java" package ="org.junit.samples.money" value ="0.738"/>
         <Value name="ClassRoadie" source ="ClassRoadie.java" package ="org.junit.internal.runners" value ="0.688"/>
         <Value name="Description" source ="Description.java" package ="org.junit.runner" value ="0.667"/>
         <Value name="TestClass" source ="TestClass.java" package ="org.junit.runners.model" value ="0.667"/>
         <Value name="MaxStarterTest" source ="MaxStarterTest.java" package ="org.junit.tests.experimental.max" value ="0.667"/>
         <Value name="TestListenerTest" source ="TestListenerTest.java" package ="junit.tests.framework" value ="0.657"/>
         <Value name="JUnit4TestAdapter" source ="JUnit4TestAdapter.java" package ="junit.framework" value ="0.625"/>
         <Value name="RunNotifier" source ="RunNotifier.java" package ="org.junit.runner.notification" value ="0.625"/>
         <Value name="SuiteDescriptionTest" source ="SuiteDescriptionTest.java" package ="org.junit.tests.description" value ="0.6"/>
         <Value name="Assignments" source ="Assignments.java" package ="org.junit.experimental.theories.internal" value ="0.593"/>
         <Value name="ComparisonCompactor" source ="ComparisonCompactor.java" package ="junit.framework" value ="0.514"/>
         <Value name="ComparisonCompactor" source ="ComparisonFailure.java" package ="org.junit" value ="0.514"/>
         <Value name="TestSuite" source ="TestSuite.java" package ="junit.framework" value ="0.5"/>
         <Value name="SuiteBuilder" source ="SuiteBuilder.java" package ="org.junit.experimental.runners" value ="0.5"/>
         <Value name="ParameterSignature" source ="ParameterSignature.java" package ="org.junit.experimental.theories" value ="0.5"/>
         <Value name="ParallelComputer" source ="ParallelComputer.java" package ="org.junit.experimental" value ="0.5"/>
         <Value name="FailOnTimeout" source ="FailOnTimeout.java" package ="org.junit.internal.runners.statements" value ="0.5"/>
         <Value name="JUnit4ClassRunner" source ="JUnit4ClassRunner.java" package ="org.junit.internal.runners" value ="0.5"/>
         <Value name="TestMethod" source ="TestMethod.java" package ="org.junit.internal.runners" value ="0.5"/>
         <Value name="ArrayComparisonFailure" source ="ArrayComparisonFailure.java" package ="org.junit.internal" value ="0.5"/>
         <Value name="Failure" source ="Failure.java" package ="org.junit.runner.notification" value ="0.5"/>
         <Value name="JUnit38SortingTest" source ="JUnit38SortingTest.java" package ="org.junit.tests.experimental.max" value ="0.5"/>
         <Value name="Guesser" source ="Guesser.java" package ="org.junit.tests.experimental.theories.extendingwithstubs" value ="0.5"/>
         <Value name="CommandLineTest" source ="CommandLineTest.java" package ="org.junit.tests.running.core" value ="0.5"/>
         <Value name="MethodRoadie" source ="MethodRoadie.java" package ="org.junit.internal.runners" value ="0.45"/>
         <Value name="MethodCall" source ="MethodCall.java" package ="org.junit.tests.experimental.theories.extendingwithstubs" value ="0.4"/>
         <Value name="ComparisonFailure" source ="ComparisonFailure.java" package ="junit.framework" value ="0.333"/>
         <Value name="TestFailure" source ="TestFailure.java" package ="junit.framework" value ="0.333"/>
         <Value name="ErrorReportingRunner" source ="ErrorReportingRunner.java" package ="org.junit.internal.runners" value ="0.333"/>
         <Value name="ComparisonFailure" source ="ComparisonFailure.java" package ="org.junit" value ="0.333"/>
         <Value name="Money" source ="Money.java" package ="junit.samples.money" value ="0.333"/>
         <Value name="ListTest" source ="ListTest.java" package ="org.junit.samples" value ="0.333"/>
         <Value name="TextListenerTest" source ="TextListenerTest.java" package ="org.junit.tests.listening" value ="0.333"/>
         <Value name="MethodValidator" source ="MethodValidator.java" package ="org.junit.internal.runners" value ="0.3"/>
         <Value name="ListTest" source ="ListTest.java" package ="junit.samples" value ="0.3"/>
         <Value name="ActiveTestSuite" source ="ActiveTestSuite.java" package ="junit.extensions" value ="0"/>
         <Value name="RepeatedTest" source ="RepeatedTest.java" package ="junit.extensions" value ="0"/>
         <Value name="TestDecorator" source ="TestDecorator.java" package ="junit.extensions" value ="0"/>
         <Value name="TestSetup" source ="TestSetup.java" package ="junit.extensions" value ="0"/>
         <Value name="Assert" source ="Assert.java" package ="junit.framework" value ="0"/>
         <Value name="AssertionFailedError" source ="AssertionFailedError.java" package ="junit.framework" value ="0"/>
         <Value name="JUnit4TestAdapterCache" source ="JUnit4TestAdapterCache.java" package ="junit.framework" value ="0"/>
         <Value name="JUnit4TestCaseFacade" source ="JUnit4TestCaseFacade.java" package ="junit.framework" value ="0"/>
         <Value name="TestCase" source ="TestCase.java" package ="junit.framework" value ="0"/>
         <Value name="BaseTestRunner" source ="BaseTestRunner.java" package ="junit.runner" value ="0"/>
         <Value name="Version" source ="Version.java" package ="junit.runner" value ="0"/>
         <Value name="TestRunner" source ="TestRunner.java" package ="junit.textui" value ="0"/>
         <Value name="Categories" source ="Categories.java" package ="org.junit.experimental.categories" value ="0"/>
         <Value name="IncludeCategory" source ="Categories.java" package ="org.junit.experimental.categories" value ="0"/>
         <Value name="CouldNotReadCoreException" source ="CouldNotReadCoreException.java" package ="org.junit.experimental.max" value ="0"/>
         <Value name="MaxCore" source ="MaxCore.java" package ="org.junit.experimental.max" value ="0"/>
         <Value name="TestComparator" source ="MaxHistory.java" package ="org.junit.experimental.max" value ="0"/>
         <Value name="FailureList" source ="FailureList.java" package ="org.junit.experimental.results" value ="0"/>
         <Value name="PrintableResult" source ="PrintableResult.java" package ="org.junit.experimental.results" value ="0"/>
         <Value name="ResultMatchers" source ="ResultMatchers.java" package ="org.junit.experimental.results" value ="0"/>
         <Value name="Enclosed" source ="Enclosed.java" package ="org.junit.experimental.runners" value ="0"/>
         <Value name="Listed" source ="Listed.java" package ="org.junit.experimental.runners" value ="0"/>
         <Value name="AllMembersSupplier" source ="AllMembersSupplier.java" package ="org.junit.experimental.theories.internal" value ="0"/>
         <Value name="MethodParameterValue" source ="AllMembersSupplier.java" package ="org.junit.experimental.theories.internal" value ="0"/>
         <Value name="ParameterizedAssertionError" source ="ParameterizedAssertionError.java" package ="org.junit.experimental.theories.internal" value ="0"/>
         <Value name="TestedOnSupplier" source ="TestedOnSupplier.java" package ="org.junit.experimental.theories.suppliers" value ="0"/>
         <Value name="ParameterSupplier" source ="ParameterSupplier.java" package ="org.junit.experimental.theories" value ="0"/>
         <Value name="PotentialAssignment" source ="PotentialAssignment.java" package ="org.junit.experimental.theories" value ="0"/>
         <Value name="CouldNotGenerateValueException" source ="PotentialAssignment.java" package ="org.junit.experimental.theories" value ="0"/>
         <Value name="Theories" source ="Theories.java" package ="org.junit.experimental.theories" value ="0"/>
         <Value name="AllDefaultPossibilitiesBuilder" source ="AllDefaultPossibilitiesBuilder.java" package ="org.junit.internal.builders" value ="0"/>
         <Value name="AnnotatedBuilder" source ="AnnotatedBuilder.java" package ="org.junit.internal.builders" value ="0"/>
         <Value name="IgnoredBuilder" source ="IgnoredBuilder.java" package ="org.junit.internal.builders" value ="0"/>
         <Value name="IgnoredClassRunner" source ="IgnoredClassRunner.java" package ="org.junit.internal.builders" value ="0"/>
         <Value name="JUnit3Builder" source ="JUnit3Builder.java" package ="org.junit.internal.builders" value ="0"/>
         <Value name="JUnit4Builder" source ="JUnit4Builder.java" package ="org.junit.internal.builders" value ="0"/>
         <Value name="NullBuilder" source ="NullBuilder.java" package ="org.junit.internal.builders" value ="0"/>
         <Value name="SuiteMethodBuilder" source ="SuiteMethodBuilder.java" package ="org.junit.internal.builders" value ="0"/>
         <Value name="CombinableMatcher" source ="CombinableMatcher.java" package ="org.junit.internal.matchers" value ="0"/>
         <Value name="Each" source ="Each.java" package ="org.junit.internal.matchers" value ="0"/>
         <Value name="IsCollectionContaining" source ="IsCollectionContaining.java" package ="org.junit.internal.matchers" value ="0"/>
         <Value name="StringContains" source ="StringContains.java" package ="org.junit.internal.matchers" value ="0"/>
         <Value name="SubstringMatcher" source ="SubstringMatcher.java" package ="org.junit.internal.matchers" value ="0"/>
         <Value name="TypeSafeMatcher" source ="TypeSafeMatcher.java" package ="org.junit.internal.matchers" value ="0"/>
         <Value name="ClassRequest" source ="ClassRequest.java" package ="org.junit.internal.requests" value ="0"/>
         <Value name="FilterRequest" source ="FilterRequest.java" package ="org.junit.internal.requests" value ="0"/>
         <Value name="SortingRequest" source ="SortingRequest.java" package ="org.junit.internal.requests" value ="0"/>
         <Value name="EachTestNotifier" source ="EachTestNotifier.java" package ="org.junit.internal.runners.model" value ="0"/>
         <Value name="MultipleFailureException" source ="MultipleFailureException.java" package ="org.junit.internal.runners.model" value ="0"/>
         <Value name="ReflectiveCallable" source ="ReflectiveCallable.java" package ="org.junit.internal.runners.model" value ="0"/>
         <Value name="ExpectException" source ="ExpectException.java" package ="org.junit.internal.runners.statements" value ="0"/>
         <Value name="Fail" source ="Fail.java" package ="org.junit.internal.runners.statements" value ="0"/>
         <Value name="InvokeMethod" source ="InvokeMethod.java" package ="org.junit.internal.runners.statements" value ="0"/>
         <Value name="RunAfters" source ="RunAfters.java" package ="org.junit.internal.runners.statements" value ="0"/>
         <Value name="RunBefores" source ="RunBefores.java" package ="org.junit.internal.runners.statements" value ="0"/>
         <Value name="FailedBefore" source ="FailedBefore.java" package ="org.junit.internal.runners" value ="0"/>
         <Value name="InitializationError" source ="InitializationError.java" package ="org.junit.internal.runners" value ="0"/>
         <Value name="JUnit38ClassRunner" source ="JUnit38ClassRunner.java" package ="org.junit.internal.runners" value ="0"/>
         <Value name="OldTestClassAdaptingListener" source ="JUnit38ClassRunner.java" package ="org.junit.internal.runners" value ="0"/>
         <Value name="SuiteMethod" source ="SuiteMethod.java" package ="org.junit.internal.runners" value ="0"/>
         <Value name="TestClass" source ="TestClass.java" package ="org.junit.internal.runners" value ="0"/>
         <Value name="AssumptionViolatedException" source ="AssumptionViolatedException.java" package ="org.junit.internal" value ="0"/>
         <Value name="ComparisonCriteria" source ="ComparisonCriteria.java" package ="org.junit.internal" value ="0"/>
         <Value name="ExactComparisonCriteria" source ="ExactComparisonCriteria.java" package ="org.junit.internal" value ="0"/>
         <Value name="InexactComparisonCriteria" source ="InexactComparisonCriteria.java" package ="org.junit.internal" value ="0"/>
         <Value name="RealSystem" source ="RealSystem.java" package ="org.junit.internal" value ="0"/>
         <Value name="TextListener" source ="TextListener.java" package ="org.junit.internal" value ="0"/>
         <Value name="JUnitMatchers" source ="JUnitMatchers.java" package ="org.junit.matchers" value ="0"/>
         <Value name="ErrorCollector" source ="ErrorCollector.java" package ="org.junit.rules" value ="0"/>
         <Value name="ExpectedException" source ="ExpectedException.java" package ="org.junit.rules" value ="0"/>
         <Value name="ExpectedExceptionStatement" source ="ExpectedException.java" package ="org.junit.rules" value ="0"/>
         <Value name="ExternalResource" source ="ExternalResource.java" package ="org.junit.rules" value ="0"/>
         <Value name="TemporaryFolder" source ="TemporaryFolder.java" package ="org.junit.rules" value ="0"/>
         <Value name="TestName" source ="TestName.java" package ="org.junit.rules" value ="0"/>
         <Value name="TestWatcher" source ="TestWatcher.java" package ="org.junit.rules" value ="0"/>
         <Value name="TestWatchman" source ="TestWatchman.java" package ="org.junit.rules" value ="0"/>
         <Value name="Timeout" source ="Timeout.java" package ="org.junit.rules" value ="0"/>
         <Value name="Verifier" source ="Verifier.java" package ="org.junit.rules" value ="0"/>
         <Value name="Filter" source ="Filter.java" package ="org.junit.runner.manipulation" value ="0"/>
         <Value name="NoTestsRemainException" source ="NoTestsRemainException.java" package ="org.junit.runner.manipulation" value ="0"/>
         <Value name="Sorter" source ="Sorter.java" package ="org.junit.runner.manipulation" value ="0"/>
         <Value name="RunListener" source ="RunListener.java" package ="org.junit.runner.notification" value ="0"/>
         <Value name="SafeNotifier" source ="RunNotifier.java" package ="org.junit.runner.notification" value ="0"/>
         <Value name="StoppedByUserException" source ="StoppedByUserException.java" package ="org.junit.runner.notification" value ="0"/>
         <Value name="FrameworkField" source ="FrameworkField.java" package ="org.junit.runners.model" value ="0"/>
         <Value name="FrameworkMember" source ="FrameworkMember.java" package ="org.junit.runners.model" value ="0"/>
         <Value name="FrameworkMethod" source ="FrameworkMethod.java" package ="org.junit.runners.model" value ="0"/>
         <Value name="InitializationError" source ="InitializationError.java" package ="org.junit.runners.model" value ="0"/>
         <Value name="RunnerBuilder" source ="RunnerBuilder.java" package ="org.junit.runners.model" value ="0"/>
         <Value name="Statement" source ="Statement.java" package ="org.junit.runners.model" value ="0"/>
         <Value name="AllTests" source ="AllTests.java" package ="org.junit.runners" value ="0"/>
         <Value name="BlockJUnit4ClassRunner" source ="BlockJUnit4ClassRunner.java" package ="org.junit.runners" value ="0"/>
         <Value name="JUnit4" source ="JUnit4.java" package ="org.junit.runners" value ="0"/>
         <Value name="Parameterized" source ="Parameterized.java" package ="org.junit.runners" value ="0"/>
         <Value name="Parameters" source ="Parameterized.java" package ="org.junit.runners" value ="0"/>
         <Value name="Suite" source ="Suite.java" package ="org.junit.runners" value ="0"/>
         <Value name="Computer" source ="Computer.java" package ="org.junit.runner" value ="0"/>
         <Value name="JUnitCore" source ="JUnitCore.java" package ="org.junit.runner" value ="0"/>
         <Value name="Request" source ="Request.java" package ="org.junit.runner" value ="0"/>
         <Value name="Listener" source ="Result.java" package ="org.junit.runner" value ="0"/>
         <Value name="Runner" source ="Runner.java" package ="org.junit.runner" value ="0"/>
         <Value name="Assert" source ="Assert.java" package ="org.junit" value ="0"/>
         <Value name="Assume" source ="Assume.java" package ="org.junit" value ="0"/>
         <Value name="MoneyBag" source ="MoneyBag.java" package ="junit.samples.money" value ="0"/>
         <Value name="AllTests" source ="AllTests.java" package ="junit.samples" value ="0"/>
         <Value name="SimpleTest" source ="SimpleTest.java" package ="junit.samples" value ="0"/>
         <Value name="ActiveTestTest" source ="ActiveTestTest.java" package ="junit.tests.extensions" value ="0"/>
         <Value name="SuccessTest" source ="ActiveTestTest.java" package ="junit.tests.extensions" value ="0"/>
         <Value name="AllTests" source ="AllTests.java" package ="junit.tests.extensions" value ="0"/>
         <Value name="ExtensionTest" source ="ExtensionTest.java" package ="junit.tests.extensions" value ="0"/>
         <Value name="TornDown" source ="ExtensionTest.java" package ="junit.tests.extensions" value ="0"/>
         <Value name="RepeatedTestTest" source ="RepeatedTestTest.java" package ="junit.tests.extensions" value ="0"/>
         <Value name="SuccessTest" source ="RepeatedTestTest.java" package ="junit.tests.extensions" value ="0"/>
         <Value name="AllTests" source ="AllTests.java" package ="junit.tests.framework" value ="0"/>
         <Value name="AssertTest" source ="AssertTest.java" package ="junit.tests.framework" value ="0"/>
         <Value name="ComparisonCompactorTest" source ="ComparisonCompactorTest.java" package ="junit.tests.framework" value ="0"/>
         <Value name="ComparisonFailureTest" source ="ComparisonFailureTest.java" package ="junit.tests.framework" value ="0"/>
         <Value name="DoublePrecisionAssertTest" source ="DoublePrecisionAssertTest.java" package ="junit.tests.framework" value ="0"/>
         <Value name="Failure" source ="Failure.java" package ="junit.tests.framework" value ="0"/>
         <Value name="FloatAssertTest" source ="FloatAssertTest.java" package ="junit.tests.framework" value ="0"/>
         <Value name="InheritedTestCase" source ="InheritedTestCase.java" package ="junit.tests.framework" value ="0"/>
         <Value name="NoArgTestCaseTest" source ="NoArgTestCaseTest.java" package ="junit.tests.framework" value ="0"/>
         <Value name="NoTestCaseClass" source ="NoTestCaseClass.java" package ="junit.tests.framework" value ="0"/>
         <Value name="NoTestCases" source ="NoTestCases.java" package ="junit.tests.framework" value ="0"/>
         <Value name="NotPublicTestCase" source ="NotPublicTestCase.java" package ="junit.tests.framework" value ="0"/>
         <Value name="NotVoidTestCase" source ="NotVoidTestCase.java" package ="junit.tests.framework" value ="0"/>
         <Value name="OneTestCase" source ="OneTestCase.java" package ="junit.tests.framework" value ="0"/>
         <Value name="OverrideTestCase" source ="OverrideTestCase.java" package ="junit.tests.framework" value ="0"/>
         <Value name="Success" source ="Success.java" package ="junit.tests.framework" value ="0"/>
         <Value name="SuiteTest" source ="SuiteTest.java" package ="junit.tests.framework" value ="0"/>
         <Value name="TestCaseTest" source ="TestCaseTest.java" package ="junit.tests.framework" value ="0"/>
         <Value name="TornDown" source ="TestCaseTest.java" package ="junit.tests.framework" value ="0"/>
         <Value name="TestImplementorTest" source ="TestImplementorTest.java" package ="junit.tests.framework" value ="0"/>
         <Value name="DoubleTestCase" source ="TestImplementorTest.java" package ="junit.tests.framework" value ="0"/>
         <Value name="ThreeTestCases" source ="ThreeTestCases.java" package ="junit.tests.framework" value ="0"/>
         <Value name="AllTests" source ="AllTests.java" package ="junit.tests.runner" value ="0"/>
         <Value name="BaseTestRunnerTest" source ="BaseTestRunnerTest.java" package ="junit.tests.runner" value ="0"/>
         <Value name="DoesntExtendTestCase" source ="BaseTestRunnerTest.java" package ="junit.tests.runner" value ="0"/>
         <Value name="MockRunner" source ="BaseTestRunnerTest.java" package ="junit.tests.runner" value ="0"/>
         <Value name="NonStatic" source ="BaseTestRunnerTest.java" package ="junit.tests.runner" value ="0"/>
         <Value name="StackFilterTest" source ="StackFilterTest.java" package ="junit.tests.runner" value ="0"/>
         <Value name="TextFeedbackTest" source ="TextFeedbackTest.java" package ="junit.tests.runner" value ="0"/>
         <Value name="TestResultPrinter" source ="TextFeedbackTest.java" package ="junit.tests.runner" value ="0"/>
         <Value name="TextRunnerSingleMethodTest" source ="TextRunnerSingleMethodTest.java" package ="junit.tests.runner" value ="0"/>
         <Value name="InvocationTest" source ="TextRunnerSingleMethodTest.java" package ="junit.tests.runner" value ="0"/>
         <Value name="TextRunnerTest" source ="TextRunnerTest.java" package ="junit.tests.runner" value ="0"/>
         <Value name="AllTests" source ="AllTests.java" package ="junit.tests" value ="0"/>
         <Value name="WasRun" source ="WasRun.java" package ="junit.tests" value ="0"/>
         <Value name="SimpleTest" source ="SimpleTest.java" package ="org.junit.samples" value ="0"/>
         <Value name="AssertionTest" source ="AssertionTest.java" package ="org.junit.tests.assertion" value ="0"/>
         <Value name="BothTest" source ="BothTest.java" package ="org.junit.tests.assertion" value ="0"/>
         <Value name="EachTest" source ="EachTest.java" package ="org.junit.tests.assertion" value ="0"/>
         <Value name="JUnit4ClassRunnerTest" source ="JUnit4ClassRunnerTest.java" package ="org.junit.tests.deprecated" value ="0"/>
         <Value name="Example" source ="JUnit4ClassRunnerTest.java" package ="org.junit.tests.deprecated" value ="0"/>
         <Value name="UnconstructableExample" source ="JUnit4ClassRunnerTest.java" package ="org.junit.tests.deprecated" value ="0"/>
         <Value name="AnnotatedDescriptionTest" source ="AnnotatedDescriptionTest.java" package ="org.junit.tests.description" value ="0"/>
         <Value name="AnnotatedClass" source ="AnnotatedDescriptionTest.java" package ="org.junit.tests.description" value ="0"/>
         <Value name="IgnoredClass" source ="AnnotatedDescriptionTest.java" package ="org.junit.tests.description" value ="0"/>
         <Value name="MyOwnAnnotation" source ="AnnotatedDescriptionTest.java" package ="org.junit.tests.description" value ="0"/>
         <Value name="TestDescriptionTest" source ="TestDescriptionTest.java" package ="org.junit.tests.description" value ="0"/>
         <Value name="CategoriesAndParameterizedTest" source ="CategoriesAndParameterizedTest.java" package ="org.junit.tests.experimental.categories" value ="0"/>
         <Value name="ParameterTokenSuiteMalformed" source ="CategoriesAndParameterizedTest.java" package ="org.junit.tests.experimental.categories" value ="0"/>
         <Value name="ParameterTokenSuiteMalformedAndSwapped" source ="CategoriesAndParameterizedTest.java" package ="org.junit.tests.experimental.categories" value ="0"/>
         <Value name="ParameterTokenSuiteWellFormed" source ="CategoriesAndParameterizedTest.java" package ="org.junit.tests.experimental.categories" value ="0"/>
         <Value name="ParameterizedTestWithAttemptedMethodCategory" source ="CategoriesAndParameterizedTest.java" package ="org.junit.tests.experimental.categories" value ="0"/>
         <Value name="Token" source ="CategoriesAndParameterizedTest.java" package ="org.junit.tests.experimental.categories" value ="0"/>
         <Value name="VanillaCategorizedJUnitTest" source ="CategoriesAndParameterizedTest.java" package ="org.junit.tests.experimental.categories" value ="0"/>
         <Value name="WellBehavedParameterizedTest" source ="CategoriesAndParameterizedTest.java" package ="org.junit.tests.experimental.categories" value ="0"/>
         <Value name="CategoryTest" source ="CategoryTest.java" package ="org.junit.tests.experimental.categories" value ="0"/>
         <Value name="A" source ="CategoryTest.java" package ="org.junit.tests.experimental.categories" value ="0"/>
         <Value name="B" source ="CategoryTest.java" package ="org.junit.tests.experimental.categories" value ="0"/>
         <Value name="C" source ="CategoryTest.java" package ="org.junit.tests.experimental.categories" value ="0"/>
         <Value name="Category1" source ="CategoryTest.java" package ="org.junit.tests.experimental.categories" value ="0"/>
         <Value name="Category2" source ="CategoryTest.java" package ="org.junit.tests.experimental.categories" value ="0"/>
         <Value name="ChooseSlowFromBoth" source ="CategoryTest.java" package ="org.junit.tests.experimental.categories" value ="0"/>
         <Value name="ClassAsCategory" source ="CategoryTest.java" package ="org.junit.tests.experimental.categories" value ="0"/>
         <Value name="IncludeAndExcludeSuite" source ="CategoryTest.java" package ="org.junit.tests.experimental.categories" value ="0"/>
         <Value name="JustA" source ="CategoryTest.java" package ="org.junit.tests.experimental.categories" value ="0"/>
         <Value name="OneFast" source ="CategoryTest.java" package ="org.junit.tests.experimental.categories" value ="0"/>
         <Value name="OneFastOneSlow" source ="CategoryTest.java" package ="org.junit.tests.experimental.categories" value ="0"/>
         <Value name="OneFastSuite" source ="CategoryTest.java" package ="org.junit.tests.experimental.categories" value ="0"/>
         <Value name="OneMoreTest" source ="CategoryTest.java" package ="org.junit.tests.experimental.categories" value ="0"/>
         <Value name="OneThatIsBothFastAndSlow" source ="CategoryTest.java" package ="org.junit.tests.experimental.categories" value ="0"/>
         <Value name="OneVerySlowTest" source ="CategoryTest.java" package ="org.junit.tests.experimental.categories" value ="0"/>
         <Value name="RunClassAsCategory" source ="CategoryTest.java" package ="org.junit.tests.experimental.categories" value ="0"/>
         <Value name="RunSlowFromVerySlow" source ="CategoryTest.java" package ="org.junit.tests.experimental.categories" value ="0"/>
         <Value name="SlowTestSuite" source ="CategoryTest.java" package ="org.junit.tests.experimental.categories" value ="0"/>
         <Value name="SomeAreSlow" source ="CategoryTest.java" package ="org.junit.tests.experimental.categories" value ="0"/>
         <Value name="SomeAreSlowSuite" source ="CategoryTest.java" package ="org.junit.tests.experimental.categories" value ="0"/>
         <Value name="TestSuiteWithNoCategories" source ="CategoryTest.java" package ="org.junit.tests.experimental.categories" value ="0"/>
         <Value name="DescriptionTest" source ="DescriptionTest.java" package ="org.junit.tests.experimental.max" value ="0"/>
         <Value name="JUnit38Test" source ="JUnit38SortingTest.java" package ="org.junit.tests.experimental.max" value ="0"/>
         <Value name="JUnit4Test" source ="JUnit38SortingTest.java" package ="org.junit.tests.experimental.max" value ="0"/>
         <Value name="HalfMalformedJUnit38TestMethod" source ="MaxStarterTest.java" package ="org.junit.tests.experimental.max" value ="0"/>
         <Value name="MalformedJUnit38Test" source ="MaxStarterTest.java" package ="org.junit.tests.experimental.max" value ="0"/>
         <Value name="MalformedJUnit38TestMethod" source ="MaxStarterTest.java" package ="org.junit.tests.experimental.max" value ="0"/>
         <Value name="TwoOldTests" source ="MaxStarterTest.java" package ="org.junit.tests.experimental.max" value ="0"/>
         <Value name="TwoTests" source ="MaxStarterTest.java" package ="org.junit.tests.experimental.max" value ="0"/>
         <Value name="TwoUnEqualTests" source ="MaxStarterTest.java" package ="org.junit.tests.experimental.max" value ="0"/>
         <Value name="ParallelClassTest" source ="ParallelClassTest.java" package ="org.junit.tests.experimental.parallel" value ="0"/>
         <Value name="Example1" source ="ParallelClassTest.java" package ="org.junit.tests.experimental.parallel" value ="0"/>
         <Value name="Example2" source ="ParallelClassTest.java" package ="org.junit.tests.experimental.parallel" value ="0"/>
         <Value name="ExampleSuite" source ="ParallelClassTest.java" package ="org.junit.tests.experimental.parallel" value ="0"/>
         <Value name="ParallelMethodTest" source ="ParallelMethodTest.java" package ="org.junit.tests.experimental.parallel" value ="0"/>
         <Value name="Example" source ="ParallelMethodTest.java" package ="org.junit.tests.experimental.parallel" value ="0"/>
         <Value name="PrintableResultTest" source ="PrintableResultTest.java" package ="org.junit.tests.experimental.results" value ="0"/>
         <Value name="ResultMatchersTest" source ="ResultMatchersTest.java" package ="org.junit.tests.experimental.results" value ="0"/>
         <Value name="ClassRulesTest" source ="ClassRulesTest.java" package ="org.junit.tests.experimental.rules" value ="0"/>
         <Value name="Counter" source ="ClassRulesTest.java" package ="org.junit.tests.experimental.rules" value ="0"/>
         <Value name="CustomCounter" source ="ClassRulesTest.java" package ="org.junit.tests.experimental.rules" value ="0"/>
         <Value name="ExampleTestWithClassRule" source ="ClassRulesTest.java" package ="org.junit.tests.experimental.rules" value ="0"/>
         <Value name="ExampleTestWithCustomClassRule" source ="ClassRulesTest.java" package ="org.junit.tests.experimental.rules" value ="0"/>
         <Value name="SubclassOfTestWithClassRule" source ="ClassRulesTest.java" package ="org.junit.tests.experimental.rules" value ="0"/>
         <Value name="ExpectedExceptionRuleTest" source ="ExpectedExceptionRuleTest.java" package ="org.junit.tests.experimental.rules" value ="0"/>
         <Value name="ExpectedMessageMatcherFails" source ="ExpectedExceptionRuleTest.java" package ="org.junit.tests.experimental.rules" value ="0"/>
         <Value name="ExpectsMatcher" source ="ExpectedExceptionRuleTest.java" package ="org.junit.tests.experimental.rules" value ="0"/>
         <Value name="ExpectsMessageMatcher" source ="ExpectedExceptionRuleTest.java" package ="org.junit.tests.experimental.rules" value ="0"/>
         <Value name="ExpectsMultipleMatchers" source ="ExpectedExceptionRuleTest.java" package ="org.junit.tests.experimental.rules" value ="0"/>
         <Value name="ExpectsSubstring" source ="ExpectedExceptionRuleTest.java" package ="org.junit.tests.experimental.rules" value ="0"/>
         <Value name="ExpectsSubstringNullMessage" source ="ExpectedExceptionRuleTest.java" package ="org.junit.tests.experimental.rules" value ="0"/>
         <Value name="HasExpectedException" source ="ExpectedExceptionRuleTest.java" package ="org.junit.tests.experimental.rules" value ="0"/>
         <Value name="HasWrongExpectedException" source ="ExpectedExceptionRuleTest.java" package ="org.junit.tests.experimental.rules" value ="0"/>
         <Value name="HasWrongMessage" source ="ExpectedExceptionRuleTest.java" package ="org.junit.tests.experimental.rules" value ="0"/>
         <Value name="WronglyExpectsException" source ="ExpectedExceptionRuleTest.java" package ="org.junit.tests.experimental.rules" value ="0"/>
         <Value name="WronglyExpectsExceptionMessage" source ="ExpectedExceptionRuleTest.java" package ="org.junit.tests.experimental.rules" value ="0"/>
         <Value name="ExternalResourceRuleTest" source ="ExternalResourceRuleTest.java" package ="org.junit.tests.experimental.rules" value ="0"/>
         <Value name="UsesExternalResource" source ="ExternalResourceRuleTest.java" package ="org.junit.tests.experimental.rules" value ="0"/>
         <Value name="MethodRulesTest" source ="MethodRulesTest.java" package ="org.junit.tests.experimental.rules" value ="0"/>
         <Value name="BeforesAndAfters" source ="MethodRulesTest.java" package ="org.junit.tests.experimental.rules" value ="0"/>
         <Value name="CustomTestName" source ="MethodRulesTest.java" package ="org.junit.tests.experimental.rules" value ="0"/>
         <Value name="ExampleTest" source ="MethodRulesTest.java" package ="org.junit.tests.experimental.rules" value ="0"/>
         <Value name="MultipleRuleTest" source ="MethodRulesTest.java" package ="org.junit.tests.experimental.rules" value ="0"/>
         <Value name="NoRulesTest" source ="MethodRulesTest.java" package ="org.junit.tests.experimental.rules" value ="0"/>
         <Value name="OnFailureTest" source ="MethodRulesTest.java" package ="org.junit.tests.experimental.rules" value ="0"/>
         <Value name="PrivateRule" source ="MethodRulesTest.java" package ="org.junit.tests.experimental.rules" value ="0"/>
         <Value name="SonOfExampleTest" source ="MethodRulesTest.java" package ="org.junit.tests.experimental.rules" value ="0"/>
         <Value name="SonOfWrongTypedField" source ="MethodRulesTest.java" package ="org.junit.tests.experimental.rules" value ="0"/>
         <Value name="UsesCustomMethodRule" source ="MethodRulesTest.java" package ="org.junit.tests.experimental.rules" value ="0"/>
         <Value name="WatchmanTest" source ="MethodRulesTest.java" package ="org.junit.tests.experimental.rules" value ="0"/>
         <Value name="WrongTypedField" source ="MethodRulesTest.java" package ="org.junit.tests.experimental.rules" value ="0"/>
         <Value name="NameRulesTest" source ="NameRulesTest.java" package ="org.junit.tests.experimental.rules" value ="0"/>
         <Value name="BeforeAndAfterTest" source ="NameRulesTest.java" package ="org.junit.tests.experimental.rules" value ="0"/>
         <Value name="TestNames" source ="NameRulesTest.java" package ="org.junit.tests.experimental.rules" value ="0"/>
         <Value name="TempFolderRuleTest" source ="TempFolderRuleTest.java" package ="org.junit.tests.experimental.rules" value ="0"/>
         <Value name="CreatesSubFolder" source ="TempFolderRuleTest.java" package ="org.junit.tests.experimental.rules" value ="0"/>
         <Value name="HasTempFolder" source ="TempFolderRuleTest.java" package ="org.junit.tests.experimental.rules" value ="0"/>
         <Value name="TestRuleTest" source ="TestRuleTest.java" package ="org.junit.tests.experimental.rules" value ="0"/>
         <Value name="BeforesAndAfters" source ="TestRuleTest.java" package ="org.junit.tests.experimental.rules" value ="0"/>
         <Value name="BothKindsOfRule" source ="TestRuleTest.java" package ="org.junit.tests.experimental.rules" value ="0"/>
         <Value name="CustomTestName" source ="TestRuleTest.java" package ="org.junit.tests.experimental.rules" value ="0"/>
         <Value name="ExampleTest" source ="TestRuleTest.java" package ="org.junit.tests.experimental.rules" value ="0"/>
         <Value name="MultipleRuleTest" source ="TestRuleTest.java" package ="org.junit.tests.experimental.rules" value ="0"/>
         <Value name="NoRulesTest" source ="TestRuleTest.java" package ="org.junit.tests.experimental.rules" value ="0"/>
         <Value name="OnFailureTest" source ="TestRuleTest.java" package ="org.junit.tests.experimental.rules" value ="0"/>
         <Value name="OneFieldTwoKindsOfRule" source ="TestRuleTest.java" package ="org.junit.tests.experimental.rules" value ="0"/>
         <Value name="PrivateRule" source ="TestRuleTest.java" package ="org.junit.tests.experimental.rules" value ="0"/>
         <Value name="SonOfExampleTest" source ="TestRuleTest.java" package ="org.junit.tests.experimental.rules" value ="0"/>
         <Value name="SonOfWrongTypedField" source ="TestRuleTest.java" package ="org.junit.tests.experimental.rules" value ="0"/>
         <Value name="UsesCustomMethodRule" source ="TestRuleTest.java" package ="org.junit.tests.experimental.rules" value ="0"/>
         <Value name="WatchmanTest" source ="TestRuleTest.java" package ="org.junit.tests.experimental.rules" value ="0"/>
         <Value name="WrongTypedField" source ="TestRuleTest.java" package ="org.junit.tests.experimental.rules" value ="0"/>
         <Value name="TimeoutRuleTest" source ="TimeoutRuleTest.java" package ="org.junit.tests.experimental.rules" value ="0"/>
         <Value name="HasGlobalTimeout" source ="TimeoutRuleTest.java" package ="org.junit.tests.experimental.rules" value ="0"/>
         <Value name="VerifierRuleTest" source ="VerifierRuleTest.java" package ="org.junit.tests.experimental.rules" value ="0"/>
         <Value name="UsesErrorCollector" source ="VerifierRuleTest.java" package ="org.junit.tests.experimental.rules" value ="0"/>
         <Value name="UsesErrorCollectorCheckSucceeds" source ="VerifierRuleTest.java" package ="org.junit.tests.experimental.rules" value ="0"/>
         <Value name="UsesErrorCollectorCheckSucceedsPasses" source ="VerifierRuleTest.java" package ="org.junit.tests.experimental.rules" value ="0"/>
         <Value name="UsesErrorCollectorCheckThat" source ="VerifierRuleTest.java" package ="org.junit.tests.experimental.rules" value ="0"/>
         <Value name="UsesErrorCollectorTwice" source ="VerifierRuleTest.java" package ="org.junit.tests.experimental.rules" value ="0"/>
         <Value name="UsesVerifier" source ="VerifierRuleTest.java" package ="org.junit.tests.experimental.rules" value ="0"/>
         <Value name="GuessMap" source ="Guesser.java" package ="org.junit.tests.experimental.theories.extendingwithstubs" value ="0"/>
         <Value name="GuesserQueue" source ="GuesserQueue.java" package ="org.junit.tests.experimental.theories.extendingwithstubs" value ="0"/>
         <Value name="ReguessableDecorator" source ="GuesserQueue.java" package ="org.junit.tests.experimental.theories.extendingwithstubs" value ="0"/>
         <Value name="ReguessableValue" source ="ReguessableValue.java" package ="org.junit.tests.experimental.theories.extendingwithstubs" value ="0"/>
         <Value name="StringableObject" source ="StringableObject.java" package ="org.junit.tests.experimental.theories.extendingwithstubs" value ="0"/>
         <Value name="StubbedTheories" source ="StubbedTheories.java" package ="org.junit.tests.experimental.theories.extendingwithstubs" value ="0"/>
         <Value name="StubbedTheoryAnchor" source ="StubbedTheories.java" package ="org.junit.tests.experimental.theories.extendingwithstubs" value ="0"/>
         <Value name="StubbedTheoriesTest" source ="StubbedTheoriesTest.java" package ="org.junit.tests.experimental.theories.extendingwithstubs" value ="0"/>
         <Value name="SuccessfulWithDataPointFields" source ="SuccessfulWithDataPointFields.java" package ="org.junit.tests.experimental.theories.runner" value ="0"/>
         <Value name="BeforeAndAfterEachTime" source ="SuccessfulWithDataPointFields.java" package ="org.junit.tests.experimental.theories.runner" value ="0"/>
         <Value name="BeforeAndAfterOnSameInstance" source ="SuccessfulWithDataPointFields.java" package ="org.junit.tests.experimental.theories.runner" value ="0"/>
         <Value name="DifferentTypesInConstructor" source ="SuccessfulWithDataPointFields.java" package ="org.junit.tests.experimental.theories.runner" value ="0"/>
         <Value name="HasATwoParameterTheory" source ="SuccessfulWithDataPointFields.java" package ="org.junit.tests.experimental.theories.runner" value ="0"/>
         <Value name="NewObjectEachTime" source ="SuccessfulWithDataPointFields.java" package ="org.junit.tests.experimental.theories.runner" value ="0"/>
         <Value name="OneTestTwoAnnotations" source ="SuccessfulWithDataPointFields.java" package ="org.junit.tests.experimental.theories.runner" value ="0"/>
         <Value name="PositiveInts" source ="SuccessfulWithDataPointFields.java" package ="org.junit.tests.experimental.theories.runner" value ="0"/>
         <Value name="PositiveIntsWithMethodParams" source ="SuccessfulWithDataPointFields.java" package ="org.junit.tests.experimental.theories.runner" value ="0"/>
         <Value name="PositiveIntsWithNegativeField" source ="SuccessfulWithDataPointFields.java" package ="org.junit.tests.experimental.theories.runner" value ="0"/>
         <Value name="StaticPublicNonDataPoints" source ="SuccessfulWithDataPointFields.java" package ="org.junit.tests.experimental.theories.runner" value ="0"/>
         <Value name="TheoriesPerformanceTest" source ="TheoriesPerformanceTest.java" package ="org.junit.tests.experimental.theories.runner" value ="0"/>
         <Value name="UpToTen" source ="TheoriesPerformanceTest.java" package ="org.junit.tests.experimental.theories.runner" value ="0"/>
         <Value name="UnsuccessfulWithDataPointFields" source ="UnsuccessfulWithDataPointFields.java" package ="org.junit.tests.experimental.theories.runner" value ="0"/>
         <Value name="DataPointsMustBeStatic" source ="UnsuccessfulWithDataPointFields.java" package ="org.junit.tests.experimental.theories.runner" value ="0"/>
         <Value name="DoesntUseParams" source ="UnsuccessfulWithDataPointFields.java" package ="org.junit.tests.experimental.theories.runner" value ="0"/>
         <Value name="HasATheory" source ="UnsuccessfulWithDataPointFields.java" package ="org.junit.tests.experimental.theories.runner" value ="0"/>
         <Value name="NullsOK" source ="UnsuccessfulWithDataPointFields.java" package ="org.junit.tests.experimental.theories.runner" value ="0"/>
         <Value name="TheoriesMustBePublic" source ="UnsuccessfulWithDataPointFields.java" package ="org.junit.tests.experimental.theories.runner" value ="0"/>
         <Value name="WhenNoParametersMatch" source ="WhenNoParametersMatch.java" package ="org.junit.tests.experimental.theories.runner" value ="0"/>
         <Value name="AssumptionsFail" source ="WhenNoParametersMatch.java" package ="org.junit.tests.experimental.theories.runner" value ="0"/>
         <Value name="WithDataPointMethod" source ="WithDataPointMethod.java" package ="org.junit.tests.experimental.theories.runner" value ="0"/>
         <Value name="DataPointMethodReturnsMutableObject" source ="WithDataPointMethod.java" package ="org.junit.tests.experimental.theories.runner" value ="0"/>
         <Value name="HasDataPointMethod" source ="WithDataPointMethod.java" package ="org.junit.tests.experimental.theories.runner" value ="0"/>
         <Value name="HasDateMethod" source ="WithDataPointMethod.java" package ="org.junit.tests.experimental.theories.runner" value ="0"/>
         <Value name="HasUglyDataPointMethod" source ="WithDataPointMethod.java" package ="org.junit.tests.experimental.theories.runner" value ="0"/>
         <Value name="WithExtendedParameterSources" source ="WithExtendedParameterSources.java" package ="org.junit.tests.experimental.theories.runner" value ="0"/>
         <Value name="DataPointArrayMethod" source ="WithExtendedParameterSources.java" package ="org.junit.tests.experimental.theories.runner" value ="0"/>
         <Value name="DataPointArrayToBeUsedForWholeParameter" source ="WithExtendedParameterSources.java" package ="org.junit.tests.experimental.theories.runner" value ="0"/>
         <Value name="DataPointArrays" source ="WithExtendedParameterSources.java" package ="org.junit.tests.experimental.theories.runner" value ="0"/>
         <Value name="DataPointMalformedArrayMethods" source ="WithExtendedParameterSources.java" package ="org.junit.tests.experimental.theories.runner" value ="0"/>
         <Value name="ParameterAnnotations" source ="WithExtendedParameterSources.java" package ="org.junit.tests.experimental.theories.runner" value ="0"/>
         <Value name="ShouldFilterNull" source ="WithExtendedParameterSources.java" package ="org.junit.tests.experimental.theories.runner" value ="0"/>
         <Value name="WithOnlyTestAnnotations" source ="WithOnlyTestAnnotations.java" package ="org.junit.tests.experimental.theories.runner" value ="0"/>
         <Value name="ErrorWhenTestHasParametersDespiteTheories" source ="WithOnlyTestAnnotations.java" package ="org.junit.tests.experimental.theories.runner" value ="0"/>
         <Value name="HonorExpectedException" source ="WithOnlyTestAnnotations.java" package ="org.junit.tests.experimental.theories.runner" value ="0"/>
         <Value name="HonorExpectedExceptionPasses" source ="WithOnlyTestAnnotations.java" package ="org.junit.tests.experimental.theories.runner" value ="0"/>
         <Value name="HonorTimeout" source ="WithOnlyTestAnnotations.java" package ="org.junit.tests.experimental.theories.runner" value ="0"/>
         <Value name="AllMembersSupplierTest" source ="AllMembersSupplierTest.java" package ="org.junit.tests.experimental.theories" value ="0"/>
         <Value name="HasDataPoints" source ="AllMembersSupplierTest.java" package ="org.junit.tests.experimental.theories" value ="0"/>
         <Value name="ParameterSignatureTest" source ="ParameterSignatureTest.java" package ="org.junit.tests.experimental.theories" value ="0"/>
         <Value name="ParameterizedAssertionErrorTest" source ="ParameterizedAssertionErrorTest.java" package ="org.junit.tests.experimental.theories" value ="0"/>
         <Value name="AssumptionTest" source ="AssumptionTest.java" package ="org.junit.tests.experimental" value ="0"/>
         <Value name="AssumptionFailureInConstructor" source ="AssumptionTest.java" package ="org.junit.tests.experimental" value ="0"/>
         <Value name="HasFailingAssumeInBefore" source ="AssumptionTest.java" package ="org.junit.tests.experimental" value ="0"/>
         <Value name="HasFailingAssumeInBeforeClass" source ="AssumptionTest.java" package ="org.junit.tests.experimental" value ="0"/>
         <Value name="HasFailingAssumption" source ="AssumptionTest.java" package ="org.junit.tests.experimental" value ="0"/>
         <Value name="HasPassingAssumption" source ="AssumptionTest.java" package ="org.junit.tests.experimental" value ="0"/>
         <Value name="AssumptionViolatedExceptionTest" source ="AssumptionViolatedExceptionTest.java" package ="org.junit.tests.experimental" value ="0"/>
         <Value name="ExperimentalTests" source ="ExperimentalTests.java" package ="org.junit.tests.experimental" value ="0"/>
         <Value name="MatcherTest" source ="MatcherTest.java" package ="org.junit.tests.experimental" value ="0"/>
         <Value name="AllTestsTest" source ="AllTestsTest.java" package ="org.junit.tests.junit3compatibility" value ="0"/>
         <Value name="All" source ="AllTestsTest.java" package ="org.junit.tests.junit3compatibility" value ="0"/>
         <Value name="AllJUnit4" source ="AllTestsTest.java" package ="org.junit.tests.junit3compatibility" value ="0"/>
         <Value name="BadSuiteMethod" source ="AllTestsTest.java" package ="org.junit.tests.junit3compatibility" value ="0"/>
         <Value name="JUnit4Test" source ="AllTestsTest.java" package ="org.junit.tests.junit3compatibility" value ="0"/>
         <Value name="OneTest" source ="AllTestsTest.java" package ="org.junit.tests.junit3compatibility" value ="0"/>
         <Value name="ClassRequestTest" source ="ClassRequestTest.java" package ="org.junit.tests.junit3compatibility" value ="0"/>
         <Value name="PrivateSuiteMethod" source ="ClassRequestTest.java" package ="org.junit.tests.junit3compatibility" value ="0"/>
         <Value name="ForwardCompatibilityPrintingTest" source ="ForwardCompatibilityPrintingTest.java" package ="org.junit.tests.junit3compatibility" value ="0"/>
         <Value name="ATest" source ="ForwardCompatibilityPrintingTest.java" package ="org.junit.tests.junit3compatibility" value ="0"/>
         <Value name="TestResultPrinter" source ="ForwardCompatibilityPrintingTest.java" package ="org.junit.tests.junit3compatibility" value ="0"/>
         <Value name="ForwardCompatibilityTest" source ="ForwardCompatibilityTest.java" package ="org.junit.tests.junit3compatibility" value ="0"/>
         <Value name="BeforeClassTest" source ="ForwardCompatibilityTest.java" package ="org.junit.tests.junit3compatibility" value ="0"/>
         <Value name="ErrorTest" source ="ForwardCompatibilityTest.java" package ="org.junit.tests.junit3compatibility" value ="0"/>
         <Value name="ExceptionInBeforeTest" source ="ForwardCompatibilityTest.java" package ="org.junit.tests.junit3compatibility" value ="0"/>
         <Value name="ExpectedTest" source ="ForwardCompatibilityTest.java" package ="org.junit.tests.junit3compatibility" value ="0"/>
         <Value name="InvalidMethodTest" source ="ForwardCompatibilityTest.java" package ="org.junit.tests.junit3compatibility" value ="0"/>
         <Value name="MarkerRunner" source ="ForwardCompatibilityTest.java" package ="org.junit.tests.junit3compatibility" value ="0"/>
         <Value name="NewTest" source ="ForwardCompatibilityTest.java" package ="org.junit.tests.junit3compatibility" value ="0"/>
         <Value name="NoExceptionTest" source ="ForwardCompatibilityTest.java" package ="org.junit.tests.junit3compatibility" value ="0"/>
         <Value name="NoTests" source ="ForwardCompatibilityTest.java" package ="org.junit.tests.junit3compatibility" value ="0"/>
         <Value name="UnExpectedExceptionTest" source ="ForwardCompatibilityTest.java" package ="org.junit.tests.junit3compatibility" value ="0"/>
         <Value name="InitializationErrorForwardCompatibilityTest" source ="InitializationErrorForwardCompatibilityTest.java" package ="org.junit.tests.junit3compatibility" value ="0"/>
         <Value name="CantInitialize" source ="InitializationErrorForwardCompatibilityTest.java" package ="org.junit.tests.junit3compatibility" value ="0"/>
         <Value name="CantInitializeTests" source ="InitializationErrorForwardCompatibilityTest.java" package ="org.junit.tests.junit3compatibility" value ="0"/>
         <Value name="ErrorRememberingListener" source ="InitializationErrorForwardCompatibilityTest.java" package ="org.junit.tests.junit3compatibility" value ="0"/>
         <Value name="InitializesWithError" source ="InitializationErrorForwardCompatibilityTest.java" package ="org.junit.tests.junit3compatibility" value ="0"/>
         <Value name="JUnit38ClassRunnerTest" source ="JUnit38ClassRunnerTest.java" package ="org.junit.tests.junit3compatibility" value ="0"/>
         <Value name="AnnotatedTest" source ="JUnit38ClassRunnerTest.java" package ="org.junit.tests.junit3compatibility" value ="0"/>
         <Value name="ClassWithInvalidMethod" source ="JUnit38ClassRunnerTest.java" package ="org.junit.tests.junit3compatibility" value ="0"/>
         <Value name="MyTest" source ="JUnit38ClassRunnerTest.java" package ="org.junit.tests.junit3compatibility" value ="0"/>
         <Value name="OneTest" source ="JUnit38ClassRunnerTest.java" package ="org.junit.tests.junit3compatibility" value ="0"/>
         <Value name="OldTestClassAdaptingListenerTest" source ="OldTestClassAdaptingListenerTest.java" package ="org.junit.tests.junit3compatibility" value ="0"/>
         <Value name="OldTests" source ="OldTests.java" package ="org.junit.tests.junit3compatibility" value ="0"/>
         <Value name="SuiteMethodTest" source ="SuiteMethodTest.java" package ="org.junit.tests.junit3compatibility" value ="0"/>
         <Value name="CompatibilityTest" source ="SuiteMethodTest.java" package ="org.junit.tests.junit3compatibility" value ="0"/>
         <Value name="NewTest" source ="SuiteMethodTest.java" package ="org.junit.tests.junit3compatibility" value ="0"/>
         <Value name="NewTestSuiteFails" source ="SuiteMethodTest.java" package ="org.junit.tests.junit3compatibility" value ="0"/>
         <Value name="NewTestSuiteNotUsed" source ="SuiteMethodTest.java" package ="org.junit.tests.junit3compatibility" value ="0"/>
         <Value name="OldTest" source ="SuiteMethodTest.java" package ="org.junit.tests.junit3compatibility" value ="0"/>
         <Value name="ListenerTest" source ="ListenerTest.java" package ="org.junit.tests.listening" value ="0"/>
         <Value name="OneTest" source ="ListenerTest.java" package ="org.junit.tests.listening" value ="0"/>
         <Value name="RunnerTest" source ="RunnerTest.java" package ="org.junit.tests.listening" value ="0"/>
         <Value name="Example" source ="RunnerTest.java" package ="org.junit.tests.listening" value ="0"/>
         <Value name="ExampleTest" source ="RunnerTest.java" package ="org.junit.tests.listening" value ="0"/>
         <Value name="MyListener" source ="RunnerTest.java" package ="org.junit.tests.listening" value ="0"/>
         <Value name="NewExample" source ="RunnerTest.java" package ="org.junit.tests.listening" value ="0"/>
         <Value name="TestListenerTest" source ="TestListenerTest.java" package ="org.junit.tests.listening" value ="0"/>
         <Value name="ErrorListener" source ="TestListenerTest.java" package ="org.junit.tests.listening" value ="0"/>
         <Value name="ExceptionListener" source ="TestListenerTest.java" package ="org.junit.tests.listening" value ="0"/>
         <Value name="OneTest" source ="TestListenerTest.java" package ="org.junit.tests.listening" value ="0"/>
         <Value name="ErrorTest" source ="TextListenerTest.java" package ="org.junit.tests.listening" value ="0"/>
         <Value name="OneTest" source ="TextListenerTest.java" package ="org.junit.tests.listening" value ="0"/>
         <Value name="Slow" source ="TextListenerTest.java" package ="org.junit.tests.listening" value ="0"/>
         <Value name="UserStopTest" source ="UserStopTest.java" package ="org.junit.tests.listening" value ="0"/>
         <Value name="OneTest" source ="UserStopTest.java" package ="org.junit.tests.listening" value ="0"/>
         <Value name="FilterableTest" source ="FilterableTest.java" package ="org.junit.tests.manipulation" value ="0"/>
         <Value name="FilteredRunner" source ="FilterableTest.java" package ="org.junit.tests.manipulation" value ="0"/>
         <Value name="FilteredTest" source ="FilterableTest.java" package ="org.junit.tests.manipulation" value ="0"/>
         <Value name="SingleMethodTest" source ="SingleMethodTest.java" package ="org.junit.tests.manipulation" value ="0"/>
         <Value name="HasSuiteMethod" source ="SingleMethodTest.java" package ="org.junit.tests.manipulation" value ="0"/>
         <Value name="OneTimeSetup" source ="SingleMethodTest.java" package ="org.junit.tests.manipulation" value ="0"/>
         <Value name="OneTwoSuite" source ="SingleMethodTest.java" package ="org.junit.tests.manipulation" value ="0"/>
         <Value name="ParameterizedOneTimeBeforeClass" source ="SingleMethodTest.java" package ="org.junit.tests.manipulation" value ="0"/>
         <Value name="ParameterizedOneTimeSetup" source ="SingleMethodTest.java" package ="org.junit.tests.manipulation" value ="0"/>
         <Value name="TestOne" source ="SingleMethodTest.java" package ="org.junit.tests.manipulation" value ="0"/>
         <Value name="TestTwo" source ="SingleMethodTest.java" package ="org.junit.tests.manipulation" value ="0"/>
         <Value name="SortableTest" source ="SortableTest.java" package ="org.junit.tests.manipulation" value ="0"/>
         <Value name="TestClassRunnerIsSortable" source ="SortableTest.java" package ="org.junit.tests.manipulation" value ="0"/>
         <Value name="TestClassRunnerIsSortableWithSuiteMethod" source ="SortableTest.java" package ="org.junit.tests.manipulation" value ="0"/>
         <Value name="UnsortableRunnersAreHandledWithoutCrashing" source ="SortableTest.java" package ="org.junit.tests.manipulation" value ="0"/>
         <Value name="EnclosedTest" source ="EnclosedTest.java" package ="org.junit.tests.running.classes" value ="0"/>
         <Value name="Enclosing" source ="EnclosedTest.java" package ="org.junit.tests.running.classes" value ="0"/>
         <Value name="IgnoreClassTest" source ="IgnoreClassTest.java" package ="org.junit.tests.running.classes" value ="0"/>
         <Value name="IgnoreMe" source ="IgnoreClassTest.java" package ="org.junit.tests.running.classes" value ="0"/>
         <Value name="ParameterizedTestTest" source ="ParameterizedTestTest.java" package ="org.junit.tests.running.classes" value ="0"/>
         <Value name="BeforeAndAfter" source ="ParameterizedTestTest.java" package ="org.junit.tests.running.classes" value ="0"/>
         <Value name="EmptyTest" source ="ParameterizedTestTest.java" package ="org.junit.tests.running.classes" value ="0"/>
         <Value name="FibonacciTest" source ="ParameterizedTestTest.java" package ="org.junit.tests.running.classes" value ="0"/>
         <Value name="IncorrectTest" source ="ParameterizedTestTest.java" package ="org.junit.tests.running.classes" value ="0"/>
         <Value name="PrivateConstructor" source ="ParameterizedTestTest.java" package ="org.junit.tests.running.classes" value ="0"/>
         <Value name="ProtectedParametersTest" source ="ParameterizedTestTest.java" package ="org.junit.tests.running.classes" value ="0"/>
         <Value name="WrongElementType" source ="ParameterizedTestTest.java" package ="org.junit.tests.running.classes" value ="0"/>
         <Value name="RunWithTest" source ="RunWithTest.java" package ="org.junit.tests.running.classes" value ="0"/>
         <Value name="BadRunner" source ="RunWithTest.java" package ="org.junit.tests.running.classes" value ="0"/>
         <Value name="Empty" source ="RunWithTest.java" package ="org.junit.tests.running.classes" value ="0"/>
         <Value name="ExampleRunner" source ="RunWithTest.java" package ="org.junit.tests.running.classes" value ="0"/>
         <Value name="ExampleTest" source ="RunWithTest.java" package ="org.junit.tests.running.classes" value ="0"/>
         <Value name="SubExampleTest" source ="RunWithTest.java" package ="org.junit.tests.running.classes" value ="0"/>
         <Value name="SuiteTest" source ="SuiteTest.java" package ="org.junit.tests.running.classes" value ="0"/>
         <Value name="All" source ="SuiteTest.java" package ="org.junit.tests.running.classes" value ="0"/>
         <Value name="AllWithBeforeAndAfterClass" source ="SuiteTest.java" package ="org.junit.tests.running.classes" value ="0"/>
         <Value name="AllWithOutAnnotation" source ="SuiteTest.java" package ="org.junit.tests.running.classes" value ="0"/>
         <Value name="BiInfiniteLoop" source ="SuiteTest.java" package ="org.junit.tests.running.classes" value ="0"/>
         <Value name="Hercules" source ="SuiteTest.java" package ="org.junit.tests.running.classes" value ="0"/>
         <Value name="Hydra" source ="SuiteTest.java" package ="org.junit.tests.running.classes" value ="0"/>
         <Value name="InfiniteLoop" source ="SuiteTest.java" package ="org.junit.tests.running.classes" value ="0"/>
         <Value name="InheritsAll" source ="SuiteTest.java" package ="org.junit.tests.running.classes" value ="0"/>
         <Value name="NoSuiteClassesAnnotation" source ="SuiteTest.java" package ="org.junit.tests.running.classes" value ="0"/>
         <Value name="TestA" source ="SuiteTest.java" package ="org.junit.tests.running.classes" value ="0"/>
         <Value name="TestB" source ="SuiteTest.java" package ="org.junit.tests.running.classes" value ="0"/>
         <Value name="WithoutDefaultConstructor" source ="SuiteTest.java" package ="org.junit.tests.running.classes" value ="0"/>
         <Value name="TestClassTest" source ="TestClassTest.java" package ="org.junit.tests.running.classes" value ="0"/>
         <Value name="ManyMethods" source ="TestClassTest.java" package ="org.junit.tests.running.classes" value ="0"/>
         <Value name="SubclassWithField" source ="TestClassTest.java" package ="org.junit.tests.running.classes" value ="0"/>
         <Value name="SuperclassWithField" source ="TestClassTest.java" package ="org.junit.tests.running.classes" value ="0"/>
         <Value name="TwoConstructors" source ="TestClassTest.java" package ="org.junit.tests.running.classes" value ="0"/>
         <Value name="UseSuiteAsASuperclassTest" source ="UseSuiteAsASuperclassTest.java" package ="org.junit.tests.running.classes" value ="0"/>
         <Value name="AllWithMySuite" source ="UseSuiteAsASuperclassTest.java" package ="org.junit.tests.running.classes" value ="0"/>
         <Value name="MySuite" source ="UseSuiteAsASuperclassTest.java" package ="org.junit.tests.running.classes" value ="0"/>
         <Value name="TestA" source ="UseSuiteAsASuperclassTest.java" package ="org.junit.tests.running.classes" value ="0"/>
         <Value name="TestB" source ="UseSuiteAsASuperclassTest.java" package ="org.junit.tests.running.classes" value ="0"/>
         <Value name="Count" source ="CommandLineTest.java" package ="org.junit.tests.running.core" value ="0"/>
         <Value name="Example" source ="CommandLineTest.java" package ="org.junit.tests.running.core" value ="0"/>
         <Value name="JUnitCoreReturnsCorrectExitCodeTest" source ="JUnitCoreReturnsCorrectExitCodeTest.java" package ="org.junit.tests.running.core" value ="0"/>
         <Value name="Fail" source ="JUnitCoreReturnsCorrectExitCodeTest.java" package ="org.junit.tests.running.core" value ="0"/>
         <Value name="Succeed" source ="JUnitCoreReturnsCorrectExitCodeTest.java" package ="org.junit.tests.running.core" value ="0"/>
         <Value name="SystemExitTest" source ="SystemExitTest.java" package ="org.junit.tests.running.core" value ="0"/>
         <Value name="Exit" source ="SystemExitTest.java" package ="org.junit.tests.running.core" value ="0"/>
         <Value name="AnnotationTest" source ="AnnotationTest.java" package ="org.junit.tests.running.methods" value ="0"/>
         <Value name="ErrorInAfterClass" source ="AnnotationTest.java" package ="org.junit.tests.running.methods" value ="0"/>
         <Value name="ErrorInBeforeClass" source ="AnnotationTest.java" package ="org.junit.tests.running.methods" value ="0"/>
         <Value name="ExceptionTest" source ="AnnotationTest.java" package ="org.junit.tests.running.methods" value ="0"/>
         <Value name="FailureTest" source ="AnnotationTest.java" package ="org.junit.tests.running.methods" value ="0"/>
         <Value name="NoExceptionTest" source ="AnnotationTest.java" package ="org.junit.tests.running.methods" value ="0"/>
         <Value name="NonStaticOneTimeSetup" source ="AnnotationTest.java" package ="org.junit.tests.running.methods" value ="0"/>
         <Value name="OldSuiteTest" source ="AnnotationTest.java" package ="org.junit.tests.running.methods" value ="0"/>
         <Value name="OldTest" source ="AnnotationTest.java" package ="org.junit.tests.running.methods" value ="0"/>
         <Value name="OneTimeSetup" source ="AnnotationTest.java" package ="org.junit.tests.running.methods" value ="0"/>
         <Value name="OneTimeTeardown" source ="AnnotationTest.java" package ="org.junit.tests.running.methods" value ="0"/>
         <Value name="OrderTest" source ="AnnotationTest.java" package ="org.junit.tests.running.methods" value ="0"/>
         <Value name="RunAllAfterClasses" source ="AnnotationTest.java" package ="org.junit.tests.running.methods" value ="0"/>
         <Value name="RunAllAfterClassesRegardless" source ="AnnotationTest.java" package ="org.junit.tests.running.methods" value ="0"/>
         <Value name="RunAllAfters" source ="AnnotationTest.java" package ="org.junit.tests.running.methods" value ="0"/>
         <Value name="RunAllAftersRegardless" source ="AnnotationTest.java" package ="org.junit.tests.running.methods" value ="0"/>
         <Value name="SetupFailureTest" source ="AnnotationTest.java" package ="org.junit.tests.running.methods" value ="0"/>
         <Value name="SetupTest" source ="AnnotationTest.java" package ="org.junit.tests.running.methods" value ="0"/>
         <Value name="SimpleTest" source ="AnnotationTest.java" package ="org.junit.tests.running.methods" value ="0"/>
         <Value name="SimpleTestWithFutureProofExplicitRunner" source ="AnnotationTest.java" package ="org.junit.tests.running.methods" value ="0"/>
         <Value name="SubInheritance" source ="AnnotationTest.java" package ="org.junit.tests.running.methods" value ="0"/>
         <Value name="SubShadowing" source ="AnnotationTest.java" package ="org.junit.tests.running.methods" value ="0"/>
         <Value name="SubTest" source ="AnnotationTest.java" package ="org.junit.tests.running.methods" value ="0"/>
         <Value name="SuperInheritance" source ="AnnotationTest.java" package ="org.junit.tests.running.methods" value ="0"/>
         <Value name="SuperShadowing" source ="AnnotationTest.java" package ="org.junit.tests.running.methods" value ="0"/>
         <Value name="SuperTest" source ="AnnotationTest.java" package ="org.junit.tests.running.methods" value ="0"/>
         <Value name="TeardownAfterFailureTest" source ="AnnotationTest.java" package ="org.junit.tests.running.methods" value ="0"/>
         <Value name="TeardownFailureTest" source ="AnnotationTest.java" package ="org.junit.tests.running.methods" value ="0"/>
         <Value name="TeardownTest" source ="AnnotationTest.java" package ="org.junit.tests.running.methods" value ="0"/>
         <Value name="TestAndTeardownFailureTest" source ="AnnotationTest.java" package ="org.junit.tests.running.methods" value ="0"/>
         <Value name="TwoTests" source ="AnnotationTest.java" package ="org.junit.tests.running.methods" value ="0"/>
         <Value name="ExpectedTest" source ="ExpectedTest.java" package ="org.junit.tests.running.methods" value ="0"/>
         <Value name="ExpectSuperclass" source ="ExpectedTest.java" package ="org.junit.tests.running.methods" value ="0"/>
         <Value name="Expected" source ="ExpectedTest.java" package ="org.junit.tests.running.methods" value ="0"/>
         <Value name="NoneThrown" source ="ExpectedTest.java" package ="org.junit.tests.running.methods" value ="0"/>
         <Value name="Unexpected" source ="ExpectedTest.java" package ="org.junit.tests.running.methods" value ="0"/>
         <Value name="InheritedTestTest" source ="InheritedTestTest.java" package ="org.junit.tests.running.methods" value ="0"/>
         <Value name="Sub" source ="InheritedTestTest.java" package ="org.junit.tests.running.methods" value ="0"/>
         <Value name="SubWithBefore" source ="InheritedTestTest.java" package ="org.junit.tests.running.methods" value ="0"/>
         <Value name="Super" source ="InheritedTestTest.java" package ="org.junit.tests.running.methods" value ="0"/>
         <Value name="ParameterizedTestMethodTest" source ="ParameterizedTestMethodTest.java" package ="org.junit.tests.running.methods" value ="0"/>
         <Value name="EverythingWrong" source ="ParameterizedTestMethodTest.java" package ="org.junit.tests.running.methods" value ="0"/>
         <Value name="SubShadows" source ="ParameterizedTestMethodTest.java" package ="org.junit.tests.running.methods" value ="0"/>
         <Value name="SubWrong" source ="ParameterizedTestMethodTest.java" package ="org.junit.tests.running.methods" value ="0"/>
         <Value name="SuperWrong" source ="ParameterizedTestMethodTest.java" package ="org.junit.tests.running.methods" value ="0"/>
         <Value name="TestMethodTest" source ="TestMethodTest.java" package ="org.junit.tests.running.methods" value ="0"/>
         <Value name="Confused" source ="TestMethodTest.java" package ="org.junit.tests.running.methods" value ="0"/>
         <Value name="ConstructorParameter" source ="TestMethodTest.java" package ="org.junit.tests.running.methods" value ="0"/>
         <Value name="EverythingWrong" source ="TestMethodTest.java" package ="org.junit.tests.running.methods" value ="0"/>
         <Value name="IgnoredTest" source ="TestMethodTest.java" package ="org.junit.tests.running.methods" value ="0"/>
         <Value name="OnlyTestIsIgnored" source ="TestMethodTest.java" package ="org.junit.tests.running.methods" value ="0"/>
         <Value name="SubShadows" source ="TestMethodTest.java" package ="org.junit.tests.running.methods" value ="0"/>
         <Value name="SubWrong" source ="TestMethodTest.java" package ="org.junit.tests.running.methods" value ="0"/>
         <Value name="SuperWrong" source ="TestMethodTest.java" package ="org.junit.tests.running.methods" value ="0"/>
         <Value name="TimeoutTest" source ="TimeoutTest.java" package ="org.junit.tests.running.methods" value ="0"/>
         <Value name="FailureWithTimeoutRunTimeExceptionTest" source ="TimeoutTest.java" package ="org.junit.tests.running.methods" value ="0"/>
         <Value name="FailureWithTimeoutTest" source ="TimeoutTest.java" package ="org.junit.tests.running.methods" value ="0"/>
         <Value name="ImpatientLoopTest" source ="TimeoutTest.java" package ="org.junit.tests.running.methods" value ="0"/>
         <Value name="InfiniteLoopTest" source ="TimeoutTest.java" package ="org.junit.tests.running.methods" value ="0"/>
         <Value name="SuccessWithTimeoutTest" source ="TimeoutTest.java" package ="org.junit.tests.running.methods" value ="0"/>
         <Value name="TimeoutFailureTest" source ="TimeoutTest.java" package ="org.junit.tests.running.methods" value ="0"/>
         <Value name="WillTimeOut" source ="TimeoutTest.java" package ="org.junit.tests.running.methods" value ="0"/>
         <Value name="Sub" source ="Sub.java" package ="org.junit.tests.validation.anotherpackage" value ="0"/>
         <Value name="Super" source ="Super.java" package ="org.junit.tests.validation.anotherpackage" value ="0"/>
         <Value name="BadlyFormedClassesTest" source ="BadlyFormedClassesTest.java" package ="org.junit.tests.validation" value ="0"/>
         <Value name="BadBeforeMethodWithLegacyRunner" source ="BadlyFormedClassesTest.java" package ="org.junit.tests.validation" value ="0"/>
         <Value name="FaultyConstructor" source ="BadlyFormedClassesTest.java" package ="org.junit.tests.validation" value ="0"/>
         <Value name="NoTests" source ="BadlyFormedClassesTest.java" package ="org.junit.tests.validation" value ="0"/>
         <Value name="FailedConstructionTest" source ="FailedConstructionTest.java" package ="org.junit.tests.validation" value ="0"/>
         <Value name="CantConstruct" source ="FailedConstructionTest.java" package ="org.junit.tests.validation" value ="0"/>
         <Value name="InaccessibleBaseClassTest" source ="InaccessibleBaseClassTest.java" package ="org.junit.tests.validation" value ="0"/>
         <Value name="ValidationTest" source ="ValidationTest.java" package ="org.junit.tests.validation" value ="0"/>
         <Value name="NonStaticBeforeClass" source ="ValidationTest.java" package ="org.junit.tests.validation" value ="0"/>
         <Value name="WrongBeforeClass" source ="ValidationTest.java" package ="org.junit.tests.validation" value ="0"/>
         <Value name="AllTests" source ="AllTests.java" package ="org.junit.tests" value ="0"/>
         <Value name="ObjectContractTest" source ="ObjectContractTest.java" package ="org.junit.tests" value ="0"/>
         <Value name="ParentRunnerTest" source ="ParentRunnerTest.java" package ="org.junit.tests" value ="0"/>
         <Value name="FruitTest" source ="ParentRunnerTest.java" package ="org.junit.tests" value ="0"/>
      </Values>
   </Metric>
   <Metric id = "CE" description ="Efferent Coupling">
      <Values per = "packageFragment" avg = "4.214" stddev = "3.155" max = "18">
         <Value name="junit.tests.framework" package ="junit.tests.framework" value ="18"/>
         <Value name="org.junit.rules" package ="org.junit.rules" value ="11"/>
         <Value name="org.junit" package ="org.junit" value ="10"/>
         <Value name="org.junit.internal.runners" package ="org.junit.internal.runners" value ="10"/>
         <Value name="org.junit.tests.experimental.rules" package ="org.junit.tests.experimental.rules" value ="9"/>
         <Value name="org.junit.tests.junit3compatibility" package ="org.junit.tests.junit3compatibility" value ="9"/>
         <Value name="org.junit.internal.builders" package ="org.junit.internal.builders" value ="8"/>
         <Value name="org.junit.tests.experimental.theories.runner" package ="org.junit.tests.experimental.theories.runner" value ="7"/>
         <Value name="org.junit.tests.running.classes" package ="org.junit.tests.running.classes" value ="7"/>
         <Value name="org.junit.internal" package ="org.junit.internal" value ="6"/>
         <Value name="org.junit.internal.matchers" package ="org.junit.internal.matchers" value ="6"/>
         <Value name="org.junit.internal.runners.statements" package ="org.junit.internal.runners.statements" value ="6"/>
         <Value name="org.junit.runner" package ="org.junit.runner" value ="6"/>
         <Value name="org.junit.runners" package ="org.junit.runners" value ="6"/>
         <Value name="junit.tests.runner" package ="junit.tests.runner" value ="6"/>
         <Value name="org.junit.tests.running.methods" package ="org.junit.tests.running.methods" value ="6"/>
         <Value name="org.junit.tests.experimental.theories.extendingwithstubs" package ="org.junit.tests.experimental.theories.extendingwithstubs" value ="5"/>
         <Value name="org.junit.tests.listening" package ="org.junit.tests.listening" value ="5"/>
         <Value name="junit.extensions" package ="junit.extensions" value ="4"/>
         <Value name="junit.framework" package ="junit.framework" value ="4"/>
         <Value name="org.junit.internal.requests" package ="org.junit.internal.requests" value ="4"/>
         <Value name="org.junit.runner.notification" package ="org.junit.runner.notification" value ="4"/>
         <Value name="org.junit.runners.model" package ="org.junit.runners.model" value ="4"/>
         <Value name="junit.tests.extensions" package ="junit.tests.extensions" value ="4"/>
         <Value name="org.junit.tests" package ="org.junit.tests" value ="4"/>
         <Value name="org.junit.tests.experimental" package ="org.junit.tests.experimental" value ="4"/>
         <Value name="org.junit.tests.validation" package ="org.junit.tests.validation" value ="4"/>
         <Value name="org.junit.experimental.results" package ="org.junit.experimental.results" value ="3"/>
         <Value name="org.junit.runner.manipulation" package ="org.junit.runner.manipulation" value ="3"/>
         <Value name="junit.samples" package ="junit.samples" value ="3"/>
         <Value name="org.junit.tests.assertion" package ="org.junit.tests.assertion" value ="3"/>
         <Value name="org.junit.tests.description" package ="org.junit.tests.description" value ="3"/>
         <Value name="org.junit.tests.experimental.max" package ="org.junit.tests.experimental.max" value ="3"/>
         <Value name="org.junit.tests.experimental.theories" package ="org.junit.tests.experimental.theories" value ="3"/>
         <Value name="org.junit.tests.manipulation" package ="org.junit.tests.manipulation" value ="3"/>
         <Value name="org.junit.tests.running.core" package ="org.junit.tests.running.core" value ="3"/>
         <Value name="junit.textui" package ="junit.textui" value ="2"/>
         <Value name="org.junit.experimental.max" package ="org.junit.experimental.max" value ="2"/>
         <Value name="org.junit.experimental.runners" package ="org.junit.experimental.runners" value ="2"/>
         <Value name="org.junit.experimental.theories.internal" package ="org.junit.experimental.theories.internal" value ="2"/>
         <Value name="org.junit.experimental.theories.suppliers" package ="org.junit.experimental.theories.suppliers" value ="2"/>
         <Value name="org.junit.matchers" package ="org.junit.matchers" value ="2"/>
         <Value name="junit.tests" package ="junit.tests" value ="2"/>
         <Value name="org.junit.samples" package ="org.junit.samples" value ="2"/>
         <Value name="org.junit.samples.money" package ="org.junit.samples.money" value ="2"/>
         <Value name="org.junit.tests.experimental.categories" package ="org.junit.tests.experimental.categories" value ="2"/>
         <Value name="org.junit.tests.experimental.parallel" package ="org.junit.tests.experimental.parallel" value ="2"/>
         <Value name="org.junit.tests.experimental.results" package ="org.junit.tests.experimental.results" value ="2"/>
         <Value name="junit.runner" package ="junit.runner" value ="1"/>
         <Value name="org.junit.experimental" package ="org.junit.experimental" value ="1"/>
         <Value name="org.junit.experimental.categories" package ="org.junit.experimental.categories" value ="1"/>
         <Value name="org.junit.experimental.theories" package ="org.junit.experimental.theories" value ="1"/>
         <Value name="org.junit.internal.runners.model" package ="org.junit.internal.runners.model" value ="1"/>
         <Value name="junit.samples.money" package ="junit.samples.money" value ="1"/>
         <Value name="org.junit.tests.deprecated" package ="org.junit.tests.deprecated" value ="1"/>
         <Value name="org.junit.tests.validation.anotherpackage" package ="org.junit.tests.validation.anotherpackage" value ="1"/>
      </Values>
   </Metric>
   <Metric id = "NSM" description ="Number of Static Methods">
      <Values per = "type" total = "295" avg = "0.518" stddev = "2.83" max = "49">
         <Value name="Assert" source ="Assert.java" package ="org.junit" value ="49"/>
         <Value name="Assert" source ="Assert.java" package ="junit.framework" value ="38"/>
         <Value name="BaseTestRunner" source ="BaseTestRunner.java" package ="junit.runner" value ="13"/>
         <Value name="EverythingWrong" source ="ParameterizedTestMethodTest.java" package ="org.junit.tests.running.methods" value ="11"/>
         <Value name="EverythingWrong" source ="TestMethodTest.java" package ="org.junit.tests.running.methods" value ="11"/>
         <Value name="JUnitMatchers" source ="JUnitMatchers.java" package ="org.junit.matchers" value ="8"/>
         <Value name="Request" source ="Request.java" package ="org.junit.runner" value ="7"/>
         <Value name="JUnitCore" source ="JUnitCore.java" package ="org.junit.runner" value ="5"/>
         <Value name="TestSuite" source ="TestSuite.java" package ="junit.framework" value ="4"/>
         <Value name="TestRunner" source ="TestRunner.java" package ="junit.textui" value ="4"/>
         <Value name="ResultMatchers" source ="ResultMatchers.java" package ="org.junit.experimental.results" value ="4"/>
         <Value name="IsCollectionContaining" source ="IsCollectionContaining.java" package ="org.junit.internal.matchers" value ="4"/>
         <Value name="Description" source ="Description.java" package ="org.junit.runner" value ="4"/>
         <Value name="Assume" source ="Assume.java" package ="org.junit" value ="4"/>
         <Value name="ParameterizedAssertionError" source ="ParameterizedAssertionError.java" package ="org.junit.experimental.theories.internal" value ="3"/>
         <Value name="ParameterSignature" source ="ParameterSignature.java" package ="org.junit.experimental.theories" value ="3"/>
         <Value name="ParallelComputer" source ="ParallelComputer.java" package ="org.junit.experimental" value ="3"/>
         <Value name="AllTests" source ="AllTests.java" package ="junit.tests.runner" value ="3"/>
         <Value name="ListTest" source ="ListTest.java" package ="org.junit.samples" value ="3"/>
         <Value name="DataPointMalformedArrayMethods" source ="WithExtendedParameterSources.java" package ="org.junit.tests.experimental.theories.runner" value ="3"/>
         <Value name="BeforeAndAfter" source ="ParameterizedTestTest.java" package ="org.junit.tests.running.classes" value ="3"/>
         <Value name="RunAllAfterClasses" source ="AnnotationTest.java" package ="org.junit.tests.running.methods" value ="3"/>
         <Value name="Version" source ="Version.java" package ="junit.runner" value ="2"/>
         <Value name="MaxCore" source ="MaxCore.java" package ="org.junit.experimental.max" value ="2"/>
         <Value name="MaxHistory" source ="MaxHistory.java" package ="org.junit.experimental.max" value ="2"/>
         <Value name="TypeSafeMatcher" source ="TypeSafeMatcher.java" package ="org.junit.internal.matchers" value ="2"/>
         <Value name="JUnit38ClassRunner" source ="JUnit38ClassRunner.java" package ="org.junit.internal.runners" value ="2"/>
         <Value name="Suite" source ="Suite.java" package ="org.junit.runners" value ="2"/>
         <Value name="AllTests" source ="AllTests.java" package ="junit.samples" value ="2"/>
         <Value name="ListTest" source ="ListTest.java" package ="junit.samples" value ="2"/>
         <Value name="SimpleTest" source ="SimpleTest.java" package ="junit.samples" value ="2"/>
         <Value name="AllTests" source ="AllTests.java" package ="junit.tests.extensions" value ="2"/>
         <Value name="AllTests" source ="AllTests.java" package ="junit.tests.framework" value ="2"/>
         <Value name="AllTests" source ="AllTests.java" package ="junit.tests" value ="2"/>
         <Value name="BeforeAndAfterEachTime" source ="SuccessfulWithDataPointFields.java" package ="org.junit.tests.experimental.theories.runner" value ="2"/>
         <Value name="OneTestTwoAnnotations" source ="SuccessfulWithDataPointFields.java" package ="org.junit.tests.experimental.theories.runner" value ="2"/>
         <Value name="HasUglyDataPointMethod" source ="WithDataPointMethod.java" package ="org.junit.tests.experimental.theories.runner" value ="2"/>
         <Value name="BeforeClassTest" source ="ForwardCompatibilityTest.java" package ="org.junit.tests.junit3compatibility" value ="2"/>
         <Value name="ParameterizedOneTimeBeforeClass" source ="SingleMethodTest.java" package ="org.junit.tests.manipulation" value ="2"/>
         <Value name="SortableTest" source ="SortableTest.java" package ="org.junit.tests.manipulation" value ="2"/>
         <Value name="EmptyTest" source ="ParameterizedTestTest.java" package ="org.junit.tests.running.classes" value ="2"/>
         <Value name="AllWithBeforeAndAfterClass" source ="SuiteTest.java" package ="org.junit.tests.running.classes" value ="2"/>
         <Value name="OrderTest" source ="AnnotationTest.java" package ="org.junit.tests.running.methods" value ="2"/>
         <Value name="RunAllAfterClassesRegardless" source ="AnnotationTest.java" package ="org.junit.tests.running.methods" value ="2"/>
         <Value name="SubInheritance" source ="AnnotationTest.java" package ="org.junit.tests.running.methods" value ="2"/>
         <Value name="SuperInheritance" source ="AnnotationTest.java" package ="org.junit.tests.running.methods" value ="2"/>
         <Value name="ParameterizedTestMethodTest" source ="ParameterizedTestMethodTest.java" package ="org.junit.tests.running.methods" value ="2"/>
         <Value name="JUnit4TestAdapterCache" source ="JUnit4TestAdapterCache.java" package ="junit.framework" value ="1"/>
         <Value name="Categories" source ="Categories.java" package ="org.junit.experimental.categories" value ="1"/>
         <Value name="PrintableResult" source ="PrintableResult.java" package ="org.junit.experimental.results" value ="1"/>
         <Value name="Assignments" source ="Assignments.java" package ="org.junit.experimental.theories.internal" value ="1"/>
         <Value name="PotentialAssignment" source ="PotentialAssignment.java" package ="org.junit.experimental.theories" value ="1"/>
         <Value name="Each" source ="Each.java" package ="org.junit.internal.matchers" value ="1"/>
         <Value name="StringContains" source ="StringContains.java" package ="org.junit.internal.matchers" value ="1"/>
         <Value name="MultipleFailureException" source ="MultipleFailureException.java" package ="org.junit.internal.runners.model" value ="1"/>
         <Value name="SuiteMethod" source ="SuiteMethod.java" package ="org.junit.internal.runners" value ="1"/>
         <Value name="ExpectedException" source ="ExpectedException.java" package ="org.junit.rules" value ="1"/>
         <Value name="Filter" source ="Filter.java" package ="org.junit.runner.manipulation" value ="1"/>
         <Value name="Computer" source ="Computer.java" package ="org.junit.runner" value ="1"/>
         <Value name="MoneyBag" source ="MoneyBag.java" package ="junit.samples.money" value ="1"/>
         <Value name="MoneyTest" source ="MoneyTest.java" package ="junit.samples.money" value ="1"/>
         <Value name="SuiteTest" source ="SuiteTest.java" package ="junit.tests.framework" value ="1"/>
         <Value name="DoesntExtendTestCase" source ="BaseTestRunnerTest.java" package ="junit.tests.runner" value ="1"/>
         <Value name="TextFeedbackTest" source ="TextFeedbackTest.java" package ="junit.tests.runner" value ="1"/>
         <Value name="MoneyTest" source ="MoneyTest.java" package ="org.junit.samples.money" value ="1"/>
         <Value name="SimpleTest" source ="SimpleTest.java" package ="org.junit.samples" value ="1"/>
         <Value name="ParameterizedTestWithAttemptedMethodCategory" source ="CategoriesAndParameterizedTest.java" package ="org.junit.tests.experimental.categories" value ="1"/>
         <Value name="WellBehavedParameterizedTest" source ="CategoriesAndParameterizedTest.java" package ="org.junit.tests.experimental.categories" value ="1"/>
         <Value name="ExpectedExceptionRuleTest" source ="ExpectedExceptionRuleTest.java" package ="org.junit.tests.experimental.rules" value ="1"/>
         <Value name="GuesserQueue" source ="GuesserQueue.java" package ="org.junit.tests.experimental.theories.extendingwithstubs" value ="1"/>
         <Value name="DataPointMethodReturnsMutableObject" source ="WithDataPointMethod.java" package ="org.junit.tests.experimental.theories.runner" value ="1"/>
         <Value name="HasDataPointMethod" source ="WithDataPointMethod.java" package ="org.junit.tests.experimental.theories.runner" value ="1"/>
         <Value name="DataPointArrayMethod" source ="WithExtendedParameterSources.java" package ="org.junit.tests.experimental.theories.runner" value ="1"/>
         <Value name="ParameterSignatureTest" source ="ParameterSignatureTest.java" package ="org.junit.tests.experimental.theories" value ="1"/>
         <Value name="HasFailingAssumeInBeforeClass" source ="AssumptionTest.java" package ="org.junit.tests.experimental" value ="1"/>
         <Value name="MatcherTest" source ="MatcherTest.java" package ="org.junit.tests.experimental" value ="1"/>
         <Value name="All" source ="AllTestsTest.java" package ="org.junit.tests.junit3compatibility" value ="1"/>
         <Value name="AllJUnit4" source ="AllTestsTest.java" package ="org.junit.tests.junit3compatibility" value ="1"/>
         <Value name="BadSuiteMethod" source ="AllTestsTest.java" package ="org.junit.tests.junit3compatibility" value ="1"/>
         <Value name="PrivateSuiteMethod" source ="ClassRequestTest.java" package ="org.junit.tests.junit3compatibility" value ="1"/>
         <Value name="OldTests" source ="OldTests.java" package ="org.junit.tests.junit3compatibility" value ="1"/>
         <Value name="CompatibilityTest" source ="SuiteMethodTest.java" package ="org.junit.tests.junit3compatibility" value ="1"/>
         <Value name="NewTest" source ="SuiteMethodTest.java" package ="org.junit.tests.junit3compatibility" value ="1"/>
         <Value name="NewTestSuiteFails" source ="SuiteMethodTest.java" package ="org.junit.tests.junit3compatibility" value ="1"/>
         <Value name="NewTestSuiteNotUsed" source ="SuiteMethodTest.java" package ="org.junit.tests.junit3compatibility" value ="1"/>
         <Value name="OldTest" source ="SuiteMethodTest.java" package ="org.junit.tests.junit3compatibility" value ="1"/>
         <Value name="FilteredTest" source ="FilterableTest.java" package ="org.junit.tests.manipulation" value ="1"/>
         <Value name="HasSuiteMethod" source ="SingleMethodTest.java" package ="org.junit.tests.manipulation" value ="1"/>
         <Value name="OneTimeSetup" source ="SingleMethodTest.java" package ="org.junit.tests.manipulation" value ="1"/>
         <Value name="ParameterizedOneTimeSetup" source ="SingleMethodTest.java" package ="org.junit.tests.manipulation" value ="1"/>
         <Value name="FibonacciTest" source ="ParameterizedTestTest.java" package ="org.junit.tests.running.classes" value ="1"/>
         <Value name="IncorrectTest" source ="ParameterizedTestTest.java" package ="org.junit.tests.running.classes" value ="1"/>
         <Value name="PrivateConstructor" source ="ParameterizedTestTest.java" package ="org.junit.tests.running.classes" value ="1"/>
         <Value name="ProtectedParametersTest" source ="ParameterizedTestTest.java" package ="org.junit.tests.running.classes" value ="1"/>
         <Value name="WrongElementType" source ="ParameterizedTestTest.java" package ="org.junit.tests.running.classes" value ="1"/>
         <Value name="Exit" source ="SystemExitTest.java" package ="org.junit.tests.running.core" value ="1"/>
         <Value name="ErrorInAfterClass" source ="AnnotationTest.java" package ="org.junit.tests.running.methods" value ="1"/>
         <Value name="ErrorInBeforeClass" source ="AnnotationTest.java" package ="org.junit.tests.running.methods" value ="1"/>
         <Value name="OneTimeSetup" source ="AnnotationTest.java" package ="org.junit.tests.running.methods" value ="1"/>
         <Value name="OneTimeTeardown" source ="AnnotationTest.java" package ="org.junit.tests.running.methods" value ="1"/>
         <Value name="AllTests" source ="AllTests.java" package ="org.junit.tests" value ="1"/>
         <Value name="ObjectContractTest" source ="ObjectContractTest.java" package ="org.junit.tests" value ="1"/>
         <Value name="ActiveTestSuite" source ="ActiveTestSuite.java" package ="junit.extensions" value ="0"/>
         <Value name="RepeatedTest" source ="RepeatedTest.java" package ="junit.extensions" value ="0"/>
         <Value name="TestDecorator" source ="TestDecorator.java" package ="junit.extensions" value ="0"/>
         <Value name="TestSetup" source ="TestSetup.java" package ="junit.extensions" value ="0"/>
         <Value name="AssertionFailedError" source ="AssertionFailedError.java" package ="junit.framework" value ="0"/>
         <Value name="ComparisonCompactor" source ="ComparisonCompactor.java" package ="junit.framework" value ="0"/>
         <Value name="ComparisonFailure" source ="ComparisonFailure.java" package ="junit.framework" value ="0"/>
         <Value name="JUnit4TestAdapter" source ="JUnit4TestAdapter.java" package ="junit.framework" value ="0"/>
         <Value name="JUnit4TestCaseFacade" source ="JUnit4TestCaseFacade.java" package ="junit.framework" value ="0"/>
         <Value name="TestCase" source ="TestCase.java" package ="junit.framework" value ="0"/>
         <Value name="TestFailure" source ="TestFailure.java" package ="junit.framework" value ="0"/>
         <Value name="TestResult" source ="TestResult.java" package ="junit.framework" value ="0"/>
         <Value name="ResultPrinter" source ="ResultPrinter.java" package ="junit.textui" value ="0"/>
         <Value name="IncludeCategory" source ="Categories.java" package ="org.junit.experimental.categories" value ="0"/>
         <Value name="CouldNotReadCoreException" source ="CouldNotReadCoreException.java" package ="org.junit.experimental.max" value ="0"/>
         <Value name="RememberingListener" source ="MaxHistory.java" package ="org.junit.experimental.max" value ="0"/>
         <Value name="TestComparator" source ="MaxHistory.java" package ="org.junit.experimental.max" value ="0"/>
         <Value name="FailureList" source ="FailureList.java" package ="org.junit.experimental.results" value ="0"/>
         <Value name="Enclosed" source ="Enclosed.java" package ="org.junit.experimental.runners" value ="0"/>
         <Value name="Listed" source ="Listed.java" package ="org.junit.experimental.runners" value ="0"/>
         <Value name="SuiteBuilder" source ="SuiteBuilder.java" package ="org.junit.experimental.runners" value ="0"/>
         <Value name="AllMembersSupplier" source ="AllMembersSupplier.java" package ="org.junit.experimental.theories.internal" value ="0"/>
         <Value name="MethodParameterValue" source ="AllMembersSupplier.java" package ="org.junit.experimental.theories.internal" value ="0"/>
         <Value name="TestedOnSupplier" source ="TestedOnSupplier.java" package ="org.junit.experimental.theories.suppliers" value ="0"/>
         <Value name="ParameterSupplier" source ="ParameterSupplier.java" package ="org.junit.experimental.theories" value ="0"/>
         <Value name="CouldNotGenerateValueException" source ="PotentialAssignment.java" package ="org.junit.experimental.theories" value ="0"/>
         <Value name="Theories" source ="Theories.java" package ="org.junit.experimental.theories" value ="0"/>
         <Value name="TheoryAnchor" source ="Theories.java" package ="org.junit.experimental.theories" value ="0"/>
         <Value name="AllDefaultPossibilitiesBuilder" source ="AllDefaultPossibilitiesBuilder.java" package ="org.junit.internal.builders" value ="0"/>
         <Value name="AnnotatedBuilder" source ="AnnotatedBuilder.java" package ="org.junit.internal.builders" value ="0"/>
         <Value name="IgnoredBuilder" source ="IgnoredBuilder.java" package ="org.junit.internal.builders" value ="0"/>
         <Value name="IgnoredClassRunner" source ="IgnoredClassRunner.java" package ="org.junit.internal.builders" value ="0"/>
         <Value name="JUnit3Builder" source ="JUnit3Builder.java" package ="org.junit.internal.builders" value ="0"/>
         <Value name="JUnit4Builder" source ="JUnit4Builder.java" package ="org.junit.internal.builders" value ="0"/>
         <Value name="NullBuilder" source ="NullBuilder.java" package ="org.junit.internal.builders" value ="0"/>
         <Value name="SuiteMethodBuilder" source ="SuiteMethodBuilder.java" package ="org.junit.internal.builders" value ="0"/>
         <Value name="CombinableMatcher" source ="CombinableMatcher.java" package ="org.junit.internal.matchers" value ="0"/>
         <Value name="SubstringMatcher" source ="SubstringMatcher.java" package ="org.junit.internal.matchers" value ="0"/>
         <Value name="ClassRequest" source ="ClassRequest.java" package ="org.junit.internal.requests" value ="0"/>
         <Value name="FilterRequest" source ="FilterRequest.java" package ="org.junit.internal.requests" value ="0"/>
         <Value name="SortingRequest" source ="SortingRequest.java" package ="org.junit.internal.requests" value ="0"/>
         <Value name="EachTestNotifier" source ="EachTestNotifier.java" package ="org.junit.internal.runners.model" value ="0"/>
         <Value name="ReflectiveCallable" source ="ReflectiveCallable.java" package ="org.junit.internal.runners.model" value ="0"/>
         <Value name="ExpectException" source ="ExpectException.java" package ="org.junit.internal.runners.statements" value ="0"/>
         <Value name="Fail" source ="Fail.java" package ="org.junit.internal.runners.statements" value ="0"/>
         <Value name="FailOnTimeout" source ="FailOnTimeout.java" package ="org.junit.internal.runners.statements" value ="0"/>
         <Value name="InvokeMethod" source ="InvokeMethod.java" package ="org.junit.internal.runners.statements" value ="0"/>
         <Value name="RunAfters" source ="RunAfters.java" package ="org.junit.internal.runners.statements" value ="0"/>
         <Value name="RunBefores" source ="RunBefores.java" package ="org.junit.internal.runners.statements" value ="0"/>
         <Value name="ClassRoadie" source ="ClassRoadie.java" package ="org.junit.internal.runners" value ="0"/>
         <Value name="ErrorReportingRunner" source ="ErrorReportingRunner.java" package ="org.junit.internal.runners" value ="0"/>
         <Value name="FailedBefore" source ="FailedBefore.java" package ="org.junit.internal.runners" value ="0"/>
         <Value name="InitializationError" source ="InitializationError.java" package ="org.junit.internal.runners" value ="0"/>
         <Value name="OldTestClassAdaptingListener" source ="JUnit38ClassRunner.java" package ="org.junit.internal.runners" value ="0"/>
         <Value name="JUnit4ClassRunner" source ="JUnit4ClassRunner.java" package ="org.junit.internal.runners" value ="0"/>
         <Value name="MethodRoadie" source ="MethodRoadie.java" package ="org.junit.internal.runners" value ="0"/>
         <Value name="MethodValidator" source ="MethodValidator.java" package ="org.junit.internal.runners" value ="0"/>
         <Value name="TestClass" source ="TestClass.java" package ="org.junit.internal.runners" value ="0"/>
         <Value name="TestMethod" source ="TestMethod.java" package ="org.junit.internal.runners" value ="0"/>
         <Value name="ArrayComparisonFailure" source ="ArrayComparisonFailure.java" package ="org.junit.internal" value ="0"/>
         <Value name="AssumptionViolatedException" source ="AssumptionViolatedException.java" package ="org.junit.internal" value ="0"/>
         <Value name="ComparisonCriteria" source ="ComparisonCriteria.java" package ="org.junit.internal" value ="0"/>
         <Value name="ExactComparisonCriteria" source ="ExactComparisonCriteria.java" package ="org.junit.internal" value ="0"/>
         <Value name="InexactComparisonCriteria" source ="InexactComparisonCriteria.java" package ="org.junit.internal" value ="0"/>
         <Value name="RealSystem" source ="RealSystem.java" package ="org.junit.internal" value ="0"/>
         <Value name="TextListener" source ="TextListener.java" package ="org.junit.internal" value ="0"/>
         <Value name="ErrorCollector" source ="ErrorCollector.java" package ="org.junit.rules" value ="0"/>
         <Value name="ExpectedExceptionStatement" source ="ExpectedException.java" package ="org.junit.rules" value ="0"/>
         <Value name="ExternalResource" source ="ExternalResource.java" package ="org.junit.rules" value ="0"/>
         <Value name="TemporaryFolder" source ="TemporaryFolder.java" package ="org.junit.rules" value ="0"/>
         <Value name="TestName" source ="TestName.java" package ="org.junit.rules" value ="0"/>
         <Value name="TestWatcher" source ="TestWatcher.java" package ="org.junit.rules" value ="0"/>
         <Value name="TestWatchman" source ="TestWatchman.java" package ="org.junit.rules" value ="0"/>
         <Value name="Timeout" source ="Timeout.java" package ="org.junit.rules" value ="0"/>
         <Value name="Verifier" source ="Verifier.java" package ="org.junit.rules" value ="0"/>
         <Value name="NoTestsRemainException" source ="NoTestsRemainException.java" package ="org.junit.runner.manipulation" value ="0"/>
         <Value name="Sorter" source ="Sorter.java" package ="org.junit.runner.manipulation" value ="0"/>
         <Value name="Failure" source ="Failure.java" package ="org.junit.runner.notification" value ="0"/>
         <Value name="RunListener" source ="RunListener.java" package ="org.junit.runner.notification" value ="0"/>
         <Value name="RunNotifier" source ="RunNotifier.java" package ="org.junit.runner.notification" value ="0"/>
         <Value name="SafeNotifier" source ="RunNotifier.java" package ="org.junit.runner.notification" value ="0"/>
         <Value name="StoppedByUserException" source ="StoppedByUserException.java" package ="org.junit.runner.notification" value ="0"/>
         <Value name="FrameworkField" source ="FrameworkField.java" package ="org.junit.runners.model" value ="0"/>
         <Value name="FrameworkMember" source ="FrameworkMember.java" package ="org.junit.runners.model" value ="0"/>
         <Value name="FrameworkMethod" source ="FrameworkMethod.java" package ="org.junit.runners.model" value ="0"/>
         <Value name="InitializationError" source ="InitializationError.java" package ="org.junit.runners.model" value ="0"/>
         <Value name="RunnerBuilder" source ="RunnerBuilder.java" package ="org.junit.runners.model" value ="0"/>
         <Value name="Statement" source ="Statement.java" package ="org.junit.runners.model" value ="0"/>
         <Value name="TestClass" source ="TestClass.java" package ="org.junit.runners.model" value ="0"/>
         <Value name="AllTests" source ="AllTests.java" package ="org.junit.runners" value ="0"/>
         <Value name="BlockJUnit4ClassRunner" source ="BlockJUnit4ClassRunner.java" package ="org.junit.runners" value ="0"/>
         <Value name="JUnit4" source ="JUnit4.java" package ="org.junit.runners" value ="0"/>
         <Value name="Parameterized" source ="Parameterized.java" package ="org.junit.runners" value ="0"/>
         <Value name="Parameters" source ="Parameterized.java" package ="org.junit.runners" value ="0"/>
         <Value name="ParentRunner" source ="ParentRunner.java" package ="org.junit.runners" value ="0"/>
         <Value name="Result" source ="Result.java" package ="org.junit.runner" value ="0"/>
         <Value name="Listener" source ="Result.java" package ="org.junit.runner" value ="0"/>
         <Value name="Runner" source ="Runner.java" package ="org.junit.runner" value ="0"/>
         <Value name="ComparisonFailure" source ="ComparisonFailure.java" package ="org.junit" value ="0"/>
         <Value name="ComparisonCompactor" source ="ComparisonFailure.java" package ="org.junit" value ="0"/>
         <Value name="Money" source ="Money.java" package ="junit.samples.money" value ="0"/>
         <Value name="ActiveTestTest" source ="ActiveTestTest.java" package ="junit.tests.extensions" value ="0"/>
         <Value name="SuccessTest" source ="ActiveTestTest.java" package ="junit.tests.extensions" value ="0"/>
         <Value name="ExtensionTest" source ="ExtensionTest.java" package ="junit.tests.extensions" value ="0"/>
         <Value name="TornDown" source ="ExtensionTest.java" package ="junit.tests.extensions" value ="0"/>
         <Value name="RepeatedTestTest" source ="RepeatedTestTest.java" package ="junit.tests.extensions" value ="0"/>
         <Value name="SuccessTest" source ="RepeatedTestTest.java" package ="junit.tests.extensions" value ="0"/>
         <Value name="AssertTest" source ="AssertTest.java" package ="junit.tests.framework" value ="0"/>
         <Value name="ComparisonCompactorTest" source ="ComparisonCompactorTest.java" package ="junit.tests.framework" value ="0"/>
         <Value name="ComparisonFailureTest" source ="ComparisonFailureTest.java" package ="junit.tests.framework" value ="0"/>
         <Value name="DoublePrecisionAssertTest" source ="DoublePrecisionAssertTest.java" package ="junit.tests.framework" value ="0"/>
         <Value name="Failure" source ="Failure.java" package ="junit.tests.framework" value ="0"/>
         <Value name="FloatAssertTest" source ="FloatAssertTest.java" package ="junit.tests.framework" value ="0"/>
         <Value name="InheritedTestCase" source ="InheritedTestCase.java" package ="junit.tests.framework" value ="0"/>
         <Value name="NoArgTestCaseTest" source ="NoArgTestCaseTest.java" package ="junit.tests.framework" value ="0"/>
         <Value name="NoTestCaseClass" source ="NoTestCaseClass.java" package ="junit.tests.framework" value ="0"/>
         <Value name="NoTestCases" source ="NoTestCases.java" package ="junit.tests.framework" value ="0"/>
         <Value name="NotPublicTestCase" source ="NotPublicTestCase.java" package ="junit.tests.framework" value ="0"/>
         <Value name="NotVoidTestCase" source ="NotVoidTestCase.java" package ="junit.tests.framework" value ="0"/>
         <Value name="OneTestCase" source ="OneTestCase.java" package ="junit.tests.framework" value ="0"/>
         <Value name="OverrideTestCase" source ="OverrideTestCase.java" package ="junit.tests.framework" value ="0"/>
         <Value name="Success" source ="Success.java" package ="junit.tests.framework" value ="0"/>
         <Value name="TestCaseTest" source ="TestCaseTest.java" package ="junit.tests.framework" value ="0"/>
         <Value name="TornDown" source ="TestCaseTest.java" package ="junit.tests.framework" value ="0"/>
         <Value name="TestImplementorTest" source ="TestImplementorTest.java" package ="junit.tests.framework" value ="0"/>
         <Value name="DoubleTestCase" source ="TestImplementorTest.java" package ="junit.tests.framework" value ="0"/>
         <Value name="TestListenerTest" source ="TestListenerTest.java" package ="junit.tests.framework" value ="0"/>
         <Value name="ThreeTestCases" source ="ThreeTestCases.java" package ="junit.tests.framework" value ="0"/>
         <Value name="BaseTestRunnerTest" source ="BaseTestRunnerTest.java" package ="junit.tests.runner" value ="0"/>
         <Value name="MockRunner" source ="BaseTestRunnerTest.java" package ="junit.tests.runner" value ="0"/>
         <Value name="NonStatic" source ="BaseTestRunnerTest.java" package ="junit.tests.runner" value ="0"/>
         <Value name="StackFilterTest" source ="StackFilterTest.java" package ="junit.tests.runner" value ="0"/>
         <Value name="TestResultPrinter" source ="TextFeedbackTest.java" package ="junit.tests.runner" value ="0"/>
         <Value name="TextRunnerSingleMethodTest" source ="TextRunnerSingleMethodTest.java" package ="junit.tests.runner" value ="0"/>
         <Value name="InvocationTest" source ="TextRunnerSingleMethodTest.java" package ="junit.tests.runner" value ="0"/>
         <Value name="TextRunnerTest" source ="TextRunnerTest.java" package ="junit.tests.runner" value ="0"/>
         <Value name="WasRun" source ="WasRun.java" package ="junit.tests" value ="0"/>
         <Value name="AssertionTest" source ="AssertionTest.java" package ="org.junit.tests.assertion" value ="0"/>
         <Value name="BothTest" source ="BothTest.java" package ="org.junit.tests.assertion" value ="0"/>
         <Value name="EachTest" source ="EachTest.java" package ="org.junit.tests.assertion" value ="0"/>
         <Value name="JUnit4ClassRunnerTest" source ="JUnit4ClassRunnerTest.java" package ="org.junit.tests.deprecated" value ="0"/>
         <Value name="Example" source ="JUnit4ClassRunnerTest.java" package ="org.junit.tests.deprecated" value ="0"/>
         <Value name="UnconstructableExample" source ="JUnit4ClassRunnerTest.java" package ="org.junit.tests.deprecated" value ="0"/>
         <Value name="AnnotatedDescriptionTest" source ="AnnotatedDescriptionTest.java" package ="org.junit.tests.description" value ="0"/>
         <Value name="AnnotatedClass" source ="AnnotatedDescriptionTest.java" package ="org.junit.tests.description" value ="0"/>
         <Value name="IgnoredClass" source ="AnnotatedDescriptionTest.java" package ="org.junit.tests.description" value ="0"/>
         <Value name="MyOwnAnnotation" source ="AnnotatedDescriptionTest.java" package ="org.junit.tests.description" value ="0"/>
         <Value name="SuiteDescriptionTest" source ="SuiteDescriptionTest.java" package ="org.junit.tests.description" value ="0"/>
         <Value name="TestDescriptionTest" source ="TestDescriptionTest.java" package ="org.junit.tests.description" value ="0"/>
         <Value name="CategoriesAndParameterizedTest" source ="CategoriesAndParameterizedTest.java" package ="org.junit.tests.experimental.categories" value ="0"/>
         <Value name="ParameterTokenSuiteMalformed" source ="CategoriesAndParameterizedTest.java" package ="org.junit.tests.experimental.categories" value ="0"/>
         <Value name="ParameterTokenSuiteMalformedAndSwapped" source ="CategoriesAndParameterizedTest.java" package ="org.junit.tests.experimental.categories" value ="0"/>
         <Value name="ParameterTokenSuiteWellFormed" source ="CategoriesAndParameterizedTest.java" package ="org.junit.tests.experimental.categories" value ="0"/>
         <Value name="Token" source ="CategoriesAndParameterizedTest.java" package ="org.junit.tests.experimental.categories" value ="0"/>
         <Value name="VanillaCategorizedJUnitTest" source ="CategoriesAndParameterizedTest.java" package ="org.junit.tests.experimental.categories" value ="0"/>
         <Value name="CategoryTest" source ="CategoryTest.java" package ="org.junit.tests.experimental.categories" value ="0"/>
         <Value name="A" source ="CategoryTest.java" package ="org.junit.tests.experimental.categories" value ="0"/>
         <Value name="B" source ="CategoryTest.java" package ="org.junit.tests.experimental.categories" value ="0"/>
         <Value name="C" source ="CategoryTest.java" package ="org.junit.tests.experimental.categories" value ="0"/>
         <Value name="Category1" source ="CategoryTest.java" package ="org.junit.tests.experimental.categories" value ="0"/>
         <Value name="Category2" source ="CategoryTest.java" package ="org.junit.tests.experimental.categories" value ="0"/>
         <Value name="ChooseSlowFromBoth" source ="CategoryTest.java" package ="org.junit.tests.experimental.categories" value ="0"/>
         <Value name="ClassAsCategory" source ="CategoryTest.java" package ="org.junit.tests.experimental.categories" value ="0"/>
         <Value name="IncludeAndExcludeSuite" source ="CategoryTest.java" package ="org.junit.tests.experimental.categories" value ="0"/>
         <Value name="JustA" source ="CategoryTest.java" package ="org.junit.tests.experimental.categories" value ="0"/>
         <Value name="OneFast" source ="CategoryTest.java" package ="org.junit.tests.experimental.categories" value ="0"/>
         <Value name="OneFastOneSlow" source ="CategoryTest.java" package ="org.junit.tests.experimental.categories" value ="0"/>
         <Value name="OneFastSuite" source ="CategoryTest.java" package ="org.junit.tests.experimental.categories" value ="0"/>
         <Value name="OneMoreTest" source ="CategoryTest.java" package ="org.junit.tests.experimental.categories" value ="0"/>
         <Value name="OneThatIsBothFastAndSlow" source ="CategoryTest.java" package ="org.junit.tests.experimental.categories" value ="0"/>
         <Value name="OneVerySlowTest" source ="CategoryTest.java" package ="org.junit.tests.experimental.categories" value ="0"/>
         <Value name="RunClassAsCategory" source ="CategoryTest.java" package ="org.junit.tests.experimental.categories" value ="0"/>
         <Value name="RunSlowFromVerySlow" source ="CategoryTest.java" package ="org.junit.tests.experimental.categories" value ="0"/>
         <Value name="SlowTestSuite" source ="CategoryTest.java" package ="org.junit.tests.experimental.categories" value ="0"/>
         <Value name="SomeAreSlow" source ="CategoryTest.java" package ="org.junit.tests.experimental.categories" value ="0"/>
         <Value name="SomeAreSlowSuite" source ="CategoryTest.java" package ="org.junit.tests.experimental.categories" value ="0"/>
         <Value name="TestSuiteWithNoCategories" source ="CategoryTest.java" package ="org.junit.tests.experimental.categories" value ="0"/>
         <Value name="DescriptionTest" source ="DescriptionTest.java" package ="org.junit.tests.experimental.max" value ="0"/>
         <Value name="JUnit38SortingTest" source ="JUnit38SortingTest.java" package ="org.junit.tests.experimental.max" value ="0"/>
         <Value name="JUnit38Test" source ="JUnit38SortingTest.java" package ="org.junit.tests.experimental.max" value ="0"/>
         <Value name="JUnit4Test" source ="JUnit38SortingTest.java" package ="org.junit.tests.experimental.max" value ="0"/>
         <Value name="MaxStarterTest" source ="MaxStarterTest.java" package ="org.junit.tests.experimental.max" value ="0"/>
         <Value name="HalfMalformedJUnit38TestMethod" source ="MaxStarterTest.java" package ="org.junit.tests.experimental.max" value ="0"/>
         <Value name="MalformedJUnit38Test" source ="MaxStarterTest.java" package ="org.junit.tests.experimental.max" value ="0"/>
         <Value name="MalformedJUnit38TestMethod" source ="MaxStarterTest.java" package ="org.junit.tests.experimental.max" value ="0"/>
         <Value name="TwoOldTests" source ="MaxStarterTest.java" package ="org.junit.tests.experimental.max" value ="0"/>
         <Value name="TwoTests" source ="MaxStarterTest.java" package ="org.junit.tests.experimental.max" value ="0"/>
         <Value name="TwoUnEqualTests" source ="MaxStarterTest.java" package ="org.junit.tests.experimental.max" value ="0"/>
         <Value name="ParallelClassTest" source ="ParallelClassTest.java" package ="org.junit.tests.experimental.parallel" value ="0"/>
         <Value name="Example1" source ="ParallelClassTest.java" package ="org.junit.tests.experimental.parallel" value ="0"/>
         <Value name="Example2" source ="ParallelClassTest.java" package ="org.junit.tests.experimental.parallel" value ="0"/>
         <Value name="ExampleSuite" source ="ParallelClassTest.java" package ="org.junit.tests.experimental.parallel" value ="0"/>
         <Value name="ParallelMethodTest" source ="ParallelMethodTest.java" package ="org.junit.tests.experimental.parallel" value ="0"/>
         <Value name="Example" source ="ParallelMethodTest.java" package ="org.junit.tests.experimental.parallel" value ="0"/>
         <Value name="PrintableResultTest" source ="PrintableResultTest.java" package ="org.junit.tests.experimental.results" value ="0"/>
         <Value name="ResultMatchersTest" source ="ResultMatchersTest.java" package ="org.junit.tests.experimental.results" value ="0"/>
         <Value name="ClassRulesTest" source ="ClassRulesTest.java" package ="org.junit.tests.experimental.rules" value ="0"/>
         <Value name="Counter" source ="ClassRulesTest.java" package ="org.junit.tests.experimental.rules" value ="0"/>
         <Value name="CustomCounter" source ="ClassRulesTest.java" package ="org.junit.tests.experimental.rules" value ="0"/>
         <Value name="ExampleTestWithClassRule" source ="ClassRulesTest.java" package ="org.junit.tests.experimental.rules" value ="0"/>
         <Value name="ExampleTestWithCustomClassRule" source ="ClassRulesTest.java" package ="org.junit.tests.experimental.rules" value ="0"/>
         <Value name="SubclassOfTestWithClassRule" source ="ClassRulesTest.java" package ="org.junit.tests.experimental.rules" value ="0"/>
         <Value name="ExpectedMessageMatcherFails" source ="ExpectedExceptionRuleTest.java" package ="org.junit.tests.experimental.rules" value ="0"/>
         <Value name="ExpectsMatcher" source ="ExpectedExceptionRuleTest.java" package ="org.junit.tests.experimental.rules" value ="0"/>
         <Value name="ExpectsMessageMatcher" source ="ExpectedExceptionRuleTest.java" package ="org.junit.tests.experimental.rules" value ="0"/>
         <Value name="ExpectsMultipleMatchers" source ="ExpectedExceptionRuleTest.java" package ="org.junit.tests.experimental.rules" value ="0"/>
         <Value name="ExpectsSubstring" source ="ExpectedExceptionRuleTest.java" package ="org.junit.tests.experimental.rules" value ="0"/>
         <Value name="ExpectsSubstringNullMessage" source ="ExpectedExceptionRuleTest.java" package ="org.junit.tests.experimental.rules" value ="0"/>
         <Value name="HasExpectedException" source ="ExpectedExceptionRuleTest.java" package ="org.junit.tests.experimental.rules" value ="0"/>
         <Value name="HasWrongExpectedException" source ="ExpectedExceptionRuleTest.java" package ="org.junit.tests.experimental.rules" value ="0"/>
         <Value name="HasWrongMessage" source ="ExpectedExceptionRuleTest.java" package ="org.junit.tests.experimental.rules" value ="0"/>
         <Value name="WronglyExpectsException" source ="ExpectedExceptionRuleTest.java" package ="org.junit.tests.experimental.rules" value ="0"/>
         <Value name="WronglyExpectsExceptionMessage" source ="ExpectedExceptionRuleTest.java" package ="org.junit.tests.experimental.rules" value ="0"/>
         <Value name="ExternalResourceRuleTest" source ="ExternalResourceRuleTest.java" package ="org.junit.tests.experimental.rules" value ="0"/>
         <Value name="UsesExternalResource" source ="ExternalResourceRuleTest.java" package ="org.junit.tests.experimental.rules" value ="0"/>
         <Value name="MethodRulesTest" source ="MethodRulesTest.java" package ="org.junit.tests.experimental.rules" value ="0"/>
         <Value name="BeforesAndAfters" source ="MethodRulesTest.java" package ="org.junit.tests.experimental.rules" value ="0"/>
         <Value name="CustomTestName" source ="MethodRulesTest.java" package ="org.junit.tests.experimental.rules" value ="0"/>
         <Value name="ExampleTest" source ="MethodRulesTest.java" package ="org.junit.tests.experimental.rules" value ="0"/>
         <Value name="MultipleRuleTest" source ="MethodRulesTest.java" package ="org.junit.tests.experimental.rules" value ="0"/>
         <Value name="NoRulesTest" source ="MethodRulesTest.java" package ="org.junit.tests.experimental.rules" value ="0"/>
         <Value name="OnFailureTest" source ="MethodRulesTest.java" package ="org.junit.tests.experimental.rules" value ="0"/>
         <Value name="PrivateRule" source ="MethodRulesTest.java" package ="org.junit.tests.experimental.rules" value ="0"/>
         <Value name="SonOfExampleTest" source ="MethodRulesTest.java" package ="org.junit.tests.experimental.rules" value ="0"/>
         <Value name="SonOfWrongTypedField" source ="MethodRulesTest.java" package ="org.junit.tests.experimental.rules" value ="0"/>
         <Value name="UsesCustomMethodRule" source ="MethodRulesTest.java" package ="org.junit.tests.experimental.rules" value ="0"/>
         <Value name="WatchmanTest" source ="MethodRulesTest.java" package ="org.junit.tests.experimental.rules" value ="0"/>
         <Value name="WrongTypedField" source ="MethodRulesTest.java" package ="org.junit.tests.experimental.rules" value ="0"/>
         <Value name="NameRulesTest" source ="NameRulesTest.java" package ="org.junit.tests.experimental.rules" value ="0"/>
         <Value name="BeforeAndAfterTest" source ="NameRulesTest.java" package ="org.junit.tests.experimental.rules" value ="0"/>
         <Value name="TestNames" source ="NameRulesTest.java" package ="org.junit.tests.experimental.rules" value ="0"/>
         <Value name="TempFolderRuleTest" source ="TempFolderRuleTest.java" package ="org.junit.tests.experimental.rules" value ="0"/>
         <Value name="CreatesSubFolder" source ="TempFolderRuleTest.java" package ="org.junit.tests.experimental.rules" value ="0"/>
         <Value name="HasTempFolder" source ="TempFolderRuleTest.java" package ="org.junit.tests.experimental.rules" value ="0"/>
         <Value name="TestRuleTest" source ="TestRuleTest.java" package ="org.junit.tests.experimental.rules" value ="0"/>
         <Value name="BeforesAndAfters" source ="TestRuleTest.java" package ="org.junit.tests.experimental.rules" value ="0"/>
         <Value name="BothKindsOfRule" source ="TestRuleTest.java" package ="org.junit.tests.experimental.rules" value ="0"/>
         <Value name="CustomTestName" source ="TestRuleTest.java" package ="org.junit.tests.experimental.rules" value ="0"/>
         <Value name="ExampleTest" source ="TestRuleTest.java" package ="org.junit.tests.experimental.rules" value ="0"/>
         <Value name="MultipleRuleTest" source ="TestRuleTest.java" package ="org.junit.tests.experimental.rules" value ="0"/>
         <Value name="NoRulesTest" source ="TestRuleTest.java" package ="org.junit.tests.experimental.rules" value ="0"/>
         <Value name="OnFailureTest" source ="TestRuleTest.java" package ="org.junit.tests.experimental.rules" value ="0"/>
         <Value name="OneFieldTwoKindsOfRule" source ="TestRuleTest.java" package ="org.junit.tests.experimental.rules" value ="0"/>
         <Value name="PrivateRule" source ="TestRuleTest.java" package ="org.junit.tests.experimental.rules" value ="0"/>
         <Value name="SonOfExampleTest" source ="TestRuleTest.java" package ="org.junit.tests.experimental.rules" value ="0"/>
         <Value name="SonOfWrongTypedField" source ="TestRuleTest.java" package ="org.junit.tests.experimental.rules" value ="0"/>
         <Value name="UsesCustomMethodRule" source ="TestRuleTest.java" package ="org.junit.tests.experimental.rules" value ="0"/>
         <Value name="WatchmanTest" source ="TestRuleTest.java" package ="org.junit.tests.experimental.rules" value ="0"/>
         <Value name="WrongTypedField" source ="TestRuleTest.java" package ="org.junit.tests.experimental.rules" value ="0"/>
         <Value name="TimeoutRuleTest" source ="TimeoutRuleTest.java" package ="org.junit.tests.experimental.rules" value ="0"/>
         <Value name="HasGlobalTimeout" source ="TimeoutRuleTest.java" package ="org.junit.tests.experimental.rules" value ="0"/>
         <Value name="VerifierRuleTest" source ="VerifierRuleTest.java" package ="org.junit.tests.experimental.rules" value ="0"/>
         <Value name="UsesErrorCollector" source ="VerifierRuleTest.java" package ="org.junit.tests.experimental.rules" value ="0"/>
         <Value name="UsesErrorCollectorCheckSucceeds" source ="VerifierRuleTest.java" package ="org.junit.tests.experimental.rules" value ="0"/>
         <Value name="UsesErrorCollectorCheckSucceedsPasses" source ="VerifierRuleTest.java" package ="org.junit.tests.experimental.rules" value ="0"/>
         <Value name="UsesErrorCollectorCheckThat" source ="VerifierRuleTest.java" package ="org.junit.tests.experimental.rules" value ="0"/>
         <Value name="UsesErrorCollectorTwice" source ="VerifierRuleTest.java" package ="org.junit.tests.experimental.rules" value ="0"/>
         <Value name="UsesVerifier" source ="VerifierRuleTest.java" package ="org.junit.tests.experimental.rules" value ="0"/>
         <Value name="Guesser" source ="Guesser.java" package ="org.junit.tests.experimental.theories.extendingwithstubs" value ="0"/>
         <Value name="GuessMap" source ="Guesser.java" package ="org.junit.tests.experimental.theories.extendingwithstubs" value ="0"/>
         <Value name="ReguessableDecorator" source ="GuesserQueue.java" package ="org.junit.tests.experimental.theories.extendingwithstubs" value ="0"/>
         <Value name="MethodCall" source ="MethodCall.java" package ="org.junit.tests.experimental.theories.extendingwithstubs" value ="0"/>
         <Value name="ReguessableValue" source ="ReguessableValue.java" package ="org.junit.tests.experimental.theories.extendingwithstubs" value ="0"/>
         <Value name="StringableObject" source ="StringableObject.java" package ="org.junit.tests.experimental.theories.extendingwithstubs" value ="0"/>
         <Value name="StubbedTheories" source ="StubbedTheories.java" package ="org.junit.tests.experimental.theories.extendingwithstubs" value ="0"/>
         <Value name="StubbedTheoryAnchor" source ="StubbedTheories.java" package ="org.junit.tests.experimental.theories.extendingwithstubs" value ="0"/>
         <Value name="StubbedTheoriesTest" source ="StubbedTheoriesTest.java" package ="org.junit.tests.experimental.theories.extendingwithstubs" value ="0"/>
         <Value name="SuccessfulWithDataPointFields" source ="SuccessfulWithDataPointFields.java" package ="org.junit.tests.experimental.theories.runner" value ="0"/>
         <Value name="BeforeAndAfterOnSameInstance" source ="SuccessfulWithDataPointFields.java" package ="org.junit.tests.experimental.theories.runner" value ="0"/>
         <Value name="DifferentTypesInConstructor" source ="SuccessfulWithDataPointFields.java" package ="org.junit.tests.experimental.theories.runner" value ="0"/>
         <Value name="HasATwoParameterTheory" source ="SuccessfulWithDataPointFields.java" package ="org.junit.tests.experimental.theories.runner" value ="0"/>
         <Value name="NewObjectEachTime" source ="SuccessfulWithDataPointFields.java" package ="org.junit.tests.experimental.theories.runner" value ="0"/>
         <Value name="PositiveInts" source ="SuccessfulWithDataPointFields.java" package ="org.junit.tests.experimental.theories.runner" value ="0"/>
         <Value name="PositiveIntsWithMethodParams" source ="SuccessfulWithDataPointFields.java" package ="org.junit.tests.experimental.theories.runner" value ="0"/>
         <Value name="PositiveIntsWithNegativeField" source ="SuccessfulWithDataPointFields.java" package ="org.junit.tests.experimental.theories.runner" value ="0"/>
         <Value name="StaticPublicNonDataPoints" source ="SuccessfulWithDataPointFields.java" package ="org.junit.tests.experimental.theories.runner" value ="0"/>
         <Value name="TheoriesPerformanceTest" source ="TheoriesPerformanceTest.java" package ="org.junit.tests.experimental.theories.runner" value ="0"/>
         <Value name="UpToTen" source ="TheoriesPerformanceTest.java" package ="org.junit.tests.experimental.theories.runner" value ="0"/>
         <Value name="UnsuccessfulWithDataPointFields" source ="UnsuccessfulWithDataPointFields.java" package ="org.junit.tests.experimental.theories.runner" value ="0"/>
         <Value name="DataPointsMustBeStatic" source ="UnsuccessfulWithDataPointFields.java" package ="org.junit.tests.experimental.theories.runner" value ="0"/>
         <Value name="DoesntUseParams" source ="UnsuccessfulWithDataPointFields.java" package ="org.junit.tests.experimental.theories.runner" value ="0"/>
         <Value name="HasATheory" source ="UnsuccessfulWithDataPointFields.java" package ="org.junit.tests.experimental.theories.runner" value ="0"/>
         <Value name="NullsOK" source ="UnsuccessfulWithDataPointFields.java" package ="org.junit.tests.experimental.theories.runner" value ="0"/>
         <Value name="TheoriesMustBePublic" source ="UnsuccessfulWithDataPointFields.java" package ="org.junit.tests.experimental.theories.runner" value ="0"/>
         <Value name="WhenNoParametersMatch" source ="WhenNoParametersMatch.java" package ="org.junit.tests.experimental.theories.runner" value ="0"/>
         <Value name="AssumptionsFail" source ="WhenNoParametersMatch.java" package ="org.junit.tests.experimental.theories.runner" value ="0"/>
         <Value name="WithDataPointMethod" source ="WithDataPointMethod.java" package ="org.junit.tests.experimental.theories.runner" value ="0"/>
         <Value name="HasDateMethod" source ="WithDataPointMethod.java" package ="org.junit.tests.experimental.theories.runner" value ="0"/>
         <Value name="WithExtendedParameterSources" source ="WithExtendedParameterSources.java" package ="org.junit.tests.experimental.theories.runner" value ="0"/>
         <Value name="DataPointArrayToBeUsedForWholeParameter" source ="WithExtendedParameterSources.java" package ="org.junit.tests.experimental.theories.runner" value ="0"/>
         <Value name="DataPointArrays" source ="WithExtendedParameterSources.java" package ="org.junit.tests.experimental.theories.runner" value ="0"/>
         <Value name="ParameterAnnotations" source ="WithExtendedParameterSources.java" package ="org.junit.tests.experimental.theories.runner" value ="0"/>
         <Value name="ShouldFilterNull" source ="WithExtendedParameterSources.java" package ="org.junit.tests.experimental.theories.runner" value ="0"/>
         <Value name="WithOnlyTestAnnotations" source ="WithOnlyTestAnnotations.java" package ="org.junit.tests.experimental.theories.runner" value ="0"/>
         <Value name="ErrorWhenTestHasParametersDespiteTheories" source ="WithOnlyTestAnnotations.java" package ="org.junit.tests.experimental.theories.runner" value ="0"/>
         <Value name="HonorExpectedException" source ="WithOnlyTestAnnotations.java" package ="org.junit.tests.experimental.theories.runner" value ="0"/>
         <Value name="HonorExpectedExceptionPasses" source ="WithOnlyTestAnnotations.java" package ="org.junit.tests.experimental.theories.runner" value ="0"/>
         <Value name="HonorTimeout" source ="WithOnlyTestAnnotations.java" package ="org.junit.tests.experimental.theories.runner" value ="0"/>
         <Value name="AllMembersSupplierTest" source ="AllMembersSupplierTest.java" package ="org.junit.tests.experimental.theories" value ="0"/>
         <Value name="HasDataPoints" source ="AllMembersSupplierTest.java" package ="org.junit.tests.experimental.theories" value ="0"/>
         <Value name="ParameterizedAssertionErrorTest" source ="ParameterizedAssertionErrorTest.java" package ="org.junit.tests.experimental.theories" value ="0"/>
         <Value name="AssumptionTest" source ="AssumptionTest.java" package ="org.junit.tests.experimental" value ="0"/>
         <Value name="AssumptionFailureInConstructor" source ="AssumptionTest.java" package ="org.junit.tests.experimental" value ="0"/>
         <Value name="HasFailingAssumeInBefore" source ="AssumptionTest.java" package ="org.junit.tests.experimental" value ="0"/>
         <Value name="HasFailingAssumption" source ="AssumptionTest.java" package ="org.junit.tests.experimental" value ="0"/>
         <Value name="HasPassingAssumption" source ="AssumptionTest.java" package ="org.junit.tests.experimental" value ="0"/>
         <Value name="AssumptionViolatedExceptionTest" source ="AssumptionViolatedExceptionTest.java" package ="org.junit.tests.experimental" value ="0"/>
         <Value name="ExperimentalTests" source ="ExperimentalTests.java" package ="org.junit.tests.experimental" value ="0"/>
         <Value name="AllTestsTest" source ="AllTestsTest.java" package ="org.junit.tests.junit3compatibility" value ="0"/>
         <Value name="JUnit4Test" source ="AllTestsTest.java" package ="org.junit.tests.junit3compatibility" value ="0"/>
         <Value name="OneTest" source ="AllTestsTest.java" package ="org.junit.tests.junit3compatibility" value ="0"/>
         <Value name="ClassRequestTest" source ="ClassRequestTest.java" package ="org.junit.tests.junit3compatibility" value ="0"/>
         <Value name="ForwardCompatibilityPrintingTest" source ="ForwardCompatibilityPrintingTest.java" package ="org.junit.tests.junit3compatibility" value ="0"/>
         <Value name="ATest" source ="ForwardCompatibilityPrintingTest.java" package ="org.junit.tests.junit3compatibility" value ="0"/>
         <Value name="TestResultPrinter" source ="ForwardCompatibilityPrintingTest.java" package ="org.junit.tests.junit3compatibility" value ="0"/>
         <Value name="ForwardCompatibilityTest" source ="ForwardCompatibilityTest.java" package ="org.junit.tests.junit3compatibility" value ="0"/>
         <Value name="ErrorTest" source ="ForwardCompatibilityTest.java" package ="org.junit.tests.junit3compatibility" value ="0"/>
         <Value name="ExceptionInBeforeTest" source ="ForwardCompatibilityTest.java" package ="org.junit.tests.junit3compatibility" value ="0"/>
         <Value name="ExpectedTest" source ="ForwardCompatibilityTest.java" package ="org.junit.tests.junit3compatibility" value ="0"/>
         <Value name="InvalidMethodTest" source ="ForwardCompatibilityTest.java" package ="org.junit.tests.junit3compatibility" value ="0"/>
         <Value name="MarkerRunner" source ="ForwardCompatibilityTest.java" package ="org.junit.tests.junit3compatibility" value ="0"/>
         <Value name="NewTest" source ="ForwardCompatibilityTest.java" package ="org.junit.tests.junit3compatibility" value ="0"/>
         <Value name="NoExceptionTest" source ="ForwardCompatibilityTest.java" package ="org.junit.tests.junit3compatibility" value ="0"/>
         <Value name="NoTests" source ="ForwardCompatibilityTest.java" package ="org.junit.tests.junit3compatibility" value ="0"/>
         <Value name="UnExpectedExceptionTest" source ="ForwardCompatibilityTest.java" package ="org.junit.tests.junit3compatibility" value ="0"/>
         <Value name="InitializationErrorForwardCompatibilityTest" source ="InitializationErrorForwardCompatibilityTest.java" package ="org.junit.tests.junit3compatibility" value ="0"/>
         <Value name="CantInitialize" source ="InitializationErrorForwardCompatibilityTest.java" package ="org.junit.tests.junit3compatibility" value ="0"/>
         <Value name="CantInitializeTests" source ="InitializationErrorForwardCompatibilityTest.java" package ="org.junit.tests.junit3compatibility" value ="0"/>
         <Value name="ErrorRememberingListener" source ="InitializationErrorForwardCompatibilityTest.java" package ="org.junit.tests.junit3compatibility" value ="0"/>
         <Value name="InitializesWithError" source ="InitializationErrorForwardCompatibilityTest.java" package ="org.junit.tests.junit3compatibility" value ="0"/>
         <Value name="JUnit38ClassRunnerTest" source ="JUnit38ClassRunnerTest.java" package ="org.junit.tests.junit3compatibility" value ="0"/>
         <Value name="AnnotatedTest" source ="JUnit38ClassRunnerTest.java" package ="org.junit.tests.junit3compatibility" value ="0"/>
         <Value name="ClassWithInvalidMethod" source ="JUnit38ClassRunnerTest.java" package ="org.junit.tests.junit3compatibility" value ="0"/>
         <Value name="MyTest" source ="JUnit38ClassRunnerTest.java" package ="org.junit.tests.junit3compatibility" value ="0"/>
         <Value name="OneTest" source ="JUnit38ClassRunnerTest.java" package ="org.junit.tests.junit3compatibility" value ="0"/>
         <Value name="OldTestClassAdaptingListenerTest" source ="OldTestClassAdaptingListenerTest.java" package ="org.junit.tests.junit3compatibility" value ="0"/>
         <Value name="SuiteMethodTest" source ="SuiteMethodTest.java" package ="org.junit.tests.junit3compatibility" value ="0"/>
         <Value name="ListenerTest" source ="ListenerTest.java" package ="org.junit.tests.listening" value ="0"/>
         <Value name="OneTest" source ="ListenerTest.java" package ="org.junit.tests.listening" value ="0"/>
         <Value name="RunnerTest" source ="RunnerTest.java" package ="org.junit.tests.listening" value ="0"/>
         <Value name="Example" source ="RunnerTest.java" package ="org.junit.tests.listening" value ="0"/>
         <Value name="ExampleTest" source ="RunnerTest.java" package ="org.junit.tests.listening" value ="0"/>
         <Value name="MyListener" source ="RunnerTest.java" package ="org.junit.tests.listening" value ="0"/>
         <Value name="NewExample" source ="RunnerTest.java" package ="org.junit.tests.listening" value ="0"/>
         <Value name="TestListenerTest" source ="TestListenerTest.java" package ="org.junit.tests.listening" value ="0"/>
         <Value name="ErrorListener" source ="TestListenerTest.java" package ="org.junit.tests.listening" value ="0"/>
         <Value name="ExceptionListener" source ="TestListenerTest.java" package ="org.junit.tests.listening" value ="0"/>
         <Value name="OneTest" source ="TestListenerTest.java" package ="org.junit.tests.listening" value ="0"/>
         <Value name="TextListenerTest" source ="TextListenerTest.java" package ="org.junit.tests.listening" value ="0"/>
         <Value name="ErrorTest" source ="TextListenerTest.java" package ="org.junit.tests.listening" value ="0"/>
         <Value name="OneTest" source ="TextListenerTest.java" package ="org.junit.tests.listening" value ="0"/>
         <Value name="Slow" source ="TextListenerTest.java" package ="org.junit.tests.listening" value ="0"/>
         <Value name="UserStopTest" source ="UserStopTest.java" package ="org.junit.tests.listening" value ="0"/>
         <Value name="OneTest" source ="UserStopTest.java" package ="org.junit.tests.listening" value ="0"/>
         <Value name="FilterableTest" source ="FilterableTest.java" package ="org.junit.tests.manipulation" value ="0"/>
         <Value name="FilteredRunner" source ="FilterableTest.java" package ="org.junit.tests.manipulation" value ="0"/>
         <Value name="SingleMethodTest" source ="SingleMethodTest.java" package ="org.junit.tests.manipulation" value ="0"/>
         <Value name="OneTwoSuite" source ="SingleMethodTest.java" package ="org.junit.tests.manipulation" value ="0"/>
         <Value name="TestOne" source ="SingleMethodTest.java" package ="org.junit.tests.manipulation" value ="0"/>
         <Value name="TestTwo" source ="SingleMethodTest.java" package ="org.junit.tests.manipulation" value ="0"/>
         <Value name="TestClassRunnerIsSortable" source ="SortableTest.java" package ="org.junit.tests.manipulation" value ="0"/>
         <Value name="TestClassRunnerIsSortableWithSuiteMethod" source ="SortableTest.java" package ="org.junit.tests.manipulation" value ="0"/>
         <Value name="UnsortableRunnersAreHandledWithoutCrashing" source ="SortableTest.java" package ="org.junit.tests.manipulation" value ="0"/>
         <Value name="EnclosedTest" source ="EnclosedTest.java" package ="org.junit.tests.running.classes" value ="0"/>
         <Value name="Enclosing" source ="EnclosedTest.java" package ="org.junit.tests.running.classes" value ="0"/>
         <Value name="IgnoreClassTest" source ="IgnoreClassTest.java" package ="org.junit.tests.running.classes" value ="0"/>
         <Value name="IgnoreMe" source ="IgnoreClassTest.java" package ="org.junit.tests.running.classes" value ="0"/>
         <Value name="ParameterizedTestTest" source ="ParameterizedTestTest.java" package ="org.junit.tests.running.classes" value ="0"/>
         <Value name="RunWithTest" source ="RunWithTest.java" package ="org.junit.tests.running.classes" value ="0"/>
         <Value name="BadRunner" source ="RunWithTest.java" package ="org.junit.tests.running.classes" value ="0"/>
         <Value name="Empty" source ="RunWithTest.java" package ="org.junit.tests.running.classes" value ="0"/>
         <Value name="ExampleRunner" source ="RunWithTest.java" package ="org.junit.tests.running.classes" value ="0"/>
         <Value name="ExampleTest" source ="RunWithTest.java" package ="org.junit.tests.running.classes" value ="0"/>
         <Value name="SubExampleTest" source ="RunWithTest.java" package ="org.junit.tests.running.classes" value ="0"/>
         <Value name="SuiteTest" source ="SuiteTest.java" package ="org.junit.tests.running.classes" value ="0"/>
         <Value name="All" source ="SuiteTest.java" package ="org.junit.tests.running.classes" value ="0"/>
         <Value name="AllWithOutAnnotation" source ="SuiteTest.java" package ="org.junit.tests.running.classes" value ="0"/>
         <Value name="BiInfiniteLoop" source ="SuiteTest.java" package ="org.junit.tests.running.classes" value ="0"/>
         <Value name="Hercules" source ="SuiteTest.java" package ="org.junit.tests.running.classes" value ="0"/>
         <Value name="Hydra" source ="SuiteTest.java" package ="org.junit.tests.running.classes" value ="0"/>
         <Value name="InfiniteLoop" source ="SuiteTest.java" package ="org.junit.tests.running.classes" value ="0"/>
         <Value name="InheritsAll" source ="SuiteTest.java" package ="org.junit.tests.running.classes" value ="0"/>
         <Value name="NoSuiteClassesAnnotation" source ="SuiteTest.java" package ="org.junit.tests.running.classes" value ="0"/>
         <Value name="TestA" source ="SuiteTest.java" package ="org.junit.tests.running.classes" value ="0"/>
         <Value name="TestB" source ="SuiteTest.java" package ="org.junit.tests.running.classes" value ="0"/>
         <Value name="WithoutDefaultConstructor" source ="SuiteTest.java" package ="org.junit.tests.running.classes" value ="0"/>
         <Value name="TestClassTest" source ="TestClassTest.java" package ="org.junit.tests.running.classes" value ="0"/>
         <Value name="ManyMethods" source ="TestClassTest.java" package ="org.junit.tests.running.classes" value ="0"/>
         <Value name="SubclassWithField" source ="TestClassTest.java" package ="org.junit.tests.running.classes" value ="0"/>
         <Value name="SuperclassWithField" source ="TestClassTest.java" package ="org.junit.tests.running.classes" value ="0"/>
         <Value name="TwoConstructors" source ="TestClassTest.java" package ="org.junit.tests.running.classes" value ="0"/>
         <Value name="UseSuiteAsASuperclassTest" source ="UseSuiteAsASuperclassTest.java" package ="org.junit.tests.running.classes" value ="0"/>
         <Value name="AllWithMySuite" source ="UseSuiteAsASuperclassTest.java" package ="org.junit.tests.running.classes" value ="0"/>
         <Value name="MySuite" source ="UseSuiteAsASuperclassTest.java" package ="org.junit.tests.running.classes" value ="0"/>
         <Value name="TestA" source ="UseSuiteAsASuperclassTest.java" package ="org.junit.tests.running.classes" value ="0"/>
         <Value name="TestB" source ="UseSuiteAsASuperclassTest.java" package ="org.junit.tests.running.classes" value ="0"/>
         <Value name="CommandLineTest" source ="CommandLineTest.java" package ="org.junit.tests.running.core" value ="0"/>
         <Value name="Count" source ="CommandLineTest.java" package ="org.junit.tests.running.core" value ="0"/>
         <Value name="Example" source ="CommandLineTest.java" package ="org.junit.tests.running.core" value ="0"/>
         <Value name="JUnitCoreReturnsCorrectExitCodeTest" source ="JUnitCoreReturnsCorrectExitCodeTest.java" package ="org.junit.tests.running.core" value ="0"/>
         <Value name="Fail" source ="JUnitCoreReturnsCorrectExitCodeTest.java" package ="org.junit.tests.running.core" value ="0"/>
         <Value name="Succeed" source ="JUnitCoreReturnsCorrectExitCodeTest.java" package ="org.junit.tests.running.core" value ="0"/>
         <Value name="SystemExitTest" source ="SystemExitTest.java" package ="org.junit.tests.running.core" value ="0"/>
         <Value name="AnnotationTest" source ="AnnotationTest.java" package ="org.junit.tests.running.methods" value ="0"/>
         <Value name="ExceptionTest" source ="AnnotationTest.java" package ="org.junit.tests.running.methods" value ="0"/>
         <Value name="FailureTest" source ="AnnotationTest.java" package ="org.junit.tests.running.methods" value ="0"/>
         <Value name="NoExceptionTest" source ="AnnotationTest.java" package ="org.junit.tests.running.methods" value ="0"/>
         <Value name="NonStaticOneTimeSetup" source ="AnnotationTest.java" package ="org.junit.tests.running.methods" value ="0"/>
         <Value name="OldSuiteTest" source ="AnnotationTest.java" package ="org.junit.tests.running.methods" value ="0"/>
         <Value name="OldTest" source ="AnnotationTest.java" package ="org.junit.tests.running.methods" value ="0"/>
         <Value name="RunAllAfters" source ="AnnotationTest.java" package ="org.junit.tests.running.methods" value ="0"/>
         <Value name="RunAllAftersRegardless" source ="AnnotationTest.java" package ="org.junit.tests.running.methods" value ="0"/>
         <Value name="SetupFailureTest" source ="AnnotationTest.java" package ="org.junit.tests.running.methods" value ="0"/>
         <Value name="SetupTest" source ="AnnotationTest.java" package ="org.junit.tests.running.methods" value ="0"/>
         <Value name="SimpleTest" source ="AnnotationTest.java" package ="org.junit.tests.running.methods" value ="0"/>
         <Value name="SimpleTestWithFutureProofExplicitRunner" source ="AnnotationTest.java" package ="org.junit.tests.running.methods" value ="0"/>
         <Value name="SubShadowing" source ="AnnotationTest.java" package ="org.junit.tests.running.methods" value ="0"/>
         <Value name="SubTest" source ="AnnotationTest.java" package ="org.junit.tests.running.methods" value ="0"/>
         <Value name="SuperShadowing" source ="AnnotationTest.java" package ="org.junit.tests.running.methods" value ="0"/>
         <Value name="SuperTest" source ="AnnotationTest.java" package ="org.junit.tests.running.methods" value ="0"/>
         <Value name="TeardownAfterFailureTest" source ="AnnotationTest.java" package ="org.junit.tests.running.methods" value ="0"/>
         <Value name="TeardownFailureTest" source ="AnnotationTest.java" package ="org.junit.tests.running.methods" value ="0"/>
         <Value name="TeardownTest" source ="AnnotationTest.java" package ="org.junit.tests.running.methods" value ="0"/>
         <Value name="TestAndTeardownFailureTest" source ="AnnotationTest.java" package ="org.junit.tests.running.methods" value ="0"/>
         <Value name="TwoTests" source ="AnnotationTest.java" package ="org.junit.tests.running.methods" value ="0"/>
         <Value name="ExpectedTest" source ="ExpectedTest.java" package ="org.junit.tests.running.methods" value ="0"/>
         <Value name="ExpectSuperclass" source ="ExpectedTest.java" package ="org.junit.tests.running.methods" value ="0"/>
         <Value name="Expected" source ="ExpectedTest.java" package ="org.junit.tests.running.methods" value ="0"/>
         <Value name="NoneThrown" source ="ExpectedTest.java" package ="org.junit.tests.running.methods" value ="0"/>
         <Value name="Unexpected" source ="ExpectedTest.java" package ="org.junit.tests.running.methods" value ="0"/>
         <Value name="InheritedTestTest" source ="InheritedTestTest.java" package ="org.junit.tests.running.methods" value ="0"/>
         <Value name="Sub" source ="InheritedTestTest.java" package ="org.junit.tests.running.methods" value ="0"/>
         <Value name="SubWithBefore" source ="InheritedTestTest.java" package ="org.junit.tests.running.methods" value ="0"/>
         <Value name="Super" source ="InheritedTestTest.java" package ="org.junit.tests.running.methods" value ="0"/>
         <Value name="SubShadows" source ="ParameterizedTestMethodTest.java" package ="org.junit.tests.running.methods" value ="0"/>
         <Value name="SubWrong" source ="ParameterizedTestMethodTest.java" package ="org.junit.tests.running.methods" value ="0"/>
         <Value name="SuperWrong" source ="ParameterizedTestMethodTest.java" package ="org.junit.tests.running.methods" value ="0"/>
         <Value name="TestMethodTest" source ="TestMethodTest.java" package ="org.junit.tests.running.methods" value ="0"/>
         <Value name="Confused" source ="TestMethodTest.java" package ="org.junit.tests.running.methods" value ="0"/>
         <Value name="ConstructorParameter" source ="TestMethodTest.java" package ="org.junit.tests.running.methods" value ="0"/>
         <Value name="IgnoredTest" source ="TestMethodTest.java" package ="org.junit.tests.running.methods" value ="0"/>
         <Value name="OnlyTestIsIgnored" source ="TestMethodTest.java" package ="org.junit.tests.running.methods" value ="0"/>
         <Value name="SubShadows" source ="TestMethodTest.java" package ="org.junit.tests.running.methods" value ="0"/>
         <Value name="SubWrong" source ="TestMethodTest.java" package ="org.junit.tests.running.methods" value ="0"/>
         <Value name="SuperWrong" source ="TestMethodTest.java" package ="org.junit.tests.running.methods" value ="0"/>
         <Value name="TimeoutTest" source ="TimeoutTest.java" package ="org.junit.tests.running.methods" value ="0"/>
         <Value name="FailureWithTimeoutRunTimeExceptionTest" source ="TimeoutTest.java" package ="org.junit.tests.running.methods" value ="0"/>
         <Value name="FailureWithTimeoutTest" source ="TimeoutTest.java" package ="org.junit.tests.running.methods" value ="0"/>
         <Value name="ImpatientLoopTest" source ="TimeoutTest.java" package ="org.junit.tests.running.methods" value ="0"/>
         <Value name="InfiniteLoopTest" source ="TimeoutTest.java" package ="org.junit.tests.running.methods" value ="0"/>
         <Value name="SuccessWithTimeoutTest" source ="TimeoutTest.java" package ="org.junit.tests.running.methods" value ="0"/>
         <Value name="TimeoutFailureTest" source ="TimeoutTest.java" package ="org.junit.tests.running.methods" value ="0"/>
         <Value name="WillTimeOut" source ="TimeoutTest.java" package ="org.junit.tests.running.methods" value ="0"/>
         <Value name="Sub" source ="Sub.java" package ="org.junit.tests.validation.anotherpackage" value ="0"/>
         <Value name="Super" source ="Super.java" package ="org.junit.tests.validation.anotherpackage" value ="0"/>
         <Value name="BadlyFormedClassesTest" source ="BadlyFormedClassesTest.java" package ="org.junit.tests.validation" value ="0"/>
         <Value name="BadBeforeMethodWithLegacyRunner" source ="BadlyFormedClassesTest.java" package ="org.junit.tests.validation" value ="0"/>
         <Value name="FaultyConstructor" source ="BadlyFormedClassesTest.java" package ="org.junit.tests.validation" value ="0"/>
         <Value name="NoTests" source ="BadlyFormedClassesTest.java" package ="org.junit.tests.validation" value ="0"/>
         <Value name="FailedConstructionTest" source ="FailedConstructionTest.java" package ="org.junit.tests.validation" value ="0"/>
         <Value name="CantConstruct" source ="FailedConstructionTest.java" package ="org.junit.tests.validation" value ="0"/>
         <Value name="InaccessibleBaseClassTest" source ="InaccessibleBaseClassTest.java" package ="org.junit.tests.validation" value ="0"/>
         <Value name="ValidationTest" source ="ValidationTest.java" package ="org.junit.tests.validation" value ="0"/>
         <Value name="NonStaticBeforeClass" source ="ValidationTest.java" package ="org.junit.tests.validation" value ="0"/>
         <Value name="WrongBeforeClass" source ="ValidationTest.java" package ="org.junit.tests.validation" value ="0"/>
         <Value name="ParentRunnerTest" source ="ParentRunnerTest.java" package ="org.junit.tests" value ="0"/>
         <Value name="FruitTest" source ="ParentRunnerTest.java" package ="org.junit.tests" value ="0"/>
         <Value name="TestSystem" source ="TestSystem.java" package ="org.junit.tests" value ="0"/>
      </Values>
   </Metric>
   <Metric id = "RMD" description ="Normalized Distance">
      <Values per = "packageFragment" avg = "0.347" stddev = "0.245" max = "0.907">
         <Value name="org.junit.runner.notification" package ="org.junit.runner.notification" value ="0.907"/>
         <Value name="org.junit.matchers" package ="org.junit.matchers" value ="0.889"/>
         <Value name="org.junit.experimental.results" package ="org.junit.experimental.results" value ="0.87"/>
         <Value name="junit.textui" package ="junit.textui" value ="0.867"/>
         <Value name="org.junit.experimental.theories.internal" package ="org.junit.experimental.theories.internal" value ="0.714"/>
         <Value name="junit.tests" package ="junit.tests" value ="0.714"/>
         <Value name="org.junit.experimental" package ="org.junit.experimental" value ="0.667"/>
         <Value name="junit.framework" package ="junit.framework" value ="0.662"/>
         <Value name="org.junit.internal.runners" package ="org.junit.internal.runners" value ="0.565"/>
         <Value name="junit.extensions" package ="junit.extensions" value ="0.556"/>
         <Value name="org.junit.runners.model" package ="org.junit.runners.model" value ="0.555"/>
         <Value name="org.junit.internal" package ="org.junit.internal" value ="0.543"/>
         <Value name="org.junit.runners" package ="org.junit.runners" value ="0.517"/>
         <Value name="org.junit.runner" package ="org.junit.runner" value ="0.505"/>
         <Value name="org.junit.experimental.max" package ="org.junit.experimental.max" value ="0.5"/>
         <Value name="org.junit.internal.runners.model" package ="org.junit.internal.runners.model" value ="0.5"/>
         <Value name="junit.samples.money" package ="junit.samples.money" value ="0.5"/>
         <Value name="org.junit.tests.deprecated" package ="org.junit.tests.deprecated" value ="0.5"/>
         <Value name="org.junit.tests.validation.anotherpackage" package ="org.junit.tests.validation.anotherpackage" value ="0.5"/>
         <Value name="org.junit.tests" package ="org.junit.tests" value ="0.429"/>
         <Value name="org.junit.tests.experimental.theories" package ="org.junit.tests.experimental.theories" value ="0.4"/>
         <Value name="org.junit.internal.builders" package ="org.junit.internal.builders" value ="0.385"/>
         <Value name="org.junit.internal.matchers" package ="org.junit.internal.matchers" value ="0.381"/>
         <Value name="org.junit.experimental.theories" package ="org.junit.experimental.theories" value ="0.36"/>
         <Value name="org.junit.internal.requests" package ="org.junit.internal.requests" value ="0.333"/>
         <Value name="org.junit.internal.runners.statements" package ="org.junit.internal.runners.statements" value ="0.333"/>
         <Value name="org.junit.tests.experimental.parallel" package ="org.junit.tests.experimental.parallel" value ="0.333"/>
         <Value name="org.junit.tests.experimental.results" package ="org.junit.tests.experimental.results" value ="0.333"/>
         <Value name="org.junit.rules" package ="org.junit.rules" value ="0.31"/>
         <Value name="org.junit" package ="org.junit" value ="0.297"/>
         <Value name="org.junit.tests.assertion" package ="org.junit.tests.assertion" value ="0.25"/>
         <Value name="org.junit.tests.experimental.max" package ="org.junit.tests.experimental.max" value ="0.25"/>
         <Value name="org.junit.tests.manipulation" package ="org.junit.tests.manipulation" value ="0.25"/>
         <Value name="org.junit.tests.running.core" package ="org.junit.tests.running.core" value ="0.25"/>
         <Value name="org.junit.tests.experimental.categories" package ="org.junit.tests.experimental.categories" value ="0.242"/>
         <Value name="org.junit.tests.experimental.theories.runner" package ="org.junit.tests.experimental.theories.runner" value ="0.222"/>
         <Value name="org.junit.runner.manipulation" package ="org.junit.runner.manipulation" value ="0.2"/>
         <Value name="junit.tests.extensions" package ="junit.tests.extensions" value ="0.2"/>
         <Value name="org.junit.tests.experimental" package ="org.junit.tests.experimental" value ="0.2"/>
         <Value name="org.junit.tests.validation" package ="org.junit.tests.validation" value ="0.2"/>
         <Value name="junit.runner" package ="junit.runner" value ="0.167"/>
         <Value name="org.junit.tests.listening" package ="org.junit.tests.listening" value ="0.167"/>
         <Value name="junit.tests.runner" package ="junit.tests.runner" value ="0.143"/>
         <Value name="org.junit.tests.running.methods" package ="org.junit.tests.running.methods" value ="0.127"/>
         <Value name="org.junit.tests.running.classes" package ="org.junit.tests.running.classes" value ="0.125"/>
         <Value name="org.junit.tests.experimental.rules" package ="org.junit.tests.experimental.rules" value ="0.1"/>
         <Value name="org.junit.tests.junit3compatibility" package ="org.junit.tests.junit3compatibility" value ="0.1"/>
         <Value name="org.junit.experimental.runners" package ="org.junit.experimental.runners" value ="0.095"/>
         <Value name="org.junit.tests.experimental.theories.extendingwithstubs" package ="org.junit.tests.experimental.theories.extendingwithstubs" value ="0.083"/>
         <Value name="org.junit.experimental.categories" package ="org.junit.experimental.categories" value ="0.067"/>
         <Value name="junit.tests.framework" package ="junit.tests.framework" value ="0.053"/>
         <Value name="org.junit.experimental.theories.suppliers" package ="org.junit.experimental.theories.suppliers" value ="0"/>
         <Value name="junit.samples" package ="junit.samples" value ="0"/>
         <Value name="org.junit.samples" package ="org.junit.samples" value ="0"/>
         <Value name="org.junit.samples.money" package ="org.junit.samples.money" value ="0"/>
         <Value name="org.junit.tests.description" package ="org.junit.tests.description" value ="0"/>
      </Values>
   </Metric>
   <Metric id = "RMA" description ="Abstractness">
      <Values per = "packageFragment" avg = "0.136" stddev = "0.212" max = "0.667">
         <Value name="junit.runner" package ="junit.runner" value ="0.667"/>
         <Value name="org.junit" package ="org.junit" value ="0.615"/>
         <Value name="org.junit.experimental.categories" package ="org.junit.experimental.categories" value ="0.6"/>
         <Value name="org.junit.experimental.theories" package ="org.junit.experimental.theories" value ="0.6"/>
         <Value name="org.junit.runner.manipulation" package ="org.junit.runner.manipulation" value ="0.6"/>
         <Value name="org.junit.experimental.runners" package ="org.junit.experimental.runners" value ="0.571"/>
         <Value name="org.junit.experimental.theories.suppliers" package ="org.junit.experimental.theories.suppliers" value ="0.5"/>
         <Value name="org.junit.runner" package ="org.junit.runner" value ="0.444"/>
         <Value name="org.junit.runners.model" package ="org.junit.runners.model" value ="0.375"/>
         <Value name="org.junit.internal.matchers" package ="org.junit.internal.matchers" value ="0.333"/>
         <Value name="org.junit.internal.runners.model" package ="org.junit.internal.runners.model" value ="0.333"/>
         <Value name="org.junit.runners" package ="org.junit.runners" value ="0.333"/>
         <Value name="junit.framework" package ="junit.framework" value ="0.286"/>
         <Value name="org.junit.internal" package ="org.junit.internal" value ="0.25"/>
         <Value name="org.junit.rules" package ="org.junit.rules" value ="0.25"/>
         <Value name="junit.samples.money" package ="junit.samples.money" value ="0.25"/>
         <Value name="org.junit.tests.description" package ="org.junit.tests.description" value ="0.25"/>
         <Value name="org.junit.tests.experimental.theories.extendingwithstubs" package ="org.junit.tests.experimental.theories.extendingwithstubs" value ="0.25"/>
         <Value name="org.junit.tests.experimental.categories" package ="org.junit.tests.experimental.categories" value ="0.091"/>
         <Value name="org.junit.tests.running.methods" package ="org.junit.tests.running.methods" value ="0.016"/>
         <Value name="junit.extensions" package ="junit.extensions" value ="0"/>
         <Value name="junit.textui" package ="junit.textui" value ="0"/>
         <Value name="org.junit.experimental" package ="org.junit.experimental" value ="0"/>
         <Value name="org.junit.experimental.max" package ="org.junit.experimental.max" value ="0"/>
         <Value name="org.junit.experimental.results" package ="org.junit.experimental.results" value ="0"/>
         <Value name="org.junit.experimental.theories.internal" package ="org.junit.experimental.theories.internal" value ="0"/>
         <Value name="org.junit.internal.builders" package ="org.junit.internal.builders" value ="0"/>
         <Value name="org.junit.internal.requests" package ="org.junit.internal.requests" value ="0"/>
         <Value name="org.junit.internal.runners" package ="org.junit.internal.runners" value ="0"/>
         <Value name="org.junit.internal.runners.statements" package ="org.junit.internal.runners.statements" value ="0"/>
         <Value name="org.junit.matchers" package ="org.junit.matchers" value ="0"/>
         <Value name="org.junit.runner.notification" package ="org.junit.runner.notification" value ="0"/>
         <Value name="junit.samples" package ="junit.samples" value ="0"/>
         <Value name="junit.tests" package ="junit.tests" value ="0"/>
         <Value name="junit.tests.extensions" package ="junit.tests.extensions" value ="0"/>
         <Value name="junit.tests.framework" package ="junit.tests.framework" value ="0"/>
         <Value name="junit.tests.runner" package ="junit.tests.runner" value ="0"/>
         <Value name="org.junit.samples" package ="org.junit.samples" value ="0"/>
         <Value name="org.junit.samples.money" package ="org.junit.samples.money" value ="0"/>
         <Value name="org.junit.tests" package ="org.junit.tests" value ="0"/>
         <Value name="org.junit.tests.assertion" package ="org.junit.tests.assertion" value ="0"/>
         <Value name="org.junit.tests.deprecated" package ="org.junit.tests.deprecated" value ="0"/>
         <Value name="org.junit.tests.experimental" package ="org.junit.tests.experimental" value ="0"/>
         <Value name="org.junit.tests.experimental.max" package ="org.junit.tests.experimental.max" value ="0"/>
         <Value name="org.junit.tests.experimental.parallel" package ="org.junit.tests.experimental.parallel" value ="0"/>
         <Value name="org.junit.tests.experimental.results" package ="org.junit.tests.experimental.results" value ="0"/>
         <Value name="org.junit.tests.experimental.rules" package ="org.junit.tests.experimental.rules" value ="0"/>
         <Value name="org.junit.tests.experimental.theories" package ="org.junit.tests.experimental.theories" value ="0"/>
         <Value name="org.junit.tests.experimental.theories.runner" package ="org.junit.tests.experimental.theories.runner" value ="0"/>
         <Value name="org.junit.tests.junit3compatibility" package ="org.junit.tests.junit3compatibility" value ="0"/>
         <Value name="org.junit.tests.listening" package ="org.junit.tests.listening" value ="0"/>
         <Value name="org.junit.tests.manipulation" package ="org.junit.tests.manipulation" value ="0"/>
         <Value name="org.junit.tests.running.classes" package ="org.junit.tests.running.classes" value ="0"/>
         <Value name="org.junit.tests.running.core" package ="org.junit.tests.running.core" value ="0"/>
         <Value name="org.junit.tests.validation" package ="org.junit.tests.validation" value ="0"/>
         <Value name="org.junit.tests.validation.anotherpackage" package ="org.junit.tests.validation.anotherpackage" value ="0"/>
      </Values>
   </Metric>
   <Metric id = "SIX" description ="Specialization Index">
      <Values per = "type" avg = "0.108" stddev = "0.468" max = "4">
         <Value name="OverrideTestCase" source ="OverrideTestCase.java" package ="junit.tests.framework" value ="4"/>
         <Value name="SuccessTest" source ="ActiveTestTest.java" package ="junit.tests.extensions" value ="3"/>
         <Value name="SuccessTest" source ="RepeatedTestTest.java" package ="junit.tests.extensions" value ="3"/>
         <Value name="Failure" source ="Failure.java" package ="junit.tests.framework" value ="3"/>
         <Value name="TornDown" source ="TestCaseTest.java" package ="junit.tests.framework" value ="3"/>
         <Value name="WasRun" source ="WasRun.java" package ="junit.tests" value ="3"/>
         <Value name="ExceptionListener" source ="TestListenerTest.java" package ="org.junit.tests.listening" value ="3"/>
         <Value name="StubbedTheories" source ="StubbedTheories.java" package ="org.junit.tests.experimental.theories.extendingwithstubs" value ="2.5"/>
         <Value name="RememberingListener" source ="MaxHistory.java" package ="org.junit.experimental.max" value ="2"/>
         <Value name="Listener" source ="Result.java" package ="org.junit.runner" value ="2"/>
         <Value name="TornDown" source ="ExtensionTest.java" package ="junit.tests.extensions" value ="2"/>
         <Value name="Counter" source ="ClassRulesTest.java" package ="org.junit.tests.experimental.rules" value ="2"/>
         <Value name="MyListener" source ="RunnerTest.java" package ="org.junit.tests.listening" value ="2"/>
         <Value name="ErrorListener" source ="TestListenerTest.java" package ="org.junit.tests.listening" value ="2"/>
         <Value name="SubTest" source ="AnnotationTest.java" package ="org.junit.tests.running.methods" value ="2"/>
         <Value name="SubShadows" source ="ParameterizedTestMethodTest.java" package ="org.junit.tests.running.methods" value ="2"/>
         <Value name="SubShadows" source ="TestMethodTest.java" package ="org.junit.tests.running.methods" value ="2"/>
         <Value name="Theories" source ="Theories.java" package ="org.junit.experimental.theories" value ="1.714"/>
         <Value name="Success" source ="Success.java" package ="junit.tests.framework" value ="1.5"/>
         <Value name="StackFilterTest" source ="StackFilterTest.java" package ="junit.tests.runner" value ="1.5"/>
         <Value name="SubShadowing" source ="AnnotationTest.java" package ="org.junit.tests.running.methods" value ="1.333"/>
         <Value name="ArrayComparisonFailure" source ="ArrayComparisonFailure.java" package ="org.junit.internal" value ="1"/>
         <Value name="AssumptionViolatedException" source ="AssumptionViolatedException.java" package ="org.junit.internal" value ="1"/>
         <Value name="TestName" source ="TestName.java" package ="org.junit.rules" value ="1"/>
         <Value name="Parameterized" source ="Parameterized.java" package ="org.junit.runners" value ="1"/>
         <Value name="TestResultPrinter" source ="TextFeedbackTest.java" package ="junit.tests.runner" value ="1"/>
         <Value name="TestResultPrinter" source ="ForwardCompatibilityPrintingTest.java" package ="org.junit.tests.junit3compatibility" value ="1"/>
         <Value name="TestSetup" source ="TestSetup.java" package ="junit.extensions" value ="0.75"/>
         <Value name="SimpleTest" source ="SimpleTest.java" package ="junit.samples" value ="0.75"/>
         <Value name="StubbedTheoryAnchor" source ="StubbedTheories.java" package ="org.junit.tests.experimental.theories.extendingwithstubs" value ="0.75"/>
         <Value name="TextListener" source ="TextListener.java" package ="org.junit.internal" value ="0.667"/>
         <Value name="TextListenerTest" source ="TextListenerTest.java" package ="org.junit.tests.listening" value ="0.6"/>
         <Value name="ErrorCollector" source ="ErrorCollector.java" package ="org.junit.rules" value ="0.5"/>
         <Value name="TemporaryFolder" source ="TemporaryFolder.java" package ="org.junit.rules" value ="0.5"/>
         <Value name="ListTest" source ="ListTest.java" package ="junit.samples" value ="0.5"/>
         <Value name="MarkerRunner" source ="ForwardCompatibilityTest.java" package ="org.junit.tests.junit3compatibility" value ="0.5"/>
         <Value name="ExampleRunner" source ="RunWithTest.java" package ="org.junit.tests.running.classes" value ="0.5"/>
         <Value name="TextFeedbackTest" source ="TextFeedbackTest.java" package ="junit.tests.runner" value ="0.429"/>
         <Value name="TestListenerTest" source ="TestListenerTest.java" package ="junit.tests.framework" value ="0.375"/>
         <Value name="SuiteTest" source ="SuiteTest.java" package ="junit.tests.framework" value ="0.231"/>
         <Value name="MoneyTest" source ="MoneyTest.java" package ="junit.samples.money" value ="0.13"/>
         <Value name="AnnotationTest" source ="AnnotationTest.java" package ="org.junit.tests.running.methods" value ="0.107"/>
         <Value name="ActiveTestSuite" source ="ActiveTestSuite.java" package ="junit.extensions" value ="0"/>
         <Value name="RepeatedTest" source ="RepeatedTest.java" package ="junit.extensions" value ="0"/>
         <Value name="TestDecorator" source ="TestDecorator.java" package ="junit.extensions" value ="0"/>
         <Value name="Assert" source ="Assert.java" package ="junit.framework" value ="0"/>
         <Value name="AssertionFailedError" source ="AssertionFailedError.java" package ="junit.framework" value ="0"/>
         <Value name="ComparisonCompactor" source ="ComparisonCompactor.java" package ="junit.framework" value ="0"/>
         <Value name="ComparisonFailure" source ="ComparisonFailure.java" package ="junit.framework" value ="0"/>
         <Value name="JUnit4TestAdapter" source ="JUnit4TestAdapter.java" package ="junit.framework" value ="0"/>
         <Value name="JUnit4TestAdapterCache" source ="JUnit4TestAdapterCache.java" package ="junit.framework" value ="0"/>
         <Value name="JUnit4TestCaseFacade" source ="JUnit4TestCaseFacade.java" package ="junit.framework" value ="0"/>
         <Value name="TestCase" source ="TestCase.java" package ="junit.framework" value ="0"/>
         <Value name="TestFailure" source ="TestFailure.java" package ="junit.framework" value ="0"/>
         <Value name="TestResult" source ="TestResult.java" package ="junit.framework" value ="0"/>
         <Value name="TestSuite" source ="TestSuite.java" package ="junit.framework" value ="0"/>
         <Value name="BaseTestRunner" source ="BaseTestRunner.java" package ="junit.runner" value ="0"/>
         <Value name="Version" source ="Version.java" package ="junit.runner" value ="0"/>
         <Value name="ResultPrinter" source ="ResultPrinter.java" package ="junit.textui" value ="0"/>
         <Value name="TestRunner" source ="TestRunner.java" package ="junit.textui" value ="0"/>
         <Value name="Categories" source ="Categories.java" package ="org.junit.experimental.categories" value ="0"/>
         <Value name="IncludeCategory" source ="Categories.java" package ="org.junit.experimental.categories" value ="0"/>
         <Value name="CouldNotReadCoreException" source ="CouldNotReadCoreException.java" package ="org.junit.experimental.max" value ="0"/>
         <Value name="MaxCore" source ="MaxCore.java" package ="org.junit.experimental.max" value ="0"/>
         <Value name="MaxHistory" source ="MaxHistory.java" package ="org.junit.experimental.max" value ="0"/>
         <Value name="TestComparator" source ="MaxHistory.java" package ="org.junit.experimental.max" value ="0"/>
         <Value name="FailureList" source ="FailureList.java" package ="org.junit.experimental.results" value ="0"/>
         <Value name="PrintableResult" source ="PrintableResult.java" package ="org.junit.experimental.results" value ="0"/>
         <Value name="ResultMatchers" source ="ResultMatchers.java" package ="org.junit.experimental.results" value ="0"/>
         <Value name="Enclosed" source ="Enclosed.java" package ="org.junit.experimental.runners" value ="0"/>
         <Value name="Listed" source ="Listed.java" package ="org.junit.experimental.runners" value ="0"/>
         <Value name="SuiteBuilder" source ="SuiteBuilder.java" package ="org.junit.experimental.runners" value ="0"/>
         <Value name="AllMembersSupplier" source ="AllMembersSupplier.java" package ="org.junit.experimental.theories.internal" value ="0"/>
         <Value name="MethodParameterValue" source ="AllMembersSupplier.java" package ="org.junit.experimental.theories.internal" value ="0"/>
         <Value name="Assignments" source ="Assignments.java" package ="org.junit.experimental.theories.internal" value ="0"/>
         <Value name="ParameterizedAssertionError" source ="ParameterizedAssertionError.java" package ="org.junit.experimental.theories.internal" value ="0"/>
         <Value name="TestedOnSupplier" source ="TestedOnSupplier.java" package ="org.junit.experimental.theories.suppliers" value ="0"/>
         <Value name="ParameterSignature" source ="ParameterSignature.java" package ="org.junit.experimental.theories" value ="0"/>
         <Value name="ParameterSupplier" source ="ParameterSupplier.java" package ="org.junit.experimental.theories" value ="0"/>
         <Value name="PotentialAssignment" source ="PotentialAssignment.java" package ="org.junit.experimental.theories" value ="0"/>
         <Value name="CouldNotGenerateValueException" source ="PotentialAssignment.java" package ="org.junit.experimental.theories" value ="0"/>
         <Value name="TheoryAnchor" source ="Theories.java" package ="org.junit.experimental.theories" value ="0"/>
         <Value name="ParallelComputer" source ="ParallelComputer.java" package ="org.junit.experimental" value ="0"/>
         <Value name="AllDefaultPossibilitiesBuilder" source ="AllDefaultPossibilitiesBuilder.java" package ="org.junit.internal.builders" value ="0"/>
         <Value name="AnnotatedBuilder" source ="AnnotatedBuilder.java" package ="org.junit.internal.builders" value ="0"/>
         <Value name="IgnoredBuilder" source ="IgnoredBuilder.java" package ="org.junit.internal.builders" value ="0"/>
         <Value name="IgnoredClassRunner" source ="IgnoredClassRunner.java" package ="org.junit.internal.builders" value ="0"/>
         <Value name="JUnit3Builder" source ="JUnit3Builder.java" package ="org.junit.internal.builders" value ="0"/>
         <Value name="JUnit4Builder" source ="JUnit4Builder.java" package ="org.junit.internal.builders" value ="0"/>
         <Value name="NullBuilder" source ="NullBuilder.java" package ="org.junit.internal.builders" value ="0"/>
         <Value name="SuiteMethodBuilder" source ="SuiteMethodBuilder.java" package ="org.junit.internal.builders" value ="0"/>
         <Value name="CombinableMatcher" source ="CombinableMatcher.java" package ="org.junit.internal.matchers" value ="0"/>
         <Value name="Each" source ="Each.java" package ="org.junit.internal.matchers" value ="0"/>
         <Value name="IsCollectionContaining" source ="IsCollectionContaining.java" package ="org.junit.internal.matchers" value ="0"/>
         <Value name="StringContains" source ="StringContains.java" package ="org.junit.internal.matchers" value ="0"/>
         <Value name="SubstringMatcher" source ="SubstringMatcher.java" package ="org.junit.internal.matchers" value ="0"/>
         <Value name="TypeSafeMatcher" source ="TypeSafeMatcher.java" package ="org.junit.internal.matchers" value ="0"/>
         <Value name="ClassRequest" source ="ClassRequest.java" package ="org.junit.internal.requests" value ="0"/>
         <Value name="FilterRequest" source ="FilterRequest.java" package ="org.junit.internal.requests" value ="0"/>
         <Value name="SortingRequest" source ="SortingRequest.java" package ="org.junit.internal.requests" value ="0"/>
         <Value name="EachTestNotifier" source ="EachTestNotifier.java" package ="org.junit.internal.runners.model" value ="0"/>
         <Value name="MultipleFailureException" source ="MultipleFailureException.java" package ="org.junit.internal.runners.model" value ="0"/>
         <Value name="ReflectiveCallable" source ="ReflectiveCallable.java" package ="org.junit.internal.runners.model" value ="0"/>
         <Value name="ExpectException" source ="ExpectException.java" package ="org.junit.internal.runners.statements" value ="0"/>
         <Value name="Fail" source ="Fail.java" package ="org.junit.internal.runners.statements" value ="0"/>
         <Value name="FailOnTimeout" source ="FailOnTimeout.java" package ="org.junit.internal.runners.statements" value ="0"/>
         <Value name="InvokeMethod" source ="InvokeMethod.java" package ="org.junit.internal.runners.statements" value ="0"/>
         <Value name="RunAfters" source ="RunAfters.java" package ="org.junit.internal.runners.statements" value ="0"/>
         <Value name="RunBefores" source ="RunBefores.java" package ="org.junit.internal.runners.statements" value ="0"/>
         <Value name="ClassRoadie" source ="ClassRoadie.java" package ="org.junit.internal.runners" value ="0"/>
         <Value name="ErrorReportingRunner" source ="ErrorReportingRunner.java" package ="org.junit.internal.runners" value ="0"/>
         <Value name="FailedBefore" source ="FailedBefore.java" package ="org.junit.internal.runners" value ="0"/>
         <Value name="InitializationError" source ="InitializationError.java" package ="org.junit.internal.runners" value ="0"/>
         <Value name="JUnit38ClassRunner" source ="JUnit38ClassRunner.java" package ="org.junit.internal.runners" value ="0"/>
         <Value name="OldTestClassAdaptingListener" source ="JUnit38ClassRunner.java" package ="org.junit.internal.runners" value ="0"/>
         <Value name="JUnit4ClassRunner" source ="JUnit4ClassRunner.java" package ="org.junit.internal.runners" value ="0"/>
         <Value name="MethodRoadie" source ="MethodRoadie.java" package ="org.junit.internal.runners" value ="0"/>
         <Value name="MethodValidator" source ="MethodValidator.java" package ="org.junit.internal.runners" value ="0"/>
         <Value name="SuiteMethod" source ="SuiteMethod.java" package ="org.junit.internal.runners" value ="0"/>
         <Value name="TestClass" source ="TestClass.java" package ="org.junit.internal.runners" value ="0"/>
         <Value name="TestMethod" source ="TestMethod.java" package ="org.junit.internal.runners" value ="0"/>
         <Value name="ComparisonCriteria" source ="ComparisonCriteria.java" package ="org.junit.internal" value ="0"/>
         <Value name="ExactComparisonCriteria" source ="ExactComparisonCriteria.java" package ="org.junit.internal" value ="0"/>
         <Value name="InexactComparisonCriteria" source ="InexactComparisonCriteria.java" package ="org.junit.internal" value ="0"/>
         <Value name="RealSystem" source ="RealSystem.java" package ="org.junit.internal" value ="0"/>
         <Value name="JUnitMatchers" source ="JUnitMatchers.java" package ="org.junit.matchers" value ="0"/>
         <Value name="ExpectedException" source ="ExpectedException.java" package ="org.junit.rules" value ="0"/>
         <Value name="ExpectedExceptionStatement" source ="ExpectedException.java" package ="org.junit.rules" value ="0"/>
         <Value name="ExternalResource" source ="ExternalResource.java" package ="org.junit.rules" value ="0"/>
         <Value name="TestWatcher" source ="TestWatcher.java" package ="org.junit.rules" value ="0"/>
         <Value name="TestWatchman" source ="TestWatchman.java" package ="org.junit.rules" value ="0"/>
         <Value name="Timeout" source ="Timeout.java" package ="org.junit.rules" value ="0"/>
         <Value name="Verifier" source ="Verifier.java" package ="org.junit.rules" value ="0"/>
         <Value name="Filter" source ="Filter.java" package ="org.junit.runner.manipulation" value ="0"/>
         <Value name="NoTestsRemainException" source ="NoTestsRemainException.java" package ="org.junit.runner.manipulation" value ="0"/>
         <Value name="Sorter" source ="Sorter.java" package ="org.junit.runner.manipulation" value ="0"/>
         <Value name="Failure" source ="Failure.java" package ="org.junit.runner.notification" value ="0"/>
         <Value name="RunListener" source ="RunListener.java" package ="org.junit.runner.notification" value ="0"/>
         <Value name="RunNotifier" source ="RunNotifier.java" package ="org.junit.runner.notification" value ="0"/>
         <Value name="SafeNotifier" source ="RunNotifier.java" package ="org.junit.runner.notification" value ="0"/>
         <Value name="StoppedByUserException" source ="StoppedByUserException.java" package ="org.junit.runner.notification" value ="0"/>
         <Value name="FrameworkField" source ="FrameworkField.java" package ="org.junit.runners.model" value ="0"/>
         <Value name="FrameworkMember" source ="FrameworkMember.java" package ="org.junit.runners.model" value ="0"/>
         <Value name="FrameworkMethod" source ="FrameworkMethod.java" package ="org.junit.runners.model" value ="0"/>
         <Value name="InitializationError" source ="InitializationError.java" package ="org.junit.runners.model" value ="0"/>
         <Value name="RunnerBuilder" source ="RunnerBuilder.java" package ="org.junit.runners.model" value ="0"/>
         <Value name="Statement" source ="Statement.java" package ="org.junit.runners.model" value ="0"/>
         <Value name="TestClass" source ="TestClass.java" package ="org.junit.runners.model" value ="0"/>
         <Value name="AllTests" source ="AllTests.java" package ="org.junit.runners" value ="0"/>
         <Value name="BlockJUnit4ClassRunner" source ="BlockJUnit4ClassRunner.java" package ="org.junit.runners" value ="0"/>
         <Value name="JUnit4" source ="JUnit4.java" package ="org.junit.runners" value ="0"/>
         <Value name="Parameters" source ="Parameterized.java" package ="org.junit.runners" value ="0"/>
         <Value name="ParentRunner" source ="ParentRunner.java" package ="org.junit.runners" value ="0"/>
         <Value name="Suite" source ="Suite.java" package ="org.junit.runners" value ="0"/>
         <Value name="Computer" source ="Computer.java" package ="org.junit.runner" value ="0"/>
         <Value name="Description" source ="Description.java" package ="org.junit.runner" value ="0"/>
         <Value name="JUnitCore" source ="JUnitCore.java" package ="org.junit.runner" value ="0"/>
         <Value name="Request" source ="Request.java" package ="org.junit.runner" value ="0"/>
         <Value name="Result" source ="Result.java" package ="org.junit.runner" value ="0"/>
         <Value name="Runner" source ="Runner.java" package ="org.junit.runner" value ="0"/>
         <Value name="Assert" source ="Assert.java" package ="org.junit" value ="0"/>
         <Value name="Assume" source ="Assume.java" package ="org.junit" value ="0"/>
         <Value name="ComparisonFailure" source ="ComparisonFailure.java" package ="org.junit" value ="0"/>
         <Value name="ComparisonCompactor" source ="ComparisonFailure.java" package ="org.junit" value ="0"/>
         <Value name="Money" source ="Money.java" package ="junit.samples.money" value ="0"/>
         <Value name="MoneyBag" source ="MoneyBag.java" package ="junit.samples.money" value ="0"/>
         <Value name="AllTests" source ="AllTests.java" package ="junit.samples" value ="0"/>
         <Value name="ActiveTestTest" source ="ActiveTestTest.java" package ="junit.tests.extensions" value ="0"/>
         <Value name="AllTests" source ="AllTests.java" package ="junit.tests.extensions" value ="0"/>
         <Value name="ExtensionTest" source ="ExtensionTest.java" package ="junit.tests.extensions" value ="0"/>
         <Value name="RepeatedTestTest" source ="RepeatedTestTest.java" package ="junit.tests.extensions" value ="0"/>
         <Value name="AllTests" source ="AllTests.java" package ="junit.tests.framework" value ="0"/>
         <Value name="AssertTest" source ="AssertTest.java" package ="junit.tests.framework" value ="0"/>
         <Value name="ComparisonCompactorTest" source ="ComparisonCompactorTest.java" package ="junit.tests.framework" value ="0"/>
         <Value name="ComparisonFailureTest" source ="ComparisonFailureTest.java" package ="junit.tests.framework" value ="0"/>
         <Value name="DoublePrecisionAssertTest" source ="DoublePrecisionAssertTest.java" package ="junit.tests.framework" value ="0"/>
         <Value name="FloatAssertTest" source ="FloatAssertTest.java" package ="junit.tests.framework" value ="0"/>
         <Value name="InheritedTestCase" source ="InheritedTestCase.java" package ="junit.tests.framework" value ="0"/>
         <Value name="NoArgTestCaseTest" source ="NoArgTestCaseTest.java" package ="junit.tests.framework" value ="0"/>
         <Value name="NoTestCaseClass" source ="NoTestCaseClass.java" package ="junit.tests.framework" value ="0"/>
         <Value name="NoTestCases" source ="NoTestCases.java" package ="junit.tests.framework" value ="0"/>
         <Value name="NotPublicTestCase" source ="NotPublicTestCase.java" package ="junit.tests.framework" value ="0"/>
         <Value name="NotVoidTestCase" source ="NotVoidTestCase.java" package ="junit.tests.framework" value ="0"/>
         <Value name="OneTestCase" source ="OneTestCase.java" package ="junit.tests.framework" value ="0"/>
         <Value name="TestCaseTest" source ="TestCaseTest.java" package ="junit.tests.framework" value ="0"/>
         <Value name="TestImplementorTest" source ="TestImplementorTest.java" package ="junit.tests.framework" value ="0"/>
         <Value name="DoubleTestCase" source ="TestImplementorTest.java" package ="junit.tests.framework" value ="0"/>
         <Value name="ThreeTestCases" source ="ThreeTestCases.java" package ="junit.tests.framework" value ="0"/>
         <Value name="AllTests" source ="AllTests.java" package ="junit.tests.runner" value ="0"/>
         <Value name="BaseTestRunnerTest" source ="BaseTestRunnerTest.java" package ="junit.tests.runner" value ="0"/>
         <Value name="DoesntExtendTestCase" source ="BaseTestRunnerTest.java" package ="junit.tests.runner" value ="0"/>
         <Value name="MockRunner" source ="BaseTestRunnerTest.java" package ="junit.tests.runner" value ="0"/>
         <Value name="NonStatic" source ="BaseTestRunnerTest.java" package ="junit.tests.runner" value ="0"/>
         <Value name="TextRunnerSingleMethodTest" source ="TextRunnerSingleMethodTest.java" package ="junit.tests.runner" value ="0"/>
         <Value name="InvocationTest" source ="TextRunnerSingleMethodTest.java" package ="junit.tests.runner" value ="0"/>
         <Value name="TextRunnerTest" source ="TextRunnerTest.java" package ="junit.tests.runner" value ="0"/>
         <Value name="AllTests" source ="AllTests.java" package ="junit.tests" value ="0"/>
         <Value name="MoneyTest" source ="MoneyTest.java" package ="org.junit.samples.money" value ="0"/>
         <Value name="ListTest" source ="ListTest.java" package ="org.junit.samples" value ="0"/>
         <Value name="SimpleTest" source ="SimpleTest.java" package ="org.junit.samples" value ="0"/>
         <Value name="AssertionTest" source ="AssertionTest.java" package ="org.junit.tests.assertion" value ="0"/>
         <Value name="BothTest" source ="BothTest.java" package ="org.junit.tests.assertion" value ="0"/>
         <Value name="EachTest" source ="EachTest.java" package ="org.junit.tests.assertion" value ="0"/>
         <Value name="JUnit4ClassRunnerTest" source ="JUnit4ClassRunnerTest.java" package ="org.junit.tests.deprecated" value ="0"/>
         <Value name="Example" source ="JUnit4ClassRunnerTest.java" package ="org.junit.tests.deprecated" value ="0"/>
         <Value name="UnconstructableExample" source ="JUnit4ClassRunnerTest.java" package ="org.junit.tests.deprecated" value ="0"/>
         <Value name="AnnotatedDescriptionTest" source ="AnnotatedDescriptionTest.java" package ="org.junit.tests.description" value ="0"/>
         <Value name="AnnotatedClass" source ="AnnotatedDescriptionTest.java" package ="org.junit.tests.description" value ="0"/>
         <Value name="IgnoredClass" source ="AnnotatedDescriptionTest.java" package ="org.junit.tests.description" value ="0"/>
         <Value name="MyOwnAnnotation" source ="AnnotatedDescriptionTest.java" package ="org.junit.tests.description" value ="0"/>
         <Value name="SuiteDescriptionTest" source ="SuiteDescriptionTest.java" package ="org.junit.tests.description" value ="0"/>
         <Value name="TestDescriptionTest" source ="TestDescriptionTest.java" package ="org.junit.tests.description" value ="0"/>
         <Value name="CategoriesAndParameterizedTest" source ="CategoriesAndParameterizedTest.java" package ="org.junit.tests.experimental.categories" value ="0"/>
         <Value name="ParameterTokenSuiteMalformed" source ="CategoriesAndParameterizedTest.java" package ="org.junit.tests.experimental.categories" value ="0"/>
         <Value name="ParameterTokenSuiteMalformedAndSwapped" source ="CategoriesAndParameterizedTest.java" package ="org.junit.tests.experimental.categories" value ="0"/>
         <Value name="ParameterTokenSuiteWellFormed" source ="CategoriesAndParameterizedTest.java" package ="org.junit.tests.experimental.categories" value ="0"/>
         <Value name="ParameterizedTestWithAttemptedMethodCategory" source ="CategoriesAndParameterizedTest.java" package ="org.junit.tests.experimental.categories" value ="0"/>
         <Value name="Token" source ="CategoriesAndParameterizedTest.java" package ="org.junit.tests.experimental.categories" value ="0"/>
         <Value name="VanillaCategorizedJUnitTest" source ="CategoriesAndParameterizedTest.java" package ="org.junit.tests.experimental.categories" value ="0"/>
         <Value name="WellBehavedParameterizedTest" source ="CategoriesAndParameterizedTest.java" package ="org.junit.tests.experimental.categories" value ="0"/>
         <Value name="CategoryTest" source ="CategoryTest.java" package ="org.junit.tests.experimental.categories" value ="0"/>
         <Value name="A" source ="CategoryTest.java" package ="org.junit.tests.experimental.categories" value ="0"/>
         <Value name="B" source ="CategoryTest.java" package ="org.junit.tests.experimental.categories" value ="0"/>
         <Value name="C" source ="CategoryTest.java" package ="org.junit.tests.experimental.categories" value ="0"/>
         <Value name="Category1" source ="CategoryTest.java" package ="org.junit.tests.experimental.categories" value ="0"/>
         <Value name="Category2" source ="CategoryTest.java" package ="org.junit.tests.experimental.categories" value ="0"/>
         <Value name="ChooseSlowFromBoth" source ="CategoryTest.java" package ="org.junit.tests.experimental.categories" value ="0"/>
         <Value name="ClassAsCategory" source ="CategoryTest.java" package ="org.junit.tests.experimental.categories" value ="0"/>
         <Value name="IncludeAndExcludeSuite" source ="CategoryTest.java" package ="org.junit.tests.experimental.categories" value ="0"/>
         <Value name="JustA" source ="CategoryTest.java" package ="org.junit.tests.experimental.categories" value ="0"/>
         <Value name="OneFast" source ="CategoryTest.java" package ="org.junit.tests.experimental.categories" value ="0"/>
         <Value name="OneFastOneSlow" source ="CategoryTest.java" package ="org.junit.tests.experimental.categories" value ="0"/>
         <Value name="OneFastSuite" source ="CategoryTest.java" package ="org.junit.tests.experimental.categories" value ="0"/>
         <Value name="OneMoreTest" source ="CategoryTest.java" package ="org.junit.tests.experimental.categories" value ="0"/>
         <Value name="OneThatIsBothFastAndSlow" source ="CategoryTest.java" package ="org.junit.tests.experimental.categories" value ="0"/>
         <Value name="OneVerySlowTest" source ="CategoryTest.java" package ="org.junit.tests.experimental.categories" value ="0"/>
         <Value name="RunClassAsCategory" source ="CategoryTest.java" package ="org.junit.tests.experimental.categories" value ="0"/>
         <Value name="RunSlowFromVerySlow" source ="CategoryTest.java" package ="org.junit.tests.experimental.categories" value ="0"/>
         <Value name="SlowTestSuite" source ="CategoryTest.java" package ="org.junit.tests.experimental.categories" value ="0"/>
         <Value name="SomeAreSlow" source ="CategoryTest.java" package ="org.junit.tests.experimental.categories" value ="0"/>
         <Value name="SomeAreSlowSuite" source ="CategoryTest.java" package ="org.junit.tests.experimental.categories" value ="0"/>
         <Value name="TestSuiteWithNoCategories" source ="CategoryTest.java" package ="org.junit.tests.experimental.categories" value ="0"/>
         <Value name="DescriptionTest" source ="DescriptionTest.java" package ="org.junit.tests.experimental.max" value ="0"/>
         <Value name="JUnit38SortingTest" source ="JUnit38SortingTest.java" package ="org.junit.tests.experimental.max" value ="0"/>
         <Value name="JUnit38Test" source ="JUnit38SortingTest.java" package ="org.junit.tests.experimental.max" value ="0"/>
         <Value name="JUnit4Test" source ="JUnit38SortingTest.java" package ="org.junit.tests.experimental.max" value ="0"/>
         <Value name="MaxStarterTest" source ="MaxStarterTest.java" package ="org.junit.tests.experimental.max" value ="0"/>
         <Value name="HalfMalformedJUnit38TestMethod" source ="MaxStarterTest.java" package ="org.junit.tests.experimental.max" value ="0"/>
         <Value name="MalformedJUnit38Test" source ="MaxStarterTest.java" package ="org.junit.tests.experimental.max" value ="0"/>
         <Value name="MalformedJUnit38TestMethod" source ="MaxStarterTest.java" package ="org.junit.tests.experimental.max" value ="0"/>
         <Value name="TwoOldTests" source ="MaxStarterTest.java" package ="org.junit.tests.experimental.max" value ="0"/>
         <Value name="TwoTests" source ="MaxStarterTest.java" package ="org.junit.tests.experimental.max" value ="0"/>
         <Value name="TwoUnEqualTests" source ="MaxStarterTest.java" package ="org.junit.tests.experimental.max" value ="0"/>
         <Value name="ParallelClassTest" source ="ParallelClassTest.java" package ="org.junit.tests.experimental.parallel" value ="0"/>
         <Value name="Example1" source ="ParallelClassTest.java" package ="org.junit.tests.experimental.parallel" value ="0"/>
         <Value name="Example2" source ="ParallelClassTest.java" package ="org.junit.tests.experimental.parallel" value ="0"/>
         <Value name="ExampleSuite" source ="ParallelClassTest.java" package ="org.junit.tests.experimental.parallel" value ="0"/>
         <Value name="ParallelMethodTest" source ="ParallelMethodTest.java" package ="org.junit.tests.experimental.parallel" value ="0"/>
         <Value name="Example" source ="ParallelMethodTest.java" package ="org.junit.tests.experimental.parallel" value ="0"/>
         <Value name="PrintableResultTest" source ="PrintableResultTest.java" package ="org.junit.tests.experimental.results" value ="0"/>
         <Value name="ResultMatchersTest" source ="ResultMatchersTest.java" package ="org.junit.tests.experimental.results" value ="0"/>
         <Value name="ClassRulesTest" source ="ClassRulesTest.java" package ="org.junit.tests.experimental.rules" value ="0"/>
         <Value name="CustomCounter" source ="ClassRulesTest.java" package ="org.junit.tests.experimental.rules" value ="0"/>
         <Value name="ExampleTestWithClassRule" source ="ClassRulesTest.java" package ="org.junit.tests.experimental.rules" value ="0"/>
         <Value name="ExampleTestWithCustomClassRule" source ="ClassRulesTest.java" package ="org.junit.tests.experimental.rules" value ="0"/>
         <Value name="SubclassOfTestWithClassRule" source ="ClassRulesTest.java" package ="org.junit.tests.experimental.rules" value ="0"/>
         <Value name="ExpectedExceptionRuleTest" source ="ExpectedExceptionRuleTest.java" package ="org.junit.tests.experimental.rules" value ="0"/>
         <Value name="ExpectedMessageMatcherFails" source ="ExpectedExceptionRuleTest.java" package ="org.junit.tests.experimental.rules" value ="0"/>
         <Value name="ExpectsMatcher" source ="ExpectedExceptionRuleTest.java" package ="org.junit.tests.experimental.rules" value ="0"/>
         <Value name="ExpectsMessageMatcher" source ="ExpectedExceptionRuleTest.java" package ="org.junit.tests.experimental.rules" value ="0"/>
         <Value name="ExpectsMultipleMatchers" source ="ExpectedExceptionRuleTest.java" package ="org.junit.tests.experimental.rules" value ="0"/>
         <Value name="ExpectsSubstring" source ="ExpectedExceptionRuleTest.java" package ="org.junit.tests.experimental.rules" value ="0"/>
         <Value name="ExpectsSubstringNullMessage" source ="ExpectedExceptionRuleTest.java" package ="org.junit.tests.experimental.rules" value ="0"/>
         <Value name="HasExpectedException" source ="ExpectedExceptionRuleTest.java" package ="org.junit.tests.experimental.rules" value ="0"/>
         <Value name="HasWrongExpectedException" source ="ExpectedExceptionRuleTest.java" package ="org.junit.tests.experimental.rules" value ="0"/>
         <Value name="HasWrongMessage" source ="ExpectedExceptionRuleTest.java" package ="org.junit.tests.experimental.rules" value ="0"/>
         <Value name="WronglyExpectsException" source ="ExpectedExceptionRuleTest.java" package ="org.junit.tests.experimental.rules" value ="0"/>
         <Value name="WronglyExpectsExceptionMessage" source ="ExpectedExceptionRuleTest.java" package ="org.junit.tests.experimental.rules" value ="0"/>
         <Value name="ExternalResourceRuleTest" source ="ExternalResourceRuleTest.java" package ="org.junit.tests.experimental.rules" value ="0"/>
         <Value name="UsesExternalResource" source ="ExternalResourceRuleTest.java" package ="org.junit.tests.experimental.rules" value ="0"/>
         <Value name="MethodRulesTest" source ="MethodRulesTest.java" package ="org.junit.tests.experimental.rules" value ="0"/>
         <Value name="BeforesAndAfters" source ="MethodRulesTest.java" package ="org.junit.tests.experimental.rules" value ="0"/>
         <Value name="CustomTestName" source ="MethodRulesTest.java" package ="org.junit.tests.experimental.rules" value ="0"/>
         <Value name="ExampleTest" source ="MethodRulesTest.java" package ="org.junit.tests.experimental.rules" value ="0"/>
         <Value name="MultipleRuleTest" source ="MethodRulesTest.java" package ="org.junit.tests.experimental.rules" value ="0"/>
         <Value name="NoRulesTest" source ="MethodRulesTest.java" package ="org.junit.tests.experimental.rules" value ="0"/>
         <Value name="OnFailureTest" source ="MethodRulesTest.java" package ="org.junit.tests.experimental.rules" value ="0"/>
         <Value name="PrivateRule" source ="MethodRulesTest.java" package ="org.junit.tests.experimental.rules" value ="0"/>
         <Value name="SonOfExampleTest" source ="MethodRulesTest.java" package ="org.junit.tests.experimental.rules" value ="0"/>
         <Value name="SonOfWrongTypedField" source ="MethodRulesTest.java" package ="org.junit.tests.experimental.rules" value ="0"/>
         <Value name="UsesCustomMethodRule" source ="MethodRulesTest.java" package ="org.junit.tests.experimental.rules" value ="0"/>
         <Value name="WatchmanTest" source ="MethodRulesTest.java" package ="org.junit.tests.experimental.rules" value ="0"/>
         <Value name="WrongTypedField" source ="MethodRulesTest.java" package ="org.junit.tests.experimental.rules" value ="0"/>
         <Value name="NameRulesTest" source ="NameRulesTest.java" package ="org.junit.tests.experimental.rules" value ="0"/>
         <Value name="BeforeAndAfterTest" source ="NameRulesTest.java" package ="org.junit.tests.experimental.rules" value ="0"/>
         <Value name="TestNames" source ="NameRulesTest.java" package ="org.junit.tests.experimental.rules" value ="0"/>
         <Value name="TempFolderRuleTest" source ="TempFolderRuleTest.java" package ="org.junit.tests.experimental.rules" value ="0"/>
         <Value name="CreatesSubFolder" source ="TempFolderRuleTest.java" package ="org.junit.tests.experimental.rules" value ="0"/>
         <Value name="HasTempFolder" source ="TempFolderRuleTest.java" package ="org.junit.tests.experimental.rules" value ="0"/>
         <Value name="TestRuleTest" source ="TestRuleTest.java" package ="org.junit.tests.experimental.rules" value ="0"/>
         <Value name="BeforesAndAfters" source ="TestRuleTest.java" package ="org.junit.tests.experimental.rules" value ="0"/>
         <Value name="BothKindsOfRule" source ="TestRuleTest.java" package ="org.junit.tests.experimental.rules" value ="0"/>
         <Value name="CustomTestName" source ="TestRuleTest.java" package ="org.junit.tests.experimental.rules" value ="0"/>
         <Value name="ExampleTest" source ="TestRuleTest.java" package ="org.junit.tests.experimental.rules" value ="0"/>
         <Value name="MultipleRuleTest" source ="TestRuleTest.java" package ="org.junit.tests.experimental.rules" value ="0"/>
         <Value name="NoRulesTest" source ="TestRuleTest.java" package ="org.junit.tests.experimental.rules" value ="0"/>
         <Value name="OnFailureTest" source ="TestRuleTest.java" package ="org.junit.tests.experimental.rules" value ="0"/>
         <Value name="OneFieldTwoKindsOfRule" source ="TestRuleTest.java" package ="org.junit.tests.experimental.rules" value ="0"/>
         <Value name="PrivateRule" source ="TestRuleTest.java" package ="org.junit.tests.experimental.rules" value ="0"/>
         <Value name="SonOfExampleTest" source ="TestRuleTest.java" package ="org.junit.tests.experimental.rules" value ="0"/>
         <Value name="SonOfWrongTypedField" source ="TestRuleTest.java" package ="org.junit.tests.experimental.rules" value ="0"/>
         <Value name="UsesCustomMethodRule" source ="TestRuleTest.java" package ="org.junit.tests.experimental.rules" value ="0"/>
         <Value name="WatchmanTest" source ="TestRuleTest.java" package ="org.junit.tests.experimental.rules" value ="0"/>
         <Value name="WrongTypedField" source ="TestRuleTest.java" package ="org.junit.tests.experimental.rules" value ="0"/>
         <Value name="TimeoutRuleTest" source ="TimeoutRuleTest.java" package ="org.junit.tests.experimental.rules" value ="0"/>
         <Value name="HasGlobalTimeout" source ="TimeoutRuleTest.java" package ="org.junit.tests.experimental.rules" value ="0"/>
         <Value name="VerifierRuleTest" source ="VerifierRuleTest.java" package ="org.junit.tests.experimental.rules" value ="0"/>
         <Value name="UsesErrorCollector" source ="VerifierRuleTest.java" package ="org.junit.tests.experimental.rules" value ="0"/>
         <Value name="UsesErrorCollectorCheckSucceeds" source ="VerifierRuleTest.java" package ="org.junit.tests.experimental.rules" value ="0"/>
         <Value name="UsesErrorCollectorCheckSucceedsPasses" source ="VerifierRuleTest.java" package ="org.junit.tests.experimental.rules" value ="0"/>
         <Value name="UsesErrorCollectorCheckThat" source ="VerifierRuleTest.java" package ="org.junit.tests.experimental.rules" value ="0"/>
         <Value name="UsesErrorCollectorTwice" source ="VerifierRuleTest.java" package ="org.junit.tests.experimental.rules" value ="0"/>
         <Value name="UsesVerifier" source ="VerifierRuleTest.java" package ="org.junit.tests.experimental.rules" value ="0"/>
         <Value name="Guesser" source ="Guesser.java" package ="org.junit.tests.experimental.theories.extendingwithstubs" value ="0"/>
         <Value name="GuessMap" source ="Guesser.java" package ="org.junit.tests.experimental.theories.extendingwithstubs" value ="0"/>
         <Value name="GuesserQueue" source ="GuesserQueue.java" package ="org.junit.tests.experimental.theories.extendingwithstubs" value ="0"/>
         <Value name="ReguessableDecorator" source ="GuesserQueue.java" package ="org.junit.tests.experimental.theories.extendingwithstubs" value ="0"/>
         <Value name="MethodCall" source ="MethodCall.java" package ="org.junit.tests.experimental.theories.extendingwithstubs" value ="0"/>
         <Value name="ReguessableValue" source ="ReguessableValue.java" package ="org.junit.tests.experimental.theories.extendingwithstubs" value ="0"/>
         <Value name="StringableObject" source ="StringableObject.java" package ="org.junit.tests.experimental.theories.extendingwithstubs" value ="0"/>
         <Value name="StubbedTheoriesTest" source ="StubbedTheoriesTest.java" package ="org.junit.tests.experimental.theories.extendingwithstubs" value ="0"/>
         <Value name="SuccessfulWithDataPointFields" source ="SuccessfulWithDataPointFields.java" package ="org.junit.tests.experimental.theories.runner" value ="0"/>
         <Value name="BeforeAndAfterEachTime" source ="SuccessfulWithDataPointFields.java" package ="org.junit.tests.experimental.theories.runner" value ="0"/>
         <Value name="BeforeAndAfterOnSameInstance" source ="SuccessfulWithDataPointFields.java" package ="org.junit.tests.experimental.theories.runner" value ="0"/>
         <Value name="DifferentTypesInConstructor" source ="SuccessfulWithDataPointFields.java" package ="org.junit.tests.experimental.theories.runner" value ="0"/>
         <Value name="HasATwoParameterTheory" source ="SuccessfulWithDataPointFields.java" package ="org.junit.tests.experimental.theories.runner" value ="0"/>
         <Value name="NewObjectEachTime" source ="SuccessfulWithDataPointFields.java" package ="org.junit.tests.experimental.theories.runner" value ="0"/>
         <Value name="OneTestTwoAnnotations" source ="SuccessfulWithDataPointFields.java" package ="org.junit.tests.experimental.theories.runner" value ="0"/>
         <Value name="PositiveInts" source ="SuccessfulWithDataPointFields.java" package ="org.junit.tests.experimental.theories.runner" value ="0"/>
         <Value name="PositiveIntsWithMethodParams" source ="SuccessfulWithDataPointFields.java" package ="org.junit.tests.experimental.theories.runner" value ="0"/>
         <Value name="PositiveIntsWithNegativeField" source ="SuccessfulWithDataPointFields.java" package ="org.junit.tests.experimental.theories.runner" value ="0"/>
         <Value name="StaticPublicNonDataPoints" source ="SuccessfulWithDataPointFields.java" package ="org.junit.tests.experimental.theories.runner" value ="0"/>
         <Value name="TheoriesPerformanceTest" source ="TheoriesPerformanceTest.java" package ="org.junit.tests.experimental.theories.runner" value ="0"/>
         <Value name="UpToTen" source ="TheoriesPerformanceTest.java" package ="org.junit.tests.experimental.theories.runner" value ="0"/>
         <Value name="UnsuccessfulWithDataPointFields" source ="UnsuccessfulWithDataPointFields.java" package ="org.junit.tests.experimental.theories.runner" value ="0"/>
         <Value name="DataPointsMustBeStatic" source ="UnsuccessfulWithDataPointFields.java" package ="org.junit.tests.experimental.theories.runner" value ="0"/>
         <Value name="DoesntUseParams" source ="UnsuccessfulWithDataPointFields.java" package ="org.junit.tests.experimental.theories.runner" value ="0"/>
         <Value name="HasATheory" source ="UnsuccessfulWithDataPointFields.java" package ="org.junit.tests.experimental.theories.runner" value ="0"/>
         <Value name="NullsOK" source ="UnsuccessfulWithDataPointFields.java" package ="org.junit.tests.experimental.theories.runner" value ="0"/>
         <Value name="TheoriesMustBePublic" source ="UnsuccessfulWithDataPointFields.java" package ="org.junit.tests.experimental.theories.runner" value ="0"/>
         <Value name="WhenNoParametersMatch" source ="WhenNoParametersMatch.java" package ="org.junit.tests.experimental.theories.runner" value ="0"/>
         <Value name="AssumptionsFail" source ="WhenNoParametersMatch.java" package ="org.junit.tests.experimental.theories.runner" value ="0"/>
         <Value name="WithDataPointMethod" source ="WithDataPointMethod.java" package ="org.junit.tests.experimental.theories.runner" value ="0"/>
         <Value name="DataPointMethodReturnsMutableObject" source ="WithDataPointMethod.java" package ="org.junit.tests.experimental.theories.runner" value ="0"/>
         <Value name="HasDataPointMethod" source ="WithDataPointMethod.java" package ="org.junit.tests.experimental.theories.runner" value ="0"/>
         <Value name="HasDateMethod" source ="WithDataPointMethod.java" package ="org.junit.tests.experimental.theories.runner" value ="0"/>
         <Value name="HasUglyDataPointMethod" source ="WithDataPointMethod.java" package ="org.junit.tests.experimental.theories.runner" value ="0"/>
         <Value name="WithExtendedParameterSources" source ="WithExtendedParameterSources.java" package ="org.junit.tests.experimental.theories.runner" value ="0"/>
         <Value name="DataPointArrayMethod" source ="WithExtendedParameterSources.java" package ="org.junit.tests.experimental.theories.runner" value ="0"/>
         <Value name="DataPointArrayToBeUsedForWholeParameter" source ="WithExtendedParameterSources.java" package ="org.junit.tests.experimental.theories.runner" value ="0"/>
         <Value name="DataPointArrays" source ="WithExtendedParameterSources.java" package ="org.junit.tests.experimental.theories.runner" value ="0"/>
         <Value name="DataPointMalformedArrayMethods" source ="WithExtendedParameterSources.java" package ="org.junit.tests.experimental.theories.runner" value ="0"/>
         <Value name="ParameterAnnotations" source ="WithExtendedParameterSources.java" package ="org.junit.tests.experimental.theories.runner" value ="0"/>
         <Value name="ShouldFilterNull" source ="WithExtendedParameterSources.java" package ="org.junit.tests.experimental.theories.runner" value ="0"/>
         <Value name="WithOnlyTestAnnotations" source ="WithOnlyTestAnnotations.java" package ="org.junit.tests.experimental.theories.runner" value ="0"/>
         <Value name="ErrorWhenTestHasParametersDespiteTheories" source ="WithOnlyTestAnnotations.java" package ="org.junit.tests.experimental.theories.runner" value ="0"/>
         <Value name="HonorExpectedException" source ="WithOnlyTestAnnotations.java" package ="org.junit.tests.experimental.theories.runner" value ="0"/>
         <Value name="HonorExpectedExceptionPasses" source ="WithOnlyTestAnnotations.java" package ="org.junit.tests.experimental.theories.runner" value ="0"/>
         <Value name="HonorTimeout" source ="WithOnlyTestAnnotations.java" package ="org.junit.tests.experimental.theories.runner" value ="0"/>
         <Value name="AllMembersSupplierTest" source ="AllMembersSupplierTest.java" package ="org.junit.tests.experimental.theories" value ="0"/>
         <Value name="HasDataPoints" source ="AllMembersSupplierTest.java" package ="org.junit.tests.experimental.theories" value ="0"/>
         <Value name="ParameterSignatureTest" source ="ParameterSignatureTest.java" package ="org.junit.tests.experimental.theories" value ="0"/>
         <Value name="ParameterizedAssertionErrorTest" source ="ParameterizedAssertionErrorTest.java" package ="org.junit.tests.experimental.theories" value ="0"/>
         <Value name="AssumptionTest" source ="AssumptionTest.java" package ="org.junit.tests.experimental" value ="0"/>
         <Value name="AssumptionFailureInConstructor" source ="AssumptionTest.java" package ="org.junit.tests.experimental" value ="0"/>
         <Value name="HasFailingAssumeInBefore" source ="AssumptionTest.java" package ="org.junit.tests.experimental" value ="0"/>
         <Value name="HasFailingAssumeInBeforeClass" source ="AssumptionTest.java" package ="org.junit.tests.experimental" value ="0"/>
         <Value name="HasFailingAssumption" source ="AssumptionTest.java" package ="org.junit.tests.experimental" value ="0"/>
         <Value name="HasPassingAssumption" source ="AssumptionTest.java" package ="org.junit.tests.experimental" value ="0"/>
         <Value name="AssumptionViolatedExceptionTest" source ="AssumptionViolatedExceptionTest.java" package ="org.junit.tests.experimental" value ="0"/>
         <Value name="ExperimentalTests" source ="ExperimentalTests.java" package ="org.junit.tests.experimental" value ="0"/>
         <Value name="MatcherTest" source ="MatcherTest.java" package ="org.junit.tests.experimental" value ="0"/>
         <Value name="AllTestsTest" source ="AllTestsTest.java" package ="org.junit.tests.junit3compatibility" value ="0"/>
         <Value name="All" source ="AllTestsTest.java" package ="org.junit.tests.junit3compatibility" value ="0"/>
         <Value name="AllJUnit4" source ="AllTestsTest.java" package ="org.junit.tests.junit3compatibility" value ="0"/>
         <Value name="BadSuiteMethod" source ="AllTestsTest.java" package ="org.junit.tests.junit3compatibility" value ="0"/>
         <Value name="JUnit4Test" source ="AllTestsTest.java" package ="org.junit.tests.junit3compatibility" value ="0"/>
         <Value name="OneTest" source ="AllTestsTest.java" package ="org.junit.tests.junit3compatibility" value ="0"/>
         <Value name="ClassRequestTest" source ="ClassRequestTest.java" package ="org.junit.tests.junit3compatibility" value ="0"/>
         <Value name="PrivateSuiteMethod" source ="ClassRequestTest.java" package ="org.junit.tests.junit3compatibility" value ="0"/>
         <Value name="ForwardCompatibilityPrintingTest" source ="ForwardCompatibilityPrintingTest.java" package ="org.junit.tests.junit3compatibility" value ="0"/>
         <Value name="ATest" source ="ForwardCompatibilityPrintingTest.java" package ="org.junit.tests.junit3compatibility" value ="0"/>
         <Value name="ForwardCompatibilityTest" source ="ForwardCompatibilityTest.java" package ="org.junit.tests.junit3compatibility" value ="0"/>
         <Value name="BeforeClassTest" source ="ForwardCompatibilityTest.java" package ="org.junit.tests.junit3compatibility" value ="0"/>
         <Value name="ErrorTest" source ="ForwardCompatibilityTest.java" package ="org.junit.tests.junit3compatibility" value ="0"/>
         <Value name="ExceptionInBeforeTest" source ="ForwardCompatibilityTest.java" package ="org.junit.tests.junit3compatibility" value ="0"/>
         <Value name="ExpectedTest" source ="ForwardCompatibilityTest.java" package ="org.junit.tests.junit3compatibility" value ="0"/>
         <Value name="InvalidMethodTest" source ="ForwardCompatibilityTest.java" package ="org.junit.tests.junit3compatibility" value ="0"/>
         <Value name="NewTest" source ="ForwardCompatibilityTest.java" package ="org.junit.tests.junit3compatibility" value ="0"/>
         <Value name="NoExceptionTest" source ="ForwardCompatibilityTest.java" package ="org.junit.tests.junit3compatibility" value ="0"/>
         <Value name="NoTests" source ="ForwardCompatibilityTest.java" package ="org.junit.tests.junit3compatibility" value ="0"/>
         <Value name="UnExpectedExceptionTest" source ="ForwardCompatibilityTest.java" package ="org.junit.tests.junit3compatibility" value ="0"/>
         <Value name="InitializationErrorForwardCompatibilityTest" source ="InitializationErrorForwardCompatibilityTest.java" package ="org.junit.tests.junit3compatibility" value ="0"/>
         <Value name="CantInitialize" source ="InitializationErrorForwardCompatibilityTest.java" package ="org.junit.tests.junit3compatibility" value ="0"/>
         <Value name="CantInitializeTests" source ="InitializationErrorForwardCompatibilityTest.java" package ="org.junit.tests.junit3compatibility" value ="0"/>
         <Value name="ErrorRememberingListener" source ="InitializationErrorForwardCompatibilityTest.java" package ="org.junit.tests.junit3compatibility" value ="0"/>
         <Value name="InitializesWithError" source ="InitializationErrorForwardCompatibilityTest.java" package ="org.junit.tests.junit3compatibility" value ="0"/>
         <Value name="JUnit38ClassRunnerTest" source ="JUnit38ClassRunnerTest.java" package ="org.junit.tests.junit3compatibility" value ="0"/>
         <Value name="AnnotatedTest" source ="JUnit38ClassRunnerTest.java" package ="org.junit.tests.junit3compatibility" value ="0"/>
         <Value name="ClassWithInvalidMethod" source ="JUnit38ClassRunnerTest.java" package ="org.junit.tests.junit3compatibility" value ="0"/>
         <Value name="MyTest" source ="JUnit38ClassRunnerTest.java" package ="org.junit.tests.junit3compatibility" value ="0"/>
         <Value name="OneTest" source ="JUnit38ClassRunnerTest.java" package ="org.junit.tests.junit3compatibility" value ="0"/>
         <Value name="OldTestClassAdaptingListenerTest" source ="OldTestClassAdaptingListenerTest.java" package ="org.junit.tests.junit3compatibility" value ="0"/>
         <Value name="OldTests" source ="OldTests.java" package ="org.junit.tests.junit3compatibility" value ="0"/>
         <Value name="SuiteMethodTest" source ="SuiteMethodTest.java" package ="org.junit.tests.junit3compatibility" value ="0"/>
         <Value name="CompatibilityTest" source ="SuiteMethodTest.java" package ="org.junit.tests.junit3compatibility" value ="0"/>
         <Value name="NewTest" source ="SuiteMethodTest.java" package ="org.junit.tests.junit3compatibility" value ="0"/>
         <Value name="NewTestSuiteFails" source ="SuiteMethodTest.java" package ="org.junit.tests.junit3compatibility" value ="0"/>
         <Value name="NewTestSuiteNotUsed" source ="SuiteMethodTest.java" package ="org.junit.tests.junit3compatibility" value ="0"/>
         <Value name="OldTest" source ="SuiteMethodTest.java" package ="org.junit.tests.junit3compatibility" value ="0"/>
         <Value name="ListenerTest" source ="ListenerTest.java" package ="org.junit.tests.listening" value ="0"/>
         <Value name="OneTest" source ="ListenerTest.java" package ="org.junit.tests.listening" value ="0"/>
         <Value name="RunnerTest" source ="RunnerTest.java" package ="org.junit.tests.listening" value ="0"/>
         <Value name="Example" source ="RunnerTest.java" package ="org.junit.tests.listening" value ="0"/>
         <Value name="ExampleTest" source ="RunnerTest.java" package ="org.junit.tests.listening" value ="0"/>
         <Value name="NewExample" source ="RunnerTest.java" package ="org.junit.tests.listening" value ="0"/>
         <Value name="TestListenerTest" source ="TestListenerTest.java" package ="org.junit.tests.listening" value ="0"/>
         <Value name="OneTest" source ="TestListenerTest.java" package ="org.junit.tests.listening" value ="0"/>
         <Value name="ErrorTest" source ="TextListenerTest.java" package ="org.junit.tests.listening" value ="0"/>
         <Value name="OneTest" source ="TextListenerTest.java" package ="org.junit.tests.listening" value ="0"/>
         <Value name="Slow" source ="TextListenerTest.java" package ="org.junit.tests.listening" value ="0"/>
         <Value name="UserStopTest" source ="UserStopTest.java" package ="org.junit.tests.listening" value ="0"/>
         <Value name="OneTest" source ="UserStopTest.java" package ="org.junit.tests.listening" value ="0"/>
         <Value name="FilterableTest" source ="FilterableTest.java" package ="org.junit.tests.manipulation" value ="0"/>
         <Value name="FilteredRunner" source ="FilterableTest.java" package ="org.junit.tests.manipulation" value ="0"/>
         <Value name="FilteredTest" source ="FilterableTest.java" package ="org.junit.tests.manipulation" value ="0"/>
         <Value name="SingleMethodTest" source ="SingleMethodTest.java" package ="org.junit.tests.manipulation" value ="0"/>
         <Value name="HasSuiteMethod" source ="SingleMethodTest.java" package ="org.junit.tests.manipulation" value ="0"/>
         <Value name="OneTimeSetup" source ="SingleMethodTest.java" package ="org.junit.tests.manipulation" value ="0"/>
         <Value name="OneTwoSuite" source ="SingleMethodTest.java" package ="org.junit.tests.manipulation" value ="0"/>
         <Value name="ParameterizedOneTimeBeforeClass" source ="SingleMethodTest.java" package ="org.junit.tests.manipulation" value ="0"/>
         <Value name="ParameterizedOneTimeSetup" source ="SingleMethodTest.java" package ="org.junit.tests.manipulation" value ="0"/>
         <Value name="TestOne" source ="SingleMethodTest.java" package ="org.junit.tests.manipulation" value ="0"/>
         <Value name="TestTwo" source ="SingleMethodTest.java" package ="org.junit.tests.manipulation" value ="0"/>
         <Value name="SortableTest" source ="SortableTest.java" package ="org.junit.tests.manipulation" value ="0"/>
         <Value name="TestClassRunnerIsSortable" source ="SortableTest.java" package ="org.junit.tests.manipulation" value ="0"/>
         <Value name="TestClassRunnerIsSortableWithSuiteMethod" source ="SortableTest.java" package ="org.junit.tests.manipulation" value ="0"/>
         <Value name="UnsortableRunnersAreHandledWithoutCrashing" source ="SortableTest.java" package ="org.junit.tests.manipulation" value ="0"/>
         <Value name="EnclosedTest" source ="EnclosedTest.java" package ="org.junit.tests.running.classes" value ="0"/>
         <Value name="Enclosing" source ="EnclosedTest.java" package ="org.junit.tests.running.classes" value ="0"/>
         <Value name="IgnoreClassTest" source ="IgnoreClassTest.java" package ="org.junit.tests.running.classes" value ="0"/>
         <Value name="IgnoreMe" source ="IgnoreClassTest.java" package ="org.junit.tests.running.classes" value ="0"/>
         <Value name="ParameterizedTestTest" source ="ParameterizedTestTest.java" package ="org.junit.tests.running.classes" value ="0"/>
         <Value name="BeforeAndAfter" source ="ParameterizedTestTest.java" package ="org.junit.tests.running.classes" value ="0"/>
         <Value name="EmptyTest" source ="ParameterizedTestTest.java" package ="org.junit.tests.running.classes" value ="0"/>
         <Value name="FibonacciTest" source ="ParameterizedTestTest.java" package ="org.junit.tests.running.classes" value ="0"/>
         <Value name="IncorrectTest" source ="ParameterizedTestTest.java" package ="org.junit.tests.running.classes" value ="0"/>
         <Value name="PrivateConstructor" source ="ParameterizedTestTest.java" package ="org.junit.tests.running.classes" value ="0"/>
         <Value name="ProtectedParametersTest" source ="ParameterizedTestTest.java" package ="org.junit.tests.running.classes" value ="0"/>
         <Value name="WrongElementType" source ="ParameterizedTestTest.java" package ="org.junit.tests.running.classes" value ="0"/>
         <Value name="RunWithTest" source ="RunWithTest.java" package ="org.junit.tests.running.classes" value ="0"/>
         <Value name="BadRunner" source ="RunWithTest.java" package ="org.junit.tests.running.classes" value ="0"/>
         <Value name="Empty" source ="RunWithTest.java" package ="org.junit.tests.running.classes" value ="0"/>
         <Value name="ExampleTest" source ="RunWithTest.java" package ="org.junit.tests.running.classes" value ="0"/>
         <Value name="SubExampleTest" source ="RunWithTest.java" package ="org.junit.tests.running.classes" value ="0"/>
         <Value name="SuiteTest" source ="SuiteTest.java" package ="org.junit.tests.running.classes" value ="0"/>
         <Value name="All" source ="SuiteTest.java" package ="org.junit.tests.running.classes" value ="0"/>
         <Value name="AllWithBeforeAndAfterClass" source ="SuiteTest.java" package ="org.junit.tests.running.classes" value ="0"/>
         <Value name="AllWithOutAnnotation" source ="SuiteTest.java" package ="org.junit.tests.running.classes" value ="0"/>
         <Value name="BiInfiniteLoop" source ="SuiteTest.java" package ="org.junit.tests.running.classes" value ="0"/>
         <Value name="Hercules" source ="SuiteTest.java" package ="org.junit.tests.running.classes" value ="0"/>
         <Value name="Hydra" source ="SuiteTest.java" package ="org.junit.tests.running.classes" value ="0"/>
         <Value name="InfiniteLoop" source ="SuiteTest.java" package ="org.junit.tests.running.classes" value ="0"/>
         <Value name="InheritsAll" source ="SuiteTest.java" package ="org.junit.tests.running.classes" value ="0"/>
         <Value name="NoSuiteClassesAnnotation" source ="SuiteTest.java" package ="org.junit.tests.running.classes" value ="0"/>
         <Value name="TestA" source ="SuiteTest.java" package ="org.junit.tests.running.classes" value ="0"/>
         <Value name="TestB" source ="SuiteTest.java" package ="org.junit.tests.running.classes" value ="0"/>
         <Value name="WithoutDefaultConstructor" source ="SuiteTest.java" package ="org.junit.tests.running.classes" value ="0"/>
         <Value name="TestClassTest" source ="TestClassTest.java" package ="org.junit.tests.running.classes" value ="0"/>
         <Value name="ManyMethods" source ="TestClassTest.java" package ="org.junit.tests.running.classes" value ="0"/>
         <Value name="SubclassWithField" source ="TestClassTest.java" package ="org.junit.tests.running.classes" value ="0"/>
         <Value name="SuperclassWithField" source ="TestClassTest.java" package ="org.junit.tests.running.classes" value ="0"/>
         <Value name="TwoConstructors" source ="TestClassTest.java" package ="org.junit.tests.running.classes" value ="0"/>
         <Value name="UseSuiteAsASuperclassTest" source ="UseSuiteAsASuperclassTest.java" package ="org.junit.tests.running.classes" value ="0"/>
         <Value name="AllWithMySuite" source ="UseSuiteAsASuperclassTest.java" package ="org.junit.tests.running.classes" value ="0"/>
         <Value name="MySuite" source ="UseSuiteAsASuperclassTest.java" package ="org.junit.tests.running.classes" value ="0"/>
         <Value name="TestA" source ="UseSuiteAsASuperclassTest.java" package ="org.junit.tests.running.classes" value ="0"/>
         <Value name="TestB" source ="UseSuiteAsASuperclassTest.java" package ="org.junit.tests.running.classes" value ="0"/>
         <Value name="CommandLineTest" source ="CommandLineTest.java" package ="org.junit.tests.running.core" value ="0"/>
         <Value name="Count" source ="CommandLineTest.java" package ="org.junit.tests.running.core" value ="0"/>
         <Value name="Example" source ="CommandLineTest.java" package ="org.junit.tests.running.core" value ="0"/>
         <Value name="JUnitCoreReturnsCorrectExitCodeTest" source ="JUnitCoreReturnsCorrectExitCodeTest.java" package ="org.junit.tests.running.core" value ="0"/>
         <Value name="Fail" source ="JUnitCoreReturnsCorrectExitCodeTest.java" package ="org.junit.tests.running.core" value ="0"/>
         <Value name="Succeed" source ="JUnitCoreReturnsCorrectExitCodeTest.java" package ="org.junit.tests.running.core" value ="0"/>
         <Value name="SystemExitTest" source ="SystemExitTest.java" package ="org.junit.tests.running.core" value ="0"/>
         <Value name="Exit" source ="SystemExitTest.java" package ="org.junit.tests.running.core" value ="0"/>
         <Value name="ErrorInAfterClass" source ="AnnotationTest.java" package ="org.junit.tests.running.methods" value ="0"/>
         <Value name="ErrorInBeforeClass" source ="AnnotationTest.java" package ="org.junit.tests.running.methods" value ="0"/>
         <Value name="ExceptionTest" source ="AnnotationTest.java" package ="org.junit.tests.running.methods" value ="0"/>
         <Value name="FailureTest" source ="AnnotationTest.java" package ="org.junit.tests.running.methods" value ="0"/>
         <Value name="NoExceptionTest" source ="AnnotationTest.java" package ="org.junit.tests.running.methods" value ="0"/>
         <Value name="NonStaticOneTimeSetup" source ="AnnotationTest.java" package ="org.junit.tests.running.methods" value ="0"/>
         <Value name="OldSuiteTest" source ="AnnotationTest.java" package ="org.junit.tests.running.methods" value ="0"/>
         <Value name="OldTest" source ="AnnotationTest.java" package ="org.junit.tests.running.methods" value ="0"/>
         <Value name="OneTimeSetup" source ="AnnotationTest.java" package ="org.junit.tests.running.methods" value ="0"/>
         <Value name="OneTimeTeardown" source ="AnnotationTest.java" package ="org.junit.tests.running.methods" value ="0"/>
         <Value name="OrderTest" source ="AnnotationTest.java" package ="org.junit.tests.running.methods" value ="0"/>
         <Value name="RunAllAfterClasses" source ="AnnotationTest.java" package ="org.junit.tests.running.methods" value ="0"/>
         <Value name="RunAllAfterClassesRegardless" source ="AnnotationTest.java" package ="org.junit.tests.running.methods" value ="0"/>
         <Value name="RunAllAfters" source ="AnnotationTest.java" package ="org.junit.tests.running.methods" value ="0"/>
         <Value name="RunAllAftersRegardless" source ="AnnotationTest.java" package ="org.junit.tests.running.methods" value ="0"/>
         <Value name="SetupFailureTest" source ="AnnotationTest.java" package ="org.junit.tests.running.methods" value ="0"/>
         <Value name="SetupTest" source ="AnnotationTest.java" package ="org.junit.tests.running.methods" value ="0"/>
         <Value name="SimpleTest" source ="AnnotationTest.java" package ="org.junit.tests.running.methods" value ="0"/>
         <Value name="SimpleTestWithFutureProofExplicitRunner" source ="AnnotationTest.java" package ="org.junit.tests.running.methods" value ="0"/>
         <Value name="SubInheritance" source ="AnnotationTest.java" package ="org.junit.tests.running.methods" value ="0"/>
         <Value name="SuperInheritance" source ="AnnotationTest.java" package ="org.junit.tests.running.methods" value ="0"/>
         <Value name="SuperShadowing" source ="AnnotationTest.java" package ="org.junit.tests.running.methods" value ="0"/>
         <Value name="SuperTest" source ="AnnotationTest.java" package ="org.junit.tests.running.methods" value ="0"/>
         <Value name="TeardownAfterFailureTest" source ="AnnotationTest.java" package ="org.junit.tests.running.methods" value ="0"/>
         <Value name="TeardownFailureTest" source ="AnnotationTest.java" package ="org.junit.tests.running.methods" value ="0"/>
         <Value name="TeardownTest" source ="AnnotationTest.java" package ="org.junit.tests.running.methods" value ="0"/>
         <Value name="TestAndTeardownFailureTest" source ="AnnotationTest.java" package ="org.junit.tests.running.methods" value ="0"/>
         <Value name="TwoTests" source ="AnnotationTest.java" package ="org.junit.tests.running.methods" value ="0"/>
         <Value name="ExpectedTest" source ="ExpectedTest.java" package ="org.junit.tests.running.methods" value ="0"/>
         <Value name="ExpectSuperclass" source ="ExpectedTest.java" package ="org.junit.tests.running.methods" value ="0"/>
         <Value name="Expected" source ="ExpectedTest.java" package ="org.junit.tests.running.methods" value ="0"/>
         <Value name="NoneThrown" source ="ExpectedTest.java" package ="org.junit.tests.running.methods" value ="0"/>
         <Value name="Unexpected" source ="ExpectedTest.java" package ="org.junit.tests.running.methods" value ="0"/>
         <Value name="InheritedTestTest" source ="InheritedTestTest.java" package ="org.junit.tests.running.methods" value ="0"/>
         <Value name="Sub" source ="InheritedTestTest.java" package ="org.junit.tests.running.methods" value ="0"/>
         <Value name="SubWithBefore" source ="InheritedTestTest.java" package ="org.junit.tests.running.methods" value ="0"/>
         <Value name="Super" source ="InheritedTestTest.java" package ="org.junit.tests.running.methods" value ="0"/>
         <Value name="ParameterizedTestMethodTest" source ="ParameterizedTestMethodTest.java" package ="org.junit.tests.running.methods" value ="0"/>
         <Value name="EverythingWrong" source ="ParameterizedTestMethodTest.java" package ="org.junit.tests.running.methods" value ="0"/>
         <Value name="SubWrong" source ="ParameterizedTestMethodTest.java" package ="org.junit.tests.running.methods" value ="0"/>
         <Value name="SuperWrong" source ="ParameterizedTestMethodTest.java" package ="org.junit.tests.running.methods" value ="0"/>
         <Value name="TestMethodTest" source ="TestMethodTest.java" package ="org.junit.tests.running.methods" value ="0"/>
         <Value name="Confused" source ="TestMethodTest.java" package ="org.junit.tests.running.methods" value ="0"/>
         <Value name="ConstructorParameter" source ="TestMethodTest.java" package ="org.junit.tests.running.methods" value ="0"/>
         <Value name="EverythingWrong" source ="TestMethodTest.java" package ="org.junit.tests.running.methods" value ="0"/>
         <Value name="IgnoredTest" source ="TestMethodTest.java" package ="org.junit.tests.running.methods" value ="0"/>
         <Value name="OnlyTestIsIgnored" source ="TestMethodTest.java" package ="org.junit.tests.running.methods" value ="0"/>
         <Value name="SubWrong" source ="TestMethodTest.java" package ="org.junit.tests.running.methods" value ="0"/>
         <Value name="SuperWrong" source ="TestMethodTest.java" package ="org.junit.tests.running.methods" value ="0"/>
         <Value name="TimeoutTest" source ="TimeoutTest.java" package ="org.junit.tests.running.methods" value ="0"/>
         <Value name="FailureWithTimeoutRunTimeExceptionTest" source ="TimeoutTest.java" package ="org.junit.tests.running.methods" value ="0"/>
         <Value name="FailureWithTimeoutTest" source ="TimeoutTest.java" package ="org.junit.tests.running.methods" value ="0"/>
         <Value name="ImpatientLoopTest" source ="TimeoutTest.java" package ="org.junit.tests.running.methods" value ="0"/>
         <Value name="InfiniteLoopTest" source ="TimeoutTest.java" package ="org.junit.tests.running.methods" value ="0"/>
         <Value name="SuccessWithTimeoutTest" source ="TimeoutTest.java" package ="org.junit.tests.running.methods" value ="0"/>
         <Value name="TimeoutFailureTest" source ="TimeoutTest.java" package ="org.junit.tests.running.methods" value ="0"/>
         <Value name="WillTimeOut" source ="TimeoutTest.java" package ="org.junit.tests.running.methods" value ="0"/>
         <Value name="Sub" source ="Sub.java" package ="org.junit.tests.validation.anotherpackage" value ="0"/>
         <Value name="Super" source ="Super.java" package ="org.junit.tests.validation.anotherpackage" value ="0"/>
         <Value name="BadlyFormedClassesTest" source ="BadlyFormedClassesTest.java" package ="org.junit.tests.validation" value ="0"/>
         <Value name="BadBeforeMethodWithLegacyRunner" source ="BadlyFormedClassesTest.java" package ="org.junit.tests.validation" value ="0"/>
         <Value name="FaultyConstructor" source ="BadlyFormedClassesTest.java" package ="org.junit.tests.validation" value ="0"/>
         <Value name="NoTests" source ="BadlyFormedClassesTest.java" package ="org.junit.tests.validation" value ="0"/>
         <Value name="FailedConstructionTest" source ="FailedConstructionTest.java" package ="org.junit.tests.validation" value ="0"/>
         <Value name="CantConstruct" source ="FailedConstructionTest.java" package ="org.junit.tests.validation" value ="0"/>
         <Value name="InaccessibleBaseClassTest" source ="InaccessibleBaseClassTest.java" package ="org.junit.tests.validation" value ="0"/>
         <Value name="ValidationTest" source ="ValidationTest.java" package ="org.junit.tests.validation" value ="0"/>
         <Value name="NonStaticBeforeClass" source ="ValidationTest.java" package ="org.junit.tests.validation" value ="0"/>
         <Value name="WrongBeforeClass" source ="ValidationTest.java" package ="org.junit.tests.validation" value ="0"/>
         <Value name="AllTests" source ="AllTests.java" package ="org.junit.tests" value ="0"/>
         <Value name="ObjectContractTest" source ="ObjectContractTest.java" package ="org.junit.tests" value ="0"/>
         <Value name="ParentRunnerTest" source ="ParentRunnerTest.java" package ="org.junit.tests" value ="0"/>
         <Value name="FruitTest" source ="ParentRunnerTest.java" package ="org.junit.tests" value ="0"/>
         <Value name="TestSystem" source ="TestSystem.java" package ="org.junit.tests" value ="0"/>
      </Values>
   </Metric>
   <Metric id = "WMC" description ="Weighted methods per Class">
      <Values per = "type" total = "2616" avg = "4.589" stddev = "8.067" max = "87">
         <Value name="AssertionTest" source ="AssertionTest.java" package ="org.junit.tests.assertion" value ="87"/>
         <Value name="Assert" source ="Assert.java" package ="org.junit" value ="70"/>
         <Value name="BaseTestRunner" source ="BaseTestRunner.java" package ="junit.runner" value ="58"/>
         <Value name="Assert" source ="Assert.java" package ="junit.framework" value ="57"/>
         <Value name="BlockJUnit4ClassRunner" source ="BlockJUnit4ClassRunner.java" package ="org.junit.runners" value ="53"/>
         <Value name="TestSuite" source ="TestSuite.java" package ="junit.framework" value ="41"/>
         <Value name="ParentRunner" source ="ParentRunner.java" package ="org.junit.runners" value ="37"/>
         <Value name="TestRunner" source ="TestRunner.java" package ="junit.textui" value ="30"/>
         <Value name="Description" source ="Description.java" package ="org.junit.runner" value ="30"/>
         <Value name="AnnotationTest" source ="AnnotationTest.java" package ="org.junit.tests.running.methods" value ="28"/>
         <Value name="MoneyBag" source ="MoneyBag.java" package ="junit.samples.money" value ="27"/>
         <Value name="AssertTest" source ="AssertTest.java" package ="junit.tests.framework" value ="26"/>
         <Value name="EverythingWrong" source ="ParameterizedTestMethodTest.java" package ="org.junit.tests.running.methods" value ="26"/>
         <Value name="EverythingWrong" source ="TestMethodTest.java" package ="org.junit.tests.running.methods" value ="26"/>
         <Value name="MoneyTest" source ="MoneyTest.java" package ="org.junit.samples.money" value ="25"/>
         <Value name="FrameworkMethod" source ="FrameworkMethod.java" package ="org.junit.runners.model" value ="24"/>
         <Value name="MoneyTest" source ="MoneyTest.java" package ="junit.samples.money" value ="24"/>
         <Value name="JUnit38ClassRunner" source ="JUnit38ClassRunner.java" package ="org.junit.internal.runners" value ="23"/>
         <Value name="JUnit4ClassRunner" source ="JUnit4ClassRunner.java" package ="org.junit.internal.runners" value ="23"/>
         <Value name="ResultPrinter" source ="ResultPrinter.java" package ="junit.textui" value ="22"/>
         <Value name="MaxCore" source ="MaxCore.java" package ="org.junit.experimental.max" value ="22"/>
         <Value name="MethodRoadie" source ="MethodRoadie.java" package ="org.junit.internal.runners" value ="22"/>
         <Value name="TestCase" source ="TestCase.java" package ="junit.framework" value ="21"/>
         <Value name="TestResult" source ="TestResult.java" package ="junit.framework" value ="21"/>
         <Value name="ComparisonCompactor" source ="ComparisonCompactor.java" package ="junit.framework" value ="20"/>
         <Value name="Assignments" source ="Assignments.java" package ="org.junit.experimental.theories.internal" value ="20"/>
         <Value name="ComparisonCompactor" source ="ComparisonFailure.java" package ="org.junit" value ="20"/>
         <Value name="MaxStarterTest" source ="MaxStarterTest.java" package ="org.junit.tests.experimental.max" value ="20"/>
         <Value name="Money" source ="Money.java" package ="junit.samples.money" value ="19"/>
         <Value name="ComparisonCompactorTest" source ="ComparisonCompactorTest.java" package ="junit.tests.framework" value ="19"/>
         <Value name="AssumptionTest" source ="AssumptionTest.java" package ="org.junit.tests.experimental" value ="19"/>
         <Value name="TestClass" source ="TestClass.java" package ="org.junit.internal.runners" value ="18"/>
         <Value name="TestClass" source ="TestClass.java" package ="org.junit.runners.model" value ="18"/>
         <Value name="TestCaseTest" source ="TestCaseTest.java" package ="junit.tests.framework" value ="18"/>
         <Value name="TheoryAnchor" source ="Theories.java" package ="org.junit.experimental.theories" value ="16"/>
         <Value name="TextListener" source ="TextListener.java" package ="org.junit.internal" value ="15"/>
         <Value name="JUnitCore" source ="JUnitCore.java" package ="org.junit.runner" value ="15"/>
         <Value name="MaxHistory" source ="MaxHistory.java" package ="org.junit.experimental.max" value ="14"/>
         <Value name="ParameterSignature" source ="ParameterSignature.java" package ="org.junit.experimental.theories" value ="14"/>
         <Value name="ComparisonCriteria" source ="ComparisonCriteria.java" package ="org.junit.internal" value ="14"/>
         <Value name="SuiteTest" source ="SuiteTest.java" package ="junit.tests.framework" value ="14"/>
         <Value name="JUnit4TestAdapter" source ="JUnit4TestAdapter.java" package ="junit.framework" value ="13"/>
         <Value name="IncludeCategory" source ="Categories.java" package ="org.junit.experimental.categories" value ="13"/>
         <Value name="FloatAssertTest" source ="FloatAssertTest.java" package ="junit.tests.framework" value ="13"/>
         <Value name="SuiteTest" source ="SuiteTest.java" package ="org.junit.tests.running.classes" value ="13"/>
         <Value name="TestMethod" source ="TestMethod.java" package ="org.junit.internal.runners" value ="12"/>
         <Value name="RunNotifier" source ="RunNotifier.java" package ="org.junit.runner.notification" value ="12"/>
         <Value name="Suite" source ="Suite.java" package ="org.junit.runners" value ="12"/>
         <Value name="Request" source ="Request.java" package ="org.junit.runner" value ="12"/>
         <Value name="ListTest" source ="ListTest.java" package ="org.junit.samples" value ="12"/>
         <Value name="BothTest" source ="BothTest.java" package ="org.junit.tests.assertion" value ="12"/>
         <Value name="CategoryTest" source ="CategoryTest.java" package ="org.junit.tests.experimental.categories" value ="12"/>
         <Value name="ExpectedExceptionRuleTest" source ="ExpectedExceptionRuleTest.java" package ="org.junit.tests.experimental.rules" value ="12"/>
         <Value name="TestRuleTest" source ="TestRuleTest.java" package ="org.junit.tests.experimental.rules" value ="12"/>
         <Value name="ForwardCompatibilityTest" source ="ForwardCompatibilityTest.java" package ="org.junit.tests.junit3compatibility" value ="12"/>
         <Value name="DoublePrecisionAssertTest" source ="DoublePrecisionAssertTest.java" package ="junit.tests.framework" value ="11"/>
         <Value name="MethodRulesTest" source ="MethodRulesTest.java" package ="org.junit.tests.experimental.rules" value ="11"/>
         <Value name="ActiveTestSuite" source ="ActiveTestSuite.java" package ="junit.extensions" value ="10"/>
         <Value name="Categories" source ="Categories.java" package ="org.junit.experimental.categories" value ="10"/>
         <Value name="SuiteBuilder" source ="SuiteBuilder.java" package ="org.junit.experimental.runners" value ="10"/>
         <Value name="AllMembersSupplier" source ="AllMembersSupplier.java" package ="org.junit.experimental.theories.internal" value ="10"/>
         <Value name="ClassRoadie" source ="ClassRoadie.java" package ="org.junit.internal.runners" value ="10"/>
         <Value name="OldTestClassAdaptingListener" source ="JUnit38ClassRunner.java" package ="org.junit.internal.runners" value ="10"/>
         <Value name="MethodValidator" source ="MethodValidator.java" package ="org.junit.internal.runners" value ="10"/>
         <Value name="ListTest" source ="ListTest.java" package ="junit.samples" value ="10"/>
         <Value name="GuessMap" source ="Guesser.java" package ="org.junit.tests.experimental.theories.extendingwithstubs" value ="10"/>
         <Value name="ParameterizedTestTest" source ="ParameterizedTestTest.java" package ="org.junit.tests.running.classes" value ="10"/>
         <Value name="ManyMethods" source ="TestClassTest.java" package ="org.junit.tests.running.classes" value ="10"/>
         <Value name="TestMethodTest" source ="TestMethodTest.java" package ="org.junit.tests.running.methods" value ="10"/>
         <Value name="TimeoutTest" source ="TimeoutTest.java" package ="org.junit.tests.running.methods" value ="10"/>
         <Value name="JUnit4TestAdapterCache" source ="JUnit4TestAdapterCache.java" package ="junit.framework" value ="9"/>
         <Value name="ParallelComputer" source ="ParallelComputer.java" package ="org.junit.experimental" value ="9"/>
         <Value name="ErrorReportingRunner" source ="ErrorReportingRunner.java" package ="org.junit.internal.runners" value ="9"/>
         <Value name="ExpectedException" source ="ExpectedException.java" package ="org.junit.rules" value ="9"/>
         <Value name="TemporaryFolder" source ="TemporaryFolder.java" package ="org.junit.rules" value ="9"/>
         <Value name="RunnerBuilder" source ="RunnerBuilder.java" package ="org.junit.runners.model" value ="9"/>
         <Value name="TextFeedbackTest" source ="TextFeedbackTest.java" package ="junit.tests.runner" value ="9"/>
         <Value name="MethodCall" source ="MethodCall.java" package ="org.junit.tests.experimental.theories.extendingwithstubs" value ="9"/>
         <Value name="ParameterizedAssertionError" source ="ParameterizedAssertionError.java" package ="org.junit.experimental.theories.internal" value ="8"/>
         <Value name="AllDefaultPossibilitiesBuilder" source ="AllDefaultPossibilitiesBuilder.java" package ="org.junit.internal.builders" value ="8"/>
         <Value name="EachTestNotifier" source ="EachTestNotifier.java" package ="org.junit.internal.runners.model" value ="8"/>
         <Value name="JUnitMatchers" source ="JUnitMatchers.java" package ="org.junit.matchers" value ="8"/>
         <Value name="Parameters" source ="Parameterized.java" package ="org.junit.runners" value ="8"/>
         <Value name="TestListenerTest" source ="TestListenerTest.java" package ="junit.tests.framework" value ="8"/>
         <Value name="WithDataPointMethod" source ="WithDataPointMethod.java" package ="org.junit.tests.experimental.theories.runner" value ="8"/>
         <Value name="SingleMethodTest" source ="SingleMethodTest.java" package ="org.junit.tests.manipulation" value ="8"/>
         <Value name="RepeatedTest" source ="RepeatedTest.java" package ="junit.extensions" value ="7"/>
         <Value name="TestFailure" source ="TestFailure.java" package ="junit.framework" value ="7"/>
         <Value name="Theories" source ="Theories.java" package ="org.junit.experimental.theories" value ="7"/>
         <Value name="IsCollectionContaining" source ="IsCollectionContaining.java" package ="org.junit.internal.matchers" value ="7"/>
         <Value name="TypeSafeMatcher" source ="TypeSafeMatcher.java" package ="org.junit.internal.matchers" value ="7"/>
         <Value name="Failure" source ="Failure.java" package ="org.junit.runner.notification" value ="7"/>
         <Value name="RunListener" source ="RunListener.java" package ="org.junit.runner.notification" value ="7"/>
         <Value name="Result" source ="Result.java" package ="org.junit.runner" value ="7"/>
         <Value name="TextRunnerTest" source ="TextRunnerTest.java" package ="junit.tests.runner" value ="7"/>
         <Value name="AnnotatedDescriptionTest" source ="AnnotatedDescriptionTest.java" package ="org.junit.tests.description" value ="7"/>
         <Value name="Guesser" source ="Guesser.java" package ="org.junit.tests.experimental.theories.extendingwithstubs" value ="7"/>
         <Value name="UnsuccessfulWithDataPointFields" source ="UnsuccessfulWithDataPointFields.java" package ="org.junit.tests.experimental.theories.runner" value ="7"/>
         <Value name="TestDecorator" source ="TestDecorator.java" package ="junit.extensions" value ="6"/>
         <Value name="TestComparator" source ="MaxHistory.java" package ="org.junit.experimental.max" value ="6"/>
         <Value name="PrintableResult" source ="PrintableResult.java" package ="org.junit.experimental.results" value ="6"/>
         <Value name="MethodParameterValue" source ="AllMembersSupplier.java" package ="org.junit.experimental.theories.internal" value ="6"/>
         <Value name="AnnotatedBuilder" source ="AnnotatedBuilder.java" package ="org.junit.internal.builders" value ="6"/>
         <Value name="ExpectException" source ="ExpectException.java" package ="org.junit.internal.runners.statements" value ="6"/>
         <Value name="AssumptionViolatedException" source ="AssumptionViolatedException.java" package ="org.junit.internal" value ="6"/>
         <Value name="TestWatcher" source ="TestWatcher.java" package ="org.junit.rules" value ="6"/>
         <Value name="TestWatchman" source ="TestWatchman.java" package ="org.junit.rules" value ="6"/>
         <Value name="Filter" source ="Filter.java" package ="org.junit.runner.manipulation" value ="6"/>
         <Value name="FrameworkField" source ="FrameworkField.java" package ="org.junit.runners.model" value ="6"/>
         <Value name="Listener" source ="Result.java" package ="org.junit.runner" value ="6"/>
         <Value name="SimpleTest" source ="SimpleTest.java" package ="junit.samples" value ="6"/>
         <Value name="ActiveTestTest" source ="ActiveTestTest.java" package ="junit.tests.extensions" value ="6"/>
         <Value name="RepeatedTestTest" source ="RepeatedTestTest.java" package ="junit.tests.extensions" value ="6"/>
         <Value name="VerifierRuleTest" source ="VerifierRuleTest.java" package ="org.junit.tests.experimental.rules" value ="6"/>
         <Value name="StubbedTheoryAnchor" source ="StubbedTheories.java" package ="org.junit.tests.experimental.theories.extendingwithstubs" value ="6"/>
         <Value name="WithExtendedParameterSources" source ="WithExtendedParameterSources.java" package ="org.junit.tests.experimental.theories.runner" value ="6"/>
         <Value name="BeforeClassTest" source ="ForwardCompatibilityTest.java" package ="org.junit.tests.junit3compatibility" value ="6"/>
         <Value name="CommandLineTest" source ="CommandLineTest.java" package ="org.junit.tests.running.core" value ="6"/>
         <Value name="ParameterizedTestMethodTest" source ="ParameterizedTestMethodTest.java" package ="org.junit.tests.running.methods" value ="6"/>
         <Value name="JUnit4TestCaseFacade" source ="JUnit4TestCaseFacade.java" package ="junit.framework" value ="5"/>
         <Value name="CombinableMatcher" source ="CombinableMatcher.java" package ="org.junit.internal.matchers" value ="5"/>
         <Value name="SubstringMatcher" source ="SubstringMatcher.java" package ="org.junit.internal.matchers" value ="5"/>
         <Value name="MultipleFailureException" source ="MultipleFailureException.java" package ="org.junit.internal.runners.model" value ="5"/>
         <Value name="FailOnTimeout" source ="FailOnTimeout.java" package ="org.junit.internal.runners.statements" value ="5"/>
         <Value name="ArrayComparisonFailure" source ="ArrayComparisonFailure.java" package ="org.junit.internal" value ="5"/>
         <Value name="ErrorCollector" source ="ErrorCollector.java" package ="org.junit.rules" value ="5"/>
         <Value name="ExpectedExceptionStatement" source ="ExpectedException.java" package ="org.junit.rules" value ="5"/>
         <Value name="Parameterized" source ="Parameterized.java" package ="org.junit.runners" value ="5"/>
         <Value name="Assume" source ="Assume.java" package ="org.junit" value ="5"/>
         <Value name="SomeAreSlow" source ="CategoryTest.java" package ="org.junit.tests.experimental.categories" value ="5"/>
         <Value name="StringableObject" source ="StringableObject.java" package ="org.junit.tests.experimental.theories.extendingwithstubs" value ="5"/>
         <Value name="HasDateMethod" source ="WithDataPointMethod.java" package ="org.junit.tests.experimental.theories.runner" value ="5"/>
         <Value name="ParameterizedAssertionErrorTest" source ="ParameterizedAssertionErrorTest.java" package ="org.junit.tests.experimental.theories" value ="5"/>
         <Value name="AllTestsTest" source ="AllTestsTest.java" package ="org.junit.tests.junit3compatibility" value ="5"/>
         <Value name="ErrorRememberingListener" source ="InitializationErrorForwardCompatibilityTest.java" package ="org.junit.tests.junit3compatibility" value ="5"/>
         <Value name="SuiteMethodTest" source ="SuiteMethodTest.java" package ="org.junit.tests.junit3compatibility" value ="5"/>
         <Value name="TextListenerTest" source ="TextListenerTest.java" package ="org.junit.tests.listening" value ="5"/>
         <Value name="TestClassRunnerIsSortable" source ="SortableTest.java" package ="org.junit.tests.manipulation" value ="5"/>
         <Value name="BeforeAndAfter" source ="ParameterizedTestTest.java" package ="org.junit.tests.running.classes" value ="5"/>
         <Value name="OrderTest" source ="AnnotationTest.java" package ="org.junit.tests.running.methods" value ="5"/>
         <Value name="RunAllAfterClasses" source ="AnnotationTest.java" package ="org.junit.tests.running.methods" value ="5"/>
         <Value name="RunAllAfters" source ="AnnotationTest.java" package ="org.junit.tests.running.methods" value ="5"/>
         <Value name="SubInheritance" source ="AnnotationTest.java" package ="org.junit.tests.running.methods" value ="5"/>
         <Value name="ObjectContractTest" source ="ObjectContractTest.java" package ="org.junit.tests" value ="5"/>
         <Value name="TestSetup" source ="TestSetup.java" package ="junit.extensions" value ="4"/>
         <Value name="ComparisonFailure" source ="ComparisonFailure.java" package ="junit.framework" value ="4"/>
         <Value name="RememberingListener" source ="MaxHistory.java" package ="org.junit.experimental.max" value ="4"/>
         <Value name="ResultMatchers" source ="ResultMatchers.java" package ="org.junit.experimental.results" value ="4"/>
         <Value name="SuiteMethodBuilder" source ="SuiteMethodBuilder.java" package ="org.junit.internal.builders" value ="4"/>
         <Value name="StringContains" source ="StringContains.java" package ="org.junit.internal.matchers" value ="4"/>
         <Value name="InitializationError" source ="InitializationError.java" package ="org.junit.internal.runners" value ="4"/>
         <Value name="SuiteMethod" source ="SuiteMethod.java" package ="org.junit.internal.runners" value ="4"/>
         <Value name="ExternalResource" source ="ExternalResource.java" package ="org.junit.rules" value ="4"/>
         <Value name="Sorter" source ="Sorter.java" package ="org.junit.runner.manipulation" value ="4"/>
         <Value name="SafeNotifier" source ="RunNotifier.java" package ="org.junit.runner.notification" value ="4"/>
         <Value name="InitializationError" source ="InitializationError.java" package ="org.junit.runners.model" value ="4"/>
         <Value name="ComparisonFailure" source ="ComparisonFailure.java" package ="org.junit" value ="4"/>
         <Value name="ExtensionTest" source ="ExtensionTest.java" package ="junit.tests.extensions" value ="4"/>
         <Value name="MockRunner" source ="BaseTestRunnerTest.java" package ="junit.tests.runner" value ="4"/>
         <Value name="SimpleTest" source ="SimpleTest.java" package ="org.junit.samples" value ="4"/>
         <Value name="JUnit38SortingTest" source ="JUnit38SortingTest.java" package ="org.junit.tests.experimental.max" value ="4"/>
         <Value name="TempFolderRuleTest" source ="TempFolderRuleTest.java" package ="org.junit.tests.experimental.rules" value ="4"/>
         <Value name="HasGlobalTimeout" source ="TimeoutRuleTest.java" package ="org.junit.tests.experimental.rules" value ="4"/>
         <Value name="GuesserQueue" source ="GuesserQueue.java" package ="org.junit.tests.experimental.theories.extendingwithstubs" value ="4"/>
         <Value name="ReguessableDecorator" source ="GuesserQueue.java" package ="org.junit.tests.experimental.theories.extendingwithstubs" value ="4"/>
         <Value name="BeforeAndAfterEachTime" source ="SuccessfulWithDataPointFields.java" package ="org.junit.tests.experimental.theories.runner" value ="4"/>
         <Value name="DataPointMalformedArrayMethods" source ="WithExtendedParameterSources.java" package ="org.junit.tests.experimental.theories.runner" value ="4"/>
         <Value name="WithOnlyTestAnnotations" source ="WithOnlyTestAnnotations.java" package ="org.junit.tests.experimental.theories.runner" value ="4"/>
         <Value name="ParameterSignatureTest" source ="ParameterSignatureTest.java" package ="org.junit.tests.experimental.theories" value ="4"/>
         <Value name="AssumptionViolatedExceptionTest" source ="AssumptionViolatedExceptionTest.java" package ="org.junit.tests.experimental" value ="4"/>
         <Value name="ForwardCompatibilityPrintingTest" source ="ForwardCompatibilityPrintingTest.java" package ="org.junit.tests.junit3compatibility" value ="4"/>
         <Value name="MarkerRunner" source ="ForwardCompatibilityTest.java" package ="org.junit.tests.junit3compatibility" value ="4"/>
         <Value name="InitializationErrorForwardCompatibilityTest" source ="InitializationErrorForwardCompatibilityTest.java" package ="org.junit.tests.junit3compatibility" value ="4"/>
         <Value name="JUnit38ClassRunnerTest" source ="JUnit38ClassRunnerTest.java" package ="org.junit.tests.junit3compatibility" value ="4"/>
         <Value name="FilteredTest" source ="FilterableTest.java" package ="org.junit.tests.manipulation" value ="4"/>
         <Value name="ParameterizedOneTimeBeforeClass" source ="SingleMethodTest.java" package ="org.junit.tests.manipulation" value ="4"/>
         <Value name="FibonacciTest" source ="ParameterizedTestTest.java" package ="org.junit.tests.running.classes" value ="4"/>
         <Value name="ExampleRunner" source ="RunWithTest.java" package ="org.junit.tests.running.classes" value ="4"/>
         <Value name="JUnitCoreReturnsCorrectExitCodeTest" source ="JUnitCoreReturnsCorrectExitCodeTest.java" package ="org.junit.tests.running.core" value ="4"/>
         <Value name="SuperInheritance" source ="AnnotationTest.java" package ="org.junit.tests.running.methods" value ="4"/>
         <Value name="ExpectedTest" source ="ExpectedTest.java" package ="org.junit.tests.running.methods" value ="4"/>
         <Value name="InfiniteLoopTest" source ="TimeoutTest.java" package ="org.junit.tests.running.methods" value ="4"/>
         <Value name="WillTimeOut" source ="TimeoutTest.java" package ="org.junit.tests.running.methods" value ="4"/>
         <Value name="BadlyFormedClassesTest" source ="BadlyFormedClassesTest.java" package ="org.junit.tests.validation" value ="4"/>
         <Value name="TestSystem" source ="TestSystem.java" package ="org.junit.tests" value ="4"/>
         <Value name="Version" source ="Version.java" package ="junit.runner" value ="3"/>
         <Value name="PotentialAssignment" source ="PotentialAssignment.java" package ="org.junit.experimental.theories" value ="3"/>
         <Value name="IgnoredClassRunner" source ="IgnoredClassRunner.java" package ="org.junit.internal.builders" value ="3"/>
         <Value name="JUnit3Builder" source ="JUnit3Builder.java" package ="org.junit.internal.builders" value ="3"/>
         <Value name="ClassRequest" source ="ClassRequest.java" package ="org.junit.internal.requests" value ="3"/>
         <Value name="FilterRequest" source ="FilterRequest.java" package ="org.junit.internal.requests" value ="3"/>
         <Value name="ReflectiveCallable" source ="ReflectiveCallable.java" package ="org.junit.internal.runners.model" value ="3"/>
         <Value name="RunAfters" source ="RunAfters.java" package ="org.junit.internal.runners.statements" value ="3"/>
         <Value name="InexactComparisonCriteria" source ="InexactComparisonCriteria.java" package ="org.junit.internal" value ="3"/>
         <Value name="FrameworkMember" source ="FrameworkMember.java" package ="org.junit.runners.model" value ="3"/>
         <Value name="Computer" source ="Computer.java" package ="org.junit.runner" value ="3"/>
         <Value name="Runner" source ="Runner.java" package ="org.junit.runner" value ="3"/>
         <Value name="ComparisonFailureTest" source ="ComparisonFailureTest.java" package ="junit.tests.framework" value ="3"/>
         <Value name="OneTestCase" source ="OneTestCase.java" package ="junit.tests.framework" value ="3"/>
         <Value name="DoubleTestCase" source ="TestImplementorTest.java" package ="junit.tests.framework" value ="3"/>
         <Value name="ThreeTestCases" source ="ThreeTestCases.java" package ="junit.tests.framework" value ="3"/>
         <Value name="AllTests" source ="AllTests.java" package ="junit.tests.runner" value ="3"/>
         <Value name="UnconstructableExample" source ="JUnit4ClassRunnerTest.java" package ="org.junit.tests.deprecated" value ="3"/>
         <Value name="SuiteDescriptionTest" source ="SuiteDescriptionTest.java" package ="org.junit.tests.description" value ="3"/>
         <Value name="CategoriesAndParameterizedTest" source ="CategoriesAndParameterizedTest.java" package ="org.junit.tests.experimental.categories" value ="3"/>
         <Value name="ParameterizedTestWithAttemptedMethodCategory" source ="CategoriesAndParameterizedTest.java" package ="org.junit.tests.experimental.categories" value ="3"/>
         <Value name="WellBehavedParameterizedTest" source ="CategoriesAndParameterizedTest.java" package ="org.junit.tests.experimental.categories" value ="3"/>
         <Value name="DescriptionTest" source ="DescriptionTest.java" package ="org.junit.tests.experimental.max" value ="3"/>
         <Value name="JUnit38Test" source ="JUnit38SortingTest.java" package ="org.junit.tests.experimental.max" value ="3"/>
         <Value name="ClassRulesTest" source ="ClassRulesTest.java" package ="org.junit.tests.experimental.rules" value ="3"/>
         <Value name="HasExpectedException" source ="ExpectedExceptionRuleTest.java" package ="org.junit.tests.experimental.rules" value ="3"/>
         <Value name="BeforesAndAfters" source ="MethodRulesTest.java" package ="org.junit.tests.experimental.rules" value ="3"/>
         <Value name="BeforeAndAfterTest" source ="NameRulesTest.java" package ="org.junit.tests.experimental.rules" value ="3"/>
         <Value name="BeforesAndAfters" source ="TestRuleTest.java" package ="org.junit.tests.experimental.rules" value ="3"/>
         <Value name="OneTestTwoAnnotations" source ="SuccessfulWithDataPointFields.java" package ="org.junit.tests.experimental.theories.runner" value ="3"/>
         <Value name="HasUglyDataPointMethod" source ="WithDataPointMethod.java" package ="org.junit.tests.experimental.theories.runner" value ="3"/>
         <Value name="HonorTimeout" source ="WithOnlyTestAnnotations.java" package ="org.junit.tests.experimental.theories.runner" value ="3"/>
         <Value name="NewTest" source ="ForwardCompatibilityTest.java" package ="org.junit.tests.junit3compatibility" value ="3"/>
         <Value name="CantInitialize" source ="InitializationErrorForwardCompatibilityTest.java" package ="org.junit.tests.junit3compatibility" value ="3"/>
         <Value name="NewTestSuiteNotUsed" source ="SuiteMethodTest.java" package ="org.junit.tests.junit3compatibility" value ="3"/>
         <Value name="OldTest" source ="SuiteMethodTest.java" package ="org.junit.tests.junit3compatibility" value ="3"/>
         <Value name="RunnerTest" source ="RunnerTest.java" package ="org.junit.tests.listening" value ="3"/>
         <Value name="TestListenerTest" source ="TestListenerTest.java" package ="org.junit.tests.listening" value ="3"/>
         <Value name="UserStopTest" source ="UserStopTest.java" package ="org.junit.tests.listening" value ="3"/>
         <Value name="HasSuiteMethod" source ="SingleMethodTest.java" package ="org.junit.tests.manipulation" value ="3"/>
         <Value name="OneTimeSetup" source ="SingleMethodTest.java" package ="org.junit.tests.manipulation" value ="3"/>
         <Value name="ParameterizedOneTimeSetup" source ="SingleMethodTest.java" package ="org.junit.tests.manipulation" value ="3"/>
         <Value name="TestClassRunnerIsSortableWithSuiteMethod" source ="SortableTest.java" package ="org.junit.tests.manipulation" value ="3"/>
         <Value name="EnclosedTest" source ="EnclosedTest.java" package ="org.junit.tests.running.classes" value ="3"/>
         <Value name="PrivateConstructor" source ="ParameterizedTestTest.java" package ="org.junit.tests.running.classes" value ="3"/>
         <Value name="RunWithTest" source ="RunWithTest.java" package ="org.junit.tests.running.classes" value ="3"/>
         <Value name="OneTimeSetup" source ="AnnotationTest.java" package ="org.junit.tests.running.methods" value ="3"/>
         <Value name="OneTimeTeardown" source ="AnnotationTest.java" package ="org.junit.tests.running.methods" value ="3"/>
         <Value name="RunAllAfterClassesRegardless" source ="AnnotationTest.java" package ="org.junit.tests.running.methods" value ="3"/>
         <Value name="RunAllAftersRegardless" source ="AnnotationTest.java" package ="org.junit.tests.running.methods" value ="3"/>
         <Value name="SubShadowing" source ="AnnotationTest.java" package ="org.junit.tests.running.methods" value ="3"/>
         <Value name="IgnoredTest" source ="TestMethodTest.java" package ="org.junit.tests.running.methods" value ="3"/>
         <Value name="ImpatientLoopTest" source ="TimeoutTest.java" package ="org.junit.tests.running.methods" value ="3"/>
         <Value name="AssertionFailedError" source ="AssertionFailedError.java" package ="junit.framework" value ="2"/>
         <Value name="FailureList" source ="FailureList.java" package ="org.junit.experimental.results" value ="2"/>
         <Value name="Listed" source ="Listed.java" package ="org.junit.experimental.runners" value ="2"/>
         <Value name="IgnoredBuilder" source ="IgnoredBuilder.java" package ="org.junit.internal.builders" value ="2"/>
         <Value name="SortingRequest" source ="SortingRequest.java" package ="org.junit.internal.requests" value ="2"/>
         <Value name="Fail" source ="Fail.java" package ="org.junit.internal.runners.statements" value ="2"/>
         <Value name="InvokeMethod" source ="InvokeMethod.java" package ="org.junit.internal.runners.statements" value ="2"/>
         <Value name="RunBefores" source ="RunBefores.java" package ="org.junit.internal.runners.statements" value ="2"/>
         <Value name="RealSystem" source ="RealSystem.java" package ="org.junit.internal" value ="2"/>
         <Value name="TestName" source ="TestName.java" package ="org.junit.rules" value ="2"/>
         <Value name="Timeout" source ="Timeout.java" package ="org.junit.rules" value ="2"/>
         <Value name="Verifier" source ="Verifier.java" package ="org.junit.rules" value ="2"/>
         <Value name="AllTests" source ="AllTests.java" package ="junit.samples" value ="2"/>
         <Value name="AllTests" source ="AllTests.java" package ="junit.tests.extensions" value ="2"/>
         <Value name="TornDown" source ="ExtensionTest.java" package ="junit.tests.extensions" value ="2"/>
         <Value name="AllTests" source ="AllTests.java" package ="junit.tests.framework" value ="2"/>
         <Value name="NotPublicTestCase" source ="NotPublicTestCase.java" package ="junit.tests.framework" value ="2"/>
         <Value name="NotVoidTestCase" source ="NotVoidTestCase.java" package ="junit.tests.framework" value ="2"/>
         <Value name="Success" source ="Success.java" package ="junit.tests.framework" value ="2"/>
         <Value name="TornDown" source ="TestCaseTest.java" package ="junit.tests.framework" value ="2"/>
         <Value name="TestImplementorTest" source ="TestImplementorTest.java" package ="junit.tests.framework" value ="2"/>
         <Value name="BaseTestRunnerTest" source ="BaseTestRunnerTest.java" package ="junit.tests.runner" value ="2"/>
         <Value name="StackFilterTest" source ="StackFilterTest.java" package ="junit.tests.runner" value ="2"/>
         <Value name="TestResultPrinter" source ="TextFeedbackTest.java" package ="junit.tests.runner" value ="2"/>
         <Value name="InvocationTest" source ="TextRunnerSingleMethodTest.java" package ="junit.tests.runner" value ="2"/>
         <Value name="AllTests" source ="AllTests.java" package ="junit.tests" value ="2"/>
         <Value name="JUnit4ClassRunnerTest" source ="JUnit4ClassRunnerTest.java" package ="org.junit.tests.deprecated" value ="2"/>
         <Value name="Example" source ="JUnit4ClassRunnerTest.java" package ="org.junit.tests.deprecated" value ="2"/>
         <Value name="A" source ="CategoryTest.java" package ="org.junit.tests.experimental.categories" value ="2"/>
         <Value name="OneFastOneSlow" source ="CategoryTest.java" package ="org.junit.tests.experimental.categories" value ="2"/>
         <Value name="HalfMalformedJUnit38TestMethod" source ="MaxStarterTest.java" package ="org.junit.tests.experimental.max" value ="2"/>
         <Value name="MalformedJUnit38Test" source ="MaxStarterTest.java" package ="org.junit.tests.experimental.max" value ="2"/>
         <Value name="TwoOldTests" source ="MaxStarterTest.java" package ="org.junit.tests.experimental.max" value ="2"/>
         <Value name="TwoTests" source ="MaxStarterTest.java" package ="org.junit.tests.experimental.max" value ="2"/>
         <Value name="TwoUnEqualTests" source ="MaxStarterTest.java" package ="org.junit.tests.experimental.max" value ="2"/>
         <Value name="ParallelClassTest" source ="ParallelClassTest.java" package ="org.junit.tests.experimental.parallel" value ="2"/>
         <Value name="ParallelMethodTest" source ="ParallelMethodTest.java" package ="org.junit.tests.experimental.parallel" value ="2"/>
         <Value name="Example" source ="ParallelMethodTest.java" package ="org.junit.tests.experimental.parallel" value ="2"/>
         <Value name="PrintableResultTest" source ="PrintableResultTest.java" package ="org.junit.tests.experimental.results" value ="2"/>
         <Value name="ResultMatchersTest" source ="ResultMatchersTest.java" package ="org.junit.tests.experimental.results" value ="2"/>
         <Value name="ExampleTestWithClassRule" source ="ClassRulesTest.java" package ="org.junit.tests.experimental.rules" value ="2"/>
         <Value name="ExampleTestWithCustomClassRule" source ="ClassRulesTest.java" package ="org.junit.tests.experimental.rules" value ="2"/>
         <Value name="WatchmanTest" source ="MethodRulesTest.java" package ="org.junit.tests.experimental.rules" value ="2"/>
         <Value name="TestNames" source ="NameRulesTest.java" package ="org.junit.tests.experimental.rules" value ="2"/>
         <Value name="BothKindsOfRule" source ="TestRuleTest.java" package ="org.junit.tests.experimental.rules" value ="2"/>
         <Value name="WatchmanTest" source ="TestRuleTest.java" package ="org.junit.tests.experimental.rules" value ="2"/>
         <Value name="ReguessableValue" source ="ReguessableValue.java" package ="org.junit.tests.experimental.theories.extendingwithstubs" value ="2"/>
         <Value name="StubbedTheories" source ="StubbedTheories.java" package ="org.junit.tests.experimental.theories.extendingwithstubs" value ="2"/>
         <Value name="BeforeAndAfterOnSameInstance" source ="SuccessfulWithDataPointFields.java" package ="org.junit.tests.experimental.theories.runner" value ="2"/>
         <Value name="DifferentTypesInConstructor" source ="SuccessfulWithDataPointFields.java" package ="org.junit.tests.experimental.theories.runner" value ="2"/>
         <Value name="PositiveInts" source ="SuccessfulWithDataPointFields.java" package ="org.junit.tests.experimental.theories.runner" value ="2"/>
         <Value name="PositiveIntsWithMethodParams" source ="SuccessfulWithDataPointFields.java" package ="org.junit.tests.experimental.theories.runner" value ="2"/>
         <Value name="PositiveIntsWithNegativeField" source ="SuccessfulWithDataPointFields.java" package ="org.junit.tests.experimental.theories.runner" value ="2"/>
         <Value name="DataPointMethodReturnsMutableObject" source ="WithDataPointMethod.java" package ="org.junit.tests.experimental.theories.runner" value ="2"/>
         <Value name="HasDataPointMethod" source ="WithDataPointMethod.java" package ="org.junit.tests.experimental.theories.runner" value ="2"/>
         <Value name="DataPointArrayMethod" source ="WithExtendedParameterSources.java" package ="org.junit.tests.experimental.theories.runner" value ="2"/>
         <Value name="AssumptionFailureInConstructor" source ="AssumptionTest.java" package ="org.junit.tests.experimental" value ="2"/>
         <Value name="HasFailingAssumeInBefore" source ="AssumptionTest.java" package ="org.junit.tests.experimental" value ="2"/>
         <Value name="HasFailingAssumeInBeforeClass" source ="AssumptionTest.java" package ="org.junit.tests.experimental" value ="2"/>
         <Value name="MatcherTest" source ="MatcherTest.java" package ="org.junit.tests.experimental" value ="2"/>
         <Value name="TestResultPrinter" source ="ForwardCompatibilityPrintingTest.java" package ="org.junit.tests.junit3compatibility" value ="2"/>
         <Value name="ExceptionInBeforeTest" source ="ForwardCompatibilityTest.java" package ="org.junit.tests.junit3compatibility" value ="2"/>
         <Value name="InvalidMethodTest" source ="ForwardCompatibilityTest.java" package ="org.junit.tests.junit3compatibility" value ="2"/>
         <Value name="CompatibilityTest" source ="SuiteMethodTest.java" package ="org.junit.tests.junit3compatibility" value ="2"/>
         <Value name="NewTest" source ="SuiteMethodTest.java" package ="org.junit.tests.junit3compatibility" value ="2"/>
         <Value name="NewTestSuiteFails" source ="SuiteMethodTest.java" package ="org.junit.tests.junit3compatibility" value ="2"/>
         <Value name="TestOne" source ="SingleMethodTest.java" package ="org.junit.tests.manipulation" value ="2"/>
         <Value name="TestTwo" source ="SingleMethodTest.java" package ="org.junit.tests.manipulation" value ="2"/>
         <Value name="SortableTest" source ="SortableTest.java" package ="org.junit.tests.manipulation" value ="2"/>
         <Value name="IgnoreMe" source ="IgnoreClassTest.java" package ="org.junit.tests.running.classes" value ="2"/>
         <Value name="EmptyTest" source ="ParameterizedTestTest.java" package ="org.junit.tests.running.classes" value ="2"/>
         <Value name="IncorrectTest" source ="ParameterizedTestTest.java" package ="org.junit.tests.running.classes" value ="2"/>
         <Value name="ProtectedParametersTest" source ="ParameterizedTestTest.java" package ="org.junit.tests.running.classes" value ="2"/>
         <Value name="WrongElementType" source ="ParameterizedTestTest.java" package ="org.junit.tests.running.classes" value ="2"/>
         <Value name="BadRunner" source ="RunWithTest.java" package ="org.junit.tests.running.classes" value ="2"/>
         <Value name="AllWithBeforeAndAfterClass" source ="SuiteTest.java" package ="org.junit.tests.running.classes" value ="2"/>
         <Value name="TestClassTest" source ="TestClassTest.java" package ="org.junit.tests.running.classes" value ="2"/>
         <Value name="TwoConstructors" source ="TestClassTest.java" package ="org.junit.tests.running.classes" value ="2"/>
         <Value name="SystemExitTest" source ="SystemExitTest.java" package ="org.junit.tests.running.core" value ="2"/>
         <Value name="ErrorInAfterClass" source ="AnnotationTest.java" package ="org.junit.tests.running.methods" value ="2"/>
         <Value name="ErrorInBeforeClass" source ="AnnotationTest.java" package ="org.junit.tests.running.methods" value ="2"/>
         <Value name="NonStaticOneTimeSetup" source ="AnnotationTest.java" package ="org.junit.tests.running.methods" value ="2"/>
         <Value name="SetupFailureTest" source ="AnnotationTest.java" package ="org.junit.tests.running.methods" value ="2"/>
         <Value name="SetupTest" source ="AnnotationTest.java" package ="org.junit.tests.running.methods" value ="2"/>
         <Value name="SuperShadowing" source ="AnnotationTest.java" package ="org.junit.tests.running.methods" value ="2"/>
         <Value name="SuperTest" source ="AnnotationTest.java" package ="org.junit.tests.running.methods" value ="2"/>
         <Value name="TeardownAfterFailureTest" source ="AnnotationTest.java" package ="org.junit.tests.running.methods" value ="2"/>
         <Value name="TeardownFailureTest" source ="AnnotationTest.java" package ="org.junit.tests.running.methods" value ="2"/>
         <Value name="TeardownTest" source ="AnnotationTest.java" package ="org.junit.tests.running.methods" value ="2"/>
         <Value name="TestAndTeardownFailureTest" source ="AnnotationTest.java" package ="org.junit.tests.running.methods" value ="2"/>
         <Value name="TwoTests" source ="AnnotationTest.java" package ="org.junit.tests.running.methods" value ="2"/>
         <Value name="InheritedTestTest" source ="InheritedTestTest.java" package ="org.junit.tests.running.methods" value ="2"/>
         <Value name="Confused" source ="TestMethodTest.java" package ="org.junit.tests.running.methods" value ="2"/>
         <Value name="ConstructorParameter" source ="TestMethodTest.java" package ="org.junit.tests.running.methods" value ="2"/>
         <Value name="BadBeforeMethodWithLegacyRunner" source ="BadlyFormedClassesTest.java" package ="org.junit.tests.validation" value ="2"/>
         <Value name="FaultyConstructor" source ="BadlyFormedClassesTest.java" package ="org.junit.tests.validation" value ="2"/>
         <Value name="CantConstruct" source ="FailedConstructionTest.java" package ="org.junit.tests.validation" value ="2"/>
         <Value name="ValidationTest" source ="ValidationTest.java" package ="org.junit.tests.validation" value ="2"/>
         <Value name="NonStaticBeforeClass" source ="ValidationTest.java" package ="org.junit.tests.validation" value ="2"/>
         <Value name="FruitTest" source ="ParentRunnerTest.java" package ="org.junit.tests" value ="2"/>
         <Value name="CouldNotReadCoreException" source ="CouldNotReadCoreException.java" package ="org.junit.experimental.max" value ="1"/>
         <Value name="Enclosed" source ="Enclosed.java" package ="org.junit.experimental.runners" value ="1"/>
         <Value name="TestedOnSupplier" source ="TestedOnSupplier.java" package ="org.junit.experimental.theories.suppliers" value ="1"/>
         <Value name="ParameterSupplier" source ="ParameterSupplier.java" package ="org.junit.experimental.theories" value ="1"/>
         <Value name="JUnit4Builder" source ="JUnit4Builder.java" package ="org.junit.internal.builders" value ="1"/>
         <Value name="NullBuilder" source ="NullBuilder.java" package ="org.junit.internal.builders" value ="1"/>
         <Value name="Each" source ="Each.java" package ="org.junit.internal.matchers" value ="1"/>
         <Value name="ExactComparisonCriteria" source ="ExactComparisonCriteria.java" package ="org.junit.internal" value ="1"/>
         <Value name="Statement" source ="Statement.java" package ="org.junit.runners.model" value ="1"/>
         <Value name="AllTests" source ="AllTests.java" package ="org.junit.runners" value ="1"/>
         <Value name="JUnit4" source ="JUnit4.java" package ="org.junit.runners" value ="1"/>
         <Value name="SuccessTest" source ="ActiveTestTest.java" package ="junit.tests.extensions" value ="1"/>
         <Value name="SuccessTest" source ="RepeatedTestTest.java" package ="junit.tests.extensions" value ="1"/>
         <Value name="Failure" source ="Failure.java" package ="junit.tests.framework" value ="1"/>
         <Value name="InheritedTestCase" source ="InheritedTestCase.java" package ="junit.tests.framework" value ="1"/>
         <Value name="NoArgTestCaseTest" source ="NoArgTestCaseTest.java" package ="junit.tests.framework" value ="1"/>
         <Value name="NoTestCaseClass" source ="NoTestCaseClass.java" package ="junit.tests.framework" value ="1"/>
         <Value name="NoTestCases" source ="NoTestCases.java" package ="junit.tests.framework" value ="1"/>
         <Value name="OverrideTestCase" source ="OverrideTestCase.java" package ="junit.tests.framework" value ="1"/>
         <Value name="DoesntExtendTestCase" source ="BaseTestRunnerTest.java" package ="junit.tests.runner" value ="1"/>
         <Value name="NonStatic" source ="BaseTestRunnerTest.java" package ="junit.tests.runner" value ="1"/>
         <Value name="TextRunnerSingleMethodTest" source ="TextRunnerSingleMethodTest.java" package ="junit.tests.runner" value ="1"/>
         <Value name="WasRun" source ="WasRun.java" package ="junit.tests" value ="1"/>
         <Value name="EachTest" source ="EachTest.java" package ="org.junit.tests.assertion" value ="1"/>
         <Value name="AnnotatedClass" source ="AnnotatedDescriptionTest.java" package ="org.junit.tests.description" value ="1"/>
         <Value name="IgnoredClass" source ="AnnotatedDescriptionTest.java" package ="org.junit.tests.description" value ="1"/>
         <Value name="MyOwnAnnotation" source ="AnnotatedDescriptionTest.java" package ="org.junit.tests.description" value ="1"/>
         <Value name="TestDescriptionTest" source ="TestDescriptionTest.java" package ="org.junit.tests.description" value ="1"/>
         <Value name="VanillaCategorizedJUnitTest" source ="CategoriesAndParameterizedTest.java" package ="org.junit.tests.experimental.categories" value ="1"/>
         <Value name="B" source ="CategoryTest.java" package ="org.junit.tests.experimental.categories" value ="1"/>
         <Value name="C" source ="CategoryTest.java" package ="org.junit.tests.experimental.categories" value ="1"/>
         <Value name="OneFast" source ="CategoryTest.java" package ="org.junit.tests.experimental.categories" value ="1"/>
         <Value name="OneMoreTest" source ="CategoryTest.java" package ="org.junit.tests.experimental.categories" value ="1"/>
         <Value name="OneThatIsBothFastAndSlow" source ="CategoryTest.java" package ="org.junit.tests.experimental.categories" value ="1"/>
         <Value name="OneVerySlowTest" source ="CategoryTest.java" package ="org.junit.tests.experimental.categories" value ="1"/>
         <Value name="JUnit4Test" source ="JUnit38SortingTest.java" package ="org.junit.tests.experimental.max" value ="1"/>
         <Value name="MalformedJUnit38TestMethod" source ="MaxStarterTest.java" package ="org.junit.tests.experimental.max" value ="1"/>
         <Value name="Example1" source ="ParallelClassTest.java" package ="org.junit.tests.experimental.parallel" value ="1"/>
         <Value name="Example2" source ="ParallelClassTest.java" package ="org.junit.tests.experimental.parallel" value ="1"/>
         <Value name="Counter" source ="ClassRulesTest.java" package ="org.junit.tests.experimental.rules" value ="1"/>
         <Value name="CustomCounter" source ="ClassRulesTest.java" package ="org.junit.tests.experimental.rules" value ="1"/>
         <Value name="ExpectedMessageMatcherFails" source ="ExpectedExceptionRuleTest.java" package ="org.junit.tests.experimental.rules" value ="1"/>
         <Value name="ExpectsMatcher" source ="ExpectedExceptionRuleTest.java" package ="org.junit.tests.experimental.rules" value ="1"/>
         <Value name="ExpectsMessageMatcher" source ="ExpectedExceptionRuleTest.java" package ="org.junit.tests.experimental.rules" value ="1"/>
         <Value name="ExpectsMultipleMatchers" source ="ExpectedExceptionRuleTest.java" package ="org.junit.tests.experimental.rules" value ="1"/>
         <Value name="ExpectsSubstring" source ="ExpectedExceptionRuleTest.java" package ="org.junit.tests.experimental.rules" value ="1"/>
         <Value name="ExpectsSubstringNullMessage" source ="ExpectedExceptionRuleTest.java" package ="org.junit.tests.experimental.rules" value ="1"/>
         <Value name="HasWrongExpectedException" source ="ExpectedExceptionRuleTest.java" package ="org.junit.tests.experimental.rules" value ="1"/>
         <Value name="HasWrongMessage" source ="ExpectedExceptionRuleTest.java" package ="org.junit.tests.experimental.rules" value ="1"/>
         <Value name="WronglyExpectsException" source ="ExpectedExceptionRuleTest.java" package ="org.junit.tests.experimental.rules" value ="1"/>
         <Value name="WronglyExpectsExceptionMessage" source ="ExpectedExceptionRuleTest.java" package ="org.junit.tests.experimental.rules" value ="1"/>
         <Value name="ExternalResourceRuleTest" source ="ExternalResourceRuleTest.java" package ="org.junit.tests.experimental.rules" value ="1"/>
         <Value name="UsesExternalResource" source ="ExternalResourceRuleTest.java" package ="org.junit.tests.experimental.rules" value ="1"/>
         <Value name="CustomTestName" source ="MethodRulesTest.java" package ="org.junit.tests.experimental.rules" value ="1"/>
         <Value name="ExampleTest" source ="MethodRulesTest.java" package ="org.junit.tests.experimental.rules" value ="1"/>
         <Value name="MultipleRuleTest" source ="MethodRulesTest.java" package ="org.junit.tests.experimental.rules" value ="1"/>
         <Value name="NoRulesTest" source ="MethodRulesTest.java" package ="org.junit.tests.experimental.rules" value ="1"/>
         <Value name="OnFailureTest" source ="MethodRulesTest.java" package ="org.junit.tests.experimental.rules" value ="1"/>
         <Value name="PrivateRule" source ="MethodRulesTest.java" package ="org.junit.tests.experimental.rules" value ="1"/>
         <Value name="UsesCustomMethodRule" source ="MethodRulesTest.java" package ="org.junit.tests.experimental.rules" value ="1"/>
         <Value name="WrongTypedField" source ="MethodRulesTest.java" package ="org.junit.tests.experimental.rules" value ="1"/>
         <Value name="CreatesSubFolder" source ="TempFolderRuleTest.java" package ="org.junit.tests.experimental.rules" value ="1"/>
         <Value name="HasTempFolder" source ="TempFolderRuleTest.java" package ="org.junit.tests.experimental.rules" value ="1"/>
         <Value name="CustomTestName" source ="TestRuleTest.java" package ="org.junit.tests.experimental.rules" value ="1"/>
         <Value name="ExampleTest" source ="TestRuleTest.java" package ="org.junit.tests.experimental.rules" value ="1"/>
         <Value name="MultipleRuleTest" source ="TestRuleTest.java" package ="org.junit.tests.experimental.rules" value ="1"/>
         <Value name="NoRulesTest" source ="TestRuleTest.java" package ="org.junit.tests.experimental.rules" value ="1"/>
         <Value name="OnFailureTest" source ="TestRuleTest.java" package ="org.junit.tests.experimental.rules" value ="1"/>
         <Value name="OneFieldTwoKindsOfRule" source ="TestRuleTest.java" package ="org.junit.tests.experimental.rules" value ="1"/>
         <Value name="PrivateRule" source ="TestRuleTest.java" package ="org.junit.tests.experimental.rules" value ="1"/>
         <Value name="UsesCustomMethodRule" source ="TestRuleTest.java" package ="org.junit.tests.experimental.rules" value ="1"/>
         <Value name="WrongTypedField" source ="TestRuleTest.java" package ="org.junit.tests.experimental.rules" value ="1"/>
         <Value name="TimeoutRuleTest" source ="TimeoutRuleTest.java" package ="org.junit.tests.experimental.rules" value ="1"/>
         <Value name="UsesErrorCollector" source ="VerifierRuleTest.java" package ="org.junit.tests.experimental.rules" value ="1"/>
         <Value name="UsesErrorCollectorCheckSucceeds" source ="VerifierRuleTest.java" package ="org.junit.tests.experimental.rules" value ="1"/>
         <Value name="UsesErrorCollectorCheckSucceedsPasses" source ="VerifierRuleTest.java" package ="org.junit.tests.experimental.rules" value ="1"/>
         <Value name="UsesErrorCollectorCheckThat" source ="VerifierRuleTest.java" package ="org.junit.tests.experimental.rules" value ="1"/>
         <Value name="UsesErrorCollectorTwice" source ="VerifierRuleTest.java" package ="org.junit.tests.experimental.rules" value ="1"/>
         <Value name="UsesVerifier" source ="VerifierRuleTest.java" package ="org.junit.tests.experimental.rules" value ="1"/>
         <Value name="StubbedTheoriesTest" source ="StubbedTheoriesTest.java" package ="org.junit.tests.experimental.theories.extendingwithstubs" value ="1"/>
         <Value name="HasATwoParameterTheory" source ="SuccessfulWithDataPointFields.java" package ="org.junit.tests.experimental.theories.runner" value ="1"/>
         <Value name="NewObjectEachTime" source ="SuccessfulWithDataPointFields.java" package ="org.junit.tests.experimental.theories.runner" value ="1"/>
         <Value name="StaticPublicNonDataPoints" source ="SuccessfulWithDataPointFields.java" package ="org.junit.tests.experimental.theories.runner" value ="1"/>
         <Value name="TheoriesPerformanceTest" source ="TheoriesPerformanceTest.java" package ="org.junit.tests.experimental.theories.runner" value ="1"/>
         <Value name="UpToTen" source ="TheoriesPerformanceTest.java" package ="org.junit.tests.experimental.theories.runner" value ="1"/>
         <Value name="DataPointsMustBeStatic" source ="UnsuccessfulWithDataPointFields.java" package ="org.junit.tests.experimental.theories.runner" value ="1"/>
         <Value name="DoesntUseParams" source ="UnsuccessfulWithDataPointFields.java" package ="org.junit.tests.experimental.theories.runner" value ="1"/>
         <Value name="HasATheory" source ="UnsuccessfulWithDataPointFields.java" package ="org.junit.tests.experimental.theories.runner" value ="1"/>
         <Value name="NullsOK" source ="UnsuccessfulWithDataPointFields.java" package ="org.junit.tests.experimental.theories.runner" value ="1"/>
         <Value name="TheoriesMustBePublic" source ="UnsuccessfulWithDataPointFields.java" package ="org.junit.tests.experimental.theories.runner" value ="1"/>
         <Value name="WhenNoParametersMatch" source ="WhenNoParametersMatch.java" package ="org.junit.tests.experimental.theories.runner" value ="1"/>
         <Value name="AssumptionsFail" source ="WhenNoParametersMatch.java" package ="org.junit.tests.experimental.theories.runner" value ="1"/>
         <Value name="DataPointArrayToBeUsedForWholeParameter" source ="WithExtendedParameterSources.java" package ="org.junit.tests.experimental.theories.runner" value ="1"/>
         <Value name="DataPointArrays" source ="WithExtendedParameterSources.java" package ="org.junit.tests.experimental.theories.runner" value ="1"/>
         <Value name="ParameterAnnotations" source ="WithExtendedParameterSources.java" package ="org.junit.tests.experimental.theories.runner" value ="1"/>
         <Value name="ShouldFilterNull" source ="WithExtendedParameterSources.java" package ="org.junit.tests.experimental.theories.runner" value ="1"/>
         <Value name="ErrorWhenTestHasParametersDespiteTheories" source ="WithOnlyTestAnnotations.java" package ="org.junit.tests.experimental.theories.runner" value ="1"/>
         <Value name="HonorExpectedException" source ="WithOnlyTestAnnotations.java" package ="org.junit.tests.experimental.theories.runner" value ="1"/>
         <Value name="HonorExpectedExceptionPasses" source ="WithOnlyTestAnnotations.java" package ="org.junit.tests.experimental.theories.runner" value ="1"/>
         <Value name="AllMembersSupplierTest" source ="AllMembersSupplierTest.java" package ="org.junit.tests.experimental.theories" value ="1"/>
         <Value name="HasDataPoints" source ="AllMembersSupplierTest.java" package ="org.junit.tests.experimental.theories" value ="1"/>
         <Value name="HasFailingAssumption" source ="AssumptionTest.java" package ="org.junit.tests.experimental" value ="1"/>
         <Value name="HasPassingAssumption" source ="AssumptionTest.java" package ="org.junit.tests.experimental" value ="1"/>
         <Value name="All" source ="AllTestsTest.java" package ="org.junit.tests.junit3compatibility" value ="1"/>
         <Value name="AllJUnit4" source ="AllTestsTest.java" package ="org.junit.tests.junit3compatibility" value ="1"/>
         <Value name="BadSuiteMethod" source ="AllTestsTest.java" package ="org.junit.tests.junit3compatibility" value ="1"/>
         <Value name="JUnit4Test" source ="AllTestsTest.java" package ="org.junit.tests.junit3compatibility" value ="1"/>
         <Value name="OneTest" source ="AllTestsTest.java" package ="org.junit.tests.junit3compatibility" value ="1"/>
         <Value name="ClassRequestTest" source ="ClassRequestTest.java" package ="org.junit.tests.junit3compatibility" value ="1"/>
         <Value name="PrivateSuiteMethod" source ="ClassRequestTest.java" package ="org.junit.tests.junit3compatibility" value ="1"/>
         <Value name="ATest" source ="ForwardCompatibilityPrintingTest.java" package ="org.junit.tests.junit3compatibility" value ="1"/>
         <Value name="ErrorTest" source ="ForwardCompatibilityTest.java" package ="org.junit.tests.junit3compatibility" value ="1"/>
         <Value name="ExpectedTest" source ="ForwardCompatibilityTest.java" package ="org.junit.tests.junit3compatibility" value ="1"/>
         <Value name="NoExceptionTest" source ="ForwardCompatibilityTest.java" package ="org.junit.tests.junit3compatibility" value ="1"/>
         <Value name="UnExpectedExceptionTest" source ="ForwardCompatibilityTest.java" package ="org.junit.tests.junit3compatibility" value ="1"/>
         <Value name="InitializesWithError" source ="InitializationErrorForwardCompatibilityTest.java" package ="org.junit.tests.junit3compatibility" value ="1"/>
         <Value name="AnnotatedTest" source ="JUnit38ClassRunnerTest.java" package ="org.junit.tests.junit3compatibility" value ="1"/>
         <Value name="ClassWithInvalidMethod" source ="JUnit38ClassRunnerTest.java" package ="org.junit.tests.junit3compatibility" value ="1"/>
         <Value name="MyTest" source ="JUnit38ClassRunnerTest.java" package ="org.junit.tests.junit3compatibility" value ="1"/>
         <Value name="OneTest" source ="JUnit38ClassRunnerTest.java" package ="org.junit.tests.junit3compatibility" value ="1"/>
         <Value name="OldTestClassAdaptingListenerTest" source ="OldTestClassAdaptingListenerTest.java" package ="org.junit.tests.junit3compatibility" value ="1"/>
         <Value name="OldTests" source ="OldTests.java" package ="org.junit.tests.junit3compatibility" value ="1"/>
         <Value name="ListenerTest" source ="ListenerTest.java" package ="org.junit.tests.listening" value ="1"/>
         <Value name="OneTest" source ="ListenerTest.java" package ="org.junit.tests.listening" value ="1"/>
         <Value name="Example" source ="RunnerTest.java" package ="org.junit.tests.listening" value ="1"/>
         <Value name="ExampleTest" source ="RunnerTest.java" package ="org.junit.tests.listening" value ="1"/>
         <Value name="MyListener" source ="RunnerTest.java" package ="org.junit.tests.listening" value ="1"/>
         <Value name="NewExample" source ="RunnerTest.java" package ="org.junit.tests.listening" value ="1"/>
         <Value name="ErrorListener" source ="TestListenerTest.java" package ="org.junit.tests.listening" value ="1"/>
         <Value name="ExceptionListener" source ="TestListenerTest.java" package ="org.junit.tests.listening" value ="1"/>
         <Value name="OneTest" source ="TestListenerTest.java" package ="org.junit.tests.listening" value ="1"/>
         <Value name="ErrorTest" source ="TextListenerTest.java" package ="org.junit.tests.listening" value ="1"/>
         <Value name="OneTest" source ="TextListenerTest.java" package ="org.junit.tests.listening" value ="1"/>
         <Value name="Slow" source ="TextListenerTest.java" package ="org.junit.tests.listening" value ="1"/>
         <Value name="OneTest" source ="UserStopTest.java" package ="org.junit.tests.listening" value ="1"/>
         <Value name="FilterableTest" source ="FilterableTest.java" package ="org.junit.tests.manipulation" value ="1"/>
         <Value name="FilteredRunner" source ="FilterableTest.java" package ="org.junit.tests.manipulation" value ="1"/>
         <Value name="UnsortableRunnersAreHandledWithoutCrashing" source ="SortableTest.java" package ="org.junit.tests.manipulation" value ="1"/>
         <Value name="IgnoreClassTest" source ="IgnoreClassTest.java" package ="org.junit.tests.running.classes" value ="1"/>
         <Value name="TestA" source ="SuiteTest.java" package ="org.junit.tests.running.classes" value ="1"/>
         <Value name="TestB" source ="SuiteTest.java" package ="org.junit.tests.running.classes" value ="1"/>
         <Value name="WithoutDefaultConstructor" source ="SuiteTest.java" package ="org.junit.tests.running.classes" value ="1"/>
         <Value name="UseSuiteAsASuperclassTest" source ="UseSuiteAsASuperclassTest.java" package ="org.junit.tests.running.classes" value ="1"/>
         <Value name="MySuite" source ="UseSuiteAsASuperclassTest.java" package ="org.junit.tests.running.classes" value ="1"/>
         <Value name="TestA" source ="UseSuiteAsASuperclassTest.java" package ="org.junit.tests.running.classes" value ="1"/>
         <Value name="TestB" source ="UseSuiteAsASuperclassTest.java" package ="org.junit.tests.running.classes" value ="1"/>
         <Value name="Count" source ="CommandLineTest.java" package ="org.junit.tests.running.core" value ="1"/>
         <Value name="Example" source ="CommandLineTest.java" package ="org.junit.tests.running.core" value ="1"/>
         <Value name="Fail" source ="JUnitCoreReturnsCorrectExitCodeTest.java" package ="org.junit.tests.running.core" value ="1"/>
         <Value name="Succeed" source ="JUnitCoreReturnsCorrectExitCodeTest.java" package ="org.junit.tests.running.core" value ="1"/>
         <Value name="Exit" source ="SystemExitTest.java" package ="org.junit.tests.running.core" value ="1"/>
         <Value name="ExceptionTest" source ="AnnotationTest.java" package ="org.junit.tests.running.methods" value ="1"/>
         <Value name="FailureTest" source ="AnnotationTest.java" package ="org.junit.tests.running.methods" value ="1"/>
         <Value name="NoExceptionTest" source ="AnnotationTest.java" package ="org.junit.tests.running.methods" value ="1"/>
         <Value name="OldSuiteTest" source ="AnnotationTest.java" package ="org.junit.tests.running.methods" value ="1"/>
         <Value name="OldTest" source ="AnnotationTest.java" package ="org.junit.tests.running.methods" value ="1"/>
         <Value name="SimpleTest" source ="AnnotationTest.java" package ="org.junit.tests.running.methods" value ="1"/>
         <Value name="SimpleTestWithFutureProofExplicitRunner" source ="AnnotationTest.java" package ="org.junit.tests.running.methods" value ="1"/>
         <Value name="SubTest" source ="AnnotationTest.java" package ="org.junit.tests.running.methods" value ="1"/>
         <Value name="ExpectSuperclass" source ="ExpectedTest.java" package ="org.junit.tests.running.methods" value ="1"/>
         <Value name="Expected" source ="ExpectedTest.java" package ="org.junit.tests.running.methods" value ="1"/>
         <Value name="NoneThrown" source ="ExpectedTest.java" package ="org.junit.tests.running.methods" value ="1"/>
         <Value name="Unexpected" source ="ExpectedTest.java" package ="org.junit.tests.running.methods" value ="1"/>
         <Value name="SubWithBefore" source ="InheritedTestTest.java" package ="org.junit.tests.running.methods" value ="1"/>
         <Value name="Super" source ="InheritedTestTest.java" package ="org.junit.tests.running.methods" value ="1"/>
         <Value name="SubShadows" source ="ParameterizedTestMethodTest.java" package ="org.junit.tests.running.methods" value ="1"/>
         <Value name="SubWrong" source ="ParameterizedTestMethodTest.java" package ="org.junit.tests.running.methods" value ="1"/>
         <Value name="SuperWrong" source ="ParameterizedTestMethodTest.java" package ="org.junit.tests.running.methods" value ="1"/>
         <Value name="OnlyTestIsIgnored" source ="TestMethodTest.java" package ="org.junit.tests.running.methods" value ="1"/>
         <Value name="SubShadows" source ="TestMethodTest.java" package ="org.junit.tests.running.methods" value ="1"/>
         <Value name="SubWrong" source ="TestMethodTest.java" package ="org.junit.tests.running.methods" value ="1"/>
         <Value name="SuperWrong" source ="TestMethodTest.java" package ="org.junit.tests.running.methods" value ="1"/>
         <Value name="FailureWithTimeoutRunTimeExceptionTest" source ="TimeoutTest.java" package ="org.junit.tests.running.methods" value ="1"/>
         <Value name="FailureWithTimeoutTest" source ="TimeoutTest.java" package ="org.junit.tests.running.methods" value ="1"/>
         <Value name="SuccessWithTimeoutTest" source ="TimeoutTest.java" package ="org.junit.tests.running.methods" value ="1"/>
         <Value name="TimeoutFailureTest" source ="TimeoutTest.java" package ="org.junit.tests.running.methods" value ="1"/>
         <Value name="Super" source ="Super.java" package ="org.junit.tests.validation.anotherpackage" value ="1"/>
         <Value name="FailedConstructionTest" source ="FailedConstructionTest.java" package ="org.junit.tests.validation" value ="1"/>
         <Value name="InaccessibleBaseClassTest" source ="InaccessibleBaseClassTest.java" package ="org.junit.tests.validation" value ="1"/>
         <Value name="WrongBeforeClass" source ="ValidationTest.java" package ="org.junit.tests.validation" value ="1"/>
         <Value name="AllTests" source ="AllTests.java" package ="org.junit.tests" value ="1"/>
         <Value name="ParentRunnerTest" source ="ParentRunnerTest.java" package ="org.junit.tests" value ="1"/>
         <Value name="CouldNotGenerateValueException" source ="PotentialAssignment.java" package ="org.junit.experimental.theories" value ="0"/>
         <Value name="FailedBefore" source ="FailedBefore.java" package ="org.junit.internal.runners" value ="0"/>
         <Value name="NoTestsRemainException" source ="NoTestsRemainException.java" package ="org.junit.runner.manipulation" value ="0"/>
         <Value name="StoppedByUserException" source ="StoppedByUserException.java" package ="org.junit.runner.notification" value ="0"/>
         <Value name="ParameterTokenSuiteMalformed" source ="CategoriesAndParameterizedTest.java" package ="org.junit.tests.experimental.categories" value ="0"/>
         <Value name="ParameterTokenSuiteMalformedAndSwapped" source ="CategoriesAndParameterizedTest.java" package ="org.junit.tests.experimental.categories" value ="0"/>
         <Value name="ParameterTokenSuiteWellFormed" source ="CategoriesAndParameterizedTest.java" package ="org.junit.tests.experimental.categories" value ="0"/>
         <Value name="Token" source ="CategoriesAndParameterizedTest.java" package ="org.junit.tests.experimental.categories" value ="0"/>
         <Value name="Category1" source ="CategoryTest.java" package ="org.junit.tests.experimental.categories" value ="0"/>
         <Value name="Category2" source ="CategoryTest.java" package ="org.junit.tests.experimental.categories" value ="0"/>
         <Value name="ChooseSlowFromBoth" source ="CategoryTest.java" package ="org.junit.tests.experimental.categories" value ="0"/>
         <Value name="ClassAsCategory" source ="CategoryTest.java" package ="org.junit.tests.experimental.categories" value ="0"/>
         <Value name="IncludeAndExcludeSuite" source ="CategoryTest.java" package ="org.junit.tests.experimental.categories" value ="0"/>
         <Value name="JustA" source ="CategoryTest.java" package ="org.junit.tests.experimental.categories" value ="0"/>
         <Value name="OneFastSuite" source ="CategoryTest.java" package ="org.junit.tests.experimental.categories" value ="0"/>
         <Value name="RunClassAsCategory" source ="CategoryTest.java" package ="org.junit.tests.experimental.categories" value ="0"/>
         <Value name="RunSlowFromVerySlow" source ="CategoryTest.java" package ="org.junit.tests.experimental.categories" value ="0"/>
         <Value name="SlowTestSuite" source ="CategoryTest.java" package ="org.junit.tests.experimental.categories" value ="0"/>
         <Value name="SomeAreSlowSuite" source ="CategoryTest.java" package ="org.junit.tests.experimental.categories" value ="0"/>
         <Value name="TestSuiteWithNoCategories" source ="CategoryTest.java" package ="org.junit.tests.experimental.categories" value ="0"/>
         <Value name="ExampleSuite" source ="ParallelClassTest.java" package ="org.junit.tests.experimental.parallel" value ="0"/>
         <Value name="SubclassOfTestWithClassRule" source ="ClassRulesTest.java" package ="org.junit.tests.experimental.rules" value ="0"/>
         <Value name="SonOfExampleTest" source ="MethodRulesTest.java" package ="org.junit.tests.experimental.rules" value ="0"/>
         <Value name="SonOfWrongTypedField" source ="MethodRulesTest.java" package ="org.junit.tests.experimental.rules" value ="0"/>
         <Value name="NameRulesTest" source ="NameRulesTest.java" package ="org.junit.tests.experimental.rules" value ="0"/>
         <Value name="SonOfExampleTest" source ="TestRuleTest.java" package ="org.junit.tests.experimental.rules" value ="0"/>
         <Value name="SonOfWrongTypedField" source ="TestRuleTest.java" package ="org.junit.tests.experimental.rules" value ="0"/>
         <Value name="SuccessfulWithDataPointFields" source ="SuccessfulWithDataPointFields.java" package ="org.junit.tests.experimental.theories.runner" value ="0"/>
         <Value name="ExperimentalTests" source ="ExperimentalTests.java" package ="org.junit.tests.experimental" value ="0"/>
         <Value name="NoTests" source ="ForwardCompatibilityTest.java" package ="org.junit.tests.junit3compatibility" value ="0"/>
         <Value name="CantInitializeTests" source ="InitializationErrorForwardCompatibilityTest.java" package ="org.junit.tests.junit3compatibility" value ="0"/>
         <Value name="OneTwoSuite" source ="SingleMethodTest.java" package ="org.junit.tests.manipulation" value ="0"/>
         <Value name="Enclosing" source ="EnclosedTest.java" package ="org.junit.tests.running.classes" value ="0"/>
         <Value name="Empty" source ="RunWithTest.java" package ="org.junit.tests.running.classes" value ="0"/>
         <Value name="ExampleTest" source ="RunWithTest.java" package ="org.junit.tests.running.classes" value ="0"/>
         <Value name="SubExampleTest" source ="RunWithTest.java" package ="org.junit.tests.running.classes" value ="0"/>
         <Value name="All" source ="SuiteTest.java" package ="org.junit.tests.running.classes" value ="0"/>
         <Value name="AllWithOutAnnotation" source ="SuiteTest.java" package ="org.junit.tests.running.classes" value ="0"/>
         <Value name="BiInfiniteLoop" source ="SuiteTest.java" package ="org.junit.tests.running.classes" value ="0"/>
         <Value name="Hercules" source ="SuiteTest.java" package ="org.junit.tests.running.classes" value ="0"/>
         <Value name="Hydra" source ="SuiteTest.java" package ="org.junit.tests.running.classes" value ="0"/>
         <Value name="InfiniteLoop" source ="SuiteTest.java" package ="org.junit.tests.running.classes" value ="0"/>
         <Value name="InheritsAll" source ="SuiteTest.java" package ="org.junit.tests.running.classes" value ="0"/>
         <Value name="NoSuiteClassesAnnotation" source ="SuiteTest.java" package ="org.junit.tests.running.classes" value ="0"/>
         <Value name="SubclassWithField" source ="TestClassTest.java" package ="org.junit.tests.running.classes" value ="0"/>
         <Value name="SuperclassWithField" source ="TestClassTest.java" package ="org.junit.tests.running.classes" value ="0"/>
         <Value name="AllWithMySuite" source ="UseSuiteAsASuperclassTest.java" package ="org.junit.tests.running.classes" value ="0"/>
         <Value name="Sub" source ="InheritedTestTest.java" package ="org.junit.tests.running.methods" value ="0"/>
         <Value name="Sub" source ="Sub.java" package ="org.junit.tests.validation.anotherpackage" value ="0"/>
         <Value name="NoTests" source ="BadlyFormedClassesTest.java" package ="org.junit.tests.validation" value ="0"/>
      </Values>
   </Metric>
   <Metric id = "NSF" description ="Number of Static Attributes">
      <Values per = "type" total = "143" avg = "0.251" stddev = "0.679" max = "6">
         <Value name="ParameterizedAssertionErrorTest" source ="ParameterizedAssertionErrorTest.java" package ="org.junit.tests.experimental.theories" value ="6"/>
         <Value name="BaseTestRunner" source ="BaseTestRunner.java" package ="junit.runner" value ="4"/>
         <Value name="ForwardCompatibilityTest" source ="ForwardCompatibilityTest.java" package ="org.junit.tests.junit3compatibility" value ="4"/>
         <Value name="AnnotationTest" source ="AnnotationTest.java" package ="org.junit.tests.running.methods" value ="4"/>
         <Value name="ComparisonCompactor" source ="ComparisonCompactor.java" package ="junit.framework" value ="3"/>
         <Value name="TestRunner" source ="TestRunner.java" package ="junit.textui" value ="3"/>
         <Value name="ComparisonCompactor" source ="ComparisonFailure.java" package ="org.junit" value ="3"/>
         <Value name="BothTest" source ="BothTest.java" package ="org.junit.tests.assertion" value ="3"/>
         <Value name="MethodRulesTest" source ="MethodRulesTest.java" package ="org.junit.tests.experimental.rules" value ="3"/>
         <Value name="TestRuleTest" source ="TestRuleTest.java" package ="org.junit.tests.experimental.rules" value ="3"/>
         <Value name="BeforeAndAfterEachTime" source ="SuccessfulWithDataPointFields.java" package ="org.junit.tests.experimental.theories.runner" value ="3"/>
         <Value name="AssumptionViolatedExceptionTest" source ="AssumptionViolatedExceptionTest.java" package ="org.junit.tests.experimental" value ="3"/>
         <Value name="MatcherTest" source ="MatcherTest.java" package ="org.junit.tests.experimental" value ="3"/>
         <Value name="ComparisonFailure" source ="ComparisonFailure.java" package ="junit.framework" value ="2"/>
         <Value name="JUnit4TestAdapterCache" source ="JUnit4TestAdapterCache.java" package ="junit.framework" value ="2"/>
         <Value name="Description" source ="Description.java" package ="org.junit.runner" value ="2"/>
         <Value name="ComparisonFailure" source ="ComparisonFailure.java" package ="org.junit" value ="2"/>
         <Value name="DifferentTypesInConstructor" source ="SuccessfulWithDataPointFields.java" package ="org.junit.tests.experimental.theories.runner" value ="2"/>
         <Value name="NewObjectEachTime" source ="SuccessfulWithDataPointFields.java" package ="org.junit.tests.experimental.theories.runner" value ="2"/>
         <Value name="OneTestTwoAnnotations" source ="SuccessfulWithDataPointFields.java" package ="org.junit.tests.experimental.theories.runner" value ="2"/>
         <Value name="PositiveIntsWithNegativeField" source ="SuccessfulWithDataPointFields.java" package ="org.junit.tests.experimental.theories.runner" value ="2"/>
         <Value name="StaticPublicNonDataPoints" source ="SuccessfulWithDataPointFields.java" package ="org.junit.tests.experimental.theories.runner" value ="2"/>
         <Value name="NullsOK" source ="UnsuccessfulWithDataPointFields.java" package ="org.junit.tests.experimental.theories.runner" value ="2"/>
         <Value name="WhenNoParametersMatch" source ="WhenNoParametersMatch.java" package ="org.junit.tests.experimental.theories.runner" value ="2"/>
         <Value name="AssumptionsFail" source ="WhenNoParametersMatch.java" package ="org.junit.tests.experimental.theories.runner" value ="2"/>
         <Value name="DataPointMethodReturnsMutableObject" source ="WithDataPointMethod.java" package ="org.junit.tests.experimental.theories.runner" value ="2"/>
         <Value name="DataPointArrayToBeUsedForWholeParameter" source ="WithExtendedParameterSources.java" package ="org.junit.tests.experimental.theories.runner" value ="2"/>
         <Value name="DataPointArrays" source ="WithExtendedParameterSources.java" package ="org.junit.tests.experimental.theories.runner" value ="2"/>
         <Value name="ShouldFilterNull" source ="WithExtendedParameterSources.java" package ="org.junit.tests.experimental.theories.runner" value ="2"/>
         <Value name="ParameterSignatureTest" source ="ParameterSignatureTest.java" package ="org.junit.tests.experimental.theories" value ="2"/>
         <Value name="CommandLineTest" source ="CommandLineTest.java" package ="org.junit.tests.running.core" value ="2"/>
         <Value name="AssertionFailedError" source ="AssertionFailedError.java" package ="junit.framework" value ="1"/>
         <Value name="CouldNotReadCoreException" source ="CouldNotReadCoreException.java" package ="org.junit.experimental.max" value ="1"/>
         <Value name="MaxCore" source ="MaxCore.java" package ="org.junit.experimental.max" value ="1"/>
         <Value name="MaxHistory" source ="MaxHistory.java" package ="org.junit.experimental.max" value ="1"/>
         <Value name="ParameterizedAssertionError" source ="ParameterizedAssertionError.java" package ="org.junit.experimental.theories.internal" value ="1"/>
         <Value name="CouldNotGenerateValueException" source ="PotentialAssignment.java" package ="org.junit.experimental.theories" value ="1"/>
         <Value name="AnnotatedBuilder" source ="AnnotatedBuilder.java" package ="org.junit.internal.builders" value ="1"/>
         <Value name="MultipleFailureException" source ="MultipleFailureException.java" package ="org.junit.internal.runners.model" value ="1"/>
         <Value name="FailedBefore" source ="FailedBefore.java" package ="org.junit.internal.runners" value ="1"/>
         <Value name="InitializationError" source ="InitializationError.java" package ="org.junit.internal.runners" value ="1"/>
         <Value name="ArrayComparisonFailure" source ="ArrayComparisonFailure.java" package ="org.junit.internal" value ="1"/>
         <Value name="AssumptionViolatedException" source ="AssumptionViolatedException.java" package ="org.junit.internal" value ="1"/>
         <Value name="Filter" source ="Filter.java" package ="org.junit.runner.manipulation" value ="1"/>
         <Value name="NoTestsRemainException" source ="NoTestsRemainException.java" package ="org.junit.runner.manipulation" value ="1"/>
         <Value name="Sorter" source ="Sorter.java" package ="org.junit.runner.manipulation" value ="1"/>
         <Value name="StoppedByUserException" source ="StoppedByUserException.java" package ="org.junit.runner.notification" value ="1"/>
         <Value name="InitializationError" source ="InitializationError.java" package ="org.junit.runners.model" value ="1"/>
         <Value name="TextRunnerSingleMethodTest" source ="TextRunnerSingleMethodTest.java" package ="junit.tests.runner" value ="1"/>
         <Value name="ListTest" source ="ListTest.java" package ="org.junit.samples" value ="1"/>
         <Value name="PrintableResultTest" source ="PrintableResultTest.java" package ="org.junit.tests.experimental.results" value ="1"/>
         <Value name="ExampleTestWithClassRule" source ="ClassRulesTest.java" package ="org.junit.tests.experimental.rules" value ="1"/>
         <Value name="ExampleTestWithCustomClassRule" source ="ClassRulesTest.java" package ="org.junit.tests.experimental.rules" value ="1"/>
         <Value name="ExternalResourceRuleTest" source ="ExternalResourceRuleTest.java" package ="org.junit.tests.experimental.rules" value ="1"/>
         <Value name="BeforesAndAfters" source ="MethodRulesTest.java" package ="org.junit.tests.experimental.rules" value ="1"/>
         <Value name="WatchmanTest" source ="MethodRulesTest.java" package ="org.junit.tests.experimental.rules" value ="1"/>
         <Value name="TempFolderRuleTest" source ="TempFolderRuleTest.java" package ="org.junit.tests.experimental.rules" value ="1"/>
         <Value name="BeforesAndAfters" source ="TestRuleTest.java" package ="org.junit.tests.experimental.rules" value ="1"/>
         <Value name="WatchmanTest" source ="TestRuleTest.java" package ="org.junit.tests.experimental.rules" value ="1"/>
         <Value name="HasGlobalTimeout" source ="TimeoutRuleTest.java" package ="org.junit.tests.experimental.rules" value ="1"/>
         <Value name="VerifierRuleTest" source ="VerifierRuleTest.java" package ="org.junit.tests.experimental.rules" value ="1"/>
         <Value name="GuessMap" source ="Guesser.java" package ="org.junit.tests.experimental.theories.extendingwithstubs" value ="1"/>
         <Value name="GuesserQueue" source ="GuesserQueue.java" package ="org.junit.tests.experimental.theories.extendingwithstubs" value ="1"/>
         <Value name="BeforeAndAfterOnSameInstance" source ="SuccessfulWithDataPointFields.java" package ="org.junit.tests.experimental.theories.runner" value ="1"/>
         <Value name="HasATwoParameterTheory" source ="SuccessfulWithDataPointFields.java" package ="org.junit.tests.experimental.theories.runner" value ="1"/>
         <Value name="PositiveInts" source ="SuccessfulWithDataPointFields.java" package ="org.junit.tests.experimental.theories.runner" value ="1"/>
         <Value name="PositiveIntsWithMethodParams" source ="SuccessfulWithDataPointFields.java" package ="org.junit.tests.experimental.theories.runner" value ="1"/>
         <Value name="TheoriesPerformanceTest" source ="TheoriesPerformanceTest.java" package ="org.junit.tests.experimental.theories.runner" value ="1"/>
         <Value name="UpToTen" source ="TheoriesPerformanceTest.java" package ="org.junit.tests.experimental.theories.runner" value ="1"/>
         <Value name="DoesntUseParams" source ="UnsuccessfulWithDataPointFields.java" package ="org.junit.tests.experimental.theories.runner" value ="1"/>
         <Value name="HasATheory" source ="UnsuccessfulWithDataPointFields.java" package ="org.junit.tests.experimental.theories.runner" value ="1"/>
         <Value name="TheoriesMustBePublic" source ="UnsuccessfulWithDataPointFields.java" package ="org.junit.tests.experimental.theories.runner" value ="1"/>
         <Value name="DataPointArrayMethod" source ="WithExtendedParameterSources.java" package ="org.junit.tests.experimental.theories.runner" value ="1"/>
         <Value name="DataPointMalformedArrayMethods" source ="WithExtendedParameterSources.java" package ="org.junit.tests.experimental.theories.runner" value ="1"/>
         <Value name="ErrorWhenTestHasParametersDespiteTheories" source ="WithOnlyTestAnnotations.java" package ="org.junit.tests.experimental.theories.runner" value ="1"/>
         <Value name="HasDataPoints" source ="AllMembersSupplierTest.java" package ="org.junit.tests.experimental.theories" value ="1"/>
         <Value name="AssumptionTest" source ="AssumptionTest.java" package ="org.junit.tests.experimental" value ="1"/>
         <Value name="AllTestsTest" source ="AllTestsTest.java" package ="org.junit.tests.junit3compatibility" value ="1"/>
         <Value name="CantInitialize" source ="InitializationErrorForwardCompatibilityTest.java" package ="org.junit.tests.junit3compatibility" value ="1"/>
         <Value name="JUnit38ClassRunnerTest" source ="JUnit38ClassRunnerTest.java" package ="org.junit.tests.junit3compatibility" value ="1"/>
         <Value name="SuiteMethodTest" source ="SuiteMethodTest.java" package ="org.junit.tests.junit3compatibility" value ="1"/>
         <Value name="NewTestSuiteNotUsed" source ="SuiteMethodTest.java" package ="org.junit.tests.junit3compatibility" value ="1"/>
         <Value name="ListenerTest" source ="ListenerTest.java" package ="org.junit.tests.listening" value ="1"/>
         <Value name="SingleMethodTest" source ="SingleMethodTest.java" package ="org.junit.tests.manipulation" value ="1"/>
         <Value name="TestClassRunnerIsSortable" source ="SortableTest.java" package ="org.junit.tests.manipulation" value ="1"/>
         <Value name="TestClassRunnerIsSortableWithSuiteMethod" source ="SortableTest.java" package ="org.junit.tests.manipulation" value ="1"/>
         <Value name="ParameterizedTestTest" source ="ParameterizedTestTest.java" package ="org.junit.tests.running.classes" value ="1"/>
         <Value name="RunWithTest" source ="RunWithTest.java" package ="org.junit.tests.running.classes" value ="1"/>
         <Value name="SuiteTest" source ="SuiteTest.java" package ="org.junit.tests.running.classes" value ="1"/>
         <Value name="SystemExitTest" source ="SystemExitTest.java" package ="org.junit.tests.running.core" value ="1"/>
         <Value name="WillTimeOut" source ="TimeoutTest.java" package ="org.junit.tests.running.methods" value ="1"/>
         <Value name="ObjectContractTest" source ="ObjectContractTest.java" package ="org.junit.tests" value ="1"/>
         <Value name="ParentRunnerTest" source ="ParentRunnerTest.java" package ="org.junit.tests" value ="1"/>
         <Value name="ActiveTestSuite" source ="ActiveTestSuite.java" package ="junit.extensions" value ="0"/>
         <Value name="RepeatedTest" source ="RepeatedTest.java" package ="junit.extensions" value ="0"/>
         <Value name="TestDecorator" source ="TestDecorator.java" package ="junit.extensions" value ="0"/>
         <Value name="TestSetup" source ="TestSetup.java" package ="junit.extensions" value ="0"/>
         <Value name="Assert" source ="Assert.java" package ="junit.framework" value ="0"/>
         <Value name="JUnit4TestAdapter" source ="JUnit4TestAdapter.java" package ="junit.framework" value ="0"/>
         <Value name="JUnit4TestCaseFacade" source ="JUnit4TestCaseFacade.java" package ="junit.framework" value ="0"/>
         <Value name="TestCase" source ="TestCase.java" package ="junit.framework" value ="0"/>
         <Value name="TestFailure" source ="TestFailure.java" package ="junit.framework" value ="0"/>
         <Value name="TestResult" source ="TestResult.java" package ="junit.framework" value ="0"/>
         <Value name="TestSuite" source ="TestSuite.java" package ="junit.framework" value ="0"/>
         <Value name="Version" source ="Version.java" package ="junit.runner" value ="0"/>
         <Value name="ResultPrinter" source ="ResultPrinter.java" package ="junit.textui" value ="0"/>
         <Value name="Categories" source ="Categories.java" package ="org.junit.experimental.categories" value ="0"/>
         <Value name="IncludeCategory" source ="Categories.java" package ="org.junit.experimental.categories" value ="0"/>
         <Value name="RememberingListener" source ="MaxHistory.java" package ="org.junit.experimental.max" value ="0"/>
         <Value name="TestComparator" source ="MaxHistory.java" package ="org.junit.experimental.max" value ="0"/>
         <Value name="FailureList" source ="FailureList.java" package ="org.junit.experimental.results" value ="0"/>
         <Value name="PrintableResult" source ="PrintableResult.java" package ="org.junit.experimental.results" value ="0"/>
         <Value name="ResultMatchers" source ="ResultMatchers.java" package ="org.junit.experimental.results" value ="0"/>
         <Value name="Enclosed" source ="Enclosed.java" package ="org.junit.experimental.runners" value ="0"/>
         <Value name="Listed" source ="Listed.java" package ="org.junit.experimental.runners" value ="0"/>
         <Value name="SuiteBuilder" source ="SuiteBuilder.java" package ="org.junit.experimental.runners" value ="0"/>
         <Value name="AllMembersSupplier" source ="AllMembersSupplier.java" package ="org.junit.experimental.theories.internal" value ="0"/>
         <Value name="MethodParameterValue" source ="AllMembersSupplier.java" package ="org.junit.experimental.theories.internal" value ="0"/>
         <Value name="Assignments" source ="Assignments.java" package ="org.junit.experimental.theories.internal" value ="0"/>
         <Value name="TestedOnSupplier" source ="TestedOnSupplier.java" package ="org.junit.experimental.theories.suppliers" value ="0"/>
         <Value name="ParameterSignature" source ="ParameterSignature.java" package ="org.junit.experimental.theories" value ="0"/>
         <Value name="ParameterSupplier" source ="ParameterSupplier.java" package ="org.junit.experimental.theories" value ="0"/>
         <Value name="PotentialAssignment" source ="PotentialAssignment.java" package ="org.junit.experimental.theories" value ="0"/>
         <Value name="Theories" source ="Theories.java" package ="org.junit.experimental.theories" value ="0"/>
         <Value name="TheoryAnchor" source ="Theories.java" package ="org.junit.experimental.theories" value ="0"/>
         <Value name="ParallelComputer" source ="ParallelComputer.java" package ="org.junit.experimental" value ="0"/>
         <Value name="AllDefaultPossibilitiesBuilder" source ="AllDefaultPossibilitiesBuilder.java" package ="org.junit.internal.builders" value ="0"/>
         <Value name="IgnoredBuilder" source ="IgnoredBuilder.java" package ="org.junit.internal.builders" value ="0"/>
         <Value name="IgnoredClassRunner" source ="IgnoredClassRunner.java" package ="org.junit.internal.builders" value ="0"/>
         <Value name="JUnit3Builder" source ="JUnit3Builder.java" package ="org.junit.internal.builders" value ="0"/>
         <Value name="JUnit4Builder" source ="JUnit4Builder.java" package ="org.junit.internal.builders" value ="0"/>
         <Value name="NullBuilder" source ="NullBuilder.java" package ="org.junit.internal.builders" value ="0"/>
         <Value name="SuiteMethodBuilder" source ="SuiteMethodBuilder.java" package ="org.junit.internal.builders" value ="0"/>
         <Value name="CombinableMatcher" source ="CombinableMatcher.java" package ="org.junit.internal.matchers" value ="0"/>
         <Value name="Each" source ="Each.java" package ="org.junit.internal.matchers" value ="0"/>
         <Value name="IsCollectionContaining" source ="IsCollectionContaining.java" package ="org.junit.internal.matchers" value ="0"/>
         <Value name="StringContains" source ="StringContains.java" package ="org.junit.internal.matchers" value ="0"/>
         <Value name="SubstringMatcher" source ="SubstringMatcher.java" package ="org.junit.internal.matchers" value ="0"/>
         <Value name="TypeSafeMatcher" source ="TypeSafeMatcher.java" package ="org.junit.internal.matchers" value ="0"/>
         <Value name="ClassRequest" source ="ClassRequest.java" package ="org.junit.internal.requests" value ="0"/>
         <Value name="FilterRequest" source ="FilterRequest.java" package ="org.junit.internal.requests" value ="0"/>
         <Value name="SortingRequest" source ="SortingRequest.java" package ="org.junit.internal.requests" value ="0"/>
         <Value name="EachTestNotifier" source ="EachTestNotifier.java" package ="org.junit.internal.runners.model" value ="0"/>
         <Value name="ReflectiveCallable" source ="ReflectiveCallable.java" package ="org.junit.internal.runners.model" value ="0"/>
         <Value name="ExpectException" source ="ExpectException.java" package ="org.junit.internal.runners.statements" value ="0"/>
         <Value name="Fail" source ="Fail.java" package ="org.junit.internal.runners.statements" value ="0"/>
         <Value name="FailOnTimeout" source ="FailOnTimeout.java" package ="org.junit.internal.runners.statements" value ="0"/>
         <Value name="InvokeMethod" source ="InvokeMethod.java" package ="org.junit.internal.runners.statements" value ="0"/>
         <Value name="RunAfters" source ="RunAfters.java" package ="org.junit.internal.runners.statements" value ="0"/>
         <Value name="RunBefores" source ="RunBefores.java" package ="org.junit.internal.runners.statements" value ="0"/>
         <Value name="ClassRoadie" source ="ClassRoadie.java" package ="org.junit.internal.runners" value ="0"/>
         <Value name="ErrorReportingRunner" source ="ErrorReportingRunner.java" package ="org.junit.internal.runners" value ="0"/>
         <Value name="JUnit38ClassRunner" source ="JUnit38ClassRunner.java" package ="org.junit.internal.runners" value ="0"/>
         <Value name="OldTestClassAdaptingListener" source ="JUnit38ClassRunner.java" package ="org.junit.internal.runners" value ="0"/>
         <Value name="JUnit4ClassRunner" source ="JUnit4ClassRunner.java" package ="org.junit.internal.runners" value ="0"/>
         <Value name="MethodRoadie" source ="MethodRoadie.java" package ="org.junit.internal.runners" value ="0"/>
         <Value name="MethodValidator" source ="MethodValidator.java" package ="org.junit.internal.runners" value ="0"/>
         <Value name="SuiteMethod" source ="SuiteMethod.java" package ="org.junit.internal.runners" value ="0"/>
         <Value name="TestClass" source ="TestClass.java" package ="org.junit.internal.runners" value ="0"/>
         <Value name="TestMethod" source ="TestMethod.java" package ="org.junit.internal.runners" value ="0"/>
         <Value name="ComparisonCriteria" source ="ComparisonCriteria.java" package ="org.junit.internal" value ="0"/>
         <Value name="ExactComparisonCriteria" source ="ExactComparisonCriteria.java" package ="org.junit.internal" value ="0"/>
         <Value name="InexactComparisonCriteria" source ="InexactComparisonCriteria.java" package ="org.junit.internal" value ="0"/>
         <Value name="RealSystem" source ="RealSystem.java" package ="org.junit.internal" value ="0"/>
         <Value name="TextListener" source ="TextListener.java" package ="org.junit.internal" value ="0"/>
         <Value name="JUnitMatchers" source ="JUnitMatchers.java" package ="org.junit.matchers" value ="0"/>
         <Value name="ErrorCollector" source ="ErrorCollector.java" package ="org.junit.rules" value ="0"/>
         <Value name="ExpectedException" source ="ExpectedException.java" package ="org.junit.rules" value ="0"/>
         <Value name="ExpectedExceptionStatement" source ="ExpectedException.java" package ="org.junit.rules" value ="0"/>
         <Value name="ExternalResource" source ="ExternalResource.java" package ="org.junit.rules" value ="0"/>
         <Value name="TemporaryFolder" source ="TemporaryFolder.java" package ="org.junit.rules" value ="0"/>
         <Value name="TestName" source ="TestName.java" package ="org.junit.rules" value ="0"/>
         <Value name="TestWatcher" source ="TestWatcher.java" package ="org.junit.rules" value ="0"/>
         <Value name="TestWatchman" source ="TestWatchman.java" package ="org.junit.rules" value ="0"/>
         <Value name="Timeout" source ="Timeout.java" package ="org.junit.rules" value ="0"/>
         <Value name="Verifier" source ="Verifier.java" package ="org.junit.rules" value ="0"/>
         <Value name="Failure" source ="Failure.java" package ="org.junit.runner.notification" value ="0"/>
         <Value name="RunListener" source ="RunListener.java" package ="org.junit.runner.notification" value ="0"/>
         <Value name="RunNotifier" source ="RunNotifier.java" package ="org.junit.runner.notification" value ="0"/>
         <Value name="SafeNotifier" source ="RunNotifier.java" package ="org.junit.runner.notification" value ="0"/>
         <Value name="FrameworkField" source ="FrameworkField.java" package ="org.junit.runners.model" value ="0"/>
         <Value name="FrameworkMember" source ="FrameworkMember.java" package ="org.junit.runners.model" value ="0"/>
         <Value name="FrameworkMethod" source ="FrameworkMethod.java" package ="org.junit.runners.model" value ="0"/>
         <Value name="RunnerBuilder" source ="RunnerBuilder.java" package ="org.junit.runners.model" value ="0"/>
         <Value name="Statement" source ="Statement.java" package ="org.junit.runners.model" value ="0"/>
         <Value name="TestClass" source ="TestClass.java" package ="org.junit.runners.model" value ="0"/>
         <Value name="AllTests" source ="AllTests.java" package ="org.junit.runners" value ="0"/>
         <Value name="BlockJUnit4ClassRunner" source ="BlockJUnit4ClassRunner.java" package ="org.junit.runners" value ="0"/>
         <Value name="JUnit4" source ="JUnit4.java" package ="org.junit.runners" value ="0"/>
         <Value name="Parameterized" source ="Parameterized.java" package ="org.junit.runners" value ="0"/>
         <Value name="Parameters" source ="Parameterized.java" package ="org.junit.runners" value ="0"/>
         <Value name="ParentRunner" source ="ParentRunner.java" package ="org.junit.runners" value ="0"/>
         <Value name="Suite" source ="Suite.java" package ="org.junit.runners" value ="0"/>
         <Value name="Computer" source ="Computer.java" package ="org.junit.runner" value ="0"/>
         <Value name="JUnitCore" source ="JUnitCore.java" package ="org.junit.runner" value ="0"/>
         <Value name="Request" source ="Request.java" package ="org.junit.runner" value ="0"/>
         <Value name="Result" source ="Result.java" package ="org.junit.runner" value ="0"/>
         <Value name="Listener" source ="Result.java" package ="org.junit.runner" value ="0"/>
         <Value name="Runner" source ="Runner.java" package ="org.junit.runner" value ="0"/>
         <Value name="Assert" source ="Assert.java" package ="org.junit" value ="0"/>
         <Value name="Assume" source ="Assume.java" package ="org.junit" value ="0"/>
         <Value name="Money" source ="Money.java" package ="junit.samples.money" value ="0"/>
         <Value name="MoneyBag" source ="MoneyBag.java" package ="junit.samples.money" value ="0"/>
         <Value name="MoneyTest" source ="MoneyTest.java" package ="junit.samples.money" value ="0"/>
         <Value name="AllTests" source ="AllTests.java" package ="junit.samples" value ="0"/>
         <Value name="ListTest" source ="ListTest.java" package ="junit.samples" value ="0"/>
         <Value name="SimpleTest" source ="SimpleTest.java" package ="junit.samples" value ="0"/>
         <Value name="ActiveTestTest" source ="ActiveTestTest.java" package ="junit.tests.extensions" value ="0"/>
         <Value name="SuccessTest" source ="ActiveTestTest.java" package ="junit.tests.extensions" value ="0"/>
         <Value name="AllTests" source ="AllTests.java" package ="junit.tests.extensions" value ="0"/>
         <Value name="ExtensionTest" source ="ExtensionTest.java" package ="junit.tests.extensions" value ="0"/>
         <Value name="TornDown" source ="ExtensionTest.java" package ="junit.tests.extensions" value ="0"/>
         <Value name="RepeatedTestTest" source ="RepeatedTestTest.java" package ="junit.tests.extensions" value ="0"/>
         <Value name="SuccessTest" source ="RepeatedTestTest.java" package ="junit.tests.extensions" value ="0"/>
         <Value name="AllTests" source ="AllTests.java" package ="junit.tests.framework" value ="0"/>
         <Value name="AssertTest" source ="AssertTest.java" package ="junit.tests.framework" value ="0"/>
         <Value name="ComparisonCompactorTest" source ="ComparisonCompactorTest.java" package ="junit.tests.framework" value ="0"/>
         <Value name="ComparisonFailureTest" source ="ComparisonFailureTest.java" package ="junit.tests.framework" value ="0"/>
         <Value name="DoublePrecisionAssertTest" source ="DoublePrecisionAssertTest.java" package ="junit.tests.framework" value ="0"/>
         <Value name="Failure" source ="Failure.java" package ="junit.tests.framework" value ="0"/>
         <Value name="FloatAssertTest" source ="FloatAssertTest.java" package ="junit.tests.framework" value ="0"/>
         <Value name="InheritedTestCase" source ="InheritedTestCase.java" package ="junit.tests.framework" value ="0"/>
         <Value name="NoArgTestCaseTest" source ="NoArgTestCaseTest.java" package ="junit.tests.framework" value ="0"/>
         <Value name="NoTestCaseClass" source ="NoTestCaseClass.java" package ="junit.tests.framework" value ="0"/>
         <Value name="NoTestCases" source ="NoTestCases.java" package ="junit.tests.framework" value ="0"/>
         <Value name="NotPublicTestCase" source ="NotPublicTestCase.java" package ="junit.tests.framework" value ="0"/>
         <Value name="NotVoidTestCase" source ="NotVoidTestCase.java" package ="junit.tests.framework" value ="0"/>
         <Value name="OneTestCase" source ="OneTestCase.java" package ="junit.tests.framework" value ="0"/>
         <Value name="OverrideTestCase" source ="OverrideTestCase.java" package ="junit.tests.framework" value ="0"/>
         <Value name="Success" source ="Success.java" package ="junit.tests.framework" value ="0"/>
         <Value name="SuiteTest" source ="SuiteTest.java" package ="junit.tests.framework" value ="0"/>
         <Value name="TestCaseTest" source ="TestCaseTest.java" package ="junit.tests.framework" value ="0"/>
         <Value name="TornDown" source ="TestCaseTest.java" package ="junit.tests.framework" value ="0"/>
         <Value name="TestImplementorTest" source ="TestImplementorTest.java" package ="junit.tests.framework" value ="0"/>
         <Value name="DoubleTestCase" source ="TestImplementorTest.java" package ="junit.tests.framework" value ="0"/>
         <Value name="TestListenerTest" source ="TestListenerTest.java" package ="junit.tests.framework" value ="0"/>
         <Value name="ThreeTestCases" source ="ThreeTestCases.java" package ="junit.tests.framework" value ="0"/>
         <Value name="AllTests" source ="AllTests.java" package ="junit.tests.runner" value ="0"/>
         <Value name="BaseTestRunnerTest" source ="BaseTestRunnerTest.java" package ="junit.tests.runner" value ="0"/>
         <Value name="DoesntExtendTestCase" source ="BaseTestRunnerTest.java" package ="junit.tests.runner" value ="0"/>
         <Value name="MockRunner" source ="BaseTestRunnerTest.java" package ="junit.tests.runner" value ="0"/>
         <Value name="NonStatic" source ="BaseTestRunnerTest.java" package ="junit.tests.runner" value ="0"/>
         <Value name="StackFilterTest" source ="StackFilterTest.java" package ="junit.tests.runner" value ="0"/>
         <Value name="TextFeedbackTest" source ="TextFeedbackTest.java" package ="junit.tests.runner" value ="0"/>
         <Value name="TestResultPrinter" source ="TextFeedbackTest.java" package ="junit.tests.runner" value ="0"/>
         <Value name="InvocationTest" source ="TextRunnerSingleMethodTest.java" package ="junit.tests.runner" value ="0"/>
         <Value name="TextRunnerTest" source ="TextRunnerTest.java" package ="junit.tests.runner" value ="0"/>
         <Value name="AllTests" source ="AllTests.java" package ="junit.tests" value ="0"/>
         <Value name="WasRun" source ="WasRun.java" package ="junit.tests" value ="0"/>
         <Value name="MoneyTest" source ="MoneyTest.java" package ="org.junit.samples.money" value ="0"/>
         <Value name="SimpleTest" source ="SimpleTest.java" package ="org.junit.samples" value ="0"/>
         <Value name="AssertionTest" source ="AssertionTest.java" package ="org.junit.tests.assertion" value ="0"/>
         <Value name="EachTest" source ="EachTest.java" package ="org.junit.tests.assertion" value ="0"/>
         <Value name="JUnit4ClassRunnerTest" source ="JUnit4ClassRunnerTest.java" package ="org.junit.tests.deprecated" value ="0"/>
         <Value name="Example" source ="JUnit4ClassRunnerTest.java" package ="org.junit.tests.deprecated" value ="0"/>
         <Value name="UnconstructableExample" source ="JUnit4ClassRunnerTest.java" package ="org.junit.tests.deprecated" value ="0"/>
         <Value name="AnnotatedDescriptionTest" source ="AnnotatedDescriptionTest.java" package ="org.junit.tests.description" value ="0"/>
         <Value name="AnnotatedClass" source ="AnnotatedDescriptionTest.java" package ="org.junit.tests.description" value ="0"/>
         <Value name="IgnoredClass" source ="AnnotatedDescriptionTest.java" package ="org.junit.tests.description" value ="0"/>
         <Value name="MyOwnAnnotation" source ="AnnotatedDescriptionTest.java" package ="org.junit.tests.description" value ="0"/>
         <Value name="SuiteDescriptionTest" source ="SuiteDescriptionTest.java" package ="org.junit.tests.description" value ="0"/>
         <Value name="TestDescriptionTest" source ="TestDescriptionTest.java" package ="org.junit.tests.description" value ="0"/>
         <Value name="CategoriesAndParameterizedTest" source ="CategoriesAndParameterizedTest.java" package ="org.junit.tests.experimental.categories" value ="0"/>
         <Value name="ParameterTokenSuiteMalformed" source ="CategoriesAndParameterizedTest.java" package ="org.junit.tests.experimental.categories" value ="0"/>
         <Value name="ParameterTokenSuiteMalformedAndSwapped" source ="CategoriesAndParameterizedTest.java" package ="org.junit.tests.experimental.categories" value ="0"/>
         <Value name="ParameterTokenSuiteWellFormed" source ="CategoriesAndParameterizedTest.java" package ="org.junit.tests.experimental.categories" value ="0"/>
         <Value name="ParameterizedTestWithAttemptedMethodCategory" source ="CategoriesAndParameterizedTest.java" package ="org.junit.tests.experimental.categories" value ="0"/>
         <Value name="Token" source ="CategoriesAndParameterizedTest.java" package ="org.junit.tests.experimental.categories" value ="0"/>
         <Value name="VanillaCategorizedJUnitTest" source ="CategoriesAndParameterizedTest.java" package ="org.junit.tests.experimental.categories" value ="0"/>
         <Value name="WellBehavedParameterizedTest" source ="CategoriesAndParameterizedTest.java" package ="org.junit.tests.experimental.categories" value ="0"/>
         <Value name="CategoryTest" source ="CategoryTest.java" package ="org.junit.tests.experimental.categories" value ="0"/>
         <Value name="A" source ="CategoryTest.java" package ="org.junit.tests.experimental.categories" value ="0"/>
         <Value name="B" source ="CategoryTest.java" package ="org.junit.tests.experimental.categories" value ="0"/>
         <Value name="C" source ="CategoryTest.java" package ="org.junit.tests.experimental.categories" value ="0"/>
         <Value name="Category1" source ="CategoryTest.java" package ="org.junit.tests.experimental.categories" value ="0"/>
         <Value name="Category2" source ="CategoryTest.java" package ="org.junit.tests.experimental.categories" value ="0"/>
         <Value name="ChooseSlowFromBoth" source ="CategoryTest.java" package ="org.junit.tests.experimental.categories" value ="0"/>
         <Value name="ClassAsCategory" source ="CategoryTest.java" package ="org.junit.tests.experimental.categories" value ="0"/>
         <Value name="IncludeAndExcludeSuite" source ="CategoryTest.java" package ="org.junit.tests.experimental.categories" value ="0"/>
         <Value name="JustA" source ="CategoryTest.java" package ="org.junit.tests.experimental.categories" value ="0"/>
         <Value name="OneFast" source ="CategoryTest.java" package ="org.junit.tests.experimental.categories" value ="0"/>
         <Value name="OneFastOneSlow" source ="CategoryTest.java" package ="org.junit.tests.experimental.categories" value ="0"/>
         <Value name="OneFastSuite" source ="CategoryTest.java" package ="org.junit.tests.experimental.categories" value ="0"/>
         <Value name="OneMoreTest" source ="CategoryTest.java" package ="org.junit.tests.experimental.categories" value ="0"/>
         <Value name="OneThatIsBothFastAndSlow" source ="CategoryTest.java" package ="org.junit.tests.experimental.categories" value ="0"/>
         <Value name="OneVerySlowTest" source ="CategoryTest.java" package ="org.junit.tests.experimental.categories" value ="0"/>
         <Value name="RunClassAsCategory" source ="CategoryTest.java" package ="org.junit.tests.experimental.categories" value ="0"/>
         <Value name="RunSlowFromVerySlow" source ="CategoryTest.java" package ="org.junit.tests.experimental.categories" value ="0"/>
         <Value name="SlowTestSuite" source ="CategoryTest.java" package ="org.junit.tests.experimental.categories" value ="0"/>
         <Value name="SomeAreSlow" source ="CategoryTest.java" package ="org.junit.tests.experimental.categories" value ="0"/>
         <Value name="SomeAreSlowSuite" source ="CategoryTest.java" package ="org.junit.tests.experimental.categories" value ="0"/>
         <Value name="TestSuiteWithNoCategories" source ="CategoryTest.java" package ="org.junit.tests.experimental.categories" value ="0"/>
         <Value name="DescriptionTest" source ="DescriptionTest.java" package ="org.junit.tests.experimental.max" value ="0"/>
         <Value name="JUnit38SortingTest" source ="JUnit38SortingTest.java" package ="org.junit.tests.experimental.max" value ="0"/>
         <Value name="JUnit38Test" source ="JUnit38SortingTest.java" package ="org.junit.tests.experimental.max" value ="0"/>
         <Value name="JUnit4Test" source ="JUnit38SortingTest.java" package ="org.junit.tests.experimental.max" value ="0"/>
         <Value name="MaxStarterTest" source ="MaxStarterTest.java" package ="org.junit.tests.experimental.max" value ="0"/>
         <Value name="HalfMalformedJUnit38TestMethod" source ="MaxStarterTest.java" package ="org.junit.tests.experimental.max" value ="0"/>
         <Value name="MalformedJUnit38Test" source ="MaxStarterTest.java" package ="org.junit.tests.experimental.max" value ="0"/>
         <Value name="MalformedJUnit38TestMethod" source ="MaxStarterTest.java" package ="org.junit.tests.experimental.max" value ="0"/>
         <Value name="TwoOldTests" source ="MaxStarterTest.java" package ="org.junit.tests.experimental.max" value ="0"/>
         <Value name="TwoTests" source ="MaxStarterTest.java" package ="org.junit.tests.experimental.max" value ="0"/>
         <Value name="TwoUnEqualTests" source ="MaxStarterTest.java" package ="org.junit.tests.experimental.max" value ="0"/>
         <Value name="ParallelClassTest" source ="ParallelClassTest.java" package ="org.junit.tests.experimental.parallel" value ="0"/>
         <Value name="Example1" source ="ParallelClassTest.java" package ="org.junit.tests.experimental.parallel" value ="0"/>
         <Value name="Example2" source ="ParallelClassTest.java" package ="org.junit.tests.experimental.parallel" value ="0"/>
         <Value name="ExampleSuite" source ="ParallelClassTest.java" package ="org.junit.tests.experimental.parallel" value ="0"/>
         <Value name="ParallelMethodTest" source ="ParallelMethodTest.java" package ="org.junit.tests.experimental.parallel" value ="0"/>
         <Value name="Example" source ="ParallelMethodTest.java" package ="org.junit.tests.experimental.parallel" value ="0"/>
         <Value name="ResultMatchersTest" source ="ResultMatchersTest.java" package ="org.junit.tests.experimental.results" value ="0"/>
         <Value name="ClassRulesTest" source ="ClassRulesTest.java" package ="org.junit.tests.experimental.rules" value ="0"/>
         <Value name="Counter" source ="ClassRulesTest.java" package ="org.junit.tests.experimental.rules" value ="0"/>
         <Value name="CustomCounter" source ="ClassRulesTest.java" package ="org.junit.tests.experimental.rules" value ="0"/>
         <Value name="SubclassOfTestWithClassRule" source ="ClassRulesTest.java" package ="org.junit.tests.experimental.rules" value ="0"/>
         <Value name="ExpectedExceptionRuleTest" source ="ExpectedExceptionRuleTest.java" package ="org.junit.tests.experimental.rules" value ="0"/>
         <Value name="ExpectedMessageMatcherFails" source ="ExpectedExceptionRuleTest.java" package ="org.junit.tests.experimental.rules" value ="0"/>
         <Value name="ExpectsMatcher" source ="ExpectedExceptionRuleTest.java" package ="org.junit.tests.experimental.rules" value ="0"/>
         <Value name="ExpectsMessageMatcher" source ="ExpectedExceptionRuleTest.java" package ="org.junit.tests.experimental.rules" value ="0"/>
         <Value name="ExpectsMultipleMatchers" source ="ExpectedExceptionRuleTest.java" package ="org.junit.tests.experimental.rules" value ="0"/>
         <Value name="ExpectsSubstring" source ="ExpectedExceptionRuleTest.java" package ="org.junit.tests.experimental.rules" value ="0"/>
         <Value name="ExpectsSubstringNullMessage" source ="ExpectedExceptionRuleTest.java" package ="org.junit.tests.experimental.rules" value ="0"/>
         <Value name="HasExpectedException" source ="ExpectedExceptionRuleTest.java" package ="org.junit.tests.experimental.rules" value ="0"/>
         <Value name="HasWrongExpectedException" source ="ExpectedExceptionRuleTest.java" package ="org.junit.tests.experimental.rules" value ="0"/>
         <Value name="HasWrongMessage" source ="ExpectedExceptionRuleTest.java" package ="org.junit.tests.experimental.rules" value ="0"/>
         <Value name="WronglyExpectsException" source ="ExpectedExceptionRuleTest.java" package ="org.junit.tests.experimental.rules" value ="0"/>
         <Value name="WronglyExpectsExceptionMessage" source ="ExpectedExceptionRuleTest.java" package ="org.junit.tests.experimental.rules" value ="0"/>
         <Value name="UsesExternalResource" source ="ExternalResourceRuleTest.java" package ="org.junit.tests.experimental.rules" value ="0"/>
         <Value name="CustomTestName" source ="MethodRulesTest.java" package ="org.junit.tests.experimental.rules" value ="0"/>
         <Value name="ExampleTest" source ="MethodRulesTest.java" package ="org.junit.tests.experimental.rules" value ="0"/>
         <Value name="MultipleRuleTest" source ="MethodRulesTest.java" package ="org.junit.tests.experimental.rules" value ="0"/>
         <Value name="NoRulesTest" source ="MethodRulesTest.java" package ="org.junit.tests.experimental.rules" value ="0"/>
         <Value name="OnFailureTest" source ="MethodRulesTest.java" package ="org.junit.tests.experimental.rules" value ="0"/>
         <Value name="PrivateRule" source ="MethodRulesTest.java" package ="org.junit.tests.experimental.rules" value ="0"/>
         <Value name="SonOfExampleTest" source ="MethodRulesTest.java" package ="org.junit.tests.experimental.rules" value ="0"/>
         <Value name="SonOfWrongTypedField" source ="MethodRulesTest.java" package ="org.junit.tests.experimental.rules" value ="0"/>
         <Value name="UsesCustomMethodRule" source ="MethodRulesTest.java" package ="org.junit.tests.experimental.rules" value ="0"/>
         <Value name="WrongTypedField" source ="MethodRulesTest.java" package ="org.junit.tests.experimental.rules" value ="0"/>
         <Value name="NameRulesTest" source ="NameRulesTest.java" package ="org.junit.tests.experimental.rules" value ="0"/>
         <Value name="BeforeAndAfterTest" source ="NameRulesTest.java" package ="org.junit.tests.experimental.rules" value ="0"/>
         <Value name="TestNames" source ="NameRulesTest.java" package ="org.junit.tests.experimental.rules" value ="0"/>
         <Value name="CreatesSubFolder" source ="TempFolderRuleTest.java" package ="org.junit.tests.experimental.rules" value ="0"/>
         <Value name="HasTempFolder" source ="TempFolderRuleTest.java" package ="org.junit.tests.experimental.rules" value ="0"/>
         <Value name="BothKindsOfRule" source ="TestRuleTest.java" package ="org.junit.tests.experimental.rules" value ="0"/>
         <Value name="CustomTestName" source ="TestRuleTest.java" package ="org.junit.tests.experimental.rules" value ="0"/>
         <Value name="ExampleTest" source ="TestRuleTest.java" package ="org.junit.tests.experimental.rules" value ="0"/>
         <Value name="MultipleRuleTest" source ="TestRuleTest.java" package ="org.junit.tests.experimental.rules" value ="0"/>
         <Value name="NoRulesTest" source ="TestRuleTest.java" package ="org.junit.tests.experimental.rules" value ="0"/>
         <Value name="OnFailureTest" source ="TestRuleTest.java" package ="org.junit.tests.experimental.rules" value ="0"/>
         <Value name="OneFieldTwoKindsOfRule" source ="TestRuleTest.java" package ="org.junit.tests.experimental.rules" value ="0"/>
         <Value name="PrivateRule" source ="TestRuleTest.java" package ="org.junit.tests.experimental.rules" value ="0"/>
         <Value name="SonOfExampleTest" source ="TestRuleTest.java" package ="org.junit.tests.experimental.rules" value ="0"/>
         <Value name="SonOfWrongTypedField" source ="TestRuleTest.java" package ="org.junit.tests.experimental.rules" value ="0"/>
         <Value name="UsesCustomMethodRule" source ="TestRuleTest.java" package ="org.junit.tests.experimental.rules" value ="0"/>
         <Value name="WrongTypedField" source ="TestRuleTest.java" package ="org.junit.tests.experimental.rules" value ="0"/>
         <Value name="TimeoutRuleTest" source ="TimeoutRuleTest.java" package ="org.junit.tests.experimental.rules" value ="0"/>
         <Value name="UsesErrorCollector" source ="VerifierRuleTest.java" package ="org.junit.tests.experimental.rules" value ="0"/>
         <Value name="UsesErrorCollectorCheckSucceeds" source ="VerifierRuleTest.java" package ="org.junit.tests.experimental.rules" value ="0"/>
         <Value name="UsesErrorCollectorCheckSucceedsPasses" source ="VerifierRuleTest.java" package ="org.junit.tests.experimental.rules" value ="0"/>
         <Value name="UsesErrorCollectorCheckThat" source ="VerifierRuleTest.java" package ="org.junit.tests.experimental.rules" value ="0"/>
         <Value name="UsesErrorCollectorTwice" source ="VerifierRuleTest.java" package ="org.junit.tests.experimental.rules" value ="0"/>
         <Value name="UsesVerifier" source ="VerifierRuleTest.java" package ="org.junit.tests.experimental.rules" value ="0"/>
         <Value name="Guesser" source ="Guesser.java" package ="org.junit.tests.experimental.theories.extendingwithstubs" value ="0"/>
         <Value name="ReguessableDecorator" source ="GuesserQueue.java" package ="org.junit.tests.experimental.theories.extendingwithstubs" value ="0"/>
         <Value name="MethodCall" source ="MethodCall.java" package ="org.junit.tests.experimental.theories.extendingwithstubs" value ="0"/>
         <Value name="ReguessableValue" source ="ReguessableValue.java" package ="org.junit.tests.experimental.theories.extendingwithstubs" value ="0"/>
         <Value name="StringableObject" source ="StringableObject.java" package ="org.junit.tests.experimental.theories.extendingwithstubs" value ="0"/>
         <Value name="StubbedTheories" source ="StubbedTheories.java" package ="org.junit.tests.experimental.theories.extendingwithstubs" value ="0"/>
         <Value name="StubbedTheoryAnchor" source ="StubbedTheories.java" package ="org.junit.tests.experimental.theories.extendingwithstubs" value ="0"/>
         <Value name="StubbedTheoriesTest" source ="StubbedTheoriesTest.java" package ="org.junit.tests.experimental.theories.extendingwithstubs" value ="0"/>
         <Value name="SuccessfulWithDataPointFields" source ="SuccessfulWithDataPointFields.java" package ="org.junit.tests.experimental.theories.runner" value ="0"/>
         <Value name="UnsuccessfulWithDataPointFields" source ="UnsuccessfulWithDataPointFields.java" package ="org.junit.tests.experimental.theories.runner" value ="0"/>
         <Value name="DataPointsMustBeStatic" source ="UnsuccessfulWithDataPointFields.java" package ="org.junit.tests.experimental.theories.runner" value ="0"/>
         <Value name="WithDataPointMethod" source ="WithDataPointMethod.java" package ="org.junit.tests.experimental.theories.runner" value ="0"/>
         <Value name="HasDataPointMethod" source ="WithDataPointMethod.java" package ="org.junit.tests.experimental.theories.runner" value ="0"/>
         <Value name="HasDateMethod" source ="WithDataPointMethod.java" package ="org.junit.tests.experimental.theories.runner" value ="0"/>
         <Value name="HasUglyDataPointMethod" source ="WithDataPointMethod.java" package ="org.junit.tests.experimental.theories.runner" value ="0"/>
         <Value name="WithExtendedParameterSources" source ="WithExtendedParameterSources.java" package ="org.junit.tests.experimental.theories.runner" value ="0"/>
         <Value name="ParameterAnnotations" source ="WithExtendedParameterSources.java" package ="org.junit.tests.experimental.theories.runner" value ="0"/>
         <Value name="WithOnlyTestAnnotations" source ="WithOnlyTestAnnotations.java" package ="org.junit.tests.experimental.theories.runner" value ="0"/>
         <Value name="HonorExpectedException" source ="WithOnlyTestAnnotations.java" package ="org.junit.tests.experimental.theories.runner" value ="0"/>
         <Value name="HonorExpectedExceptionPasses" source ="WithOnlyTestAnnotations.java" package ="org.junit.tests.experimental.theories.runner" value ="0"/>
         <Value name="HonorTimeout" source ="WithOnlyTestAnnotations.java" package ="org.junit.tests.experimental.theories.runner" value ="0"/>
         <Value name="AllMembersSupplierTest" source ="AllMembersSupplierTest.java" package ="org.junit.tests.experimental.theories" value ="0"/>
         <Value name="AssumptionFailureInConstructor" source ="AssumptionTest.java" package ="org.junit.tests.experimental" value ="0"/>
         <Value name="HasFailingAssumeInBefore" source ="AssumptionTest.java" package ="org.junit.tests.experimental" value ="0"/>
         <Value name="HasFailingAssumeInBeforeClass" source ="AssumptionTest.java" package ="org.junit.tests.experimental" value ="0"/>
         <Value name="HasFailingAssumption" source ="AssumptionTest.java" package ="org.junit.tests.experimental" value ="0"/>
         <Value name="HasPassingAssumption" source ="AssumptionTest.java" package ="org.junit.tests.experimental" value ="0"/>
         <Value name="ExperimentalTests" source ="ExperimentalTests.java" package ="org.junit.tests.experimental" value ="0"/>
         <Value name="All" source ="AllTestsTest.java" package ="org.junit.tests.junit3compatibility" value ="0"/>
         <Value name="AllJUnit4" source ="AllTestsTest.java" package ="org.junit.tests.junit3compatibility" value ="0"/>
         <Value name="BadSuiteMethod" source ="AllTestsTest.java" package ="org.junit.tests.junit3compatibility" value ="0"/>
         <Value name="JUnit4Test" source ="AllTestsTest.java" package ="org.junit.tests.junit3compatibility" value ="0"/>
         <Value name="OneTest" source ="AllTestsTest.java" package ="org.junit.tests.junit3compatibility" value ="0"/>
         <Value name="ClassRequestTest" source ="ClassRequestTest.java" package ="org.junit.tests.junit3compatibility" value ="0"/>
         <Value name="PrivateSuiteMethod" source ="ClassRequestTest.java" package ="org.junit.tests.junit3compatibility" value ="0"/>
         <Value name="ForwardCompatibilityPrintingTest" source ="ForwardCompatibilityPrintingTest.java" package ="org.junit.tests.junit3compatibility" value ="0"/>
         <Value name="ATest" source ="ForwardCompatibilityPrintingTest.java" package ="org.junit.tests.junit3compatibility" value ="0"/>
         <Value name="TestResultPrinter" source ="ForwardCompatibilityPrintingTest.java" package ="org.junit.tests.junit3compatibility" value ="0"/>
         <Value name="BeforeClassTest" source ="ForwardCompatibilityTest.java" package ="org.junit.tests.junit3compatibility" value ="0"/>
         <Value name="ErrorTest" source ="ForwardCompatibilityTest.java" package ="org.junit.tests.junit3compatibility" value ="0"/>
         <Value name="ExceptionInBeforeTest" source ="ForwardCompatibilityTest.java" package ="org.junit.tests.junit3compatibility" value ="0"/>
         <Value name="ExpectedTest" source ="ForwardCompatibilityTest.java" package ="org.junit.tests.junit3compatibility" value ="0"/>
         <Value name="InvalidMethodTest" source ="ForwardCompatibilityTest.java" package ="org.junit.tests.junit3compatibility" value ="0"/>
         <Value name="MarkerRunner" source ="ForwardCompatibilityTest.java" package ="org.junit.tests.junit3compatibility" value ="0"/>
         <Value name="NewTest" source ="ForwardCompatibilityTest.java" package ="org.junit.tests.junit3compatibility" value ="0"/>
         <Value name="NoExceptionTest" source ="ForwardCompatibilityTest.java" package ="org.junit.tests.junit3compatibility" value ="0"/>
         <Value name="NoTests" source ="ForwardCompatibilityTest.java" package ="org.junit.tests.junit3compatibility" value ="0"/>
         <Value name="UnExpectedExceptionTest" source ="ForwardCompatibilityTest.java" package ="org.junit.tests.junit3compatibility" value ="0"/>
         <Value name="InitializationErrorForwardCompatibilityTest" source ="InitializationErrorForwardCompatibilityTest.java" package ="org.junit.tests.junit3compatibility" value ="0"/>
         <Value name="CantInitializeTests" source ="InitializationErrorForwardCompatibilityTest.java" package ="org.junit.tests.junit3compatibility" value ="0"/>
         <Value name="ErrorRememberingListener" source ="InitializationErrorForwardCompatibilityTest.java" package ="org.junit.tests.junit3compatibility" value ="0"/>
         <Value name="InitializesWithError" source ="InitializationErrorForwardCompatibilityTest.java" package ="org.junit.tests.junit3compatibility" value ="0"/>
         <Value name="AnnotatedTest" source ="JUnit38ClassRunnerTest.java" package ="org.junit.tests.junit3compatibility" value ="0"/>
         <Value name="ClassWithInvalidMethod" source ="JUnit38ClassRunnerTest.java" package ="org.junit.tests.junit3compatibility" value ="0"/>
         <Value name="MyTest" source ="JUnit38ClassRunnerTest.java" package ="org.junit.tests.junit3compatibility" value ="0"/>
         <Value name="OneTest" source ="JUnit38ClassRunnerTest.java" package ="org.junit.tests.junit3compatibility" value ="0"/>
         <Value name="OldTestClassAdaptingListenerTest" source ="OldTestClassAdaptingListenerTest.java" package ="org.junit.tests.junit3compatibility" value ="0"/>
         <Value name="OldTests" source ="OldTests.java" package ="org.junit.tests.junit3compatibility" value ="0"/>
         <Value name="CompatibilityTest" source ="SuiteMethodTest.java" package ="org.junit.tests.junit3compatibility" value ="0"/>
         <Value name="NewTest" source ="SuiteMethodTest.java" package ="org.junit.tests.junit3compatibility" value ="0"/>
         <Value name="NewTestSuiteFails" source ="SuiteMethodTest.java" package ="org.junit.tests.junit3compatibility" value ="0"/>
         <Value name="OldTest" source ="SuiteMethodTest.java" package ="org.junit.tests.junit3compatibility" value ="0"/>
         <Value name="OneTest" source ="ListenerTest.java" package ="org.junit.tests.listening" value ="0"/>
         <Value name="RunnerTest" source ="RunnerTest.java" package ="org.junit.tests.listening" value ="0"/>
         <Value name="Example" source ="RunnerTest.java" package ="org.junit.tests.listening" value ="0"/>
         <Value name="ExampleTest" source ="RunnerTest.java" package ="org.junit.tests.listening" value ="0"/>
         <Value name="MyListener" source ="RunnerTest.java" package ="org.junit.tests.listening" value ="0"/>
         <Value name="NewExample" source ="RunnerTest.java" package ="org.junit.tests.listening" value ="0"/>
         <Value name="TestListenerTest" source ="TestListenerTest.java" package ="org.junit.tests.listening" value ="0"/>
         <Value name="ErrorListener" source ="TestListenerTest.java" package ="org.junit.tests.listening" value ="0"/>
         <Value name="ExceptionListener" source ="TestListenerTest.java" package ="org.junit.tests.listening" value ="0"/>
         <Value name="OneTest" source ="TestListenerTest.java" package ="org.junit.tests.listening" value ="0"/>
         <Value name="TextListenerTest" source ="TextListenerTest.java" package ="org.junit.tests.listening" value ="0"/>
         <Value name="ErrorTest" source ="TextListenerTest.java" package ="org.junit.tests.listening" value ="0"/>
         <Value name="OneTest" source ="TextListenerTest.java" package ="org.junit.tests.listening" value ="0"/>
         <Value name="Slow" source ="TextListenerTest.java" package ="org.junit.tests.listening" value ="0"/>
         <Value name="UserStopTest" source ="UserStopTest.java" package ="org.junit.tests.listening" value ="0"/>
         <Value name="OneTest" source ="UserStopTest.java" package ="org.junit.tests.listening" value ="0"/>
         <Value name="FilterableTest" source ="FilterableTest.java" package ="org.junit.tests.manipulation" value ="0"/>
         <Value name="FilteredRunner" source ="FilterableTest.java" package ="org.junit.tests.manipulation" value ="0"/>
         <Value name="FilteredTest" source ="FilterableTest.java" package ="org.junit.tests.manipulation" value ="0"/>
         <Value name="HasSuiteMethod" source ="SingleMethodTest.java" package ="org.junit.tests.manipulation" value ="0"/>
         <Value name="OneTimeSetup" source ="SingleMethodTest.java" package ="org.junit.tests.manipulation" value ="0"/>
         <Value name="OneTwoSuite" source ="SingleMethodTest.java" package ="org.junit.tests.manipulation" value ="0"/>
         <Value name="ParameterizedOneTimeBeforeClass" source ="SingleMethodTest.java" package ="org.junit.tests.manipulation" value ="0"/>
         <Value name="ParameterizedOneTimeSetup" source ="SingleMethodTest.java" package ="org.junit.tests.manipulation" value ="0"/>
         <Value name="TestOne" source ="SingleMethodTest.java" package ="org.junit.tests.manipulation" value ="0"/>
         <Value name="TestTwo" source ="SingleMethodTest.java" package ="org.junit.tests.manipulation" value ="0"/>
         <Value name="SortableTest" source ="SortableTest.java" package ="org.junit.tests.manipulation" value ="0"/>
         <Value name="UnsortableRunnersAreHandledWithoutCrashing" source ="SortableTest.java" package ="org.junit.tests.manipulation" value ="0"/>
         <Value name="EnclosedTest" source ="EnclosedTest.java" package ="org.junit.tests.running.classes" value ="0"/>
         <Value name="Enclosing" source ="EnclosedTest.java" package ="org.junit.tests.running.classes" value ="0"/>
         <Value name="IgnoreClassTest" source ="IgnoreClassTest.java" package ="org.junit.tests.running.classes" value ="0"/>
         <Value name="IgnoreMe" source ="IgnoreClassTest.java" package ="org.junit.tests.running.classes" value ="0"/>
         <Value name="BeforeAndAfter" source ="ParameterizedTestTest.java" package ="org.junit.tests.running.classes" value ="0"/>
         <Value name="EmptyTest" source ="ParameterizedTestTest.java" package ="org.junit.tests.running.classes" value ="0"/>
         <Value name="FibonacciTest" source ="ParameterizedTestTest.java" package ="org.junit.tests.running.classes" value ="0"/>
         <Value name="IncorrectTest" source ="ParameterizedTestTest.java" package ="org.junit.tests.running.classes" value ="0"/>
         <Value name="PrivateConstructor" source ="ParameterizedTestTest.java" package ="org.junit.tests.running.classes" value ="0"/>
         <Value name="ProtectedParametersTest" source ="ParameterizedTestTest.java" package ="org.junit.tests.running.classes" value ="0"/>
         <Value name="WrongElementType" source ="ParameterizedTestTest.java" package ="org.junit.tests.running.classes" value ="0"/>
         <Value name="BadRunner" source ="RunWithTest.java" package ="org.junit.tests.running.classes" value ="0"/>
         <Value name="Empty" source ="RunWithTest.java" package ="org.junit.tests.running.classes" value ="0"/>
         <Value name="ExampleRunner" source ="RunWithTest.java" package ="org.junit.tests.running.classes" value ="0"/>
         <Value name="ExampleTest" source ="RunWithTest.java" package ="org.junit.tests.running.classes" value ="0"/>
         <Value name="SubExampleTest" source ="RunWithTest.java" package ="org.junit.tests.running.classes" value ="0"/>
         <Value name="All" source ="SuiteTest.java" package ="org.junit.tests.running.classes" value ="0"/>
         <Value name="AllWithBeforeAndAfterClass" source ="SuiteTest.java" package ="org.junit.tests.running.classes" value ="0"/>
         <Value name="AllWithOutAnnotation" source ="SuiteTest.java" package ="org.junit.tests.running.classes" value ="0"/>
         <Value name="BiInfiniteLoop" source ="SuiteTest.java" package ="org.junit.tests.running.classes" value ="0"/>
         <Value name="Hercules" source ="SuiteTest.java" package ="org.junit.tests.running.classes" value ="0"/>
         <Value name="Hydra" source ="SuiteTest.java" package ="org.junit.tests.running.classes" value ="0"/>
         <Value name="InfiniteLoop" source ="SuiteTest.java" package ="org.junit.tests.running.classes" value ="0"/>
         <Value name="InheritsAll" source ="SuiteTest.java" package ="org.junit.tests.running.classes" value ="0"/>
         <Value name="NoSuiteClassesAnnotation" source ="SuiteTest.java" package ="org.junit.tests.running.classes" value ="0"/>
         <Value name="TestA" source ="SuiteTest.java" package ="org.junit.tests.running.classes" value ="0"/>
         <Value name="TestB" source ="SuiteTest.java" package ="org.junit.tests.running.classes" value ="0"/>
         <Value name="WithoutDefaultConstructor" source ="SuiteTest.java" package ="org.junit.tests.running.classes" value ="0"/>
         <Value name="TestClassTest" source ="TestClassTest.java" package ="org.junit.tests.running.classes" value ="0"/>
         <Value name="ManyMethods" source ="TestClassTest.java" package ="org.junit.tests.running.classes" value ="0"/>
         <Value name="SubclassWithField" source ="TestClassTest.java" package ="org.junit.tests.running.classes" value ="0"/>
         <Value name="SuperclassWithField" source ="TestClassTest.java" package ="org.junit.tests.running.classes" value ="0"/>
         <Value name="TwoConstructors" source ="TestClassTest.java" package ="org.junit.tests.running.classes" value ="0"/>
         <Value name="UseSuiteAsASuperclassTest" source ="UseSuiteAsASuperclassTest.java" package ="org.junit.tests.running.classes" value ="0"/>
         <Value name="AllWithMySuite" source ="UseSuiteAsASuperclassTest.java" package ="org.junit.tests.running.classes" value ="0"/>
         <Value name="MySuite" source ="UseSuiteAsASuperclassTest.java" package ="org.junit.tests.running.classes" value ="0"/>
         <Value name="TestA" source ="UseSuiteAsASuperclassTest.java" package ="org.junit.tests.running.classes" value ="0"/>
         <Value name="TestB" source ="UseSuiteAsASuperclassTest.java" package ="org.junit.tests.running.classes" value ="0"/>
         <Value name="Count" source ="CommandLineTest.java" package ="org.junit.tests.running.core" value ="0"/>
         <Value name="Example" source ="CommandLineTest.java" package ="org.junit.tests.running.core" value ="0"/>
         <Value name="JUnitCoreReturnsCorrectExitCodeTest" source ="JUnitCoreReturnsCorrectExitCodeTest.java" package ="org.junit.tests.running.core" value ="0"/>
         <Value name="Fail" source ="JUnitCoreReturnsCorrectExitCodeTest.java" package ="org.junit.tests.running.core" value ="0"/>
         <Value name="Succeed" source ="JUnitCoreReturnsCorrectExitCodeTest.java" package ="org.junit.tests.running.core" value ="0"/>
         <Value name="Exit" source ="SystemExitTest.java" package ="org.junit.tests.running.core" value ="0"/>
         <Value name="ErrorInAfterClass" source ="AnnotationTest.java" package ="org.junit.tests.running.methods" value ="0"/>
         <Value name="ErrorInBeforeClass" source ="AnnotationTest.java" package ="org.junit.tests.running.methods" value ="0"/>
         <Value name="ExceptionTest" source ="AnnotationTest.java" package ="org.junit.tests.running.methods" value ="0"/>
         <Value name="FailureTest" source ="AnnotationTest.java" package ="org.junit.tests.running.methods" value ="0"/>
         <Value name="NoExceptionTest" source ="AnnotationTest.java" package ="org.junit.tests.running.methods" value ="0"/>
         <Value name="NonStaticOneTimeSetup" source ="AnnotationTest.java" package ="org.junit.tests.running.methods" value ="0"/>
         <Value name="OldSuiteTest" source ="AnnotationTest.java" package ="org.junit.tests.running.methods" value ="0"/>
         <Value name="OldTest" source ="AnnotationTest.java" package ="org.junit.tests.running.methods" value ="0"/>
         <Value name="OneTimeSetup" source ="AnnotationTest.java" package ="org.junit.tests.running.methods" value ="0"/>
         <Value name="OneTimeTeardown" source ="AnnotationTest.java" package ="org.junit.tests.running.methods" value ="0"/>
         <Value name="OrderTest" source ="AnnotationTest.java" package ="org.junit.tests.running.methods" value ="0"/>
         <Value name="RunAllAfterClasses" source ="AnnotationTest.java" package ="org.junit.tests.running.methods" value ="0"/>
         <Value name="RunAllAfterClassesRegardless" source ="AnnotationTest.java" package ="org.junit.tests.running.methods" value ="0"/>
         <Value name="RunAllAfters" source ="AnnotationTest.java" package ="org.junit.tests.running.methods" value ="0"/>
         <Value name="RunAllAftersRegardless" source ="AnnotationTest.java" package ="org.junit.tests.running.methods" value ="0"/>
         <Value name="SetupFailureTest" source ="AnnotationTest.java" package ="org.junit.tests.running.methods" value ="0"/>
         <Value name="SetupTest" source ="AnnotationTest.java" package ="org.junit.tests.running.methods" value ="0"/>
         <Value name="SimpleTest" source ="AnnotationTest.java" package ="org.junit.tests.running.methods" value ="0"/>
         <Value name="SimpleTestWithFutureProofExplicitRunner" source ="AnnotationTest.java" package ="org.junit.tests.running.methods" value ="0"/>
         <Value name="SubInheritance" source ="AnnotationTest.java" package ="org.junit.tests.running.methods" value ="0"/>
         <Value name="SubShadowing" source ="AnnotationTest.java" package ="org.junit.tests.running.methods" value ="0"/>
         <Value name="SubTest" source ="AnnotationTest.java" package ="org.junit.tests.running.methods" value ="0"/>
         <Value name="SuperInheritance" source ="AnnotationTest.java" package ="org.junit.tests.running.methods" value ="0"/>
         <Value name="SuperShadowing" source ="AnnotationTest.java" package ="org.junit.tests.running.methods" value ="0"/>
         <Value name="SuperTest" source ="AnnotationTest.java" package ="org.junit.tests.running.methods" value ="0"/>
         <Value name="TeardownAfterFailureTest" source ="AnnotationTest.java" package ="org.junit.tests.running.methods" value ="0"/>
         <Value name="TeardownFailureTest" source ="AnnotationTest.java" package ="org.junit.tests.running.methods" value ="0"/>
         <Value name="TeardownTest" source ="AnnotationTest.java" package ="org.junit.tests.running.methods" value ="0"/>
         <Value name="TestAndTeardownFailureTest" source ="AnnotationTest.java" package ="org.junit.tests.running.methods" value ="0"/>
         <Value name="TwoTests" source ="AnnotationTest.java" package ="org.junit.tests.running.methods" value ="0"/>
         <Value name="ExpectedTest" source ="ExpectedTest.java" package ="org.junit.tests.running.methods" value ="0"/>
         <Value name="ExpectSuperclass" source ="ExpectedTest.java" package ="org.junit.tests.running.methods" value ="0"/>
         <Value name="Expected" source ="ExpectedTest.java" package ="org.junit.tests.running.methods" value ="0"/>
         <Value name="NoneThrown" source ="ExpectedTest.java" package ="org.junit.tests.running.methods" value ="0"/>
         <Value name="Unexpected" source ="ExpectedTest.java" package ="org.junit.tests.running.methods" value ="0"/>
         <Value name="InheritedTestTest" source ="InheritedTestTest.java" package ="org.junit.tests.running.methods" value ="0"/>
         <Value name="Sub" source ="InheritedTestTest.java" package ="org.junit.tests.running.methods" value ="0"/>
         <Value name="SubWithBefore" source ="InheritedTestTest.java" package ="org.junit.tests.running.methods" value ="0"/>
         <Value name="Super" source ="InheritedTestTest.java" package ="org.junit.tests.running.methods" value ="0"/>
         <Value name="ParameterizedTestMethodTest" source ="ParameterizedTestMethodTest.java" package ="org.junit.tests.running.methods" value ="0"/>
         <Value name="EverythingWrong" source ="ParameterizedTestMethodTest.java" package ="org.junit.tests.running.methods" value ="0"/>
         <Value name="SubShadows" source ="ParameterizedTestMethodTest.java" package ="org.junit.tests.running.methods" value ="0"/>
         <Value name="SubWrong" source ="ParameterizedTestMethodTest.java" package ="org.junit.tests.running.methods" value ="0"/>
         <Value name="SuperWrong" source ="ParameterizedTestMethodTest.java" package ="org.junit.tests.running.methods" value ="0"/>
         <Value name="TestMethodTest" source ="TestMethodTest.java" package ="org.junit.tests.running.methods" value ="0"/>
         <Value name="Confused" source ="TestMethodTest.java" package ="org.junit.tests.running.methods" value ="0"/>
         <Value name="ConstructorParameter" source ="TestMethodTest.java" package ="org.junit.tests.running.methods" value ="0"/>
         <Value name="EverythingWrong" source ="TestMethodTest.java" package ="org.junit.tests.running.methods" value ="0"/>
         <Value name="IgnoredTest" source ="TestMethodTest.java" package ="org.junit.tests.running.methods" value ="0"/>
         <Value name="OnlyTestIsIgnored" source ="TestMethodTest.java" package ="org.junit.tests.running.methods" value ="0"/>
         <Value name="SubShadows" source ="TestMethodTest.java" package ="org.junit.tests.running.methods" value ="0"/>
         <Value name="SubWrong" source ="TestMethodTest.java" package ="org.junit.tests.running.methods" value ="0"/>
         <Value name="SuperWrong" source ="TestMethodTest.java" package ="org.junit.tests.running.methods" value ="0"/>
         <Value name="TimeoutTest" source ="TimeoutTest.java" package ="org.junit.tests.running.methods" value ="0"/>
         <Value name="FailureWithTimeoutRunTimeExceptionTest" source ="TimeoutTest.java" package ="org.junit.tests.running.methods" value ="0"/>
         <Value name="FailureWithTimeoutTest" source ="TimeoutTest.java" package ="org.junit.tests.running.methods" value ="0"/>
         <Value name="ImpatientLoopTest" source ="TimeoutTest.java" package ="org.junit.tests.running.methods" value ="0"/>
         <Value name="InfiniteLoopTest" source ="TimeoutTest.java" package ="org.junit.tests.running.methods" value ="0"/>
         <Value name="SuccessWithTimeoutTest" source ="TimeoutTest.java" package ="org.junit.tests.running.methods" value ="0"/>
         <Value name="TimeoutFailureTest" source ="TimeoutTest.java" package ="org.junit.tests.running.methods" value ="0"/>
         <Value name="Sub" source ="Sub.java" package ="org.junit.tests.validation.anotherpackage" value ="0"/>
         <Value name="Super" source ="Super.java" package ="org.junit.tests.validation.anotherpackage" value ="0"/>
         <Value name="BadlyFormedClassesTest" source ="BadlyFormedClassesTest.java" package ="org.junit.tests.validation" value ="0"/>
         <Value name="BadBeforeMethodWithLegacyRunner" source ="BadlyFormedClassesTest.java" package ="org.junit.tests.validation" value ="0"/>
         <Value name="FaultyConstructor" source ="BadlyFormedClassesTest.java" package ="org.junit.tests.validation" value ="0"/>
         <Value name="NoTests" source ="BadlyFormedClassesTest.java" package ="org.junit.tests.validation" value ="0"/>
         <Value name="FailedConstructionTest" source ="FailedConstructionTest.java" package ="org.junit.tests.validation" value ="0"/>
         <Value name="CantConstruct" source ="FailedConstructionTest.java" package ="org.junit.tests.validation" value ="0"/>
         <Value name="InaccessibleBaseClassTest" source ="InaccessibleBaseClassTest.java" package ="org.junit.tests.validation" value ="0"/>
         <Value name="ValidationTest" source ="ValidationTest.java" package ="org.junit.tests.validation" value ="0"/>
         <Value name="NonStaticBeforeClass" source ="ValidationTest.java" package ="org.junit.tests.validation" value ="0"/>
         <Value name="WrongBeforeClass" source ="ValidationTest.java" package ="org.junit.tests.validation" value ="0"/>
         <Value name="AllTests" source ="AllTests.java" package ="org.junit.tests" value ="0"/>
         <Value name="FruitTest" source ="ParentRunnerTest.java" package ="org.junit.tests" value ="0"/>
         <Value name="TestSystem" source ="TestSystem.java" package ="org.junit.tests" value ="0"/>
      </Values>
   </Metric>
   </Metrics>
